IQ-TREE multicore version 2.2.0-beta COVID-edition for Linux 64-bit built Dec 21 2021 built Dec 21 2021
Developed by Bui Quang Minh, James Barbetti, Nguyen Lam Tung,
Olga Chernomor, Heiko Schmidt, Dominik Schrempf, Michael Woodhams, Ly Trong Nhan.

Host:    awarnach10 (SSE3, 3 GB RAM)
Command: iqtree -s translated/CASQ2_codon_aligned.translated.fasta -st AA -m WAG+G4 -pre CASQ2_WAG -nt 4
Seed:    956689 (Using SPRNG - Scalable Parallel Random Number Generator)
Time:    Sat Jan 27 05:53:00 2024
Kernel:  SSE2 - 4 threads (4 CPU cores detected)

Reading alignment file translated/CASQ2_codon_aligned.translated.fasta ... Fasta format detected
Reading fasta file: done in 0.00199386 secs
Alignment most likely contains protein sequences
Constructing alignment: done in 0.00259478 secs using 193.8% CPU
Alignment has 92 sequences with 410 columns, 283 distinct patterns
40 parsimony-informative, 48 singleton sites, 322 constant sites
                    Gap/Ambiguity  Composition  p-value
Analyzing sequences: done in 8.68831e-05 secs using 96.68% CPU
   1  Bacu_CASQ2            0.24%    passed    100.00%
   2  Barn_CASQ2           43.41%    passed     99.79%
   3  Bbai76728_CASQ2      17.07%    passed    100.00%
   4  BbonAUS_CASQ2        11.71%    passed    100.00%
   5  Bbor_CASQ2            7.56%    passed    100.00%
   6  Bede66737_CASQ2       7.80%    passed    100.00%
   7  BedeAUS_CASQ2        11.71%    passed    100.00%
   8  Bmus_CASQ2            0.00%    passed    100.00%
   9  Bmys_CASQ2           43.90%    passed     58.00%
  10  Bphy_CASQ2           29.27%    passed     89.23%
  11  Btau_CASQ1            1.22%    passed    100.00%
  12  Ccom40_CASQ2         41.22%    passed     99.95%
  13  Chea7320_CASQ2       18.54%    passed    100.00%
  14  Chir_CASQ1            1.46%    passed    100.00%
  15  Cmar59905_CASQ2      22.20%    passed    100.00%
  16  Dcap108471_CASQ2      7.80%    passed    100.00%
  17  Dcap79929_CASQ2      11.95%    passed    100.00%
  18  DdelSJR_CASQ2         7.80%    passed    100.00%
  19  Ddeltrop4525_CASQ2   18.54%    passed    100.00%
  20  Dleu_CASQ2            1.22%    passed    100.00%
  21  EausAUS_CASQ2         8.05%    passed    100.00%
  22  Egla13086_CASQ2      25.12%    passed     73.51%
  23  Ejap43864_CASQ2      11.95%    passed    100.00%
  24  Erob133443_CASQ2     23.17%    passed    100.00%
  25  Fatt_CASQ2            8.29%    passed    100.00%
  26  Ggri_CASQ2            7.80%    passed    100.00%
  27  Gmac39091_CASQ2      22.20%    passed    100.00%
  28  Gmel_CASQ2            0.73%    passed    100.00%
  29  Hamp_CASQ2           10.98%    passed    100.00%
  30  Hippo_CASQ2           8.54%    passed    100.00%
  31  Igeo_CASQ2           29.27%    passed     99.81%
  32  Kbre_CASQ2            8.29%    passed    100.00%
  33  Ksim_CASQ2           11.46%    passed    100.00%
  34  Lacu_CASQ2           11.71%    passed    100.00%
  35  Lalb_CASQ2            8.29%    passed    100.00%
  36  Laus_CASQ2            7.80%    passed    100.00%
  37  Lbor_CASQ2           29.02%    passed     99.96%
  38  Lhos30470_CASQ2      22.20%    passed    100.00%
  39  Lhos452_CASQ2        11.71%    passed    100.00%
  40  Lobl_CASQ2            0.73%    passed    100.00%
  41  Lobs_CASQ2           11.71%    passed    100.00%
  42  LperAUS_CASQ2         7.80%    passed    100.00%
  43  Lvex_CASQ1            0.00%    passed    100.00%
  44  Mbid_CASQ2           33.66%    passed     96.73%
  45  Mbow_CASQ2           10.98%    passed    100.00%
  46  Mcar_CASQ2            7.07%    passed    100.00%
  47  Mden_CASQ2           34.15%    passed     63.23%
  48  Meur_CASQ2            7.07%    passed    100.00%
  49  Mgin_CASQ2            7.07%    passed    100.00%
  50  MgraAUS_CASQ2        52.93%    passed     93.86%
  51  Mhec_CASQ2           21.46%    passed    100.00%
  52  MlayAUS_CASQ2         8.78%    passed    100.00%
  53  Mmir_CASQ2           35.61%    passed     97.26%
  54  Mmon_CASQ2            1.22%    passed    100.00%
  55  Mper_CASQ2           15.37%    passed    100.00%
  56  Mpni_CASQ2           25.37%    passed    100.00%
  57  Mste_CASQ2           17.80%    passed    100.00%
  58  Naasi_CASQ1           0.49%    passed    100.00%
  59  Npho_CASQ2           11.46%    passed    100.00%
  60  Oari_CASQ1            1.22%    passed    100.00%
  61  Obre_CASQ2            7.80%    passed    100.00%
  62  Ohei_CASQ2            7.80%    passed    100.00%
  63  Oorc_CASQ2            0.73%    passed    100.00%
  64  Ovtex_CASQ1           1.22%    passed    100.00%
  65  Pbla7349_CASQ2       20.98%    passed    100.00%
  66  Pcat_CASQ1            0.24%    passed    100.00%
  67  Pcra123188_CASQ2     12.93%    passed    100.00%
  68  Pdal_CASQ2           67.80%    passed     86.23%
  69  Pdio_CASQ2           29.76%    passed     99.99%
  70  Pele_CASQ2            7.80%    passed    100.00%
  71  Pmac_CASQ2            7.80%    passed    100.00%
  72  Ppho_CASQ2           11.22%    passed    100.00%
  73  Psin_CASQ1            0.24%    passed    100.00%
  74  Pspi_CASQ2           39.02%    passed     99.87%
  75  Satt18473_CASQ2      22.20%    passed    100.00%
  76  Satt38219_CASQ2      37.32%    passed     99.95%
  77  Sbre116871_CASQ2      7.80%    passed    100.00%
  78  Sbre18437_CASQ2      18.54%    passed    100.00%
  79  Schi_CASQ2           14.15%    passed    100.00%
  80  Scly1724_CASQ2       55.37%    passed     96.60%
  81  Scly1726_CASQ2        7.80%    passed    100.00%
  82  Scoe_CASQ2           11.71%    passed    100.00%
  83  Sflu9837_CASQ2        7.80%    passed    100.00%
  84  Sfro7782_CASQ2       30.24%    passed    100.00%
  85  Sfro7784_CASQ2       11.95%    passed    100.00%
  86  Slon16012_CASQ2      18.54%    passed    100.00%
  87  Slon24923_CASQ2       7.80%    passed    100.00%
  88  Sscr_CASQ1            0.49%    passed    100.00%
  89  Tadu79924_CASQ2       9.51%    passed    100.00%
  90  Tshe_CASQ2           10.98%    passed    100.00%
  91  Ttru_CASQ2            0.73%    passed    100.00%
  92  Zcav_CASQ2           21.71%    passed    100.00%
WARNING: 3 sequences contain more than 50% gaps/ambiguity
****  TOTAL                15.14%  0 sequences failed composition chi2 test (p-value<5%; df=19)
NOTE: DdelSJR_CASQ2 is identical to Dcap108471_CASQ2 but kept for subsequent analysis
NOTE: Slon16012_CASQ2 is identical to Ddeltrop4525_CASQ2 but kept for subsequent analysis
NOTE: Mmon_CASQ2 is identical to Dleu_CASQ2 but kept for subsequent analysis
NOTE: Mbow_CASQ2 is identical to Hamp_CASQ2 but kept for subsequent analysis
NOTE: LperAUS_CASQ2 is identical to Laus_CASQ2 but kept for subsequent analysis
NOTE: Mgin_CASQ2 is identical to Meur_CASQ2 but kept for subsequent analysis
Checking for duplicate sequences: done in 0.000669647 secs using 178% CPU
Identifying sites to remove: done in 0.00211482 secs using 225.5% CPU
NOTE: 5 identical sequences (see below) will be ignored for subsequent analysis
NOTE: Ggri_CASQ2 (identical to Dcap108471_CASQ2) is ignored but added at the end
NOTE: Sbre116871_CASQ2 (identical to Dcap108471_CASQ2) is ignored but added at the end
NOTE: Sflu9837_CASQ2 (identical to Dcap108471_CASQ2) is ignored but added at the end
NOTE: Slon24923_CASQ2 (identical to Dcap108471_CASQ2) is ignored but added at the end
NOTE: Tshe_CASQ2 (identical to Hamp_CASQ2) is ignored but added at the end
Alignment was printed to CASQ2_WAG.uniqueseq.phy

For your convenience alignment with unique sequences printed to CASQ2_WAG.uniqueseq.phy

Create initial parsimony tree by phylogenetic likelihood library (PLL)... 0.003 seconds

NOTE: 16 MB RAM (0 GB) is required!
Estimate model parameters (epsilon = 0.100)
1. Initial log-likelihood: -3472.864
2. Current log-likelihood: -3269.250
3. Current log-likelihood: -3238.393
4. Current log-likelihood: -3237.003
Optimal log-likelihood: -3236.913
Gamma shape alpha: 0.159
Parameters optimization took 4 rounds (3.437 sec)
Wrote distance file to... 
Computing ML distances based on estimated model parameters...
Calculating distance matrix: done in 1.35322 secs using 399.6% CPU
Computing ML distances took 1.353992 sec (of wall-clock time) 5.408301 sec (of CPU time)
Setting up auxiliary I and S matrices: done in 0.000862692 secs using 103% CPU
Constructing RapidNJ tree: done in 0.0596629 secs using 49.77% CPU
Computing RapidNJ tree took 0.060750 sec (of wall-clock time) 0.030678 sec (of CPU time)
Log-likelihood of RapidNJ tree: -2252.005
--------------------------------------------------------------------
|             INITIALIZING CANDIDATE TREE SET                      |
--------------------------------------------------------------------
Generating 98 parsimony trees... 0.455 second
Computing log-likelihood of 98 initial trees ... 16.001 seconds
Current best score: -2252.005

Do NNI search on 20 best initial trees
Optimizing NNI: done in 4.47846 secs using 399.7% CPU
Estimate model parameters (epsilon = 0.100)
BETTER TREE FOUND at iteration 1: -2222.141
Optimizing NNI: done in 38.2731 secs using 399.4% CPU
Optimizing NNI: done in 48.7559 secs using 399.6% CPU
Optimizing NNI: done in 35.6209 secs using 399.5% CPU
Optimizing NNI: done in 33.4592 secs using 399.6% CPU
Optimizing NNI: done in 41.3318 secs using 399.4% CPU
Optimizing NNI: done in 31.0231 secs using 399.5% CPU
Optimizing NNI: done in 37.2442 secs using 399.4% CPU
Optimizing NNI: done in 18.8966 secs using 399.5% CPU
Optimizing NNI: done in 36.4353 secs using 399.5% CPU
Iteration 10 / LogL: -2493.882 / Time: 0h:5m:50s
Optimizing NNI: done in 32.5168 secs using 399.5% CPU
Optimizing NNI: done in 40.3626 secs using 399.6% CPU
Optimizing NNI: done in 37.6865 secs using 399.5% CPU
Optimizing NNI: done in 36.372 secs using 399.5% CPU
Optimizing NNI: done in 38.3844 secs using 399.5% CPU
Optimizing NNI: done in 30.6765 secs using 399.4% CPU
Optimizing NNI: done in 33.4189 secs using 399.6% CPU
Optimizing NNI: done in 33.7044 secs using 399.6% CPU
Optimizing NNI: done in 33.9869 secs using 399.5% CPU
Optimizing NNI: done in 31.4465 secs using 399.5% CPU
Iteration 20 / LogL: -2448.243 / Time: 0h:11m:39s
Finish initializing candidate tree set (20)
Current best tree score: -2222.141 / CPU time: 693.794
Number of iterations: 20
--------------------------------------------------------------------
|               OPTIMIZING CANDIDATE TREE SET                      |
--------------------------------------------------------------------
Optimizing NNI: done in 4.35416 secs using 399.3% CPU
Optimizing NNI: done in 5.21222 secs using 399.4% CPU
Optimizing NNI: done in 4.21274 secs using 399.4% CPU
Optimizing NNI: done in 6.696 secs using 399.5% CPU
Optimizing NNI: done in 4.94975 secs using 398.8% CPU
Optimizing NNI: done in 5.68739 secs using 399.6% CPU
Optimizing NNI: done in 4.44556 secs using 399.3% CPU
Optimizing NNI: done in 4.30723 secs using 399.6% CPU
Optimizing NNI: done in 5.26974 secs using 399.3% CPU
Estimate model parameters (epsilon = 0.100)
BETTER TREE FOUND at iteration 29: -2221.598
Optimizing NNI: done in 4.79955 secs using 399.6% CPU
Estimate model parameters (epsilon = 0.100)
BETTER TREE FOUND at iteration 30: -2221.500
Iteration 30 / LogL: -2221.500 / Time: 0h:12m:30s (0h:43m:9s left)
Optimizing NNI: done in 4.09144 secs using 399.6% CPU
Optimizing NNI: done in 4.99367 secs using 399.4% CPU
Estimate model parameters (epsilon = 0.100)
BETTER TREE FOUND at iteration 32: -2216.549
Optimizing NNI: done in 5.67717 secs using 399.2% CPU
Optimizing NNI: done in 5.41234 secs using 399.8% CPU
Optimizing NNI: done in 4.15927 secs using 399.6% CPU
Optimizing NNI: done in 4.07396 secs using 399.6% CPU
Optimizing NNI: done in 4.65847 secs using 399.1% CPU
Optimizing NNI: done in 3.32056 secs using 399.4% CPU
Optimizing NNI: done in 3.88354 secs using 399.4% CPU
Optimizing NNI: done in 4.19547 secs using 399.2% CPU
Iteration 40 / LogL: -2229.445 / Time: 0h:13m:16s (0h:31m:18s left)
Optimizing NNI: done in 4.35368 secs using 399.6% CPU
Optimizing NNI: done in 4.22374 secs using 399.5% CPU
BETTER TREE FOUND at iteration 42: -2216.548
Optimizing NNI: done in 4.99488 secs using 399.9% CPU
Optimizing NNI: done in 4.84996 secs using 399.3% CPU
Optimizing NNI: done in 3.21652 secs using 399.5% CPU
Optimizing NNI: done in 5.10548 secs using 399.7% CPU
Optimizing NNI: done in 5.05001 secs using 399.3% CPU
Optimizing NNI: done in 5.13966 secs using 399.7% CPU
Optimizing NNI: done in 6.71663 secs using 399.3% CPU
Estimate model parameters (epsilon = 0.100)
BETTER TREE FOUND at iteration 49: -2215.164
Optimizing NNI: done in 5.91806 secs using 399.5% CPU
Iteration 50 / LogL: -2222.822 / Time: 0h:14m:6s (0h:28m:30s left)
Optimizing NNI: done in 6.05354 secs using 399.7% CPU
Optimizing NNI: done in 4.28289 secs using 399.7% CPU
Optimizing NNI: done in 4.31475 secs using 399.5% CPU
Optimizing NNI: done in 4.56906 secs using 399.1% CPU
Optimizing NNI: done in 6.2508 secs using 399.2% CPU
Optimizing NNI: done in 7.16946 secs using 399.6% CPU
Optimizing NNI: done in 3.05116 secs using 399.5% CPU
Optimizing NNI: done in 3.47707 secs using 399.4% CPU
Optimizing NNI: done in 4.95128 secs using 399.5% CPU
Optimizing NNI: done in 5.64332 secs using 399.6% CPU
Iteration 60 / LogL: -2215.307 / Time: 0h:14m:57s (0h:22m:33s left)
Optimizing NNI: done in 4.09763 secs using 399.2% CPU
Optimizing NNI: done in 4.83018 secs using 399.3% CPU
Optimizing NNI: done in 4.94531 secs using 399.3% CPU
Optimizing NNI: done in 5.78691 secs using 399.5% CPU
Optimizing NNI: done in 4.05696 secs using 399.5% CPU
Optimizing NNI: done in 5.79777 secs using 399.5% CPU
Optimizing NNI: done in 3.48386 secs using 399.6% CPU
Optimizing NNI: done in 6.02592 secs using 399.8% CPU
Optimizing NNI: done in 4.12271 secs using 399.5% CPU
BETTER TREE FOUND at iteration 69: -2215.164
Optimizing NNI: done in 4.98142 secs using 399.3% CPU
Iteration 70 / LogL: -2215.304 / Time: 0h:15m:45s (0h:22m:36s left)
Optimizing NNI: done in 5.75868 secs using 399.6% CPU
Optimizing NNI: done in 5.17283 secs using 399.5% CPU
Optimizing NNI: done in 5.89529 secs using 399.4% CPU
Optimizing NNI: done in 6.31805 secs using 399.4% CPU
Optimizing NNI: done in 5.81009 secs using 399.7% CPU
Optimizing NNI: done in 6.42491 secs using 399.7% CPU
Optimizing NNI: done in 4.34612 secs using 398.8% CPU
Optimizing NNI: done in 3.42962 secs using 399.4% CPU
Optimizing NNI: done in 3.97203 secs using 399.5% CPU
Optimizing NNI: done in 6.52004 secs using 399.6% CPU
Iteration 80 / LogL: -2215.322 / Time: 0h:16m:39s (0h:18m:46s left)
Optimizing NNI: done in 5.81839 secs using 399.5% CPU
Optimizing NNI: done in 3.58877 secs using 399.5% CPU
Optimizing NNI: done in 5.91006 secs using 399.4% CPU
Optimizing NNI: done in 4.8717 secs using 399.4% CPU
Optimizing NNI: done in 4.70935 secs using 399.3% CPU
Optimizing NNI: done in 4.36211 secs using 399.3% CPU
Optimizing NNI: done in 4.87803 secs using 399.4% CPU
Optimizing NNI: done in 4.88124 secs using 399.5% CPU
Optimizing NNI: done in 4.10101 secs using 399.4% CPU
Optimizing NNI: done in 6.53213 secs using 399.5% CPU
Iteration 90 / LogL: -2215.164 / Time: 0h:17m:29s (0h:15m:31s left)
Optimizing NNI: done in 4.97001 secs using 399.5% CPU
Optimizing NNI: done in 4.46195 secs using 399.4% CPU
Optimizing NNI: done in 5.86264 secs using 399.4% CPU
Optimizing NNI: done in 4.43949 secs using 399.6% CPU
Optimizing NNI: done in 4.75903 secs using 399.5% CPU
Optimizing NNI: done in 5.51219 secs using 399.6% CPU
Optimizing NNI: done in 7.51036 secs using 399.6% CPU
Optimizing NNI: done in 5.61095 secs using 399.7% CPU
Optimizing NNI: done in 6.13202 secs using 399.2% CPU
Optimizing NNI: done in 9.21506 secs using 399.3% CPU
Iteration 100 / LogL: -2215.303 / Time: 0h:18m:28s (0h:12m:52s left)
Optimizing NNI: done in 4.53239 secs using 399% CPU
Optimizing NNI: done in 5.34986 secs using 399.4% CPU
Optimizing NNI: done in 5.9343 secs using 399.2% CPU
Optimizing NNI: done in 4.96049 secs using 399.5% CPU
Optimizing NNI: done in 5.02939 secs using 399.4% CPU
Optimizing NNI: done in 4.79306 secs using 398.8% CPU
Optimizing NNI: done in 4.90673 secs using 399.7% CPU
Optimizing NNI: done in 4.09504 secs using 399.7% CPU
Optimizing NNI: done in 5.80606 secs using 399.5% CPU
Optimizing NNI: done in 4.86416 secs using 399.4% CPU
Iteration 110 / LogL: -2221.228 / Time: 0h:19m:19s (0h:10m:27s left)
Optimizing NNI: done in 4.92025 secs using 399.8% CPU
Optimizing NNI: done in 4.23505 secs using 399.7% CPU
Optimizing NNI: done in 5.02827 secs using 399.6% CPU
Optimizing NNI: done in 5.65413 secs using 399.7% CPU
BETTER TREE FOUND at iteration 114: -2215.164
Optimizing NNI: done in 6.0099 secs using 399.3% CPU
BETTER TREE FOUND at iteration 115: -2215.164
Optimizing NNI: done in 4.43023 secs using 399.6% CPU
Optimizing NNI: done in 4.30572 secs using 399.6% CPU
Optimizing NNI: done in 6.74176 secs using 399.6% CPU
Optimizing NNI: done in 6.13217 secs using 399.6% CPU
Optimizing NNI: done in 6.65195 secs using 399.6% CPU
Iteration 120 / LogL: -2215.164 / Time: 0h:20m:13s (0h:16m:8s left)
Optimizing NNI: done in 6.67207 secs using 399.5% CPU
Optimizing NNI: done in 4.2759 secs using 399.3% CPU
Optimizing NNI: done in 4.06496 secs using 399.7% CPU
Optimizing NNI: done in 7.84735 secs using 399.4% CPU
BETTER TREE FOUND at iteration 124: -2215.164
Optimizing NNI: done in 5.13095 secs using 399.4% CPU
Optimizing NNI: done in 5.6377 secs using 399% CPU
Optimizing NNI: done in 4.78974 secs using 399.6% CPU
BETTER TREE FOUND at iteration 127: -2215.164
Optimizing NNI: done in 3.53345 secs using 399.6% CPU
Optimizing NNI: done in 4.3885 secs using 399.6% CPU
Optimizing NNI: done in 3.36889 secs using 399.6% CPU
Iteration 130 / LogL: -2215.164 / Time: 0h:21m:3s (0h:15m:50s left)
Optimizing NNI: done in 5.11254 secs using 399.6% CPU
Optimizing NNI: done in 5.8092 secs using 399.7% CPU
Optimizing NNI: done in 5.44994 secs using 399.4% CPU
Optimizing NNI: done in 5.09176 secs using 399.5% CPU
Optimizing NNI: done in 4.36327 secs using 399.8% CPU
Optimizing NNI: done in 4.55156 secs using 399.6% CPU
Optimizing NNI: done in 4.46737 secs using 399.5% CPU
Optimizing NNI: done in 6.4551 secs using 399.5% CPU
Optimizing NNI: done in 3.56754 secs using 399.2% CPU
Optimizing NNI: done in 4.72172 secs using 399.6% CPU
Iteration 140 / LogL: -2215.164 / Time: 0h:21m:53s (0h:13m:42s left)
Optimizing NNI: done in 5.74528 secs using 399.7% CPU
Optimizing NNI: done in 5.48284 secs using 399.1% CPU
BETTER TREE FOUND at iteration 142: -2215.163
Optimizing NNI: done in 4.70616 secs using 398.7% CPU
Optimizing NNI: done in 7.26501 secs using 399.6% CPU
Optimizing NNI: done in 5.68394 secs using 399.3% CPU
Optimizing NNI: done in 4.19163 secs using 399.4% CPU
Optimizing NNI: done in 4.3533 secs using 399.5% CPU
Optimizing NNI: done in 5.71964 secs using 399.5% CPU
Optimizing NNI: done in 5.87905 secs using 399.5% CPU
Optimizing NNI: done in 4.69743 secs using 399.6% CPU
Iteration 150 / LogL: -2222.946 / Time: 0h:22m:48s (0h:14m:4s left)
Optimizing NNI: done in 3.29897 secs using 399.9% CPU
Optimizing NNI: done in 5.38898 secs using 399.6% CPU
Optimizing NNI: done in 4.00968 secs using 399.5% CPU
BETTER TREE FOUND at iteration 153: -2215.163
Optimizing NNI: done in 5.00706 secs using 399.2% CPU
Optimizing NNI: done in 4.15942 secs using 399.6% CPU
Optimizing NNI: done in 5.71409 secs using 399.6% CPU
Optimizing NNI: done in 5.86123 secs using 399.7% CPU
Optimizing NNI: done in 5.14474 secs using 399.7% CPU
Optimizing NNI: done in 4.73938 secs using 399.5% CPU
Optimizing NNI: done in 6.82703 secs using 399.8% CPU
Iteration 160 / LogL: -2215.169 / Time: 0h:23m:38s (0h:13m:49s left)
Optimizing NNI: done in 5.12676 secs using 399.6% CPU
Optimizing NNI: done in 5.32077 secs using 399.5% CPU
Optimizing NNI: done in 4.36574 secs using 399.6% CPU
Optimizing NNI: done in 5.15866 secs using 399.5% CPU
Optimizing NNI: done in 4.76109 secs using 399.1% CPU
Optimizing NNI: done in 5.08673 secs using 399.6% CPU
Optimizing NNI: done in 4.06086 secs using 399.5% CPU
Optimizing NNI: done in 4.29656 secs using 399.5% CPU
Optimizing NNI: done in 4.66297 secs using 399.6% CPU
Optimizing NNI: done in 6.97618 secs using 399.4% CPU
Iteration 170 / LogL: -2215.168 / Time: 0h:24m:28s (0h:12m:1s left)
Optimizing NNI: done in 5.26427 secs using 399.3% CPU
Optimizing NNI: done in 4.55279 secs using 399% CPU
Optimizing NNI: done in 6.63483 secs using 399.5% CPU
Optimizing NNI: done in 6.52603 secs using 399.6% CPU
Estimate model parameters (epsilon = 0.100)
BETTER TREE FOUND at iteration 174: -2215.077
Optimizing NNI: done in 5.17763 secs using 399.7% CPU
BETTER TREE FOUND at iteration 175: -2215.076
Optimizing NNI: done in 5.87571 secs using 398.8% CPU
Optimizing NNI: done in 5.86732 secs using 399.2% CPU
Optimizing NNI: done in 6.85909 secs using 399.4% CPU
Optimizing NNI: done in 3.51036 secs using 399% CPU
Optimizing NNI: done in 5.07466 secs using 399.6% CPU
Iteration 180 / LogL: -2224.465 / Time: 0h:25m:25s (0h:13m:29s left)
Optimizing NNI: done in 4.29961 secs using 399.3% CPU
Optimizing NNI: done in 5.10556 secs using 399.3% CPU
Optimizing NNI: done in 5.02149 secs using 399.6% CPU
Optimizing NNI: done in 4.76172 secs using 399.6% CPU
Optimizing NNI: done in 6.02887 secs using 399.4% CPU
Optimizing NNI: done in 8.40214 secs using 399.4% CPU
Optimizing NNI: done in 5.88119 secs using 399.8% CPU
Optimizing NNI: done in 4.84925 secs using 399.6% CPU
Optimizing NNI: done in 6.24515 secs using 399.7% CPU
Optimizing NNI: done in 4.76 secs using 399.4% CPU
Iteration 190 / LogL: -2215.206 / Time: 0h:26m:20s (0h:11m:50s left)
Optimizing NNI: done in 4.51681 secs using 399.1% CPU
Optimizing NNI: done in 4.16289 secs using 399.6% CPU
Optimizing NNI: done in 4.9806 secs using 400% CPU
Optimizing NNI: done in 4.63462 secs using 399.4% CPU
Optimizing NNI: done in 4.26175 secs using 399.4% CPU
Optimizing NNI: done in 5.63237 secs using 399.6% CPU
Optimizing NNI: done in 4.48187 secs using 399.5% CPU
Optimizing NNI: done in 4.47667 secs using 399.2% CPU
Optimizing NNI: done in 4.98803 secs using 399.3% CPU
Optimizing NNI: done in 4.77153 secs using 399.5% CPU
Iteration 200 / LogL: -2229.602 / Time: 0h:27m:8s (0h:10m:13s left)
Optimizing NNI: done in 6.05142 secs using 399.5% CPU
BETTER TREE FOUND at iteration 201: -2215.073
Optimizing NNI: done in 5.55672 secs using 399.9% CPU
Optimizing NNI: done in 7.53018 secs using 399.7% CPU
Optimizing NNI: done in 5.40781 secs using 399.4% CPU
Optimizing NNI: done in 6.38584 secs using 399.3% CPU
Optimizing NNI: done in 6.41098 secs using 399.1% CPU
Optimizing NNI: done in 5.01692 secs using 399.9% CPU
Optimizing NNI: done in 6.2779 secs using 399.5% CPU
Optimizing NNI: done in 5.35557 secs using 399.4% CPU
Optimizing NNI: done in 4.30049 secs using 399.7% CPU
Iteration 210 / LogL: -2226.399 / Time: 0h:28m:6s (0h:12m:14s left)
Optimizing NNI: done in 5.11618 secs using 399.5% CPU
Optimizing NNI: done in 4.16368 secs using 399.6% CPU
Optimizing NNI: done in 3.93581 secs using 399.6% CPU
Optimizing NNI: done in 3.3637 secs using 399.5% CPU
Optimizing NNI: done in 5.8045 secs using 399.5% CPU
Optimizing NNI: done in 5.47107 secs using 399.4% CPU
Optimizing NNI: done in 4.30527 secs using 399.6% CPU
Optimizing NNI: done in 5.09379 secs using 399.6% CPU
Optimizing NNI: done in 5.98219 secs using 399.2% CPU
Optimizing NNI: done in 4.76941 secs using 399.6% CPU
Iteration 220 / LogL: -2215.077 / Time: 0h:28m:55s (0h:10m:41s left)
Optimizing NNI: done in 4.77251 secs using 399.8% CPU
Optimizing NNI: done in 4.21176 secs using 399.4% CPU
Optimizing NNI: done in 4.67639 secs using 399.7% CPU
Optimizing NNI: done in 6.1432 secs using 399.1% CPU
Optimizing NNI: done in 6.45178 secs using 399.6% CPU
Optimizing NNI: done in 4.32835 secs using 399.3% CPU
Optimizing NNI: done in 5.79269 secs using 399.4% CPU
Optimizing NNI: done in 6.43121 secs using 399.6% CPU
Optimizing NNI: done in 5.57012 secs using 399.5% CPU
Optimizing NNI: done in 6.01535 secs using 399.5% CPU
Iteration 230 / LogL: -2215.164 / Time: 0h:29m:50s (0h:9m:15s left)
Optimizing NNI: done in 6.69697 secs using 399.4% CPU
Optimizing NNI: done in 5.32543 secs using 399.7% CPU
Optimizing NNI: done in 5.12814 secs using 399.5% CPU
Optimizing NNI: done in 4.34369 secs using 399.6% CPU
Optimizing NNI: done in 4.03924 secs using 399.8% CPU
Optimizing NNI: done in 3.45586 secs using 399.7% CPU
Optimizing NNI: done in 5.42841 secs using 399.5% CPU
Optimizing NNI: done in 4.0478 secs using 399.3% CPU
Optimizing NNI: done in 7.08475 secs using 399.4% CPU
Optimizing NNI: done in 4.94931 secs using 399.6% CPU
Iteration 240 / LogL: -2215.075 / Time: 0h:30m:41s (0h:7m:49s left)
Optimizing NNI: done in 5.24924 secs using 399.4% CPU
Optimizing NNI: done in 5.64796 secs using 399.4% CPU
Optimizing NNI: done in 3.34806 secs using 399.5% CPU
Optimizing NNI: done in 4.88657 secs using 399.7% CPU
Optimizing NNI: done in 7.59354 secs using 399.3% CPU
Optimizing NNI: done in 4.2156 secs using 399.3% CPU
Optimizing NNI: done in 4.98695 secs using 399.3% CPU
Optimizing NNI: done in 6.9767 secs using 399.5% CPU
Optimizing NNI: done in 5.01265 secs using 399.9% CPU
Optimizing NNI: done in 4.22859 secs using 399.6% CPU
Iteration 250 / LogL: -2223.594 / Time: 0h:31m:33s (0h:6m:27s left)
Optimizing NNI: done in 7.41362 secs using 399.8% CPU
Optimizing NNI: done in 4.86133 secs using 399.3% CPU
Optimizing NNI: done in 5.45562 secs using 399.3% CPU
Optimizing NNI: done in 5.01038 secs using 399.4% CPU
Optimizing NNI: done in 5.98501 secs using 396.1% CPU
Optimizing NNI: done in 5.92038 secs using 399.2% CPU
Optimizing NNI: done in 5.35995 secs using 399.3% CPU
Optimizing NNI: done in 4.47652 secs using 399.6% CPU
Optimizing NNI: done in 4.97344 secs using 399.7% CPU
Optimizing NNI: done in 5.78566 secs using 399.7% CPU
Iteration 260 / LogL: -2215.073 / Time: 0h:32m:29s (0h:5m:8s left)
Optimizing NNI: done in 4.91194 secs using 399.4% CPU
BETTER TREE FOUND at iteration 261: -2215.072
Optimizing NNI: done in 4.98682 secs using 398.3% CPU
Optimizing NNI: done in 5.68253 secs using 399.6% CPU
Optimizing NNI: done in 5.47084 secs using 399.5% CPU
Optimizing NNI: done in 5.19169 secs using 399.5% CPU
Optimizing NNI: done in 5.11642 secs using 399.5% CPU
Optimizing NNI: done in 6.60656 secs using 399.8% CPU
Optimizing NNI: done in 4.77684 secs using 399.7% CPU
Optimizing NNI: done in 4.93149 secs using 399.6% CPU
Optimizing NNI: done in 6.03125 secs using 399.6% CPU
Iteration 270 / LogL: -2215.076 / Time: 0h:33m:23s (0h:11m:17s left)
Optimizing NNI: done in 4.81624 secs using 399.1% CPU
Optimizing NNI: done in 5.07259 secs using 399.3% CPU
Optimizing NNI: done in 6.92626 secs using 399.4% CPU
Optimizing NNI: done in 6.26416 secs using 399.7% CPU
Optimizing NNI: done in 5.67502 secs using 399.7% CPU
Optimizing NNI: done in 4.98486 secs using 399.4% CPU
Optimizing NNI: done in 4.40096 secs using 399.6% CPU
Optimizing NNI: done in 5.80412 secs using 399.5% CPU
Optimizing NNI: done in 5.39871 secs using 399.2% CPU
Optimizing NNI: done in 5.58857 secs using 399.6% CPU
Iteration 280 / LogL: -2222.846 / Time: 0h:34m:18s (0h:9m:57s left)
Optimizing NNI: done in 6.43518 secs using 399.7% CPU
Optimizing NNI: done in 3.47294 secs using 399.5% CPU
Optimizing NNI: done in 5.01094 secs using 399.6% CPU
Optimizing NNI: done in 3.46961 secs using 399.1% CPU
Optimizing NNI: done in 5.72456 secs using 399.6% CPU
Optimizing NNI: done in 4.10852 secs using 399.6% CPU
Optimizing NNI: done in 4.83223 secs using 399.4% CPU
Optimizing NNI: done in 5.33671 secs using 399.7% CPU
Optimizing NNI: done in 4.33757 secs using 399.6% CPU
Optimizing NNI: done in 5.4679 secs using 399.4% CPU
Iteration 290 / LogL: -2215.090 / Time: 0h:35m:7s (0h:8m:37s left)
Optimizing NNI: done in 4.92797 secs using 399.7% CPU
Optimizing NNI: done in 5.59787 secs using 399.9% CPU
Optimizing NNI: done in 4.1101 secs using 399.3% CPU
Optimizing NNI: done in 5.24889 secs using 399.7% CPU
Optimizing NNI: done in 5.32521 secs using 399.8% CPU
Optimizing NNI: done in 3.78921 secs using 399.7% CPU
Optimizing NNI: done in 5.88301 secs using 399.6% CPU
Optimizing NNI: done in 5.56024 secs using 399.2% CPU
Optimizing NNI: done in 4.26448 secs using 399.7% CPU
BETTER TREE FOUND at iteration 299: -2215.072
Optimizing NNI: done in 4.51678 secs using 399.4% CPU
Iteration 300 / LogL: -2222.081 / Time: 0h:35m:57s (0h:11m:54s left)
Optimizing NNI: done in 4.69708 secs using 399.9% CPU
Optimizing NNI: done in 4.11782 secs using 399.4% CPU
Optimizing NNI: done in 6.43732 secs using 399.3% CPU
Optimizing NNI: done in 3.34669 secs using 399.3% CPU
Optimizing NNI: done in 5.54062 secs using 399.5% CPU
Optimizing NNI: done in 4.31242 secs using 399.6% CPU
Optimizing NNI: done in 4.99058 secs using 399.4% CPU
Optimizing NNI: done in 3.0143 secs using 399.5% CPU
Optimizing NNI: done in 5.10633 secs using 399.7% CPU
Optimizing NNI: done in 4.59398 secs using 399.6% CPU
Iteration 310 / LogL: -2223.467 / Time: 0h:36m:43s (0h:10m:34s left)
Optimizing NNI: done in 4.99556 secs using 399.4% CPU
Optimizing NNI: done in 5.84995 secs using 399.6% CPU
Optimizing NNI: done in 4.21295 secs using 399.2% CPU
Optimizing NNI: done in 9.30625 secs using 383.8% CPU
Optimizing NNI: done in 4.64427 secs using 399.5% CPU
Optimizing NNI: done in 5.06209 secs using 399.2% CPU
Optimizing NNI: done in 3.95076 secs using 399.5% CPU
Optimizing NNI: done in 6.20091 secs using 399.6% CPU
Optimizing NNI: done in 4.96245 secs using 399.5% CPU
Optimizing NNI: done in 4.24592 secs using 399.4% CPU
Iteration 320 / LogL: -2215.077 / Time: 0h:37m:37s (0h:9m:19s left)
Optimizing NNI: done in 3.74744 secs using 399.3% CPU
Optimizing NNI: done in 5.37831 secs using 399.5% CPU
Optimizing NNI: done in 2.32896 secs using 399.4% CPU
Optimizing NNI: done in 5.09607 secs using 399.4% CPU
Optimizing NNI: done in 5.83473 secs using 399.6% CPU
Optimizing NNI: done in 5.59788 secs using 399.7% CPU
Optimizing NNI: done in 5.91174 secs using 399.6% CPU
Optimizing NNI: done in 4.94589 secs using 399.5% CPU
Optimizing NNI: done in 4.52541 secs using 399.6% CPU
Optimizing NNI: done in 4.1913 secs using 399.6% CPU
Iteration 330 / LogL: -2215.072 / Time: 0h:38m:25s (0h:8m:3s left)
Optimizing NNI: done in 4.32337 secs using 399.2% CPU
Optimizing NNI: done in 4.15508 secs using 398.8% CPU
Optimizing NNI: done in 6.70401 secs using 399.5% CPU
Optimizing NNI: done in 4.85714 secs using 399.3% CPU
Optimizing NNI: done in 5.11035 secs using 399.8% CPU
Optimizing NNI: done in 4.2694 secs using 399.5% CPU
Optimizing NNI: done in 5.13501 secs using 399.7% CPU
Optimizing NNI: done in 5.31287 secs using 399.1% CPU
Optimizing NNI: done in 4.48057 secs using 399.6% CPU
Optimizing NNI: done in 4.90248 secs using 399.6% CPU
Iteration 340 / LogL: -2218.456 / Time: 0h:39m:15s (0h:6m:49s left)
Optimizing NNI: done in 4.69739 secs using 399.8% CPU
Optimizing NNI: done in 4.05006 secs using 399.6% CPU
Optimizing NNI: done in 6.00931 secs using 398.9% CPU
Optimizing NNI: done in 5.2049 secs using 399.6% CPU
Optimizing NNI: done in 5.02141 secs using 399.4% CPU
BETTER TREE FOUND at iteration 345: -2215.071
Optimizing NNI: done in 5.56184 secs using 399.4% CPU
Optimizing NNI: done in 5.58914 secs using 399.3% CPU
Optimizing NNI: done in 3.93836 secs using 399.5% CPU
Optimizing NNI: done in 5.10024 secs using 399.3% CPU
Optimizing NNI: done in 6.8125 secs using 399.6% CPU
Iteration 350 / LogL: -2221.796 / Time: 0h:40m:7s (0h:10m:55s left)
Optimizing NNI: done in 4.07409 secs using 399.6% CPU
Optimizing NNI: done in 4.26035 secs using 399.6% CPU
Optimizing NNI: done in 4.2281 secs using 399.4% CPU
Optimizing NNI: done in 5.8069 secs using 399.6% CPU
Optimizing NNI: done in 5.95801 secs using 399.4% CPU
Optimizing NNI: done in 6.03582 secs using 399.7% CPU
Optimizing NNI: done in 4.23073 secs using 399.7% CPU
Optimizing NNI: done in 7.43333 secs using 399.5% CPU
Optimizing NNI: done in 5.1354 secs using 399.7% CPU
Optimizing NNI: done in 4.2273 secs using 399.6% CPU
Iteration 360 / LogL: -2215.074 / Time: 0h:40m:59s (0h:9m:42s left)
Optimizing NNI: done in 5.76162 secs using 399.2% CPU
Optimizing NNI: done in 6.00727 secs using 399.5% CPU
Optimizing NNI: done in 4.11262 secs using 399.8% CPU
Optimizing NNI: done in 5.13079 secs using 399.1% CPU
Optimizing NNI: done in 4.21028 secs using 399.5% CPU
Optimizing NNI: done in 6.0718 secs using 399.7% CPU
Optimizing NNI: done in 5.58903 secs using 399.5% CPU
Optimizing NNI: done in 5.49161 secs using 399.6% CPU
Optimizing NNI: done in 4.83928 secs using 399.6% CPU
Optimizing NNI: done in 4.16073 secs using 399.5% CPU
Iteration 370 / LogL: -2215.072 / Time: 0h:41m:51s (0h:8m:30s left)
Optimizing NNI: done in 4.34277 secs using 399% CPU
Optimizing NNI: done in 5.85765 secs using 399.3% CPU
Optimizing NNI: done in 4.92048 secs using 399.3% CPU
Optimizing NNI: done in 6.73225 secs using 399.7% CPU
Optimizing NNI: done in 5.10927 secs using 399.6% CPU
Optimizing NNI: done in 4.25719 secs using 399.6% CPU
Optimizing NNI: done in 4.90942 secs using 399.4% CPU
Optimizing NNI: done in 8.26403 secs using 399.6% CPU
Optimizing NNI: done in 5.25223 secs using 399.4% CPU
Optimizing NNI: done in 4.49702 secs using 399.7% CPU
Iteration 380 / LogL: -2221.892 / Time: 0h:42m:45s (0h:7m:20s left)
Optimizing NNI: done in 6.30282 secs using 399.6% CPU
Optimizing NNI: done in 4.06538 secs using 399.6% CPU
Optimizing NNI: done in 5.57601 secs using 399.3% CPU
Optimizing NNI: done in 6.03865 secs using 399.6% CPU
Optimizing NNI: done in 4.02015 secs using 399.7% CPU
Optimizing NNI: done in 4.39185 secs using 399.4% CPU
Optimizing NNI: done in 4.19932 secs using 399.5% CPU
Optimizing NNI: done in 6.62533 secs using 399.5% CPU
Optimizing NNI: done in 5.45554 secs using 399.7% CPU
Optimizing NNI: done in 4.17854 secs using 399.7% CPU
Iteration 390 / LogL: -2215.071 / Time: 0h:43m:36s (0h:6m:9s left)
Optimizing NNI: done in 4.19383 secs using 399.6% CPU
Optimizing NNI: done in 5.10007 secs using 399.1% CPU
Optimizing NNI: done in 4.21549 secs using 399.4% CPU
Optimizing NNI: done in 4.16478 secs using 399.7% CPU
Optimizing NNI: done in 4.3146 secs using 399.7% CPU
Optimizing NNI: done in 4.22054 secs using 399.4% CPU
Optimizing NNI: done in 4.80092 secs using 399.7% CPU
Optimizing NNI: done in 5.51263 secs using 399.2% CPU
Optimizing NNI: done in 4.9805 secs using 399.4% CPU
Optimizing NNI: done in 4.71313 secs using 399.3% CPU
Iteration 400 / LogL: -2220.219 / Time: 0h:44m:23s (0h:5m:0s left)
Optimizing NNI: done in 6.18844 secs using 399.6% CPU
Optimizing NNI: done in 4.01528 secs using 399.8% CPU
Optimizing NNI: done in 4.18713 secs using 399.6% CPU
Optimizing NNI: done in 5.22477 secs using 399.6% CPU
Optimizing NNI: done in 4.35235 secs using 399.5% CPU
Optimizing NNI: done in 4.79034 secs using 399.5% CPU
Optimizing NNI: done in 4.07385 secs using 399.6% CPU
Optimizing NNI: done in 4.88492 secs using 399.2% CPU
Optimizing NNI: done in 5.53906 secs using 399.6% CPU
Optimizing NNI: done in 5.85267 secs using 399.5% CPU
Iteration 410 / LogL: -2215.072 / Time: 0h:45m:13s (0h:3m:52s left)
Optimizing NNI: done in 4.70346 secs using 399.5% CPU
Optimizing NNI: done in 4.61091 secs using 399.7% CPU
Optimizing NNI: done in 4.26807 secs using 399.7% CPU
Optimizing NNI: done in 4.13368 secs using 399.4% CPU
Optimizing NNI: done in 4.09362 secs using 399.3% CPU
Optimizing NNI: done in 5.47611 secs using 399.1% CPU
Optimizing NNI: done in 3.34874 secs using 399.9% CPU
Optimizing NNI: done in 4.02272 secs using 399.3% CPU
Optimizing NNI: done in 5.51982 secs using 399.7% CPU
Optimizing NNI: done in 5.18851 secs using 399.4% CPU
Iteration 420 / LogL: -2215.072 / Time: 0h:45m:58s (0h:2m:44s left)
Optimizing NNI: done in 4.41704 secs using 399.2% CPU
Optimizing NNI: done in 4.91327 secs using 399.5% CPU
Optimizing NNI: done in 4.66857 secs using 399.5% CPU
Optimizing NNI: done in 5.91301 secs using 399.6% CPU
Optimizing NNI: done in 5.18083 secs using 399.3% CPU
Optimizing NNI: done in 5.75708 secs using 399.7% CPU
Optimizing NNI: done in 4.95635 secs using 399.4% CPU
Optimizing NNI: done in 4.73561 secs using 399.4% CPU
Optimizing NNI: done in 4.76061 secs using 399.1% CPU
Optimizing NNI: done in 6.58491 secs using 399.4% CPU
Iteration 430 / LogL: -2221.892 / Time: 0h:46m:51s (0h:1m:38s left)
Optimizing NNI: done in 3.44414 secs using 399.5% CPU
Optimizing NNI: done in 5.34759 secs using 399.5% CPU
Optimizing NNI: done in 5.81412 secs using 399.3% CPU
Optimizing NNI: done in 3.48468 secs using 399.7% CPU
Optimizing NNI: done in 5.78928 secs using 399.5% CPU
Optimizing NNI: done in 4.16441 secs using 399.5% CPU
Optimizing NNI: done in 3.38518 secs using 399.5% CPU
Optimizing NNI: done in 4.90997 secs using 399.3% CPU
Optimizing NNI: done in 4.74554 secs using 399.6% CPU
Optimizing NNI: done in 5.83974 secs using 399.7% CPU
Iteration 440 / LogL: -2215.072 / Time: 0h:47m:38s (0h:0m:32s left)
Optimizing NNI: done in 4.30411 secs using 399.7% CPU
Optimizing NNI: done in 3.24106 secs using 399.3% CPU
Optimizing NNI: done in 6.30818 secs using 399.6% CPU
Optimizing NNI: done in 5.43485 secs using 399.5% CPU
Optimizing NNI: done in 5.11355 secs using 399.7% CPU
BETTER TREE FOUND at iteration 445: -2215.071
Optimizing NNI: done in 5.37226 secs using 399.4% CPU
Optimizing NNI: done in 5.92431 secs using 399.2% CPU
Optimizing NNI: done in 5.7788 secs using 399.4% CPU
Optimizing NNI: done in 4.28542 secs using 399.4% CPU
BETTER TREE FOUND at iteration 449: -2215.071
Optimizing NNI: done in 5.87884 secs using 399.3% CPU
Iteration 450 / LogL: -2215.072 / Time: 0h:48m:30s (0h:10m:41s left)
Optimizing NNI: done in 4.38307 secs using 399.3% CPU
Optimizing NNI: done in 2.23151 secs using 399.2% CPU
Optimizing NNI: done in 5.08963 secs using 399.5% CPU
Optimizing NNI: done in 5.19401 secs using 399.5% CPU
Optimizing NNI: done in 4.48354 secs using 399.5% CPU
Optimizing NNI: done in 7.72045 secs using 399.6% CPU
Optimizing NNI: done in 5.34438 secs using 399.3% CPU
Optimizing NNI: done in 4.79751 secs using 399.7% CPU
Optimizing NNI: done in 4.56139 secs using 399.2% CPU
Optimizing NNI: done in 5.11707 secs using 399.3% CPU
Iteration 460 / LogL: -2215.075 / Time: 0h:49m:19s (0h:9m:33s left)
Optimizing NNI: done in 6.61263 secs using 399% CPU
Optimizing NNI: done in 3.98641 secs using 399.3% CPU
Optimizing NNI: done in 5.25812 secs using 399.3% CPU
Optimizing NNI: done in 5.27228 secs using 399.7% CPU
Optimizing NNI: done in 5.08733 secs using 399.1% CPU
Optimizing NNI: done in 5.89811 secs using 398.9% CPU
Optimizing NNI: done in 4.78622 secs using 399.2% CPU
Optimizing NNI: done in 5.12851 secs using 399.7% CPU
Optimizing NNI: done in 5.68834 secs using 399.4% CPU
Optimizing NNI: done in 4.45891 secs using 399.7% CPU
Iteration 470 / LogL: -2215.084 / Time: 0h:50m:12s (0h:8m:27s left)
Optimizing NNI: done in 4.9664 secs using 399.5% CPU
BETTER TREE FOUND at iteration 471: -2215.070
Optimizing NNI: done in 5.8478 secs using 399.7% CPU
Optimizing NNI: done in 4.91622 secs using 399.2% CPU
Optimizing NNI: done in 4.86907 secs using 399.7% CPU
Optimizing NNI: done in 5.19561 secs using 399.7% CPU
Optimizing NNI: done in 6.72397 secs using 399.5% CPU
Optimizing NNI: done in 4.20335 secs using 399.4% CPU
Optimizing NNI: done in 5.45427 secs using 399.6% CPU
Optimizing NNI: done in 4.17357 secs using 399.7% CPU
Optimizing NNI: done in 6.84993 secs using 399.5% CPU
Iteration 480 / LogL: -2215.071 / Time: 0h:51m:6s (0h:9m:42s left)
Optimizing NNI: done in 5.74851 secs using 399.4% CPU
Optimizing NNI: done in 3.41813 secs using 399.9% CPU
Optimizing NNI: done in 5.87891 secs using 399.6% CPU
Optimizing NNI: done in 4.18252 secs using 399.3% CPU
Optimizing NNI: done in 5.33222 secs using 399.5% CPU
Optimizing NNI: done in 5.00537 secs using 399.3% CPU
Optimizing NNI: done in 5.40127 secs using 399.3% CPU
Optimizing NNI: done in 5.43975 secs using 399.4% CPU
Optimizing NNI: done in 5.52945 secs using 399.3% CPU
Optimizing NNI: done in 4.18353 secs using 399.7% CPU
Iteration 490 / LogL: -2215.201 / Time: 0h:51m:56s (0h:8m:36s left)
Optimizing NNI: done in 4.2222 secs using 398.9% CPU
Optimizing NNI: done in 5.67553 secs using 399.3% CPU
Optimizing NNI: done in 4.77783 secs using 399.8% CPU
Optimizing NNI: done in 5.0719 secs using 399.5% CPU
Optimizing NNI: done in 6.44368 secs using 399.5% CPU
Optimizing NNI: done in 4.27359 secs using 399.7% CPU
Optimizing NNI: done in 5.78042 secs using 399.6% CPU
Optimizing NNI: done in 5.37284 secs using 399.5% CPU
Optimizing NNI: done in 6.97791 secs using 399.5% CPU
Optimizing NNI: done in 3.39356 secs using 399.3% CPU
Iteration 500 / LogL: -2215.071 / Time: 0h:52m:49s (0h:7m:30s left)
Optimizing NNI: done in 4.7756 secs using 399.6% CPU
Optimizing NNI: done in 5.42344 secs using 399.8% CPU
Optimizing NNI: done in 5.09244 secs using 399.3% CPU
Optimizing NNI: done in 4.17832 secs using 399.1% CPU
Optimizing NNI: done in 5.42048 secs using 399.5% CPU
Optimizing NNI: done in 6.04987 secs using 399.6% CPU
Optimizing NNI: done in 5.71677 secs using 399.5% CPU
Optimizing NNI: done in 5.68535 secs using 399.6% CPU
Optimizing NNI: done in 4.79247 secs using 399.4% CPU
Optimizing NNI: done in 4.52678 secs using 399.3% CPU
Iteration 510 / LogL: -2221.877 / Time: 0h:53m:41s (0h:6m:26s left)
Optimizing NNI: done in 5.72963 secs using 399.4% CPU
Optimizing NNI: done in 5.17558 secs using 399.4% CPU
Optimizing NNI: done in 5.51384 secs using 399.7% CPU
Optimizing NNI: done in 4.97167 secs using 399.4% CPU
Optimizing NNI: done in 4.40148 secs using 399.8% CPU
Optimizing NNI: done in 7.37676 secs using 399.6% CPU
Optimizing NNI: done in 4.78091 secs using 399.6% CPU
Optimizing NNI: done in 4.89283 secs using 399.7% CPU
Optimizing NNI: done in 4.87017 secs using 399.5% CPU
Optimizing NNI: done in 5.96812 secs using 399.2% CPU
Iteration 520 / LogL: -2229.771 / Time: 0h:54m:35s (0h:5m:21s left)
Optimizing NNI: done in 4.45244 secs using 399.3% CPU
Optimizing NNI: done in 3.90395 secs using 399.5% CPU
Optimizing NNI: done in 5.56233 secs using 399.6% CPU
Optimizing NNI: done in 3.98904 secs using 399.5% CPU
Optimizing NNI: done in 4.98103 secs using 399.5% CPU
Optimizing NNI: done in 4.2149 secs using 399% CPU
Optimizing NNI: done in 4.25689 secs using 399.4% CPU
Optimizing NNI: done in 5.78084 secs using 399.4% CPU
Optimizing NNI: done in 5.86241 secs using 399.6% CPU
Optimizing NNI: done in 4.93988 secs using 399.7% CPU
Iteration 530 / LogL: -2228.817 / Time: 0h:55m:23s (0h:4m:17s left)
Optimizing NNI: done in 4.8137 secs using 399.8% CPU
Optimizing NNI: done in 5.33446 secs using 399.4% CPU
Optimizing NNI: done in 6.51546 secs using 399.6% CPU
Optimizing NNI: done in 3.42431 secs using 399.2% CPU
BETTER TREE FOUND at iteration 534: -2215.070
Optimizing NNI: done in 7.05764 secs using 399.4% CPU
Optimizing NNI: done in 5.29107 secs using 399.4% CPU
BETTER TREE FOUND at iteration 536: -2215.070
Optimizing NNI: done in 5.21401 secs using 399.6% CPU
Optimizing NNI: done in 5.77671 secs using 399.4% CPU
Optimizing NNI: done in 4.2879 secs using 399.5% CPU
Optimizing NNI: done in 5.74581 secs using 399.8% CPU
Iteration 540 / LogL: -2220.218 / Time: 0h:56m:17s (0h:10m:1s left)
Optimizing NNI: done in 4.16536 secs using 399.6% CPU
Optimizing NNI: done in 4.66512 secs using 399.3% CPU
Optimizing NNI: done in 2.62227 secs using 399.7% CPU
Optimizing NNI: done in 4.89971 secs using 399.6% CPU
Optimizing NNI: done in 5.43939 secs using 399.5% CPU
Optimizing NNI: done in 4.26103 secs using 399.1% CPU
Optimizing NNI: done in 5.43733 secs using 399.6% CPU
Optimizing NNI: done in 4.37991 secs using 399.5% CPU
Optimizing NNI: done in 7.10438 secs using 399.4% CPU
Optimizing NNI: done in 5.61161 secs using 399.2% CPU
Iteration 550 / LogL: -2215.070 / Time: 0h:57m:6s (0h:8m:56s left)
Optimizing NNI: done in 5.63441 secs using 399.7% CPU
Optimizing NNI: done in 4.07751 secs using 399.2% CPU
Optimizing NNI: done in 5.04823 secs using 399.5% CPU
Optimizing NNI: done in 3.42733 secs using 399.3% CPU
Optimizing NNI: done in 4.25433 secs using 399.5% CPU
Optimizing NNI: done in 4.06122 secs using 399.5% CPU
Optimizing NNI: done in 5.77954 secs using 399.5% CPU
Optimizing NNI: done in 8.38884 secs using 399.5% CPU
Optimizing NNI: done in 5.12528 secs using 399.5% CPU
Optimizing NNI: done in 6.43212 secs using 399.2% CPU
Iteration 560 / LogL: -2222.007 / Time: 0h:57m:59s (0h:7m:53s left)
Optimizing NNI: done in 6.59721 secs using 399.6% CPU
Optimizing NNI: done in 6.13241 secs using 399.4% CPU
Optimizing NNI: done in 3.88824 secs using 399% CPU
Optimizing NNI: done in 6.52665 secs using 399.4% CPU
Optimizing NNI: done in 4.13727 secs using 399.5% CPU
Optimizing NNI: done in 5.70167 secs using 399.5% CPU
Optimizing NNI: done in 4.10452 secs using 399.3% CPU
Optimizing NNI: done in 4.07066 secs using 399.8% CPU
Optimizing NNI: done in 5.75553 secs using 399.5% CPU
Optimizing NNI: done in 6.68297 secs using 399.5% CPU
Iteration 570 / LogL: -2222.078 / Time: 0h:58m:53s (0h:6m:49s left)
Optimizing NNI: done in 7.26935 secs using 399.8% CPU
Optimizing NNI: done in 4.25795 secs using 399.3% CPU
Optimizing NNI: done in 4.44715 secs using 399.4% CPU
Optimizing NNI: done in 4.78343 secs using 399.3% CPU
Optimizing NNI: done in 3.73231 secs using 399.3% CPU
BETTER TREE FOUND at iteration 575: -2215.070
Optimizing NNI: done in 3.50666 secs using 399.4% CPU
Optimizing NNI: done in 6.28021 secs using 399.3% CPU
Optimizing NNI: done in 4.85791 secs using 399.4% CPU
Optimizing NNI: done in 2.66066 secs using 398.9% CPU
Optimizing NNI: done in 5.14188 secs using 399.2% CPU
Iteration 580 / LogL: -2220.298 / Time: 0h:59m:40s (0h:9m:47s left)
Optimizing NNI: done in 4.88464 secs using 399.5% CPU
Optimizing NNI: done in 4.30675 secs using 399% CPU
Optimizing NNI: done in 5.97338 secs using 399.4% CPU
Optimizing NNI: done in 5.51431 secs using 399.4% CPU
Optimizing NNI: done in 4.86765 secs using 399.7% CPU
Optimizing NNI: done in 5.66824 secs using 399.3% CPU
Optimizing NNI: done in 4.96448 secs using 399.6% CPU
Optimizing NNI: done in 4.94324 secs using 399.2% CPU
Optimizing NNI: done in 4.62528 secs using 399.4% CPU
Optimizing NNI: done in 6.37862 secs using 399.2% CPU
Iteration 590 / LogL: -2215.071 / Time: 1h:0m:33s (0h:8m:44s left)
Optimizing NNI: done in 5.53155 secs using 399.2% CPU
Optimizing NNI: done in 4.42347 secs using 399.4% CPU
Optimizing NNI: done in 5.89574 secs using 399.3% CPU
Optimizing NNI: done in 4.08402 secs using 399.2% CPU
Optimizing NNI: done in 4.21467 secs using 399.6% CPU
Optimizing NNI: done in 4.85502 secs using 399.6% CPU
Optimizing NNI: done in 5.19394 secs using 399.5% CPU
Optimizing NNI: done in 4.18238 secs using 399.2% CPU
Optimizing NNI: done in 3.35509 secs using 399.4% CPU
Optimizing NNI: done in 3.53525 secs using 399.3% CPU
Iteration 600 / LogL: -2215.071 / Time: 1h:1m:18s (0h:7m:40s left)
Optimizing NNI: done in 6.454 secs using 399.3% CPU
Optimizing NNI: done in 5.77563 secs using 399.6% CPU
Optimizing NNI: done in 6.74672 secs using 399.4% CPU
Optimizing NNI: done in 5.43271 secs using 399.7% CPU
Optimizing NNI: done in 4.15683 secs using 399.4% CPU
Optimizing NNI: done in 6.87969 secs using 399.5% CPU
Optimizing NNI: done in 4.16436 secs using 399.7% CPU
Optimizing NNI: done in 5.84138 secs using 399.3% CPU
Optimizing NNI: done in 4.36301 secs using 399.2% CPU
Optimizing NNI: done in 4.24851 secs using 399.5% CPU
Iteration 610 / LogL: -2231.556 / Time: 1h:2m:13s (0h:6m:38s left)
Optimizing NNI: done in 4.52306 secs using 399.5% CPU
Optimizing NNI: done in 4.18688 secs using 399.6% CPU
Optimizing NNI: done in 4.59911 secs using 399% CPU
Optimizing NNI: done in 5.76264 secs using 399.7% CPU
Optimizing NNI: done in 5.10158 secs using 399.3% CPU
Optimizing NNI: done in 6.06977 secs using 399.6% CPU
Optimizing NNI: done in 4.84266 secs using 399.4% CPU
Optimizing NNI: done in 5.7611 secs using 399.4% CPU
Optimizing NNI: done in 5.09936 secs using 399.5% CPU
Optimizing NNI: done in 7.6166 secs using 399.3% CPU
Iteration 620 / LogL: -2215.072 / Time: 1h:3m:7s (0h:5m:36s left)
Optimizing NNI: done in 5.07627 secs using 399.5% CPU
Optimizing NNI: done in 4.54496 secs using 399.5% CPU
Optimizing NNI: done in 7.17259 secs using 399.6% CPU
Optimizing NNI: done in 4.26256 secs using 399.4% CPU
Optimizing NNI: done in 5.7504 secs using 399.2% CPU
Optimizing NNI: done in 5.15027 secs using 399.4% CPU
Optimizing NNI: done in 4.65192 secs using 399.5% CPU
Optimizing NNI: done in 4.75683 secs using 399.6% CPU
Optimizing NNI: done in 5.0632 secs using 399.3% CPU
Optimizing NNI: done in 4.45177 secs using 399.7% CPU
Iteration 630 / LogL: -2221.815 / Time: 1h:3m:58s (0h:4m:34s left)
Optimizing NNI: done in 3.4 secs using 399.4% CPU
Optimizing NNI: done in 5.50515 secs using 399.3% CPU
Optimizing NNI: done in 4.35923 secs using 399.3% CPU
Optimizing NNI: done in 6.25676 secs using 399.7% CPU
Optimizing NNI: done in 2.9728 secs using 399.5% CPU
Optimizing NNI: done in 5.38735 secs using 399.6% CPU
Optimizing NNI: done in 5.52809 secs using 399.5% CPU
Optimizing NNI: done in 2.53822 secs using 398.9% CPU
Optimizing NNI: done in 6.89728 secs using 399.3% CPU
Optimizing NNI: done in 4.6777 secs using 399.3% CPU
Iteration 640 / LogL: -2215.071 / Time: 1h:4m:46s (0h:3m:32s left)
Optimizing NNI: done in 3.88367 secs using 399.4% CPU
Optimizing NNI: done in 4.99889 secs using 399.5% CPU
Optimizing NNI: done in 3.35797 secs using 399.5% CPU
Optimizing NNI: done in 6.70097 secs using 399.6% CPU
Optimizing NNI: done in 7.61769 secs using 399.6% CPU
Optimizing NNI: done in 4.93084 secs using 399.6% CPU
Optimizing NNI: done in 4.15038 secs using 399.3% CPU
Optimizing NNI: done in 4.89911 secs using 399.3% CPU
Optimizing NNI: done in 5.47923 secs using 399.7% CPU
Optimizing NNI: done in 4.52111 secs using 399% CPU
Iteration 650 / LogL: -2215.200 / Time: 1h:5m:37s (0h:2m:31s left)
Optimizing NNI: done in 6.47479 secs using 399.3% CPU
Optimizing NNI: done in 3.74822 secs using 399.5% CPU
Optimizing NNI: done in 5.21206 secs using 399.5% CPU
Optimizing NNI: done in 4.95268 secs using 399.3% CPU
Optimizing NNI: done in 4.91768 secs using 399.3% CPU
Optimizing NNI: done in 5.5122 secs using 399.4% CPU
Optimizing NNI: done in 4.75883 secs using 399.8% CPU
Optimizing NNI: done in 6.27212 secs using 399.4% CPU
Optimizing NNI: done in 6.46924 secs using 399.6% CPU
Optimizing NNI: done in 5.41223 secs using 399.5% CPU
Iteration 660 / LogL: -2215.217 / Time: 1h:6m:31s (0h:1m:30s left)
Optimizing NNI: done in 5.19374 secs using 398.9% CPU
Optimizing NNI: done in 4.19504 secs using 399.3% CPU
Optimizing NNI: done in 3.31689 secs using 398.7% CPU
Optimizing NNI: done in 4.44001 secs using 399.3% CPU
Optimizing NNI: done in 3.81164 secs using 399.4% CPU
Optimizing NNI: done in 5.53323 secs using 399.5% CPU
Optimizing NNI: done in 5.18565 secs using 399.3% CPU
Optimizing NNI: done in 4.51832 secs using 399.5% CPU
Optimizing NNI: done in 4.24473 secs using 399.5% CPU
Optimizing NNI: done in 6.67625 secs using 399.5% CPU
Iteration 670 / LogL: -2215.074 / Time: 1h:7m:19s (0h:0m:30s left)
Optimizing NNI: done in 6.79296 secs using 399.6% CPU
Optimizing NNI: done in 5.01343 secs using 399.7% CPU
Optimizing NNI: done in 3.92748 secs using 399.6% CPU
Optimizing NNI: done in 4.99718 secs using 399.5% CPU
Optimizing NNI: done in 4.75102 secs using 399.5% CPU
Optimizing NNI: done in 3.53478 secs using 399.5% CPU
TREE SEARCH COMPLETED AFTER 676 ITERATIONS / Time: 1h:7m:48s

--------------------------------------------------------------------
|                    FINALIZING TREE SEARCH                        |
--------------------------------------------------------------------
Performs final model parameters optimization
Estimate model parameters (epsilon = 0.010)
1. Initial log-likelihood: -2215.070
Optimal log-likelihood: -2215.070
Gamma shape alpha: 0.259
Parameters optimization took 1 rounds (0.512 sec)
BEST SCORE FOUND : -2215.070
Total tree length: 0.415

Total number of iterations: 676
CPU time used for tree search: 16215.802 sec (4h:30m:15s)
Wall-clock time used for tree search: 4062.569 sec (1h:7m:42s)
Total CPU time used: 16240.152 sec (4h:30m:40s)
Total wall-clock time used: 4068.791 sec (1h:7m:48s)

Analysis results written to: 
  IQ-TREE report:                CASQ2_WAG.iqtree
  Maximum-likelihood tree:       CASQ2_WAG.treefile
  Likelihood distances:          CASQ2_WAG.mldist
  Screen log file:               CASQ2_WAG.log

Date and Time: Sat Jan 27 07:00:49 2024
