IQ-TREE multicore version 2.2.0-beta COVID-edition for Linux 64-bit built Dec 21 2021 built Dec 21 2021
Developed by Bui Quang Minh, James Barbetti, Nguyen Lam Tung,
Olga Chernomor, Heiko Schmidt, Dominik Schrempf, Michael Woodhams, Ly Trong Nhan.

Host:    awarnach10 (SSE3, 3 GB RAM)
Command: iqtree -s translated/HTT_codon_aligned.translated.fasta -st AA -m WAG+G4 -pre HTT_WAG -nt 4
Seed:    668327 (Using SPRNG - Scalable Parallel Random Number Generator)
Time:    Sat Jan 27 00:34:28 2024
Kernel:  SSE2 - 4 threads (4 CPU cores detected)

Reading alignment file translated/HTT_codon_aligned.translated.fasta ... Fasta format detected
Reading fasta file: done in 0.0126646 secs using 84.79% CPU
Alignment most likely contains protein sequences
Constructing alignment: done in 0.0235645 secs using 78.04% CPU
Alignment has 92 sequences with 3130 columns, 2091 distinct patterns
433 parsimony-informative, 416 singleton sites, 2281 constant sites
                  Gap/Ambiguity  Composition  p-value
Analyzing sequences: done in 0.000888953 secs using 99.44% CPU
   1  Bacu_HTT            0.06%    passed     99.98%
   2  Barn_HTT           54.31%    passed     76.67%
   3  Bbai76728_HTT      19.49%    passed     99.98%
   4  BbonAUS_HTT        18.91%    passed     99.96%
   5  Bbor_HTT           25.91%    passed    100.00%
   6  Bede66737_HTT      22.84%    passed    100.00%
   7  BedeAUS_HTT        25.11%    passed     99.99%
   8  Bmus_HTT            0.03%    passed     99.98%
   9  Bmys_HTT            2.68%    passed    100.00%
  10  Bphy_HTT           12.43%    passed     99.90%
  11  Bphy_baits_HTT     23.16%    passed     99.93%
  12  Btau_HTT            0.16%    passed     99.71%
  13  Ccom40_HTT         34.12%    passed     94.69%
  14  Cela_HTT            0.06%    passed     96.82%
  15  Chea7320_HTT       21.21%    passed    100.00%
  16  Cmar59905_HTT      21.85%    passed    100.00%
  17  Dcap108471_HTT     16.68%    passed    100.00%
  18  Dcap79929_HTT      16.45%    passed    100.00%
  19  DdelSJR_HTT        18.34%    passed    100.00%
  20  Ddeltrop4525_HTT   16.74%    passed     99.99%
  21  Dleu_HTT            0.26%    passed     99.99%
  22  EausAUS_HTT        21.34%    passed    100.00%
  23  Egla13086_HTT      11.34%    passed    100.00%
  24  Ejap43864_HTT      17.16%    passed    100.00%
  25  Erob133443_HTT     26.26%    passed     99.57%
  26  Fatt_HTT           18.59%    passed    100.00%
  27  Ggri_HTT           15.69%    passed    100.00%
  28  Gmac39091_HTT      18.18%    passed    100.00%
  29  Gmel_HTT            0.22%    passed     99.99%
  30  Hamp_HTT           18.91%    passed     99.94%
  31  Hippo_HTT           0.32%    passed     99.99%
  32  Igeo_HTT           30.70%    passed     99.57%
  33  Kbre_HTT           15.11%    passed    100.00%
  34  Ksim_HTT           18.85%    passed     99.97%
  35  Lacu_HTT           21.09%    passed     99.85%
  36  Lalb_HTT           17.80%    passed    100.00%
  37  Laus_HTT           20.83%    passed     99.97%
  38  Lbor_HTT           28.08%    passed     99.52%
  39  Lhos30470_HTT      14.47%    passed    100.00%
  40  Lhos452_HTT        18.82%    passed    100.00%
  41  Lobl_HTT            0.22%    passed     99.99%
  42  Lobs_HTT           17.54%    passed    100.00%
  43  LperAUS_HTT        24.44%    passed     99.98%
  44  Lvex_HTT            0.86%    passed     99.97%
  45  Mbid_HTT           29.74%    passed     90.30%
  46  Mbow_HTT           22.88%    passed     99.97%
  47  Mcar_HTT           29.84%    passed     99.94%
  48  Mden_HTT           32.01%    passed     97.71%
  49  Meur_HTT           22.94%    passed     99.93%
  50  Mgin_HTT           21.47%    passed     99.99%
  51  MgraAUS_HTT        54.89%    passed     61.41%
  52  Mhec_HTT           27.80%    passed     98.71%
  53  MlayAUS_HTT        29.94%    passed     99.86%
  54  Mmir_HTT           28.98%    passed     99.25%
  55  Mmon_HTT            0.29%    passed     99.99%
  56  Mnov_HTT           17.92%    passed     99.65%
  57  Mper_HTT           20.45%    passed     99.98%
  58  Mpni_HTT           23.74%    passed     99.99%
  59  Mste_HTT           17.12%    passed    100.00%
  60  Naasi_HTT           0.86%    passed     99.99%
  61  Npho_HTT            4.19%    passed    100.00%
  62  Oari_HTT            0.19%    passed     88.00%
  63  Obre_HTT           19.49%    passed    100.00%
  64  Ohei_HTT           16.23%    passed    100.00%
  65  Oorc_HTT            0.26%    passed     99.99%
  66  Pbla7349_HTT       22.72%    passed    100.00%
  67  Pcra123188_HTT     23.58%    passed    100.00%
  68  Pdal_HTT           56.90%    passed     99.56%
  69  Pdio_HTT           16.07%    passed    100.00%
  70  Pele_HTT           21.12%    passed    100.00%
  71  Pcat_HTT            0.10%    passed     99.99%
  72  Pmac_HTT           58.31%    passed     92.11%
  73  Ppho_HTT           24.60%    passed    100.00%
  74  Psin_HTT            0.22%    passed     99.99%
  75  Pspi_HTT           33.61%    passed     99.65%
  76  Satt18473_HTT      18.08%    passed    100.00%
  77  Satt38219_HTT      30.64%    passed     99.99%
  78  Sbre116871_HTT     17.73%    passed    100.00%
  79  Sbre18437_HTT      20.77%    passed     99.99%
  80  Schi_HTT           17.09%    passed    100.00%
  81  Scly1724_HTT       65.30%    passed     34.88%
  82  Scly1726_HTT       17.19%    passed    100.00%
  83  Scoe_HTT           20.10%    passed     99.99%
  84  Sflu9837_HTT       18.27%    passed    100.00%
  85  Sfro7782_HTT       19.87%    passed    100.00%
  86  Sfro7784_HTT       15.02%    passed    100.00%
  87  Slon16012_HTT      22.27%    passed     99.92%
  88  Slon24923_HTT      19.39%    passed    100.00%
  89  Tadu79924_HTT      22.04%    passed    100.00%
  90  Tshe_HTT           20.89%    passed    100.00%
  91  Ttru_HTT            0.29%    passed    100.00%
  92  Zcav_HTT           28.47%    passed     99.87%
WARNING: 5 sequences contain more than 50% gaps/ambiguity
****  TOTAL              19.34%  0 sequences failed composition chi2 test (p-value<5%; df=19)
Checking for duplicate sequences: done in 0.00278307 secs using 175% CPU

Create initial parsimony tree by phylogenetic likelihood library (PLL)... 0.004 seconds

NOTE: 120 MB RAM (0 GB) is required!
Estimate model parameters (epsilon = 0.100)
1. Initial log-likelihood: -31791.485
2. Current log-likelihood: -29725.051
3. Current log-likelihood: -29402.851
4. Current log-likelihood: -29301.315
5. Current log-likelihood: -29288.581
6. Current log-likelihood: -29287.927
Optimal log-likelihood: -29287.893
Gamma shape alpha: 0.174
Parameters optimization took 6 rounds (40.496 sec)
Wrote distance file to... 
Computing ML distances based on estimated model parameters...
Calculating distance matrix: done in 1.71063 secs using 399.9% CPU
Computing ML distances took 1.712347 sec (of wall-clock time) 6.842622 sec (of CPU time)
Setting up auxiliary I and S matrices: done in 0.000914933 secs using 168.8% CPU
Constructing RapidNJ tree: done in 0.0609762 secs using 55.94% CPU
Computing RapidNJ tree took 0.062095 sec (of wall-clock time) 0.035766 sec (of CPU time)
Log-likelihood of RapidNJ tree: -20422.027
--------------------------------------------------------------------
|             INITIALIZING CANDIDATE TREE SET                      |
--------------------------------------------------------------------
Generating 98 parsimony trees... 0.911 second
Computing log-likelihood of 98 initial trees ... 119.003 seconds
Current best score: -20422.027

Do NNI search on 20 best initial trees
Optimizing NNI: done in 43.9778 secs using 399.3% CPU
Estimate model parameters (epsilon = 0.100)
BETTER TREE FOUND at iteration 1: -20219.540
Optimizing NNI: done in 250.779 secs using 397.8% CPU
Optimizing NNI: done in 235.171 secs using 397.9% CPU
Optimizing NNI: done in 150.942 secs using 397.9% CPU
Optimizing NNI: done in 261.51 secs using 398.7% CPU
Optimizing NNI: done in 258.977 secs using 398.4% CPU
Optimizing NNI: done in 265.847 secs using 397.7% CPU
Optimizing NNI: done in 248.459 secs using 397.7% CPU
Optimizing NNI: done in 250.248 secs using 397.9% CPU
Optimizing NNI: done in 362.251 secs using 398% CPU
Iteration 10 / LogL: -21270.911 / Time: 0h:42m:8s
Optimizing NNI: done in 236.326 secs using 398.2% CPU
Optimizing NNI: done in 296.716 secs using 397.4% CPU
Optimizing NNI: done in 317.703 secs using 397.6% CPU
Optimizing NNI: done in 252.304 secs using 397.8% CPU
Optimizing NNI: done in 258.596 secs using 397.7% CPU
Optimizing NNI: done in 272.38 secs using 397.6% CPU
Optimizing NNI: done in 253.01 secs using 397.7% CPU
Optimizing NNI: done in 265.827 secs using 397.3% CPU
Optimizing NNI: done in 290.172 secs using 398.1% CPU
Optimizing NNI: done in 259.683 secs using 397.9% CPU
Iteration 20 / LogL: -21544.994 / Time: 1h:27m:13s
Finish initializing candidate tree set (20)
Current best tree score: -20219.540 / CPU time: 5175.066
Number of iterations: 20
--------------------------------------------------------------------
|               OPTIMIZING CANDIDATE TREE SET                      |
--------------------------------------------------------------------
Optimizing NNI: done in 36.7553 secs using 397.4% CPU
Optimizing NNI: done in 37.0652 secs using 397.4% CPU
Estimate model parameters (epsilon = 0.100)
BETTER TREE FOUND at iteration 22: -20219.517
Optimizing NNI: done in 37.6328 secs using 398.7% CPU
Estimate model parameters (epsilon = 0.100)
BETTER TREE FOUND at iteration 23: -20172.383
Optimizing NNI: done in 29.685 secs using 397.8% CPU
Optimizing NNI: done in 41.0256 secs using 397.4% CPU
Optimizing NNI: done in 37.2275 secs using 398.3% CPU
Optimizing NNI: done in 43.5063 secs using 398.5% CPU
Optimizing NNI: done in 48.8973 secs using 397.3% CPU
Optimizing NNI: done in 34.4804 secs using 398.2% CPU
Optimizing NNI: done in 34.0564 secs using 399.2% CPU
Estimate model parameters (epsilon = 0.100)
BETTER TREE FOUND at iteration 30: -20103.393
Iteration 30 / LogL: -20103.393 / Time: 1h:33m:46s (5h:23m:23s left)
Optimizing NNI: done in 45.5855 secs using 399% CPU
Estimate model parameters (epsilon = 0.100)
BETTER TREE FOUND at iteration 31: -20094.953
Optimizing NNI: done in 33.8816 secs using 399.2% CPU
Optimizing NNI: done in 35.2883 secs using 399.1% CPU
Optimizing NNI: done in 40.8306 secs using 397.4% CPU
Estimate model parameters (epsilon = 0.100)
BETTER TREE FOUND at iteration 34: -20092.067
Optimizing NNI: done in 49.3965 secs using 397.2% CPU
Optimizing NNI: done in 37.8727 secs using 397.9% CPU
Estimate model parameters (epsilon = 0.100)
BETTER TREE FOUND at iteration 36: -20084.632
Optimizing NNI: done in 35.9473 secs using 397.4% CPU
Optimizing NNI: done in 36.6421 secs using 397% CPU
Optimizing NNI: done in 33.0929 secs using 397.6% CPU
Optimizing NNI: done in 58.5978 secs using 397.3% CPU
Estimate model parameters (epsilon = 0.100)
BETTER TREE FOUND at iteration 40: -20069.660
Iteration 40 / LogL: -20069.660 / Time: 1h:40m:50s (4h:18m:34s left)
Optimizing NNI: done in 43.4214 secs using 398% CPU
Optimizing NNI: done in 47.8767 secs using 399.3% CPU
Optimizing NNI: done in 38.6796 secs using 399.3% CPU
Optimizing NNI: done in 35.2531 secs using 399.7% CPU
Optimizing NNI: done in 37.9425 secs using 399.3% CPU
Optimizing NNI: done in 38.7541 secs using 399.6% CPU
Estimate model parameters (epsilon = 0.100)
BETTER TREE FOUND at iteration 46: -20069.569
Optimizing NNI: done in 37.6464 secs using 399.6% CPU
Optimizing NNI: done in 43.5634 secs using 399.6% CPU
Optimizing NNI: done in 46.1377 secs using 399.2% CPU
Estimate model parameters (epsilon = 0.100)
BETTER TREE FOUND at iteration 49: -20069.557
Optimizing NNI: done in 36.87 secs using 399.6% CPU
Iteration 50 / LogL: -20071.137 / Time: 1h:47m:46s (3h:37m:44s left)
Optimizing NNI: done in 36.3547 secs using 399.6% CPU
Optimizing NNI: done in 33.6137 secs using 399.6% CPU
Optimizing NNI: done in 40.2625 secs using 399.3% CPU
Optimizing NNI: done in 48.4898 secs using 399.7% CPU
Optimizing NNI: done in 39.6571 secs using 399.5% CPU
Optimizing NNI: done in 38.9843 secs using 399.6% CPU
Optimizing NNI: done in 41.2786 secs using 398.8% CPU
Optimizing NNI: done in 50.5005 secs using 399.3% CPU
Optimizing NNI: done in 33.8679 secs using 399.2% CPU
Optimizing NNI: done in 37.6254 secs using 399.6% CPU
Iteration 60 / LogL: -20069.657 / Time: 1h:54m:29s (2h:52m:42s left)
Optimizing NNI: done in 47.1381 secs using 399.4% CPU
Optimizing NNI: done in 38.9938 secs using 399.6% CPU
BETTER TREE FOUND at iteration 62: -20069.554
Optimizing NNI: done in 39.3961 secs using 399.7% CPU
Optimizing NNI: done in 52.3024 secs using 399.5% CPU
Estimate model parameters (epsilon = 0.100)
BETTER TREE FOUND at iteration 64: -20062.934
Optimizing NNI: done in 36.464 secs using 399.7% CPU
Optimizing NNI: done in 61.622 secs using 399.6% CPU
Optimizing NNI: done in 50.825 secs using 399.3% CPU
Optimizing NNI: done in 37.7542 secs using 399.6% CPU
Optimizing NNI: done in 35.5016 secs using 399.6% CPU
Optimizing NNI: done in 34.6469 secs using 399.6% CPU
Iteration 70 / LogL: -20069.560 / Time: 2h:1m:50s (2h:45m:58s left)
Optimizing NNI: done in 34.3268 secs using 399.6% CPU
Estimate model parameters (epsilon = 0.100)
BETTER TREE FOUND at iteration 71: -20062.726
Optimizing NNI: done in 36.1284 secs using 399.2% CPU
Estimate model parameters (epsilon = 0.100)
BETTER TREE FOUND at iteration 72: -20062.637
Optimizing NNI: done in 36.2564 secs using 399.6% CPU
Optimizing NNI: done in 39.9897 secs using 399.6% CPU
Optimizing NNI: done in 31.9484 secs using 399.7% CPU
Optimizing NNI: done in 31.1111 secs using 398.8% CPU
Optimizing NNI: done in 34.4339 secs using 398.7% CPU
Optimizing NNI: done in 41.0149 secs using 399.6% CPU
Optimizing NNI: done in 39.626 secs using 397.3% CPU
Optimizing NNI: done in 37.0636 secs using 398.3% CPU
BETTER TREE FOUND at iteration 80: -20062.633
Iteration 80 / LogL: -20062.633 / Time: 2h:8m:1s (2h:42m:3s left)
Optimizing NNI: done in 53.0756 secs using 399.2% CPU
Optimizing NNI: done in 49.7526 secs using 399.7% CPU
Optimizing NNI: done in 26.7634 secs using 399.6% CPU
Optimizing NNI: done in 35.8288 secs using 399.1% CPU
Optimizing NNI: done in 29.5814 secs using 399.7% CPU
Optimizing NNI: done in 44.1994 secs using 399.6% CPU
Optimizing NNI: done in 37.6492 secs using 399.6% CPU
Optimizing NNI: done in 37.5738 secs using 399.3% CPU
Optimizing NNI: done in 37.4717 secs using 399.6% CPU
BETTER TREE FOUND at iteration 89: -20062.626
Optimizing NNI: done in 40.3739 secs using 399.6% CPU
Iteration 90 / LogL: -20069.517 / Time: 2h:14m:36s (2h:29m:43s left)
Optimizing NNI: done in 51.8699 secs using 399.7% CPU
Optimizing NNI: done in 41.3597 secs using 399.2% CPU
Optimizing NNI: done in 42.262 secs using 399.6% CPU
Optimizing NNI: done in 41.7921 secs using 399.7% CPU
Optimizing NNI: done in 35.0751 secs using 399.1% CPU
Optimizing NNI: done in 43.6774 secs using 399.7% CPU
Optimizing NNI: done in 34.3353 secs using 399.7% CPU
Optimizing NNI: done in 36.8292 secs using 399.6% CPU
Optimizing NNI: done in 44.8351 secs using 399.3% CPU
Optimizing NNI: done in 46.7375 secs using 399.6% CPU
Iteration 100 / LogL: -20083.997 / Time: 2h:21m:37s (2h:7m:19s left)
Optimizing NNI: done in 31.078 secs using 399.6% CPU
Optimizing NNI: done in 41.4958 secs using 399.7% CPU
Optimizing NNI: done in 38.0774 secs using 399.6% CPU
Optimizing NNI: done in 39.5079 secs using 399.3% CPU
Optimizing NNI: done in 40.8573 secs using 399.6% CPU
Optimizing NNI: done in 38.2345 secs using 399.6% CPU
Optimizing NNI: done in 38.668 secs using 399.7% CPU
Optimizing NNI: done in 40.8738 secs using 399.3% CPU
Optimizing NNI: done in 54.5663 secs using 399.6% CPU
Estimate model parameters (epsilon = 0.100)
BETTER TREE FOUND at iteration 109: -20010.872
Optimizing NNI: done in 35.714 secs using 399.7% CPU
Iteration 110 / LogL: -20064.326 / Time: 2h:28m:23s (2h:14m:46s left)
Optimizing NNI: done in 38.5463 secs using 399.7% CPU
Optimizing NNI: done in 36.2854 secs using 399.3% CPU
Optimizing NNI: done in 32.1626 secs using 399.5% CPU
Optimizing NNI: done in 51.9168 secs using 399.6% CPU
Optimizing NNI: done in 29.6939 secs using 399.5% CPU
Optimizing NNI: done in 24.0986 secs using 399.6% CPU
Optimizing NNI: done in 35.2395 secs using 399.3% CPU
Optimizing NNI: done in 41.9224 secs using 399.7% CPU
Optimizing NNI: done in 42.0667 secs using 399.7% CPU
Estimate model parameters (epsilon = 0.100)
BETTER TREE FOUND at iteration 119: -20005.269
Optimizing NNI: done in 41.2581 secs using 399.6% CPU
Iteration 120 / LogL: -20006.174 / Time: 2h:34m:42s (2h:8m:42s left)
Optimizing NNI: done in 32.5716 secs using 399.3% CPU
Optimizing NNI: done in 35.427 secs using 399.6% CPU
Optimizing NNI: done in 44.1355 secs using 399.6% CPU
Optimizing NNI: done in 37.7852 secs using 399.6% CPU
Optimizing NNI: done in 33.4182 secs using 399.6% CPU
Optimizing NNI: done in 40.5468 secs using 399.4% CPU
Optimizing NNI: done in 50.0904 secs using 399.6% CPU
Optimizing NNI: done in 34.7345 secs using 399.6% CPU
Optimizing NNI: done in 28.0633 secs using 399.5% CPU
Estimate model parameters (epsilon = 0.100)
BETTER TREE FOUND at iteration 129: -20005.258
Optimizing NNI: done in 36.9784 secs using 399.3% CPU
Iteration 130 / LogL: -20006.175 / Time: 2h:41m:2s (2h:3m:35s left)
Optimizing NNI: done in 40.1493 secs using 399.6% CPU
Optimizing NNI: done in 33.5194 secs using 399.7% CPU
Optimizing NNI: done in 40.9577 secs using 399.6% CPU
Optimizing NNI: done in 29.3028 secs using 399.2% CPU
Optimizing NNI: done in 39.851 secs using 399.7% CPU
Optimizing NNI: done in 42.0862 secs using 399.6% CPU
Optimizing NNI: done in 37.039 secs using 399.6% CPU
Optimizing NNI: done in 29.3842 secs using 399.3% CPU
Optimizing NNI: done in 41.0309 secs using 399.7% CPU
Optimizing NNI: done in 34.2936 secs using 399.7% CPU
Iteration 140 / LogL: -20006.850 / Time: 2h:47m:13s (1h:47m:4s left)
Optimizing NNI: done in 36.1456 secs using 399.6% CPU
Optimizing NNI: done in 35.937 secs using 399.7% CPU
Optimizing NNI: done in 42.3863 secs using 399.4% CPU
Optimizing NNI: done in 38.5042 secs using 399.7% CPU
Optimizing NNI: done in 41.2292 secs using 399.7% CPU
Optimizing NNI: done in 35.2856 secs using 399.4% CPU
Optimizing NNI: done in 26.8536 secs using 399.4% CPU
Optimizing NNI: done in 30.3638 secs using 398% CPU
Optimizing NNI: done in 28.1783 secs using 398.6% CPU
Optimizing NNI: done in 31.9924 secs using 399.2% CPU
Iteration 150 / LogL: -20010.841 / Time: 2h:53m:2s (1h:31m:44s left)
Optimizing NNI: done in 48.6678 secs using 399.4% CPU
BETTER TREE FOUND at iteration 151: -20005.255
Optimizing NNI: done in 57.733 secs using 399.6% CPU
Optimizing NNI: done in 50.9011 secs using 399.4% CPU
Optimizing NNI: done in 36.4439 secs using 399.6% CPU
Optimizing NNI: done in 36.7918 secs using 399.6% CPU
Optimizing NNI: done in 37.7764 secs using 399.3% CPU
BETTER TREE FOUND at iteration 156: -20005.254
Optimizing NNI: done in 34.5915 secs using 399.7% CPU
Optimizing NNI: done in 37.8808 secs using 399.6% CPU
Optimizing NNI: done in 31.1614 secs using 399.6% CPU
Optimizing NNI: done in 50.3998 secs using 399.5% CPU
Iteration 160 / LogL: -20017.581 / Time: 3h:0m:7s (1h:48m:45s left)
Optimizing NNI: done in 35.7633 secs using 399.5% CPU
Optimizing NNI: done in 31.0046 secs using 399.6% CPU
Optimizing NNI: done in 35.3066 secs using 399.6% CPU
Optimizing NNI: done in 34.5118 secs using 399.2% CPU
Optimizing NNI: done in 29.6473 secs using 399.6% CPU
Optimizing NNI: done in 40.1553 secs using 399.6% CPU
BETTER TREE FOUND at iteration 166: -20005.251
Optimizing NNI: done in 33.6318 secs using 399.6% CPU
Optimizing NNI: done in 41.1703 secs using 399.6% CPU
Optimizing NNI: done in 43.6999 secs using 399.4% CPU
Optimizing NNI: done in 35.5948 secs using 399.7% CPU
Iteration 170 / LogL: -20005.260 / Time: 3h:6m:10s (1h:45m:45s left)
Optimizing NNI: done in 38.2378 secs using 399.6% CPU
Optimizing NNI: done in 36.6774 secs using 399.7% CPU
BETTER TREE FOUND at iteration 172: -20005.249
Optimizing NNI: done in 33.7785 secs using 398.7% CPU
Optimizing NNI: done in 27.8956 secs using 398.9% CPU
Optimizing NNI: done in 29.9216 secs using 399.6% CPU
Optimizing NNI: done in 30.1664 secs using 399.3% CPU
Optimizing NNI: done in 46.5638 secs using 399.6% CPU
Optimizing NNI: done in 49.2805 secs using 399.3% CPU
Optimizing NNI: done in 47.3766 secs using 399.6% CPU
Optimizing NNI: done in 38.6454 secs using 399.6% CPU
Iteration 180 / LogL: -20011.913 / Time: 3h:12m:31s (1h:38m:57s left)
Optimizing NNI: done in 45.1346 secs using 399.6% CPU
Optimizing NNI: done in 49.7953 secs using 399.5% CPU
Optimizing NNI: done in 36.6605 secs using 399.6% CPU
Optimizing NNI: done in 33.8869 secs using 399.6% CPU
Optimizing NNI: done in 41.5024 secs using 399.3% CPU
Optimizing NNI: done in 40.918 secs using 399.6% CPU
Optimizing NNI: done in 44.1855 secs using 399.6% CPU
Optimizing NNI: done in 43.182 secs using 399.6% CPU
Optimizing NNI: done in 30.2292 secs using 399.6% CPU
Optimizing NNI: done in 35.5677 secs using 399.3% CPU
Iteration 190 / LogL: -20026.786 / Time: 3h:19m:15s (1h:26m:27s left)
Optimizing NNI: done in 34.4268 secs using 399.6% CPU
Optimizing NNI: done in 42.9085 secs using 399.6% CPU
Optimizing NNI: done in 40.5172 secs using 399.6% CPU
Optimizing NNI: done in 34.296 secs using 399.1% CPU
Optimizing NNI: done in 43.6334 secs using 399.6% CPU
Optimizing NNI: done in 40.7987 secs using 399.7% CPU
Optimizing NNI: done in 34.5744 secs using 399.6% CPU
Optimizing NNI: done in 36.6517 secs using 399.4% CPU
Optimizing NNI: done in 33.0162 secs using 399.6% CPU
Optimizing NNI: done in 49.9455 secs using 399.6% CPU
Iteration 200 / LogL: -20006.166 / Time: 3h:25m:49s (1h:14m:28s left)
Optimizing NNI: done in 37.0674 secs using 399.7% CPU
Optimizing NNI: done in 40.7068 secs using 399.2% CPU
Optimizing NNI: done in 44.4754 secs using 399.6% CPU
BETTER TREE FOUND at iteration 203: -20005.249
Optimizing NNI: done in 38.3817 secs using 399.6% CPU
Optimizing NNI: done in 32.753 secs using 399.6% CPU
Optimizing NNI: done in 22.1825 secs using 399.6% CPU
Optimizing NNI: done in 35.1931 secs using 399.3% CPU
Optimizing NNI: done in 40.7268 secs using 399.5% CPU
Optimizing NNI: done in 37.706 secs using 399.7% CPU
Optimizing NNI: done in 38.1614 secs using 399.6% CPU
Iteration 210 / LogL: -20020.608 / Time: 3h:31m:59s (1h:34m:19s left)
Optimizing NNI: done in 25.0533 secs using 398.7% CPU
Optimizing NNI: done in 56.9287 secs using 399.3% CPU
Optimizing NNI: done in 47.651 secs using 399.5% CPU
Optimizing NNI: done in 34.9083 secs using 399.6% CPU
Optimizing NNI: done in 26.8521 secs using 399.2% CPU
Optimizing NNI: done in 25.8284 secs using 399.5% CPU
Optimizing NNI: done in 41.4119 secs using 399.6% CPU
Optimizing NNI: done in 37.7703 secs using 399.5% CPU
Optimizing NNI: done in 48.6769 secs using 399.6% CPU
Optimizing NNI: done in 48.7187 secs using 399.4% CPU
Iteration 220 / LogL: -20006.996 / Time: 3h:38m:35s (1h:22m:50s left)
Optimizing NNI: done in 32.5433 secs using 399.6% CPU
Optimizing NNI: done in 32.2274 secs using 399.6% CPU
Optimizing NNI: done in 38.5946 secs using 399.6% CPU
Optimizing NNI: done in 35.4055 secs using 399.3% CPU
Optimizing NNI: done in 27.4556 secs using 398.8% CPU
Optimizing NNI: done in 33.999 secs using 399.2% CPU
Optimizing NNI: done in 35.0814 secs using 399.2% CPU
Optimizing NNI: done in 37.3286 secs using 399.7% CPU
Optimizing NNI: done in 36.6949 secs using 399.7% CPU
Optimizing NNI: done in 40.3257 secs using 398.6% CPU
Iteration 230 / LogL: -20006.168 / Time: 3h:44m:27s (1h:11m:33s left)
Optimizing NNI: done in 41.117 secs using 398.4% CPU
BETTER TREE FOUND at iteration 231: -20005.248
Optimizing NNI: done in 35.5661 secs using 398.9% CPU
Optimizing NNI: done in 53.9428 secs using 399.4% CPU
Optimizing NNI: done in 36.3126 secs using 399.7% CPU
Optimizing NNI: done in 34.7645 secs using 399.3% CPU
Optimizing NNI: done in 34.1022 secs using 399.7% CPU
Optimizing NNI: done in 35.2415 secs using 399.6% CPU
Optimizing NNI: done in 43.384 secs using 399.6% CPU
Optimizing NNI: done in 37.7053 secs using 399.3% CPU
Optimizing NNI: done in 51.8571 secs using 399.6% CPU
Iteration 240 / LogL: -20027.203 / Time: 3h:51m:14s (1h:28m:2s left)
Optimizing NNI: done in 40.0638 secs using 399.5% CPU
Optimizing NNI: done in 29.7396 secs using 399.7% CPU
Optimizing NNI: done in 40.3705 secs using 399.2% CPU
Optimizing NNI: done in 38.0838 secs using 399.7% CPU
Optimizing NNI: done in 59.2933 secs using 399.6% CPU
Optimizing NNI: done in 37.8323 secs using 399.6% CPU
Optimizing NNI: done in 33.9706 secs using 399.4% CPU
Optimizing NNI: done in 39.2641 secs using 399.7% CPU
Optimizing NNI: done in 34.4652 secs using 399.6% CPU
Optimizing NNI: done in 34.1173 secs using 399.7% CPU
Iteration 250 / LogL: -20006.166 / Time: 3h:57m:44s (1h:17m:20s left)
Optimizing NNI: done in 43.8122 secs using 399.3% CPU
Optimizing NNI: done in 34.4847 secs using 399.6% CPU
Optimizing NNI: done in 37.0419 secs using 399.7% CPU
Optimizing NNI: done in 34.7818 secs using 399.7% CPU
Optimizing NNI: done in 37.7528 secs using 399.3% CPU
Optimizing NNI: done in 38.6217 secs using 399.6% CPU
Optimizing NNI: done in 32.972 secs using 399.7% CPU
BETTER TREE FOUND at iteration 257: -20005.246
Optimizing NNI: done in 36.4054 secs using 399.6% CPU
Optimizing NNI: done in 39.3955 secs using 399.4% CPU
Optimizing NNI: done in 31.8933 secs using 399.6% CPU
Iteration 260 / LogL: -20021.244 / Time: 4h:3m:54s (1h:31m:20s left)
Optimizing NNI: done in 33.6087 secs using 399.7% CPU
Optimizing NNI: done in 34.4405 secs using 399.7% CPU
Optimizing NNI: done in 46.5448 secs using 399.7% CPU
Optimizing NNI: done in 33.5853 secs using 399.2% CPU
Optimizing NNI: done in 32.1081 secs using 399.6% CPU
Optimizing NNI: done in 39.8985 secs using 399.7% CPU
Optimizing NNI: done in 33.33 secs using 399.5% CPU
Optimizing NNI: done in 43.999 secs using 399.3% CPU
Optimizing NNI: done in 26.5966 secs using 399.6% CPU
Optimizing NNI: done in 38.1528 secs using 399.6% CPU
Iteration 270 / LogL: -20012.133 / Time: 4h:9m:59s (1h:20m:50s left)
Optimizing NNI: done in 29.6073 secs using 399.6% CPU
Optimizing NNI: done in 40.5536 secs using 399.2% CPU
Optimizing NNI: done in 42.426 secs using 399.6% CPU
Optimizing NNI: done in 34.5769 secs using 399.6% CPU
BETTER TREE FOUND at iteration 274: -20005.246
Optimizing NNI: done in 34.6204 secs using 399.7% CPU
Optimizing NNI: done in 44.5019 secs using 399.3% CPU
Optimizing NNI: done in 44.8882 secs using 399.7% CPU
Optimizing NNI: done in 41.8585 secs using 399.7% CPU
Optimizing NNI: done in 42.992 secs using 399.4% CPU
Optimizing NNI: done in 32.865 secs using 399.6% CPU
Iteration 280 / LogL: -20005.258 / Time: 4h:16m:30s (1h:26m:25s left)
Optimizing NNI: done in 54.6872 secs using 399.7% CPU
Optimizing NNI: done in 30.3713 secs using 399.7% CPU
Optimizing NNI: done in 36.5873 secs using 399.4% CPU
Optimizing NNI: done in 32.237 secs using 399.6% CPU
Optimizing NNI: done in 47.6222 secs using 399.7% CPU
Optimizing NNI: done in 41.3033 secs using 399.1% CPU
Optimizing NNI: done in 33.9559 secs using 399.6% CPU
Optimizing NNI: done in 36.7804 secs using 399.6% CPU
Optimizing NNI: done in 45.5168 secs using 399.6% CPU
Optimizing NNI: done in 56.3352 secs using 399.5% CPU
Iteration 290 / LogL: -20006.333 / Time: 4h:23m:28s (1h:16m:34s left)
Optimizing NNI: done in 40.9393 secs using 399.7% CPU
Optimizing NNI: done in 27.3684 secs using 399.6% CPU
Optimizing NNI: done in 36.7162 secs using 399.6% CPU
Optimizing NNI: done in 46.5666 secs using 399.4% CPU
Optimizing NNI: done in 34.7077 secs using 399.7% CPU
Optimizing NNI: done in 40.9077 secs using 399.7% CPU
Optimizing NNI: done in 48.6694 secs using 399.4% CPU
Optimizing NNI: done in 38.8446 secs using 399.7% CPU
Optimizing NNI: done in 36.7427 secs using 399.6% CPU
Optimizing NNI: done in 43.2292 secs using 399.6% CPU
Iteration 300 / LogL: -20006.164 / Time: 4h:30m:6s (1h:6m:50s left)
Optimizing NNI: done in 28.9759 secs using 399.5% CPU
Optimizing NNI: done in 29.0173 secs using 399.1% CPU
Optimizing NNI: done in 40.5363 secs using 399.7% CPU
Optimizing NNI: done in 41.3725 secs using 399.6% CPU
Optimizing NNI: done in 34.3727 secs using 399.6% CPU
Optimizing NNI: done in 36.1613 secs using 399.3% CPU
Optimizing NNI: done in 40.1672 secs using 399.6% CPU
Optimizing NNI: done in 39.1252 secs using 399.6% CPU
Optimizing NNI: done in 45.3341 secs using 399.6% CPU
Optimizing NNI: done in 33.977 secs using 399.7% CPU
Iteration 310 / LogL: -20006.843 / Time: 4h:36m:17s (0h:57m:13s left)
Optimizing NNI: done in 39.9001 secs using 399.4% CPU
Optimizing NNI: done in 33.4506 secs using 399.7% CPU
Optimizing NNI: done in 29.3028 secs using 399.6% CPU
Optimizing NNI: done in 32.3152 secs using 399.6% CPU
Optimizing NNI: done in 45.8468 secs using 399.4% CPU
Optimizing NNI: done in 38.5783 secs using 399.7% CPU
Optimizing NNI: done in 33.5883 secs using 399.6% CPU
Optimizing NNI: done in 39.6642 secs using 399.5% CPU
Optimizing NNI: done in 39.4611 secs using 399.4% CPU
Optimizing NNI: done in 46.0965 secs using 399.6% CPU
Iteration 320 / LogL: -20005.262 / Time: 4h:42m:38s (0h:47m:50s left)
Optimizing NNI: done in 33.3653 secs using 399.7% CPU
Optimizing NNI: done in 38.169 secs using 399.6% CPU
Optimizing NNI: done in 31.5752 secs using 399% CPU
Optimizing NNI: done in 38.4117 secs using 399.7% CPU
Optimizing NNI: done in 35.2733 secs using 399.6% CPU
Optimizing NNI: done in 37.6183 secs using 399.6% CPU
Optimizing NNI: done in 33.0482 secs using 399.7% CPU
Optimizing NNI: done in 23.4207 secs using 398.5% CPU
Optimizing NNI: done in 39.642 secs using 399.2% CPU
Optimizing NNI: done in 47.0509 secs using 399.3% CPU
Iteration 330 / LogL: -20005.267 / Time: 4h:48m:38s (0h:38m:36s left)
Optimizing NNI: done in 37.8176 secs using 399.7% CPU
Optimizing NNI: done in 36.5703 secs using 399.6% CPU
Optimizing NNI: done in 47.5025 secs using 399.3% CPU
Optimizing NNI: done in 39.9197 secs using 399.6% CPU
Optimizing NNI: done in 35.5718 secs using 399.6% CPU
Optimizing NNI: done in 40.2884 secs using 399.6% CPU
Optimizing NNI: done in 41.7945 secs using 399.4% CPU
Optimizing NNI: done in 42.813 secs using 399.7% CPU
Optimizing NNI: done in 27.7108 secs using 399.6% CPU
Optimizing NNI: done in 33.0209 secs using 399.7% CPU
Iteration 340 / LogL: -20007.222 / Time: 4h:55m:4s (0h:29m:35s left)
Optimizing NNI: done in 41.7538 secs using 399.3% CPU
Optimizing NNI: done in 34.3832 secs using 399.6% CPU
Optimizing NNI: done in 46.7681 secs using 399.7% CPU
Optimizing NNI: done in 46.5201 secs using 399.7% CPU
Optimizing NNI: done in 41.5256 secs using 399.3% CPU
Optimizing NNI: done in 36.9434 secs using 399.7% CPU
Optimizing NNI: done in 31.319 secs using 399.6% CPU
Optimizing NNI: done in 39.3903 secs using 399.7% CPU
Optimizing NNI: done in 45.0924 secs using 399.6% CPU
Optimizing NNI: done in 30.2626 secs using 397.8% CPU
Iteration 350 / LogL: -20007.234 / Time: 5h:1m:41s (0h:20m:44s left)
Optimizing NNI: done in 43.8296 secs using 399.3% CPU
Optimizing NNI: done in 44.4826 secs using 399.4% CPU
Optimizing NNI: done in 47.9477 secs using 399.6% CPU
Optimizing NNI: done in 36.2209 secs using 399.3% CPU
Optimizing NNI: done in 36.7789 secs using 399.7% CPU
Optimizing NNI: done in 36.604 secs using 399.7% CPU
Optimizing NNI: done in 28.8479 secs using 399.6% CPU
Optimizing NNI: done in 36.6733 secs using 399.7% CPU
Optimizing NNI: done in 47.8883 secs using 399.4% CPU
Optimizing NNI: done in 36.1413 secs using 399.6% CPU
Iteration 360 / LogL: -20005.259 / Time: 5h:8m:19s (0h:12m:1s left)
Optimizing NNI: done in 43.4411 secs using 399.6% CPU
Optimizing NNI: done in 46.5859 secs using 399.6% CPU
Optimizing NNI: done in 60.7457 secs using 399.3% CPU
Optimizing NNI: done in 41.7898 secs using 399.6% CPU
Optimizing NNI: done in 33.5184 secs using 399.7% CPU
Optimizing NNI: done in 31.0386 secs using 399.1% CPU
Optimizing NNI: done in 32.3449 secs using 399.5% CPU
Optimizing NNI: done in 33.8999 secs using 399.7% CPU
Optimizing NNI: done in 38.6414 secs using 399.6% CPU
Optimizing NNI: done in 34.7223 secs using 399.6% CPU
Iteration 370 / LogL: -20009.697 / Time: 5h:14m:58s (0h:3m:24s left)
Optimizing NNI: done in 32.1872 secs using 399.4% CPU
Optimizing NNI: done in 50.2836 secs using 399.6% CPU
Optimizing NNI: done in 37.1252 secs using 399.6% CPU
Optimizing NNI: done in 34.4067 secs using 399.6% CPU
Optimizing NNI: done in 29.5906 secs using 399.7% CPU
TREE SEARCH COMPLETED AFTER 375 ITERATIONS / Time: 5h:18m:3s

--------------------------------------------------------------------
|                    FINALIZING TREE SEARCH                        |
--------------------------------------------------------------------
Performs final model parameters optimization
Estimate model parameters (epsilon = 0.010)
1. Initial log-likelihood: -20005.246
Optimal log-likelihood: -20005.246
Gamma shape alpha: 0.348
Parameters optimization took 1 rounds (3.634 sec)
BEST SCORE FOUND : -20005.246
Total tree length: 0.533

Total number of iterations: 375
CPU time used for tree search: 75890.044 sec (21h:4m:50s)
Wall-clock time used for tree search: 19025.249 sec (5h:17m:5s)
Total CPU time used: 76134.680 sec (21h:8m:54s)
Total wall-clock time used: 19087.005 sec (5h:18m:7s)

Analysis results written to: 
  IQ-TREE report:                HTT_WAG.iqtree
  Maximum-likelihood tree:       HTT_WAG.treefile
  Likelihood distances:          HTT_WAG.mldist
  Screen log file:               HTT_WAG.log

Date and Time: Sat Jan 27 05:52:35 2024
