IQ-TREE multicore version 2.2.0-beta COVID-edition for Linux 64-bit built Dec 21 2021 built Dec 21 2021
Developed by Bui Quang Minh, James Barbetti, Nguyen Lam Tung,
Olga Chernomor, Heiko Schmidt, Dominik Schrempf, Michael Woodhams, Ly Trong Nhan.

Host:    awarnach10 (SSE3, 3 GB RAM)
Command: iqtree -s translated/MYO7A_codon_aligned.translated.fasta -st AA -m WAG+G4 -pre MYO7A_WAG -nt 4
Seed:    354652 (Using SPRNG - Scalable Parallel Random Number Generator)
Time:    Fri Jan 26 16:04:03 2024
Kernel:  SSE2 - 4 threads (4 CPU cores detected)

Reading alignment file translated/MYO7A_codon_aligned.translated.fasta ... Fasta format detected
Reading fasta file: done in 0.0088099 secs using 93.91% CPU
Alignment most likely contains protein sequences
Constructing alignment: done in 0.0117813 secs using 91.53% CPU
Alignment has 89 sequences with 2177 columns, 985 distinct patterns
65 parsimony-informative, 179 singleton sites, 1932 constant sites
                    Gap/Ambiguity  Composition  p-value
Analyzing sequences: done in 0.000445316 secs using 86.9% CPU
   1  Bacu_MYO7A           33.30%    passed    100.00%
   2  Barn_MYO7A           65.59%    passed     99.95%
   3  Bbai76728_MYO7A      43.18%    passed    100.00%
   4  BbonAUS_MYO7A        44.10%    passed    100.00%
   5  Bbor_MYO7A           40.51%    passed    100.00%
   6  Bede66737_MYO7A      36.52%    passed    100.00%
   7  BedeAUS_MYO7A        39.73%    passed    100.00%
   8  Bmus_MYO7A            0.00%    passed     98.69%
   9  Bmys_MYO7A           36.06%    passed     99.80%
  10  Bphy_MYO7A           33.30%    passed    100.00%
  11  Bphy_baits_MYO7A     44.60%    passed     99.94%
  12  Btau_MYO7A            0.00%    passed     99.47%
  13  Ccom40_MYO7A         68.40%    passed     94.68%
  14  Chea7320_MYO7A       46.44%    passed    100.00%
  15  Chir_MYO7A            0.00%    passed     99.39%
  16  Cmar59905_MYO7A      42.77%    passed     99.99%
  17  Dcap108471_MYO7A     38.86%    passed    100.00%
  18  Dcap79929_MYO7A      36.66%    passed    100.00%
  19  DdelSJR_MYO7A        41.62%    passed     99.98%
  20  Ddeltrop4525_MYO7A   46.03%    passed    100.00%
  21  Dleu_MYO7A            0.00%    passed     98.84%
  22  EausAUS_MYO7A        55.08%    passed     99.91%
  23  Egla13086_MYO7A      40.93%    passed    100.00%
  24  Ejap43864_MYO7A      41.30%    passed    100.00%
  25  Erob133443_MYO7A     47.50%    passed     99.98%
  26  Fatt_MYO7A           45.02%    passed    100.00%
  27  Ggri_MYO7A           41.07%    passed    100.00%
  28  Gmac39091_MYO7A      38.45%    passed    100.00%
  29  Gmel_MYO7A            0.00%    passed     98.32%
  30  Hamp_MYO7A           39.50%    passed    100.00%
  31  Hippo_MYO7A           0.00%    passed     98.45%
  32  Igeo_MYO7A           54.66%    passed     95.74%
  33  Kbre_MYO7A           41.34%    passed     99.99%
  34  Ksim_MYO7A           52.37%    passed     99.92%
  35  Lacu_MYO7A           50.16%    passed     99.91%
  36  Lalb_MYO7A           42.21%    passed    100.00%
  37  Laus_MYO7A           44.24%    passed    100.00%
  38  Lbor_MYO7A           60.63%    passed     99.95%
  39  Lhos30470_MYO7A      43.13%    passed    100.00%
  40  Lhos452_MYO7A        33.90%    passed    100.00%
  41  Lobl_MYO7A           36.24%    passed    100.00%
  42  Lobs_MYO7A           45.38%    passed    100.00%
  43  LperAUS_MYO7A        52.78%    passed     99.24%
  44  Lvex_MYO7A            0.00%    passed     98.51%
  45  Mbid_MYO7A           51.03%    passed    100.00%
  46  Mbow_MYO7A           44.60%    passed     99.99%
  47  Mcar_MYO7A           47.86%    passed     99.91%
  48  Mden_MYO7A           59.16%    passed     99.16%
  49  Meur_MYO7A           49.24%    passed     99.89%
  50  Mgin_MYO7A           46.21%    passed     98.85%
  51  Mhec_MYO7A           53.79%    passed     99.90%
  52  MlayAUS_MYO7A        54.85%    passed     99.90%
  53  Mmir_MYO7A           65.00%    passed     96.54%
  54  Mmon_MYO7A            0.00%    passed     98.76%
  55  Mper_MYO7A           48.23%    passed     99.90%
  56  Mpni_MYO7A           54.89%    passed     99.91%
  57  Mste_MYO7A           45.02%    passed     99.85%
  58  Naasi_MYO7A           0.00%    passed     95.30%
  59  Npho_MYO7A           35.32%    passed    100.00%
  60  Oari_MYO7A            0.00%    passed     99.52%
  61  Obre_MYO7A           41.20%    passed    100.00%
  62  Ohei_MYO7A           45.71%    passed    100.00%
  63  Oorc_MYO7A            0.00%    passed     98.50%
  64  Pbla7349_MYO7A       46.85%    passed     99.99%
  65  Pcra123188_MYO7A     44.24%    passed     99.99%
  66  Pdio_MYO7A           45.98%    passed    100.00%
  67  Pele_MYO7A           44.51%    passed    100.00%
  68  Pmac_MYO7A           61.51%    passed     97.43%
  69  Pcat_MYO7A           36.75%    passed     99.98%
  70  Ppho_MYO7A           44.46%    passed    100.00%
  71  Pspi_MYO7A           59.03%    passed     99.15%
  72  Psin_MYO7A            0.00%    passed     98.58%
  73  Satt18473_MYO7A      39.69%    passed    100.00%
  74  Satt38219_MYO7A      60.91%    passed     98.57%
  75  Sbre116871_MYO7A     41.71%    passed    100.00%
  76  Sbre18437_MYO7A      49.29%    passed    100.00%
  77  Schi_MYO7A           43.18%    passed    100.00%
  78  Scly1726_MYO7A       41.11%    passed    100.00%
  79  Scoe_MYO7A           39.46%    passed    100.00%
  80  Sflu9837_MYO7A       41.48%    passed    100.00%
  81  Sfro7782_MYO7A       47.54%    passed    100.00%
  82  Sfro7784_MYO7A       47.08%    passed     99.92%
  83  Slon16012_MYO7A      50.34%    passed     99.98%
  84  Slon24923_MYO7A      35.65%    passed    100.00%
  85  Sscr_MYO7A            1.19%    passed     98.18%
  86  Tadu79924_MYO7A      51.63%    passed     98.25%
  87  Tshe_MYO7A           45.84%    passed    100.00%
  88  Ttru_MYO7A           38.59%    passed     99.98%
  89  Zcav_MYO7A           55.21%    passed     99.84%
WARNING: 20 sequences contain more than 50% gaps/ambiguity
****  TOTAL                39.31%  0 sequences failed composition chi2 test (p-value<5%; df=19)
Checking for duplicate sequences: done in 0.00139014 secs using 249.3% CPU

Create initial parsimony tree by phylogenetic likelihood library (PLL)... 0.003 seconds

NOTE: 55 MB RAM (0 GB) is required!
Estimate model parameters (epsilon = 0.100)
1. Initial log-likelihood: -11834.891
2. Current log-likelihood: -11340.813
3. Current log-likelihood: -11239.449
4. Current log-likelihood: -11173.366
5. Current log-likelihood: -11166.182
6. Current log-likelihood: -11163.349
Optimal log-likelihood: -11163.305
Gamma shape alpha: 0.111
Parameters optimization took 6 rounds (19.261 sec)
Wrote distance file to... 
Computing ML distances based on estimated model parameters...
Calculating distance matrix: done in 1.81941 secs using 399.9% CPU
Computing ML distances took 1.821113 sec (of wall-clock time) 7.275209 sec (of CPU time)
Setting up auxiliary I and S matrices: done in 0.00154798 secs using 137.8% CPU
Constructing RapidNJ tree: done in 0.0613894 secs using 50.28% CPU
Computing RapidNJ tree took 0.063140 sec (of wall-clock time) 0.033118 sec (of CPU time)
Log-likelihood of RapidNJ tree: -9078.434
--------------------------------------------------------------------
|             INITIALIZING CANDIDATE TREE SET                      |
--------------------------------------------------------------------
Generating 98 parsimony trees... 0.541 second
Computing log-likelihood of 98 initial trees ... 50.880 seconds
Current best score: -9078.434

Do NNI search on 20 best initial trees
Optimizing NNI: done in 22.8786 secs using 399.2% CPU
Estimate model parameters (epsilon = 0.100)
BETTER TREE FOUND at iteration 1: -8992.721
Optimizing NNI: done in 84.2193 secs using 399.6% CPU
Optimizing NNI: done in 81.8164 secs using 399.5% CPU
Optimizing NNI: done in 89.0508 secs using 399.7% CPU
Optimizing NNI: done in 104.744 secs using 399.7% CPU
Optimizing NNI: done in 66.8653 secs using 399.7% CPU
Optimizing NNI: done in 108.065 secs using 399.4% CPU
Optimizing NNI: done in 104.309 secs using 399.6% CPU
Optimizing NNI: done in 109.843 secs using 399.6% CPU
Optimizing NNI: done in 66.1469 secs using 399.7% CPU
Iteration 10 / LogL: -9463.681 / Time: 0h:15m:37s
Optimizing NNI: done in 94.8819 secs using 399.6% CPU
Optimizing NNI: done in 105.197 secs using 399.7% CPU
Optimizing NNI: done in 97.3448 secs using 399.5% CPU
Optimizing NNI: done in 106.555 secs using 399.6% CPU
Optimizing NNI: done in 130.839 secs using 399.6% CPU
Optimizing NNI: done in 78.1464 secs using 399.6% CPU
Optimizing NNI: done in 90.5062 secs using 399.5% CPU
Optimizing NNI: done in 94.9784 secs using 399.5% CPU
Optimizing NNI: done in 84.6179 secs using 399.6% CPU
Optimizing NNI: done in 68.1063 secs using 399.6% CPU
Iteration 20 / LogL: -9551.680 / Time: 0h:31m:30s
Finish initializing candidate tree set (20)
Current best tree score: -8992.721 / CPU time: 1847.479
Number of iterations: 20
--------------------------------------------------------------------
|               OPTIMIZING CANDIDATE TREE SET                      |
--------------------------------------------------------------------
Optimizing NNI: done in 13.3631 secs using 399.5% CPU
Optimizing NNI: done in 20.6785 secs using 399.7% CPU
Optimizing NNI: done in 15.0719 secs using 399.5% CPU
Optimizing NNI: done in 25.4222 secs using 399.7% CPU
Optimizing NNI: done in 14.6817 secs using 399.5% CPU
Optimizing NNI: done in 13.4061 secs using 399.7% CPU
Optimizing NNI: done in 13.395 secs using 399.7% CPU
Optimizing NNI: done in 10.5496 secs using 399.7% CPU
Optimizing NNI: done in 25.4372 secs using 399.7% CPU
Optimizing NNI: done in 20.74 secs using 399.6% CPU
Iteration 30 / LogL: -9027.902 / Time: 0h:34m:24s (1h:24m:13s left)
Optimizing NNI: done in 9.62376 secs using 399.7% CPU
Optimizing NNI: done in 14.4515 secs using 399.7% CPU
Optimizing NNI: done in 16.3765 secs using 399.7% CPU
Optimizing NNI: done in 15.4443 secs using 399.3% CPU
Optimizing NNI: done in 16.8445 secs using 399.6% CPU
Optimizing NNI: done in 22.5658 secs using 399.7% CPU
Estimate model parameters (epsilon = 0.100)
BETTER TREE FOUND at iteration 36: -8985.658
Optimizing NNI: done in 23.8197 secs using 399.7% CPU
Optimizing NNI: done in 16.6743 secs using 399.6% CPU
Optimizing NNI: done in 18.44 secs using 399.6% CPU
Optimizing NNI: done in 16.5815 secs using 399.7% CPU
Iteration 40 / LogL: -8992.728 / Time: 0h:37m:19s (1h:31m:52s left)
Optimizing NNI: done in 22.9705 secs using 399.6% CPU
Optimizing NNI: done in 10.7099 secs using 399.6% CPU
Optimizing NNI: done in 13.2926 secs using 399.2% CPU
Optimizing NNI: done in 18.5984 secs using 399.5% CPU
Optimizing NNI: done in 20.7644 secs using 399.4% CPU
Optimizing NNI: done in 13.7634 secs using 399.7% CPU
Optimizing NNI: done in 21.7991 secs using 399.2% CPU
Optimizing NNI: done in 19.3785 secs using 399.8% CPU
Optimizing NNI: done in 13.03 secs using 399.7% CPU
Optimizing NNI: done in 15.5852 secs using 399.7% CPU
Iteration 50 / LogL: -8992.724 / Time: 0h:40m:10s (1h:10m:30s left)
Optimizing NNI: done in 16.4916 secs using 399.7% CPU
Optimizing NNI: done in 19.1452 secs using 399.3% CPU
Estimate model parameters (epsilon = 0.100)
BETTER TREE FOUND at iteration 52: -8983.960
Optimizing NNI: done in 16.2677 secs using 399.5% CPU
Optimizing NNI: done in 19.037 secs using 399.7% CPU
Optimizing NNI: done in 18.0996 secs using 399.7% CPU
Optimizing NNI: done in 21.7457 secs using 399.7% CPU
Optimizing NNI: done in 18.9702 secs using 399.6% CPU
Estimate model parameters (epsilon = 0.100)
BETTER TREE FOUND at iteration 57: -8983.622
Optimizing NNI: done in 18.3543 secs using 399.7% CPU
Optimizing NNI: done in 13.9327 secs using 399.7% CPU
Optimizing NNI: done in 18.0423 secs using 399.8% CPU
Iteration 60 / LogL: -8983.705 / Time: 0h:43m:15s (1h:11m:6s left)
Optimizing NNI: done in 13.1721 secs using 399.3% CPU
Optimizing NNI: done in 14.3866 secs using 399.6% CPU
Optimizing NNI: done in 12.153 secs using 399.7% CPU
Optimizing NNI: done in 17.2354 secs using 399.7% CPU
BETTER TREE FOUND at iteration 64: -8983.618
Optimizing NNI: done in 12.8176 secs using 399.7% CPU
Optimizing NNI: done in 16.1582 secs using 399.6% CPU
Optimizing NNI: done in 18.0042 secs using 399.7% CPU
Optimizing NNI: done in 17.6079 secs using 399.7% CPU
Optimizing NNI: done in 13.7066 secs using 399.7% CPU
Optimizing NNI: done in 17.5787 secs using 399.7% CPU
Iteration 70 / LogL: -8987.543 / Time: 0h:45m:49s (1h:2m:25s left)
Optimizing NNI: done in 12.0028 secs using 399.6% CPU
Optimizing NNI: done in 17.4054 secs using 399.5% CPU
Optimizing NNI: done in 19.5945 secs using 399.7% CPU
Optimizing NNI: done in 17.3036 secs using 399.7% CPU
Optimizing NNI: done in 16.0864 secs using 399.7% CPU
Optimizing NNI: done in 14.3795 secs using 399.7% CPU
Optimizing NNI: done in 12.1239 secs using 399.7% CPU
Optimizing NNI: done in 16.3632 secs using 399.7% CPU
Optimizing NNI: done in 15.8936 secs using 399.6% CPU
Optimizing NNI: done in 14.42 secs using 399.7% CPU
Iteration 80 / LogL: -8983.641 / Time: 0h:48m:25s (0h:51m:29s left)
Optimizing NNI: done in 15.4498 secs using 399.7% CPU
Optimizing NNI: done in 18.5627 secs using 399.2% CPU
Optimizing NNI: done in 14.8251 secs using 399.2% CPU
Optimizing NNI: done in 15.07 secs using 399.4% CPU
Optimizing NNI: done in 15.8092 secs using 399.3% CPU
Optimizing NNI: done in 16.9072 secs using 399.8% CPU
Optimizing NNI: done in 14.5894 secs using 399.8% CPU
Optimizing NNI: done in 10.7161 secs using 398.3% CPU
BETTER TREE FOUND at iteration 88: -8983.618
Optimizing NNI: done in 17.4667 secs using 399.6% CPU
Optimizing NNI: done in 17.4405 secs using 399.6% CPU
Iteration 90 / LogL: -8983.623 / Time: 0h:51m:4s (0h:56m:13s left)
Optimizing NNI: done in 11.5854 secs using 399.8% CPU
Optimizing NNI: done in 16.3489 secs using 399.7% CPU
Optimizing NNI: done in 15.9487 secs using 399.7% CPU
Optimizing NNI: done in 15.8181 secs using 399.6% CPU
Optimizing NNI: done in 16.4528 secs using 399.7% CPU
Optimizing NNI: done in 13.6865 secs using 399.7% CPU
Optimizing NNI: done in 19.1492 secs using 399.7% CPU
BETTER TREE FOUND at iteration 97: -8983.616
Optimizing NNI: done in 16.0042 secs using 399.1% CPU
Optimizing NNI: done in 17.0422 secs using 399.4% CPU
BETTER TREE FOUND at iteration 99: -8983.615
Optimizing NNI: done in 14.1871 secs using 399.3% CPU
Iteration 100 / LogL: -8983.625 / Time: 0h:53m:41s (0h:53m:41s left)
Optimizing NNI: done in 11.7718 secs using 399.7% CPU
Optimizing NNI: done in 12.2192 secs using 399.7% CPU
Optimizing NNI: done in 17.598 secs using 399.4% CPU
Optimizing NNI: done in 13.0661 secs using 399.8% CPU
Estimate model parameters (epsilon = 0.100)
BETTER TREE FOUND at iteration 104: -8980.733
Optimizing NNI: done in 14.5077 secs using 399.7% CPU
Optimizing NNI: done in 12.5909 secs using 399.6% CPU
Optimizing NNI: done in 10.2369 secs using 399.8% CPU
Optimizing NNI: done in 17.1993 secs using 399.6% CPU
Optimizing NNI: done in 13.6981 secs using 399.2% CPU
Optimizing NNI: done in 23.1651 secs using 399.6% CPU
Iteration 110 / LogL: -8987.040 / Time: 0h:56m:10s (0h:48m:26s left)
Optimizing NNI: done in 12.6881 secs using 399.6% CPU
Optimizing NNI: done in 15.977 secs using 399.7% CPU
Optimizing NNI: done in 12.5558 secs using 399.6% CPU
Optimizing NNI: done in 16.0389 secs using 399.7% CPU
BETTER TREE FOUND at iteration 114: -8980.728
Optimizing NNI: done in 19.4529 secs using 399.7% CPU
Optimizing NNI: done in 14.1085 secs using 399.6% CPU
Optimizing NNI: done in 13.5572 secs using 399.8% CPU
Optimizing NNI: done in 12.4307 secs using 399.6% CPU
Optimizing NNI: done in 15.4178 secs using 399.4% CPU
BETTER TREE FOUND at iteration 119: -8980.728
Optimizing NNI: done in 16.6831 secs using 399.7% CPU
Iteration 120 / LogL: -8980.753 / Time: 0h:58m:40s (0h:48m:48s left)
Optimizing NNI: done in 16.259 secs using 399.6% CPU
Optimizing NNI: done in 15.0536 secs using 399.5% CPU
Optimizing NNI: done in 17.1994 secs using 399.7% CPU
Optimizing NNI: done in 15.795 secs using 399.6% CPU
Optimizing NNI: done in 14.43 secs using 399.7% CPU
Optimizing NNI: done in 16.0147 secs using 399.6% CPU
Optimizing NNI: done in 13.7439 secs using 399.7% CPU
Optimizing NNI: done in 13.8759 secs using 399.7% CPU
Optimizing NNI: done in 15.1646 secs using 399.1% CPU
Optimizing NNI: done in 15.2214 secs using 399.8% CPU
Iteration 130 / LogL: -8980.749 / Time: 1h:1m:14s (0h:42m:15s left)
Optimizing NNI: done in 12.0893 secs using 399.6% CPU
Optimizing NNI: done in 16.5105 secs using 399.7% CPU
Optimizing NNI: done in 14.4671 secs using 399.7% CPU
Optimizing NNI: done in 15.9857 secs using 399.7% CPU
Optimizing NNI: done in 17.1386 secs using 399.7% CPU
Optimizing NNI: done in 13.3934 secs using 399.6% CPU
Optimizing NNI: done in 21.0556 secs using 399.7% CPU
Optimizing NNI: done in 20.1938 secs using 399.7% CPU
Optimizing NNI: done in 16.2693 secs using 399.5% CPU
Optimizing NNI: done in 18.8416 secs using 399.8% CPU
Iteration 140 / LogL: -8998.743 / Time: 1h:4m:1s (0h:36m:23s left)
Optimizing NNI: done in 13.3785 secs using 399.6% CPU
Optimizing NNI: done in 14.0043 secs using 399.6% CPU
Optimizing NNI: done in 16.4227 secs using 399.7% CPU
Optimizing NNI: done in 14.7373 secs using 399.7% CPU
Optimizing NNI: done in 14.8606 secs using 399.7% CPU
Optimizing NNI: done in 18.126 secs using 399.7% CPU
Optimizing NNI: done in 17.0082 secs using 399.7% CPU
BETTER TREE FOUND at iteration 147: -8980.727
Optimizing NNI: done in 10.8846 secs using 399% CPU
Optimizing NNI: done in 17.9128 secs using 399.4% CPU
Optimizing NNI: done in 16.0685 secs using 399.7% CPU
Iteration 150 / LogL: -8980.735 / Time: 1h:6m:36s (0h:43m:21s left)
Optimizing NNI: done in 14.6601 secs using 399.4% CPU
Optimizing NNI: done in 13.9773 secs using 399.7% CPU
Optimizing NNI: done in 15.5899 secs using 399.8% CPU
Optimizing NNI: done in 14.9223 secs using 398.9% CPU
Optimizing NNI: done in 14.0838 secs using 399.6% CPU
Optimizing NNI: done in 21.1392 secs using 399.7% CPU
Optimizing NNI: done in 15.274 secs using 399.7% CPU
Optimizing NNI: done in 20.9113 secs using 399.7% CPU
Optimizing NNI: done in 16.0336 secs using 399.8% CPU
Optimizing NNI: done in 16.973 secs using 399.6% CPU
Iteration 160 / LogL: -8980.730 / Time: 1h:9m:21s (0h:37m:56s left)
Optimizing NNI: done in 13.091 secs using 399.7% CPU
Optimizing NNI: done in 16.3744 secs using 399.7% CPU
Optimizing NNI: done in 16.3142 secs using 399.4% CPU
Optimizing NNI: done in 14.0893 secs using 399.4% CPU
Optimizing NNI: done in 13.6836 secs using 399.2% CPU
Optimizing NNI: done in 18.8157 secs using 399.5% CPU
Optimizing NNI: done in 14.7464 secs using 399.5% CPU
Optimizing NNI: done in 15.8607 secs using 399.7% CPU
Optimizing NNI: done in 19.3357 secs using 399.4% CPU
Optimizing NNI: done in 13.1039 secs using 399.8% CPU
Iteration 170 / LogL: -8980.730 / Time: 1h:11m:57s (0h:32m:47s left)
Optimizing NNI: done in 20.1818 secs using 399.7% CPU
Optimizing NNI: done in 17.8315 secs using 399.7% CPU
Optimizing NNI: done in 12.1286 secs using 399.6% CPU
Optimizing NNI: done in 16.6436 secs using 399.4% CPU
Optimizing NNI: done in 15.2745 secs using 399.8% CPU
Optimizing NNI: done in 12.7631 secs using 399.6% CPU
Optimizing NNI: done in 15.9547 secs using 399.7% CPU
Optimizing NNI: done in 19.3901 secs using 399.7% CPU
Optimizing NNI: done in 14.0811 secs using 399.6% CPU
Optimizing NNI: done in 16.2776 secs using 399.6% CPU
Iteration 180 / LogL: -8980.731 / Time: 1h:14m:39s (0h:27m:56s left)
Optimizing NNI: done in 15.0443 secs using 399.7% CPU
Optimizing NNI: done in 13.4677 secs using 399.6% CPU
Optimizing NNI: done in 16.649 secs using 399.6% CPU
BETTER TREE FOUND at iteration 183: -8980.726
Optimizing NNI: done in 14.5546 secs using 398.7% CPU
Optimizing NNI: done in 15.2865 secs using 399.3% CPU
Optimizing NNI: done in 14.3239 secs using 399.6% CPU
Optimizing NNI: done in 19.3121 secs using 399.3% CPU
Optimizing NNI: done in 14.9399 secs using 399.6% CPU
Optimizing NNI: done in 15.2716 secs using 399.3% CPU
Optimizing NNI: done in 17.448 secs using 399.7% CPU
Iteration 190 / LogL: -8980.754 / Time: 1h:17m:17s (0h:38m:1s left)
Optimizing NNI: done in 16.1414 secs using 399.8% CPU
Optimizing NNI: done in 13.777 secs using 399.7% CPU
Optimizing NNI: done in 16.183 secs using 399.6% CPU
BETTER TREE FOUND at iteration 193: -8980.724
Optimizing NNI: done in 12.6744 secs using 399.7% CPU
Optimizing NNI: done in 14.1486 secs using 399.2% CPU
Optimizing NNI: done in 13.4303 secs using 399.7% CPU
Optimizing NNI: done in 18.4501 secs using 399.6% CPU
Optimizing NNI: done in 17.2448 secs using 399.7% CPU
Optimizing NNI: done in 22.4739 secs using 399.7% CPU
Optimizing NNI: done in 16.8234 secs using 399.7% CPU
Iteration 200 / LogL: -8980.735 / Time: 1h:19m:59s (0h:37m:23s left)
Optimizing NNI: done in 15.4104 secs using 399.8% CPU
Optimizing NNI: done in 17.1465 secs using 399.7% CPU
Optimizing NNI: done in 14.6924 secs using 399.6% CPU
Optimizing NNI: done in 13.9858 secs using 399.3% CPU
Optimizing NNI: done in 15.0855 secs using 399.5% CPU
Optimizing NNI: done in 18.3961 secs using 399.4% CPU
Optimizing NNI: done in 15.5039 secs using 399.1% CPU
BETTER TREE FOUND at iteration 207: -8980.721
Optimizing NNI: done in 14.3824 secs using 398.9% CPU
Optimizing NNI: done in 13.7215 secs using 399.4% CPU
Optimizing NNI: done in 15.7275 secs using 399.5% CPU
Iteration 210 / LogL: -8983.186 / Time: 1h:22m:35s (0h:38m:19s left)
Optimizing NNI: done in 17.5598 secs using 399.5% CPU
Optimizing NNI: done in 15.443 secs using 399.6% CPU
Optimizing NNI: done in 14.1604 secs using 399.6% CPU
Optimizing NNI: done in 14.1212 secs using 399.5% CPU
Optimizing NNI: done in 12.7828 secs using 399.8% CPU
Optimizing NNI: done in 20.4547 secs using 399.7% CPU
Optimizing NNI: done in 20.0989 secs using 399.7% CPU
Optimizing NNI: done in 12.6501 secs using 399.7% CPU
Optimizing NNI: done in 13.4114 secs using 399.2% CPU
Optimizing NNI: done in 12.7066 secs using 399.7% CPU
Iteration 220 / LogL: -8980.725 / Time: 1h:25m:9s (0h:33m:49s left)
Optimizing NNI: done in 19.0191 secs using 399.7% CPU
Optimizing NNI: done in 9.86074 secs using 399.7% CPU
Optimizing NNI: done in 19.4394 secs using 399.7% CPU
Optimizing NNI: done in 10.3381 secs using 399.7% CPU
Optimizing NNI: done in 19.8954 secs using 399.8% CPU
Optimizing NNI: done in 13.1558 secs using 399.7% CPU
Optimizing NNI: done in 12.6909 secs using 399.8% CPU
Optimizing NNI: done in 17.2797 secs using 399.6% CPU
Optimizing NNI: done in 14.4731 secs using 399.6% CPU
Optimizing NNI: done in 15.249 secs using 399.4% CPU
Iteration 230 / LogL: -8980.722 / Time: 1h:27m:42s (0h:29m:29s left)
Optimizing NNI: done in 11.5152 secs using 399.7% CPU
Optimizing NNI: done in 15.6582 secs using 399.5% CPU
Optimizing NNI: done in 19.468 secs using 399.6% CPU
Optimizing NNI: done in 15.2971 secs using 399.7% CPU
BETTER TREE FOUND at iteration 234: -8980.718
Optimizing NNI: done in 20.408 secs using 399.5% CPU
Optimizing NNI: done in 16.7743 secs using 399.6% CPU
Optimizing NNI: done in 18.6117 secs using 399.7% CPU
Optimizing NNI: done in 17.5557 secs using 399.7% CPU
Optimizing NNI: done in 11.928 secs using 398.5% CPU
Optimizing NNI: done in 20.0332 secs using 399.4% CPU
Iteration 240 / LogL: -8980.733 / Time: 1h:30m:30s (0h:35m:35s left)
Optimizing NNI: done in 24.6847 secs using 399.4% CPU
Optimizing NNI: done in 16.5469 secs using 399.5% CPU
Optimizing NNI: done in 18.0278 secs using 399.4% CPU
Optimizing NNI: done in 15.4688 secs using 399.7% CPU
Optimizing NNI: done in 14.256 secs using 399.7% CPU
Optimizing NNI: done in 20.9011 secs using 399.6% CPU
Optimizing NNI: done in 24.4327 secs using 399.5% CPU
Optimizing NNI: done in 14.7462 secs using 399.8% CPU
Optimizing NNI: done in 16.1074 secs using 399.7% CPU
Optimizing NNI: done in 23.7245 secs using 399.7% CPU
Estimate model parameters (epsilon = 0.100)
BETTER TREE FOUND at iteration 250: -8980.453
Iteration 250 / LogL: -8980.453 / Time: 1h:33m:42s (0h:37m:38s left)
Optimizing NNI: done in 13.3017 secs using 399.7% CPU
Optimizing NNI: done in 15.3641 secs using 399.7% CPU
Optimizing NNI: done in 12.49 secs using 399.8% CPU
Optimizing NNI: done in 18.6508 secs using 399.7% CPU
Estimate model parameters (epsilon = 0.100)
BETTER TREE FOUND at iteration 254: -8978.955
Optimizing NNI: done in 13.9466 secs using 399.7% CPU
Optimizing NNI: done in 15.8613 secs using 398.8% CPU
Optimizing NNI: done in 18.8803 secs using 399.6% CPU
BETTER TREE FOUND at iteration 257: -8978.952
Optimizing NNI: done in 13.4786 secs using 398.3% CPU
Optimizing NNI: done in 15.7833 secs using 399.1% CPU
Optimizing NNI: done in 11.2304 secs using 399.6% CPU
Iteration 260 / LogL: -8978.955 / Time: 1h:36m:14s (0h:36m:2s left)
Optimizing NNI: done in 14.6049 secs using 399.5% CPU
Optimizing NNI: done in 14.579 secs using 399.5% CPU
Optimizing NNI: done in 18.746 secs using 399.6% CPU
Optimizing NNI: done in 14.4825 secs using 399.1% CPU
Optimizing NNI: done in 16.0847 secs using 399.6% CPU
Optimizing NNI: done in 13.39 secs using 399.8% CPU
Optimizing NNI: done in 16.5063 secs using 399.8% CPU
Optimizing NNI: done in 12.5187 secs using 399.7% CPU
Optimizing NNI: done in 19.0495 secs using 399.2% CPU
Optimizing NNI: done in 20.0107 secs using 399.7% CPU
Iteration 270 / LogL: -8978.953 / Time: 1h:38m:55s (0h:31m:59s left)
Optimizing NNI: done in 17.371 secs using 399.8% CPU
Optimizing NNI: done in 20.3131 secs using 399.6% CPU
Optimizing NNI: done in 14.1019 secs using 399.7% CPU
Optimizing NNI: done in 15.6645 secs using 399.7% CPU
Optimizing NNI: done in 13.6771 secs using 399.7% CPU
Optimizing NNI: done in 14.8704 secs using 399.7% CPU
Optimizing NNI: done in 22.7856 secs using 399.7% CPU
Optimizing NNI: done in 14.3712 secs using 399.5% CPU
Optimizing NNI: done in 14.3215 secs using 399.2% CPU
BETTER TREE FOUND at iteration 279: -8978.949
Optimizing NNI: done in 16.2392 secs using 399.3% CPU
Iteration 280 / LogL: -8996.937 / Time: 1h:41m:40s (0h:36m:4s left)
Optimizing NNI: done in 15.2267 secs using 398.8% CPU
Optimizing NNI: done in 15.6097 secs using 398.8% CPU
Optimizing NNI: done in 13.549 secs using 399.8% CPU
Optimizing NNI: done in 17.0844 secs using 399.3% CPU
Optimizing NNI: done in 12.4162 secs using 399.7% CPU
Optimizing NNI: done in 13.6163 secs using 399.6% CPU
Optimizing NNI: done in 16.6396 secs using 399.3% CPU
Optimizing NNI: done in 16.0332 secs using 399.6% CPU
Optimizing NNI: done in 14.5457 secs using 399.6% CPU
Optimizing NNI: done in 13.1522 secs using 399.8% CPU
Iteration 290 / LogL: -8979.295 / Time: 1h:44m:9s (0h:32m:4s left)
Optimizing NNI: done in 17.4702 secs using 399.6% CPU
Optimizing NNI: done in 18.1775 secs using 398.9% CPU
Optimizing NNI: done in 18.3295 secs using 399.7% CPU
Optimizing NNI: done in 15.8443 secs using 399.7% CPU
Optimizing NNI: done in 15.6173 secs using 399.6% CPU
Optimizing NNI: done in 13.6449 secs using 399.7% CPU
Optimizing NNI: done in 12.9031 secs using 399.6% CPU
Optimizing NNI: done in 15.42 secs using 399.8% CPU
Optimizing NNI: done in 14.153 secs using 399.8% CPU
Optimizing NNI: done in 14.3796 secs using 399.7% CPU
Iteration 300 / LogL: -8978.950 / Time: 1h:46m:46s (0h:28m:12s left)
Optimizing NNI: done in 10.9251 secs using 399.7% CPU
Optimizing NNI: done in 12.5116 secs using 399.7% CPU
Optimizing NNI: done in 8.89879 secs using 399.1% CPU
Optimizing NNI: done in 16.7063 secs using 399.7% CPU
Optimizing NNI: done in 15.9771 secs using 399.6% CPU
BETTER TREE FOUND at iteration 305: -8978.943
Optimizing NNI: done in 17.2084 secs using 399.7% CPU
Optimizing NNI: done in 18.6298 secs using 399.8% CPU
Optimizing NNI: done in 18.1307 secs using 399.8% CPU
Optimizing NNI: done in 15.7184 secs using 399.7% CPU
Optimizing NNI: done in 16.9937 secs using 399.7% CPU
Iteration 310 / LogL: -8988.430 / Time: 1h:49m:19s (0h:33m:36s left)
Optimizing NNI: done in 19.0401 secs using 399.6% CPU
Optimizing NNI: done in 12.644 secs using 399.8% CPU
Optimizing NNI: done in 16.5271 secs using 399.4% CPU
Optimizing NNI: done in 16.1197 secs using 399.6% CPU
Optimizing NNI: done in 15.374 secs using 399.7% CPU
Optimizing NNI: done in 15.43 secs using 399.7% CPU
Optimizing NNI: done in 13.9243 secs using 399.6% CPU
Optimizing NNI: done in 12.681 secs using 399.6% CPU
Optimizing NNI: done in 17.0791 secs using 399.6% CPU
Optimizing NNI: done in 16.0991 secs using 399.7% CPU
Iteration 320 / LogL: -8978.946 / Time: 1h:51m:55s (0h:29m:49s left)
Optimizing NNI: done in 16.6636 secs using 399.7% CPU
Optimizing NNI: done in 13.2077 secs using 399.4% CPU
Optimizing NNI: done in 22.8598 secs using 399.8% CPU
Optimizing NNI: done in 17.8068 secs using 399.6% CPU
Optimizing NNI: done in 14.5073 secs using 399.6% CPU
Optimizing NNI: done in 14.5943 secs using 399.7% CPU
Optimizing NNI: done in 18.4286 secs using 399.7% CPU
Estimate model parameters (epsilon = 0.100)
BETTER TREE FOUND at iteration 327: -8978.845
Optimizing NNI: done in 16.8596 secs using 399.7% CPU
Optimizing NNI: done in 23.0666 secs using 399.8% CPU
Optimizing NNI: done in 15.3637 secs using 398.7% CPU
Iteration 330 / LogL: -8982.902 / Time: 1h:54m:52s (0h:33m:52s left)
Optimizing NNI: done in 12.1936 secs using 399.8% CPU
Optimizing NNI: done in 17.7572 secs using 399.8% CPU
Optimizing NNI: done in 14.1138 secs using 399.6% CPU
Optimizing NNI: done in 18.1178 secs using 399.6% CPU
Optimizing NNI: done in 15.9865 secs using 399.7% CPU
Optimizing NNI: done in 11.9757 secs using 399.6% CPU
Optimizing NNI: done in 13.84 secs using 399.6% CPU
Optimizing NNI: done in 15.5342 secs using 399.6% CPU
Optimizing NNI: done in 12.2423 secs using 399.7% CPU
Optimizing NNI: done in 13.2552 secs using 399.2% CPU
Iteration 340 / LogL: -8978.848 / Time: 1h:57m:18s (0h:30m:6s left)
Optimizing NNI: done in 16.8326 secs using 399.7% CPU
Optimizing NNI: done in 10.6506 secs using 399.9% CPU
Estimate model parameters (epsilon = 0.100)
BETTER TREE FOUND at iteration 342: -8978.789
Optimizing NNI: done in 9.87705 secs using 399.7% CPU
Optimizing NNI: done in 15.6263 secs using 399.7% CPU
Optimizing NNI: done in 16.5673 secs using 399.7% CPU
Optimizing NNI: done in 16.4158 secs using 399.7% CPU
Optimizing NNI: done in 15.6915 secs using 399.7% CPU
Optimizing NNI: done in 13.876 secs using 399.6% CPU
Optimizing NNI: done in 12.9844 secs using 399.7% CPU
Optimizing NNI: done in 13.8183 secs using 399.2% CPU
Iteration 350 / LogL: -8978.847 / Time: 1h:59m:43s (0h:31m:33s left)
Optimizing NNI: done in 17.1761 secs using 399.7% CPU
Optimizing NNI: done in 12.9756 secs using 399.7% CPU
Optimizing NNI: done in 14.9782 secs using 399.8% CPU
Optimizing NNI: done in 13.3036 secs using 399.7% CPU
Optimizing NNI: done in 19.6806 secs using 399.6% CPU
Optimizing NNI: done in 13.199 secs using 399.6% CPU
Optimizing NNI: done in 18.7728 secs using 399.5% CPU
Optimizing NNI: done in 15.4349 secs using 399.7% CPU
Optimizing NNI: done in 15.7113 secs using 399.8% CPU
Optimizing NNI: done in 14.9731 secs using 399.2% CPU
Iteration 360 / LogL: -8978.843 / Time: 2h:2m:20s (0h:27m:56s left)
Optimizing NNI: done in 10.1911 secs using 399.8% CPU
Optimizing NNI: done in 16.3706 secs using 399.7% CPU
Optimizing NNI: done in 15.9582 secs using 399.7% CPU
Optimizing NNI: done in 15.1963 secs using 399.6% CPU
BETTER TREE FOUND at iteration 364: -8978.783
Optimizing NNI: done in 16.7454 secs using 399.7% CPU
Optimizing NNI: done in 17.9714 secs using 399.6% CPU
Optimizing NNI: done in 16.1931 secs using 399.7% CPU
Optimizing NNI: done in 13.913 secs using 399.7% CPU
Optimizing NNI: done in 13.2824 secs using 399.6% CPU
Optimizing NNI: done in 13.8931 secs using 399.7% CPU
Iteration 370 / LogL: -8978.845 / Time: 2h:4m:51s (0h:31m:48s left)
Optimizing NNI: done in 16.6909 secs using 399.5% CPU
Optimizing NNI: done in 13.0172 secs using 399.3% CPU
Optimizing NNI: done in 14.6017 secs using 399.7% CPU
Optimizing NNI: done in 18.7602 secs using 399.8% CPU
Optimizing NNI: done in 19.5342 secs using 399.7% CPU
Optimizing NNI: done in 16.8853 secs using 399.5% CPU
Optimizing NNI: done in 17.3467 secs using 399.7% CPU
Optimizing NNI: done in 21.9175 secs using 399.7% CPU
Optimizing NNI: done in 14.7707 secs using 399.7% CPU
Optimizing NNI: done in 17.0386 secs using 399.7% CPU
Iteration 380 / LogL: -8984.388 / Time: 2h:7m:43s (0h:28m:18s left)
Optimizing NNI: done in 14.3784 secs using 399.3% CPU
Optimizing NNI: done in 17.7071 secs using 399.6% CPU
Optimizing NNI: done in 19.3419 secs using 399.6% CPU
Optimizing NNI: done in 11.787 secs using 399.6% CPU
Optimizing NNI: done in 15.6166 secs using 399.7% CPU
Optimizing NNI: done in 14.3509 secs using 399.7% CPU
Optimizing NNI: done in 15.9222 secs using 399.7% CPU
Optimizing NNI: done in 12.858 secs using 399.7% CPU
Optimizing NNI: done in 14.9098 secs using 399.6% CPU
Optimizing NNI: done in 12.5037 secs using 399.4% CPU
Iteration 390 / LogL: -8978.788 / Time: 2h:10m:14s (0h:24m:46s left)
Optimizing NNI: done in 15.638 secs using 399.7% CPU
Optimizing NNI: done in 15.7859 secs using 399.7% CPU
Optimizing NNI: done in 15.7433 secs using 399.4% CPU
Optimizing NNI: done in 16.5363 secs using 399.6% CPU
Optimizing NNI: done in 10.3957 secs using 399.7% CPU
Optimizing NNI: done in 10.566 secs using 399.6% CPU
BETTER TREE FOUND at iteration 396: -8978.783
Optimizing NNI: done in 18.0084 secs using 399.6% CPU
Optimizing NNI: done in 14.6774 secs using 399.6% CPU
Optimizing NNI: done in 15.6436 secs using 399.5% CPU
Optimizing NNI: done in 10.7837 secs using 399% CPU
Iteration 400 / LogL: -8978.854 / Time: 2h:12m:39s (0h:31m:55s left)
Optimizing NNI: done in 18.5457 secs using 398.9% CPU
Optimizing NNI: done in 15.9081 secs using 399.3% CPU
Optimizing NNI: done in 16.0065 secs using 399.2% CPU
Optimizing NNI: done in 12.4084 secs using 399.7% CPU
Optimizing NNI: done in 16.2816 secs using 399.6% CPU
BETTER TREE FOUND at iteration 405: -8978.781
Optimizing NNI: done in 13.2457 secs using 399.6% CPU
Optimizing NNI: done in 16.258 secs using 399.7% CPU
Optimizing NNI: done in 12.9083 secs using 399.5% CPU
Optimizing NNI: done in 12.4817 secs using 399.6% CPU
Optimizing NNI: done in 14.7515 secs using 399.8% CPU
Iteration 410 / LogL: -8978.847 / Time: 2h:15m:9s (0h:31m:23s left)
Optimizing NNI: done in 11.2311 secs using 399.7% CPU
Optimizing NNI: done in 12.1407 secs using 399.5% CPU
Optimizing NNI: done in 10.2169 secs using 399.5% CPU
Optimizing NNI: done in 11.5245 secs using 399.7% CPU
Optimizing NNI: done in 17.5493 secs using 399.6% CPU
Optimizing NNI: done in 13.6122 secs using 399.7% CPU
Optimizing NNI: done in 13.3052 secs using 399.6% CPU
Optimizing NNI: done in 15.0385 secs using 399.6% CPU
Optimizing NNI: done in 17.6018 secs using 399.4% CPU
Optimizing NNI: done in 15.5206 secs using 399.6% CPU
Iteration 420 / LogL: -8978.782 / Time: 2h:17m:28s (0h:27m:53s left)
Optimizing NNI: done in 16.6879 secs using 399.7% CPU
Optimizing NNI: done in 13.7836 secs using 399.8% CPU
Optimizing NNI: done in 16.5792 secs using 399.7% CPU
Optimizing NNI: done in 13.8917 secs using 399.7% CPU
Optimizing NNI: done in 11.7169 secs using 399.7% CPU
Optimizing NNI: done in 13.4895 secs using 399.8% CPU
Optimizing NNI: done in 9.84803 secs using 399.7% CPU
Optimizing NNI: done in 14.986 secs using 399.7% CPU
Optimizing NNI: done in 17.804 secs using 399.6% CPU
Optimizing NNI: done in 15.6636 secs using 399.3% CPU
Iteration 430 / LogL: -8978.785 / Time: 2h:19m:54s (0h:24m:27s left)
Optimizing NNI: done in 12.8728 secs using 399.7% CPU
Optimizing NNI: done in 20.4007 secs using 399.8% CPU
Optimizing NNI: done in 14.0901 secs using 399.7% CPU
Optimizing NNI: done in 15.4536 secs using 399.7% CPU
BETTER TREE FOUND at iteration 434: -8978.778
Optimizing NNI: done in 14.1663 secs using 399.6% CPU
Optimizing NNI: done in 16.4926 secs using 399.6% CPU
Optimizing NNI: done in 16.4703 secs using 399.7% CPU
Optimizing NNI: done in 17.7317 secs using 399.7% CPU
Optimizing NNI: done in 19.2516 secs using 399.3% CPU
Optimizing NNI: done in 13.4614 secs using 399.8% CPU
Iteration 440 / LogL: -8978.783 / Time: 2h:22m:35s (0h:30m:31s left)
Optimizing NNI: done in 18.9839 secs using 399.7% CPU
Optimizing NNI: done in 14.1173 secs using 399.8% CPU
Optimizing NNI: done in 16.0757 secs using 399.7% CPU
Optimizing NNI: done in 11.1068 secs using 399.7% CPU
Optimizing NNI: done in 13.3348 secs using 399.7% CPU
Optimizing NNI: done in 15.5087 secs using 399.6% CPU
Optimizing NNI: done in 10.8257 secs using 399.2% CPU
Optimizing NNI: done in 16.8593 secs using 399.3% CPU
Optimizing NNI: done in 13.9838 secs using 399.7% CPU
Optimizing NNI: done in 15.2884 secs using 399.7% CPU
Iteration 450 / LogL: -8978.785 / Time: 2h:25m:2s (0h:27m:8s left)
Optimizing NNI: done in 14.6762 secs using 399.6% CPU
Optimizing NNI: done in 13.7873 secs using 399.7% CPU
Optimizing NNI: done in 11.3215 secs using 399.7% CPU
Optimizing NNI: done in 13.1361 secs using 399.8% CPU
Optimizing NNI: done in 14.9336 secs using 399.6% CPU
Optimizing NNI: done in 10.2638 secs using 399.8% CPU
Optimizing NNI: done in 14.8037 secs using 399.8% CPU
Optimizing NNI: done in 12.7505 secs using 399.7% CPU
Optimizing NNI: done in 16.9072 secs using 399.3% CPU
Optimizing NNI: done in 19.7287 secs using 399.7% CPU
Iteration 460 / LogL: -8982.890 / Time: 2h:27m:26s (0h:23m:46s left)
Optimizing NNI: done in 11.3959 secs using 399.6% CPU
Optimizing NNI: done in 14.263 secs using 399.6% CPU
Optimizing NNI: done in 17.7025 secs using 399.6% CPU
Optimizing NNI: done in 19.0372 secs using 399.8% CPU
Optimizing NNI: done in 14.9936 secs using 399.7% CPU
Optimizing NNI: done in 15.7596 secs using 399.7% CPU
Optimizing NNI: done in 10.6302 secs using 399.8% CPU
Optimizing NNI: done in 14.9888 secs using 399.6% CPU
Optimizing NNI: done in 17.2418 secs using 399.5% CPU
Optimizing NNI: done in 10.6677 secs using 399.6% CPU
Iteration 470 / LogL: -8978.784 / Time: 2h:29m:54s (0h:20m:27s left)
Optimizing NNI: done in 14.5311 secs using 399.7% CPU
Optimizing NNI: done in 16.6278 secs using 399.6% CPU
Optimizing NNI: done in 14.1755 secs using 399.7% CPU
Optimizing NNI: done in 13.2651 secs using 399.7% CPU
Optimizing NNI: done in 13.6951 secs using 399.5% CPU
Optimizing NNI: done in 10.5063 secs using 399.9% CPU
Optimizing NNI: done in 16.4722 secs using 399.7% CPU
Optimizing NNI: done in 11.7196 secs using 399.6% CPU
Optimizing NNI: done in 15.0154 secs using 399.7% CPU
Optimizing NNI: done in 15.9249 secs using 399.3% CPU
Iteration 480 / LogL: -8982.700 / Time: 2h:32m:17s (0h:17m:10s left)
Optimizing NNI: done in 18.2941 secs using 399.7% CPU
Optimizing NNI: done in 13.367 secs using 399.7% CPU
Optimizing NNI: done in 9.72966 secs using 399.8% CPU
Optimizing NNI: done in 16.5635 secs using 399.7% CPU
Optimizing NNI: done in 13.5991 secs using 399.7% CPU
Optimizing NNI: done in 14.0856 secs using 399.6% CPU
Optimizing NNI: done in 14.6181 secs using 399.6% CPU
Optimizing NNI: done in 15.4848 secs using 399.6% CPU
Optimizing NNI: done in 16.812 secs using 399.5% CPU
Optimizing NNI: done in 16.4146 secs using 399.3% CPU
Iteration 490 / LogL: -8984.944 / Time: 2h:34m:47s (0h:13m:55s left)
Optimizing NNI: done in 18.3692 secs using 399.6% CPU
Optimizing NNI: done in 14.6722 secs using 399.7% CPU
Optimizing NNI: done in 17.4415 secs using 399.7% CPU
Optimizing NNI: done in 14.9493 secs using 399.7% CPU
Optimizing NNI: done in 16.5326 secs using 399.6% CPU
Optimizing NNI: done in 15.8452 secs using 399.6% CPU
Optimizing NNI: done in 19.5031 secs using 399.6% CPU
Optimizing NNI: done in 16.5987 secs using 399.4% CPU
Optimizing NNI: done in 17.1999 secs using 399.6% CPU
Optimizing NNI: done in 14.3356 secs using 399.6% CPU
Iteration 500 / LogL: -8978.782 / Time: 2h:37m:34s (0h:10m:44s left)
Optimizing NNI: done in 18.5115 secs using 399.7% CPU
Optimizing NNI: done in 12.859 secs using 399.6% CPU
Optimizing NNI: done in 19.1756 secs using 399.7% CPU
Optimizing NNI: done in 8.83024 secs using 399.8% CPU
Optimizing NNI: done in 14.9019 secs using 399.6% CPU
Optimizing NNI: done in 12.4755 secs using 399.6% CPU
Optimizing NNI: done in 16.0562 secs using 399.4% CPU
Optimizing NNI: done in 17.9129 secs using 399.6% CPU
Optimizing NNI: done in 17.0826 secs using 399.8% CPU
Optimizing NNI: done in 14.2714 secs using 399.7% CPU
Iteration 510 / LogL: -8996.769 / Time: 2h:40m:7s (0h:7m:33s left)
Optimizing NNI: done in 12.9323 secs using 399.7% CPU
Optimizing NNI: done in 18.7125 secs using 399.6% CPU
Optimizing NNI: done in 13.0334 secs using 399.7% CPU
Optimizing NNI: done in 11.4515 secs using 399.6% CPU
BETTER TREE FOUND at iteration 514: -8978.778
Optimizing NNI: done in 15.8284 secs using 399.7% CPU
Optimizing NNI: done in 13.7931 secs using 399% CPU
Optimizing NNI: done in 18.0574 secs using 399.7% CPU
Optimizing NNI: done in 14.707 secs using 399.8% CPU
Optimizing NNI: done in 11.316 secs using 399.7% CPU
Optimizing NNI: done in 15.0574 secs using 399.7% CPU
Iteration 520 / LogL: -8978.780 / Time: 2h:42m:33s (0h:29m:26s left)
Optimizing NNI: done in 12.7802 secs using 399.7% CPU
Optimizing NNI: done in 10.5966 secs using 399.6% CPU
Optimizing NNI: done in 12.6579 secs using 399.8% CPU
Optimizing NNI: done in 14.8442 secs using 399.7% CPU
Optimizing NNI: done in 19.5884 secs using 399.7% CPU
Optimizing NNI: done in 19.3946 secs using 399.4% CPU
Optimizing NNI: done in 12.544 secs using 399.3% CPU
Optimizing NNI: done in 10.6844 secs using 399.7% CPU
Optimizing NNI: done in 14.838 secs using 399.1% CPU
Optimizing NNI: done in 14.4631 secs using 399.7% CPU
Iteration 530 / LogL: -8984.944 / Time: 2h:44m:57s (0h:26m:11s left)
Optimizing NNI: done in 21.601 secs using 399.4% CPU
Optimizing NNI: done in 15.0042 secs using 399.7% CPU
Optimizing NNI: done in 11.3069 secs using 399.7% CPU
Optimizing NNI: done in 13.1691 secs using 399.6% CPU
Optimizing NNI: done in 21.1558 secs using 399.7% CPU
Optimizing NNI: done in 11.9863 secs using 399.6% CPU
Optimizing NNI: done in 22.6845 secs using 399.6% CPU
Optimizing NNI: done in 18.8502 secs using 399.8% CPU
Optimizing NNI: done in 12.4665 secs using 399.7% CPU
Optimizing NNI: done in 10.9045 secs using 399.7% CPU
Iteration 540 / LogL: -8983.063 / Time: 2h:47m:37s (0h:23m:0s left)
Optimizing NNI: done in 15.5431 secs using 399.7% CPU
Optimizing NNI: done in 17.7758 secs using 399.7% CPU
Optimizing NNI: done in 16.7283 secs using 399.7% CPU
Optimizing NNI: done in 18.4668 secs using 399.7% CPU
Optimizing NNI: done in 17.0637 secs using 399.4% CPU
Optimizing NNI: done in 15.1695 secs using 399.7% CPU
Optimizing NNI: done in 12.7101 secs using 399.7% CPU
Optimizing NNI: done in 15.4073 secs using 399.7% CPU
Optimizing NNI: done in 17.6367 secs using 399.7% CPU
Optimizing NNI: done in 10.659 secs using 399.6% CPU
Iteration 550 / LogL: -8978.789 / Time: 2h:50m:16s (0h:19m:50s left)
Optimizing NNI: done in 14.0744 secs using 399.7% CPU
Optimizing NNI: done in 10.1015 secs using 399.8% CPU
Optimizing NNI: done in 15.6268 secs using 399.5% CPU
Optimizing NNI: done in 11.2713 secs using 399% CPU
Optimizing NNI: done in 12.1489 secs using 399.8% CPU
Optimizing NNI: done in 15.6175 secs using 399.8% CPU
Optimizing NNI: done in 13.2668 secs using 399.6% CPU
Optimizing NNI: done in 14.0562 secs using 399.6% CPU
Optimizing NNI: done in 19.0073 secs using 399.8% CPU
Optimizing NNI: done in 10.8582 secs using 399.5% CPU
Iteration 560 / LogL: -8984.402 / Time: 2h:52m:33s (0h:16m:40s left)
Optimizing NNI: done in 13.3431 secs using 399.8% CPU
Optimizing NNI: done in 13.3257 secs using 399.7% CPU
Optimizing NNI: done in 11.6751 secs using 399.7% CPU
Optimizing NNI: done in 12.007 secs using 399.1% CPU
Optimizing NNI: done in 21.8036 secs using 399.7% CPU
Optimizing NNI: done in 17.5189 secs using 399.6% CPU
Optimizing NNI: done in 17.269 secs using 399.7% CPU
Optimizing NNI: done in 13.1895 secs using 399.7% CPU
Optimizing NNI: done in 14.8668 secs using 399.7% CPU
Optimizing NNI: done in 14.1122 secs using 399.7% CPU
Iteration 570 / LogL: -8978.842 / Time: 2h:55m:3s (0h:13m:32s left)
Optimizing NNI: done in 14.5571 secs using 399.7% CPU
Optimizing NNI: done in 13.3777 secs using 399.1% CPU
Optimizing NNI: done in 15.0464 secs using 399.7% CPU
Optimizing NNI: done in 15.8399 secs using 399.6% CPU
Optimizing NNI: done in 19.9425 secs using 399.7% CPU
Optimizing NNI: done in 11.0587 secs using 399.6% CPU
Optimizing NNI: done in 14.2519 secs using 399.7% CPU
Optimizing NNI: done in 12.6342 secs using 399.7% CPU
Optimizing NNI: done in 16.8244 secs using 399.7% CPU
Optimizing NNI: done in 16.4435 secs using 399.7% CPU
Iteration 580 / LogL: -8978.848 / Time: 2h:57m:35s (0h:10m:25s left)
Optimizing NNI: done in 15.83 secs using 399.8% CPU
Optimizing NNI: done in 16.175 secs using 399.2% CPU
Optimizing NNI: done in 15.7071 secs using 399.6% CPU
Optimizing NNI: done in 19.0609 secs using 399.7% CPU
Optimizing NNI: done in 12.0658 secs using 399.5% CPU
Optimizing NNI: done in 14.0991 secs using 399.8% CPU
Optimizing NNI: done in 14.0343 secs using 399.6% CPU
Optimizing NNI: done in 15.7147 secs using 399.7% CPU
Optimizing NNI: done in 15.6825 secs using 399.7% CPU
Optimizing NNI: done in 16.2433 secs using 399.8% CPU
Iteration 590 / LogL: -8978.783 / Time: 3h:0m:10s (0h:7m:20s left)
Optimizing NNI: done in 15.2725 secs using 399.8% CPU
Optimizing NNI: done in 13.367 secs using 399.3% CPU
Optimizing NNI: done in 17.9474 secs using 399.6% CPU
Optimizing NNI: done in 14.1142 secs using 399.6% CPU
Optimizing NNI: done in 12.8282 secs using 399.8% CPU
Optimizing NNI: done in 16.3949 secs using 399.8% CPU
Optimizing NNI: done in 12.0934 secs using 399.7% CPU
Optimizing NNI: done in 16.1149 secs using 399.6% CPU
Optimizing NNI: done in 16.2227 secs using 399.7% CPU
Optimizing NNI: done in 11.6392 secs using 399.6% CPU
Iteration 600 / LogL: -8984.332 / Time: 3h:2m:38s (0h:4m:16s left)
Optimizing NNI: done in 12.001 secs using 399.8% CPU
Optimizing NNI: done in 14.9738 secs using 399.7% CPU
Optimizing NNI: done in 16.5487 secs using 398.8% CPU
Optimizing NNI: done in 13.6855 secs using 399.6% CPU
Optimizing NNI: done in 22.516 secs using 399.7% CPU
Optimizing NNI: done in 13.9405 secs using 399.6% CPU
Optimizing NNI: done in 12.5702 secs using 399.7% CPU
BETTER TREE FOUND at iteration 607: -8978.777
Optimizing NNI: done in 16.0657 secs using 399.8% CPU
Optimizing NNI: done in 12.5245 secs using 399.8% CPU
Optimizing NNI: done in 11.8117 secs using 399.6% CPU
Iteration 610 / LogL: -8978.781 / Time: 3h:5m:5s (0h:29m:28s left)
Optimizing NNI: done in 15.3089 secs using 399.5% CPU
Optimizing NNI: done in 12.8655 secs using 399.1% CPU
Optimizing NNI: done in 12.6227 secs using 399.6% CPU
Optimizing NNI: done in 12.8771 secs using 399.6% CPU
Optimizing NNI: done in 13.4677 secs using 399.7% CPU
Optimizing NNI: done in 14.3533 secs using 399.7% CPU
Optimizing NNI: done in 14.7302 secs using 394.1% CPU
Optimizing NNI: done in 10.0215 secs using 399.7% CPU
Optimizing NNI: done in 17.5986 secs using 399.6% CPU
Optimizing NNI: done in 13.3968 secs using 399.6% CPU
Iteration 620 / LogL: -8978.780 / Time: 3h:7m:24s (0h:26m:20s left)
Optimizing NNI: done in 17.8941 secs using 399.6% CPU
Optimizing NNI: done in 12.9823 secs using 399.3% CPU
Optimizing NNI: done in 16.3413 secs using 399.6% CPU
Optimizing NNI: done in 23.33 secs using 399.8% CPU
Optimizing NNI: done in 17.5227 secs using 399.6% CPU
Optimizing NNI: done in 16.7681 secs using 399.6% CPU
Optimizing NNI: done in 16.0455 secs using 399.6% CPU
Optimizing NNI: done in 13.4065 secs using 399.7% CPU
Optimizing NNI: done in 15.9358 secs using 399.7% CPU
Optimizing NNI: done in 14.8117 secs using 399.6% CPU
Iteration 630 / LogL: -8978.784 / Time: 3h:10m:10s (0h:23m:16s left)
Optimizing NNI: done in 16.357 secs using 399.4% CPU
Optimizing NNI: done in 12.5282 secs using 399.7% CPU
Optimizing NNI: done in 15.0358 secs using 399.8% CPU
Optimizing NNI: done in 14.7896 secs using 399.6% CPU
Optimizing NNI: done in 18.8104 secs using 399.7% CPU
Optimizing NNI: done in 12.9496 secs using 399.6% CPU
Optimizing NNI: done in 15.7818 secs using 399.7% CPU
Optimizing NNI: done in 12.9154 secs using 399.7% CPU
Optimizing NNI: done in 18.8806 secs using 399.7% CPU
Optimizing NNI: done in 12.8572 secs using 399.3% CPU
Iteration 640 / LogL: -8980.280 / Time: 3h:12m:42s (0h:20m:12s left)
Optimizing NNI: done in 8.43348 secs using 399.7% CPU
Optimizing NNI: done in 17.1006 secs using 399.6% CPU
Optimizing NNI: done in 10.15 secs using 399.6% CPU
Optimizing NNI: done in 14.8869 secs using 399.7% CPU
Optimizing NNI: done in 10.2281 secs using 399.7% CPU
Optimizing NNI: done in 15.9833 secs using 399.8% CPU
Optimizing NNI: done in 15.496 secs using 399.7% CPU
Optimizing NNI: done in 21.9266 secs using 399.7% CPU
Optimizing NNI: done in 12.594 secs using 399.6% CPU
Optimizing NNI: done in 14.9805 secs using 399.5% CPU
Iteration 650 / LogL: -8990.027 / Time: 3h:15m:5s (0h:17m:8s left)
Optimizing NNI: done in 15.8448 secs using 399.6% CPU
Optimizing NNI: done in 21.9286 secs using 399.6% CPU
Optimizing NNI: done in 14.6332 secs using 399.7% CPU
Optimizing NNI: done in 15.6141 secs using 399.7% CPU
Optimizing NNI: done in 19.843 secs using 399.7% CPU
Optimizing NNI: done in 12.3409 secs using 399.7% CPU
Optimizing NNI: done in 13.8554 secs using 399.7% CPU
Optimizing NNI: done in 14.0402 secs using 399.1% CPU
Optimizing NNI: done in 14.1263 secs using 399.7% CPU
Optimizing NNI: done in 15.8714 secs using 399.7% CPU
Iteration 660 / LogL: -8984.331 / Time: 3h:17m:45s (0h:14m:6s left)
Optimizing NNI: done in 13.069 secs using 399.8% CPU
Optimizing NNI: done in 11.0778 secs using 399.7% CPU
Optimizing NNI: done in 12.846 secs using 399.6% CPU
Optimizing NNI: done in 16.1153 secs using 399.7% CPU
Optimizing NNI: done in 13.2712 secs using 399.7% CPU
Optimizing NNI: done in 20.7894 secs using 399.8% CPU
Optimizing NNI: done in 16.1369 secs using 399.1% CPU
Optimizing NNI: done in 18.1426 secs using 399.7% CPU
Optimizing NNI: done in 13.1234 secs using 399.6% CPU
Optimizing NNI: done in 12.1915 secs using 399.5% CPU
Iteration 670 / LogL: -8978.786 / Time: 3h:20m:13s (0h:11m:4s left)
Optimizing NNI: done in 13.9865 secs using 399.8% CPU
Optimizing NNI: done in 19.0108 secs using 399.8% CPU
Optimizing NNI: done in 17.1472 secs using 399.6% CPU
Optimizing NNI: done in 12.7701 secs using 399.7% CPU
Optimizing NNI: done in 10.6935 secs using 399.6% CPU
Optimizing NNI: done in 9.17733 secs using 398.9% CPU
Optimizing NNI: done in 18.5656 secs using 399.4% CPU
Optimizing NNI: done in 18.89 secs using 399.2% CPU
Optimizing NNI: done in 16.2276 secs using 399.8% CPU
Optimizing NNI: done in 14.3059 secs using 399% CPU
Iteration 680 / LogL: -8982.886 / Time: 3h:22m:45s (0h:8m:3s left)
Optimizing NNI: done in 22.2671 secs using 399.7% CPU
Optimizing NNI: done in 14.6789 secs using 399.6% CPU
Optimizing NNI: done in 13.8126 secs using 399.7% CPU
Optimizing NNI: done in 16.881 secs using 399.7% CPU
Optimizing NNI: done in 12.166 secs using 399.7% CPU
Optimizing NNI: done in 13.7221 secs using 399.6% CPU
Optimizing NNI: done in 15.3205 secs using 399.7% CPU
Optimizing NNI: done in 14.2556 secs using 399.5% CPU
Optimizing NNI: done in 18.8547 secs using 399.7% CPU
Optimizing NNI: done in 8.3168 secs using 399.7% CPU
Iteration 690 / LogL: -8999.019 / Time: 3h:25m:16s (0h:5m:3s left)
Optimizing NNI: done in 14.9833 secs using 399.7% CPU
Optimizing NNI: done in 12.1748 secs using 399.7% CPU
Optimizing NNI: done in 13.6432 secs using 399.8% CPU
Optimizing NNI: done in 14.5218 secs using 399.6% CPU
Optimizing NNI: done in 17.669 secs using 399.8% CPU
Optimizing NNI: done in 12.6726 secs using 399.7% CPU
Optimizing NNI: done in 14.5173 secs using 399.7% CPU
Optimizing NNI: done in 18.0941 secs using 399.5% CPU
Optimizing NNI: done in 9.92672 secs using 399.6% CPU
Optimizing NNI: done in 12.6926 secs using 399.7% CPU
Iteration 700 / LogL: -8978.873 / Time: 3h:27m:38s (0h:2m:4s left)
Optimizing NNI: done in 18.442 secs using 399.8% CPU
Optimizing NNI: done in 17.2632 secs using 399.6% CPU
Optimizing NNI: done in 21.1376 secs using 399.7% CPU
Optimizing NNI: done in 15.3297 secs using 399.7% CPU
Optimizing NNI: done in 16.572 secs using 399.7% CPU
Optimizing NNI: done in 15.3666 secs using 399.1% CPU
Optimizing NNI: done in 14.5631 secs using 399.8% CPU
Optimizing NNI: done in 12.9792 secs using 399.9% CPU
TREE SEARCH COMPLETED AFTER 708 ITERATIONS / Time: 3h:29m:51s

--------------------------------------------------------------------
|                    FINALIZING TREE SEARCH                        |
--------------------------------------------------------------------
Performs final model parameters optimization
Estimate model parameters (epsilon = 0.010)
1. Initial log-likelihood: -8978.777
Optimal log-likelihood: -8978.777
Gamma shape alpha: 0.223
Parameters optimization took 1 rounds (1.591 sec)
BEST SCORE FOUND : -8978.777
Total tree length: 0.220

Total number of iterations: 708
CPU time used for tree search: 50128.944 sec (13h:55m:28s)
Wall-clock time used for tree search: 12548.844 sec (3h:29m:8s)
Total CPU time used: 50304.217 sec (13h:58m:24s)
Total wall-clock time used: 12593.008 sec (3h:29m:53s)

Analysis results written to: 
  IQ-TREE report:                MYO7A_WAG.iqtree
  Maximum-likelihood tree:       MYO7A_WAG.treefile
  Likelihood distances:          MYO7A_WAG.mldist
  Screen log file:               MYO7A_WAG.log

Date and Time: Fri Jan 26 19:33:56 2024
