IQ-TREE multicore version 2.2.0-beta COVID-edition for Linux 64-bit built Dec 21 2021 built Dec 21 2021
Developed by Bui Quang Minh, James Barbetti, Nguyen Lam Tung,
Olga Chernomor, Heiko Schmidt, Dominik Schrempf, Michael Woodhams, Ly Trong Nhan.

Host:    awarnach (SSE3, 15 GB RAM)
Command: iqtree -s translated/OTOF_codon_aligned.translated.fasta -st AA -m WAG+G4 -pre OTOF_WAG -nt 4
Seed:    6983 (Using SPRNG - Scalable Parallel Random Number Generator)
Time:    Tue Feb  6 17:40:40 2024
Kernel:  SSE2 - 4 threads (4 CPU cores detected)

Reading alignment file translated/OTOF_codon_aligned.translated.fasta ... Fasta format detected
Reading fasta file: done in 0.010142 secs using 81.51% CPU
Alignment most likely contains protein sequences
Constructing alignment: done in 0.0126689 secs using 114.2% CPU
Alignment has 89 sequences with 2000 columns, 1452 distinct patterns
307 parsimony-informative, 291 singleton sites, 1402 constant sites
                   Gap/Ambiguity  Composition  p-value
Analyzing sequences: done in 0.00109857 secs using 99.58% CPU
   1  Bacu_OTOF            0.00%    passed     99.97%
   2  Barn_OTOF           66.50%    passed     41.12%
   3  Bbai76728_OTOF      31.45%    passed     99.94%
   4  BbonAUS_OTOF        33.70%    passed     99.70%
   5  Bbor_OTOF           29.65%    passed    100.00%
   6  Bede66737_OTOF      30.60%    passed     99.34%
   7  BedeAUS_OTOF        34.30%    passed     99.84%
   8  Bmus_OTOF            0.00%    passed     99.96%
   9  Bmys_OTOF           18.30%    passed     99.26%
  10  Bphy_OTOF            2.00%    passed     99.98%
  11  Bphy_baits_OTOF     30.15%    passed     99.27%
  12  Btau_OTOF            0.10%    passed     99.99%
  13  Ccom40_OTOF         54.90%    passed     98.71%
  14  Chea7320_OTOF       35.65%    passed     99.89%
  15  Cmar59905_OTOF      21.70%    passed     99.90%
  16  Dcap108471_OTOF     24.70%    passed    100.00%
  17  Dcap79929_OTOF      30.20%    passed    100.00%
  18  DdelSJR_OTOF        32.70%    passed     99.96%
  19  Ddeltrop4525_OTOF   20.60%    passed    100.00%
  20  Dleu_OTOF            0.00%    passed    100.00%
  21  EausAUS_OTOF        43.70%    passed     98.12%
  22  Egla13086_OTOF      27.05%    passed    100.00%
  23  Ejap43864_OTOF      32.70%    passed     99.96%
  24  Erob133443_OTOF     38.25%    passed     99.97%
  25  Fatt_OTOF           35.80%    passed     99.99%
  26  Ggri_OTOF           25.25%    passed    100.00%
  27  Gmac39091_OTOF      21.85%    passed     99.98%
  28  Gmel_OTOF            0.00%    passed     99.96%
  29  Hamp_OTOF           22.90%    passed    100.00%
  30  Hippo_OTOF           0.10%    passed     99.48%
  31  Igeo_OTOF           30.50%    passed    100.00%
  32  Kbre_OTOF           31.25%    passed     99.98%
  33  Ksim_OTOF           32.80%    passed     99.94%
  34  Lacu_OTOF           38.15%    passed    100.00%
  35  Lalb_OTOF           30.10%    passed    100.00%
  36  Laus_OTOF           29.10%    passed     99.78%
  37  Lbor_OTOF           55.10%    passed    100.00%
  38  Lhos30470_OTOF      24.00%    passed    100.00%
  39  Lhos452_OTOF        28.70%    passed    100.00%
  40  Lobl_OTOF            0.00%    passed     99.97%
  41  Lobs_OTOF           32.80%    passed     99.96%
  42  LperAUS_OTOF        34.85%    passed     98.08%
  43  Lvex_OTOF            0.50%    passed     99.99%
  44  Mbid_OTOF           38.80%    passed     99.99%
  45  Mbow_OTOF           26.95%    passed     99.97%
  46  Mcar_OTOF           39.35%    passed     97.41%
  47  Mden_OTOF           51.60%    passed     98.48%
  48  Meur_OTOF           36.20%    passed     99.32%
  49  Mgin_OTOF           34.45%    passed     99.95%
  50  Mhec_OTOF           51.80%    passed     98.45%
  51  MlayAUS_OTOF        40.65%    passed     96.04%
  52  Mmir_OTOF           54.20%    passed     99.58%
  53  Mmon_OTOF            0.00%    passed    100.00%
  54  Mper_OTOF           31.30%    passed     99.83%
  55  Mpni_OTOF           43.75%    passed     99.08%
  56  Mste_OTOF           22.35%    passed     99.99%
  57  Naasi_OTOF           0.00%    passed    100.00%
  58  Npho_OTOF            7.50%    passed     99.95%
  59  Oari_OTOF            0.10%    passed    100.00%
  60  Obre_OTOF           25.95%    passed     99.98%
  61  Ohei_OTOF           23.20%    passed    100.00%
  62  Oorc_OTOF            0.10%    passed     99.96%
  63  Ovtex_OTOF           0.10%    passed    100.00%
  64  Pbla7349_OTOF       29.00%    passed     99.99%
  65  Pcra123188_OTOF     31.80%    passed    100.00%
  66  Pdio_OTOF           31.30%    passed    100.00%
  67  Pele_OTOF           26.55%    passed     99.94%
  68  Pcat_OTOF            0.00%    passed     99.99%
  69  Pmac_OTOF           43.20%    passed     95.14%
  70  Ppho_OTOF           32.60%    passed     99.99%
  71  Psin_OTOF            0.00%    passed    100.00%
  72  Pspi_OTOF           49.55%    passed     99.87%
  73  Satt18473_OTOF      29.85%    passed    100.00%
  74  Satt38219_OTOF      54.80%    passed     97.40%
  75  Sbre116871_OTOF     22.95%    passed    100.00%
  76  Sbre18437_OTOF      31.00%    passed    100.00%
  77  Schi_OTOF           26.90%    passed    100.00%
  78  Scly1726_OTOF       23.75%    passed    100.00%
  79  Scoe_OTOF           29.45%    passed    100.00%
  80  Sflu9837_OTOF       30.55%    passed    100.00%
  81  Sfro7782_OTOF       32.90%    passed    100.00%
  82  Sfro7784_OTOF       27.85%    passed     99.99%
  83  Slon16012_OTOF      22.55%    passed    100.00%
  84  Slon24923_OTOF      30.10%    passed    100.00%
  85  Sscr_OTOF            1.15%    passed     99.97%
  86  Tadu79924_OTOF      47.00%    passed     99.93%
  87  Tshe_OTOF           37.85%    passed     96.17%
  88  Ttru_OTOF            0.00%    passed     99.97%
  89  Zcav_OTOF           35.95%    passed     96.28%
WARNING: 7 sequences contain more than 50% gaps/ambiguity
****  TOTAL               26.62%  0 sequences failed composition chi2 test (p-value<5%; df=19)
Checking for duplicate sequences: done in 0.0023174 secs using 528.7% CPU

Create initial parsimony tree by phylogenetic likelihood library (PLL)... 0.004 seconds

NOTE: 80 MB RAM (0 GB) is required!
Estimate model parameters (epsilon = 0.100)
1. Initial log-likelihood: -23522.251
2. Current log-likelihood: -21462.535
3. Current log-likelihood: -21325.137
4. Current log-likelihood: -21324.844
Optimal log-likelihood: -21324.839
Gamma shape alpha: 0.166
Parameters optimization took 4 rounds (14.709 sec)
Wrote distance file to... 
Computing ML distances based on estimated model parameters...
Calculating distance matrix: done in 2.102 secs using 380.7% CPU
Computing ML distances took 2.103521 sec (of wall-clock time) 8.004605 sec (of CPU time)
Setting up auxiliary I and S matrices: done in 0.00364356 secs using 222.9% CPU
Constructing RapidNJ tree: done in 0.278361 secs using 79.98% CPU
Computing RapidNJ tree took 0.282294 sec (of wall-clock time) 0.230827 sec (of CPU time)
Log-likelihood of RapidNJ tree: -14137.237
--------------------------------------------------------------------
|             INITIALIZING CANDIDATE TREE SET                      |
--------------------------------------------------------------------
Generating 98 parsimony trees... 0.793 second
Computing log-likelihood of 98 initial trees ... 96.066 seconds
Current best score: -14137.237

Do NNI search on 20 best initial trees
Optimizing NNI: done in 54.1728 secs using 376% CPU
Estimate model parameters (epsilon = 0.100)
BETTER TREE FOUND at iteration 1: -13921.619
Optimizing NNI: done in 225.856 secs using 375.6% CPU
Optimizing NNI: done in 190.92 secs using 375.7% CPU
Optimizing NNI: done in 158.077 secs using 375.9% CPU
Optimizing NNI: done in 158.253 secs using 375.1% CPU
Optimizing NNI: done in 176.45 secs using 375.5% CPU
Optimizing NNI: done in 212.009 secs using 375.8% CPU
Optimizing NNI: done in 162.889 secs using 375.5% CPU
Optimizing NNI: done in 114.131 secs using 375.3% CPU
Optimizing NNI: done in 192.321 secs using 375.3% CPU
Iteration 10 / LogL: -14160.616 / Time: 0h:29m:45s
Optimizing NNI: done in 220.853 secs using 375.4% CPU
Optimizing NNI: done in 190.929 secs using 375.5% CPU
Optimizing NNI: done in 169.549 secs using 375.1% CPU
Optimizing NNI: done in 281.994 secs using 375.6% CPU
Optimizing NNI: done in 154.048 secs using 375.6% CPU
Optimizing NNI: done in 199.073 secs using 375.9% CPU
Optimizing NNI: done in 198.728 secs using 375.6% CPU
Optimizing NNI: done in 201.019 secs using 375.6% CPU
Optimizing NNI: done in 137.433 secs using 375.5% CPU
Optimizing NNI: done in 176.557 secs using 375.4% CPU
Iteration 20 / LogL: -15757.427 / Time: 1h:1m:57s
Finish initializing candidate tree set (20)
Current best tree score: -13921.619 / CPU time: 3691.585
Number of iterations: 20
--------------------------------------------------------------------
|               OPTIMIZING CANDIDATE TREE SET                      |
--------------------------------------------------------------------
Optimizing NNI: done in 29.7705 secs using 375.7% CPU
Optimizing NNI: done in 38.3049 secs using 376.1% CPU
Estimate model parameters (epsilon = 0.100)
BETTER TREE FOUND at iteration 22: -13909.056
Optimizing NNI: done in 23.1208 secs using 376.3% CPU
Optimizing NNI: done in 35.469 secs using 375.5% CPU
Optimizing NNI: done in 47.8821 secs using 374.9% CPU
Optimizing NNI: done in 27.2075 secs using 374.5% CPU
Optimizing NNI: done in 26.3659 secs using 375.8% CPU
Optimizing NNI: done in 34.5408 secs using 376.2% CPU
Estimate model parameters (epsilon = 0.100)
BETTER TREE FOUND at iteration 28: -13902.426
Optimizing NNI: done in 42.7068 secs using 374.9% CPU
Optimizing NNI: done in 35.653 secs using 374.9% CPU
Iteration 30 / LogL: -13907.282 / Time: 1h:7m:46s (3h:49m:0s left)
Optimizing NNI: done in 48.3121 secs using 374.7% CPU
Estimate model parameters (epsilon = 0.100)
BETTER TREE FOUND at iteration 31: -13896.956
Optimizing NNI: done in 27.9103 secs using 376.8% CPU
Optimizing NNI: done in 52.9463 secs using 375.3% CPU
Optimizing NNI: done in 36.9006 secs using 375.5% CPU
BETTER TREE FOUND at iteration 34: -13896.956
Optimizing NNI: done in 41.3577 secs using 375.5% CPU
Optimizing NNI: done in 42.9202 secs using 374.9% CPU
Optimizing NNI: done in 35.3803 secs using 375% CPU
Optimizing NNI: done in 39.8558 secs using 375.5% CPU
Optimizing NNI: done in 36.7137 secs using 375.5% CPU
Optimizing NNI: done in 40.1398 secs using 374.5% CPU
Iteration 40 / LogL: -13901.846 / Time: 1h:14m:33s (2h:59m:43s left)
Optimizing NNI: done in 30.1325 secs using 376.1% CPU
Optimizing NNI: done in 22.8267 secs using 374.1% CPU
BETTER TREE FOUND at iteration 42: -13896.952
Optimizing NNI: done in 31.202 secs using 375.9% CPU
Estimate model parameters (epsilon = 0.100)
BETTER TREE FOUND at iteration 43: -13895.699
Optimizing NNI: done in 38.2384 secs using 375.3% CPU
Optimizing NNI: done in 46.2839 secs using 374.6% CPU
Optimizing NNI: done in 39.2978 secs using 376% CPU
Optimizing NNI: done in 38.9477 secs using 375.6% CPU
Optimizing NNI: done in 37.7822 secs using 374.8% CPU
Optimizing NNI: done in 36.083 secs using 374.6% CPU
Optimizing NNI: done in 40.7707 secs using 376.1% CPU
Iteration 50 / LogL: -13911.683 / Time: 1h:20m:40s (2h:33m:6s left)
Optimizing NNI: done in 35.007 secs using 374.6% CPU
Optimizing NNI: done in 28.6533 secs using 375.6% CPU
Optimizing NNI: done in 29.0717 secs using 375.3% CPU
Optimizing NNI: done in 41.9103 secs using 374.5% CPU
Optimizing NNI: done in 37.1205 secs using 375.4% CPU
Optimizing NNI: done in 32.9936 secs using 375% CPU
Optimizing NNI: done in 28.433 secs using 375% CPU
Optimizing NNI: done in 31.8317 secs using 375.5% CPU
Optimizing NNI: done in 29.5979 secs using 374.9% CPU
Optimizing NNI: done in 37.5026 secs using 376.9% CPU
Iteration 60 / LogL: -13909.212 / Time: 1h:26m:14s (2h:1m:19s left)
Optimizing NNI: done in 24.2204 secs using 375.7% CPU
Estimate model parameters (epsilon = 0.100)
BETTER TREE FOUND at iteration 61: -13886.755
Optimizing NNI: done in 32.4992 secs using 376.2% CPU
Optimizing NNI: done in 27.1795 secs using 375.7% CPU
Optimizing NNI: done in 32.9903 secs using 375.7% CPU
Optimizing NNI: done in 36.373 secs using 374.7% CPU
Optimizing NNI: done in 35.4271 secs using 375.7% CPU
Optimizing NNI: done in 36.5878 secs using 375.5% CPU
Optimizing NNI: done in 52.2287 secs using 374.8% CPU
Optimizing NNI: done in 31.9552 secs using 375.4% CPU
Optimizing NNI: done in 34.8239 secs using 374% CPU
Iteration 70 / LogL: -13895.704 / Time: 1h:32m:4s (2h:1m:25s left)
Optimizing NNI: done in 31.9976 secs using 376% CPU
Optimizing NNI: done in 27.5841 secs using 375.4% CPU
Optimizing NNI: done in 35.2427 secs using 376.9% CPU
Optimizing NNI: done in 40.9035 secs using 375.5% CPU
Optimizing NNI: done in 39.0148 secs using 376.2% CPU
Optimizing NNI: done in 52.3672 secs using 375.5% CPU
Optimizing NNI: done in 43.8215 secs using 375.4% CPU
Optimizing NNI: done in 31.1547 secs using 376.1% CPU
Estimate model parameters (epsilon = 0.100)
BETTER TREE FOUND at iteration 78: -13886.721
Optimizing NNI: done in 36.0258 secs using 375.6% CPU
Optimizing NNI: done in 29.2081 secs using 376.2% CPU
Iteration 80 / LogL: -13886.749 / Time: 1h:38m:16s (2h:1m:54s left)
Optimizing NNI: done in 21.9597 secs using 376.1% CPU
Optimizing NNI: done in 30.0906 secs using 375.5% CPU
Optimizing NNI: done in 35.743 secs using 376.3% CPU
Optimizing NNI: done in 28.3904 secs using 376.8% CPU
Estimate model parameters (epsilon = 0.100)
BETTER TREE FOUND at iteration 84: -13881.277
Optimizing NNI: done in 32.6583 secs using 376.2% CPU
Optimizing NNI: done in 36.9964 secs using 374.6% CPU
Optimizing NNI: done in 26.0226 secs using 375.9% CPU
Optimizing NNI: done in 37.2266 secs using 376.5% CPU
Optimizing NNI: done in 41.7592 secs using 375.1% CPU
Estimate model parameters (epsilon = 0.100)
BETTER TREE FOUND at iteration 89: -13881.252
Optimizing NNI: done in 35.8832 secs using 375.8% CPU
Iteration 90 / LogL: -13891.165 / Time: 1h:43m:51s (1h:55m:31s left)
Optimizing NNI: done in 40.967 secs using 374.8% CPU
Estimate model parameters (epsilon = 0.100)
BETTER TREE FOUND at iteration 91: -13862.722
Optimizing NNI: done in 35.2205 secs using 375.8% CPU
Optimizing NNI: done in 48.3001 secs using 375.3% CPU
Optimizing NNI: done in 41.7492 secs using 375.4% CPU
Optimizing NNI: done in 39.327 secs using 375.4% CPU
Optimizing NNI: done in 24.0656 secs using 375.9% CPU
Optimizing NNI: done in 37.7326 secs using 376.4% CPU
Optimizing NNI: done in 28.4651 secs using 375% CPU
Optimizing NNI: done in 38.6684 secs using 375.9% CPU
Optimizing NNI: done in 30.4676 secs using 375.8% CPU
Iteration 100 / LogL: -13903.107 / Time: 1h:50m:4s (1h:41m:10s left)
Optimizing NNI: done in 38.7742 secs using 376% CPU
Optimizing NNI: done in 36.6827 secs using 375.5% CPU
Optimizing NNI: done in 37.7062 secs using 375.1% CPU
Optimizing NNI: done in 44.1374 secs using 375.9% CPU
Optimizing NNI: done in 32.4226 secs using 375.8% CPU
Optimizing NNI: done in 32.8175 secs using 376.4% CPU
Optimizing NNI: done in 31.0012 secs using 375.1% CPU
Optimizing NNI: done in 31.5595 secs using 375.9% CPU
Optimizing NNI: done in 32.8229 secs using 376.4% CPU
Optimizing NNI: done in 30.0528 secs using 374% CPU
Iteration 110 / LogL: -13886.797 / Time: 1h:55m:54s (1h:26m:7s left)
Optimizing NNI: done in 34.1831 secs using 376.5% CPU
BETTER TREE FOUND at iteration 111: -13862.720
Optimizing NNI: done in 39.3992 secs using 374.8% CPU
Optimizing NNI: done in 30.3263 secs using 376% CPU
Optimizing NNI: done in 34.0874 secs using 375.2% CPU
Optimizing NNI: done in 26.4417 secs using 373.4% CPU
Optimizing NNI: done in 30.41 secs using 375.5% CPU
Optimizing NNI: done in 29.0024 secs using 375.6% CPU
Optimizing NNI: done in 48.9372 secs using 376% CPU
BETTER TREE FOUND at iteration 118: -13862.719
Optimizing NNI: done in 36.2567 secs using 375.9% CPU
Estimate model parameters (epsilon = 0.100)
BETTER TREE FOUND at iteration 119: -13860.543
Optimizing NNI: done in 41.2211 secs using 375.3% CPU
Iteration 120 / LogL: -13909.863 / Time: 2h:1m:49s (1h:41m:20s left)
Optimizing NNI: done in 33.6027 secs using 375.9% CPU
Optimizing NNI: done in 25.0143 secs using 375.8% CPU
Optimizing NNI: done in 35.0395 secs using 374.8% CPU
Optimizing NNI: done in 48.5361 secs using 375.8% CPU
Optimizing NNI: done in 40.0151 secs using 374.9% CPU
Optimizing NNI: done in 29.6458 secs using 376.1% CPU
Optimizing NNI: done in 35.0508 secs using 375.3% CPU
Optimizing NNI: done in 33.4972 secs using 374.3% CPU
BETTER TREE FOUND at iteration 128: -13860.542
Optimizing NNI: done in 29.3248 secs using 375.5% CPU
Optimizing NNI: done in 31.0503 secs using 375.7% CPU
Iteration 130 / LogL: -13861.862 / Time: 2h:7m:32s (1h:36m:53s left)
Optimizing NNI: done in 30.935 secs using 376.4% CPU
Optimizing NNI: done in 30.9165 secs using 376.1% CPU
Optimizing NNI: done in 35.7924 secs using 375% CPU
Optimizing NNI: done in 27.6185 secs using 375.3% CPU
BETTER TREE FOUND at iteration 134: -13860.542
Optimizing NNI: done in 29.7439 secs using 375.2% CPU
Optimizing NNI: done in 30.6067 secs using 376.9% CPU
Optimizing NNI: done in 31.7454 secs using 374.4% CPU
Optimizing NNI: done in 28.6838 secs using 375.1% CPU
Optimizing NNI: done in 34.3256 secs using 375.7% CPU
Optimizing NNI: done in 36.1316 secs using 375.7% CPU
Estimate model parameters (epsilon = 0.100)
BETTER TREE FOUND at iteration 140: -13858.540
Iteration 140 / LogL: -13858.540 / Time: 2h:12m:54s (1h:35m:36s left)
Optimizing NNI: done in 35.2588 secs using 376.2% CPU
Optimizing NNI: done in 33.4787 secs using 375.3% CPU
Optimizing NNI: done in 39.2047 secs using 375.1% CPU
Optimizing NNI: done in 41.9164 secs using 376.7% CPU
Optimizing NNI: done in 45.1898 secs using 375.3% CPU
Optimizing NNI: done in 26.2099 secs using 375.5% CPU
Estimate model parameters (epsilon = 0.100)
BETTER TREE FOUND at iteration 146: -13857.244
Optimizing NNI: done in 40.3773 secs using 375.4% CPU
Optimizing NNI: done in 34.5649 secs using 374.7% CPU
Optimizing NNI: done in 30.3075 secs using 376.8% CPU
Optimizing NNI: done in 32.6431 secs using 375% CPU
Iteration 150 / LogL: -13877.901 / Time: 2h:18m:58s (1h:29m:32s left)
Optimizing NNI: done in 36.0621 secs using 375% CPU
Optimizing NNI: done in 36.9767 secs using 374.9% CPU
Optimizing NNI: done in 29.2952 secs using 375.4% CPU
Optimizing NNI: done in 43.1234 secs using 375.3% CPU
Estimate model parameters (epsilon = 0.100)
BETTER TREE FOUND at iteration 154: -13855.260
Optimizing NNI: done in 34.3127 secs using 375.3% CPU
Optimizing NNI: done in 34.886 secs using 375.9% CPU
Optimizing NNI: done in 30.5822 secs using 374.3% CPU
Optimizing NNI: done in 42.781 secs using 374.9% CPU
Optimizing NNI: done in 27.676 secs using 375.4% CPU
Optimizing NNI: done in 30.1035 secs using 374.9% CPU
Iteration 160 / LogL: -13866.611 / Time: 2h:24m:49s (1h:25m:36s left)
Optimizing NNI: done in 26.8283 secs using 375.6% CPU
BETTER TREE FOUND at iteration 161: -13855.258
Optimizing NNI: done in 25.6204 secs using 373.9% CPU
Optimizing NNI: done in 33.1292 secs using 375% CPU
Optimizing NNI: done in 37.4095 secs using 374.5% CPU
Optimizing NNI: done in 42.2883 secs using 376.4% CPU
Optimizing NNI: done in 41.8505 secs using 371.6% CPU
Optimizing NNI: done in 31.6421 secs using 374.4% CPU
Optimizing NNI: done in 42.4259 secs using 375.2% CPU
Optimizing NNI: done in 29.9416 secs using 376.2% CPU
Optimizing NNI: done in 34.0136 secs using 373.9% CPU
Iteration 170 / LogL: -13861.348 / Time: 2h:30m:36s (1h:21m:5s left)
Optimizing NNI: done in 29.1643 secs using 374.6% CPU
Optimizing NNI: done in 28.1817 secs using 374.9% CPU
Optimizing NNI: done in 44.4863 secs using 375.6% CPU
Optimizing NNI: done in 39.713 secs using 375.3% CPU
Optimizing NNI: done in 35.6791 secs using 375.4% CPU
Optimizing NNI: done in 25.5417 secs using 374.7% CPU
Optimizing NNI: done in 29.9027 secs using 375% CPU
Optimizing NNI: done in 34.2496 secs using 376.2% CPU
Optimizing NNI: done in 38.8047 secs using 374.7% CPU
Optimizing NNI: done in 29.1118 secs using 375.9% CPU
Iteration 180 / LogL: -13862.177 / Time: 2h:36m:13s (1h:10m:41s left)
Optimizing NNI: done in 26.2686 secs using 374.4% CPU
Optimizing NNI: done in 32.9223 secs using 375.1% CPU
Optimizing NNI: done in 26.1614 secs using 375.4% CPU
Optimizing NNI: done in 33.5395 secs using 375.6% CPU
BETTER TREE FOUND at iteration 184: -13855.256
Optimizing NNI: done in 39.4035 secs using 375.5% CPU
Optimizing NNI: done in 29.5245 secs using 374% CPU
Optimizing NNI: done in 36.5941 secs using 375.3% CPU
Optimizing NNI: done in 33.0438 secs using 375.2% CPU
Optimizing NNI: done in 36.8259 secs using 375.2% CPU
Optimizing NNI: done in 31.8096 secs using 374% CPU
Iteration 190 / LogL: -13874.790 / Time: 2h:41m:41s (1h:20m:24s left)
Optimizing NNI: done in 42.517 secs using 375.6% CPU
BETTER TREE FOUND at iteration 191: -13855.255
Optimizing NNI: done in 39.4791 secs using 374.7% CPU
Optimizing NNI: done in 33.8378 secs using 375% CPU
Optimizing NNI: done in 33.4275 secs using 374.8% CPU
Optimizing NNI: done in 33.0724 secs using 374.5% CPU
Optimizing NNI: done in 30.4777 secs using 373.9% CPU
UPDATE BEST LOG-LIKELIHOOD: -13855.254
Optimizing NNI: done in 30.0877 secs using 377% CPU
Optimizing NNI: done in 39.4052 secs using 374.3% CPU
Optimizing NNI: done in 31.6314 secs using 375.3% CPU
Optimizing NNI: done in 27.1141 secs using 375.9% CPU
Iteration 200 / LogL: -13863.115 / Time: 2h:47m:24s (1h:16m:33s left)
Optimizing NNI: done in 35.0532 secs using 375% CPU
UPDATE BEST LOG-LIKELIHOOD: -13855.253
Optimizing NNI: done in 38.9113 secs using 375.4% CPU
Optimizing NNI: done in 34.3898 secs using 373.3% CPU
Optimizing NNI: done in 31.4608 secs using 375.5% CPU
Optimizing NNI: done in 38.7273 secs using 375.1% CPU
Optimizing NNI: done in 35.2601 secs using 374% CPU
Optimizing NNI: done in 36.2017 secs using 374.5% CPU
Optimizing NNI: done in 31.8244 secs using 375.2% CPU
Optimizing NNI: done in 31.5827 secs using 374% CPU
Optimizing NNI: done in 29.4525 secs using 375.4% CPU
Iteration 210 / LogL: -13855.256 / Time: 2h:53m:9s (1h:7m:6s left)
Optimizing NNI: done in 33.1093 secs using 374.3% CPU
Optimizing NNI: done in 28.0567 secs using 375.2% CPU
Optimizing NNI: done in 29.1566 secs using 374.2% CPU
Optimizing NNI: done in 32.1548 secs using 374.8% CPU
BETTER TREE FOUND at iteration 214: -13855.251
Optimizing NNI: done in 29.6967 secs using 374.2% CPU
Optimizing NNI: done in 47.8293 secs using 375% CPU
Optimizing NNI: done in 27.5271 secs using 375.7% CPU
Optimizing NNI: done in 25.2358 secs using 373.4% CPU
Optimizing NNI: done in 31.2948 secs using 374.1% CPU
Optimizing NNI: done in 33.2772 secs using 375.2% CPU
Iteration 220 / LogL: -13855.256 / Time: 2h:58m:28s (1h:16m:36s left)
Optimizing NNI: done in 36.2585 secs using 375.2% CPU
Optimizing NNI: done in 30.8736 secs using 375.4% CPU
Optimizing NNI: done in 36.5386 secs using 375.4% CPU
Optimizing NNI: done in 31.5402 secs using 374.7% CPU
Optimizing NNI: done in 41.9507 secs using 375.7% CPU
Optimizing NNI: done in 49.8753 secs using 374.7% CPU
Optimizing NNI: done in 29.9494 secs using 374.7% CPU
Optimizing NNI: done in 26.8216 secs using 376% CPU
Optimizing NNI: done in 29.4334 secs using 375.1% CPU
Optimizing NNI: done in 33.6302 secs using 376% CPU
Iteration 230 / LogL: -13855.258 / Time: 3h:4m:17s (1h:7m:36s left)
Optimizing NNI: done in 29.3402 secs using 374.6% CPU
Optimizing NNI: done in 42.547 secs using 376.9% CPU
Optimizing NNI: done in 33.3658 secs using 375.3% CPU
Optimizing NNI: done in 38.105 secs using 375.1% CPU
Optimizing NNI: done in 31.4617 secs using 376.2% CPU
Optimizing NNI: done in 34.0001 secs using 374.2% CPU
Optimizing NNI: done in 34.5611 secs using 376.7% CPU
Optimizing NNI: done in 37.6132 secs using 374.7% CPU
Optimizing NNI: done in 32.1587 secs using 375.3% CPU
Optimizing NNI: done in 29.5499 secs using 375.2% CPU
Iteration 240 / LogL: -13855.254 / Time: 3h:10m:2s (0h:58m:50s left)
Optimizing NNI: done in 26.4894 secs using 375.5% CPU
Optimizing NNI: done in 31.3276 secs using 376.3% CPU
Optimizing NNI: done in 20.8244 secs using 374.4% CPU
Optimizing NNI: done in 29.4253 secs using 375.3% CPU
Optimizing NNI: done in 35.625 secs using 375% CPU
Optimizing NNI: done in 28.4903 secs using 375.1% CPU
Optimizing NNI: done in 35.6308 secs using 374.9% CPU
Optimizing NNI: done in 26.8487 secs using 375.9% CPU
Optimizing NNI: done in 48.5255 secs using 375.2% CPU
Optimizing NNI: done in 37.3269 secs using 376.4% CPU
Iteration 250 / LogL: -13857.616 / Time: 3h:15m:25s (0h:50m:13s left)
Optimizing NNI: done in 25.603 secs using 375.3% CPU
Optimizing NNI: done in 31.3182 secs using 375.4% CPU
Optimizing NNI: done in 29.5336 secs using 375.5% CPU
Optimizing NNI: done in 27.2461 secs using 374.1% CPU
Optimizing NNI: done in 27.8585 secs using 375.4% CPU
Optimizing NNI: done in 28.9062 secs using 374% CPU
Optimizing NNI: done in 32.3217 secs using 375.7% CPU
Optimizing NNI: done in 29.7635 secs using 374.5% CPU
Optimizing NNI: done in 31.6605 secs using 375.8% CPU
Optimizing NNI: done in 36.9976 secs using 375.6% CPU
Iteration 260 / LogL: -13856.643 / Time: 3h:20m:28s (0h:41m:47s left)
Optimizing NNI: done in 32.9062 secs using 375.3% CPU
Optimizing NNI: done in 34.7957 secs using 375.2% CPU
Optimizing NNI: done in 44.4682 secs using 376.4% CPU
Estimate model parameters (epsilon = 0.100)
BETTER TREE FOUND at iteration 263: -13834.367
Optimizing NNI: done in 31.2047 secs using 375.5% CPU
Optimizing NNI: done in 26.5626 secs using 375.5% CPU
Optimizing NNI: done in 28.3377 secs using 375.7% CPU
Optimizing NNI: done in 31.9351 secs using 375.2% CPU
Optimizing NNI: done in 28.7761 secs using 375.3% CPU
Optimizing NNI: done in 41.0317 secs using 375.9% CPU
Optimizing NNI: done in 32.0349 secs using 375.4% CPU
Iteration 270 / LogL: -13919.515 / Time: 3h:26m:6s (1h:11m:15s left)
Optimizing NNI: done in 37.2534 secs using 376.2% CPU
Optimizing NNI: done in 31.7095 secs using 375.3% CPU
Optimizing NNI: done in 36.7752 secs using 376% CPU
Optimizing NNI: done in 32.2627 secs using 373.6% CPU
Optimizing NNI: done in 28.679 secs using 375.1% CPU
Optimizing NNI: done in 31.1857 secs using 375.4% CPU
Optimizing NNI: done in 37.3576 secs using 376.4% CPU
Estimate model parameters (epsilon = 0.100)
BETTER TREE FOUND at iteration 277: -13815.706
Optimizing NNI: done in 34.2252 secs using 374.2% CPU
Optimizing NNI: done in 34.1592 secs using 376.1% CPU
Optimizing NNI: done in 25.2115 secs using 374.5% CPU
Iteration 280 / LogL: -13835.752 / Time: 3h:31m:39s (1h:13m:35s left)
Optimizing NNI: done in 31.8622 secs using 377.1% CPU
Optimizing NNI: done in 25.436 secs using 374.6% CPU
Optimizing NNI: done in 30.8143 secs using 374.8% CPU
BETTER TREE FOUND at iteration 283: -13815.706
Optimizing NNI: done in 29.1564 secs using 376.7% CPU
Optimizing NNI: done in 36.7319 secs using 375.6% CPU
Optimizing NNI: done in 36.2385 secs using 374.4% CPU
Optimizing NNI: done in 36.199 secs using 375.2% CPU
Optimizing NNI: done in 29.7338 secs using 376.1% CPU
Optimizing NNI: done in 26.6777 secs using 375.2% CPU
Optimizing NNI: done in 30.0222 secs using 375.1% CPU
Iteration 290 / LogL: -13823.764 / Time: 3h:36m:54s (1h:9m:48s left)
Optimizing NNI: done in 40.8767 secs using 376.7% CPU
Optimizing NNI: done in 31.0903 secs using 376% CPU
Optimizing NNI: done in 27.5972 secs using 375% CPU
Optimizing NNI: done in 27.4061 secs using 375.7% CPU
Optimizing NNI: done in 33.8011 secs using 375.4% CPU
Optimizing NNI: done in 40.4344 secs using 375.7% CPU
Optimizing NNI: done in 28.6973 secs using 375.6% CPU
Optimizing NNI: done in 34.807 secs using 374.2% CPU
BETTER TREE FOUND at iteration 298: -13815.706
Optimizing NNI: done in 29.9269 secs using 376.6% CPU
Optimizing NNI: done in 28.2227 secs using 375.4% CPU
BETTER TREE FOUND at iteration 300: -13815.704
Iteration 300 / LogL: -13815.704 / Time: 3h:42m:19s (1h:14m:21s left)
Optimizing NNI: done in 22.4291 secs using 374.8% CPU
BETTER TREE FOUND at iteration 301: -13815.704
Optimizing NNI: done in 29.6688 secs using 376.5% CPU
Optimizing NNI: done in 28.809 secs using 374.2% CPU
Optimizing NNI: done in 29.959 secs using 374.7% CPU
Optimizing NNI: done in 27.5272 secs using 374.8% CPU
Optimizing NNI: done in 32.1651 secs using 373.7% CPU
Optimizing NNI: done in 30.3583 secs using 376.6% CPU
Estimate model parameters (epsilon = 0.100)
BETTER TREE FOUND at iteration 307: -13815.679
Optimizing NNI: done in 33.355 secs using 376.1% CPU
Optimizing NNI: done in 33.1186 secs using 376.5% CPU
BETTER TREE FOUND at iteration 309: -13815.678
Optimizing NNI: done in 35.3681 secs using 375.5% CPU
Iteration 310 / LogL: -13817.004 / Time: 3h:47m:27s (1h:12m:52s left)
Optimizing NNI: done in 37.2055 secs using 375.3% CPU
Optimizing NNI: done in 26.7592 secs using 376% CPU
Optimizing NNI: done in 27.9534 secs using 375.5% CPU
Optimizing NNI: done in 34.3594 secs using 375.9% CPU
Optimizing NNI: done in 29.8253 secs using 374.1% CPU
Optimizing NNI: done in 28.4591 secs using 375.4% CPU
Optimizing NNI: done in 28.1545 secs using 376.2% CPU
Optimizing NNI: done in 29.5383 secs using 375.5% CPU
Optimizing NNI: done in 29.2263 secs using 375.8% CPU
Optimizing NNI: done in 28.9413 secs using 375.5% CPU
Iteration 320 / LogL: -13822.819 / Time: 3h:52m:30s (1h:4m:52s left)
Optimizing NNI: done in 37.4657 secs using 375.2% CPU
Optimizing NNI: done in 28.0728 secs using 375.5% CPU
Optimizing NNI: done in 26.8158 secs using 375.4% CPU
Optimizing NNI: done in 37.1764 secs using 376.4% CPU
Optimizing NNI: done in 35.9131 secs using 375.9% CPU
Optimizing NNI: done in 30.3818 secs using 376.8% CPU
Optimizing NNI: done in 25.6081 secs using 374.8% CPU
Optimizing NNI: done in 30.638 secs using 374.4% CPU
Optimizing NNI: done in 34.4391 secs using 376.4% CPU
Optimizing NNI: done in 51.0232 secs using 374.7% CPU
Iteration 330 / LogL: -13815.749 / Time: 3h:58m:9s (0h:57m:11s left)
Optimizing NNI: done in 28.248 secs using 375.6% CPU
Optimizing NNI: done in 33.0883 secs using 376% CPU
Optimizing NNI: done in 34.4847 secs using 374.2% CPU
Optimizing NNI: done in 31.0145 secs using 375.5% CPU
Optimizing NNI: done in 34.0355 secs using 375.6% CPU
Optimizing NNI: done in 32.2577 secs using 375% CPU
Optimizing NNI: done in 29.856 secs using 376% CPU
Optimizing NNI: done in 30.4641 secs using 374.7% CPU
Optimizing NNI: done in 40.2229 secs using 375.1% CPU
Optimizing NNI: done in 28.8946 secs using 375% CPU
Iteration 340 / LogL: -13815.682 / Time: 4h:3m:34s (0h:49m:34s left)
Optimizing NNI: done in 31.5424 secs using 376.3% CPU
Optimizing NNI: done in 27.6033 secs using 374.6% CPU
BETTER TREE FOUND at iteration 342: -13815.678
Optimizing NNI: done in 35.1143 secs using 375.9% CPU
Optimizing NNI: done in 27.7511 secs using 374.9% CPU
Optimizing NNI: done in 31.5836 secs using 375.8% CPU
Optimizing NNI: done in 43.3229 secs using 375% CPU
Optimizing NNI: done in 25.2819 secs using 373.9% CPU
UPDATE BEST LOG-LIKELIHOOD: -13815.677
Optimizing NNI: done in 32.1817 secs using 375.4% CPU
Optimizing NNI: done in 26.238 secs using 375% CPU
Optimizing NNI: done in 35.4011 secs using 374.7% CPU
Iteration 350 / LogL: -13815.682 / Time: 4h:8m:52s (1h:5m:36s left)
Optimizing NNI: done in 26.976 secs using 375.5% CPU
Optimizing NNI: done in 36.0699 secs using 375% CPU
UPDATE BEST LOG-LIKELIHOOD: -13815.676
Optimizing NNI: done in 26.4813 secs using 376.6% CPU
Optimizing NNI: done in 30.0539 secs using 376.7% CPU
Optimizing NNI: done in 30.6841 secs using 375% CPU
Optimizing NNI: done in 27.5502 secs using 374.5% CPU
Optimizing NNI: done in 33.7598 secs using 375.1% CPU
Optimizing NNI: done in 27.8205 secs using 376.1% CPU
Optimizing NNI: done in 23.3314 secs using 377.7% CPU
Optimizing NNI: done in 28.3929 secs using 375.4% CPU
Iteration 360 / LogL: -13825.112 / Time: 4h:13m:46s (0h:57m:57s left)
Optimizing NNI: done in 49.3552 secs using 374.5% CPU
Optimizing NNI: done in 25.7819 secs using 374.9% CPU
Optimizing NNI: done in 29.4464 secs using 375.8% CPU
Optimizing NNI: done in 34.4364 secs using 375.8% CPU
Optimizing NNI: done in 29.475 secs using 375.3% CPU
Optimizing NNI: done in 31.2496 secs using 376.2% CPU
Optimizing NNI: done in 25.283 secs using 374.9% CPU
Optimizing NNI: done in 30.9015 secs using 376.4% CPU
Optimizing NNI: done in 36.52 secs using 375.7% CPU
Optimizing NNI: done in 32.1924 secs using 376% CPU
Iteration 370 / LogL: -13866.553 / Time: 4h:19m:13s (0h:50m:34s left)
Optimizing NNI: done in 30.7233 secs using 375.7% CPU
Optimizing NNI: done in 32.4213 secs using 375.2% CPU
Optimizing NNI: done in 34.8247 secs using 375% CPU
Optimizing NNI: done in 31.7391 secs using 374.1% CPU
Optimizing NNI: done in 30.9837 secs using 374.9% CPU
Optimizing NNI: done in 27.8386 secs using 376.4% CPU
Optimizing NNI: done in 26.2455 secs using 375.7% CPU
Optimizing NNI: done in 26.6674 secs using 374.4% CPU
Optimizing NNI: done in 32.3257 secs using 376.5% CPU
Optimizing NNI: done in 32.9851 secs using 374.8% CPU
Iteration 380 / LogL: -13827.836 / Time: 4h:24m:21s (0h:43m:14s left)
Optimizing NNI: done in 36.8566 secs using 375.7% CPU
Optimizing NNI: done in 30.1951 secs using 375% CPU
BETTER TREE FOUND at iteration 382: -13815.674
Optimizing NNI: done in 27.833 secs using 375% CPU
Optimizing NNI: done in 33.456 secs using 375.4% CPU
Optimizing NNI: done in 41.0417 secs using 375.4% CPU
Optimizing NNI: done in 38.6631 secs using 375.2% CPU
Optimizing NNI: done in 38.9854 secs using 374.4% CPU
Optimizing NNI: done in 42.5822 secs using 375.8% CPU
Optimizing NNI: done in 25.5113 secs using 374.4% CPU
Optimizing NNI: done in 27.3901 secs using 376.2% CPU
Iteration 390 / LogL: -13817.064 / Time: 4h:30m:6s (1h:3m:52s left)
Optimizing NNI: done in 29.707 secs using 374.6% CPU
Optimizing NNI: done in 24.9944 secs using 375.9% CPU
Optimizing NNI: done in 36.8757 secs using 374.3% CPU
Optimizing NNI: done in 35.6458 secs using 375.3% CPU
Optimizing NNI: done in 37.38 secs using 377.3% CPU
Optimizing NNI: done in 24.9052 secs using 374.3% CPU
Optimizing NNI: done in 28.6099 secs using 374.7% CPU
Optimizing NNI: done in 34.2792 secs using 375.6% CPU
Optimizing NNI: done in 31.6283 secs using 375.3% CPU
Optimizing NNI: done in 38.3516 secs using 375% CPU
Iteration 400 / LogL: -13825.110 / Time: 4h:35m:30s (0h:56m:37s left)
Optimizing NNI: done in 28.4047 secs using 374.8% CPU
Optimizing NNI: done in 30.7817 secs using 375.6% CPU
BETTER TREE FOUND at iteration 402: -13815.674
Optimizing NNI: done in 28.7955 secs using 375.6% CPU
Optimizing NNI: done in 31.3284 secs using 374.9% CPU
Optimizing NNI: done in 24.1235 secs using 377% CPU
Optimizing NNI: done in 26.832 secs using 376.2% CPU
Optimizing NNI: done in 24.9873 secs using 376% CPU
Optimizing NNI: done in 30.7893 secs using 375.4% CPU
Optimizing NNI: done in 19.7384 secs using 375.6% CPU
Optimizing NNI: done in 30.161 secs using 374.8% CPU
Iteration 410 / LogL: -13821.186 / Time: 4h:40m:9s (1h:3m:0s left)
Optimizing NNI: done in 33.5162 secs using 375.8% CPU
Optimizing NNI: done in 26.1351 secs using 375.4% CPU
Optimizing NNI: done in 43.5313 secs using 376.3% CPU
Optimizing NNI: done in 27.2035 secs using 374.2% CPU
Optimizing NNI: done in 24.2192 secs using 375.2% CPU
Optimizing NNI: done in 34.3377 secs using 375.8% CPU
Optimizing NNI: done in 24.7717 secs using 375% CPU
Optimizing NNI: done in 27.911 secs using 376% CPU
Optimizing NNI: done in 34.6726 secs using 375.4% CPU
Optimizing NNI: done in 29.127 secs using 375.7% CPU
Iteration 420 / LogL: -13824.342 / Time: 4h:45m:16s (0h:55m:49s left)
Optimizing NNI: done in 32.4019 secs using 374.6% CPU
Optimizing NNI: done in 31.9311 secs using 376% CPU
Optimizing NNI: done in 32.5382 secs using 375.3% CPU
Optimizing NNI: done in 27.0706 secs using 376.1% CPU
Optimizing NNI: done in 37.9846 secs using 369.5% CPU
Optimizing NNI: done in 36.6843 secs using 375.4% CPU
Optimizing NNI: done in 28.3739 secs using 375.2% CPU
BETTER TREE FOUND at iteration 427: -13815.674
Optimizing NNI: done in 26.1534 secs using 375% CPU
Optimizing NNI: done in 35.0739 secs using 374.9% CPU
Optimizing NNI: done in 29.405 secs using 375.4% CPU
Iteration 430 / LogL: -13815.690 / Time: 4h:50m:36s (1h:5m:42s left)
Optimizing NNI: done in 32.2201 secs using 374.6% CPU
Optimizing NNI: done in 32.9388 secs using 377% CPU
Optimizing NNI: done in 27.0028 secs using 375.4% CPU
Optimizing NNI: done in 27.3546 secs using 376.1% CPU
Optimizing NNI: done in 39.7346 secs using 375.1% CPU
Optimizing NNI: done in 31.8138 secs using 374.9% CPU
Optimizing NNI: done in 36.7473 secs using 374.4% CPU
Optimizing NNI: done in 39.9958 secs using 375.2% CPU
Optimizing NNI: done in 38.3828 secs using 375.2% CPU
Optimizing NNI: done in 28.8881 secs using 374.9% CPU
Iteration 440 / LogL: -13815.700 / Time: 4h:56m:13s (0h:58m:42s left)
Optimizing NNI: done in 34.3861 secs using 375.8% CPU
Optimizing NNI: done in 25.7045 secs using 375.5% CPU
Optimizing NNI: done in 37.405 secs using 375.3% CPU
Optimizing NNI: done in 32.4512 secs using 375% CPU
Optimizing NNI: done in 33.6828 secs using 375.5% CPU
Optimizing NNI: done in 30.2343 secs using 374.4% CPU
Optimizing NNI: done in 28.9326 secs using 375.5% CPU
Optimizing NNI: done in 32.7754 secs using 374.6% CPU
Optimizing NNI: done in 35.5611 secs using 374.2% CPU
Optimizing NNI: done in 31.1422 secs using 375.1% CPU
Iteration 450 / LogL: -13815.680 / Time: 5h:1m:37s (0h:51m:43s left)
Optimizing NNI: done in 28.8073 secs using 376.1% CPU
Optimizing NNI: done in 26.5075 secs using 374.5% CPU
Optimizing NNI: done in 21.652 secs using 375.4% CPU
Optimizing NNI: done in 36.1812 secs using 375.3% CPU
Optimizing NNI: done in 27.5777 secs using 374.2% CPU
Optimizing NNI: done in 30.2227 secs using 376.3% CPU
Optimizing NNI: done in 26.0675 secs using 374.3% CPU
Optimizing NNI: done in 28.1996 secs using 374.5% CPU
Optimizing NNI: done in 33.215 secs using 374.8% CPU
Optimizing NNI: done in 30.4596 secs using 374.6% CPU
Iteration 460 / LogL: -13817.706 / Time: 5h:6m:28s (0h:44m:44s left)
Optimizing NNI: done in 30.9039 secs using 375.9% CPU
Optimizing NNI: done in 29.4567 secs using 377% CPU
Optimizing NNI: done in 28.3463 secs using 374.4% CPU
Optimizing NNI: done in 31.4817 secs using 375.8% CPU
Optimizing NNI: done in 32.3957 secs using 374.8% CPU
UPDATE BEST LOG-LIKELIHOOD: -13815.671
Optimizing NNI: done in 40.4812 secs using 375.1% CPU
Optimizing NNI: done in 30.593 secs using 376.2% CPU
Optimizing NNI: done in 25.7611 secs using 375.6% CPU
Optimizing NNI: done in 36.7583 secs using 374% CPU
Optimizing NNI: done in 41.0696 secs using 376.6% CPU
Iteration 470 / LogL: -13815.671 / Time: 5h:11m:57s (0h:37m:54s left)
Optimizing NNI: done in 30.0353 secs using 376.2% CPU
Optimizing NNI: done in 33.0422 secs using 375.1% CPU
Optimizing NNI: done in 30.8949 secs using 375.2% CPU
Optimizing NNI: done in 33.7133 secs using 375.1% CPU
Optimizing NNI: done in 28.0437 secs using 374.2% CPU
Optimizing NNI: done in 31.0471 secs using 375.7% CPU
Optimizing NNI: done in 23.9488 secs using 375.5% CPU
Optimizing NNI: done in 29.5177 secs using 375.7% CPU
Optimizing NNI: done in 30.9048 secs using 375.8% CPU
Optimizing NNI: done in 37.7127 secs using 375% CPU
Iteration 480 / LogL: -13867.866 / Time: 5h:17m:8s (0h:31m:7s left)
Optimizing NNI: done in 33.9361 secs using 374.8% CPU
Optimizing NNI: done in 31.9646 secs using 374.7% CPU
Optimizing NNI: done in 33.1403 secs using 376.4% CPU
Optimizing NNI: done in 33.9918 secs using 374.9% CPU
Optimizing NNI: done in 29.2981 secs using 376.2% CPU
Optimizing NNI: done in 26.9594 secs using 375.7% CPU
Optimizing NNI: done in 27.9066 secs using 376.2% CPU
Optimizing NNI: done in 37.7548 secs using 374.4% CPU
Optimizing NNI: done in 26.8516 secs using 376.1% CPU
Optimizing NNI: done in 41.9968 secs using 374.4% CPU
Iteration 490 / LogL: -13815.685 / Time: 5h:22m:34s (0h:24m:24s left)
Optimizing NNI: done in 34.7796 secs using 375.5% CPU
Optimizing NNI: done in 30.1937 secs using 375% CPU
Optimizing NNI: done in 33.3717 secs using 375.4% CPU
Optimizing NNI: done in 39.1045 secs using 376.1% CPU
Optimizing NNI: done in 37.6284 secs using 375.5% CPU
Optimizing NNI: done in 27.4488 secs using 374.4% CPU
Optimizing NNI: done in 28.2532 secs using 376.1% CPU
Optimizing NNI: done in 34.4403 secs using 376.1% CPU
Optimizing NNI: done in 33.4806 secs using 375.8% CPU
Optimizing NNI: done in 28.0396 secs using 375.1% CPU
Iteration 500 / LogL: -13815.677 / Time: 5h:28m:3s (0h:17m:45s left)
Optimizing NNI: done in 34.8017 secs using 375.4% CPU
Optimizing NNI: done in 29.3569 secs using 374% CPU
Optimizing NNI: done in 36.9526 secs using 376.4% CPU
Optimizing NNI: done in 29.7049 secs using 375.6% CPU
Optimizing NNI: done in 30.3125 secs using 376.5% CPU
Optimizing NNI: done in 39.0734 secs using 374.9% CPU
Optimizing NNI: done in 25.3944 secs using 376.6% CPU
Optimizing NNI: done in 29.955 secs using 374.6% CPU
Optimizing NNI: done in 33.5071 secs using 375.6% CPU
Optimizing NNI: done in 21.8493 secs using 375.6% CPU
Iteration 510 / LogL: -13815.676 / Time: 5h:33m:16s (0h:11m:7s left)
Optimizing NNI: done in 26.3135 secs using 375.2% CPU
Optimizing NNI: done in 35.0698 secs using 375.5% CPU
Optimizing NNI: done in 45.4149 secs using 375.1% CPU
Optimizing NNI: done in 29.443 secs using 375.6% CPU
Optimizing NNI: done in 47.7635 secs using 375% CPU
Optimizing NNI: done in 35.0267 secs using 375.5% CPU
Optimizing NNI: done in 33.794 secs using 375.7% CPU
Optimizing NNI: done in 33.6308 secs using 375.7% CPU
Optimizing NNI: done in 31.136 secs using 375.8% CPU
Optimizing NNI: done in 31.1594 secs using 376% CPU
BETTER TREE FOUND at iteration 520: -13815.670
Iteration 520 / LogL: -13815.670 / Time: 5h:39m:7s (1h:5m:20s left)
Optimizing NNI: done in 26.1745 secs using 375.5% CPU
Optimizing NNI: done in 33.3388 secs using 375.3% CPU
Optimizing NNI: done in 32.6055 secs using 374.5% CPU
Optimizing NNI: done in 29.6054 secs using 375.3% CPU
Optimizing NNI: done in 31.8915 secs using 375.8% CPU
Optimizing NNI: done in 29.3933 secs using 374.8% CPU
Optimizing NNI: done in 46.4925 secs using 375.7% CPU
Optimizing NNI: done in 34.2842 secs using 375.7% CPU
Optimizing NNI: done in 27.5792 secs using 376.4% CPU
Optimizing NNI: done in 28.9856 secs using 375% CPU
Iteration 530 / LogL: -13819.248 / Time: 5h:44m:30s (0h:58m:36s left)
Optimizing NNI: done in 37.6879 secs using 375.5% CPU
Optimizing NNI: done in 33.6292 secs using 374.9% CPU
Optimizing NNI: done in 36.6475 secs using 375.6% CPU
Optimizing NNI: done in 29.4834 secs using 374.4% CPU
Optimizing NNI: done in 33.1917 secs using 373.8% CPU
Optimizing NNI: done in 37.5073 secs using 376.1% CPU
Optimizing NNI: done in 32.9263 secs using 374.1% CPU
Optimizing NNI: done in 30.8189 secs using 375.3% CPU
Optimizing NNI: done in 35.3551 secs using 374.8% CPU
Optimizing NNI: done in 26.9351 secs using 375.8% CPU
Iteration 540 / LogL: -13815.678 / Time: 5h:50m:6s (0h:51m:57s left)
Optimizing NNI: done in 28.1779 secs using 374.3% CPU
Optimizing NNI: done in 33.5912 secs using 375.4% CPU
Optimizing NNI: done in 40.3284 secs using 375% CPU
Optimizing NNI: done in 33.6729 secs using 375.1% CPU
Optimizing NNI: done in 29.4803 secs using 375.5% CPU
Optimizing NNI: done in 36.9653 secs using 375.3% CPU
Optimizing NNI: done in 24.9402 secs using 376.9% CPU
Optimizing NNI: done in 36.7194 secs using 374.5% CPU
Optimizing NNI: done in 30.3165 secs using 375.8% CPU
Optimizing NNI: done in 24.8749 secs using 376.1% CPU
Iteration 550 / LogL: -13821.180 / Time: 5h:55m:27s (0h:45m:19s left)
Optimizing NNI: done in 29.4282 secs using 376.2% CPU
Optimizing NNI: done in 59.2351 secs using 375.3% CPU
Optimizing NNI: done in 35.6647 secs using 374.1% CPU
Optimizing NNI: done in 39.1872 secs using 375.6% CPU
Optimizing NNI: done in 36.5802 secs using 373.4% CPU
Optimizing NNI: done in 31.0724 secs using 374.4% CPU
Optimizing NNI: done in 29.4483 secs using 375.5% CPU
Optimizing NNI: done in 30.6759 secs using 375.1% CPU
Optimizing NNI: done in 30.9572 secs using 375.8% CPU
Optimizing NNI: done in 42.5053 secs using 374.5% CPU
Iteration 560 / LogL: -13820.449 / Time: 6h:1m:34s (0h:38m:48s left)
Optimizing NNI: done in 29.0816 secs using 376.5% CPU
Optimizing NNI: done in 32.6228 secs using 376.5% CPU
Optimizing NNI: done in 35.7323 secs using 375.4% CPU
Optimizing NNI: done in 31.7363 secs using 375.6% CPU
Optimizing NNI: done in 34.1058 secs using 376.5% CPU
Optimizing NNI: done in 38.5251 secs using 375% CPU
Optimizing NNI: done in 29.7999 secs using 374.2% CPU
Optimizing NNI: done in 24.61 secs using 375.7% CPU
Optimizing NNI: done in 34.4829 secs using 375.7% CPU
Optimizing NNI: done in 27.6 secs using 376% CPU
Iteration 570 / LogL: -13815.675 / Time: 6h:6m:54s (0h:32m:14s left)
Optimizing NNI: done in 26.8545 secs using 376.4% CPU
Optimizing NNI: done in 28.7006 secs using 376.1% CPU
Optimizing NNI: done in 33.7006 secs using 374.8% CPU
Optimizing NNI: done in 33.6657 secs using 375.8% CPU
Optimizing NNI: done in 41.071 secs using 375.4% CPU
Optimizing NNI: done in 31.4968 secs using 374.9% CPU
Optimizing NNI: done in 32.391 secs using 375.1% CPU
Optimizing NNI: done in 25.4247 secs using 376.5% CPU
Optimizing NNI: done in 30.79 secs using 376.2% CPU
Optimizing NNI: done in 31.5614 secs using 376.2% CPU
Iteration 580 / LogL: -13817.113 / Time: 6h:12m:12s (0h:25m:42s left)
Optimizing NNI: done in 37.8093 secs using 376% CPU
Optimizing NNI: done in 27.4034 secs using 374.9% CPU
Optimizing NNI: done in 29.563 secs using 376.1% CPU
Optimizing NNI: done in 26.4185 secs using 375.9% CPU
Optimizing NNI: done in 28.2865 secs using 375.1% CPU
Optimizing NNI: done in 37.4732 secs using 371.2% CPU
Optimizing NNI: done in 32.4944 secs using 376.2% CPU
Optimizing NNI: done in 34.9113 secs using 375% CPU
Optimizing NNI: done in 35.2055 secs using 375.5% CPU
Optimizing NNI: done in 35.8585 secs using 375% CPU
Iteration 590 / LogL: -13815.680 / Time: 6h:17m:40s (0h:19m:14s left)
Optimizing NNI: done in 29.6028 secs using 375.3% CPU
Optimizing NNI: done in 33.6885 secs using 374.7% CPU
Optimizing NNI: done in 33.4819 secs using 375% CPU
Optimizing NNI: done in 29.455 secs using 369% CPU
Optimizing NNI: done in 26.8394 secs using 375.5% CPU
Optimizing NNI: done in 30.1491 secs using 376.3% CPU
Optimizing NNI: done in 21.1485 secs using 376.9% CPU
Optimizing NNI: done in 38.0775 secs using 375.5% CPU
Optimizing NNI: done in 41.3192 secs using 374.5% CPU
Optimizing NNI: done in 33.331 secs using 375% CPU
Iteration 600 / LogL: -13821.198 / Time: 6h:22m:59s (0h:12m:47s left)
Optimizing NNI: done in 31.116 secs using 375.4% CPU
Optimizing NNI: done in 40.482 secs using 374.4% CPU
Optimizing NNI: done in 38.2278 secs using 374.6% CPU
Optimizing NNI: done in 28.76 secs using 375% CPU
Optimizing NNI: done in 31.628 secs using 375.1% CPU
Optimizing NNI: done in 29.915 secs using 375% CPU
Optimizing NNI: done in 32.2532 secs using 374.1% CPU
Optimizing NNI: done in 29.5631 secs using 375.2% CPU
Optimizing NNI: done in 34.5745 secs using 373.8% CPU
Optimizing NNI: done in 27.2047 secs using 374.4% CPU
Iteration 610 / LogL: -13815.671 / Time: 6h:28m:25s (0h:6m:22s left)
Optimizing NNI: done in 33.5559 secs using 375.9% CPU
Optimizing NNI: done in 37.1454 secs using 374.4% CPU
Optimizing NNI: done in 31.4711 secs using 375.9% CPU
Optimizing NNI: done in 27.0349 secs using 375.4% CPU
Optimizing NNI: done in 27.3187 secs using 374.3% CPU
Optimizing NNI: done in 29.5812 secs using 376.5% CPU
Optimizing NNI: done in 28.0257 secs using 375% CPU
Optimizing NNI: done in 24.6235 secs using 375.9% CPU
Optimizing NNI: done in 35.705 secs using 375.2% CPU
Optimizing NNI: done in 33.3542 secs using 375.3% CPU
Iteration 620 / LogL: -13815.699 / Time: 6h:33m:35s (0h:0m:0s left)
Optimizing NNI: done in 32.8518 secs using 375.2% CPU
TREE SEARCH COMPLETED AFTER 621 ITERATIONS / Time: 6h:34m:8s

--------------------------------------------------------------------
|                    FINALIZING TREE SEARCH                        |
--------------------------------------------------------------------
Performs final model parameters optimization
Estimate model parameters (epsilon = 0.010)
1. Initial log-likelihood: -13815.670
Optimal log-likelihood: -13815.670
Gamma shape alpha: 0.405
Parameters optimization took 1 rounds (2.759 sec)
BEST SCORE FOUND : -13815.670
Total tree length: 0.743

Total number of iterations: 621
CPU time used for tree search: 88637.918 sec (24h:37m:17s)
Wall-clock time used for tree search: 23622.558 sec (6h:33m:42s)
Total CPU time used: 88743.271 sec (24h:39m:3s)
Total wall-clock time used: 23650.952 sec (6h:34m:10s)

Analysis results written to: 
  IQ-TREE report:                OTOF_WAG.iqtree
  Maximum-likelihood tree:       OTOF_WAG.treefile
  Likelihood distances:          OTOF_WAG.mldist
  Screen log file:               OTOF_WAG.log

Date and Time: Wed Feb  7 00:14:51 2024
