IQ-TREE multicore version 2.2.0-beta COVID-edition for Linux 64-bit built Dec 21 2021 built Dec 21 2021
Developed by Bui Quang Minh, James Barbetti, Nguyen Lam Tung,
Olga Chernomor, Heiko Schmidt, Dominik Schrempf, Michael Woodhams, Ly Trong Nhan.

Host:    awarnach10 (SSE3, 3 GB RAM)
Command: iqtree -s translated/PCDH15_codon_aligned.translated.fasta -st AA -m WAG+G4 -pre PCDH15_WAG -nt 4
Seed:    783201 (Using SPRNG - Scalable Parallel Random Number Generator)
Time:    Sat Jan 27 05:52:35 2024
Kernel:  SSE2 - 4 threads (4 CPU cores detected)

Reading alignment file translated/PCDH15_codon_aligned.translated.fasta ... Fasta format detected
Reading fasta file: done in 0.00722644 secs using 63.38% CPU
Alignment most likely contains protein sequences
Constructing alignment: done in 0.0102973 secs using 131.6% CPU
Alignment has 90 sequences with 1784 columns, 1002 distinct patterns
344 parsimony-informative, 204 singleton sites, 1236 constant sites
                     Gap/Ambiguity  Composition  p-value
Analyzing sequences: done in 0.00049532 secs using 99.33% CPU
   1  Bacu_PCDH15            2.19%    passed     25.24%
   2  Barn_PCDH15           45.96%    passed     99.69%
   3  Bbai76728_PCDH15      35.65%    passed     99.97%
   4  BbonAUS_PCDH15        23.71%    passed    100.00%
   5  Bbor_PCDH15           25.11%    passed    100.00%
   6  Bede66737_PCDH15      25.11%    passed    100.00%
   7  BedeAUS_PCDH15        25.11%    passed    100.00%
   8  Bmus_PCDH15            2.19%    passed     40.07%
   9  Bphy_baits_PCDH15     30.27%    passed     99.90%
  10  Btau_PCDH15            0.50%    failed      0.15%
  11  Ccom40_PCDH15         30.66%    passed     99.99%
  12  Cela_PCDH15            8.74%    passed     99.94%
  13  Chea7320_PCDH15       29.88%    passed    100.00%
  14  Cmar59905_PCDH15      26.01%    passed     99.99%
  15  Dcap108471_PCDH15     23.32%    passed    100.00%
  16  Dcap79929_PCDH15      34.92%    passed     99.99%
  17  DdelSJR_PCDH15        23.26%    passed    100.00%
  18  Ddeltrop4525_PCDH15   25.67%    passed    100.00%
  19  Dleu_PCDH15            0.50%    failed      0.06%
  20  EausAUS_PCDH15        23.71%    passed    100.00%
  21  Egla13086_PCDH15      27.35%    passed     99.98%
  22  Ejap43864_PCDH15      23.71%    passed    100.00%
  23  Erob133443_PCDH15     25.84%    passed     99.99%
  24  Fatt_PCDH15           23.26%    passed    100.00%
  25  Ggri_PCDH15           23.26%    passed    100.00%
  26  Gmac39091_PCDH15      23.26%    passed    100.00%
  27  Gmel_PCDH15            0.28%    failed      0.09%
  28  Hamp_PCDH15           23.54%    passed    100.00%
  29  Hippo_PCDH15           2.19%    failed      2.80%
  30  Igeo_PCDH15           48.99%    passed     99.00%
  31  Kbre_PCDH15           24.94%    passed     99.99%
  32  Ksim_PCDH15           31.89%    passed     99.97%
  33  Lacu_PCDH15           24.78%    passed    100.00%
  34  Lalb_PCDH15           23.26%    passed    100.00%
  35  Laus_PCDH15           26.18%    passed     99.99%
  36  Lbor_PCDH15           32.17%    passed     99.99%
  37  Lhos30470_PCDH15      34.98%    passed     99.98%
  38  Lhos452_PCDH15        23.26%    passed    100.00%
  39  Lobl_PCDH15            2.30%    passed      8.13%
  40  Lobs_PCDH15           25.39%    passed    100.00%
  41  LperAUS_PCDH15        23.32%    passed    100.00%
  42  Lvex_PCDH15           18.89%    failed      0.00%
  43  Mbid_PCDH15           41.82%    passed     99.10%
  44  Mbow_PCDH15           23.54%    passed    100.00%
  45  Mcar_PCDH15           23.54%    passed    100.00%
  46  Mden_PCDH15           28.14%    passed     99.99%
  47  Meur_PCDH15           23.54%    passed    100.00%
  48  Mgin_PCDH15           23.60%    passed    100.00%
  49  MgraAUS_PCDH15        38.68%    passed     99.98%
  50  Mhec_PCDH15           23.54%    passed    100.00%
  51  MlayAUS_PCDH15        23.54%    passed    100.00%
  52  Mmir_PCDH15           26.35%    passed    100.00%
  53  Mmon_PCDH15            0.11%    failed      0.02%
  54  Mper_PCDH15           23.54%    passed    100.00%
  55  Mpni_PCDH15           23.65%    passed    100.00%
  56  Mste_PCDH15           23.54%    passed    100.00%
  57  Naasi_PCDH15           0.39%    failed      0.03%
  58  Npho_PCDH15           30.89%    passed    100.00%
  59  Oari_PCDH15            0.56%    failed      0.23%
  60  Obre_PCDH15           23.26%    passed    100.00%
  61  Ohei_PCDH15           27.69%    passed    100.00%
  62  Oorc_PCDH15            1.74%    failed      0.11%
  63  Pbla7349_PCDH15       32.34%    passed     99.86%
  64  Pcat_PCDH15            2.24%    passed     28.74%
  65  Pcra123188_PCDH15     25.34%    passed    100.00%
  66  Pdal_PCDH15           52.02%    passed     95.81%
  67  Pdio_PCDH15           26.18%    passed     99.93%
  68  Pele_PCDH15           25.34%    passed    100.00%
  69  Pmac_PCDH15           25.28%    passed     99.99%
  70  Ppho_PCDH15           29.88%    passed     99.72%
  71  Psin_PCDH15            0.78%    failed      0.03%
  72  Pspi_PCDH15           29.93%    passed     99.79%
  73  Satt18473_PCDH15      26.85%    passed    100.00%
  74  Satt38219_PCDH15      25.39%    passed    100.00%
  75  Sbre116871_PCDH15     23.26%    passed    100.00%
  76  Sbre18437_PCDH15      25.45%    passed    100.00%
  77  Schi_PCDH15           23.21%    passed    100.00%
  78  Scly1724_PCDH15       42.99%    passed     99.98%
  79  Scly1726_PCDH15       25.45%    passed    100.00%
  80  Scoe_PCDH15           31.45%    passed    100.00%
  81  Sflu9837_PCDH15       23.32%    passed    100.00%
  82  Sfro7782_PCDH15       37.56%    passed     99.98%
  83  Sfro7784_PCDH15       23.26%    passed    100.00%
  84  Slon16012_PCDH15      23.26%    passed    100.00%
  85  Slon24923_PCDH15      23.26%    passed    100.00%
  86  Sscr_PCDH15            0.22%    failed      0.06%
  87  Tadu79924_PCDH15      23.26%    passed    100.00%
  88  Tshe_PCDH15           23.54%    passed    100.00%
  89  Ttru_PCDH15            0.22%    failed      0.13%
  90  Zcav_PCDH15           31.73%    passed    100.00%
WARNING: 1 sequences contain more than 50% gaps/ambiguity
****  TOTAL                 23.00%  12 sequences failed composition chi2 test (p-value<5%; df=19)
NOTE: BedeAUS_PCDH15 is identical to Bede66737_PCDH15 but kept for subsequent analysis
NOTE: Gmac39091_PCDH15 is identical to Fatt_PCDH15 but kept for subsequent analysis
NOTE: MlayAUS_PCDH15 is identical to Mcar_PCDH15 but kept for subsequent analysis
Checking for duplicate sequences: done in 0.00151222 secs using 236.9% CPU
Identifying sites to remove: done in 0.00766393 secs using 122.2% CPU
NOTE: 2 identical sequences (see below) will be ignored for subsequent analysis
NOTE: Sbre116871_PCDH15 (identical to Fatt_PCDH15) is ignored but added at the end
NOTE: Mste_PCDH15 (identical to Mcar_PCDH15) is ignored but added at the end
Alignment was printed to PCDH15_WAG.uniqueseq.phy

For your convenience alignment with unique sequences printed to PCDH15_WAG.uniqueseq.phy

Create initial parsimony tree by phylogenetic likelihood library (PLL)... 0.004 seconds

NOTE: 55 MB RAM (0 GB) is required!
Estimate model parameters (epsilon = 0.100)
1. Initial log-likelihood: -23840.990
2. Current log-likelihood: -20557.055
3. Current log-likelihood: -20375.764
4. Current log-likelihood: -20374.748
Optimal log-likelihood: -20374.727
Gamma shape alpha: 0.104
Parameters optimization took 4 rounds (11.288 sec)
Wrote distance file to... 
Computing ML distances based on estimated model parameters...
Calculating distance matrix: done in 1.92006 secs using 399.7% CPU
Computing ML distances took 1.921904 sec (of wall-clock time) 7.676240 sec (of CPU time)
Setting up auxiliary I and S matrices: done in 0.000864368 secs using 167.1% CPU
Constructing RapidNJ tree: done in 0.0572377 secs using 60.44% CPU
Computing RapidNJ tree took 0.058332 sec (of wall-clock time) 0.036158 sec (of CPU time)
ERROR: Alignment sequence Bacu_PCDH15 does not appear in the tree
ERROR: Alignment sequence Barn_PCDH15 does not appear in the tree
ERROR: Alignment sequence Bbai76728_PCDH15 does not appear in the tree
ERROR: Alignment sequence BbonAUS_PCDH15 does not appear in the tree
ERROR: Alignment sequence Bbor_PCDH15 does not appear in the tree
ERROR: Alignment sequence Bede66737_PCDH15 does not appear in the tree
ERROR: Alignment sequence BedeAUS_PCDH15 does not appear in the tree
ERROR: Alignment sequence Bmus_PCDH15 does not appear in the tree
ERROR: Alignment sequence Bphy_baits_PCDH15 does not appear in the tree
ERROR: Alignment sequence Btau_PCDH15 does not appear in the tree
ERROR: Alignment sequence Cela_PCDH15 does not appear in the tree
ERROR: Alignment sequence Cmar59905_PCDH15 does not appear in the tree
ERROR: Alignment sequence Dleu_PCDH15 does not appear in the tree
ERROR: Alignment sequence EausAUS_PCDH15 does not appear in the tree
ERROR: Alignment sequence Egla13086_PCDH15 does not appear in the tree
ERROR: Alignment sequence Ejap43864_PCDH15 does not appear in the tree
ERROR: Alignment sequence Erob133443_PCDH15 does not appear in the tree
ERROR: Alignment sequence Hamp_PCDH15 does not appear in the tree
ERROR: Alignment sequence Hippo_PCDH15 does not appear in the tree
ERROR: Alignment sequence Igeo_PCDH15 does not appear in the tree
ERROR: Alignment sequence Kbre_PCDH15 does not appear in the tree
ERROR: Alignment sequence Ksim_PCDH15 does not appear in the tree
ERROR: Alignment sequence Lhos30470_PCDH15 does not appear in the tree
ERROR: Alignment sequence Lvex_PCDH15 does not appear in the tree
ERROR: Alignment sequence Mbid_PCDH15 does not appear in the tree
ERROR: Alignment sequence Mbow_PCDH15 does not appear in the tree
ERROR: Alignment sequence Mcar_PCDH15 does not appear in the tree
ERROR: Alignment sequence Mden_PCDH15 does not appear in the tree
ERROR: Alignment sequence Meur_PCDH15 does not appear in the tree
ERROR: Alignment sequence Mgin_PCDH15 does not appear in the tree
ERROR: Alignment sequence MgraAUS_PCDH15 does not appear in the tree
ERROR: Alignment sequence Mhec_PCDH15 does not appear in the tree
ERROR: Alignment sequence MlayAUS_PCDH15 does not appear in the tree
ERROR: Alignment sequence Mmir_PCDH15 does not appear in the tree
ERROR: Alignment sequence Mmon_PCDH15 does not appear in the tree
ERROR: Alignment sequence Mper_PCDH15 does not appear in the tree
ERROR: Alignment sequence Mpni_PCDH15 does not appear in the tree
ERROR: Alignment sequence Naasi_PCDH15 does not appear in the tree
ERROR: Alignment sequence Npho_PCDH15 does not appear in the tree
ERROR: Alignment sequence Oari_PCDH15 does not appear in the tree
ERROR: Alignment sequence Pbla7349_PCDH15 does not appear in the tree
ERROR: Alignment sequence Pcat_PCDH15 does not appear in the tree
ERROR: Alignment sequence Pdal_PCDH15 does not appear in the tree
ERROR: Alignment sequence Pdio_PCDH15 does not appear in the tree
ERROR: Alignment sequence Pmac_PCDH15 does not appear in the tree
ERROR: Alignment sequence Ppho_PCDH15 does not appear in the tree
ERROR: Alignment sequence Psin_PCDH15 does not appear in the tree
ERROR: Alignment sequence Pspi_PCDH15 does not appear in the tree
ERROR: Alignment sequence Sscr_PCDH15 does not appear in the tree
ERROR: Alignment sequence Tshe_PCDH15 does not appear in the tree
ERROR: Alignment sequence Zcav_PCDH15 does not appear in the tree
(Lhos452_PCDH15,Lacu_PCDH15,(Slon16012_PCDH15,((Scly1726_PCDH15,Slon24923_PCDH15),((Ohei_PCDH15,Obre_PCDH15),(((((Sfro7782_PCDH15,Ggri_PCDH15),((((((((((((Lobl_PCDH15,Scly1724_PCDH15),Pcra123188_PCDH15),Sflu9837_PCDH15),Dcap79929_PCDH15),Pele_PCDH15),Tadu79924_PCDH15),Lobs_PCDH15),Satt38219_PCDH15),(((Sbre18437_PCDH15,(Sfro7784_PCDH15,Gmel_PCDH15)),LperAUS_PCDH15),Fatt_PCDH15)),Satt18473_PCDH15),Schi_PCDH15),(Gmac39091_PCDH15,Ttru_PCDH15))),((Lalb_PCDH15,Lbor_PCDH15),(((Dcap108471_PCDH15,Scoe_PCDH15),DdelSJR_PCDH15),Ddeltrop4525_PCDH15))),Oorc_PCDH15),(Ccom40_PCDH15,(Laus_PCDH15,Chea7320_PCDH15)))))));
ERROR: Tree taxa and alignment sequence do not match (see above)
