IQ-TREE multicore version 2.2.0-beta COVID-edition for Linux 64-bit built Dec 21 2021 built Dec 21 2021
Developed by Bui Quang Minh, James Barbetti, Nguyen Lam Tung,
Olga Chernomor, Heiko Schmidt, Dominik Schrempf, Michael Woodhams, Ly Trong Nhan.

Host:    awarnach21 (AVX2, FMA3, 251 GB RAM)
Command: iqtree -s aligned/ACTC1_nuc_aligned.fasta -st DNA -m MFP -pre ACTC1_nuc -nt 4
Seed:    946962 (Using SPRNG - Scalable Parallel Random Number Generator)
Time:    Wed Jun  5 15:12:53 2024
Kernel:  AVX+FMA - 4 threads (36 CPU cores detected)

Reading alignment file aligned/ACTC1_nuc_aligned.fasta ... Fasta format detected
Reading fasta file: done in 0.000988714 secs
Alignment most likely contains DNA/RNA sequences
Constructing alignment: done in 0.00243212 secs using 187.2% CPU
Alignment has 18 sequences with 1131 columns, 58 distinct patterns
34 parsimony-informative, 32 singleton sites, 1065 constant sites
                Gap/Ambiguity  Composition  p-value
Analyzing sequences: done in 1.01514e-05 secs using 98.51% CPU
   1  XM_033435856.2    0.00%    passed     99.79%
   2  XM_033851420.1    0.00%    passed     99.95%
   3  XM_024118324.3    0.00%    passed     99.84%
   4  XM_057543901.1    0.00%    passed     98.63%
   5  XM_007462508.1    0.27%    passed     99.99%
   6  XM_022587537.2    0.00%    passed     99.98%
   7  XM_024732463.1    0.00%    passed     99.76%
   8  XM_027083802.1    0.00%    passed     99.42%
   9  XM_029239353.1    0.00%    passed     99.98%
  10  XM_030844159.2    0.00%    passed     99.79%
  11  XM_032624673.1    0.00%    passed     98.72%
  12  XM_036844031.1    0.00%    passed     96.07%
  13  XM_059056979.1    0.00%    passed     99.99%
  14  XM_059913687.1    0.00%    passed     91.90%
  15  XM_060004950.1    0.00%    passed     99.79%
  16  XM_060096569.1    0.00%    passed     99.94%
  17  XM_060146960.1    0.00%    passed     99.42%
  18  XM_061180540.1    0.00%    passed     99.86%
****  TOTAL             0.01%  0 sequences failed composition chi2 test (p-value<5%; df=3)
Checking for duplicate sequences: done in 4.33587e-05 secs using 96.87% CPU


Create initial parsimony tree by phylogenetic likelihood library (PLL)... 0.000 seconds
WARNING: Number of threads seems too high for short alignments. Use -T AUTO to determine best number of threads.
Perform fast likelihood tree search using GTR+I+G model...
Estimate model parameters (epsilon = 5.000)

WARNING: Estimated model parameters are at boundary that can cause numerical instability!

Perform nearest neighbor interchange...
Optimizing NNI: done in 0.0438081 secs using 401.3% CPU
Estimate model parameters (epsilon = 1.000)
1. Initial log-likelihood: -2145.937
Optimal log-likelihood: -2145.260
Rate parameters:  A-C: 3.83080  A-G: 25.52057  A-T: 6.86477  C-G: 7.02560  C-T: 99.01609  G-T: 1.00000
Base frequencies:  A: 0.223  C: 0.293  G: 0.257  T: 0.228
Proportion of invariable sites: 0.509
Gamma shape alpha: 0.020
Parameters optimization took 1 rounds (0.006 sec)

WARNING: Estimated model parameters are at boundary that can cause numerical instability!

Time for fast ML tree search: 0.069 seconds

NOTE: ModelFinder requires 0 MB RAM!
ModelFinder will test up to 299 DNA models (sample size: 1131) ...
 No. Model         -LnL         df  AIC          AICc         BIC
WARNING: Number of threads seems too high for short alignments. Use -T AUTO to determine best number of threads.
  1  GTR+F         2197.868     41  4477.736     4480.899     4684.002
WARNING: Number of threads seems too high for short alignments. Use -T AUTO to determine best number of threads.
  2  GTR+F+I       2145.121     42  4374.242     4377.562     4585.538
WARNING: Number of threads seems too high for short alignments. Use -T AUTO to determine best number of threads.
  3  GTR+F+G4      2156.052     42  4396.103     4399.423     4607.399
WARNING: Number of threads seems too high for short alignments. Use -T AUTO to determine best number of threads.
  4  GTR+F+I+G4    2145.248     43  4376.496     4379.977     4592.823
WARNING: Number of threads seems too high for short alignments. Use -T AUTO to determine best number of threads.
  5  GTR+F+R2      2144.870     43  4375.741     4379.222     4592.068
WARNING: Number of threads seems too high for short alignments. Use -T AUTO to determine best number of threads.
  6  GTR+F+R3      2144.417     45  4378.834     4382.650     4605.222
WARNING: Number of threads seems too high for short alignments. Use -T AUTO to determine best number of threads.
 15  SYM+I         2153.448     39  4384.896     4387.755     4581.099
WARNING: Number of threads seems too high for short alignments. Use -T AUTO to determine best number of threads.
 17  SYM+I+G4      2153.602     40  4387.204     4390.213     4588.438
WARNING: Number of threads seems too high for short alignments. Use -T AUTO to determine best number of threads.
 18  SYM+R2        2153.681     40  4387.362     4390.371     4588.596
WARNING: Number of threads seems too high for short alignments. Use -T AUTO to determine best number of threads.
 28  TVM+F+I       2151.683     41  4385.366     4388.529     4591.631
WARNING: Number of threads seems too high for short alignments. Use -T AUTO to determine best number of threads.
 30  TVM+F+I+G4    2152.583     42  4389.165     4392.485     4600.461
WARNING: Number of threads seems too high for short alignments. Use -T AUTO to determine best number of threads.
 31  TVM+F+R2      2152.458     42  4388.916     4392.236     4600.212
WARNING: Number of threads seems too high for short alignments. Use -T AUTO to determine best number of threads.
 41  TVMe+I        2160.912     38  4397.823     4400.537     4588.996
WARNING: Number of threads seems too high for short alignments. Use -T AUTO to determine best number of threads.
 43  TVMe+I+G4     2161.745     39  4401.490     4404.350     4597.694
WARNING: Number of threads seems too high for short alignments. Use -T AUTO to determine best number of threads.
 44  TVMe+R2       2162.205     39  4402.409     4405.269     4598.613
WARNING: Number of threads seems too high for short alignments. Use -T AUTO to determine best number of threads.
 54  TIM3+F+I      2146.205     40  4372.409     4375.418     4573.643
WARNING: Number of threads seems too high for short alignments. Use -T AUTO to determine best number of threads.
 56  TIM3+F+I+G4   2146.354     41  4374.709     4377.871     4580.974
WARNING: Number of threads seems too high for short alignments. Use -T AUTO to determine best number of threads.
 57  TIM3+F+R2     2145.839     41  4373.679     4376.841     4579.944
WARNING: Number of threads seems too high for short alignments. Use -T AUTO to determine best number of threads.
 67  TIM3e+I       2154.508     37  4383.016     4385.589     4569.158
WARNING: Number of threads seems too high for short alignments. Use -T AUTO to determine best number of threads.
 69  TIM3e+I+G4    2154.691     38  4385.382     4388.096     4576.555
WARNING: Number of threads seems too high for short alignments. Use -T AUTO to determine best number of threads.
 70  TIM3e+R2      2154.625     38  4385.250     4387.964     4576.422
WARNING: Number of threads seems too high for short alignments. Use -T AUTO to determine best number of threads.
 80  TIM2+F+I      2146.433     40  4372.866     4375.875     4574.100
WARNING: Number of threads seems too high for short alignments. Use -T AUTO to determine best number of threads.
 82  TIM2+F+I+G4   2146.564     41  4375.129     4378.291     4581.394
WARNING: Number of threads seems too high for short alignments. Use -T AUTO to determine best number of threads.
 83  TIM2+F+R2     2145.979     41  4373.958     4377.121     4580.223
WARNING: Number of threads seems too high for short alignments. Use -T AUTO to determine best number of threads.
 93  TIM2e+I       2154.978     37  4383.956     4386.529     4570.098
WARNING: Number of threads seems too high for short alignments. Use -T AUTO to determine best number of threads.
 95  TIM2e+I+G4    2155.155     38  4386.311     4389.025     4577.483
WARNING: Number of threads seems too high for short alignments. Use -T AUTO to determine best number of threads.
 96  TIM2e+R2      2154.957     38  4385.914     4388.629     4577.087
WARNING: Number of threads seems too high for short alignments. Use -T AUTO to determine best number of threads.
106  TIM+F+I       2145.405     40  4370.809     4373.819     4572.044
WARNING: Number of threads seems too high for short alignments. Use -T AUTO to determine best number of threads.
108  TIM+F+I+G4    2145.523     41  4373.046     4376.209     4579.312
WARNING: Number of threads seems too high for short alignments. Use -T AUTO to determine best number of threads.
109  TIM+F+R2      2145.175     41  4372.349     4375.512     4578.614
WARNING: Number of threads seems too high for short alignments. Use -T AUTO to determine best number of threads.
119  TIMe+I        2153.857     37  4381.714     4384.286     4567.855
WARNING: Number of threads seems too high for short alignments. Use -T AUTO to determine best number of threads.
121  TIMe+I+G4     2154.018     38  4384.035     4386.750     4575.208
WARNING: Number of threads seems too high for short alignments. Use -T AUTO to determine best number of threads.
122  TIMe+R2       2154.072     38  4384.144     4386.859     4575.317
WARNING: Number of threads seems too high for short alignments. Use -T AUTO to determine best number of threads.
132  TPM3u+F+I     2152.647     39  4383.294     4386.154     4579.498
WARNING: Number of threads seems too high for short alignments. Use -T AUTO to determine best number of threads.
134  TPM3u+F+I+G4  2153.498     40  4386.996     4390.006     4588.231
WARNING: Number of threads seems too high for short alignments. Use -T AUTO to determine best number of threads.
135  TPM3u+F+R2    2153.314     40  4386.628     4389.637     4587.862
WARNING: Number of threads seems too high for short alignments. Use -T AUTO to determine best number of threads.
145  TPM3+I        2161.852     36  4395.705     4398.140     4576.816
WARNING: Number of threads seems too high for short alignments. Use -T AUTO to determine best number of threads.
147  TPM3+I+G4     2162.625     37  4399.250     4401.823     4585.392
WARNING: Number of threads seems too high for short alignments. Use -T AUTO to determine best number of threads.
148  TPM3+R2       2162.987     37  4399.975     4402.548     4586.117
WARNING: Number of threads seems too high for short alignments. Use -T AUTO to determine best number of threads.
158  TPM2u+F+I     2152.934     39  4383.868     4386.728     4580.072
WARNING: Number of threads seems too high for short alignments. Use -T AUTO to determine best number of threads.
160  TPM2u+F+I+G4  2153.857     40  4387.713     4390.723     4588.948
WARNING: Number of threads seems too high for short alignments. Use -T AUTO to determine best number of threads.
161  TPM2u+F+R2    2153.461     40  4386.922     4389.931     4588.156
WARNING: Number of threads seems too high for short alignments. Use -T AUTO to determine best number of threads.
171  TPM2+I        2162.324     36  4396.649     4399.084     4577.760
WARNING: Number of threads seems too high for short alignments. Use -T AUTO to determine best number of threads.
173  TPM2+I+G4     2163.091     37  4400.183     4402.756     4586.325
WARNING: Number of threads seems too high for short alignments. Use -T AUTO to determine best number of threads.
174  TPM2+R2       2163.364     37  4400.728     4403.300     4586.869
WARNING: Number of threads seems too high for short alignments. Use -T AUTO to determine best number of threads.
184  K3Pu+F+I      2151.963     39  4381.926     4384.786     4578.130
WARNING: Number of threads seems too high for short alignments. Use -T AUTO to determine best number of threads.
186  K3Pu+F+I+G4   2152.862     40  4385.723     4388.732     4586.957
WARNING: Number of threads seems too high for short alignments. Use -T AUTO to determine best number of threads.
187  K3Pu+F+R2     2152.817     40  4385.633     4388.642     4586.867
WARNING: Number of threads seems too high for short alignments. Use -T AUTO to determine best number of threads.
197  K3P+I         2161.300     36  4394.599     4397.034     4575.710
WARNING: Number of threads seems too high for short alignments. Use -T AUTO to determine best number of threads.
199  K3P+I+G4      2162.133     37  4398.266     4400.839     4584.408
WARNING: Number of threads seems too high for short alignments. Use -T AUTO to determine best number of threads.
200  K3P+R2        2162.669     37  4399.337     4401.910     4585.479
WARNING: Number of threads seems too high for short alignments. Use -T AUTO to determine best number of threads.
210  TN+F+I        2146.465     39  4370.931     4373.790     4567.134
WARNING: Number of threads seems too high for short alignments. Use -T AUTO to determine best number of threads.
212  TN+F+I+G4     2146.601     40  4373.203     4376.212     4574.437
WARNING: Number of threads seems too high for short alignments. Use -T AUTO to determine best number of threads.
213  TN+F+R2       2146.013     40  4372.027     4375.036     4573.261
WARNING: Number of threads seems too high for short alignments. Use -T AUTO to determine best number of threads.
223  TNe+I         2154.982     36  4381.963     4384.398     4563.074
WARNING: Number of threads seems too high for short alignments. Use -T AUTO to determine best number of threads.
225  TNe+I+G4      2155.159     37  4384.318     4386.890     4570.459
WARNING: Number of threads seems too high for short alignments. Use -T AUTO to determine best number of threads.
226  TNe+R2        2155.020     37  4384.041     4386.614     4570.183
WARNING: Number of threads seems too high for short alignments. Use -T AUTO to determine best number of threads.
236  HKY+F+I       2152.955     38  4381.911     4384.625     4573.083
WARNING: Number of threads seems too high for short alignments. Use -T AUTO to determine best number of threads.
238  HKY+F+I+G4    2153.881     39  4385.762     4388.622     4581.965
WARNING: Number of threads seems too high for short alignments. Use -T AUTO to determine best number of threads.
239  HKY+F+R2      2153.514     39  4385.027     4387.887     4581.231
WARNING: Number of threads seems too high for short alignments. Use -T AUTO to determine best number of threads.
249  K2P+I         2162.318     35  4394.636     4396.938     4570.716
WARNING: Number of threads seems too high for short alignments. Use -T AUTO to determine best number of threads.
251  K2P+I+G4      2163.091     36  4398.182     4400.617     4579.293
WARNING: Number of threads seems too high for short alignments. Use -T AUTO to determine best number of threads.
252  K2P+R2        2163.368     36  4398.736     4401.171     4579.847
WARNING: Number of threads seems too high for short alignments. Use -T AUTO to determine best number of threads.
262  F81+F+I       2213.697     37  4501.394     4503.967     4687.536
WARNING: Number of threads seems too high for short alignments. Use -T AUTO to determine best number of threads.
264  F81+F+I+G4    2214.592     38  4505.185     4507.899     4696.357
WARNING: Number of threads seems too high for short alignments. Use -T AUTO to determine best number of threads.
265  F81+F+R2      2215.040     38  4506.080     4508.795     4697.253
WARNING: Number of threads seems too high for short alignments. Use -T AUTO to determine best number of threads.
275  JC+I          2224.519     34  4517.038     4519.209     4688.087
WARNING: Number of threads seems too high for short alignments. Use -T AUTO to determine best number of threads.
277  JC+I+G4       2225.475     35  4520.950     4523.252     4697.030
WARNING: Number of threads seems too high for short alignments. Use -T AUTO to determine best number of threads.
278  JC+R2         2225.912     35  4521.824     4524.125     4697.904
WARNING: Number of threads seems too high for short alignments. Use -T AUTO to determine best number of threads.
288  UNREST+FO+I   2152.391     46  4396.782     4400.770     4628.201
WARNING: Number of threads seems too high for short alignments. Use -T AUTO to determine best number of threads.
290  UNREST+FO+I+G4 2147.925     47  4389.849     4394.016     4626.300
WARNING: Number of threads seems too high for short alignments. Use -T AUTO to determine best number of threads.
291  UNREST+FO+R2  2142.243     47  4378.485     4382.651     4614.935
Akaike Information Criterion:           TIM+F+I
Corrected Akaike Information Criterion: TN+F+I
Bayesian Information Criterion:         TNe+I
Best-fit model: TNe+I chosen according to BIC

All model information printed to ACTC1_nuc.model.gz
CPU time for ModelFinder: 16.177 seconds (0h:0m:16s)
Wall-clock time for ModelFinder: 4.080 seconds (0h:0m:4s)

NOTE: 0 MB RAM (0 GB) is required!
WARNING: Number of threads seems too high for short alignments. Use -T AUTO to determine best number of threads.
Estimate model parameters (epsilon = 0.100)
1. Initial log-likelihood: -2154.982
Optimal log-likelihood: -2154.981
Rate parameters:  A-C: 1.00000  A-G: 5.22602  A-T: 1.00000  C-G: 1.00000  C-T: 20.87982  G-T: 1.00000
Base frequencies:  A: 0.250  C: 0.250  G: 0.250  T: 0.250
Proportion of invariable sites: 0.889
Parameters optimization took 1 rounds (0.002 sec)
Wrote distance file to... 
Computing ML distances based on estimated model parameters...
Calculating distance matrix: done in 0.000184283 secs using 435.2% CPU
Computing ML distances took 0.000292 sec (of wall-clock time) 0.000917 sec (of CPU time)
Setting up auxiliary I and S matrices: done in 0.000292316 secs using 385.9% CPU
Constructing RapidNJ tree: done in 0.0037432 secs using 269.5% CPU
Computing RapidNJ tree took 0.004084 sec (of wall-clock time) 0.011547 sec (of CPU time)
Log-likelihood of RapidNJ tree: -2120.267
--------------------------------------------------------------------
|             INITIALIZING CANDIDATE TREE SET                      |
--------------------------------------------------------------------
Generating 98 parsimony trees... 0.027 second
Computing log-likelihood of 98 initial trees ... 0.084 seconds
Current best score: -2120.267

Do NNI search on 20 best initial trees
Optimizing NNI: done in 0.00699597 secs using 271.1% CPU
Estimate model parameters (epsilon = 0.100)
BETTER TREE FOUND at iteration 1: -2114.152
Optimizing NNI: done in 0.00761995 secs using 414.9% CPU
Optimizing NNI: done in 0.0306132 secs using 387.4% CPU
Optimizing NNI: done in 0.0319721 secs using 350.2% CPU
Optimizing NNI: done in 0.020469 secs using 393.1% CPU
Optimizing NNI: done in 0.027386 secs using 392.1% CPU
Estimate model parameters (epsilon = 0.100)
BETTER TREE FOUND at iteration 6: -2112.797
Optimizing NNI: done in 0.0614025 secs using 386.6% CPU
Optimizing NNI: done in 0.0400384 secs using 379.7% CPU
Optimizing NNI: done in 0.0410475 secs using 372.8% CPU
Optimizing NNI: done in 0.0384845 secs using 411.8% CPU
Iteration 10 / LogL: -2112.847 / Time: 0h:0m:0s
Optimizing NNI: done in 0.046635 secs using 408.8% CPU
Optimizing NNI: done in 0.044873 secs using 385.2% CPU
Optimizing NNI: done in 0.061922 secs using 397.1% CPU
Optimizing NNI: done in 0.0552062 secs using 382.6% CPU
Optimizing NNI: done in 0.0625637 secs using 381.3% CPU
Optimizing NNI: done in 0.0490566 secs using 393.6% CPU
Optimizing NNI: done in 0.0716337 secs using 384.7% CPU
BETTER TREE FOUND at iteration 17: -2112.797
Optimizing NNI: done in 0.0545605 secs using 385.9% CPU
Optimizing NNI: done in 0.0628632 secs using 386.3% CPU
Optimizing NNI: done in 0.0598871 secs using 393.9% CPU
Iteration 20 / LogL: -2119.972 / Time: 0h:0m:1s
Finish initializing candidate tree set (19)
Current best tree score: -2112.797 / CPU time: 0.999
Number of iterations: 20
--------------------------------------------------------------------
|               OPTIMIZING CANDIDATE TREE SET                      |
--------------------------------------------------------------------
Optimizing NNI: done in 0.0228978 secs using 379.6% CPU
Optimizing NNI: done in 0.0160309 secs using 374.4% CPU
Optimizing NNI: done in 0.0160492 secs using 399.1% CPU
Optimizing NNI: done in 0.0133051 secs using 370.6% CPU
Optimizing NNI: done in 0.020712 secs using 370.4% CPU
Optimizing NNI: done in 0.0164668 secs using 391.4% CPU
Optimizing NNI: done in 0.0180781 secs using 343.5% CPU
Optimizing NNI: done in 0.0125418 secs using 323.1% CPU
Optimizing NNI: done in 0.0250436 secs using 387.5% CPU
Optimizing NNI: done in 0.0178828 secs using 368.4% CPU
Iteration 30 / LogL: -2112.818 / Time: 0h:0m:1s (0h:0m:3s left)
Optimizing NNI: done in 0.023777 secs using 386.1% CPU
Optimizing NNI: done in 0.0183185 secs using 340.1% CPU
Optimizing NNI: done in 0.0210289 secs using 442.4% CPU
Optimizing NNI: done in 0.0250715 secs using 355.3% CPU
BETTER TREE FOUND at iteration 34: -2112.797
Optimizing NNI: done in 0.0164449 secs using 391.8% CPU
Optimizing NNI: done in 0.0244827 secs using 361.5% CPU
Optimizing NNI: done in 0.0126394 secs using 384.6% CPU
Optimizing NNI: done in 0.0240356 secs using 383% CPU
Optimizing NNI: done in 0.020494 secs using 392.7% CPU
BETTER TREE FOUND at iteration 39: -2112.797
Optimizing NNI: done in 0.0236269 secs using 388% CPU
Iteration 40 / LogL: -2112.797 / Time: 0h:0m:1s (0h:0m:3s left)
Optimizing NNI: done in 0.015688 secs using 405.7% CPU
Optimizing NNI: done in 0.0192768 secs using 411.2% CPU
Optimizing NNI: done in 0.0148637 secs using 422.9% CPU
Optimizing NNI: done in 0.0163381 secs using 393.8% CPU
Optimizing NNI: done in 0.0186936 secs using 421% CPU
Optimizing NNI: done in 0.0301018 secs using 379% CPU
Optimizing NNI: done in 0.0198168 secs using 402.8% CPU
Optimizing NNI: done in 0.014533 secs using 402.9% CPU
Optimizing NNI: done in 0.0242045 secs using 397.4% CPU
Optimizing NNI: done in 0.00873578 secs using 512.1% CPU
Iteration 50 / LogL: -2112.799 / Time: 0h:0m:1s (0h:0m:2s left)
Optimizing NNI: done in 0.0222806 secs using 351.4% CPU
Optimizing NNI: done in 0.0160166 secs using 399.7% CPU
Optimizing NNI: done in 0.0134718 secs using 367.2% CPU
Optimizing NNI: done in 0.0146318 secs using 373.6% CPU
Optimizing NNI: done in 0.0214529 secs using 360.9% CPU
UPDATE BEST LOG-LIKELIHOOD: -2112.797
Optimizing NNI: done in 0.0253352 secs using 384% CPU
Optimizing NNI: done in 0.00448831 secs using 367.3% CPU
Optimizing NNI: done in 0.0268709 secs using 368% CPU
Optimizing NNI: done in 0.0174994 secs using 420.2% CPU
BETTER TREE FOUND at iteration 59: -2112.796
Optimizing NNI: done in 0.0271557 secs using 394.5% CPU
Iteration 60 / LogL: -2112.799 / Time: 0h:0m:1s (0h:0m:3s left)
Optimizing NNI: done in 0.0238019 secs using 402.4% CPU
Optimizing NNI: done in 0.0132474 secs using 341.5% CPU
Optimizing NNI: done in 0.00807811 secs using 397.1% CPU
Optimizing NNI: done in 0.0209804 secs using 405% CPU
Optimizing NNI: done in 0.00811166 secs using 395.8% CPU
Optimizing NNI: done in 0.0300929 secs using 365.8% CPU
Optimizing NNI: done in 0.0188627 secs using 333% CPU
Optimizing NNI: done in 0.016058 secs using 374.3% CPU
Optimizing NNI: done in 0.0287689 secs using 364% CPU
Optimizing NNI: done in 0.0215306 secs using 378.7% CPU
Iteration 70 / LogL: -2112.798 / Time: 0h:0m:2s (0h:0m:2s left)
Optimizing NNI: done in 0.0202666 secs using 455.2% CPU
Optimizing NNI: done in 0.0323125 secs using 397.1% CPU
Optimizing NNI: done in 0.0191416 secs using 413.4% CPU
Optimizing NNI: done in 0.0161328 secs using 373% CPU
Optimizing NNI: done in 0.0206647 secs using 390.2% CPU
Optimizing NNI: done in 0.0195397 secs using 386.6% CPU
Optimizing NNI: done in 0.0161198 secs using 397.8% CPU
Optimizing NNI: done in 0.025844 secs using 409.6% CPU
Optimizing NNI: done in 0.015305 secs using 413.5% CPU
Optimizing NNI: done in 0.0206546 secs using 390.5% CPU
Iteration 80 / LogL: -2112.797 / Time: 0h:0m:2s (0h:0m:2s left)
Optimizing NNI: done in 0.0153071 secs using 413.6% CPU
Optimizing NNI: done in 0.0209353 secs using 386.6% CPU
Optimizing NNI: done in 0.0154787 secs using 332.6% CPU
Optimizing NNI: done in 0.0251911 secs using 369.9% CPU
Optimizing NNI: done in 0.019685 secs using 404.8% CPU
Optimizing NNI: done in 0.0185817 secs using 422.8% CPU
Optimizing NNI: done in 0.0211439 secs using 365% CPU
Optimizing NNI: done in 0.0142223 secs using 437.5% CPU
Optimizing NNI: done in 0.0213802 secs using 380.6% CPU
Optimizing NNI: done in 0.0200262 secs using 399.6% CPU
Iteration 90 / LogL: -2112.797 / Time: 0h:0m:2s (0h:0m:1s left)
Optimizing NNI: done in 0.0213516 secs using 381% CPU
Optimizing NNI: done in 0.0304774 secs using 415% CPU
Optimizing NNI: done in 0.0184241 secs using 360.5% CPU
Optimizing NNI: done in 0.0152995 secs using 334.8% CPU
Optimizing NNI: done in 0.0139758 secs using 414.9% CPU
Optimizing NNI: done in 0.021478 secs using 360.6% CPU
Optimizing NNI: done in 0.0239207 secs using 401% CPU
Optimizing NNI: done in 0.0215885 secs using 359.5% CPU
Optimizing NNI: done in 0.0218003 secs using 430.2% CPU
Optimizing NNI: done in 0.0193298 secs using 410.4% CPU
Iteration 100 / LogL: -2118.286 / Time: 0h:0m:2s (0h:0m:1s left)
Optimizing NNI: done in 0.0148732 secs using 315.1% CPU
Optimizing NNI: done in 0.0226283 secs using 329.8% CPU
Optimizing NNI: done in 0.0191108 secs using 413.9% CPU
Optimizing NNI: done in 0.0189744 secs using 395.1% CPU
Optimizing NNI: done in 0.0153231 secs using 387.2% CPU
Optimizing NNI: done in 0.0135747 secs using 453.6% CPU
Optimizing NNI: done in 0.0228974 secs using 344.5% CPU
Optimizing NNI: done in 0.0191429 secs using 392.6% CPU
Optimizing NNI: done in 0.0249541 secs using 436.6% CPU
Optimizing NNI: done in 0.0206745 secs using 371% CPU
Iteration 110 / LogL: -2112.797 / Time: 0h:0m:2s (0h:0m:1s left)
Optimizing NNI: done in 0.0256763 secs using 411.6% CPU
BETTER TREE FOUND at iteration 111: -2112.795
Optimizing NNI: done in 0.028742 secs using 378.3% CPU
Optimizing NNI: done in 0.0193238 secs using 389.8% CPU
Optimizing NNI: done in 0.0206035 secs using 391.1% CPU
Optimizing NNI: done in 0.0224121 secs using 403.5% CPU
Optimizing NNI: done in 0.0135422 secs using 425.1% CPU
Optimizing NNI: done in 0.019085 secs using 351.2% CPU
Optimizing NNI: done in 0.0216703 secs using 371.8% CPU
Optimizing NNI: done in 0.028388 secs using 367.7% CPU
Optimizing NNI: done in 0.0335532 secs using 421.8% CPU
Iteration 120 / LogL: -2112.798 / Time: 0h:0m:3s (0h:0m:2s left)
Optimizing NNI: done in 0.0196074 secs using 406% CPU
Optimizing NNI: done in 0.025281 secs using 384.8% CPU
Optimizing NNI: done in 0.0190162 secs using 394.6% CPU
Optimizing NNI: done in 0.0159171 secs using 401.5% CPU
Optimizing NNI: done in 0.01762 secs using 395.3% CPU
Optimizing NNI: done in 0.0152862 secs using 413.7% CPU
Optimizing NNI: done in 0.0203298 secs using 395.1% CPU
Optimizing NNI: done in 0.0156131 secs using 407.4% CPU
Optimizing NNI: done in 0.018168 secs using 408.4% CPU
Optimizing NNI: done in 0.0182833 secs using 362.4% CPU
Iteration 130 / LogL: -2112.803 / Time: 0h:0m:3s (0h:0m:2s left)
Optimizing NNI: done in 0.0246733 secs using 440.4% CPU
Optimizing NNI: done in 0.0190549 secs using 394% CPU
Optimizing NNI: done in 0.010846 secs using 321.1% CPU
Optimizing NNI: done in 0.0130501 secs using 467.8% CPU
Optimizing NNI: done in 0.020734 secs using 389.4% CPU
Optimizing NNI: done in 0.021759 secs using 430.8% CPU
Optimizing NNI: done in 0.0120621 secs using 398.4% CPU
Optimizing NNI: done in 0.0211576 secs using 383.6% CPU
Optimizing NNI: done in 0.0208501 secs using 368.6% CPU
Optimizing NNI: done in 0.0232991 secs using 323.2% CPU
Iteration 140 / LogL: -2112.797 / Time: 0h:0m:3s (0h:0m:1s left)
Optimizing NNI: done in 0.018363 secs using 361.3% CPU
Optimizing NNI: done in 0.0334502 secs using 422.8% CPU
Optimizing NNI: done in 0.0199161 secs using 381.2% CPU
Optimizing NNI: done in 0.0257824 secs using 348.2% CPU
Optimizing NNI: done in 0.0186408 secs using 421.9% CPU
Optimizing NNI: done in 0.0134381 secs using 427.8% CPU
Optimizing NNI: done in 0.0276355 secs using 403.8% CPU
Optimizing NNI: done in 0.0154298 secs using 385.1% CPU
Optimizing NNI: done in 0.0357689 secs using 379.7% CPU
Optimizing NNI: done in 0.0223015 secs using 368.9% CPU
Iteration 150 / LogL: -2112.796 / Time: 0h:0m:3s (0h:0m:1s left)
Optimizing NNI: done in 0.0147547 secs using 371.2% CPU
Optimizing NNI: done in 0.0150888 secs using 391.6% CPU
Optimizing NNI: done in 0.00999196 secs using 380.5% CPU
Optimizing NNI: done in 0.012497 secs using 387.6% CPU
Optimizing NNI: done in 0.0188749 secs using 396.8% CPU
Optimizing NNI: done in 0.0209011 secs using 387% CPU
Optimizing NNI: done in 0.0196635 secs using 384.8% CPU
Optimizing NNI: done in 0.0260862 secs using 422% CPU
Optimizing NNI: done in 0.0183631 secs using 361.4% CPU
Optimizing NNI: done in 0.0215435 secs using 360% CPU
Iteration 160 / LogL: -2112.798 / Time: 0h:0m:3s (0h:0m:1s left)
Optimizing NNI: done in 0.0163091 secs using 369.7% CPU
Optimizing NNI: done in 0.0160309 secs using 399.3% CPU
Optimizing NNI: done in 0.0222063 secs using 424.2% CPU
Optimizing NNI: done in 0.0129391 secs using 347.3% CPU
Optimizing NNI: done in 0.0239663 secs using 400.4% CPU
Optimizing NNI: done in 0.0251731 secs using 386% CPU
Optimizing NNI: done in 0.019394 secs using 388.9% CPU
Optimizing NNI: done in 0.0224483 secs using 403.1% CPU
Optimizing NNI: done in 0.0223557 secs using 350.2% CPU
Optimizing NNI: done in 0.021251 secs using 438.8% CPU
Iteration 170 / LogL: -2112.798 / Time: 0h:0m:4s (0h:0m:0s left)
Optimizing NNI: done in 0.00808818 secs using 396.7% CPU
Optimizing NNI: done in 0.0133729 secs using 369.2% CPU
Optimizing NNI: done in 0.0259097 secs using 424.2% CPU
Optimizing NNI: done in 0.0251219 secs using 370.6% CPU
Optimizing NNI: done in 0.00981133 secs using 426.2% CPU
Optimizing NNI: done in 0.0158386 secs using 352.7% CPU
Optimizing NNI: done in 0.0156402 secs using 406.9% CPU
Optimizing NNI: done in 0.0303092 secs using 403.5% CPU
Optimizing NNI: done in 0.0318683 secs using 401.2% CPU
Optimizing NNI: done in 0.0192722 secs using 411.3% CPU
Iteration 180 / LogL: -2112.797 / Time: 0h:0m:4s (0h:0m:0s left)
Optimizing NNI: done in 0.0155371 secs using 408.9% CPU
Optimizing NNI: done in 0.0163618 secs using 393.3% CPU
Optimizing NNI: done in 0.0197416 secs using 383.8% CPU
Optimizing NNI: done in 0.01467 secs using 399.9% CPU
Optimizing NNI: done in 0.0139598 secs using 357.7% CPU
Optimizing NNI: done in 0.0176854 secs using 439.2% CPU
Optimizing NNI: done in 0.0189917 secs using 394.9% CPU
Optimizing NNI: done in 0.0233859 secs using 390.8% CPU
Optimizing NNI: done in 0.0172298 secs using 355.3% CPU
Optimizing NNI: done in 0.0255389 secs using 428.9% CPU
Iteration 190 / LogL: -2112.798 / Time: 0h:0m:4s (0h:0m:0s left)
Optimizing NNI: done in 0.0207549 secs using 389.1% CPU
Optimizing NNI: done in 0.0238395 secs using 402% CPU
Optimizing NNI: done in 0.0132424 secs using 462.5% CPU
Optimizing NNI: done in 0.0268678 secs using 353.1% CPU
Optimizing NNI: done in 0.0263522 secs using 418.7% CPU
Optimizing NNI: done in 0.0126365 secs using 384.8% CPU
Optimizing NNI: done in 0.0239223 secs using 401% CPU
Optimizing NNI: done in 0.0198313 secs using 382.5% CPU
Optimizing NNI: done in 0.0200207 secs using 379.6% CPU
Optimizing NNI: done in 0.0248434 secs using 389.8% CPU
Iteration 200 / LogL: -2112.798 / Time: 0h:0m:4s (0h:0m:0s left)
Optimizing NNI: done in 0.0159076 secs using 376.7% CPU
Optimizing NNI: done in 0.00520854 secs using 560.7% CPU
Optimizing NNI: done in 0.0190232 secs using 352.2% CPU
Optimizing NNI: done in 0.0167012 secs using 387.4% CPU
Optimizing NNI: done in 0.015336 secs using 386.9% CPU
Optimizing NNI: done in 0.0159209 secs using 376.7% CPU
Optimizing NNI: done in 0.0147211 secs using 425.8% CPU
Optimizing NNI: done in 0.0172471 secs using 378.3% CPU
Optimizing NNI: done in 0.0339802 secs using 406.1% CPU
Optimizing NNI: done in 0.0280727 secs using 399.2% CPU
Iteration 210 / LogL: -2112.797 / Time: 0h:0m:4s (0h:0m:0s left)
Optimizing NNI: done in 0.020224 secs using 396.7% CPU
Optimizing NNI: done in 0.0233626 secs using 373.9% CPU
TREE SEARCH COMPLETED AFTER 212 ITERATIONS / Time: 0h:0m:4s

--------------------------------------------------------------------
|                    FINALIZING TREE SEARCH                        |
--------------------------------------------------------------------
Performs final model parameters optimization
Estimate model parameters (epsilon = 0.010)
1. Initial log-likelihood: -2112.795
Optimal log-likelihood: -2112.795
Rate parameters:  A-C: 1.00000  A-G: 4.83333  A-T: 1.00000  C-G: 1.00000  C-T: 22.75344  G-T: 1.00000
Base frequencies:  A: 0.250  C: 0.250  G: 0.250  T: 0.250
Proportion of invariable sites: 0.833
Parameters optimization took 1 rounds (0.002 sec)
BEST SCORE FOUND : -2112.795
Total tree length: 0.078

Total number of iterations: 212
CPU time used for tree search: 18.915 sec (0h:0m:18s)
Wall-clock time used for tree search: 4.881 sec (0h:0m:4s)
Total CPU time used: 18.988 sec (0h:0m:18s)
Total wall-clock time used: 4.907 sec (0h:0m:4s)

Analysis results written to: 
  IQ-TREE report:                ACTC1_nuc.iqtree
  Maximum-likelihood tree:       ACTC1_nuc.treefile
  Likelihood distances:          ACTC1_nuc.mldist
  Screen log file:               ACTC1_nuc.log

Date and Time: Wed Jun  5 15:13:02 2024
