IQ-TREE multicore version 2.2.0-beta COVID-edition for Linux 64-bit built Dec 21 2021 built Dec 21 2021
Developed by Bui Quang Minh, James Barbetti, Nguyen Lam Tung,
Olga Chernomor, Heiko Schmidt, Dominik Schrempf, Michael Woodhams, Ly Trong Nhan.

Host:    awarnach21 (AVX2, FMA3, 251 GB RAM)
Command: iqtree -s aligned/ACTC1_prot_aligned.fasta -st AA -m MFP -pre ACTC1_prot -nt 4
Seed:    295868 (Using SPRNG - Scalable Parallel Random Number Generator)
Time:    Wed Jun  5 15:18:30 2024
Kernel:  AVX+FMA - 4 threads (36 CPU cores detected)

Reading alignment file aligned/ACTC1_prot_aligned.fasta ... Fasta format detected
Reading fasta file: done in 0.000385027 secs using 32.98% CPU
Alignment most likely contains protein sequences
Constructing alignment: done in 0.000819627 secs using 33.31% CPU
Alignment has 18 sequences with 377 columns, 26 distinct patterns
1 parsimony-informative, 4 singleton sites, 372 constant sites
                Gap/Ambiguity  Composition  p-value
Analyzing sequences: done in 1.85482e-05 secs using 32.35% CPU
   1  XP_033291747.1    0.00%    passed    100.00%
   2  XP_033707311.1    0.00%    passed    100.00%
   3  XP_023974092.1    0.00%    passed    100.00%
   4  XP_057399884.1    0.00%    passed    100.00%
   5  XP_007462570.1    0.27%    passed    100.00%
   6  XP_022443245.1    0.00%    passed    100.00%
   7  XP_024588231.1    0.00%    passed    100.00%
   8  XP_026939603.1    0.00%    passed    100.00%
   9  XP_029095186.1    0.00%    passed    100.00%
  10  XP_030700019.1    0.00%    passed    100.00%
  11  XP_032480564.1    0.00%    passed    100.00%
  12  XP_036699926.1    0.00%    passed    100.00%
  13  XP_058912962.1    0.00%    passed    100.00%
  14  XP_059769670.1    0.00%    passed    100.00%
  15  XP_059860933.1    0.00%    passed    100.00%
  16  XP_059952552.1    0.00%    passed    100.00%
  17  XP_060002943.1    0.00%    passed    100.00%
  18  XP_061036523.1    0.00%    passed    100.00%
****  TOTAL             0.01%  0 sequences failed composition chi2 test (p-value<5%; df=19)
NOTE: XP_033707311.1 is identical to XP_033291747.1 but kept for subsequent analysis
NOTE: XP_036699926.1 is identical to XP_057399884.1 but kept for subsequent analysis
Checking for duplicate sequences: done in 9.27188e-05 secs using 33.43% CPU
Identifying sites to remove: done in 0.000204816 secs using 33.2% CPU
NOTE: 13 identical sequences (see below) will be ignored for subsequent analysis
NOTE: XP_023974092.1 (identical to XP_033291747.1) is ignored but added at the end
NOTE: XP_022443245.1 (identical to XP_033291747.1) is ignored but added at the end
NOTE: XP_024588231.1 (identical to XP_033291747.1) is ignored but added at the end
NOTE: XP_026939603.1 (identical to XP_033291747.1) is ignored but added at the end
NOTE: XP_029095186.1 (identical to XP_033291747.1) is ignored but added at the end
NOTE: XP_030700019.1 (identical to XP_033291747.1) is ignored but added at the end
NOTE: XP_032480564.1 (identical to XP_033291747.1) is ignored but added at the end
NOTE: XP_058912962.1 (identical to XP_033291747.1) is ignored but added at the end
NOTE: XP_059860933.1 (identical to XP_033291747.1) is ignored but added at the end
NOTE: XP_059952552.1 (identical to XP_033291747.1) is ignored but added at the end
NOTE: XP_060002943.1 (identical to XP_033291747.1) is ignored but added at the end
NOTE: XP_059769670.1 (identical to XP_057399884.1) is ignored but added at the end
NOTE: XP_061036523.1 (identical to XP_057399884.1) is ignored but added at the end
Alignment was printed to ACTC1_prot.uniqueseq.phy

For your convenience alignment with unique sequences printed to ACTC1_prot.uniqueseq.phy

WARNING: 4 threads for alignment length 26 will slow down analysis

Create initial parsimony tree by phylogenetic likelihood library (PLL)... 0.000 seconds
WARNING: Number of threads seems too high for short alignments. Use -T AUTO to determine best number of threads.
Perform fast likelihood tree search using LG+I+G model...
Estimate model parameters (epsilon = 5.000)
Perform nearest neighbor interchange...
Optimizing NNI: done in 0.00320258 secs using 351.9% CPU
Estimate model parameters (epsilon = 1.000)
1. Initial log-likelihood: -1146.388
Optimal log-likelihood: -1146.388
Proportion of invariable sites: 0.494
Gamma shape alpha: 0.020
Parameters optimization took 1 rounds (0.002 sec)
Time for fast ML tree search: 0.010 seconds

NOTE: ModelFinder requires 0 MB RAM!
ModelFinder will test up to 780 protein models (sample size: 377) ...
 No. Model         -LnL         df  AIC          AICc         BIC
WARNING: 4 threads for alignment length 26 will slow down analysis
WARNING: Number of threads seems too high for short alignments. Use -T AUTO to determine best number of threads.
  1  LG            1146.401     7   2306.802     2307.105     2334.327
WARNING: 4 threads for alignment length 26 will slow down analysis
WARNING: Number of threads seems too high for short alignments. Use -T AUTO to determine best number of threads.
  2  LG+I          1146.391     8   2308.782     2309.173     2340.240
WARNING: 4 threads for alignment length 26 will slow down analysis
WARNING: Number of threads seems too high for short alignments. Use -T AUTO to determine best number of threads.
  3  LG+G4         1146.395     8   2308.790     2309.182     2340.248
WARNING: 4 threads for alignment length 26 will slow down analysis
WARNING: Number of threads seems too high for short alignments. Use -T AUTO to determine best number of threads.
  4  LG+I+G4       1146.388     9   2310.775     2311.266     2346.166
WARNING: 4 threads for alignment length 26 will slow down analysis
WARNING: Number of threads seems too high for short alignments. Use -T AUTO to determine best number of threads.
  5  LG+R2         1146.400     9   2310.800     2311.290     2346.190
WARNING: 4 threads for alignment length 26 will slow down analysis
WARNING: Number of threads seems too high for short alignments. Use -T AUTO to determine best number of threads.
  6  LG+R3         1146.400     11  2314.799     2315.523     2358.054
WARNING: 4 threads for alignment length 26 will slow down analysis
WARNING: Number of threads seems too high for short alignments. Use -T AUTO to determine best number of threads.
 14  LG+F          1136.624     26  2325.248     2329.259     2427.486
WARNING: 4 threads for alignment length 26 will slow down analysis
WARNING: Number of threads seems too high for short alignments. Use -T AUTO to determine best number of threads.
 15  LG+F+I        1136.564     27  2327.128     2331.460     2433.299
WARNING: 4 threads for alignment length 26 will slow down analysis
WARNING: Number of threads seems too high for short alignments. Use -T AUTO to determine best number of threads.
 16  LG+F+G4       1136.609     27  2327.219     2331.551     2433.389
WARNING: 4 threads for alignment length 26 will slow down analysis
WARNING: Number of threads seems too high for short alignments. Use -T AUTO to determine best number of threads.
 27  WAG           1146.518     7   2307.037     2307.340     2334.563
WARNING: 4 threads for alignment length 26 will slow down analysis
WARNING: Number of threads seems too high for short alignments. Use -T AUTO to determine best number of threads.
 28  WAG+I         1146.518     8   2309.037     2309.428     2340.495
WARNING: 4 threads for alignment length 26 will slow down analysis
WARNING: Number of threads seems too high for short alignments. Use -T AUTO to determine best number of threads.
 29  WAG+G4        1146.518     8   2309.037     2309.428     2340.495
WARNING: 4 threads for alignment length 26 will slow down analysis
WARNING: Number of threads seems too high for short alignments. Use -T AUTO to determine best number of threads.
 40  WAG+F         1135.257     26  2322.513     2326.524     2424.751
WARNING: 4 threads for alignment length 26 will slow down analysis
WARNING: Number of threads seems too high for short alignments. Use -T AUTO to determine best number of threads.
 41  WAG+F+I       1135.257     27  2324.513     2328.845     2430.684
WARNING: 4 threads for alignment length 26 will slow down analysis
WARNING: Number of threads seems too high for short alignments. Use -T AUTO to determine best number of threads.
 42  WAG+F+G4      1135.257     27  2324.513     2328.845     2430.684
WARNING: 4 threads for alignment length 26 will slow down analysis
WARNING: Number of threads seems too high for short alignments. Use -T AUTO to determine best number of threads.
 53  JTT           1143.612     7   2301.225     2301.528     2328.750
WARNING: 4 threads for alignment length 26 will slow down analysis
WARNING: Number of threads seems too high for short alignments. Use -T AUTO to determine best number of threads.
 54  JTT+I         1143.612     8   2303.225     2303.616     2334.683
WARNING: 4 threads for alignment length 26 will slow down analysis
WARNING: Number of threads seems too high for short alignments. Use -T AUTO to determine best number of threads.
 55  JTT+G4        1143.612     8   2303.225     2303.616     2334.683
WARNING: 4 threads for alignment length 26 will slow down analysis
WARNING: Number of threads seems too high for short alignments. Use -T AUTO to determine best number of threads.
 66  JTT+F         1134.804     26  2321.608     2325.619     2423.846
WARNING: 4 threads for alignment length 26 will slow down analysis
WARNING: Number of threads seems too high for short alignments. Use -T AUTO to determine best number of threads.
 67  JTT+F+I       1134.804     27  2323.608     2327.940     2429.779
WARNING: 4 threads for alignment length 26 will slow down analysis
WARNING: Number of threads seems too high for short alignments. Use -T AUTO to determine best number of threads.
 68  JTT+F+G4      1134.804     27  2323.608     2327.940     2429.779
WARNING: 4 threads for alignment length 26 will slow down analysis
WARNING: Normalizing state frequencies so that sum of them equals to 1
WARNING: Number of threads seems too high for short alignments. Use -T AUTO to determine best number of threads.
 79  Q.pfam        1148.299     7   2310.598     2310.902     2338.124
WARNING: 4 threads for alignment length 26 will slow down analysis
WARNING: Normalizing state frequencies so that sum of them equals to 1
WARNING: Number of threads seems too high for short alignments. Use -T AUTO to determine best number of threads.
 80  Q.pfam+I      1148.287     8   2312.575     2312.966     2344.033
WARNING: 4 threads for alignment length 26 will slow down analysis
WARNING: Normalizing state frequencies so that sum of them equals to 1
WARNING: Number of threads seems too high for short alignments. Use -T AUTO to determine best number of threads.
 81  Q.pfam+G4     1148.293     8   2312.586     2312.977     2344.043
WARNING: 4 threads for alignment length 26 will slow down analysis
WARNING: Normalizing state frequencies so that sum of them equals to 1
WARNING: Number of threads seems too high for short alignments. Use -T AUTO to determine best number of threads.
 92  Q.pfam+F      1136.535     26  2325.070     2329.081     2427.308
WARNING: 4 threads for alignment length 26 will slow down analysis
WARNING: Normalizing state frequencies so that sum of them equals to 1
WARNING: Number of threads seems too high for short alignments. Use -T AUTO to determine best number of threads.
 93  Q.pfam+F+I    1136.460     27  2326.919     2331.252     2433.090
WARNING: 4 threads for alignment length 26 will slow down analysis
WARNING: Normalizing state frequencies so that sum of them equals to 1
WARNING: Number of threads seems too high for short alignments. Use -T AUTO to determine best number of threads.
 94  Q.pfam+F+G4   1136.518     27  2327.035     2331.368     2433.206
WARNING: 4 threads for alignment length 26 will slow down analysis
WARNING: Normalizing state frequencies so that sum of them equals to 1
WARNING: Number of threads seems too high for short alignments. Use -T AUTO to determine best number of threads.
105  Q.bird        1152.005     7   2318.010     2318.314     2345.536
WARNING: 4 threads for alignment length 26 will slow down analysis
WARNING: Normalizing state frequencies so that sum of them equals to 1
WARNING: Number of threads seems too high for short alignments. Use -T AUTO to determine best number of threads.
106  Q.bird+I      1152.005     8   2320.010     2320.401     2351.468
WARNING: 4 threads for alignment length 26 will slow down analysis
WARNING: Normalizing state frequencies so that sum of them equals to 1
WARNING: Number of threads seems too high for short alignments. Use -T AUTO to determine best number of threads.
107  Q.bird+G4     1152.005     8   2320.010     2320.401     2351.468
WARNING: 4 threads for alignment length 26 will slow down analysis
WARNING: Normalizing state frequencies so that sum of them equals to 1
WARNING: Number of threads seems too high for short alignments. Use -T AUTO to determine best number of threads.
118  Q.bird+F      1135.607     26  2323.214     2327.225     2425.452
WARNING: 4 threads for alignment length 26 will slow down analysis
WARNING: Normalizing state frequencies so that sum of them equals to 1
WARNING: Number of threads seems too high for short alignments. Use -T AUTO to determine best number of threads.
119  Q.bird+F+I    1135.564     27  2325.127     2329.459     2431.298
WARNING: 4 threads for alignment length 26 will slow down analysis
WARNING: Normalizing state frequencies so that sum of them equals to 1
WARNING: Number of threads seems too high for short alignments. Use -T AUTO to determine best number of threads.
120  Q.bird+F+G4   1135.592     27  2325.184     2329.516     2431.354
WARNING: 4 threads for alignment length 26 will slow down analysis
WARNING: Normalizing state frequencies so that sum of them equals to 1
WARNING: Number of threads seems too high for short alignments. Use -T AUTO to determine best number of threads.
131  Q.mammal      1155.105     7   2324.209     2324.513     2351.735
WARNING: 4 threads for alignment length 26 will slow down analysis
WARNING: Normalizing state frequencies so that sum of them equals to 1
WARNING: Number of threads seems too high for short alignments. Use -T AUTO to determine best number of threads.
132  Q.mammal+I    1155.105     8   2326.209     2326.600     2357.667
WARNING: 4 threads for alignment length 26 will slow down analysis
WARNING: Normalizing state frequencies so that sum of them equals to 1
WARNING: Number of threads seems too high for short alignments. Use -T AUTO to determine best number of threads.
133  Q.mammal+G4   1155.105     8   2326.209     2326.600     2357.667
WARNING: 4 threads for alignment length 26 will slow down analysis
WARNING: Normalizing state frequencies so that sum of them equals to 1
WARNING: Number of threads seems too high for short alignments. Use -T AUTO to determine best number of threads.
144  Q.mammal+F    1135.519     26  2323.039     2327.050     2425.277
WARNING: 4 threads for alignment length 26 will slow down analysis
WARNING: Normalizing state frequencies so that sum of them equals to 1
WARNING: Number of threads seems too high for short alignments. Use -T AUTO to determine best number of threads.
145  Q.mammal+F+I  1135.511     27  2325.021     2329.354     2431.192
WARNING: 4 threads for alignment length 26 will slow down analysis
WARNING: Normalizing state frequencies so that sum of them equals to 1
WARNING: Number of threads seems too high for short alignments. Use -T AUTO to determine best number of threads.
146  Q.mammal+F+G4 1135.514     27  2325.027     2329.359     2431.198
WARNING: 4 threads for alignment length 26 will slow down analysis
WARNING: Number of threads seems too high for short alignments. Use -T AUTO to determine best number of threads.
157  Q.insect      1156.409     7   2326.818     2327.122     2354.344
WARNING: 4 threads for alignment length 26 will slow down analysis
WARNING: Number of threads seems too high for short alignments. Use -T AUTO to determine best number of threads.
158  Q.insect+I    1156.409     8   2328.818     2329.209     2360.276
WARNING: 4 threads for alignment length 26 will slow down analysis
WARNING: Number of threads seems too high for short alignments. Use -T AUTO to determine best number of threads.
159  Q.insect+G4   1156.409     8   2328.818     2329.209     2360.276
WARNING: 4 threads for alignment length 26 will slow down analysis
WARNING: Number of threads seems too high for short alignments. Use -T AUTO to determine best number of threads.
170  Q.insect+F    1135.701     26  2323.402     2327.414     2425.640
WARNING: 4 threads for alignment length 26 will slow down analysis
WARNING: Number of threads seems too high for short alignments. Use -T AUTO to determine best number of threads.
171  Q.insect+F+I  1135.701     27  2325.402     2329.734     2431.573
WARNING: 4 threads for alignment length 26 will slow down analysis
WARNING: Number of threads seems too high for short alignments. Use -T AUTO to determine best number of threads.
172  Q.insect+F+G4 1135.701     27  2325.402     2329.734     2431.573
WARNING: 4 threads for alignment length 26 will slow down analysis
WARNING: Normalizing state frequencies so that sum of them equals to 1
WARNING: Number of threads seems too high for short alignments. Use -T AUTO to determine best number of threads.
183  Q.plant       1148.489     7   2310.979     2311.282     2338.505
WARNING: 4 threads for alignment length 26 will slow down analysis
WARNING: Normalizing state frequencies so that sum of them equals to 1
WARNING: Number of threads seems too high for short alignments. Use -T AUTO to determine best number of threads.
184  Q.plant+I     1148.489     8   2312.979     2313.370     2344.437
WARNING: 4 threads for alignment length 26 will slow down analysis
WARNING: Normalizing state frequencies so that sum of them equals to 1
WARNING: Number of threads seems too high for short alignments. Use -T AUTO to determine best number of threads.
185  Q.plant+G4    1148.489     8   2312.979     2313.370     2344.437
WARNING: 4 threads for alignment length 26 will slow down analysis
WARNING: Normalizing state frequencies so that sum of them equals to 1
WARNING: Number of threads seems too high for short alignments. Use -T AUTO to determine best number of threads.
196  Q.plant+F     1134.587     26  2321.173     2325.185     2423.412
WARNING: 4 threads for alignment length 26 will slow down analysis
WARNING: Normalizing state frequencies so that sum of them equals to 1
WARNING: Number of threads seems too high for short alignments. Use -T AUTO to determine best number of threads.
197  Q.plant+F+I   1134.587     27  2323.173     2327.506     2429.344
WARNING: 4 threads for alignment length 26 will slow down analysis
WARNING: Normalizing state frequencies so that sum of them equals to 1
WARNING: Number of threads seems too high for short alignments. Use -T AUTO to determine best number of threads.
198  Q.plant+F+G4  1134.587     27  2323.173     2327.506     2429.344
WARNING: 4 threads for alignment length 26 will slow down analysis
WARNING: Normalizing state frequencies so that sum of them equals to 1
WARNING: Number of threads seems too high for short alignments. Use -T AUTO to determine best number of threads.
209  Q.yeast       1160.537     7   2335.074     2335.378     2362.600
WARNING: 4 threads for alignment length 26 will slow down analysis
WARNING: Normalizing state frequencies so that sum of them equals to 1
WARNING: Number of threads seems too high for short alignments. Use -T AUTO to determine best number of threads.
210  Q.yeast+I     1160.537     8   2337.074     2337.465     2368.532
WARNING: 4 threads for alignment length 26 will slow down analysis
WARNING: Normalizing state frequencies so that sum of them equals to 1
WARNING: Number of threads seems too high for short alignments. Use -T AUTO to determine best number of threads.
211  Q.yeast+G4    1160.537     8   2337.074     2337.465     2368.532
WARNING: 4 threads for alignment length 26 will slow down analysis
WARNING: Normalizing state frequencies so that sum of them equals to 1
WARNING: Number of threads seems too high for short alignments. Use -T AUTO to determine best number of threads.
222  Q.yeast+F     1136.393     26  2324.786     2328.797     2427.024
WARNING: 4 threads for alignment length 26 will slow down analysis
WARNING: Normalizing state frequencies so that sum of them equals to 1
WARNING: Number of threads seems too high for short alignments. Use -T AUTO to determine best number of threads.
223  Q.yeast+F+I   1136.378     27  2326.755     2331.087     2432.926
WARNING: 4 threads for alignment length 26 will slow down analysis
WARNING: Normalizing state frequencies so that sum of them equals to 1
WARNING: Number of threads seems too high for short alignments. Use -T AUTO to determine best number of threads.
224  Q.yeast+F+G4  1136.386     27  2326.772     2331.104     2432.942
WARNING: 4 threads for alignment length 26 will slow down analysis
WARNING: Number of threads seems too high for short alignments. Use -T AUTO to determine best number of threads.
235  JTTDCMut      1144.007     7   2302.015     2302.319     2329.541
WARNING: 4 threads for alignment length 26 will slow down analysis
WARNING: Number of threads seems too high for short alignments. Use -T AUTO to determine best number of threads.
236  JTTDCMut+I    1144.007     8   2304.015     2304.406     2335.473
WARNING: 4 threads for alignment length 26 will slow down analysis
WARNING: Number of threads seems too high for short alignments. Use -T AUTO to determine best number of threads.
237  JTTDCMut+G4   1144.007     8   2304.015     2304.406     2335.473
WARNING: 4 threads for alignment length 26 will slow down analysis
WARNING: Number of threads seems too high for short alignments. Use -T AUTO to determine best number of threads.
248  JTTDCMut+F    1134.773     26  2321.546     2325.557     2423.784
WARNING: 4 threads for alignment length 26 will slow down analysis
WARNING: Number of threads seems too high for short alignments. Use -T AUTO to determine best number of threads.
249  JTTDCMut+F+I  1134.773     27  2323.546     2327.878     2429.717
WARNING: 4 threads for alignment length 26 will slow down analysis
WARNING: Number of threads seems too high for short alignments. Use -T AUTO to determine best number of threads.
250  JTTDCMut+F+G4 1134.773     27  2323.546     2327.878     2429.717
WARNING: 4 threads for alignment length 26 will slow down analysis
WARNING: Number of threads seems too high for short alignments. Use -T AUTO to determine best number of threads.
261  DCMut         1160.581     7   2335.162     2335.465     2362.687
WARNING: 4 threads for alignment length 26 will slow down analysis
WARNING: Number of threads seems too high for short alignments. Use -T AUTO to determine best number of threads.
262  DCMut+I       1160.579     8   2337.158     2337.550     2368.616
WARNING: 4 threads for alignment length 26 will slow down analysis
WARNING: Number of threads seems too high for short alignments. Use -T AUTO to determine best number of threads.
263  DCMut+G4      1160.579     8   2337.159     2337.550     2368.617
WARNING: 4 threads for alignment length 26 will slow down analysis
WARNING: Number of threads seems too high for short alignments. Use -T AUTO to determine best number of threads.
274  DCMut+F       1135.963     26  2323.925     2327.936     2426.163
WARNING: 4 threads for alignment length 26 will slow down analysis
WARNING: Number of threads seems too high for short alignments. Use -T AUTO to determine best number of threads.
275  DCMut+F+I     1135.954     27  2325.907     2330.240     2432.078
WARNING: 4 threads for alignment length 26 will slow down analysis
WARNING: Number of threads seems too high for short alignments. Use -T AUTO to determine best number of threads.
276  DCMut+F+G4    1135.956     27  2325.913     2330.245     2432.084
WARNING: 4 threads for alignment length 26 will slow down analysis
WARNING: Number of threads seems too high for short alignments. Use -T AUTO to determine best number of threads.
287  VT            1144.849     7   2303.698     2304.002     2331.224
WARNING: 4 threads for alignment length 26 will slow down analysis
WARNING: Number of threads seems too high for short alignments. Use -T AUTO to determine best number of threads.
288  VT+I          1144.849     8   2305.698     2306.089     2337.156
WARNING: 4 threads for alignment length 26 will slow down analysis
WARNING: Number of threads seems too high for short alignments. Use -T AUTO to determine best number of threads.
289  VT+G4         1144.849     8   2305.698     2306.089     2337.156
WARNING: 4 threads for alignment length 26 will slow down analysis
WARNING: Number of threads seems too high for short alignments. Use -T AUTO to determine best number of threads.
300  VT+F          1135.348     26  2322.695     2326.707     2424.933
WARNING: 4 threads for alignment length 26 will slow down analysis
WARNING: Number of threads seems too high for short alignments. Use -T AUTO to determine best number of threads.
301  VT+F+I        1135.348     27  2324.695     2329.027     2430.866
WARNING: 4 threads for alignment length 26 will slow down analysis
WARNING: Number of threads seems too high for short alignments. Use -T AUTO to determine best number of threads.
302  VT+F+G4       1135.348     27  2324.695     2329.027     2430.866
WARNING: 4 threads for alignment length 26 will slow down analysis
WARNING: Number of threads seems too high for short alignments. Use -T AUTO to determine best number of threads.
313  PMB           1147.855     7   2309.711     2310.014     2337.236
WARNING: 4 threads for alignment length 26 will slow down analysis
WARNING: Number of threads seems too high for short alignments. Use -T AUTO to determine best number of threads.
314  PMB+I         1147.844     8   2311.688     2312.079     2343.146
WARNING: 4 threads for alignment length 26 will slow down analysis
WARNING: Number of threads seems too high for short alignments. Use -T AUTO to determine best number of threads.
315  PMB+G4        1147.849     8   2311.698     2312.089     2343.156
WARNING: 4 threads for alignment length 26 will slow down analysis
WARNING: Number of threads seems too high for short alignments. Use -T AUTO to determine best number of threads.
326  PMB+F         1136.400     26  2324.800     2328.811     2427.038
WARNING: 4 threads for alignment length 26 will slow down analysis
WARNING: Number of threads seems too high for short alignments. Use -T AUTO to determine best number of threads.
327  PMB+F+I       1136.372     27  2326.744     2331.076     2432.914
WARNING: 4 threads for alignment length 26 will slow down analysis
WARNING: Number of threads seems too high for short alignments. Use -T AUTO to determine best number of threads.
328  PMB+F+G4      1136.389     27  2326.778     2331.111     2432.949
WARNING: 4 threads for alignment length 26 will slow down analysis
WARNING: Number of threads seems too high for short alignments. Use -T AUTO to determine best number of threads.
339  Blosum62      1147.801     7   2309.601     2309.905     2337.127
WARNING: 4 threads for alignment length 26 will slow down analysis
WARNING: Number of threads seems too high for short alignments. Use -T AUTO to determine best number of threads.
340  Blosum62+I    1147.684     8   2311.367     2311.759     2342.825
WARNING: 4 threads for alignment length 26 will slow down analysis
WARNING: Number of threads seems too high for short alignments. Use -T AUTO to determine best number of threads.
341  Blosum62+G4   1147.778     8   2311.557     2311.948     2343.015
WARNING: 4 threads for alignment length 26 will slow down analysis
WARNING: Number of threads seems too high for short alignments. Use -T AUTO to determine best number of threads.
352  Blosum62+F    1136.998     26  2325.997     2330.008     2428.235
WARNING: 4 threads for alignment length 26 will slow down analysis
WARNING: Number of threads seems too high for short alignments. Use -T AUTO to determine best number of threads.
353  Blosum62+F+I  1136.811     27  2327.622     2331.954     2433.792
WARNING: 4 threads for alignment length 26 will slow down analysis
WARNING: Number of threads seems too high for short alignments. Use -T AUTO to determine best number of threads.
354  Blosum62+F+G4 1136.969     27  2327.937     2332.270     2434.108
WARNING: 4 threads for alignment length 26 will slow down analysis
WARNING: Number of threads seems too high for short alignments. Use -T AUTO to determine best number of threads.
365  Dayhoff       1160.595     7   2335.191     2335.494     2362.716
WARNING: 4 threads for alignment length 26 will slow down analysis
WARNING: Number of threads seems too high for short alignments. Use -T AUTO to determine best number of threads.
366  Dayhoff+I     1160.593     8   2337.186     2337.577     2368.644
WARNING: 4 threads for alignment length 26 will slow down analysis
WARNING: Number of threads seems too high for short alignments. Use -T AUTO to determine best number of threads.
367  Dayhoff+G4    1160.593     8   2337.186     2337.578     2368.644
WARNING: 4 threads for alignment length 26 will slow down analysis
WARNING: Number of threads seems too high for short alignments. Use -T AUTO to determine best number of threads.
378  Dayhoff+F     1135.978     26  2323.956     2327.968     2426.195
WARNING: 4 threads for alignment length 26 will slow down analysis
WARNING: Number of threads seems too high for short alignments. Use -T AUTO to determine best number of threads.
379  Dayhoff+F+I   1135.968     27  2325.935     2330.268     2432.106
WARNING: 4 threads for alignment length 26 will slow down analysis
WARNING: Number of threads seems too high for short alignments. Use -T AUTO to determine best number of threads.
380  Dayhoff+F+G4  1135.971     27  2325.943     2330.275     2432.114
WARNING: 4 threads for alignment length 26 will slow down analysis
WARNING: Number of threads seems too high for short alignments. Use -T AUTO to determine best number of threads.
391  mtREV         1193.218     7   2400.436     2400.740     2427.962
WARNING: 4 threads for alignment length 26 will slow down analysis
WARNING: Number of threads seems too high for short alignments. Use -T AUTO to determine best number of threads.
392  mtREV+I       1192.838     8   2401.676     2402.067     2433.134
WARNING: 4 threads for alignment length 26 will slow down analysis
WARNING: Number of threads seems too high for short alignments. Use -T AUTO to determine best number of threads.
393  mtREV+G4      1193.184     8   2402.369     2402.760     2433.827
WARNING: 4 threads for alignment length 26 will slow down analysis
WARNING: Number of threads seems too high for short alignments. Use -T AUTO to determine best number of threads.
404  mtREV+F       1135.659     26  2323.318     2327.330     2425.557
WARNING: 4 threads for alignment length 26 will slow down analysis
WARNING: Number of threads seems too high for short alignments. Use -T AUTO to determine best number of threads.
405  mtREV+F+I     1135.641     27  2325.281     2329.614     2431.452
WARNING: 4 threads for alignment length 26 will slow down analysis
WARNING: Number of threads seems too high for short alignments. Use -T AUTO to determine best number of threads.
406  mtREV+F+G4    1135.650     27  2325.300     2329.633     2431.471
WARNING: 4 threads for alignment length 26 will slow down analysis
WARNING: Number of threads seems too high for short alignments. Use -T AUTO to determine best number of threads.
417  mtART         1204.560     7   2423.119     2423.423     2450.645
WARNING: 4 threads for alignment length 26 will slow down analysis
WARNING: Number of threads seems too high for short alignments. Use -T AUTO to determine best number of threads.
418  mtART+I       1198.934     8   2413.868     2414.260     2445.326
WARNING: 4 threads for alignment length 26 will slow down analysis
WARNING: Number of threads seems too high for short alignments. Use -T AUTO to determine best number of threads.
419  mtART+G4      1204.230     8   2424.460     2424.851     2455.917
WARNING: 4 threads for alignment length 26 will slow down analysis
WARNING: Number of threads seems too high for short alignments. Use -T AUTO to determine best number of threads.
430  mtART+F       1142.223     26  2336.447     2340.458     2438.685
WARNING: 4 threads for alignment length 26 will slow down analysis
WARNING: Number of threads seems too high for short alignments. Use -T AUTO to determine best number of threads.
431  mtART+F+I     1136.806     27  2327.612     2331.944     2433.783
WARNING: 4 threads for alignment length 26 will slow down analysis
WARNING: Number of threads seems too high for short alignments. Use -T AUTO to determine best number of threads.
432  mtART+F+G4    1141.928     27  2337.855     2342.188     2444.026
WARNING: 4 threads for alignment length 26 will slow down analysis
WARNING: Number of threads seems too high for short alignments. Use -T AUTO to determine best number of threads.
443  mtZOA         1194.253     7   2402.507     2402.810     2430.033
WARNING: 4 threads for alignment length 26 will slow down analysis
WARNING: Number of threads seems too high for short alignments. Use -T AUTO to determine best number of threads.
444  mtZOA+I       1191.891     8   2399.783     2400.174     2431.241
WARNING: 4 threads for alignment length 26 will slow down analysis
WARNING: Number of threads seems too high for short alignments. Use -T AUTO to determine best number of threads.
445  mtZOA+G4      1194.137     8   2404.275     2404.666     2435.733
WARNING: 4 threads for alignment length 26 will slow down analysis
WARNING: Number of threads seems too high for short alignments. Use -T AUTO to determine best number of threads.
456  mtZOA+F       1138.702     26  2329.403     2333.415     2431.642
WARNING: 4 threads for alignment length 26 will slow down analysis
WARNING: Number of threads seems too high for short alignments. Use -T AUTO to determine best number of threads.
457  mtZOA+F+I     1136.596     27  2327.192     2331.525     2433.363
WARNING: 4 threads for alignment length 26 will slow down analysis
WARNING: Number of threads seems too high for short alignments. Use -T AUTO to determine best number of threads.
458  mtZOA+F+G4    1138.618     27  2331.237     2335.569     2437.407
WARNING: 4 threads for alignment length 26 will slow down analysis
WARNING: Number of threads seems too high for short alignments. Use -T AUTO to determine best number of threads.
469  mtMet         1208.903     7   2431.805     2432.109     2459.331
WARNING: 4 threads for alignment length 26 will slow down analysis
WARNING: Number of threads seems too high for short alignments. Use -T AUTO to determine best number of threads.
470  mtMet+I       1208.535     8   2433.070     2433.461     2464.527
WARNING: 4 threads for alignment length 26 will slow down analysis
WARNING: Number of threads seems too high for short alignments. Use -T AUTO to determine best number of threads.
471  mtMet+G4      1208.871     8   2433.741     2434.133     2465.199
WARNING: 4 threads for alignment length 26 will slow down analysis
WARNING: Number of threads seems too high for short alignments. Use -T AUTO to determine best number of threads.
482  mtMet+F       1136.129     26  2324.259     2328.270     2426.497
WARNING: 4 threads for alignment length 26 will slow down analysis
WARNING: Number of threads seems too high for short alignments. Use -T AUTO to determine best number of threads.
483  mtMet+F+I     1136.096     27  2326.192     2330.524     2432.362
WARNING: 4 threads for alignment length 26 will slow down analysis
WARNING: Number of threads seems too high for short alignments. Use -T AUTO to determine best number of threads.
484  mtMet+F+G4    1136.117     27  2326.234     2330.566     2432.404
WARNING: 4 threads for alignment length 26 will slow down analysis
WARNING: Number of threads seems too high for short alignments. Use -T AUTO to determine best number of threads.
495  mtVer         1205.555     7   2425.110     2425.413     2452.636
WARNING: 4 threads for alignment length 26 will slow down analysis
WARNING: Number of threads seems too high for short alignments. Use -T AUTO to determine best number of threads.
496  mtVer+I       1205.407     8   2426.813     2427.205     2458.271
WARNING: 4 threads for alignment length 26 will slow down analysis
WARNING: Number of threads seems too high for short alignments. Use -T AUTO to determine best number of threads.
497  mtVer+G4      1205.524     8   2427.047     2427.439     2458.505
WARNING: 4 threads for alignment length 26 will slow down analysis
WARNING: Number of threads seems too high for short alignments. Use -T AUTO to determine best number of threads.
508  mtVer+F       1135.996     26  2323.992     2328.003     2426.230
WARNING: 4 threads for alignment length 26 will slow down analysis
WARNING: Number of threads seems too high for short alignments. Use -T AUTO to determine best number of threads.
509  mtVer+F+I     1135.993     27  2325.986     2330.319     2432.157
WARNING: 4 threads for alignment length 26 will slow down analysis
WARNING: Number of threads seems too high for short alignments. Use -T AUTO to determine best number of threads.
510  mtVer+F+G4    1135.993     27  2325.987     2330.319     2432.157
WARNING: 4 threads for alignment length 26 will slow down analysis
WARNING: Number of threads seems too high for short alignments. Use -T AUTO to determine best number of threads.
521  mtInv         1230.999     7   2475.999     2476.303     2503.525
WARNING: 4 threads for alignment length 26 will slow down analysis
WARNING: Number of threads seems too high for short alignments. Use -T AUTO to determine best number of threads.
522  mtInv+I       1230.324     8   2476.648     2477.040     2508.106
WARNING: 4 threads for alignment length 26 will slow down analysis
WARNING: Number of threads seems too high for short alignments. Use -T AUTO to determine best number of threads.
523  mtInv+G4      1230.957     8   2477.914     2478.305     2509.372
WARNING: 4 threads for alignment length 26 will slow down analysis
WARNING: Number of threads seems too high for short alignments. Use -T AUTO to determine best number of threads.
534  mtInv+F       1136.725     26  2325.450     2329.461     2427.688
WARNING: 4 threads for alignment length 26 will slow down analysis
WARNING: Number of threads seems too high for short alignments. Use -T AUTO to determine best number of threads.
535  mtInv+F+I     1136.678     27  2327.356     2331.689     2433.527
WARNING: 4 threads for alignment length 26 will slow down analysis
WARNING: Number of threads seems too high for short alignments. Use -T AUTO to determine best number of threads.
536  mtInv+F+G4    1136.712     27  2327.424     2331.757     2433.595
WARNING: 4 threads for alignment length 26 will slow down analysis
WARNING: Number of threads seems too high for short alignments. Use -T AUTO to determine best number of threads.
547  mtMAM         1196.024     7   2406.048     2406.352     2433.574
WARNING: 4 threads for alignment length 26 will slow down analysis
WARNING: Number of threads seems too high for short alignments. Use -T AUTO to determine best number of threads.
548  mtMAM+I       1194.933     8   2405.866     2406.257     2437.324
WARNING: 4 threads for alignment length 26 will slow down analysis
WARNING: Number of threads seems too high for short alignments. Use -T AUTO to determine best number of threads.
549  mtMAM+G4      1195.956     8   2407.912     2408.303     2439.370
WARNING: 4 threads for alignment length 26 will slow down analysis
WARNING: Number of threads seems too high for short alignments. Use -T AUTO to determine best number of threads.
560  mtMAM+F       1136.956     26  2325.913     2329.924     2428.151
WARNING: 4 threads for alignment length 26 will slow down analysis
WARNING: Number of threads seems too high for short alignments. Use -T AUTO to determine best number of threads.
561  mtMAM+F+I     1136.363     27  2326.726     2331.058     2432.896
WARNING: 4 threads for alignment length 26 will slow down analysis
WARNING: Number of threads seems too high for short alignments. Use -T AUTO to determine best number of threads.
562  mtMAM+F+G4    1136.917     27  2327.833     2332.166     2434.004
WARNING: 4 threads for alignment length 26 will slow down analysis
WARNING: Number of threads seems too high for short alignments. Use -T AUTO to determine best number of threads.
573  HIVb          1152.616     7   2319.231     2319.535     2346.757
WARNING: 4 threads for alignment length 26 will slow down analysis
WARNING: Number of threads seems too high for short alignments. Use -T AUTO to determine best number of threads.
574  HIVb+I        1152.616     8   2321.231     2321.623     2352.689
WARNING: 4 threads for alignment length 26 will slow down analysis
WARNING: Number of threads seems too high for short alignments. Use -T AUTO to determine best number of threads.
575  HIVb+G4       1152.616     8   2321.231     2321.623     2352.689
WARNING: 4 threads for alignment length 26 will slow down analysis
WARNING: Number of threads seems too high for short alignments. Use -T AUTO to determine best number of threads.
586  HIVb+F        1134.968     26  2321.936     2325.948     2424.175
WARNING: 4 threads for alignment length 26 will slow down analysis
WARNING: Number of threads seems too high for short alignments. Use -T AUTO to determine best number of threads.
587  HIVb+F+I      1134.968     27  2323.936     2328.269     2430.107
WARNING: 4 threads for alignment length 26 will slow down analysis
WARNING: Number of threads seems too high for short alignments. Use -T AUTO to determine best number of threads.
588  HIVb+F+G4     1134.968     27  2323.936     2328.269     2430.107
WARNING: 4 threads for alignment length 26 will slow down analysis
WARNING: Number of threads seems too high for short alignments. Use -T AUTO to determine best number of threads.
599  HIVw          1168.514     7   2351.029     2351.332     2378.555
WARNING: 4 threads for alignment length 26 will slow down analysis
WARNING: Number of threads seems too high for short alignments. Use -T AUTO to determine best number of threads.
600  HIVw+I        1168.514     8   2353.029     2353.420     2384.487
WARNING: 4 threads for alignment length 26 will slow down analysis
WARNING: Number of threads seems too high for short alignments. Use -T AUTO to determine best number of threads.
601  HIVw+G4       1168.514     8   2353.029     2353.420     2384.487
WARNING: 4 threads for alignment length 26 will slow down analysis
WARNING: Number of threads seems too high for short alignments. Use -T AUTO to determine best number of threads.
612  HIVw+F        1132.967     26  2317.934     2321.946     2420.172
WARNING: 4 threads for alignment length 26 will slow down analysis
WARNING: Number of threads seems too high for short alignments. Use -T AUTO to determine best number of threads.
613  HIVw+F+I      1132.967     27  2319.934     2324.266     2426.105
WARNING: 4 threads for alignment length 26 will slow down analysis
WARNING: Number of threads seems too high for short alignments. Use -T AUTO to determine best number of threads.
614  HIVw+F+G4     1132.967     27  2319.934     2324.266     2426.105
WARNING: 4 threads for alignment length 26 will slow down analysis
WARNING: Number of threads seems too high for short alignments. Use -T AUTO to determine best number of threads.
625  FLU           1154.680     7   2323.360     2323.663     2350.885
WARNING: 4 threads for alignment length 26 will slow down analysis
WARNING: Number of threads seems too high for short alignments. Use -T AUTO to determine best number of threads.
626  FLU+I         1154.680     8   2325.360     2325.751     2356.818
WARNING: 4 threads for alignment length 26 will slow down analysis
WARNING: Number of threads seems too high for short alignments. Use -T AUTO to determine best number of threads.
627  FLU+G4        1154.680     8   2325.360     2325.751     2356.818
WARNING: 4 threads for alignment length 26 will slow down analysis
WARNING: Number of threads seems too high for short alignments. Use -T AUTO to determine best number of threads.
638  FLU+F         1134.721     26  2321.442     2325.453     2423.680
WARNING: 4 threads for alignment length 26 will slow down analysis
WARNING: Number of threads seems too high for short alignments. Use -T AUTO to determine best number of threads.
639  FLU+F+I       1134.721     27  2323.442     2327.774     2429.613
WARNING: 4 threads for alignment length 26 will slow down analysis
WARNING: Number of threads seems too high for short alignments. Use -T AUTO to determine best number of threads.
640  FLU+F+G4      1134.721     27  2323.442     2327.774     2429.613
WARNING: 4 threads for alignment length 26 will slow down analysis
WARNING: Number of threads seems too high for short alignments. Use -T AUTO to determine best number of threads.
651  rtREV         1157.086     7   2328.171     2328.475     2355.697
WARNING: 4 threads for alignment length 26 will slow down analysis
WARNING: Number of threads seems too high for short alignments. Use -T AUTO to determine best number of threads.
652  rtREV+I       1157.075     8   2330.149     2330.541     2361.607
WARNING: 4 threads for alignment length 26 will slow down analysis
WARNING: Number of threads seems too high for short alignments. Use -T AUTO to determine best number of threads.
653  rtREV+G4      1157.080     8   2330.159     2330.550     2361.617
WARNING: 4 threads for alignment length 26 will slow down analysis
WARNING: Number of threads seems too high for short alignments. Use -T AUTO to determine best number of threads.
664  rtREV+F       1136.511     26  2325.021     2329.033     2427.260
WARNING: 4 threads for alignment length 26 will slow down analysis
WARNING: Number of threads seems too high for short alignments. Use -T AUTO to determine best number of threads.
665  rtREV+F+I     1136.487     27  2326.974     2331.306     2433.145
WARNING: 4 threads for alignment length 26 will slow down analysis
WARNING: Number of threads seems too high for short alignments. Use -T AUTO to determine best number of threads.
666  rtREV+F+G4    1136.502     27  2327.004     2331.337     2433.175
WARNING: 4 threads for alignment length 26 will slow down analysis
WARNING: Number of threads seems too high for short alignments. Use -T AUTO to determine best number of threads.
677  cpREV         1150.281     7   2314.562     2314.866     2342.088
WARNING: 4 threads for alignment length 26 will slow down analysis
WARNING: Number of threads seems too high for short alignments. Use -T AUTO to determine best number of threads.
678  cpREV+I       1150.281     8   2316.562     2316.954     2348.020
WARNING: 4 threads for alignment length 26 will slow down analysis
WARNING: Number of threads seems too high for short alignments. Use -T AUTO to determine best number of threads.
679  cpREV+G4      1150.281     8   2316.562     2316.954     2348.020
WARNING: 4 threads for alignment length 26 will slow down analysis
WARNING: Number of threads seems too high for short alignments. Use -T AUTO to determine best number of threads.
690  cpREV+F       1135.604     26  2323.209     2327.220     2425.447
WARNING: 4 threads for alignment length 26 will slow down analysis
WARNING: Number of threads seems too high for short alignments. Use -T AUTO to determine best number of threads.
691  cpREV+F+I     1135.604     27  2325.209     2329.541     2431.379
WARNING: 4 threads for alignment length 26 will slow down analysis
WARNING: Number of threads seems too high for short alignments. Use -T AUTO to determine best number of threads.
692  cpREV+F+G4    1135.604     27  2325.209     2329.541     2431.379
WARNING: 4 threads for alignment length 26 will slow down analysis
WARNING: NONREV model will estimate 379 substitution rates that might be overfitting!
WARNING: Please only use NONREV with very large data and always test for model fit!
WARNING: Number of threads seems too high for short alignments. Use -T AUTO to determine best number of threads.
703  NONREV+FO     1123.678     387 3021.355     303333.355   4543.134
WARNING: 4 threads for alignment length 26 will slow down analysis
WARNING: NONREV model will estimate 379 substitution rates that might be overfitting!
WARNING: Please only use NONREV with very large data and always test for model fit!
WARNING: Number of threads seems too high for short alignments. Use -T AUTO to determine best number of threads.
704  NONREV+FO+I   1123.851     388 3023.702     304887.702   4549.413
WARNING: 4 threads for alignment length 26 will slow down analysis
WARNING: NONREV model will estimate 379 substitution rates that might be overfitting!
WARNING: Please only use NONREV with very large data and always test for model fit!
WARNING: Number of threads seems too high for short alignments. Use -T AUTO to determine best number of threads.
705  NONREV+FO+G4  1123.771     388 3023.541     304887.541   4549.253
WARNING: 4 threads for alignment length 26 will slow down analysis
WARNING: NONREV model will estimate 379 substitution rates that might be overfitting!
WARNING: Please only use NONREV with very large data and always test for model fit!
WARNING: Number of threads seems too high for short alignments. Use -T AUTO to determine best number of threads.
716  NONREV+F      1123.678     406 3059.356     333543.356   4655.847
WARNING: 4 threads for alignment length 26 will slow down analysis
WARNING: NONREV model will estimate 379 substitution rates that might be overfitting!
WARNING: Please only use NONREV with very large data and always test for model fit!
WARNING: Number of threads seems too high for short alignments. Use -T AUTO to determine best number of threads.
717  NONREV+F+I    1124.093     407 3062.185     335174.185   4662.609
WARNING: 4 threads for alignment length 26 will slow down analysis
WARNING: NONREV model will estimate 379 substitution rates that might be overfitting!
WARNING: Please only use NONREV with very large data and always test for model fit!
WARNING: Number of threads seems too high for short alignments. Use -T AUTO to determine best number of threads.
718  NONREV+F+G4   1123.669     407 3061.338     335173.338   4661.762
WARNING: 4 threads for alignment length 26 will slow down analysis
WARNING: GTR20 model will estimate 189 substitution rates that might be overfitting!
WARNING: Please only use GTR20 with very large data and always test for model fit!
WARNING: Number of threads seems too high for short alignments. Use -T AUTO to determine best number of threads.
729  GTR20+F       1119.529     215 2669.058     3245.952     3514.490
WARNING: 4 threads for alignment length 26 will slow down analysis
WARNING: GTR20 model will estimate 189 substitution rates that might be overfitting!
WARNING: Please only use GTR20 with very large data and always test for model fit!
WARNING: Number of threads seems too high for short alignments. Use -T AUTO to determine best number of threads.
730  GTR20+F+I     1119.541     216 2671.083     3256.983     3520.448
WARNING: 4 threads for alignment length 26 will slow down analysis
WARNING: GTR20 model will estimate 189 substitution rates that might be overfitting!
WARNING: Please only use GTR20 with very large data and always test for model fit!
WARNING: Number of threads seems too high for short alignments. Use -T AUTO to determine best number of threads.
731  GTR20+F+G4    1119.543     216 2671.085     3256.985     3520.450
WARNING: 4 threads for alignment length 26 will slow down analysis
WARNING: GTR20 model will estimate 189 substitution rates that might be overfitting!
WARNING: Please only use GTR20 with very large data and always test for model fit!
742  GTR20+F       1119.529     215 2669.058     3245.952     3514.490
WARNING: 4 threads for alignment length 26 will slow down analysis
WARNING: GTR20 model will estimate 189 substitution rates that might be overfitting!
WARNING: Please only use GTR20 with very large data and always test for model fit!
743  GTR20+F+I     1119.541     216 2671.083     3256.983     3520.448
WARNING: 4 threads for alignment length 26 will slow down analysis
WARNING: GTR20 model will estimate 189 substitution rates that might be overfitting!
WARNING: Please only use GTR20 with very large data and always test for model fit!
744  GTR20+F+G4    1119.543     216 2671.085     3256.985     3520.450
WARNING: 4 threads for alignment length 26 will slow down analysis
WARNING: Number of threads seems too high for short alignments. Use -T AUTO to determine best number of threads.
755  Poisson       1173.198     7   2360.397     2360.700     2387.922
WARNING: 4 threads for alignment length 26 will slow down analysis
WARNING: Number of threads seems too high for short alignments. Use -T AUTO to determine best number of threads.
756  Poisson+I     1173.198     8   2362.397     2362.788     2393.855
WARNING: 4 threads for alignment length 26 will slow down analysis
WARNING: Number of threads seems too high for short alignments. Use -T AUTO to determine best number of threads.
757  Poisson+G4    1173.198     8   2362.397     2362.788     2393.855
WARNING: 4 threads for alignment length 26 will slow down analysis
WARNING: Number of threads seems too high for short alignments. Use -T AUTO to determine best number of threads.
768  Poisson+F     1136.494     26  2324.987     2328.999     2427.226
WARNING: 4 threads for alignment length 26 will slow down analysis
WARNING: Number of threads seems too high for short alignments. Use -T AUTO to determine best number of threads.
769  Poisson+F+I   1136.494     27  2326.987     2331.320     2433.158
WARNING: 4 threads for alignment length 26 will slow down analysis
WARNING: Number of threads seems too high for short alignments. Use -T AUTO to determine best number of threads.
770  Poisson+F+G4  1136.494     27  2326.987     2331.320     2433.158
Akaike Information Criterion:           JTT
Corrected Akaike Information Criterion: JTT
Bayesian Information Criterion:         JTT
Best-fit model: JTT chosen according to BIC

All model information printed to ACTC1_prot.model.gz
CPU time for ModelFinder: 290.258 seconds (0h:4m:50s)
Wall-clock time for ModelFinder: 96.872 seconds (0h:1m:36s)
WARNING: 4 threads for alignment length 26 will slow down analysis

NOTE: 0 MB RAM (0 GB) is required!
WARNING: Number of threads seems too high for short alignments. Use -T AUTO to determine best number of threads.
Estimate model parameters (epsilon = 0.100)
1. Initial log-likelihood: -1143.612
Optimal log-likelihood: -1143.612
Parameters optimization took 1 rounds (0.000 sec)
Wrote distance file to... 
Computing ML distances based on estimated model parameters...
Calculating distance matrix: done in 0.000682026 secs using 369.2% CPU
Computing ML distances took 0.000838 sec (of wall-clock time) 0.002679 sec (of CPU time)
Setting up auxiliary I and S matrices: done in 0.000276618 secs using 272.6% CPU
Constructing RapidNJ tree: done in 0.000396468 secs using 270.1% CPU
Computing RapidNJ tree took 0.000724 sec (of wall-clock time) 0.002395 sec (of CPU time)
Log-likelihood of RapidNJ tree: -1143.614
--------------------------------------------------------------------
|             INITIALIZING CANDIDATE TREE SET                      |
--------------------------------------------------------------------
Generating 98 parsimony trees... 0.010 second
Computing log-likelihood of 13 initial trees ... 0.002 seconds
Current best score: -1143.612

Do NNI search on 15 best initial trees
Optimizing NNI: done in 0.000556555 secs using 1171% CPU
UPDATE BEST LOG-LIKELIHOOD: -1143.612
Optimizing NNI: done in 0.000384055 secs using 113% CPU
Optimizing NNI: done in 0.000524856 secs using 114.1% CPU
Optimizing NNI: done in 0.00112175 secs using 106.8% CPU
Optimizing NNI: done in 0.00113824 secs using 106.7% CPU
Optimizing NNI: done in 0.00173455 secs using 102.8% CPU
Optimizing NNI: done in 0.00171261 secs using 104.9% CPU
Optimizing NNI: done in 0.00169859 secs using 575.5% CPU
Optimizing NNI: done in 0.00167974 secs using 105.3% CPU
Optimizing NNI: done in 0.000393033 secs using 2155% CPU
Iteration 10 / LogL: -1151.311 / Time: 0h:0m:0s
Optimizing NNI: done in 0.000401773 secs using 112% CPU
Optimizing NNI: done in 0.0011377 secs using 106.8% CPU
Optimizing NNI: done in 0.00113237 secs using 106.7% CPU
Optimizing NNI: done in 0.00118409 secs using 445.3% CPU
Optimizing NNI: done in 0.00116178 secs using 106.5% CPU
Finish initializing candidate tree set (15)
Current best tree score: -1143.612 / CPU time: 0.032
Number of iterations: 15
--------------------------------------------------------------------
|               OPTIMIZING CANDIDATE TREE SET                      |
--------------------------------------------------------------------
Optimizing NNI: done in 0.00104049 secs using 876.3% CPU
Optimizing NNI: done in 0.00164974 secs using 103.3% CPU
Optimizing NNI: done in 0.00161792 secs using 104.8% CPU
Optimizing NNI: done in 0.00131414 secs using 103.8% CPU
Optimizing NNI: done in 0.000510335 secs using 115% CPU
Iteration 20 / LogL: -1143.612 / Time: 0h:0m:0s
Optimizing NNI: done in 0.000840716 secs using 109.1% CPU
Optimizing NNI: done in 0.000535592 secs using 1608% CPU
Optimizing NNI: done in 0.00106866 secs using 107.1% CPU
Optimizing NNI: done in 0.000353392 secs using 121.7% CPU
Optimizing NNI: done in 0.0005037 secs using 115.3% CPU
Optimizing NNI: done in 0.000503112 secs using 115.1% CPU
Optimizing NNI: done in 0.00111839 secs using 819.9% CPU
Optimizing NNI: done in 0.000523355 secs using 114.8% CPU
Optimizing NNI: done in 0.000850726 secs using 109% CPU
Optimizing NNI: done in 0.00193457 secs using 517.4% CPU
Iteration 30 / LogL: -1143.614 / Time: 0h:0m:0s (0h:0m:0s left)
Optimizing NNI: done in 0.000993524 secs using 107.9% CPU
Optimizing NNI: done in 0.00104218 secs using 107.3% CPU
Optimizing NNI: done in 0.000544954 secs using 1582% CPU
Optimizing NNI: done in 0.000518907 secs using 115.2% CPU
Optimizing NNI: done in 0.000742253 secs using 110.3% CPU
Optimizing NNI: done in 0.00112075 secs using 106.8% CPU
Optimizing NNI: done in 0.00119694 secs using 774.8% CPU
Optimizing NNI: done in 0.00130033 secs using 105.9% CPU
Optimizing NNI: done in 0.00164261 secs using 348.7% CPU
Optimizing NNI: done in 0.00110719 secs using 107% CPU
Iteration 40 / LogL: -1143.612 / Time: 0h:0m:0s (0h:0m:0s left)
Optimizing NNI: done in 0.000501964 secs using 115.3% CPU
Optimizing NNI: done in 0.000522852 secs using 114.4% CPU
Optimizing NNI: done in 0.000381194 secs using 2219% CPU
Optimizing NNI: done in 0.00186432 secs using 104.1% CPU
Optimizing NNI: done in 0.000506371 secs using 115.1% CPU
Optimizing NNI: done in 0.000310645 secs using 125.5% CPU
Optimizing NNI: done in 0.00109186 secs using 476.2% CPU
Optimizing NNI: done in 0.00161447 secs using 104.6% CPU
Optimizing NNI: done in 0.00118491 secs using 781.5% CPU
Optimizing NNI: done in 0.000551343 secs using 114.1% CPU
Iteration 50 / LogL: -1143.612 / Time: 0h:0m:0s (0h:0m:0s left)
Optimizing NNI: done in 0.0010532 secs using 107.3% CPU
Optimizing NNI: done in 0.000848882 secs using 109.1% CPU
Optimizing NNI: done in 0.00114349 secs using 458.8% CPU
Optimizing NNI: done in 0.000352081 secs using 121.6% CPU
Optimizing NNI: done in 0.000988517 secs using 107.7% CPU
Optimizing NNI: done in 0.00133016 secs using 707.1% CPU
Optimizing NNI: done in 0.00115148 secs using 106.6% CPU
Optimizing NNI: done in 0.00102943 secs using 107.3% CPU
Optimizing NNI: done in 0.000528149 secs using 1629% CPU
Optimizing NNI: done in 0.00114597 secs using 104.9% CPU
Iteration 60 / LogL: -1143.612 / Time: 0h:0m:0s (0h:0m:0s left)
Optimizing NNI: done in 0.00111353 secs using 106.9% CPU
Optimizing NNI: done in 0.000739466 secs using 110.1% CPU
Optimizing NNI: done in 0.00124402 secs using 102.9% CPU
Optimizing NNI: done in 0.000505898 secs using 115% CPU
Optimizing NNI: done in 0.00114827 secs using 106.5% CPU
Optimizing NNI: done in 0.000539236 secs using 1598% CPU
Optimizing NNI: done in 0.00161633 secs using 104.7% CPU
Optimizing NNI: done in 0.00191332 secs using 522.1% CPU
Optimizing NNI: done in 0.00186974 secs using 104.1% CPU
Optimizing NNI: done in 0.00104502 secs using 107.3% CPU
Iteration 70 / LogL: -1143.612 / Time: 0h:0m:0s (0h:0m:0s left)
Optimizing NNI: done in 0.000522748 secs using 109.4% CPU
Optimizing NNI: done in 0.00116331 secs using 106.7% CPU
Optimizing NNI: done in 0.000505246 secs using 115% CPU
Optimizing NNI: done in 0.00166312 secs using 585.6% CPU
Optimizing NNI: done in 0.0010353 secs using 107.5% CPU
Optimizing NNI: done in 0.00187603 secs using 530.5% CPU
Optimizing NNI: done in 0.00163203 secs using 104.7% CPU
Optimizing NNI: done in 0.00108236 secs using 107.8% CPU
Optimizing NNI: done in 0.000539195 secs using 1598% CPU
Optimizing NNI: done in 0.000521563 secs using 114.7% CPU
Iteration 80 / LogL: -1143.612 / Time: 0h:0m:0s (0h:0m:0s left)
Optimizing NNI: done in 0.000509501 secs using 115.2% CPU
Optimizing NNI: done in 0.000500653 secs using 115.2% CPU
Optimizing NNI: done in 0.0013351 secs using 704.8% CPU
Optimizing NNI: done in 0.000520553 secs using 114.7% CPU
Optimizing NNI: done in 0.00188313 secs using 104.1% CPU
Optimizing NNI: done in 0.00112215 secs using 820.4% CPU
Optimizing NNI: done in 0.000508945 secs using 115.7% CPU
Optimizing NNI: done in 0.000736948 secs using 110.5% CPU
Optimizing NNI: done in 0.000993513 secs using 107.8% CPU
Optimizing NNI: done in 0.000793669 secs using 1118% CPU
Iteration 90 / LogL: -1143.612 / Time: 0h:0m:0s (0h:0m:0s left)
Optimizing NNI: done in 0.00103698 secs using 107.4% CPU
Optimizing NNI: done in 0.00108841 secs using 107.8% CPU
Optimizing NNI: done in 0.000374395 secs using 2257% CPU
Optimizing NNI: done in 0.00132722 secs using 106.4% CPU
Optimizing NNI: done in 0.00120628 secs using 106.3% CPU
Optimizing NNI: done in 0.00118697 secs using 780.6% CPU
Optimizing NNI: done in 0.00101326 secs using 108.2% CPU
Optimizing NNI: done in 0.000506893 secs using 115% CPU
Optimizing NNI: done in 0.000739031 secs using 110.1% CPU
Optimizing NNI: done in 0.00108801 secs using 842.2% CPU
Iteration 100 / LogL: -1143.613 / Time: 0h:0m:0s (0h:0m:0s left)
Optimizing NNI: done in 0.00121652 secs using 106.6% CPU
TREE SEARCH COMPLETED AFTER 101 ITERATIONS / Time: 0h:0m:0s

--------------------------------------------------------------------
|                    FINALIZING TREE SEARCH                        |
--------------------------------------------------------------------
Performs final model parameters optimization
Estimate model parameters (epsilon = 0.010)
1. Initial log-likelihood: -1143.612
Optimal log-likelihood: -1143.612
Parameters optimization took 1 rounds (0.000 sec)
BEST SCORE FOUND : -1143.612
Total tree length: 0.013

Total number of iterations: 101
CPU time used for tree search: 0.390 sec (0h:0m:0s)
Wall-clock time used for tree search: 0.139 sec (0h:0m:0s)
Total CPU time used: 0.420 sec (0h:0m:0s)
Total wall-clock time used: 0.154 sec (0h:0m:0s)

Analysis results written to: 
  IQ-TREE report:                ACTC1_prot.iqtree
  Maximum-likelihood tree:       ACTC1_prot.treefile
  Likelihood distances:          ACTC1_prot.mldist
  Screen log file:               ACTC1_prot.log

Date and Time: Wed Jun  5 15:20:07 2024
