IQ-TREE multicore version 2.2.0-beta COVID-edition for Linux 64-bit built Dec 21 2021 built Dec 21 2021
Developed by Bui Quang Minh, James Barbetti, Nguyen Lam Tung,
Olga Chernomor, Heiko Schmidt, Dominik Schrempf, Michael Woodhams, Ly Trong Nhan.

Host:    awarnach22 (AVX2, FMA3, 251 GB RAM)
Command: iqtree -s ACTC1_codon_aligned.fasta -st CODON -m MFP -pre ACTC1_codon -nt AUTO
Seed:    326980 (Using SPRNG - Scalable Parallel Random Number Generator)
Time:    Tue Jun 25 15:55:21 2024
Kernel:  AVX+FMA - auto-detect threads (36 CPU cores detected)

Reading alignment file ACTC1_codon_aligned.fasta ... Fasta format detected
Reading fasta file: done in 0.000954058 secs
Alignment most likely contains DNA/RNA sequences
Converting to codon sequences with genetic code  ...
Constructing alignment: done in 0.000661306 secs using 99.8% CPU
Alignment has 18 sequences with 377 columns, 112 distinct patterns
34 parsimony-informative, 25 singleton sites, 318 constant sites
       Gap/Ambiguity  Composition  p-value
Analyzing sequences: done in 0.00326174 secs using 2241% CPU
   1  Oorc     0.00%    passed    100.00%
   2  Ttru     0.00%    passed    100.00%
   3  Pcat     0.00%    passed    100.00%
   4  Bacu     0.00%    passed    100.00%
   5  Lvex     0.27%    passed    100.00%
   6  Dleu     0.00%    passed    100.00%
   7  Naasi    0.00%    passed    100.00%
   8  Lobl     0.00%    passed    100.00%
   9  Mmon     0.00%    passed    100.00%
  10  Gmel     0.00%    passed    100.00%
  11  Psin     0.00%    passed    100.00%
  12  Bmus     0.00%    passed    100.00%
  13  Kbre     0.00%    passed    100.00%
  14  Bric     0.00%    passed    100.00%
  15  Ddel     0.00%    passed    100.00%
  16  Mden     0.00%    passed    100.00%
  17  Lalb     0.00%    passed    100.00%
  18  Egla     0.00%    passed    100.00%
****  TOTAL    0.01%  0 sequences failed composition chi2 test (p-value<5%; df=60)
Checking for duplicate sequences: done in 0.00171452 secs using 1046% CPU

Creating fast initial parsimony tree by random order stepwise addition...
0.023 seconds, parsimony score: 78 (based on 59 sites)
Measuring multi-threading efficiency up to 36 CPU cores
Increase to 10 rounds for branch lengths
330 trees examined
Threads: 1 / Time: 36.006 sec / Speedup: 1.000 / Efficiency: 100% / LogL: -2388
Threads: 2 / Time: 25.282 sec / Speedup: 1.424 / Efficiency: 71% / LogL: -2388
Threads: 3 / Time: 20.534 sec / Speedup: 1.753 / Efficiency: 58% / LogL: -2388
Threads: 4 / Time: 16.999 sec / Speedup: 2.118 / Efficiency: 53% / LogL: -2388
Threads: 5 / Time: 16.017 sec / Speedup: 2.248 / Efficiency: 45% / LogL: -2388
Determining AUTO threadcount: done in 114.84 secs using 248.8% CPU
BEST NUMBER OF THREADS: 4

Perform fast likelihood tree search using GY+F3X4+I+G model...
Estimate model parameters (epsilon = 5.000)
Perform nearest neighbor interchange...
Optimizing NNI: done in 0.226598 secs using 397.3% CPU
Estimate model parameters (epsilon = 1.000)
1. Initial log-likelihood: -1992.384
Optimal log-likelihood: -1992.174
Nonsynonymous/synonymous ratio (omega): 0.036
Transition/transversion ratio (kappa): 37.886
Proportion of invariable sites: 0.386
Gamma shape alpha: 0.595
Parameters optimization took 1 rounds (0.488 sec)
Time for fast ML tree search: 2.340 seconds

NOTE: ModelFinder requires 14 MB RAM!
ModelFinder will test up to 195 codon models (sample size: 377) ...
 No. Model         -LnL         df  AIC          AICc         BIC
Measuring multi-threading efficiency up to 36 CPU cores
Increase to 10 rounds for branch lengths
471 trees examined
Threads: 1 / Time: 36.017 sec / Speedup: 1.000 / Efficiency: 100% / LogL: -2243
Threads: 2 / Time: 25.401 sec / Speedup: 1.418 / Efficiency: 71% / LogL: -2243
Threads: 3 / Time: 20.029 sec / Speedup: 1.798 / Efficiency: 60% / LogL: -2243
Threads: 4 / Time: 17.560 sec / Speedup: 2.051 / Efficiency: 51% / LogL: -2243
Threads: 5 / Time: 17.617 sec / Speedup: 2.044 / Efficiency: 41% / LogL: -2243
Determining AUTO threadcount: done in 116.624 secs using 261.3% CPU
BEST NUMBER OF THREADS: 4

  1  GY+F3X4       2000.934     44  4089.868     4101.795     4262.887
Measuring multi-threading efficiency up to 36 CPU cores
Increase to 10 rounds for branch lengths
405 trees examined
Threads: 1 / Time: 36.072 sec / Speedup: 1.000 / Efficiency: 100% / LogL: -2166
Threads: 2 / Time: 24.027 sec / Speedup: 1.501 / Efficiency: 75% / LogL: -2166
Threads: 3 / Time: 20.197 sec / Speedup: 1.786 / Efficiency: 60% / LogL: -2166
Threads: 4 / Time: 18.440 sec / Speedup: 1.956 / Efficiency: 49% / LogL: -2166
Determining AUTO threadcount: done in 98.7357 secs using 220.8% CPU
BEST NUMBER OF THREADS: 3

  2  GY+F3X4+I     1979.383     45  4048.766     4061.273     4225.717
Measuring multi-threading efficiency up to 36 CPU cores
Increase to 10 rounds for branch lengths
339 trees examined
Threads: 1 / Time: 36.067 sec / Speedup: 1.000 / Efficiency: 100% / LogL: -2177
Threads: 2 / Time: 23.356 sec / Speedup: 1.544 / Efficiency: 77% / LogL: -2177
Threads: 3 / Time: 19.121 sec / Speedup: 1.886 / Efficiency: 63% / LogL: -2177
Threads: 4 / Time: 15.690 sec / Speedup: 2.299 / Efficiency: 57% / LogL: -2177
Threads: 5 / Time: 14.882 sec / Speedup: 2.424 / Efficiency: 48% / LogL: -2177
Determining AUTO threadcount: done in 109.117 secs using 244.5% CPU
BEST NUMBER OF THREADS: 4

  3  GY+F3X4+G4    1978.635     45  4047.271     4059.779     4224.222
Measuring multi-threading efficiency up to 36 CPU cores
Increase to 10 rounds for branch lengths
296 trees examined
Threads: 1 / Time: 36.149 sec / Speedup: 1.000 / Efficiency: 100% / LogL: -2160
Threads: 2 / Time: 23.466 sec / Speedup: 1.541 / Efficiency: 77% / LogL: -2160
Threads: 3 / Time: 18.997 sec / Speedup: 1.903 / Efficiency: 63% / LogL: -2160
Threads: 4 / Time: 16.223 sec / Speedup: 2.228 / Efficiency: 56% / LogL: -2160
Threads: 5 / Time: 15.014 sec / Speedup: 2.408 / Efficiency: 48% / LogL: -2160
Determining AUTO threadcount: done in 109.85 secs using 246.7% CPU
BEST NUMBER OF THREADS: 4

  4  GY+F3X4+I+G4  1978.172     46  4048.344     4061.447     4229.227
Measuring multi-threading efficiency up to 36 CPU cores
Increase to 10 rounds for branch lengths
667 trees examined
Threads: 1 / Time: 36.041 sec / Speedup: 1.000 / Efficiency: 100% / LogL: -2215
Threads: 2 / Time: 23.631 sec / Speedup: 1.525 / Efficiency: 76% / LogL: -2215
Threads: 3 / Time: 19.462 sec / Speedup: 1.852 / Efficiency: 62% / LogL: -2215
Threads: 4 / Time: 17.105 sec / Speedup: 2.107 / Efficiency: 53% / LogL: -2215
Threads: 5 / Time: 15.298 sec / Speedup: 2.356 / Efficiency: 47% / LogL: -2215
Determining AUTO threadcount: done in 111.538 secs using 254% CPU
BEST NUMBER OF THREADS: 4

  5  GY+F3X4+R2    1977.553     46  4047.106     4060.209     4227.989
Measuring multi-threading efficiency up to 36 CPU cores
Increase to 10 rounds for branch lengths
151 trees examined
Threads: 1 / Time: 36.035 sec / Speedup: 1.000 / Efficiency: 100% / LogL: -2190
Threads: 2 / Time: 23.823 sec / Speedup: 1.513 / Efficiency: 76% / LogL: -2190
Threads: 3 / Time: 19.915 sec / Speedup: 1.809 / Efficiency: 60% / LogL: -2190
Threads: 4 / Time: 17.161 sec / Speedup: 2.100 / Efficiency: 52% / LogL: -2190
Threads: 5 / Time: 16.246 sec / Speedup: 2.218 / Efficiency: 44% / LogL: -2190
Determining AUTO threadcount: done in 113.181 secs using 257.8% CPU
BEST NUMBER OF THREADS: 4

  6  GY+F3X4+R3    1976.936     48  4049.872     4064.213     4238.620
Measuring multi-threading efficiency up to 36 CPU cores
Increase to 10 rounds for branch lengths
377 trees examined
Threads: 1 / Time: 36.047 sec / Speedup: 1.000 / Efficiency: 100% / LogL: -2207
Threads: 2 / Time: 24.493 sec / Speedup: 1.472 / Efficiency: 74% / LogL: -2207
Threads: 3 / Time: 20.326 sec / Speedup: 1.773 / Efficiency: 59% / LogL: -2207
Threads: 4 / Time: 17.772 sec / Speedup: 2.028 / Efficiency: 51% / LogL: -2207
Threads: 5 / Time: 17.123 sec / Speedup: 2.105 / Efficiency: 42% / LogL: -2207
Determining AUTO threadcount: done in 115.761 secs using 260.9% CPU
BEST NUMBER OF THREADS: 4

 15  GY+F1X4+I     2039.614     39  4157.228     4166.486     4310.586
Measuring multi-threading efficiency up to 36 CPU cores
Increase to 10 rounds for branch lengths
333 trees examined
Threads: 1 / Time: 36.025 sec / Speedup: 1.000 / Efficiency: 100% / LogL: -2205
Threads: 2 / Time: 23.268 sec / Speedup: 1.548 / Efficiency: 77% / LogL: -2205
Threads: 3 / Time: 18.967 sec / Speedup: 1.899 / Efficiency: 63% / LogL: -2205
Threads: 4 / Time: 15.603 sec / Speedup: 2.309 / Efficiency: 58% / LogL: -2205
Threads: 5 / Time: 14.832 sec / Speedup: 2.429 / Efficiency: 49% / LogL: -2205
Determining AUTO threadcount: done in 108.694 secs using 244.3% CPU
BEST NUMBER OF THREADS: 4

 16  GY+F1X4+G4    2039.377     39  4156.755     4166.013     4310.112
Measuring multi-threading efficiency up to 36 CPU cores
Increase to 10 rounds for branch lengths
276 trees examined
Threads: 1 / Time: 36.043 sec / Speedup: 1.000 / Efficiency: 100% / LogL: -2206
Threads: 2 / Time: 23.362 sec / Speedup: 1.543 / Efficiency: 77% / LogL: -2206
Threads: 3 / Time: 19.143 sec / Speedup: 1.883 / Efficiency: 63% / LogL: -2206
Threads: 4 / Time: 15.944 sec / Speedup: 2.261 / Efficiency: 57% / LogL: -2206
Threads: 5 / Time: 15.092 sec / Speedup: 2.388 / Efficiency: 48% / LogL: -2206
Determining AUTO threadcount: done in 109.585 secs using 247.2% CPU
BEST NUMBER OF THREADS: 4

 17  GY+F1X4+I+G4  2038.981     40  4157.963     4167.725     4315.253
Measuring multi-threading efficiency up to 36 CPU cores
Increase to 10 rounds for branch lengths
665 trees examined
Threads: 1 / Time: 36.007 sec / Speedup: 1.000 / Efficiency: 100% / LogL: -2298
Threads: 2 / Time: 23.412 sec / Speedup: 1.538 / Efficiency: 77% / LogL: -2298
Threads: 3 / Time: 19.178 sec / Speedup: 1.877 / Efficiency: 63% / LogL: -2298
Threads: 4 / Time: 16.520 sec / Speedup: 2.180 / Efficiency: 54% / LogL: -2298
Threads: 5 / Time: 15.291 sec / Speedup: 2.355 / Efficiency: 47% / LogL: -2298
Determining AUTO threadcount: done in 110.408 secs using 253.2% CPU
BEST NUMBER OF THREADS: 4

 18  GY+F1X4+R2    2038.507     40  4157.015     4166.777     4314.305
Measuring multi-threading efficiency up to 36 CPU cores
Increase to 10 rounds for branch lengths
376 trees examined
Threads: 1 / Time: 36.027 sec / Speedup: 1.000 / Efficiency: 100% / LogL: -2077
Threads: 2 / Time: 24.096 sec / Speedup: 1.495 / Efficiency: 75% / LogL: -2077
Threads: 3 / Time: 21.181 sec / Speedup: 1.701 / Efficiency: 57% / LogL: -2077
Threads: 4 / Time: 18.051 sec / Speedup: 1.996 / Efficiency: 50% / LogL: -2077
Determining AUTO threadcount: done in 99.356 secs using 220.9% CPU
BEST NUMBER OF THREADS: 3

 28  GY+F+I        1917.303     96  4026.605     4093.120     4404.101
Measuring multi-threading efficiency up to 36 CPU cores
Increase to 10 rounds for branch lengths
339 trees examined
Threads: 1 / Time: 36.063 sec / Speedup: 1.000 / Efficiency: 100% / LogL: -2075
Threads: 2 / Time: 24.446 sec / Speedup: 1.475 / Efficiency: 74% / LogL: -2075
Threads: 3 / Time: 19.865 sec / Speedup: 1.815 / Efficiency: 61% / LogL: -2075
Threads: 4 / Time: 15.614 sec / Speedup: 2.310 / Efficiency: 58% / LogL: -2075
Threads: 5 / Time: 15.937 sec / Speedup: 2.263 / Efficiency: 45% / LogL: -2075
Determining AUTO threadcount: done in 111.927 secs using 246.6% CPU
BEST NUMBER OF THREADS: 4

 29  GY+F+G4       1916.951     96  4025.901     4092.416     4403.397
Measuring multi-threading efficiency up to 36 CPU cores
Increase to 10 rounds for branch lengths
274 trees examined
Threads: 1 / Time: 36.209 sec / Speedup: 1.000 / Efficiency: 100% / LogL: -2108
Threads: 2 / Time: 23.405 sec / Speedup: 1.547 / Efficiency: 77% / LogL: -2108
Threads: 3 / Time: 20.049 sec / Speedup: 1.806 / Efficiency: 60% / LogL: -2108
Threads: 4 / Time: 16.911 sec / Speedup: 2.141 / Efficiency: 54% / LogL: -2108
Threads: 5 / Time: 15.995 sec / Speedup: 2.264 / Efficiency: 45% / LogL: -2108
Determining AUTO threadcount: done in 112.57 secs using 250.9% CPU
BEST NUMBER OF THREADS: 4

 30  GY+F+I+G4     1916.423     97  4026.845     4094.989     4408.273
Measuring multi-threading efficiency up to 36 CPU cores
Increase to 10 rounds for branch lengths
663 trees examined
Threads: 1 / Time: 36.040 sec / Speedup: 1.000 / Efficiency: 100% / LogL: -2164
Threads: 2 / Time: 23.403 sec / Speedup: 1.540 / Efficiency: 77% / LogL: -2164
Threads: 3 / Time: 20.549 sec / Speedup: 1.754 / Efficiency: 58% / LogL: -2164
Threads: 4 / Time: 17.417 sec / Speedup: 2.069 / Efficiency: 52% / LogL: -2164
Threads: 5 / Time: 16.527 sec / Speedup: 2.181 / Efficiency: 44% / LogL: -2164
Determining AUTO threadcount: done in 113.936 secs using 257.6% CPU
BEST NUMBER OF THREADS: 4

 31  GY+F+R2       1916.178     97  4026.356     4094.500     4407.784
Measuring multi-threading efficiency up to 36 CPU cores
Increase to 10 rounds for branch lengths
398 trees examined
Threads: 1 / Time: 36.084 sec / Speedup: 1.000 / Efficiency: 100% / LogL: -2127
Threads: 2 / Time: 24.148 sec / Speedup: 1.494 / Efficiency: 75% / LogL: -2127
Threads: 3 / Time: 22.061 sec / Speedup: 1.636 / Efficiency: 55% / LogL: -2127
Threads: 4 / Time: 19.862 sec / Speedup: 1.817 / Efficiency: 45% / LogL: -2127
Determining AUTO threadcount: done in 102.155 secs using 224.6% CPU
BEST NUMBER OF THREADS: 3

 41  MGK+F3X4+I    1974.086     45  4038.171     4050.679     4215.122
Measuring multi-threading efficiency up to 36 CPU cores
Increase to 10 rounds for branch lengths
338 trees examined
Threads: 1 / Time: 36.109 sec / Speedup: 1.000 / Efficiency: 100% / LogL: -2126
Threads: 2 / Time: 23.326 sec / Speedup: 1.548 / Efficiency: 77% / LogL: -2126
Threads: 3 / Time: 20.012 sec / Speedup: 1.804 / Efficiency: 60% / LogL: -2126
Threads: 4 / Time: 16.700 sec / Speedup: 2.162 / Efficiency: 54% / LogL: -2126
Threads: 5 / Time: 15.298 sec / Speedup: 2.360 / Efficiency: 47% / LogL: -2126
Determining AUTO threadcount: done in 111.445 secs using 247.5% CPU
BEST NUMBER OF THREADS: 4

 42  MGK+F3X4+G4   1973.634     45  4037.268     4049.775     4214.219
Measuring multi-threading efficiency up to 36 CPU cores
Increase to 10 rounds for branch lengths
332 trees examined
Threads: 1 / Time: 36.098 sec / Speedup: 1.000 / Efficiency: 100% / LogL: -2162
Threads: 2 / Time: 23.501 sec / Speedup: 1.536 / Efficiency: 77% / LogL: -2162
Threads: 3 / Time: 20.015 sec / Speedup: 1.804 / Efficiency: 60% / LogL: -2162
Threads: 4 / Time: 16.759 sec / Speedup: 2.154 / Efficiency: 54% / LogL: -2162
Threads: 5 / Time: 15.721 sec / Speedup: 2.296 / Efficiency: 46% / LogL: -2162
Determining AUTO threadcount: done in 112.094 secs using 248.1% CPU
BEST NUMBER OF THREADS: 4

 43  MGK+F3X4+I+G4 1973.327     46  4038.653     4051.756     4219.536
Measuring multi-threading efficiency up to 36 CPU cores
Increase to 10 rounds for branch lengths
662 trees examined
Threads: 1 / Time: 36.053 sec / Speedup: 1.000 / Efficiency: 100% / LogL: -2221
Threads: 2 / Time: 23.377 sec / Speedup: 1.542 / Efficiency: 77% / LogL: -2221
Threads: 3 / Time: 20.226 sec / Speedup: 1.782 / Efficiency: 59% / LogL: -2221
Threads: 4 / Time: 17.380 sec / Speedup: 2.074 / Efficiency: 52% / LogL: -2221
Threads: 5 / Time: 16.403 sec / Speedup: 2.198 / Efficiency: 44% / LogL: -2221
Determining AUTO threadcount: done in 113.439 secs using 257.1% CPU
BEST NUMBER OF THREADS: 4

 44  MGK+F3X4+R2   1973.058     46  4038.115     4051.218     4218.999
Measuring multi-threading efficiency up to 36 CPU cores
Increase to 10 rounds for branch lengths
378 trees examined
Threads: 1 / Time: 36.008 sec / Speedup: 1.000 / Efficiency: 100% / LogL: -2201
Threads: 2 / Time: 23.970 sec / Speedup: 1.502 / Efficiency: 75% / LogL: -2201
Threads: 3 / Time: 21.641 sec / Speedup: 1.664 / Efficiency: 55% / LogL: -2201
Threads: 4 / Time: 19.280 sec / Speedup: 1.868 / Efficiency: 47% / LogL: -2201
Determining AUTO threadcount: done in 100.9 secs using 223.4% CPU
BEST NUMBER OF THREADS: 3

 54  MGK+F1X4+I    2037.850     39  4153.700     4162.959     4307.058
Measuring multi-threading efficiency up to 36 CPU cores
Increase to 10 rounds for branch lengths
329 trees examined
Threads: 1 / Time: 36.021 sec / Speedup: 1.000 / Efficiency: 100% / LogL: -2217
Threads: 2 / Time: 24.219 sec / Speedup: 1.487 / Efficiency: 74% / LogL: -2217
Threads: 3 / Time: 19.829 sec / Speedup: 1.817 / Efficiency: 61% / LogL: -2217
Threads: 4 / Time: 16.025 sec / Speedup: 2.248 / Efficiency: 56% / LogL: -2217
Threads: 5 / Time: 15.652 sec / Speedup: 2.301 / Efficiency: 46% / LogL: -2217
Determining AUTO threadcount: done in 111.747 secs using 247.2% CPU
BEST NUMBER OF THREADS: 4

 55  MGK+F1X4+G4   2037.709     39  4153.417     4162.675     4306.775
Measuring multi-threading efficiency up to 36 CPU cores
Increase to 10 rounds for branch lengths
262 trees examined
Threads: 1 / Time: 36.048 sec / Speedup: 1.000 / Efficiency: 100% / LogL: -2210
Threads: 2 / Time: 23.744 sec / Speedup: 1.518 / Efficiency: 76% / LogL: -2210
Threads: 3 / Time: 19.980 sec / Speedup: 1.804 / Efficiency: 60% / LogL: -2210
Threads: 4 / Time: 16.935 sec / Speedup: 2.129 / Efficiency: 53% / LogL: -2210
Threads: 5 / Time: 16.026 sec / Speedup: 2.249 / Efficiency: 45% / LogL: -2210
Determining AUTO threadcount: done in 112.734 secs using 251.2% CPU
BEST NUMBER OF THREADS: 4

 56  MGK+F1X4+I+G4 2037.475     40  4154.949     4164.711     4312.239
Measuring multi-threading efficiency up to 36 CPU cores
Increase to 10 rounds for branch lengths
665 trees examined
Threads: 1 / Time: 36.033 sec / Speedup: 1.000 / Efficiency: 100% / LogL: -2228
Threads: 2 / Time: 23.428 sec / Speedup: 1.538 / Efficiency: 77% / LogL: -2228
Threads: 3 / Time: 20.543 sec / Speedup: 1.754 / Efficiency: 58% / LogL: -2228
Threads: 4 / Time: 17.483 sec / Speedup: 2.061 / Efficiency: 52% / LogL: -2228
Threads: 5 / Time: 16.497 sec / Speedup: 2.184 / Efficiency: 44% / LogL: -2228
Determining AUTO threadcount: done in 113.985 secs using 257.7% CPU
BEST NUMBER OF THREADS: 4

 57  MGK+F1X4+R2   2037.319     40  4154.639     4164.401     4311.928
Measuring multi-threading efficiency up to 36 CPU cores
Increase to 10 rounds for branch lengths
408 trees examined
Threads: 1 / Time: 36.056 sec / Speedup: 1.000 / Efficiency: 100% / LogL: -2126
Threads: 2 / Time: 24.124 sec / Speedup: 1.495 / Efficiency: 75% / LogL: -2126
Threads: 3 / Time: 21.926 sec / Speedup: 1.644 / Efficiency: 55% / LogL: -2126
Threads: 4 / Time: 19.575 sec / Speedup: 1.842 / Efficiency: 46% / LogL: -2126
Determining AUTO threadcount: done in 101.681 secs using 224% CPU
BEST NUMBER OF THREADS: 3

 67  MG+F3X4+I     1974.086     44  4036.171     4048.099     4209.190
Measuring multi-threading efficiency up to 36 CPU cores
Increase to 10 rounds for branch lengths
339 trees examined
Threads: 1 / Time: 36.052 sec / Speedup: 1.000 / Efficiency: 100% / LogL: -2136
Threads: 2 / Time: 23.211 sec / Speedup: 1.553 / Efficiency: 78% / LogL: -2136
Threads: 3 / Time: 19.854 sec / Speedup: 1.816 / Efficiency: 61% / LogL: -2136
Threads: 4 / Time: 16.570 sec / Speedup: 2.176 / Efficiency: 54% / LogL: -2136
Threads: 5 / Time: 15.622 sec / Speedup: 2.308 / Efficiency: 46% / LogL: -2136
Determining AUTO threadcount: done in 111.31 secs using 248.2% CPU
BEST NUMBER OF THREADS: 4

 68  MG+F3X4+G4    1973.633     44  4035.267     4047.194     4208.286
Measuring multi-threading efficiency up to 36 CPU cores
Increase to 10 rounds for branch lengths
326 trees examined
Threads: 1 / Time: 36.015 sec / Speedup: 1.000 / Efficiency: 100% / LogL: -2176
Threads: 2 / Time: 23.313 sec / Speedup: 1.545 / Efficiency: 77% / LogL: -2176
Threads: 3 / Time: 19.939 sec / Speedup: 1.806 / Efficiency: 60% / LogL: -2176
Threads: 4 / Time: 16.696 sec / Speedup: 2.157 / Efficiency: 54% / LogL: -2176
Threads: 5 / Time: 15.669 sec / Speedup: 2.298 / Efficiency: 46% / LogL: -2176
Determining AUTO threadcount: done in 111.632 secs using 248.8% CPU
BEST NUMBER OF THREADS: 4

 69  MG+F3X4+I+G4  1973.326     45  4036.651     4049.159     4213.602
Measuring multi-threading efficiency up to 36 CPU cores
Increase to 10 rounds for branch lengths
665 trees examined
Threads: 1 / Time: 36.042 sec / Speedup: 1.000 / Efficiency: 100% / LogL: -2204
Threads: 2 / Time: 23.516 sec / Speedup: 1.533 / Efficiency: 77% / LogL: -2204
Threads: 3 / Time: 20.615 sec / Speedup: 1.748 / Efficiency: 58% / LogL: -2204
Threads: 4 / Time: 17.667 sec / Speedup: 2.040 / Efficiency: 51% / LogL: -2204
Threads: 5 / Time: 16.382 sec / Speedup: 2.200 / Efficiency: 44% / LogL: -2204
Determining AUTO threadcount: done in 114.222 secs using 257.4% CPU
BEST NUMBER OF THREADS: 4

 70  MG+F3X4+R2    1973.056     45  4036.112     4048.619     4213.063
Measuring multi-threading efficiency up to 36 CPU cores
Increase to 10 rounds for branch lengths
377 trees examined
Threads: 1 / Time: 36.049 sec / Speedup: 1.000 / Efficiency: 100% / LogL: -2172
Threads: 2 / Time: 24.125 sec / Speedup: 1.494 / Efficiency: 75% / LogL: -2172
Threads: 3 / Time: 21.812 sec / Speedup: 1.653 / Efficiency: 55% / LogL: -2172
Threads: 4 / Time: 19.489 sec / Speedup: 1.850 / Efficiency: 46% / LogL: -2172
Determining AUTO threadcount: done in 101.475 secs using 223.8% CPU
BEST NUMBER OF THREADS: 3

 80  MG+F1X4+I     2038.011     38  4152.021     4160.790     4301.446
Measuring multi-threading efficiency up to 36 CPU cores
Increase to 10 rounds for branch lengths
332 trees examined
Threads: 1 / Time: 36.101 sec / Speedup: 1.000 / Efficiency: 100% / LogL: -2181
Threads: 2 / Time: 23.298 sec / Speedup: 1.550 / Efficiency: 77% / LogL: -2181
Threads: 3 / Time: 19.943 sec / Speedup: 1.810 / Efficiency: 60% / LogL: -2181
Threads: 4 / Time: 16.663 sec / Speedup: 2.167 / Efficiency: 54% / LogL: -2181
Threads: 5 / Time: 15.557 sec / Speedup: 2.321 / Efficiency: 46% / LogL: -2181
Determining AUTO threadcount: done in 111.562 secs using 248.4% CPU
BEST NUMBER OF THREADS: 4

 81  MG+F1X4+G4    2037.871     38  4151.742     4160.511     4301.167
Measuring multi-threading efficiency up to 36 CPU cores
Increase to 10 rounds for branch lengths
283 trees examined
Threads: 1 / Time: 36.062 sec / Speedup: 1.000 / Efficiency: 100% / LogL: -2221
Threads: 2 / Time: 23.341 sec / Speedup: 1.545 / Efficiency: 77% / LogL: -2221
Threads: 3 / Time: 19.971 sec / Speedup: 1.806 / Efficiency: 60% / LogL: -2221
Threads: 4 / Time: 16.940 sec / Speedup: 2.129 / Efficiency: 53% / LogL: -2221
Threads: 5 / Time: 15.722 sec / Speedup: 2.294 / Efficiency: 46% / LogL: -2221
Determining AUTO threadcount: done in 112.037 secs using 250.5% CPU
BEST NUMBER OF THREADS: 4

 82  MG+F1X4+I+G4  2037.626     39  4153.252     4162.510     4306.610
Measuring multi-threading efficiency up to 36 CPU cores
Increase to 10 rounds for branch lengths
666 trees examined
Threads: 1 / Time: 36.017 sec / Speedup: 1.000 / Efficiency: 100% / LogL: -2282
Threads: 2 / Time: 23.471 sec / Speedup: 1.535 / Efficiency: 77% / LogL: -2282
Threads: 3 / Time: 20.529 sec / Speedup: 1.754 / Efficiency: 58% / LogL: -2282
Threads: 4 / Time: 17.569 sec / Speedup: 2.050 / Efficiency: 51% / LogL: -2282
Threads: 5 / Time: 16.387 sec / Speedup: 2.198 / Efficiency: 44% / LogL: -2282
Determining AUTO threadcount: done in 113.974 secs using 257.6% CPU
BEST NUMBER OF THREADS: 4

 83  MG+F1X4+R2    2037.449     39  4152.899     4162.157     4306.256
Measuring multi-threading efficiency up to 36 CPU cores
Increase to 10 rounds for branch lengths
384 trees examined
Threads: 1 / Time: 36.041 sec / Speedup: 1.000 / Efficiency: 100% / LogL: -2105
Threads: 2 / Time: 24.008 sec / Speedup: 1.501 / Efficiency: 75% / LogL: -2105
Threads: 3 / Time: 21.795 sec / Speedup: 1.654 / Efficiency: 55% / LogL: -2105
Threads: 4 / Time: 19.270 sec / Speedup: 1.870 / Efficiency: 47% / LogL: -2105
Determining AUTO threadcount: done in 101.115 secs using 223.6% CPU
BEST NUMBER OF THREADS: 3

 93  KOSI07+F3X4+I 1974.919     43  4035.838     4047.201     4204.924
Measuring multi-threading efficiency up to 36 CPU cores
Increase to 10 rounds for branch lengths
338 trees examined
Threads: 1 / Time: 36.004 sec / Speedup: 1.000 / Efficiency: 100% / LogL: -2162
Threads: 2 / Time: 23.342 sec / Speedup: 1.542 / Efficiency: 77% / LogL: -2162
Threads: 3 / Time: 19.929 sec / Speedup: 1.807 / Efficiency: 60% / LogL: -2162
Threads: 4 / Time: 16.624 sec / Speedup: 2.166 / Efficiency: 54% / LogL: -2162
Threads: 5 / Time: 15.612 sec / Speedup: 2.306 / Efficiency: 46% / LogL: -2162
Determining AUTO threadcount: done in 111.51 secs using 248% CPU
BEST NUMBER OF THREADS: 4

 94  KOSI07+F3X4+G4 1974.830     43  4035.660     4047.023     4204.746
Measuring multi-threading efficiency up to 36 CPU cores
Increase to 10 rounds for branch lengths
303 trees examined
Threads: 1 / Time: 36.097 sec / Speedup: 1.000 / Efficiency: 100% / LogL: -2122
Threads: 2 / Time: 23.534 sec / Speedup: 1.534 / Efficiency: 77% / LogL: -2122
Threads: 3 / Time: 20.116 sec / Speedup: 1.794 / Efficiency: 60% / LogL: -2122
Threads: 4 / Time: 16.910 sec / Speedup: 2.135 / Efficiency: 53% / LogL: -2122
Threads: 5 / Time: 15.811 sec / Speedup: 2.283 / Efficiency: 46% / LogL: -2122
Determining AUTO threadcount: done in 112.468 secs using 249.7% CPU
BEST NUMBER OF THREADS: 4

 95  KOSI07+F3X4+I+G4 1974.923     44  4037.845     4049.773     4210.864
Measuring multi-threading efficiency up to 36 CPU cores
Increase to 10 rounds for branch lengths
667 trees examined
Threads: 1 / Time: 36.031 sec / Speedup: 1.000 / Efficiency: 100% / LogL: -2196
Threads: 2 / Time: 23.456 sec / Speedup: 1.536 / Efficiency: 77% / LogL: -2196
Threads: 3 / Time: 20.490 sec / Speedup: 1.758 / Efficiency: 59% / LogL: -2196
Threads: 4 / Time: 17.434 sec / Speedup: 2.067 / Efficiency: 52% / LogL: -2196
Threads: 5 / Time: 16.357 sec / Speedup: 2.203 / Efficiency: 44% / LogL: -2196
Determining AUTO threadcount: done in 113.768 secs using 257.4% CPU
BEST NUMBER OF THREADS: 4

 96  KOSI07+F3X4+R2 1975.209     44  4038.418     4050.346     4211.437
Measuring multi-threading efficiency up to 36 CPU cores
Increase to 10 rounds for branch lengths
367 trees examined
Threads: 1 / Time: 36.032 sec / Speedup: 1.000 / Efficiency: 100% / LogL: -2215
Threads: 2 / Time: 24.078 sec / Speedup: 1.496 / Efficiency: 75% / LogL: -2215
Threads: 3 / Time: 22.077 sec / Speedup: 1.632 / Efficiency: 54% / LogL: -2215
Threads: 4 / Time: 19.614 sec / Speedup: 1.837 / Efficiency: 46% / LogL: -2215
Determining AUTO threadcount: done in 101.802 secs using 224.3% CPU
BEST NUMBER OF THREADS: 3

106  KOSI07+F1X4+I 2041.058     37  4156.115     4164.410     4301.608
Measuring multi-threading efficiency up to 36 CPU cores
Increase to 10 rounds for branch lengths
323 trees examined
Threads: 1 / Time: 36.003 sec / Speedup: 1.000 / Efficiency: 100% / LogL: -2246
Threads: 2 / Time: 23.290 sec / Speedup: 1.546 / Efficiency: 77% / LogL: -2246
Threads: 3 / Time: 19.872 sec / Speedup: 1.812 / Efficiency: 60% / LogL: -2246
Threads: 4 / Time: 16.635 sec / Speedup: 2.164 / Efficiency: 54% / LogL: -2246
Threads: 5 / Time: 15.848 sec / Speedup: 2.272 / Efficiency: 45% / LogL: -2246
Determining AUTO threadcount: done in 111.648 secs using 248.7% CPU
BEST NUMBER OF THREADS: 4

107  KOSI07+F1X4+G4 2042.261     37  4158.521     4166.816     4304.014
Measuring multi-threading efficiency up to 36 CPU cores
Increase to 10 rounds for branch lengths
202 trees examined
Threads: 1 / Time: 36.152 sec / Speedup: 1.000 / Efficiency: 100% / LogL: -2226
Threads: 2 / Time: 23.501 sec / Speedup: 1.538 / Efficiency: 77% / LogL: -2226
Threads: 3 / Time: 20.213 sec / Speedup: 1.789 / Efficiency: 60% / LogL: -2226
Threads: 4 / Time: 17.324 sec / Speedup: 2.087 / Efficiency: 52% / LogL: -2226
Threads: 5 / Time: 16.186 sec / Speedup: 2.234 / Efficiency: 45% / LogL: -2226
Determining AUTO threadcount: done in 113.377 secs using 253.6% CPU
BEST NUMBER OF THREADS: 4

108  KOSI07+F1X4+I+G4 2041.510     38  4159.019     4167.788     4308.444
Measuring multi-threading efficiency up to 36 CPU cores
Increase to 10 rounds for branch lengths
662 trees examined
Threads: 1 / Time: 36.055 sec / Speedup: 1.000 / Efficiency: 100% / LogL: -2295
Threads: 2 / Time: 23.416 sec / Speedup: 1.540 / Efficiency: 77% / LogL: -2295
Threads: 3 / Time: 20.442 sec / Speedup: 1.764 / Efficiency: 59% / LogL: -2295
Threads: 4 / Time: 17.505 sec / Speedup: 2.060 / Efficiency: 51% / LogL: -2295
Threads: 5 / Time: 16.313 sec / Speedup: 2.210 / Efficiency: 44% / LogL: -2295
Determining AUTO threadcount: done in 113.732 secs using 257.2% CPU
BEST NUMBER OF THREADS: 4

109  KOSI07+F1X4+R2 2041.665     38  4159.330     4168.099     4308.755
Measuring multi-threading efficiency up to 36 CPU cores
Increase to 10 rounds for branch lengths
364 trees examined
Threads: 1 / Time: 36.033 sec / Speedup: 1.000 / Efficiency: 100% / LogL: -2075
Threads: 2 / Time: 24.072 sec / Speedup: 1.497 / Efficiency: 75% / LogL: -2075
Threads: 3 / Time: 21.857 sec / Speedup: 1.649 / Efficiency: 55% / LogL: -2075
Threads: 4 / Time: 19.721 sec / Speedup: 1.827 / Efficiency: 46% / LogL: -2075
Determining AUTO threadcount: done in 101.683 secs using 224.4% CPU
BEST NUMBER OF THREADS: 3

119  KOSI07+F+I    1907.997     94  4003.994     4067.328     4373.625
Measuring multi-threading efficiency up to 36 CPU cores
Increase to 10 rounds for branch lengths
337 trees examined
Threads: 1 / Time: 36.062 sec / Speedup: 1.000 / Efficiency: 100% / LogL: -2081
Threads: 2 / Time: 23.326 sec / Speedup: 1.546 / Efficiency: 77% / LogL: -2081
Threads: 3 / Time: 19.854 sec / Speedup: 1.816 / Efficiency: 61% / LogL: -2081
Threads: 4 / Time: 16.592 sec / Speedup: 2.173 / Efficiency: 54% / LogL: -2081
Threads: 5 / Time: 15.783 sec / Speedup: 2.285 / Efficiency: 46% / LogL: -2081
Determining AUTO threadcount: done in 111.618 secs using 248% CPU
BEST NUMBER OF THREADS: 4

120  KOSI07+F+G4   1908.244     94  4004.489     4067.822     4374.120
Measuring multi-threading efficiency up to 36 CPU cores
Increase to 10 rounds for branch lengths
291 trees examined
Threads: 1 / Time: 36.019 sec / Speedup: 1.000 / Efficiency: 100% / LogL: -2056
Threads: 2 / Time: 23.282 sec / Speedup: 1.547 / Efficiency: 77% / LogL: -2056
Threads: 3 / Time: 19.906 sec / Speedup: 1.809 / Efficiency: 60% / LogL: -2056
Threads: 4 / Time: 16.773 sec / Speedup: 2.147 / Efficiency: 54% / LogL: -2056
Threads: 5 / Time: 15.871 sec / Speedup: 2.269 / Efficiency: 45% / LogL: -2056
Determining AUTO threadcount: done in 111.851 secs using 250.1% CPU
BEST NUMBER OF THREADS: 4

121  KOSI07+F+I+G4 1908.383     95  4006.765     4071.676     4380.329
Measuring multi-threading efficiency up to 36 CPU cores
Increase to 10 rounds for branch lengths
664 trees examined
Threads: 1 / Time: 36.015 sec / Speedup: 1.000 / Efficiency: 100% / LogL: -2123
Threads: 2 / Time: 23.488 sec / Speedup: 1.533 / Efficiency: 77% / LogL: -2123
Threads: 3 / Time: 20.566 sec / Speedup: 1.751 / Efficiency: 58% / LogL: -2123
Threads: 4 / Time: 17.639 sec / Speedup: 2.042 / Efficiency: 51% / LogL: -2123
Threads: 5 / Time: 16.368 sec / Speedup: 2.200 / Efficiency: 44% / LogL: -2123
Determining AUTO threadcount: done in 114.075 secs using 257.5% CPU
BEST NUMBER OF THREADS: 4

122  KOSI07+F+R2   1908.972     95  4007.943     4072.854     4381.507
Measuring multi-threading efficiency up to 36 CPU cores
Increase to 10 rounds for branch lengths
360 trees examined
Threads: 1 / Time: 36.070 sec / Speedup: 1.000 / Efficiency: 100% / LogL: -2164
Threads: 2 / Time: 24.136 sec / Speedup: 1.494 / Efficiency: 75% / LogL: -2164
Threads: 3 / Time: 21.976 sec / Speedup: 1.641 / Efficiency: 55% / LogL: -2164
Threads: 4 / Time: 19.515 sec / Speedup: 1.848 / Efficiency: 46% / LogL: -2164
Determining AUTO threadcount: done in 101.697 secs using 224% CPU
BEST NUMBER OF THREADS: 3

132  KOSI07+FU+I   1991.903     34  4051.806     4058.765     4185.502
Measuring multi-threading efficiency up to 36 CPU cores
Increase to 10 rounds for branch lengths
339 trees examined
Threads: 1 / Time: 36.080 sec / Speedup: 1.000 / Efficiency: 100% / LogL: -2173
Threads: 2 / Time: 23.883 sec / Speedup: 1.511 / Efficiency: 76% / LogL: -2173
Threads: 3 / Time: 19.324 sec / Speedup: 1.867 / Efficiency: 62% / LogL: -2173
Threads: 4 / Time: 16.567 sec / Speedup: 2.178 / Efficiency: 54% / LogL: -2173
Threads: 5 / Time: 15.901 sec / Speedup: 2.269 / Efficiency: 45% / LogL: -2173
Determining AUTO threadcount: done in 111.756 secs using 248.1% CPU
BEST NUMBER OF THREADS: 4

133  KOSI07+FU+G4  1992.053     34  4052.107     4059.066     4185.803
Measuring multi-threading efficiency up to 36 CPU cores
Increase to 10 rounds for branch lengths
308 trees examined
Threads: 1 / Time: 36.156 sec / Speedup: 1.000 / Efficiency: 100% / LogL: -2174
Threads: 2 / Time: 23.340 sec / Speedup: 1.549 / Efficiency: 77% / LogL: -2174
Threads: 3 / Time: 19.593 sec / Speedup: 1.845 / Efficiency: 62% / LogL: -2174
Threads: 4 / Time: 16.778 sec / Speedup: 2.155 / Efficiency: 54% / LogL: -2174
Threads: 5 / Time: 15.978 sec / Speedup: 2.263 / Efficiency: 45% / LogL: -2174
Determining AUTO threadcount: done in 111.844 secs using 249.4% CPU
BEST NUMBER OF THREADS: 4

134  KOSI07+FU+I+G4 1992.375     35  4054.750     4062.140     4192.379
Measuring multi-threading efficiency up to 36 CPU cores
Increase to 10 rounds for branch lengths
662 trees examined
Threads: 1 / Time: 36.052 sec / Speedup: 1.000 / Efficiency: 100% / LogL: -2240
Threads: 2 / Time: 23.344 sec / Speedup: 1.544 / Efficiency: 77% / LogL: -2240
Threads: 3 / Time: 20.276 sec / Speedup: 1.778 / Efficiency: 59% / LogL: -2240
Threads: 4 / Time: 17.460 sec / Speedup: 2.065 / Efficiency: 52% / LogL: -2240
Threads: 5 / Time: 16.779 sec / Speedup: 2.149 / Efficiency: 43% / LogL: -2240
Determining AUTO threadcount: done in 113.911 secs using 258.1% CPU
BEST NUMBER OF THREADS: 4

135  KOSI07+FU+R2  1992.983     35  4055.965     4063.355     4193.594
Measuring multi-threading efficiency up to 36 CPU cores
Increase to 10 rounds for branch lengths
390 trees examined
Threads: 1 / Time: 36.119 sec / Speedup: 1.000 / Efficiency: 100% / LogL: -2138
Threads: 2 / Time: 24.287 sec / Speedup: 1.487 / Efficiency: 74% / LogL: -2138
Threads: 3 / Time: 20.848 sec / Speedup: 1.732 / Efficiency: 58% / LogL: -2138
Threads: 4 / Time: 19.601 sec / Speedup: 1.843 / Efficiency: 46% / LogL: -2138
Determining AUTO threadcount: done in 100.855 secs using 223.1% CPU
BEST NUMBER OF THREADS: 3

145  SCHN05+F3X4+I 1976.508     43  4039.016     4050.380     4208.103
Measuring multi-threading efficiency up to 36 CPU cores
Increase to 10 rounds for branch lengths
335 trees examined
Threads: 1 / Time: 36.036 sec / Speedup: 1.000 / Efficiency: 100% / LogL: -2159
Threads: 2 / Time: 23.220 sec / Speedup: 1.552 / Efficiency: 78% / LogL: -2159
Threads: 3 / Time: 18.883 sec / Speedup: 1.908 / Efficiency: 64% / LogL: -2159
Threads: 4 / Time: 16.167 sec / Speedup: 2.229 / Efficiency: 56% / LogL: -2159
Threads: 5 / Time: 15.774 sec / Speedup: 2.285 / Efficiency: 46% / LogL: -2159
Determining AUTO threadcount: done in 110.081 secs using 247.5% CPU
BEST NUMBER OF THREADS: 4

146  SCHN05+F3X4+G4 1976.459     43  4038.918     4050.282     4208.005
Measuring multi-threading efficiency up to 36 CPU cores
Increase to 10 rounds for branch lengths
302 trees examined
Threads: 1 / Time: 36.073 sec / Speedup: 1.000 / Efficiency: 100% / LogL: -2154
Threads: 2 / Time: 23.612 sec / Speedup: 1.528 / Efficiency: 76% / LogL: -2154
Threads: 3 / Time: 19.341 sec / Speedup: 1.865 / Efficiency: 62% / LogL: -2154
Threads: 4 / Time: 16.716 sec / Speedup: 2.158 / Efficiency: 54% / LogL: -2154
Threads: 5 / Time: 16.009 sec / Speedup: 2.253 / Efficiency: 45% / LogL: -2154
Determining AUTO threadcount: done in 111.752 secs using 249.3% CPU
BEST NUMBER OF THREADS: 4

147  SCHN05+F3X4+I+G4 1976.432     44  4040.864     4052.791     4213.883
Measuring multi-threading efficiency up to 36 CPU cores
Increase to 10 rounds for branch lengths
665 trees examined
Threads: 1 / Time: 36.031 sec / Speedup: 1.000 / Efficiency: 100% / LogL: -2209
Threads: 2 / Time: 23.535 sec / Speedup: 1.531 / Efficiency: 77% / LogL: -2209
Threads: 3 / Time: 19.215 sec / Speedup: 1.875 / Efficiency: 63% / LogL: -2209
Threads: 4 / Time: 16.056 sec / Speedup: 2.244 / Efficiency: 56% / LogL: -2209
Threads: 5 / Time: 16.478 sec / Speedup: 2.187 / Efficiency: 44% / LogL: -2209
Determining AUTO threadcount: done in 111.314 secs using 255.3% CPU
BEST NUMBER OF THREADS: 4

148  SCHN05+F3X4+R2 1976.535     44  4041.070     4052.997     4214.088
Measuring multi-threading efficiency up to 36 CPU cores
Increase to 10 rounds for branch lengths
378 trees examined
Threads: 1 / Time: 36.058 sec / Speedup: 1.000 / Efficiency: 100% / LogL: -2187
Threads: 2 / Time: 24.190 sec / Speedup: 1.491 / Efficiency: 75% / LogL: -2187
Threads: 3 / Time: 20.437 sec / Speedup: 1.764 / Efficiency: 59% / LogL: -2187
Threads: 4 / Time: 18.043 sec / Speedup: 1.998 / Efficiency: 50% / LogL: -2187
Determining AUTO threadcount: done in 98.7275 secs using 220.2% CPU
BEST NUMBER OF THREADS: 3

158  SCHN05+F1X4+I 2042.738     37  4159.476     4167.771     4304.969
Measuring multi-threading efficiency up to 36 CPU cores
Increase to 10 rounds for branch lengths
316 trees examined
Threads: 1 / Time: 36.076 sec / Speedup: 1.000 / Efficiency: 100% / LogL: -2245
Threads: 2 / Time: 24.901 sec / Speedup: 1.449 / Efficiency: 72% / LogL: -2245
Threads: 3 / Time: 20.213 sec / Speedup: 1.785 / Efficiency: 59% / LogL: -2245
Threads: 4 / Time: 16.883 sec / Speedup: 2.137 / Efficiency: 53% / LogL: -2245
Threads: 5 / Time: 15.780 sec / Speedup: 2.286 / Efficiency: 46% / LogL: -2245
Determining AUTO threadcount: done in 113.854 secs using 248.7% CPU
BEST NUMBER OF THREADS: 4

159  SCHN05+F1X4+G4 2044.367     37  4162.734     4171.029     4308.227
Measuring multi-threading efficiency up to 36 CPU cores
Increase to 10 rounds for branch lengths
188 trees examined
Threads: 1 / Time: 36.064 sec / Speedup: 1.000 / Efficiency: 100% / LogL: -2159
Threads: 2 / Time: 24.948 sec / Speedup: 1.446 / Efficiency: 72% / LogL: -2159
Threads: 3 / Time: 20.409 sec / Speedup: 1.767 / Efficiency: 59% / LogL: -2159
Threads: 4 / Time: 17.557 sec / Speedup: 2.054 / Efficiency: 51% / LogL: -2159
Threads: 5 / Time: 16.452 sec / Speedup: 2.192 / Efficiency: 44% / LogL: -2159
Determining AUTO threadcount: done in 115.429 secs using 254.3% CPU
BEST NUMBER OF THREADS: 4

160  SCHN05+F1X4+I+G4 2043.021     38  4162.043     4170.812     4311.468
Measuring multi-threading efficiency up to 36 CPU cores
Increase to 10 rounds for branch lengths
664 trees examined
Threads: 1 / Time: 36.041 sec / Speedup: 1.000 / Efficiency: 100% / LogL: -2320
Threads: 2 / Time: 25.550 sec / Speedup: 1.411 / Efficiency: 71% / LogL: -2320
Threads: 3 / Time: 20.455 sec / Speedup: 1.762 / Efficiency: 59% / LogL: -2320
Threads: 4 / Time: 17.369 sec / Speedup: 2.075 / Efficiency: 52% / LogL: -2320
Threads: 5 / Time: 16.479 sec / Speedup: 2.187 / Efficiency: 44% / LogL: -2320
Determining AUTO threadcount: done in 115.895 secs using 256.4% CPU
BEST NUMBER OF THREADS: 4

161  SCHN05+F1X4+R2 2044.727     38  4165.455     4174.224     4314.880
Measuring multi-threading efficiency up to 36 CPU cores
Increase to 10 rounds for branch lengths
387 trees examined
Threads: 1 / Time: 36.011 sec / Speedup: 1.000 / Efficiency: 100% / LogL: -2068
Threads: 2 / Time: 26.281 sec / Speedup: 1.370 / Efficiency: 69% / LogL: -2068
Threads: 3 / Time: 21.896 sec / Speedup: 1.645 / Efficiency: 55% / LogL: -2068
Threads: 4 / Time: 19.846 sec / Speedup: 1.815 / Efficiency: 45% / LogL: -2068
Determining AUTO threadcount: done in 104.035 secs using 224% CPU
BEST NUMBER OF THREADS: 3

171  SCHN05+F+I    1911.526     94  4011.053     4074.386     4380.684
Measuring multi-threading efficiency up to 36 CPU cores
Increase to 10 rounds for branch lengths
334 trees examined
Threads: 1 / Time: 36.056 sec / Speedup: 1.000 / Efficiency: 100% / LogL: -2105
Threads: 2 / Time: 24.808 sec / Speedup: 1.453 / Efficiency: 73% / LogL: -2105
Threads: 3 / Time: 20.025 sec / Speedup: 1.801 / Efficiency: 60% / LogL: -2105
Threads: 4 / Time: 16.674 sec / Speedup: 2.162 / Efficiency: 54% / LogL: -2105
Threads: 5 / Time: 15.701 sec / Speedup: 2.296 / Efficiency: 46% / LogL: -2105
Determining AUTO threadcount: done in 113.264 secs using 247.9% CPU
BEST NUMBER OF THREADS: 4

172  SCHN05+F+G4   1911.524     94  4011.048     4074.381     4380.679
Measuring multi-threading efficiency up to 36 CPU cores
Increase to 10 rounds for branch lengths
277 trees examined
Threads: 1 / Time: 36.038 sec / Speedup: 1.000 / Efficiency: 100% / LogL: -2087
Threads: 2 / Time: 24.949 sec / Speedup: 1.444 / Efficiency: 72% / LogL: -2087
Threads: 3 / Time: 20.043 sec / Speedup: 1.798 / Efficiency: 60% / LogL: -2087
Threads: 4 / Time: 16.977 sec / Speedup: 2.123 / Efficiency: 53% / LogL: -2087
Threads: 5 / Time: 15.926 sec / Speedup: 2.263 / Efficiency: 45% / LogL: -2087
Determining AUTO threadcount: done in 113.933 secs using 250% CPU
BEST NUMBER OF THREADS: 4

173  SCHN05+F+I+G4 1911.492     95  4012.984     4077.895     4386.547
Measuring multi-threading efficiency up to 36 CPU cores
Increase to 10 rounds for branch lengths
661 trees examined
Threads: 1 / Time: 36.053 sec / Speedup: 1.000 / Efficiency: 100% / LogL: -2157
Threads: 2 / Time: 25.546 sec / Speedup: 1.411 / Efficiency: 71% / LogL: -2157
Threads: 3 / Time: 20.485 sec / Speedup: 1.760 / Efficiency: 59% / LogL: -2157
Threads: 4 / Time: 17.541 sec / Speedup: 2.055 / Efficiency: 51% / LogL: -2157
Threads: 5 / Time: 16.532 sec / Speedup: 2.181 / Efficiency: 44% / LogL: -2157
Determining AUTO threadcount: done in 116.157 secs using 256.4% CPU
BEST NUMBER OF THREADS: 4

174  SCHN05+F+R2   1911.839     95  4013.677     4078.588     4387.240
Measuring multi-threading efficiency up to 36 CPU cores
Increase to 10 rounds for branch lengths
375 trees examined
Threads: 1 / Time: 36.003 sec / Speedup: 1.000 / Efficiency: 100% / LogL: -2143
Threads: 2 / Time: 26.552 sec / Speedup: 1.356 / Efficiency: 68% / LogL: -2143
Threads: 3 / Time: 22.123 sec / Speedup: 1.627 / Efficiency: 54% / LogL: -2143
Threads: 4 / Time: 19.515 sec / Speedup: 1.845 / Efficiency: 46% / LogL: -2143
Determining AUTO threadcount: done in 104.194 secs using 223.6% CPU
BEST NUMBER OF THREADS: 3

184  SCHN05+FU+I   1997.045     34  4062.089     4069.048     4195.785
Measuring multi-threading efficiency up to 36 CPU cores
Increase to 10 rounds for branch lengths
335 trees examined
Threads: 1 / Time: 36.007 sec / Speedup: 1.000 / Efficiency: 100% / LogL: -2186
Threads: 2 / Time: 24.907 sec / Speedup: 1.446 / Efficiency: 72% / LogL: -2186
Threads: 3 / Time: 19.872 sec / Speedup: 1.812 / Efficiency: 60% / LogL: -2186
Threads: 4 / Time: 16.646 sec / Speedup: 2.163 / Efficiency: 54% / LogL: -2186
Threads: 5 / Time: 15.676 sec / Speedup: 2.297 / Efficiency: 46% / LogL: -2186
Determining AUTO threadcount: done in 113.107 secs using 247.4% CPU
BEST NUMBER OF THREADS: 4

185  SCHN05+FU+G4  1997.038     34  4062.076     4069.035     4195.772
Measuring multi-threading efficiency up to 36 CPU cores
Increase to 10 rounds for branch lengths
219 trees examined
Threads: 1 / Time: 36.229 sec / Speedup: 1.000 / Efficiency: 100% / LogL: -2173
Threads: 2 / Time: 25.068 sec / Speedup: 1.445 / Efficiency: 72% / LogL: -2173
Threads: 3 / Time: 20.293 sec / Speedup: 1.785 / Efficiency: 60% / LogL: -2173
Threads: 4 / Time: 17.435 sec / Speedup: 2.078 / Efficiency: 52% / LogL: -2173
Threads: 5 / Time: 16.322 sec / Speedup: 2.220 / Efficiency: 44% / LogL: -2173
Determining AUTO threadcount: done in 115.347 secs using 252.6% CPU
BEST NUMBER OF THREADS: 4

186  SCHN05+FU+I+G4 1997.191     35  4064.382     4071.772     4202.010
Measuring multi-threading efficiency up to 36 CPU cores
Increase to 10 rounds for branch lengths
662 trees examined
Threads: 1 / Time: 36.028 sec / Speedup: 1.000 / Efficiency: 100% / LogL: -2241
Threads: 2 / Time: 25.456 sec / Speedup: 1.415 / Efficiency: 71% / LogL: -2241
Threads: 3 / Time: 20.570 sec / Speedup: 1.751 / Efficiency: 58% / LogL: -2241
Threads: 4 / Time: 17.454 sec / Speedup: 2.064 / Efficiency: 52% / LogL: -2241
Threads: 5 / Time: 16.461 sec / Speedup: 2.189 / Efficiency: 44% / LogL: -2241
Determining AUTO threadcount: done in 115.97 secs using 256.5% CPU
BEST NUMBER OF THREADS: 4

187  SCHN05+FU+R2  1997.511     35  4065.021     4072.412     4202.650
Akaike Information Criterion:           KOSI07+F+I
Corrected Akaike Information Criterion: KOSI07+F3X4+G4
Bayesian Information Criterion:         KOSI07+FU+I
Best-fit model: KOSI07+FU+I chosen according to BIC

All model information printed to ACTC1_codon.model.gz
CPU time for ModelFinder: 17316.184 seconds (4h:48m:36s)
Wall-clock time for ModelFinder: 7003.917 seconds (1h:56m:43s)
WARNING: States(s) AGA, AGG, AGT, ATA, CTT, TCA rarely appear in alignment and may cause numerical problems

NOTE: 1 MB RAM (0 GB) is required!
Measuring multi-threading efficiency up to 36 CPU cores
Increase to 10 rounds for branch lengths
447 trees examined
Threads: 1 / Time: 36.030 sec / Speedup: 1.000 / Efficiency: 100% / LogL: -2263
Threads: 2 / Time: 26.493 sec / Speedup: 1.360 / Efficiency: 68% / LogL: -2263
Threads: 3 / Time: 21.858 sec / Speedup: 1.648 / Efficiency: 55% / LogL: -2263
Threads: 4 / Time: 19.295 sec / Speedup: 1.867 / Efficiency: 47% / LogL: -2263
Determining AUTO threadcount: done in 103.676 secs using 222.9% CPU
BEST NUMBER OF THREADS: 3

Estimate model parameters (epsilon = 0.100)
1. Initial log-likelihood: -1991.903
Optimal log-likelihood: -1991.903
Nonsynonymous/synonymous ratio (omega): 0.035
Transition/transversion ratio (kappa): 6.674
Proportion of invariable sites: 0.689
Parameters optimization took 1 rounds (0.042 sec)
Wrote distance file to... 
Computing ML distances based on estimated model parameters...
Calculating distance matrix: done in 0.0797953 secs using 299.3% CPU
Computing ML distances took 0.079892 sec (of wall-clock time) 0.238894 sec (of CPU time)
Setting up auxiliary I and S matrices: done in 0.000210043 secs using 190.9% CPU
Constructing RapidNJ tree: done in 0.00241193 secs using 318.9% CPU
Computing RapidNJ tree took 0.002667 sec (of wall-clock time) 0.008440 sec (of CPU time)
Log-likelihood of RapidNJ tree: -1994.323
--------------------------------------------------------------------
|             INITIALIZING CANDIDATE TREE SET                      |
--------------------------------------------------------------------
Generating 98 parsimony trees... 0.062 second
Computing log-likelihood of 98 initial trees ... 1.218 seconds
Current best score: -1991.903

Do NNI search on 20 best initial trees
Optimizing NNI: done in 0.0533335 secs using 295% CPU
Estimate model parameters (epsilon = 0.100)
BETTER TREE FOUND at iteration 1: -1991.903
Optimizing NNI: done in 0.0746407 secs using 303.6% CPU
BETTER TREE FOUND at iteration 2: -1991.902
Optimizing NNI: done in 0.0767309 secs using 298.1% CPU
BETTER TREE FOUND at iteration 3: -1991.902
Optimizing NNI: done in 0.0827199 secs using 303.1% CPU
BETTER TREE FOUND at iteration 4: -1991.902
Optimizing NNI: done in 0.0728387 secs using 308.7% CPU
Optimizing NNI: done in 0.0775261 secs using 296.1% CPU
Optimizing NNI: done in 0.0884059 secs using 299.1% CPU
UPDATE BEST LOG-LIKELIHOOD: -1991.902
Optimizing NNI: done in 0.0869346 secs using 293.2% CPU
Optimizing NNI: done in 0.0869488 secs using 302.4% CPU
Optimizing NNI: done in 0.0793012 secs using 301.8% CPU
Iteration 10 / LogL: -1991.902 / Time: 0h:1m:46s
Optimizing NNI: done in 0.0930538 secs using 302% CPU
BETTER TREE FOUND at iteration 11: -1991.902
Optimizing NNI: done in 0.0848284 secs using 293.3% CPU
Optimizing NNI: done in 0.0945808 secs using 294.5% CPU
Optimizing NNI: done in 0.0925453 secs using 298.8% CPU
Optimizing NNI: done in 0.0926482 secs using 298.6% CPU
Optimizing NNI: done in 0.0847702 secs using 293.5% CPU
Optimizing NNI: done in 0.0782821 secs using 304.4% CPU
Optimizing NNI: done in 0.0837437 secs using 300.6% CPU
Optimizing NNI: done in 0.0760243 secs using 299.9% CPU
Optimizing NNI: done in 0.0846388 secs using 293.8% CPU
Iteration 20 / LogL: -1991.952 / Time: 0h:1m:46s
Finish initializing candidate tree set (13)
Current best tree score: -1991.902 / CPU time: 3.055
Number of iterations: 20
--------------------------------------------------------------------
|               OPTIMIZING CANDIDATE TREE SET                      |
--------------------------------------------------------------------
Optimizing NNI: done in 0.19218 secs using 299.8% CPU
Optimizing NNI: done in 0.23005 secs using 300% CPU
Optimizing NNI: done in 0.160862 secs using 298.9% CPU
Optimizing NNI: done in 0.145103 secs using 295.7% CPU
Optimizing NNI: done in 0.184058 secs using 297.8% CPU
Optimizing NNI: done in 0.192091 secs using 299.9% CPU
Optimizing NNI: done in 0.153618 secs using 297.9% CPU
Optimizing NNI: done in 0.212296 secs using 295.9% CPU
Optimizing NNI: done in 0.128385 secs using 299.4% CPU
Optimizing NNI: done in 0.172753 secs using 299.1% CPU
Iteration 30 / LogL: -1991.903 / Time: 0h:1m:48s (0h:5m:3s left)
Optimizing NNI: done in 0.135405 secs using 300.9% CPU
Optimizing NNI: done in 0.272081 secs using 299.9% CPU
Optimizing NNI: done in 0.177557 secs using 298.2% CPU
Optimizing NNI: done in 0.274105 secs using 295.5% CPU
Optimizing NNI: done in 0.204778 secs using 299.2% CPU
Optimizing NNI: done in 0.139681 secs using 300.5% CPU
Optimizing NNI: done in 0.122531 secs using 302.4% CPU
Optimizing NNI: done in 0.164436 secs using 297% CPU
Optimizing NNI: done in 0.290806 secs using 296.7% CPU
Optimizing NNI: done in 0.125172 secs using 291.7% CPU
Iteration 40 / LogL: -1995.258 / Time: 0h:1m:50s (0h:3m:21s left)
Optimizing NNI: done in 0.194512 secs using 301.5% CPU
Optimizing NNI: done in 0.191291 secs using 298.7% CPU
Optimizing NNI: done in 0.175635 secs using 300.4% CPU
Optimizing NNI: done in 0.164942 secs using 298.9% CPU
Optimizing NNI: done in 0.294761 secs using 300.8% CPU
Optimizing NNI: done in 0.159249 secs using 298.4% CPU
Optimizing NNI: done in 0.122762 secs using 302% CPU
Optimizing NNI: done in 0.206034 secs using 298% CPU
Optimizing NNI: done in 0.1924 secs using 299.6% CPU
Optimizing NNI: done in 0.204442 secs using 299.6% CPU
Iteration 50 / LogL: -1991.904 / Time: 0h:1m:52s (0h:2m:20s left)
Optimizing NNI: done in 0.180394 secs using 297.3% CPU
Optimizing NNI: done in 0.206495 secs using 299.5% CPU
Optimizing NNI: done in 0.180247 secs using 299.7% CPU
Optimizing NNI: done in 0.225618 secs using 298.6% CPU
Optimizing NNI: done in 0.143201 secs using 301.1% CPU
Optimizing NNI: done in 0.189445 secs using 302.7% CPU
Optimizing NNI: done in 0.190663 secs using 295.1% CPU
Optimizing NNI: done in 0.118009 secs using 300% CPU
Optimizing NNI: done in 0.258876 secs using 294.7% CPU
Optimizing NNI: done in 0.214123 secs using 301.8% CPU
Iteration 60 / LogL: -1991.907 / Time: 0h:1m:54s (0h:1m:39s left)
Optimizing NNI: done in 0.197753 secs using 296.2% CPU
Optimizing NNI: done in 0.151304 secs using 300.9% CPU
Optimizing NNI: done in 0.140325 secs using 299.5% CPU
Optimizing NNI: done in 0.0976954 secs using 296.5% CPU
Optimizing NNI: done in 0.0775271 secs using 296.1% CPU
Optimizing NNI: done in 0.181543 secs using 298.3% CPU
Optimizing NNI: done in 0.231307 secs using 298.9% CPU
Optimizing NNI: done in 0.22318 secs using 298.9% CPU
Optimizing NNI: done in 0.194792 secs using 297.1% CPU
Optimizing NNI: done in 0.218725 secs using 299.3% CPU
Iteration 70 / LogL: -1991.904 / Time: 0h:1m:56s (0h:1m:9s left)
Optimizing NNI: done in 0.209339 secs using 294.9% CPU
Optimizing NNI: done in 0.239567 secs using 297% CPU
Optimizing NNI: done in 0.280561 secs using 298.2% CPU
Optimizing NNI: done in 0.20774 secs using 298.3% CPU
Optimizing NNI: done in 0.261462 secs using 298.9% CPU
Optimizing NNI: done in 0.202708 secs using 297.3% CPU
Optimizing NNI: done in 0.283986 secs using 297.2% CPU
Optimizing NNI: done in 0.22486 secs using 297.5% CPU
Optimizing NNI: done in 0.205494 secs using 296.6% CPU
Optimizing NNI: done in 0.206804 secs using 297.3% CPU
Iteration 80 / LogL: -1991.904 / Time: 0h:1m:58s (0h:0m:46s left)
Optimizing NNI: done in 0.139936 secs using 300.1% CPU
Optimizing NNI: done in 0.175285 secs using 298.5% CPU
Optimizing NNI: done in 0.240429 secs using 296.3% CPU
Optimizing NNI: done in 0.307478 secs using 299% CPU
Optimizing NNI: done in 0.163385 secs using 300.8% CPU
Optimizing NNI: done in 0.175295 secs using 298.5% CPU
Optimizing NNI: done in 0.191269 secs using 294.5% CPU
Optimizing NNI: done in 0.268548 secs using 298.1% CPU
Optimizing NNI: done in 0.142628 secs using 301.9% CPU
Optimizing NNI: done in 0.188573 secs using 299.4% CPU
Iteration 90 / LogL: -1991.903 / Time: 0h:2m:0s (0h:0m:28s left)
Optimizing NNI: done in 0.233082 secs using 299.1% CPU
Optimizing NNI: done in 0.18973 secs using 298.2% CPU
Optimizing NNI: done in 0.240659 secs using 299.5% CPU
Optimizing NNI: done in 0.0948118 secs using 302.5% CPU
Optimizing NNI: done in 0.281193 secs using 297.7% CPU
Optimizing NNI: done in 0.19758 secs using 296.4% CPU
Optimizing NNI: done in 0.23106 secs using 299.1% CPU
Optimizing NNI: done in 0.180349 secs using 299.6% CPU
Optimizing NNI: done in 0.234615 secs using 296.1% CPU
Optimizing NNI: done in 0.10802 secs using 300% CPU
Iteration 100 / LogL: -1998.107 / Time: 0h:2m:2s (0h:0m:13s left)
Optimizing NNI: done in 0.206976 secs using 301% CPU
Optimizing NNI: done in 0.182116 secs using 295.5% CPU
Optimizing NNI: done in 0.184113 secs using 295.5% CPU
Optimizing NNI: done in 0.183956 secs using 297.9% CPU
Optimizing NNI: done in 0.16756 secs using 298.1% CPU
Optimizing NNI: done in 0.193673 secs using 298.3% CPU
Optimizing NNI: done in 0.0930167 secs using 297.8% CPU
Optimizing NNI: done in 0.195122 secs using 300.9% CPU
Optimizing NNI: done in 0.160743 secs using 299.1% CPU
Optimizing NNI: done in 0.274968 secs using 294.9% CPU
Iteration 110 / LogL: -1991.904 / Time: 0h:2m:4s (0h:0m:1s left)
Optimizing NNI: done in 0.267011 secs using 300.7% CPU
Optimizing NNI: done in 0.209877 secs using 296.3% CPU
TREE SEARCH COMPLETED AFTER 112 ITERATIONS / Time: 0h:2m:5s

--------------------------------------------------------------------
|                    FINALIZING TREE SEARCH                        |
--------------------------------------------------------------------
Performs final model parameters optimization
Estimate model parameters (epsilon = 0.010)
1. Initial log-likelihood: -1991.902
Optimal log-likelihood: -1991.902
Nonsynonymous/synonymous ratio (omega): 0.035
Transition/transversion ratio (kappa): 6.674
Proportion of invariable sites: 0.689
Parameters optimization took 1 rounds (0.062 sec)
BEST SCORE FOUND : -1991.902
Total tree length: 0.240

Total number of iterations: 112
CPU time used for tree search: 63.318 sec (0h:1m:3s)
Wall-clock time used for tree search: 21.202 sec (0h:0m:21s)
Total CPU time used: 295.209 sec (0h:4m:55s)
Total wall-clock time used: 125.139 sec (0h:2m:5s)

Analysis results written to: 
  IQ-TREE report:                ACTC1_codon.iqtree
  Maximum-likelihood tree:       ACTC1_codon.treefile
  Likelihood distances:          ACTC1_codon.mldist
  Screen log file:               ACTC1_codon.log

Date and Time: Tue Jun 25 17:54:10 2024
