IQ-TREE multicore version 2.2.0-beta COVID-edition for Linux 64-bit built Dec 21 2021 built Dec 21 2021
Developed by Bui Quang Minh, James Barbetti, Nguyen Lam Tung,
Olga Chernomor, Heiko Schmidt, Dominik Schrempf, Michael Woodhams, Ly Trong Nhan.

Host:    awarnach (SSE3, 15 GB RAM)
Command: iqtree -s codon_alignments_edited/HTT_codon_aligned.phy -st CODON -m TEST -o Mmus_HTT -pre HTT -nt 4
Seed:    101871 (Using SPRNG - Scalable Parallel Random Number Generator)
Time:    Thu Nov 23 11:50:55 2023
Kernel:  SSE2 - 4 threads (4 CPU cores detected)

Reading alignment file codon_alignments_edited/HTT_codon_aligned.phy ... Phylip format detected
Alignment most likely contains DNA/RNA sequences
Converting to codon sequences with genetic code  ...
WARNING: Sequence Naasi_HTT has ambiguous character NCC at site 7174
Constructing alignment: done in 0.0346573 secs using 49.36% CPU
Alignment has 99 sequences with 3131 columns, 3063 distinct patterns
1972 parsimony-informative, 650 singleton sites, 509 constant sites
                  Gap/Ambiguity  Composition  p-value
Analyzing sequences: done in 0.00175432 secs using 66.64% CPU
   1  Bacu_HTT            0.10%    passed    100.00%
   2  Barn_HTT           54.33%    passed     72.38%
   3  Bbai76728_HTT      19.51%    passed    100.00%
   4  BbonAUS_HTT        18.94%    passed    100.00%
   5  Bbor_HTT           25.93%    passed    100.00%
   6  Bede66737_HTT      22.87%    passed    100.00%
   7  BedeAUS_HTT        25.14%    passed    100.00%
   8  Bmus_HTT            0.06%    passed    100.00%
   9  Bmys_HTT            2.71%    passed    100.00%
  10  Bphy_HTT           12.46%    passed    100.00%
  11  Bphy_baits_HTT     23.19%    passed    100.00%
  12  Btau_HTT            0.19%    failed      0.00%
  13  Ccom40_HTT         34.14%    passed     99.33%
  14  Cela_HTT            0.10%    failed      0.00%
  15  Chea7320_HTT       21.24%    passed    100.00%
  16  Clfam_HTT           0.06%    failed      0.00%
  17  Cmar59905_HTT      21.88%    passed    100.00%
  18  Dcap108471_HTT     16.70%    passed    100.00%
  19  Dcap79929_HTT      16.48%    passed    100.00%
  20  DdelSJR_HTT        18.36%    passed    100.00%
  21  Ddeltrop4525_HTT   16.77%    passed    100.00%
  22  Dleu_HTT            0.29%    passed    100.00%
  23  EausAUS_HTT        21.37%    passed    100.00%
  24  Ecab_HTT            0.19%    failed      0.00%
  25  Egla13086_HTT      11.37%    passed    100.00%
  26  Ejap43864_HTT      17.18%    passed    100.00%
  27  Erob133443_HTT     26.29%    passed    100.00%
  28  Fatt_HTT           18.62%    passed    100.00%
  29  Ggri_HTT           15.71%    passed    100.00%
  30  Gmac39091_HTT      18.21%    passed    100.00%
  31  Gmel_HTT            0.26%    passed    100.00%
  32  Hamp_HTT            0.35%    passed     93.31%
  33  Hippo_HTT          42.29%    passed     82.56%
  34  Hpla9120_HTT       82.02%    failed      0.10%
  35  Hsap_HTT            0.22%    failed      0.00%
  36  Igeo_HTT           30.73%    passed    100.00%
  37  Kbre_HTT           15.14%    passed    100.00%
  38  Ksim_HTT           18.88%    passed    100.00%
  39  Lacu_HTT           21.11%    passed    100.00%
  40  Lalb_HTT           17.82%    passed    100.00%
  41  Laus_HTT           20.86%    passed    100.00%
  42  Lbor_HTT           28.11%    passed    100.00%
  43  Lhos30470_HTT      14.50%    passed    100.00%
  44  Lhos452_HTT        18.84%    passed    100.00%
  45  Lobl_HTT            0.26%    passed    100.00%
  46  Lobs_HTT           17.57%    passed    100.00%
  47  LperAUS_HTT        24.47%    passed    100.00%
  48  Lvex_HTT            0.89%    passed    100.00%
  49  Mbid_HTT           29.77%    passed    100.00%
  50  Mbow_HTT           22.90%    passed    100.00%
  51  Mcar_HTT           29.86%    passed    100.00%
  52  Mden_HTT           32.03%    passed     99.86%
  53  Meur_HTT           22.96%    passed    100.00%
  54  Mgin_HTT           21.49%    passed    100.00%
  55  MgraAUS_HTT        54.90%    passed     88.64%
  56  Mhec_HTT           27.82%    passed    100.00%
  57  MlayAUS_HTT        29.96%    passed    100.00%
  58  Mmir_HTT           29.00%    passed     99.97%
  59  Mmon_HTT            0.32%    passed    100.00%
  60  Mmus_HTT            0.54%    failed      0.00%
  61  Mnov_HTT           17.95%    passed    100.00%
  62  Mper_HTT           20.47%    passed    100.00%
  63  Mpni_HTT           23.76%    passed    100.00%
  64  Mste_HTT           17.15%    passed    100.00%
  65  Naasi_HTT           0.89%    passed    100.00%
  66  Npho_HTT            4.22%    passed    100.00%
  67  Oari_HTT            0.22%    failed      0.00%
  68  Obre_HTT           19.51%    passed    100.00%
  69  Ohei_HTT           16.26%    passed    100.00%
  70  Oorc_HTT            0.29%    passed    100.00%
  71  Pbla7349_HTT       22.74%    passed    100.00%
  72  Pcra123188_HTT     23.60%    passed    100.00%
  73  Pdal_HTT           56.91%    passed    100.00%
  74  Pdio_HTT           16.10%    passed    100.00%
  75  Pele_HTT           21.14%    passed    100.00%
  76  Pcat_HTT            0.13%    passed    100.00%
  77  Pmac_HTT           58.32%    passed     92.68%
  78  Pleo_HTT            0.22%    passed     97.15%
  79  Ppho_HTT           24.62%    passed    100.00%
  80  Psin_HTT            0.26%    passed    100.00%
  81  Pspi_HTT           33.63%    passed    100.00%
  82  Satt18473_HTT      18.11%    passed    100.00%
  83  Satt38219_HTT      30.66%    passed    100.00%
  84  Sbre116871_HTT     17.76%    passed    100.00%
  85  Sbre18437_HTT      20.79%    passed    100.00%
  86  Schi_HTT           17.12%    passed    100.00%
  87  Scly1724_HTT       65.31%    passed      8.39%
  88  Scly1726_HTT       17.21%    passed    100.00%
  89  Scoe_HTT           20.12%    passed    100.00%
  90  Sflu9837_HTT       18.30%    passed    100.00%
  91  Sfro7782_HTT       19.90%    passed    100.00%
  92  Sfro7784_HTT       15.04%    passed    100.00%
  93  Slon16012_HTT      22.29%    passed    100.00%
  94  Slon24923_HTT      19.42%    passed    100.00%
  95  Sscr_HTT            0.06%    failed      0.00%
  96  Tadu79924_HTT      22.07%    passed    100.00%
  97  Tshe_HTT           20.92%    passed    100.00%
  98  Ttru_HTT            0.32%    passed    100.00%
  99  Zcav_HTT           28.49%    passed    100.00%
WARNING: 6 sequences contain more than 50% gaps/ambiguity
****  TOTAL              19.08%  9 sequences failed composition chi2 test (p-value<5%; df=60)
Checking for duplicate sequences: done in 0.0102186 secs using 138.5% CPU

Creating fast initial parsimony tree by random order stepwise addition...
0.440 seconds, parsimony score: 8505 (based on 2622 sites)
Perform fast likelihood tree search using GY+F3X4+I+G model...
Estimate model parameters (epsilon = 5.000)
Perform nearest neighbor interchange...
Optimizing NNI: done in 86.7775 secs using 368.3% CPU
Estimate model parameters (epsilon = 1.000)
1. Initial log-likelihood: -60810.863
2. Current log-likelihood: -60808.341
3. Current log-likelihood: -60806.553
4. Current log-likelihood: -60805.264
Optimal log-likelihood: -60804.317
Nonsynonymous/synonymous ratio (omega): 0.130
Transition/transversion ratio (kappa): 3.587
Proportion of invariable sites: 0.004
Gamma shape alpha: 1.443
Parameters optimization took 4 rounds (583.211 sec)
Time for fast ML tree search: 1926.619 seconds

NOTE: ModelFinder requires 578 MB RAM!
ModelFinder will test up to 60 codon models (sample size: 3131) ...
 No. Model         -LnL         df  AIC          AICc         BIC
  1  GY+F3X4       61205.884    206 122823.767   122852.934   124069.884
  2  GY+F3X4+I     60907.198    207 122228.395   122257.855   123480.561
  3  GY+F3X4+G4    60259.641    207 120933.281   120962.742   122185.447
  4  GY+F3X4+I+G4  60258.690    208 120933.380   120963.135   122191.594
  7  GY+F1X4+G4    60443.822    201 121289.645   121317.369   122505.515
  8  GY+F1X4+I+G4  60442.828    202 121289.656   121317.666   122511.576
 11  GY+F+G4       60069.523    258 120655.046   120701.580   122215.716
 12  GY+F+I+G4     60068.205    259 120654.411   120701.321   122221.130
 15  MGK+F3X4+G4   60137.934    207 120689.868   120719.328   121942.033
 16  MGK+F3X4+I+G4 60137.818    208 120691.635   120721.390   121949.850
 19  MGK+F1X4+G4   60488.612    201 121379.223   121406.948   122595.094
 20  MGK+F1X4+I+G4 60488.362    202 121380.724   121408.733   122602.644
 23  MG+F3X4+G4    60137.934    206 120687.868   120717.035   121933.984
 24  MG+F3X4+I+G4  60137.826    207 120689.652   120719.112   121941.817
 27  MG+F1X4+G4    60490.803    200 121381.606   121409.046   122591.428
 28  MG+F1X4+I+G4  60490.546    201 121383.092   121410.816   122598.963
 31  KOSI07+F3X4+G4 60971.814    205 122353.628   122382.503   123593.695
 32  KOSI07+F3X4+I+G4 60970.477    206 122352.954   122382.121   123599.070
 35  KOSI07+F1X4+G4 61706.308    199 123810.616   123837.774   125014.388
 36  KOSI07+F1X4+I+G4 61702.271    200 123804.542   123831.983   125014.364
 39  KOSI07+F+G4   60701.041    256 121914.082   121959.867   123462.654
 40  KOSI07+F+I+G4 60699.230    257 121912.460   121958.618   123467.080
 43  KOSI07+FU+G4  61427.572    196 123247.144   123273.464   124432.769
 44  KOSI07+FU+I+G4 61426.985    197 123247.970   123274.568   124439.644
 47  SCHN05+F3X4+G4 61188.032    205 122786.065   122814.940   124026.132
 48  SCHN05+F3X4+I+G4 61185.459    206 122782.917   122812.084   124029.033
 51  SCHN05+F1X4+G4 61972.152    199 124342.303   124369.461   125546.075
 52  SCHN05+F1X4+I+G4 61967.532    200 124335.063   124362.503   125544.885
 55  SCHN05+F+G4   60558.254    256 121628.508   121674.292   123177.080
 56  SCHN05+F+I+G4 60556.355    257 121626.711   121672.869   123181.331
 59  SCHN05+FU+G4  61483.182    196 123358.363   123384.684   124543.988
 60  SCHN05+FU+I+G4 61482.420    197 123358.840   123385.438   124550.514
Akaike Information Criterion:           GY+F+I+G4
Corrected Akaike Information Criterion: GY+F+I+G4
Bayesian Information Criterion:         MG+F3X4+G4
Best-fit model: MG+F3X4+G4 chosen according to BIC

All model information printed to HTT.model.gz
CPU time for ModelFinder: 50639.947 seconds (14h:3m:59s)
Wall-clock time for ModelFinder: 13814.073 seconds (3h:50m:14s)

NOTE: 578 MB RAM (0 GB) is required!
Estimate model parameters (epsilon = 0.100)
1. Initial log-likelihood: -60137.934
Optimal log-likelihood: -60137.934
Nonsynonymous/synonymous ratio (omega): 0.134
Transition/transversion ratio (kappa): 3.589
Gamma shape alpha: 1.689
Parameters optimization took 1 rounds (125.176 sec)
Wrote distance file to... 
Computing ML distances based on estimated model parameters...
Calculating distance matrix: done in 38.6919 secs using 282.3% CPU
Computing ML distances took 38.704111 sec (of wall-clock time) 109.264799 sec (of CPU time)
Setting up auxiliary I and S matrices: done in 0.00348497 secs using 115.3% CPU
Constructing RapidNJ tree: done in 0.252646 secs using 73.75% CPU
Computing RapidNJ tree took 0.257664 sec (of wall-clock time) 0.190941 sec (of CPU time)
Log-likelihood of RapidNJ tree: -60831.612
--------------------------------------------------------------------
|             INITIALIZING CANDIDATE TREE SET                      |
--------------------------------------------------------------------
Generating 98 parsimony trees... 18.197 second
Computing log-likelihood of 98 initial trees ... 2419.824 seconds
Current best score: -60137.934

Do NNI search on 20 best initial trees
ERROR: phylokernelnew.h:3332: double PhyloTree::computeLikelihoodFromBufferGenericSIMD() [with VectorClass = Vec2d; bool FMA = false; bool SITE_MODEL = false]: Assertion `std::isfinite(tree_lh) && "Numerical underflow for lh-from-buffer"' failed.
ERROR: STACK TRACE FOR DEBUGGING:
ERROR: 1   funcAbort()
ERROR: 2   ()
ERROR: 3   gsignal()
ERROR: 4   abort()
ERROR: 5   ()
ERROR: 6   double PhyloTree::computeLikelihoodFromBufferGenericSIMD<Vec2d, false, false>()
ERROR: 7   PhyloTree::getBestNNIForBran(PhyloNode*, PhyloNode*, NNIMove*)
ERROR: 8   IQTree::evaluateNNIs(std::map<int, std::pair<Node*, Node*>, std::less<int>, std::allocator<std::pair<int const, std::pair<Node*, Node*> > > >&, std::vector<NNIMove, std::allocator<NNIMove> >&)
ERROR: 9   IQTree::optimizeNNI(bool)
ERROR: 10   IQTree::doNNISearch(bool)
ERROR: 11   IQTree::initCandidateTreeSet(int, int)
ERROR: 12   IQTree::doTreeSearch()
ERROR: 13   runTreeReconstruction(Params&, IQTree*&)
ERROR: 14   runPhyloAnalysis(Params&, Checkpoint*, IQTree*&, Alignment*&)
ERROR: 15   runPhyloAnalysis(Params&, Checkpoint*)
ERROR: 16   main()
ERROR: 17   __libc_start_main()
ERROR: 18   ()
ERROR: 
ERROR: *** IQ-TREE CRASHES WITH SIGNAL ABORTED
ERROR: *** For bug report please send to developers:
ERROR: ***    Log file: HTT.log
ERROR: ***    Alignment files (if possible)
