IQ-TREE multicore version 2.2.0-beta COVID-edition for Linux 64-bit built Dec 21 2021 built Dec 21 2021
Developed by Bui Quang Minh, James Barbetti, Nguyen Lam Tung,
Olga Chernomor, Heiko Schmidt, Dominik Schrempf, Michael Woodhams, Ly Trong Nhan.

Host:    awarnach21 (AVX2, FMA3, 251 GB RAM)
Command: iqtree -s codon_align_fasta/RYR2_codon_aligned.phy.fasta -st CODON -m TEST -pre RYR2 -nt 4
Seed:    718670 (Using SPRNG - Scalable Parallel Random Number Generator)
Time:    Mon May 27 13:20:34 2024
Kernel:  AVX+FMA - 4 threads (36 CPU cores detected)

Reading alignment file codon_align_fasta/RYR2_codon_aligned.phy.fasta ... Fasta format detected
Reading fasta file: done in 0.0136263 secs using 67.45% CPU
Alignment most likely contains DNA/RNA sequences
Converting to codon sequences with genetic code  ...
WARNING: Sequence Bmus has ambiguous character NTT at site 8200
WARNING: Sequence Bmus has ambiguous character NNT at site 8374
Constructing alignment: done in 0.00595381 secs using 235.4% CPU
Alignment has 29 sequences with 4581 columns, 1947 distinct patterns
548 parsimony-informative, 400 singleton sites, 3633 constant sites
       Gap/Ambiguity  Composition  p-value
Analyzing sequences: done in 0.000111554 secs using 98.61% CPU
   1  Bbon     5.81%    passed    100.00%
   2  Bmus     0.09%    passed    100.00%
   3  Ccom    12.31%    passed    100.00%
   4  Chea     2.86%    passed    100.00%
   5  Cmar     7.95%    passed    100.00%
   6  Erob     3.62%    passed    100.00%
   7  Hamp     1.64%    passed    100.00%
   8  Igeo    23.12%    passed    100.00%
   9  Kbre     0.00%    passed    100.00%
  10  Ksim     6.05%    passed    100.00%
  11  Laus     1.18%    passed    100.00%
  12  Lbor     9.28%    passed    100.00%
  13  Meur     3.19%    passed    100.00%
  14  Mgin     2.23%    passed    100.00%
  15  Naasi    0.02%    passed    100.00%
  16  Npho     1.59%    passed    100.00%
  17  Obre     0.09%    passed    100.00%
  18  Ohei     1.46%    passed    100.00%
  19  Pbla     7.18%    passed    100.00%
  20  Pcat     0.00%    passed    100.00%
  21  Pcra     2.42%    passed    100.00%
  22  Pmac    38.81%    passed     84.15%
  23  Ppho     6.51%    passed    100.00%
  24  Psin     0.09%    passed    100.00%
  25  Pspi     9.89%    passed    100.00%
  26  Schi     1.44%    passed    100.00%
  27  Sflu     2.90%    passed    100.00%
  28  Tadu     4.45%    passed    100.00%
  29  Zcav    13.91%    passed    100.00%
****  TOTAL    5.86%  0 sequences failed composition chi2 test (p-value<5%; df=60)
Checking for duplicate sequences: done in 0.000377577 secs using 99.58% CPU

Creating fast initial parsimony tree by random order stepwise addition...
0.012 seconds, parsimony score: 1292 (based on 948 sites)
Perform fast likelihood tree search using GY+F3X4+I+G model...
Estimate model parameters (epsilon = 5.000)
Perform nearest neighbor interchange...
Optimizing NNI: done in 1.83927 secs using 398.6% CPU
Estimate model parameters (epsilon = 1.000)
1. Initial log-likelihood: -28758.167
2. Current log-likelihood: -28756.704
3. Current log-likelihood: -28755.540
Optimal log-likelihood: -28754.599
Nonsynonymous/synonymous ratio (omega): 0.001
Transition/transversion ratio (kappa): 50.000
Proportion of invariable sites: 0.351
Gamma shape alpha: 0.688
Parameters optimization took 3 rounds (19.503 sec)
Time for fast ML tree search: 31.733 seconds

NOTE: ModelFinder requires 109 MB RAM!
ModelFinder will test up to 60 codon models (sample size: 4581) ...
 No. Model         -LnL         df  AIC          AICc         BIC
  1  GY+F3X4       27726.100    66  55584.200    55586.159    56008.559
  2  GY+F3X4+I     27547.271    67  55228.541    55230.560    55659.329
  3  GY+F3X4+G4    27535.918    67  55205.837    55207.856    55636.625
  4  GY+F3X4+I+G4  27533.153    68  55202.306    55204.386    55639.524
  7  GY+F1X4+G4    27672.850    61  55467.700    55469.374    55859.910
  8  GY+F1X4+I+G4  27670.947    62  55465.894    55467.623    55864.534
 11  GY+F+G4       27238.556    118 54713.112    54719.406    55471.814
 12  GY+F+I+G4     27234.767    119 54707.534    54713.936    55472.665
 15  MGK+F3X4+G4   27461.288    67  55056.576    55058.595    55487.364
 16  MGK+F3X4+I+G4 27459.615    68  55055.230    55057.310    55492.448
 19  MGK+F1X4+G4   27660.760    61  55443.520    55445.194    55835.730
 20  MGK+F1X4+I+G4 27658.969    62  55441.938    55443.667    55840.578
 23  MG+F3X4+G4    27463.534    66  55059.068    55061.028    55483.427
 24  MG+F3X4+I+G4  27461.892    67  55057.784    55059.803    55488.572
 27  MG+F1X4+G4    27663.258    60  55446.515    55448.135    55832.296
 28  MG+F1X4+I+G4  27661.513    61  55445.026    55446.700    55837.236
 31  KOSI07+F3X4+G4 27750.937    65  55631.874    55633.774    56049.803
 32  KOSI07+F3X4+I+G4 27748.918    66  55629.836    55631.795    56054.194
 35  KOSI07+F1X4+G4 27959.428    59  56036.856    56038.422    56416.207
 36  KOSI07+F1X4+I+G4 27951.083    60  56022.167    56023.786    56407.947
 39  KOSI07+F+G4   27433.270    116 55098.541    55104.621    55844.383
 40  KOSI07+F+I+G4 27430.527    117 55095.054    55101.240    55847.325
 43  KOSI07+FU+G4  27559.895    56  55231.789    55233.201    55591.851
 44  KOSI07+FU+I+G4 27557.845    57  55229.690    55231.152    55596.182
 47  SCHN05+F3X4+G4 27713.847    65  55557.694    55559.594    55975.623
 48  SCHN05+F3X4+I+G4 27711.784    66  55555.568    55557.527    55979.926
 51  SCHN05+F1X4+G4 27910.807    59  55939.614    55941.180    56318.965
 52  SCHN05+F1X4+I+G4 27903.580    60  55927.161    55928.780    56312.941
 55  SCHN05+F+G4   27353.440    116 54938.880    54944.961    55684.722
 56  SCHN05+F+I+G4 27351.668    117 54937.336    54943.523    55689.607
 59  SCHN05+FU+G4  27410.885    56  54933.770    54935.181    55293.831
 60  SCHN05+FU+I+G4 27409.518    57  54933.035    54934.497    55299.527
Akaike Information Criterion:           GY+F+I+G4
Corrected Akaike Information Criterion: GY+F+I+G4
Bayesian Information Criterion:         SCHN05+FU+G4
Best-fit model: SCHN05+FU+G4 chosen according to BIC

All model information printed to RYR2.model.gz
CPU time for ModelFinder: 1030.049 seconds (0h:17m:10s)
Wall-clock time for ModelFinder: 261.962 seconds (0h:4m:21s)

NOTE: 109 MB RAM (0 GB) is required!
Estimate model parameters (epsilon = 0.100)
1. Initial log-likelihood: -27410.885
Optimal log-likelihood: -27410.885
Nonsynonymous/synonymous ratio (omega): 0.076
Transition/transversion ratio (kappa): 3.694
Gamma shape alpha: 0.428
Parameters optimization took 1 rounds (1.667 sec)
Wrote distance file to... 
Computing ML distances based on estimated model parameters...
Calculating distance matrix: done in 0.832448 secs using 397.1% CPU
Computing ML distances took 0.832762 sec (of wall-clock time) 3.305775 sec (of CPU time)
Setting up auxiliary I and S matrices: done in 0.000324953 secs using 413.9% CPU
Constructing RapidNJ tree: done in 0.00644632 secs using 211.4% CPU
Computing RapidNJ tree took 0.007464 sec (of wall-clock time) 0.015772 sec (of CPU time)
Log-likelihood of RapidNJ tree: -27476.810
--------------------------------------------------------------------
|             INITIALIZING CANDIDATE TREE SET                      |
--------------------------------------------------------------------
Generating 98 parsimony trees... 0.267 second
Computing log-likelihood of 98 initial trees ... 54.792 seconds
Current best score: -27410.885

Do NNI search on 20 best initial trees
Optimizing NNI: done in 1.85261 secs using 399.1% CPU
Estimate model parameters (epsilon = 0.100)
BETTER TREE FOUND at iteration 1: -27410.885
Optimizing NNI: done in 1.87128 secs using 399.6% CPU
Optimizing NNI: done in 1.87196 secs using 399.7% CPU
Optimizing NNI: done in 1.84744 secs using 399.6% CPU
Optimizing NNI: done in 1.87684 secs using 399.2% CPU
Optimizing NNI: done in 1.86517 secs using 399.6% CPU
Optimizing NNI: done in 1.90121 secs using 400% CPU
Optimizing NNI: done in 1.86847 secs using 399.6% CPU
Optimizing NNI: done in 1.8552 secs using 399.6% CPU
Optimizing NNI: done in 1.87487 secs using 398.9% CPU
Iteration 10 / LogL: -27434.625 / Time: 0h:1m:19s
Optimizing NNI: done in 1.84523 secs using 399.3% CPU
Optimizing NNI: done in 1.84116 secs using 399.4% CPU
Optimizing NNI: done in 1.87423 secs using 399.8% CPU
Optimizing NNI: done in 1.87096 secs using 399.2% CPU
Optimizing NNI: done in 1.87386 secs using 399.7% CPU
Optimizing NNI: done in 1.89607 secs using 399.3% CPU
Optimizing NNI: done in 1.88963 secs using 399.4% CPU
Optimizing NNI: done in 1.86561 secs using 399.8% CPU
Optimizing NNI: done in 2.73877 secs using 399.5% CPU
Optimizing NNI: done in 2.72077 secs using 399% CPU
Iteration 20 / LogL: -27648.970 / Time: 0h:1m:40s
Finish initializing candidate tree set (20)
Current best tree score: -27410.885 / CPU time: 97.820
Number of iterations: 20
--------------------------------------------------------------------
|               OPTIMIZING CANDIDATE TREE SET                      |
--------------------------------------------------------------------
Optimizing NNI: done in 6.6598 secs using 399.4% CPU
Optimizing NNI: done in 3.81229 secs using 399.2% CPU
Optimizing NNI: done in 3.35273 secs using 399.6% CPU
Optimizing NNI: done in 6.58553 secs using 398.6% CPU
Optimizing NNI: done in 2.97579 secs using 399.4% CPU
Optimizing NNI: done in 3.3685 secs using 399.3% CPU
Optimizing NNI: done in 3.57532 secs using 399.6% CPU
Optimizing NNI: done in 4.51125 secs using 399.6% CPU
Optimizing NNI: done in 4.26574 secs using 399.5% CPU
Optimizing NNI: done in 7.67858 secs using 399.5% CPU
Iteration 30 / LogL: -28031.481 / Time: 0h:2m:28s (0h:6m:4s left)
Optimizing NNI: done in 5.71582 secs using 399.5% CPU
Optimizing NNI: done in 2.81744 secs using 399.9% CPU
Optimizing NNI: done in 4.50145 secs using 399.5% CPU
Optimizing NNI: done in 8.06263 secs using 399.2% CPU
Optimizing NNI: done in 9.00002 secs using 399.2% CPU
Optimizing NNI: done in 5.12714 secs using 399.5% CPU
Optimizing NNI: done in 5.75801 secs using 399.3% CPU
Optimizing NNI: done in 3.54528 secs using 399.5% CPU
Optimizing NNI: done in 10.5617 secs using 399.4% CPU
Optimizing NNI: done in 4.36273 secs using 399.5% CPU
Iteration 40 / LogL: -28029.380 / Time: 0h:3m:29s (0h:5m:27s left)
Optimizing NNI: done in 2.74521 secs using 399.5% CPU
Optimizing NNI: done in 6.49589 secs using 399% CPU
Optimizing NNI: done in 5.40142 secs using 399.3% CPU
Optimizing NNI: done in 10.5597 secs using 399.3% CPU
Optimizing NNI: done in 4.13934 secs using 399.7% CPU
Optimizing NNI: done in 4.06182 secs using 399.1% CPU
Optimizing NNI: done in 4.53988 secs using 399.6% CPU
Optimizing NNI: done in 3.49492 secs using 399.8% CPU
Optimizing NNI: done in 4.00348 secs using 399.4% CPU
Optimizing NNI: done in 3.77031 secs using 399.8% CPU
Iteration 50 / LogL: -28068.227 / Time: 0h:4m:19s (0h:4m:30s left)
Optimizing NNI: done in 5.98539 secs using 399.8% CPU
Optimizing NNI: done in 6.82994 secs using 399.4% CPU
Optimizing NNI: done in 3.8098 secs using 399.6% CPU
Optimizing NNI: done in 3.28985 secs using 399.6% CPU
Optimizing NNI: done in 4.84678 secs using 399.4% CPU
Optimizing NNI: done in 2.72433 secs using 399.2% CPU
Optimizing NNI: done in 4.61341 secs using 399.5% CPU
Optimizing NNI: done in 3.53305 secs using 399.1% CPU
Optimizing NNI: done in 4.06651 secs using 399% CPU
Optimizing NNI: done in 4.54967 secs using 399.6% CPU
Iteration 60 / LogL: -27898.945 / Time: 0h:5m:4s (0h:3m:31s left)
Optimizing NNI: done in 8.69268 secs using 399% CPU
Optimizing NNI: done in 6.85278 secs using 399.5% CPU
Optimizing NNI: done in 4.30046 secs using 399.5% CPU
Optimizing NNI: done in 9.09873 secs using 399.3% CPU
Optimizing NNI: done in 7.1333 secs using 399.4% CPU
Optimizing NNI: done in 4.18162 secs using 399.6% CPU
Optimizing NNI: done in 3.66151 secs using 399.4% CPU
Optimizing NNI: done in 5.62805 secs using 399.7% CPU
Optimizing NNI: done in 3.87731 secs using 399.4% CPU
Optimizing NNI: done in 7.23794 secs using 398.1% CPU
Iteration 70 / LogL: -28147.028 / Time: 0h:6m:6s (0h:2m:44s left)
Optimizing NNI: done in 6.88964 secs using 399.4% CPU
Optimizing NNI: done in 7.74843 secs using 399.4% CPU
Optimizing NNI: done in 3.56561 secs using 399.6% CPU
Optimizing NNI: done in 2.74437 secs using 399.3% CPU
Optimizing NNI: done in 4.37784 secs using 399.4% CPU
Optimizing NNI: done in 8.61992 secs using 398.9% CPU
Optimizing NNI: done in 7.8457 secs using 399.2% CPU
Optimizing NNI: done in 11.2285 secs using 399.2% CPU
Optimizing NNI: done in 1.84427 secs using 399.5% CPU
Optimizing NNI: done in 3.97647 secs using 399.4% CPU
Iteration 80 / LogL: -27869.404 / Time: 0h:7m:6s (0h:1m:53s left)
Optimizing NNI: done in 3.20904 secs using 399.7% CPU
Optimizing NNI: done in 4.70072 secs using 399.4% CPU
Optimizing NNI: done in 6.95083 secs using 399.4% CPU
Optimizing NNI: done in 4.7736 secs using 399.4% CPU
Optimizing NNI: done in 3.1839 secs using 399.2% CPU
Optimizing NNI: done in 3.44262 secs using 399.6% CPU
Optimizing NNI: done in 7.58311 secs using 399.4% CPU
Optimizing NNI: done in 4.68378 secs using 399.4% CPU
Optimizing NNI: done in 11.6181 secs using 399% CPU
Optimizing NNI: done in 4.50359 secs using 399.4% CPU
Iteration 90 / LogL: -27974.524 / Time: 0h:8m:1s (0h:0m:59s left)
Optimizing NNI: done in 7.89699 secs using 399.5% CPU
Optimizing NNI: done in 3.97655 secs using 399.4% CPU
Optimizing NNI: done in 6.72555 secs using 399.1% CPU
Optimizing NNI: done in 3.90168 secs using 399.4% CPU
Optimizing NNI: done in 4.08006 secs using 399.7% CPU
Optimizing NNI: done in 7.15748 secs using 399.5% CPU
Optimizing NNI: done in 4.60837 secs using 399.1% CPU
Optimizing NNI: done in 3.31156 secs using 398.2% CPU
Optimizing NNI: done in 3.33337 secs using 397.8% CPU
Optimizing NNI: done in 4.54481 secs using 399.3% CPU
Iteration 100 / LogL: -27993.583 / Time: 0h:8m:52s (0h:0m:5s left)
Optimizing NNI: done in 4.59145 secs using 399.6% CPU
Optimizing NNI: done in 5.09827 secs using 399.3% CPU
TREE SEARCH COMPLETED AFTER 102 ITERATIONS / Time: 0h:9m:2s

--------------------------------------------------------------------
|                    FINALIZING TREE SEARCH                        |
--------------------------------------------------------------------
Performs final model parameters optimization
Estimate model parameters (epsilon = 0.010)
1. Initial log-likelihood: -27410.885
Optimal log-likelihood: -27410.885
Nonsynonymous/synonymous ratio (omega): 0.076
Transition/transversion ratio (kappa): 3.694
Gamma shape alpha: 0.428
Parameters optimization took 1 rounds (1.649 sec)
BEST SCORE FOUND : -27410.885
Total tree length: 0.327

Total number of iterations: 102
CPU time used for tree search: 2151.450 sec (0h:35m:51s)
Wall-clock time used for tree search: 539.272 sec (0h:8m:59s)
Total CPU time used: 2170.144 sec (0h:36m:10s)
Total wall-clock time used: 544.028 sec (0h:9m:4s)

Analysis results written to: 
  IQ-TREE report:                RYR2.iqtree
  Maximum-likelihood tree:       RYR2.treefile
  Likelihood distances:          RYR2.mldist
  Screen log file:               RYR2.log

Date and Time: Mon May 27 13:34:00 2024
