IQ-TREE multicore version 2.2.0-beta COVID-edition for Linux 64-bit built Dec 21 2021 built Dec 21 2021
Developed by Bui Quang Minh, James Barbetti, Nguyen Lam Tung,
Olga Chernomor, Heiko Schmidt, Dominik Schrempf, Michael Woodhams, Ly Trong Nhan.

Host:    awarnach (SSE3, 15 GB RAM)
Command: iqtree -s codon_alignments_v3_Jan24/CNTNAP2_codon_aligned.phy -m GTR+G4 -pre CNTNAP2_GTR -nt 4
Seed:    193705 (Using SPRNG - Scalable Parallel Random Number Generator)
Time:    Mon Jan 29 17:17:37 2024
Kernel:  SSE2 - 4 threads (4 CPU cores detected)

Reading alignment file codon_alignments_v3_Jan24/CNTNAP2_codon_aligned.phy ... Phylip format detected
Alignment most likely contains DNA/RNA sequences
Constructing alignment: done in 0.0201517 secs using 90.47% CPU
Alignment has 90 sequences with 3993 columns, 1075 distinct patterns
499 parsimony-informative, 360 singleton sites, 3134 constant sites
                      Gap/Ambiguity  Composition  p-value
Analyzing sequences: done in 0.000783408 secs using 83.74% CPU
   1  Bacu_CNTNAP2            3.98%    passed     99.03%
   2  Barn_CNTNAP2           48.01%    passed     70.73%
   3  Bbai76728_CNTNAP2      10.07%    passed     81.63%
   4  BbonAUS_CNTNAP2         6.09%    passed     89.99%
   5  Bbor_CNTNAP2            0.00%    passed     98.61%
   6  Bede66737_CNTNAP2       0.00%    passed     98.72%
   7  BedeAUS_CNTNAP2         5.86%    passed     97.34%
   8  Bmus_CNTNAP2            0.00%    passed     98.42%
   9  Bphy_baits_CNTNAP2      4.51%    passed     67.09%
  10  Btau_CNTNAP2            0.00%    passed     59.94%
  11  Ccom40_CNTNAP2          4.28%    passed     97.84%
  12  Cela_CNTNAP2            0.00%    passed     18.36%
  13  Chea7320_CNTNAP2        0.00%    passed     99.75%
  14  Chir_CNTNAP2            0.00%    passed     52.07%
  15  Cmar59905_CNTNAP2       3.61%    passed     86.01%
  16  Dcap108471_CNTNAP2      0.15%    passed     99.42%
  17  Dcap79929_CNTNAP2       3.76%    passed     91.45%
  18  DdelSJR_CNTNAP2         0.15%    passed     99.79%
  19  Ddeltrop4525_CNTNAP2    3.38%    passed     97.51%
  20  Dleu_CNTNAP2            0.00%    passed     98.78%
  21  EausAUS_CNTNAP2         0.08%    passed     98.62%
  22  Egla13086_CNTNAP2       0.08%    passed     98.85%
  23  Ejap43864_CNTNAP2       0.08%    passed     99.35%
  24  Erob133443_CNTNAP2      0.00%    passed     95.61%
  25  Fatt_CNTNAP2            0.00%    passed     98.96%
  26  Ggri_CNTNAP2            2.48%    passed     97.43%
  27  Gmac39091_CNTNAP2       0.00%    passed     99.18%
  28  Gmel_CNTNAP2            0.00%    passed     99.01%
  29  Hamp_CNTNAP2            0.15%    passed     99.87%
  30  Hippo_CNTNAP2          10.07%    passed     94.69%
  31  Igeo_CNTNAP2           21.94%    passed     90.69%
  32  Kbre_CNTNAP2            0.08%    passed     92.48%
  33  Ksim_CNTNAP2            3.76%    passed     90.37%
  34  Lacu_CNTNAP2            0.45%    passed     99.93%
  35  Lalb_CNTNAP2            0.00%    passed     99.73%
  36  Laus_CNTNAP2            0.00%    passed     99.93%
  37  Lbor_CNTNAP2            6.61%    passed     84.33%
  38  Lhos30470_CNTNAP2       8.11%    passed     64.27%
  39  Lhos452_CNTNAP2         0.23%    passed     99.88%
  40  Lobl_CNTNAP2            0.00%    passed     99.61%
  41  Lobs_CNTNAP2            2.70%    passed     90.05%
  42  LperAUS_CNTNAP2         0.83%    passed     98.98%
  43  Mbid_CNTNAP2           34.71%    passed     16.21%
  44  Mbow_CNTNAP2            5.03%    passed     87.22%
  45  Mcar_CNTNAP2            2.48%    passed     96.25%
  46  Mden_CNTNAP2           26.15%    passed     46.90%
  47  Meur_CNTNAP2            5.86%    passed     95.44%
  48  Mgin_CNTNAP2            0.15%    passed     99.81%
  49  MgraAUS_CNTNAP2        34.03%    passed     22.83%
  50  Mhec_CNTNAP2           10.67%    passed     89.35%
  51  MlayAUS_CNTNAP2         2.18%    passed     99.52%
  52  Mmir_CNTNAP2           13.37%    passed     86.53%
  53  Mmon_CNTNAP2            0.00%    passed     93.94%
  54  Mper_CNTNAP2            2.63%    passed     95.51%
  55  Mpni_CNTNAP2            0.15%    passed     99.11%
  56  Mste_CNTNAP2            0.15%    passed     99.53%
  57  Naasi_CNTNAP2           0.00%    passed     98.99%
  58  Npho_CNTNAP2            6.76%    passed     98.36%
  59  Oari_CNTNAP2            0.00%    passed     33.71%
  60  Obre_CNTNAP2            0.00%    passed     99.79%
  61  Ohei_CNTNAP2            5.86%    passed     92.27%
  62  Oorc_CNTNAP2            0.00%    passed     99.87%
  63  Pbla7349_CNTNAP2        7.29%    passed     78.06%
  64  Pcat_CNTNAP2            1.58%    passed     99.76%
  65  Pcra123188_CNTNAP2      0.00%    passed     99.24%
  66  Pdal_CNTNAP2           51.92%    passed     18.79%
  67  Pdio_CNTNAP2            0.00%    passed     95.53%
  68  Pele_CNTNAP2            2.48%    passed     97.92%
  69  Pmac_CNTNAP2           30.50%    passed     74.91%
  70  Ppho_CNTNAP2            0.08%    passed     98.68%
  71  Psin_CASQ1              0.00%    passed     95.75%
  72  Pspi_CNTNAP2           16.60%    passed     98.15%
  73  Satt18473_CNTNAP2       0.15%    passed     99.58%
  74  Satt38219_CNTNAP2       6.69%    passed     95.10%
  75  Sbre116871_CNTNAP2      2.63%    passed     98.77%
  76  Sbre18437_CNTNAP2       2.63%    passed     98.62%
  77  Schi_CNTNAP2            0.15%    passed     99.84%
  78  Scly1724_CNTNAP2       32.98%    passed     61.34%
  79  Scly1726_CNTNAP2        0.15%    passed     99.64%
  80  Scoe_CNTNAP2            0.00%    passed     99.74%
  81  Sflu9837_CNTNAP2        0.00%    passed     99.78%
  82  Sfro7782_CNTNAP2        2.10%    passed     97.38%
  83  Sfro7784_CNTNAP2        0.15%    passed     99.24%
  84  Slon16012_CNTNAP2       0.15%    passed     98.81%
  85  Slon24923_CNTNAP2       2.63%    passed     97.26%
  86  Sscr_CNTNAP2            0.18%    passed     81.67%
  87  Tadu79924_CNTNAP2       6.01%    passed     95.08%
  88  Tshe_CNTNAP2            2.48%    passed     90.72%
  89  Ttru_CNTNAP2            0.00%    passed     99.62%
  90  Zcav_CNTNAP2            5.79%    passed     86.20%
WARNING: 1 sequences contain more than 50% gaps/ambiguity
****  TOTAL                   5.30%  0 sequences failed composition chi2 test (p-value<5%; df=3)
Checking for duplicate sequences: done in 0.00168588 secs using 145.5% CPU

Create initial parsimony tree by phylogenetic likelihood library (PLL)... 0.003 seconds

NOTE: 12 MB RAM (0 GB) is required!
Estimate model parameters (epsilon = 0.100)
1. Initial log-likelihood: -28881.375
2. Current log-likelihood: -24214.832
3. Current log-likelihood: -23714.218
4. Current log-likelihood: -23675.606
5. Current log-likelihood: -23656.441
6. Current log-likelihood: -23643.016
7. Current log-likelihood: -23633.517
8. Current log-likelihood: -23630.603
9. Current log-likelihood: -23629.675
Optimal log-likelihood: -23629.524
Rate parameters:  A-C: 1.42264  A-G: 9.81523  A-T: 0.28867  C-G: 2.41800  C-T: 11.67937  G-T: 1.00000
Base frequencies:  A: 0.259  C: 0.265  G: 0.259  T: 0.218
Gamma shape alpha: 0.131
Parameters optimization took 9 rounds (4.680 sec)
Wrote distance file to... 
Computing ML distances based on estimated model parameters...
Calculating distance matrix: done in 0.0487461 secs using 406.4% CPU
Computing ML distances took 0.050213 sec (of wall-clock time) 0.199571 sec (of CPU time)
Setting up auxiliary I and S matrices: done in 0.0012043 secs using 129.7% CPU
Constructing RapidNJ tree: done in 0.184729 secs using 66.46% CPU
Computing RapidNJ tree took 0.186144 sec (of wall-clock time) 0.124457 sec (of CPU time)
Log-likelihood of RapidNJ tree: -15397.947
--------------------------------------------------------------------
|             INITIALIZING CANDIDATE TREE SET                      |
--------------------------------------------------------------------
Generating 98 parsimony trees... 0.800 second
Computing log-likelihood of 98 initial trees ... 8.301 seconds
Current best score: -15397.947

Do NNI search on 20 best initial trees
Optimizing NNI: done in 1.01585 secs using 398.1% CPU
Estimate model parameters (epsilon = 0.100)
BETTER TREE FOUND at iteration 1: -15298.865
Optimizing NNI: done in 10.0664 secs using 378.1% CPU
Optimizing NNI: done in 9.70506 secs using 377.4% CPU
Optimizing NNI: done in 11.0431 secs using 373.7% CPU
Optimizing NNI: done in 10.1463 secs using 378.9% CPU
Optimizing NNI: done in 9.3354 secs using 374.6% CPU
Optimizing NNI: done in 10.1056 secs using 376.2% CPU
Optimizing NNI: done in 10.8312 secs using 376.3% CPU
Optimizing NNI: done in 9.94445 secs using 378.4% CPU
Optimizing NNI: done in 8.06851 secs using 377.4% CPU
Iteration 10 / LogL: -16717.334 / Time: 0h:1m:46s
Optimizing NNI: done in 10.4199 secs using 374.7% CPU
Optimizing NNI: done in 9.45447 secs using 378.2% CPU
Optimizing NNI: done in 10.4183 secs using 379.4% CPU
Optimizing NNI: done in 11.7851 secs using 376.3% CPU
Optimizing NNI: done in 8.1623 secs using 376.8% CPU
Optimizing NNI: done in 9.92633 secs using 378.3% CPU
Optimizing NNI: done in 9.40165 secs using 377.6% CPU
Optimizing NNI: done in 10.8177 secs using 373.9% CPU
Optimizing NNI: done in 10.0331 secs using 378.3% CPU
Optimizing NNI: done in 9.84356 secs using 375.1% CPU
Iteration 20 / LogL: -15385.867 / Time: 0h:3m:26s
Finish initializing candidate tree set (20)
Current best tree score: -15298.865 / CPU time: 201.312
Number of iterations: 20
--------------------------------------------------------------------
|               OPTIMIZING CANDIDATE TREE SET                      |
--------------------------------------------------------------------
Optimizing NNI: done in 2.44385 secs using 376% CPU
Estimate model parameters (epsilon = 0.100)
BETTER TREE FOUND at iteration 21: -15282.494
Optimizing NNI: done in 1.14226 secs using 399.7% CPU
Optimizing NNI: done in 1.54532 secs using 366% CPU
Optimizing NNI: done in 1.34592 secs using 397.1% CPU
Optimizing NNI: done in 1.79161 secs using 372.4% CPU
Optimizing NNI: done in 2.00621 secs using 375.7% CPU
UPDATE BEST LOG-LIKELIHOOD: -15282.489
Optimizing NNI: done in 1.73665 secs using 368.2% CPU
Optimizing NNI: done in 1.19423 secs using 396.2% CPU
Optimizing NNI: done in 1.93711 secs using 373.2% CPU
Optimizing NNI: done in 1.62997 secs using 373.3% CPU
Iteration 30 / LogL: -15284.351 / Time: 0h:3m:44s (0h:11m:43s left)
Optimizing NNI: done in 1.76229 secs using 399% CPU
BETTER TREE FOUND at iteration 31: -15282.489
Optimizing NNI: done in 1.89937 secs using 369% CPU
UPDATE BEST LOG-LIKELIHOOD: -15282.486
Optimizing NNI: done in 1.64213 secs using 369.4% CPU
Optimizing NNI: done in 1.26238 secs using 398.2% CPU
Optimizing NNI: done in 1.59195 secs using 370.4% CPU
Optimizing NNI: done in 1.6424 secs using 368.6% CPU
Optimizing NNI: done in 1.32462 secs using 397.6% CPU
Optimizing NNI: done in 1.7227 secs using 366.4% CPU
Optimizing NNI: done in 1.8011 secs using 375% CPU
Optimizing NNI: done in 1.85863 secs using 374.1% CPU
Iteration 40 / LogL: -15282.495 / Time: 0h:4m:0s (0h:9m:22s left)
Optimizing NNI: done in 1.49847 secs using 397.3% CPU
Optimizing NNI: done in 1.64698 secs using 373% CPU
Optimizing NNI: done in 0.947384 secs using 397.9% CPU
Optimizing NNI: done in 1.64983 secs using 368.2% CPU
Optimizing NNI: done in 1.46813 secs using 362.1% CPU
Optimizing NNI: done in 1.28444 secs using 397% CPU
Optimizing NNI: done in 1.66491 secs using 366.7% CPU
Estimate model parameters (epsilon = 0.100)
BETTER TREE FOUND at iteration 47: -15281.790
Optimizing NNI: done in 1.63974 secs using 374.2% CPU
Optimizing NNI: done in 1.34759 secs using 398.7% CPU
UPDATE BEST LOG-LIKELIHOOD: -15281.788
Optimizing NNI: done in 2.10486 secs using 378.1% CPU
Iteration 50 / LogL: -15285.621 / Time: 0h:4m:16s (0h:8m:28s left)
Optimizing NNI: done in 1.76944 secs using 364.3% CPU
Optimizing NNI: done in 1.7166 secs using 370.2% CPU
Optimizing NNI: done in 1.33201 secs using 398.2% CPU
Optimizing NNI: done in 1.68239 secs using 365.3% CPU
Optimizing NNI: done in 1.75584 secs using 371.8% CPU
Optimizing NNI: done in 1.27917 secs using 398.6% CPU
Optimizing NNI: done in 1.80934 secs using 360.3% CPU
Optimizing NNI: done in 1.6933 secs using 369.4% CPU
Optimizing NNI: done in 1.44168 secs using 397.1% CPU
Optimizing NNI: done in 1.5315 secs using 369.2% CPU
Iteration 60 / LogL: -15282.557 / Time: 0h:4m:32s (0h:6m:42s left)
Optimizing NNI: done in 1.85269 secs using 376.3% CPU
Optimizing NNI: done in 1.55897 secs using 396.1% CPU
Optimizing NNI: done in 1.5907 secs using 368.8% CPU
Optimizing NNI: done in 1.67145 secs using 367.4% CPU
Optimizing NNI: done in 1.2296 secs using 398.1% CPU
Optimizing NNI: done in 1.87043 secs using 376.1% CPU
Optimizing NNI: done in 1.60709 secs using 368.7% CPU
Optimizing NNI: done in 1.28874 secs using 398% CPU
Optimizing NNI: done in 1.61181 secs using 368.7% CPU
Optimizing NNI: done in 1.55526 secs using 364.5% CPU
Iteration 70 / LogL: -15282.591 / Time: 0h:4m:48s (0h:5m:22s left)
Optimizing NNI: done in 1.53861 secs using 397.6% CPU
Optimizing NNI: done in 1.45596 secs using 367.2% CPU
Optimizing NNI: done in 1.68332 secs using 369.9% CPU
Optimizing NNI: done in 1.46453 secs using 398.5% CPU
Optimizing NNI: done in 1.82762 secs using 374.4% CPU
Optimizing NNI: done in 1.83654 secs using 367.5% CPU
Optimizing NNI: done in 2.4469 secs using 379.9% CPU
Optimizing NNI: done in 1.35109 secs using 398.3% CPU
Optimizing NNI: done in 1.67161 secs using 373.9% CPU
Optimizing NNI: done in 1.42916 secs using 370.3% CPU
Iteration 80 / LogL: -15284.502 / Time: 0h:5m:5s (0h:4m:19s left)
Optimizing NNI: done in 1.66665 secs using 395.3% CPU
Optimizing NNI: done in 1.9507 secs using 371.8% CPU
Optimizing NNI: done in 2.25911 secs using 380.5% CPU
Optimizing NNI: done in 1.71847 secs using 370.6% CPU
Optimizing NNI: done in 1.09722 secs using 398% CPU
Optimizing NNI: done in 1.87619 secs using 371% CPU
Optimizing NNI: done in 1.70126 secs using 366.7% CPU
Optimizing NNI: done in 1.8618 secs using 373.9% CPU
Optimizing NNI: done in 1.43058 secs using 394.7% CPU
UPDATE BEST LOG-LIKELIHOOD: -15281.786
Optimizing NNI: done in 1.40598 secs using 364.7% CPU
Iteration 90 / LogL: -15288.038 / Time: 0h:5m:22s (0h:3m:26s left)
Optimizing NNI: done in 0.846487 secs using 395.6% CPU
Optimizing NNI: done in 1.74686 secs using 372% CPU
Optimizing NNI: done in 1.69916 secs using 366.9% CPU
Optimizing NNI: done in 1.35401 secs using 397.7% CPU
Optimizing NNI: done in 1.82965 secs using 368.1% CPU
Optimizing NNI: done in 1.57146 secs using 368% CPU
Optimizing NNI: done in 1.223 secs using 397.5% CPU
Estimate model parameters (epsilon = 0.100)
BETTER TREE FOUND at iteration 97: -15280.527
Optimizing NNI: done in 1.68681 secs using 368.1% CPU
Optimizing NNI: done in 1.79419 secs using 373.5% CPU
Optimizing NNI: done in 1.60816 secs using 395.3% CPU
Iteration 100 / LogL: -15280.531 / Time: 0h:5m:38s (0h:5m:31s left)
Optimizing NNI: done in 1.56673 secs using 347.9% CPU
Optimizing NNI: done in 1.57142 secs using 369.6% CPU
Optimizing NNI: done in 0.993629 secs using 397.9% CPU
Optimizing NNI: done in 1.98645 secs using 368.2% CPU
Optimizing NNI: done in 2.00661 secs using 370.6% CPU
Optimizing NNI: done in 1.00045 secs using 396% CPU
Optimizing NNI: done in 1.73843 secs using 366.8% CPU
Optimizing NNI: done in 1.79988 secs using 374.4% CPU
Optimizing NNI: done in 1.31844 secs using 397.9% CPU
Optimizing NNI: done in 1.6819 secs using 369.9% CPU
Iteration 110 / LogL: -15281.807 / Time: 0h:5m:54s (0h:4m:42s left)
Optimizing NNI: done in 1.74737 secs using 372.6% CPU
UPDATE BEST LOG-LIKELIHOOD: -15280.525
Optimizing NNI: done in 1.2047 secs using 393.2% CPU
Optimizing NNI: done in 1.99242 secs using 375.6% CPU
Optimizing NNI: done in 1.72484 secs using 371.3% CPU
Optimizing NNI: done in 1.95846 secs using 373.1% CPU
Optimizing NNI: done in 1.36789 secs using 397.6% CPU
Optimizing NNI: done in 1.6925 secs using 372.4% CPU
Optimizing NNI: done in 1.84357 secs using 368.6% CPU
Optimizing NNI: done in 1.57259 secs using 398.4% CPU
Optimizing NNI: done in 1.63884 secs using 368.9% CPU
Iteration 120 / LogL: -15283.640 / Time: 0h:6m:11s (0h:4m:0s left)
Optimizing NNI: done in 1.78217 secs using 373.2% CPU
Optimizing NNI: done in 1.20332 secs using 398.8% CPU
Optimizing NNI: done in 1.82315 secs using 375.8% CPU
UPDATE BEST LOG-LIKELIHOOD: -15280.523
Optimizing NNI: done in 1.80107 secs using 371.2% CPU
Optimizing NNI: done in 1.76062 secs using 370.8% CPU
Optimizing NNI: done in 1.26901 secs using 397.8% CPU
Optimizing NNI: done in 1.36649 secs using 364.4% CPU
Optimizing NNI: done in 1.02985 secs using 398.3% CPU
Optimizing NNI: done in 1.73133 secs using 371.1% CPU
Optimizing NNI: done in 1.2231 secs using 399% CPU
Iteration 130 / LogL: -15282.443 / Time: 0h:6m:26s (0h:3m:20s left)
Optimizing NNI: done in 1.70307 secs using 368.4% CPU
Optimizing NNI: done in 1.65054 secs using 372.4% CPU
Optimizing NNI: done in 1.40367 secs using 397.5% CPU
Optimizing NNI: done in 1.7674 secs using 374.6% CPU
Optimizing NNI: done in 1.66865 secs using 369.5% CPU
Optimizing NNI: done in 1.03571 secs using 398.2% CPU
Optimizing NNI: done in 1.77135 secs using 367.6% CPU
UPDATE BEST LOG-LIKELIHOOD: -15280.520
Optimizing NNI: done in 1.8432 secs using 369.6% CPU
Optimizing NNI: done in 1.40862 secs using 396.7% CPU
Optimizing NNI: done in 1.79815 secs using 368.4% CPU
Iteration 140 / LogL: -15280.524 / Time: 0h:6m:42s (0h:2m:45s left)
Optimizing NNI: done in 1.88121 secs using 375.6% CPU
Optimizing NNI: done in 2.00958 secs using 378.1% CPU
Optimizing NNI: done in 1.8728 secs using 373.8% CPU
Optimizing NNI: done in 1.33196 secs using 397% CPU
Optimizing NNI: done in 1.38259 secs using 368.6% CPU
Optimizing NNI: done in 1.31063 secs using 396.6% CPU
Optimizing NNI: done in 1.72591 secs using 368.2% CPU
Optimizing NNI: done in 1.63156 secs using 368.7% CPU
Optimizing NNI: done in 1.39526 secs using 393.5% CPU
Optimizing NNI: done in 1.44551 secs using 364.2% CPU
Iteration 150 / LogL: -15281.802 / Time: 0h:6m:58s (0h:2m:12s left)
Optimizing NNI: done in 1.6178 secs using 371.3% CPU
Optimizing NNI: done in 1.29095 secs using 398.3% CPU
Optimizing NNI: done in 1.41246 secs using 366.9% CPU
Optimizing NNI: done in 1.39335 secs using 398.4% CPU
Optimizing NNI: done in 1.6052 secs using 370.8% CPU
Optimizing NNI: done in 1.4456 secs using 357.4% CPU
Optimizing NNI: done in 1.03855 secs using 395% CPU
Optimizing NNI: done in 1.70196 secs using 364.2% CPU
Optimizing NNI: done in 1.03586 secs using 397.8% CPU
Optimizing NNI: done in 1.68253 secs using 372.4% CPU
Iteration 160 / LogL: -15280.525 / Time: 0h:7m:13s (0h:1m:40s left)
Optimizing NNI: done in 1.59481 secs using 373.4% CPU
Optimizing NNI: done in 1.71054 secs using 396.5% CPU
Optimizing NNI: done in 1.83557 secs using 372.2% CPU
Optimizing NNI: done in 1.42602 secs using 368% CPU
Optimizing NNI: done in 1.41909 secs using 397.3% CPU
Optimizing NNI: done in 1.95702 secs using 372.7% CPU
Optimizing NNI: done in 1.75997 secs using 366.7% CPU
Optimizing NNI: done in 1.31636 secs using 398.7% CPU
Optimizing NNI: done in 1.85916 secs using 370.8% CPU
Optimizing NNI: done in 1.60233 secs using 371.9% CPU
Iteration 170 / LogL: -15282.348 / Time: 0h:7m:29s (0h:1m:11s left)
Optimizing NNI: done in 1.26172 secs using 397.3% CPU
Optimizing NNI: done in 1.42524 secs using 367.8% CPU
Optimizing NNI: done in 1.63734 secs using 371.6% CPU
Optimizing NNI: done in 1.22724 secs using 398.8% CPU
Optimizing NNI: done in 1.62033 secs using 367% CPU
Optimizing NNI: done in 1.76833 secs using 369.8% CPU
Optimizing NNI: done in 1.17994 secs using 398.1% CPU
Optimizing NNI: done in 1.51953 secs using 370.4% CPU
Optimizing NNI: done in 1.0589 secs using 398.8% CPU
Optimizing NNI: done in 2.12919 secs using 373.3% CPU
Iteration 180 / LogL: -15280.533 / Time: 0h:7m:44s (0h:0m:44s left)
Optimizing NNI: done in 1.54283 secs using 368.6% CPU
Optimizing NNI: done in 2.02096 secs using 371.2% CPU
Optimizing NNI: done in 1.3889 secs using 398.1% CPU
Optimizing NNI: done in 1.83872 secs using 372.8% CPU
Optimizing NNI: done in 1.73772 secs using 372.3% CPU
Optimizing NNI: done in 1.28551 secs using 398.1% CPU
Optimizing NNI: done in 1.64471 secs using 368.2% CPU
Optimizing NNI: done in 1.73507 secs using 367.1% CPU
Optimizing NNI: done in 1.24499 secs using 398.7% CPU
Optimizing NNI: done in 1.59488 secs using 367% CPU
Iteration 190 / LogL: -15280.522 / Time: 0h:8m:1s (0h:0m:17s left)
Optimizing NNI: done in 1.73516 secs using 368.6% CPU
Optimizing NNI: done in 1.20115 secs using 398.6% CPU
Optimizing NNI: done in 1.88182 secs using 374% CPU
Optimizing NNI: done in 1.84828 secs using 368.8% CPU
Optimizing NNI: done in 1.30338 secs using 396.9% CPU
Optimizing NNI: done in 1.57958 secs using 372.8% CPU
Optimizing NNI: done in 2.0105 secs using 372.2% CPU
Optimizing NNI: done in 1.09608 secs using 398% CPU
TREE SEARCH COMPLETED AFTER 198 ITERATIONS / Time: 0h:8m:13s

--------------------------------------------------------------------
|                    FINALIZING TREE SEARCH                        |
--------------------------------------------------------------------
Performs final model parameters optimization
Estimate model parameters (epsilon = 0.010)
1. Initial log-likelihood: -15280.520
Optimal log-likelihood: -15280.514
Rate parameters:  A-C: 1.07705  A-G: 6.27464  A-T: 0.47485  C-G: 1.47095  C-T: 7.89227  G-T: 1.00000
Base frequencies:  A: 0.259  C: 0.265  G: 0.259  T: 0.218
Gamma shape alpha: 0.178
Parameters optimization took 1 rounds (0.209 sec)
BEST SCORE FOUND : -15280.514
Total tree length: 0.462

Total number of iterations: 198
CPU time used for tree search: 1837.690 sec (0h:30m:37s)
Wall-clock time used for tree search: 488.591 sec (0h:8m:8s)
Total CPU time used: 1857.479 sec (0h:30m:57s)
Total wall-clock time used: 494.010 sec (0h:8m:14s)

Analysis results written to: 
  IQ-TREE report:                CNTNAP2_GTR.iqtree
  Maximum-likelihood tree:       CNTNAP2_GTR.treefile
  Likelihood distances:          CNTNAP2_GTR.mldist
  Screen log file:               CNTNAP2_GTR.log

Date and Time: Mon Jan 29 17:25:51 2024
