IQ-TREE multicore version 2.2.0-beta COVID-edition for Linux 64-bit built Dec 21 2021 built Dec 21 2021
Developed by Bui Quang Minh, James Barbetti, Nguyen Lam Tung,
Olga Chernomor, Heiko Schmidt, Dominik Schrempf, Michael Woodhams, Ly Trong Nhan.

Host:    awarnach (SSE3, 15 GB RAM)
Command: iqtree -s codon_alignments_v3_Jan24/FOXP2_codon_aligned.phy -m GTR+G4 -pre FOXP2_GTR -nt 4
Seed:    141680 (Using SPRNG - Scalable Parallel Random Number Generator)
Time:    Mon Jan 29 17:46:02 2024
Kernel:  SSE2 - 4 threads (4 CPU cores detected)

Reading alignment file codon_alignments_v3_Jan24/FOXP2_codon_aligned.phy ... Phylip format detected
Alignment most likely contains DNA/RNA sequences
Constructing alignment: done in 0.00699033 secs using 131.5% CPU
Alignment has 92 sequences with 1530 columns, 222 distinct patterns
73 parsimony-informative, 73 singleton sites, 1384 constant sites
                    Gap/Ambiguity  Composition  p-value
Analyzing sequences: done in 0.000115927 secs using 97.47% CPU
   1  Bacu_FOXP2            0.00%    passed     98.61%
   2  Barn_FOXP2           25.49%    passed     58.25%
   3  Bbai76728_FOXP2      16.86%    passed     89.89%
   4  BbonAUS_FOXP2         9.80%    passed     99.55%
   5  Bbor_FOXP2            5.10%    passed     99.98%
   6  Bede66737_FOXP2       5.10%    passed     99.98%
   7  BedeAUS_FOXP2         5.10%    passed     99.98%
   8  Bmus_FOXP2            0.00%    passed     98.94%
   9  Bmys_FOXP2           14.51%    passed     86.06%
  10  Bphy_FOXP2           15.69%    passed     59.15%
  11  Bphy_baits_FOXP2      9.80%    passed     99.90%
  12  Btau_FOXP2            0.00%    passed     95.98%
  13  Ccom40_FOXP2         22.55%    passed     85.49%
  14  Chea7320_FOXP2        9.80%    passed     99.19%
  15  Cmar59905_FOXP2       9.80%    passed     99.00%
  16  Dcap108471_FOXP2      5.10%    passed     99.96%
  17  Dcap79929_FOXP2      10.78%    passed     99.12%
  18  DdelSJR_FOXP2         5.10%    passed     99.96%
  19  Ddeltrop4525_FOXP2    5.10%    passed     99.96%
  20  Dleu_FOXP2            0.00%    passed     99.45%
  21  EausAUS_FOXP2         5.10%    passed     99.94%
  22  Egla13086_FOXP2       5.10%    passed     99.94%
  23  Ejap43864_FOXP2       5.10%    passed     99.94%
  24  Erob133443_FOXP2     10.20%    passed     99.45%
  25  Fatt_FOXP2            5.10%    passed     99.98%
  26  Ggri_FOXP2            5.10%    passed     99.90%
  27  Gmac39091_FOXP2       5.10%    passed     99.98%
  28  Gmel_FOXP2            0.00%    passed     99.01%
  29  Hippo_FOXP2           0.00%    passed     80.22%
  30  Hamp_FOXP2            5.10%    passed     99.90%
  31  Igeo_FOXP2           38.63%    passed     95.49%
  32  Kbre_FOXP2            5.10%    passed     99.98%
  33  Ksim_FOXP2           20.39%    passed     76.98%
  34  Lacu_FOXP2            5.10%    passed     99.98%
  35  Lalb_FOXP2            5.10%    passed     99.98%
  36  Laus_FOXP2            5.10%    passed     99.99%
  37  Lbor_FOXP2           11.96%    passed     92.54%
  38  Lhos30470_FOXP2      16.47%    passed     94.35%
  39  Lhos452_FOXP2         9.80%    passed     98.65%
  40  Lobl_FOXP2            0.00%    passed     99.01%
  41  Lobs_FOXP2           10.98%    passed     97.67%
  42  LperAUS_FOXP2         5.10%    passed     99.98%
  43  Lvex_FOXP2           25.10%    passed     96.95%
  44  Mbid_FOXP2           29.80%    passed     92.67%
  45  Mbow_FOXP2            5.10%    passed     99.99%
  46  Mcar_FOXP2            5.10%    passed     99.98%
  47  Mden_FOXP2           36.27%    passed     94.23%
  48  Meur_FOXP2           10.98%    passed     97.34%
  49  Mgin_FOXP2            5.10%    passed     99.98%
  50  MgraAUS_FOXP2        46.08%    passed     27.05%
  51  Mhec_FOXP2            9.80%    passed     99.53%
  52  MlayAUS_FOXP2         5.10%    passed     99.99%
  53  Mmir_FOXP2           23.92%    passed     97.98%
  54  Mmon_FOXP2            0.00%    passed     99.04%
  55  Mper_FOXP2            5.10%    passed     99.98%
  56  Mpni_FOXP2            6.27%    passed     99.85%
  57  Mste_FOXP2            9.80%    passed     99.53%
  58  Naasi_FOXP2           0.00%    passed     99.04%
  59  Npho_FOXP2            5.10%    passed     99.93%
  60  Oari_FOXP2            0.00%    passed     90.72%
  61  Obre_FOXP2            5.10%    passed     99.99%
  62  Ohei_FOXP2            5.10%    passed     99.98%
  63  Oorc_FOXP2            0.00%    passed     99.37%
  64  Ovtex_FOXP2           0.00%    passed     99.75%
  65  Pbla7349_FOXP2       11.37%    passed     96.24%
  66  Pcat_FOXP2            0.00%    passed     99.16%
  67  Pcra123188_FOXP2      9.80%    passed     99.49%
  68  Pdal_FOXP2           52.55%    passed     54.42%
  69  Pdio_FOXP2            5.10%    passed     99.93%
  70  Pele_FOXP2            5.10%    passed     99.98%
  71  Pmac_FOXP2            5.29%    passed     99.97%
  72  Ppho_FOXP2            5.10%    passed     99.93%
  73  Psin_FOXP2            0.00%    passed     99.04%
  74  Pspi_FOXP2           45.49%    passed     91.39%
  75  Satt18473_FOXP2       9.80%    passed     97.86%
  76  Satt38219_FOXP2      15.88%    passed     96.13%
  77  Sbre116871_FOXP2      5.10%    passed     99.99%
  78  Sbre18437_FOXP2       5.10%    passed     99.99%
  79  Schi_FOXP2            9.80%    passed     99.19%
  80  Scly1724_FOXP2       57.84%    passed     34.49%
  81  Scly1726_FOXP2        5.10%    passed     99.90%
  82  Scoe_FOXP2            5.10%    passed     99.98%
  83  Sflu9837_FOXP2        5.10%    passed     99.98%
  84  Sfro7782_FOXP2       15.69%    passed     89.94%
  85  Sfro7784_FOXP2        5.10%    passed     99.69%
  86  Slon16012_FOXP2       5.10%    passed     99.90%
  87  Slon24923_FOXP2       5.10%    passed     99.90%
  88  Sscr_FOXP2            0.00%    passed     93.91%
  89  Tadu79924_FOXP2       5.10%    passed     99.90%
  90  Tshe_FOXP2            5.10%    passed     99.90%
  91  Ttru_FOXP2            0.00%    passed     99.01%
  92  Zcav_FOXP2            9.80%    passed     99.53%
WARNING: 2 sequences contain more than 50% gaps/ambiguity
****  TOTAL                 9.82%  0 sequences failed composition chi2 test (p-value<5%; df=3)
NOTE: BedeAUS_FOXP2 is identical to Bede66737_FOXP2 but kept for subsequent analysis
NOTE: Schi_FOXP2 is identical to Chea7320_FOXP2 but kept for subsequent analysis
NOTE: DdelSJR_FOXP2 is identical to Dcap108471_FOXP2 but kept for subsequent analysis
NOTE: Egla13086_FOXP2 is identical to EausAUS_FOXP2 but kept for subsequent analysis
NOTE: Gmac39091_FOXP2 is identical to Fatt_FOXP2 but kept for subsequent analysis
NOTE: Lobl_FOXP2 is identical to Gmel_FOXP2 but kept for subsequent analysis
NOTE: MlayAUS_FOXP2 is identical to Mbow_FOXP2 but kept for subsequent analysis
NOTE: Mste_FOXP2 is identical to Mhec_FOXP2 but kept for subsequent analysis
NOTE: Psin_FOXP2 is identical to Naasi_FOXP2 but kept for subsequent analysis
NOTE: Pdio_FOXP2 is identical to Npho_FOXP2 but kept for subsequent analysis
NOTE: Sbre18437_FOXP2 is identical to Sbre116871_FOXP2 but kept for subsequent analysis
NOTE: Slon16012_FOXP2 is identical to Scly1726_FOXP2 but kept for subsequent analysis
Checking for duplicate sequences: done in 0.000755055 secs using 99.73% CPU
Identifying sites to remove: done in 0.0027193 secs using 415.5% CPU
NOTE: 10 identical sequences (see below) will be ignored for subsequent analysis
NOTE: Ddeltrop4525_FOXP2 (identical to Dcap108471_FOXP2) is ignored but added at the end
NOTE: Ejap43864_FOXP2 (identical to EausAUS_FOXP2) is ignored but added at the end
NOTE: Lacu_FOXP2 (identical to Fatt_FOXP2) is ignored but added at the end
NOTE: Lalb_FOXP2 (identical to Fatt_FOXP2) is ignored but added at the end
NOTE: LperAUS_FOXP2 (identical to Fatt_FOXP2) is ignored but added at the end
NOTE: Ohei_FOXP2 (identical to Fatt_FOXP2) is ignored but added at the end
NOTE: Pele_FOXP2 (identical to Fatt_FOXP2) is ignored but added at the end
NOTE: Scoe_FOXP2 (identical to Fatt_FOXP2) is ignored but added at the end
NOTE: Slon24923_FOXP2 (identical to Scly1726_FOXP2) is ignored but added at the end
NOTE: Tadu79924_FOXP2 (identical to Scly1726_FOXP2) is ignored but added at the end
Alignment was printed to FOXP2_GTR.uniqueseq.phy

For your convenience alignment with unique sequences printed to FOXP2_GTR.uniqueseq.phy

Create initial parsimony tree by phylogenetic likelihood library (PLL)... 0.002 seconds

NOTE: 2 MB RAM (0 GB) is required!
WARNING: Number of threads seems too high for short alignments. Use -T AUTO to determine best number of threads.
Estimate model parameters (epsilon = 0.100)
1. Initial log-likelihood: -4888.796
2. Current log-likelihood: -4350.718
3. Current log-likelihood: -4293.787
4. Current log-likelihood: -4293.364
5. Current log-likelihood: -4293.258
Optimal log-likelihood: -4293.104
Rate parameters:  A-C: 0.70918  A-G: 12.61118  A-T: 1.45791  C-G: 0.11594  C-T: 5.07734  G-T: 1.00000
Base frequencies:  A: 0.289  C: 0.273  G: 0.228  T: 0.210
Gamma shape alpha: 0.060
Parameters optimization took 5 rounds (0.753 sec)
Wrote distance file to... 
Computing ML distances based on estimated model parameters...
Calculating distance matrix: done in 0.0376431 secs using 399.4% CPU
Computing ML distances took 0.037986 sec (of wall-clock time) 0.150716 sec (of CPU time)
Setting up auxiliary I and S matrices: done in 0.00492769 secs using 204.1% CPU
Constructing RapidNJ tree: done in 0.190033 secs using 78.41% CPU
Computing RapidNJ tree took 0.195269 sec (of wall-clock time) 0.159122 sec (of CPU time)
Log-likelihood of RapidNJ tree: -3437.216
--------------------------------------------------------------------
|             INITIALIZING CANDIDATE TREE SET                      |
--------------------------------------------------------------------
Generating 98 parsimony trees... 0.393 second
Computing log-likelihood of 98 initial trees ... 2.019 seconds
Current best score: -3437.216

Do NNI search on 20 best initial trees
Optimizing NNI: done in 0.197422 secs using 397% CPU
Estimate model parameters (epsilon = 0.100)
BETTER TREE FOUND at iteration 1: -3421.314
Optimizing NNI: done in 1.45245 secs using 396.3% CPU
Optimizing NNI: done in 1.39163 secs using 365.8% CPU
Optimizing NNI: done in 1.12034 secs using 393.1% CPU
Optimizing NNI: done in 1.56507 secs using 369.8% CPU
Optimizing NNI: done in 1.5885 secs using 370.2% CPU
Optimizing NNI: done in 1.59018 secs using 396.7% CPU
Optimizing NNI: done in 1.32847 secs using 364.8% CPU
Optimizing NNI: done in 0.902527 secs using 394.5% CPU
Optimizing NNI: done in 1.50591 secs using 368.1% CPU
Iteration 10 / LogL: -4031.903 / Time: 0h:0m:16s
Optimizing NNI: done in 0.706046 secs using 391.5% CPU
Optimizing NNI: done in 2.38867 secs using 376.9% CPU
Optimizing NNI: done in 1.5429 secs using 368.5% CPU
Optimizing NNI: done in 1.17345 secs using 397.7% CPU
Optimizing NNI: done in 2.00533 secs using 371.8% CPU
Optimizing NNI: done in 1.17705 secs using 359.8% CPU
Optimizing NNI: done in 1.02505 secs using 394.8% CPU
Optimizing NNI: done in 2.0881 secs using 371.4% CPU
Optimizing NNI: done in 0.82389 secs using 396.9% CPU
Optimizing NNI: done in 1.11152 secs using 359.4% CPU
Iteration 20 / LogL: -4125.006 / Time: 0h:0m:30s
Finish initializing candidate tree set (20)
Current best tree score: -3421.314 / CPU time: 29.873
Number of iterations: 20
--------------------------------------------------------------------
|               OPTIMIZING CANDIDATE TREE SET                      |
--------------------------------------------------------------------
Optimizing NNI: done in 0.509195 secs using 395.4% CPU
Estimate model parameters (epsilon = 0.100)
BETTER TREE FOUND at iteration 21: -3420.769
Optimizing NNI: done in 0.317002 secs using 395.4% CPU
Optimizing NNI: done in 0.326326 secs using 394.9% CPU
Optimizing NNI: done in 0.357178 secs using 398.2% CPU
Optimizing NNI: done in 0.740271 secs using 332.2% CPU
BETTER TREE FOUND at iteration 25: -3420.767
Optimizing NNI: done in 0.221917 secs using 398.7% CPU
Optimizing NNI: done in 0.18402 secs using 395.2% CPU
Optimizing NNI: done in 0.26799 secs using 395.1% CPU
Optimizing NNI: done in 0.301749 secs using 393.4% CPU
Optimizing NNI: done in 0.268346 secs using 397.4% CPU
Iteration 30 / LogL: -3420.771 / Time: 0h:0m:34s (0h:1m:53s left)
Optimizing NNI: done in 0.355478 secs using 396.5% CPU
Optimizing NNI: done in 0.807179 secs using 345% CPU
Optimizing NNI: done in 0.236705 secs using 388.8% CPU
Optimizing NNI: done in 0.305669 secs using 395% CPU
Optimizing NNI: done in 0.273535 secs using 393.1% CPU
BETTER TREE FOUND at iteration 35: -3420.767
Optimizing NNI: done in 0.281954 secs using 398.2% CPU
Optimizing NNI: done in 0.246414 secs using 394.3% CPU
Optimizing NNI: done in 0.690183 secs using 324.3% CPU
Optimizing NNI: done in 0.210062 secs using 392.4% CPU
Optimizing NNI: done in 0.245649 secs using 396.4% CPU
Iteration 40 / LogL: -3448.408 / Time: 0h:0m:38s (0h:1m:33s left)
Optimizing NNI: done in 0.248312 secs using 396.2% CPU
Optimizing NNI: done in 0.438062 secs using 398.1% CPU
Optimizing NNI: done in 0.284518 secs using 397.9% CPU
BETTER TREE FOUND at iteration 43: -3420.764
Optimizing NNI: done in 0.243908 secs using 393.6% CPU
Optimizing NNI: done in 0.741399 secs using 326.6% CPU
Optimizing NNI: done in 0.335314 secs using 394% CPU
Optimizing NNI: done in 0.264273 secs using 393% CPU
Optimizing NNI: done in 0.273432 secs using 398.8% CPU
Optimizing NNI: done in 0.258993 secs using 391.1% CPU
Optimizing NNI: done in 0.26908 secs using 398.1% CPU
Iteration 50 / LogL: -3424.764 / Time: 0h:0m:41s (0h:1m:19s left)
Optimizing NNI: done in 0.277174 secs using 398.9% CPU
Optimizing NNI: done in 0.650032 secs using 334.5% CPU
Optimizing NNI: done in 0.272319 secs using 395.5% CPU
BETTER TREE FOUND at iteration 53: -3420.761
Optimizing NNI: done in 0.328456 secs using 397.7% CPU
Optimizing NNI: done in 0.316339 secs using 395.2% CPU
Estimate model parameters (epsilon = 0.100)
BETTER TREE FOUND at iteration 55: -3416.011
Optimizing NNI: done in 0.431075 secs using 393.1% CPU
Optimizing NNI: done in 0.360459 secs using 392.2% CPU
Optimizing NNI: done in 0.766775 secs using 334.4% CPU
Optimizing NNI: done in 0.227152 secs using 391.1% CPU
Optimizing NNI: done in 0.228824 secs using 397.8% CPU
Iteration 60 / LogL: -3416.013 / Time: 0h:0m:45s (0h:1m:13s left)
Optimizing NNI: done in 0.302019 secs using 396.8% CPU
Optimizing NNI: done in 0.241094 secs using 393.2% CPU
Optimizing NNI: done in 0.293168 secs using 394.4% CPU
Optimizing NNI: done in 0.834498 secs using 338.3% CPU
Optimizing NNI: done in 0.305331 secs using 398.8% CPU
Optimizing NNI: done in 0.405772 secs using 394.9% CPU
Optimizing NNI: done in 0.20963 secs using 394.8% CPU
Optimizing NNI: done in 0.277715 secs using 392.7% CPU
Optimizing NNI: done in 0.247742 secs using 394.3% CPU
Optimizing NNI: done in 0.310467 secs using 395.1% CPU
Iteration 70 / LogL: -3416.011 / Time: 0h:0m:49s (0h:1m:0s left)
Optimizing NNI: done in 0.635925 secs using 328.9% CPU
Optimizing NNI: done in 0.284096 secs using 397.1% CPU
Optimizing NNI: done in 0.24606 secs using 396.1% CPU
Optimizing NNI: done in 0.295891 secs using 396.8% CPU
BETTER TREE FOUND at iteration 74: -3416.010
Optimizing NNI: done in 0.270335 secs using 400.8% CPU
Optimizing NNI: done in 0.229872 secs using 396.3% CPU
Optimizing NNI: done in 0.347272 secs using 392.3% CPU
Optimizing NNI: done in 0.692188 secs using 334.9% CPU
Optimizing NNI: done in 0.238511 secs using 398.2% CPU
Optimizing NNI: done in 0.52172 secs using 396.1% CPU
Iteration 80 / LogL: -3420.052 / Time: 0h:0m:53s (0h:1m:3s left)
Optimizing NNI: done in 0.23003 secs using 397.7% CPU
Optimizing NNI: done in 0.269692 secs using 397% CPU
Optimizing NNI: done in 0.247192 secs using 393.7% CPU
Optimizing NNI: done in 0.730941 secs using 331% CPU
Optimizing NNI: done in 0.209156 secs using 389.8% CPU
Optimizing NNI: done in 0.400815 secs using 397.2% CPU
Optimizing NNI: done in 0.301849 secs using 398.1% CPU
Optimizing NNI: done in 0.360907 secs using 395.2% CPU
Optimizing NNI: done in 0.334265 secs using 397.3% CPU
Optimizing NNI: done in 0.674759 secs using 323.3% CPU
Iteration 90 / LogL: -3416.011 / Time: 0h:0m:56s (0h:0m:53s left)
Optimizing NNI: done in 0.276108 secs using 392.8% CPU
Optimizing NNI: done in 0.333155 secs using 397.2% CPU
Optimizing NNI: done in 0.237894 secs using 393.3% CPU
Optimizing NNI: done in 0.202227 secs using 397.4% CPU
Optimizing NNI: done in 0.347581 secs using 390% CPU
Optimizing NNI: done in 0.233814 secs using 398.2% CPU
Optimizing NNI: done in 0.847871 secs using 339.5% CPU
Optimizing NNI: done in 0.270703 secs using 396.8% CPU
Optimizing NNI: done in 0.272636 secs using 395.1% CPU
Optimizing NNI: done in 0.272316 secs using 394.5% CPU
Iteration 100 / LogL: -3421.581 / Time: 0h:1m:0s (0h:0m:45s left)
Optimizing NNI: done in 0.415371 secs using 396.8% CPU
Optimizing NNI: done in 0.268005 secs using 394% CPU
BETTER TREE FOUND at iteration 102: -3416.008
Optimizing NNI: done in 0.718468 secs using 338.1% CPU
Optimizing NNI: done in 0.285599 secs using 395.4% CPU
Optimizing NNI: done in 0.317329 secs using 395.6% CPU
BETTER TREE FOUND at iteration 105: -3416.008
Optimizing NNI: done in 0.286482 secs using 396.5% CPU
Optimizing NNI: done in 0.320441 secs using 389.8% CPU
BETTER TREE FOUND at iteration 107: -3416.007
Optimizing NNI: done in 0.244732 secs using 395.3% CPU
Optimizing NNI: done in 0.278891 secs using 396.2% CPU
Optimizing NNI: done in 0.624215 secs using 316% CPU
Iteration 110 / LogL: -3416.012 / Time: 0h:1m:4s (0h:0m:57s left)
Optimizing NNI: done in 0.169708 secs using 398.7% CPU
Optimizing NNI: done in 0.213639 secs using 393.8% CPU
Optimizing NNI: done in 0.27309 secs using 390.9% CPU
BETTER TREE FOUND at iteration 113: -3416.006
Optimizing NNI: done in 0.268652 secs using 398.5% CPU
Optimizing NNI: done in 0.336473 secs using 396.6% CPU
Optimizing NNI: done in 0.316734 secs using 392.3% CPU
Optimizing NNI: done in 0.262201 secs using 396% CPU
Optimizing NNI: done in 0.736808 secs using 330.5% CPU
Optimizing NNI: done in 0.26933 secs using 392.9% CPU
Optimizing NNI: done in 0.313949 secs using 397.6% CPU
Estimate model parameters (epsilon = 0.100)
BETTER TREE FOUND at iteration 120: -3411.650
Iteration 120 / LogL: -3411.650 / Time: 0h:1m:7s (0h:0m:56s left)
Optimizing NNI: done in 0.236977 secs using 392.7% CPU
Optimizing NNI: done in 0.363048 secs using 396.6% CPU
Optimizing NNI: done in 0.340374 secs using 397.7% CPU
Optimizing NNI: done in 0.606624 secs using 312.1% CPU
Optimizing NNI: done in 0.246825 secs using 394.1% CPU
Optimizing NNI: done in 0.368088 secs using 395% CPU
Optimizing NNI: done in 0.375583 secs using 394.4% CPU
Optimizing NNI: done in 0.352185 secs using 394.9% CPU
Optimizing NNI: done in 0.226106 secs using 389.5% CPU
BETTER TREE FOUND at iteration 129: -3411.649
Optimizing NNI: done in 0.660084 secs using 325.1% CPU
Iteration 130 / LogL: -3411.656 / Time: 0h:1m:11s (0h:0m:54s left)
Optimizing NNI: done in 0.24785 secs using 393.1% CPU
Optimizing NNI: done in 0.219445 secs using 394.9% CPU
Optimizing NNI: done in 0.385593 secs using 397.2% CPU
Optimizing NNI: done in 0.253442 secs using 394.6% CPU
Optimizing NNI: done in 0.291587 secs using 398.2% CPU
Optimizing NNI: done in 0.355146 secs using 396.8% CPU
BETTER TREE FOUND at iteration 136: -3411.648
Optimizing NNI: done in 0.743773 secs using 340.4% CPU
Optimizing NNI: done in 0.260857 secs using 396.8% CPU
Optimizing NNI: done in 0.505645 secs using 397.8% CPU
Optimizing NNI: done in 0.333451 secs using 394.2% CPU
Iteration 140 / LogL: -3415.829 / Time: 0h:1m:15s (0h:0m:51s left)
Optimizing NNI: done in 0.245213 secs using 393.4% CPU
Optimizing NNI: done in 0.189096 secs using 390% CPU
Optimizing NNI: done in 0.798498 secs using 320.3% CPU
Optimizing NNI: done in 0.281786 secs using 392.9% CPU
Optimizing NNI: done in 0.188808 secs using 390.2% CPU
Optimizing NNI: done in 0.320202 secs using 392.6% CPU
Optimizing NNI: done in 0.337271 secs using 396.1% CPU
Optimizing NNI: done in 0.369317 secs using 394.1% CPU
Optimizing NNI: done in 0.294255 secs using 394.3% CPU
Optimizing NNI: done in 0.725325 secs using 335.4% CPU
Iteration 150 / LogL: -3411.652 / Time: 0h:1m:18s (0h:0m:45s left)
Optimizing NNI: done in 0.375799 secs using 398.3% CPU
Optimizing NNI: done in 0.431415 secs using 395.7% CPU
Optimizing NNI: done in 0.367695 secs using 398.6% CPU
BETTER TREE FOUND at iteration 153: -3411.648
Optimizing NNI: done in 0.267937 secs using 394% CPU
Optimizing NNI: done in 0.700757 secs using 292.2% CPU
Optimizing NNI: done in 0.291401 secs using 396.5% CPU
Optimizing NNI: done in 0.292837 secs using 395.6% CPU
Optimizing NNI: done in 0.40868 secs using 396.7% CPU
Optimizing NNI: done in 0.30249 secs using 394.7% CPU
Optimizing NNI: done in 0.296101 secs using 388.7% CPU
Iteration 160 / LogL: -3411.651 / Time: 0h:1m:22s (0h:0m:48s left)
Optimizing NNI: done in 0.238997 secs using 398.3% CPU
Optimizing NNI: done in 0.660502 secs using 317.7% CPU
Optimizing NNI: done in 0.312023 secs using 396.8% CPU
Optimizing NNI: done in 0.244559 secs using 393.5% CPU
Optimizing NNI: done in 0.310841 secs using 396.2% CPU
Optimizing NNI: done in 0.423565 secs using 387.5% CPU
Optimizing NNI: done in 0.306406 secs using 395.3% CPU
Optimizing NNI: done in 0.666586 secs using 313.9% CPU
Optimizing NNI: done in 0.34666 secs using 396% CPU
Optimizing NNI: done in 0.231873 secs using 393.6% CPU
Iteration 170 / LogL: -3417.436 / Time: 0h:1m:26s (0h:0m:42s left)
Optimizing NNI: done in 0.283804 secs using 393.5% CPU
Optimizing NNI: done in 0.371717 secs using 397.8% CPU
Optimizing NNI: done in 0.279255 secs using 395.8% CPU
Optimizing NNI: done in 0.653522 secs using 337.7% CPU
Optimizing NNI: done in 0.286468 secs using 391.5% CPU
Optimizing NNI: done in 0.315836 secs using 395.6% CPU
BETTER TREE FOUND at iteration 176: -3411.646
Optimizing NNI: done in 0.372113 secs using 397.4% CPU
Optimizing NNI: done in 0.31687 secs using 397.9% CPU
Optimizing NNI: done in 0.174143 secs using 399.2% CPU
Optimizing NNI: done in 0.405631 secs using 395.3% CPU
Iteration 180 / LogL: -3411.656 / Time: 0h:1m:29s (0h:0m:48s left)
Optimizing NNI: done in 0.79627 secs using 333.4% CPU
Optimizing NNI: done in 0.466676 secs using 395.3% CPU
Optimizing NNI: done in 0.264 secs using 396.5% CPU
Optimizing NNI: done in 0.187022 secs using 391.8% CPU
Optimizing NNI: done in 0.291593 secs using 393% CPU
Optimizing NNI: done in 0.279304 secs using 394.6% CPU
Optimizing NNI: done in 0.798708 secs using 343.1% CPU
Optimizing NNI: done in 0.43048 secs using 398.4% CPU
Optimizing NNI: done in 0.25724 secs using 390.4% CPU
Optimizing NNI: done in 0.375792 secs using 394.9% CPU
Iteration 190 / LogL: -3411.649 / Time: 0h:1m:34s (0h:0m:42s left)
Optimizing NNI: done in 0.470907 secs using 394.6% CPU
Optimizing NNI: done in 0.680234 secs using 316.8% CPU
Optimizing NNI: done in 0.284096 secs using 396.4% CPU
Optimizing NNI: done in 0.277776 secs using 394.9% CPU
Optimizing NNI: done in 0.392979 secs using 387.8% CPU
Optimizing NNI: done in 0.233118 secs using 397.1% CPU
Optimizing NNI: done in 0.310486 secs using 393.7% CPU
Optimizing NNI: done in 0.297718 secs using 393.4% CPU
Optimizing NNI: done in 0.60904 secs using 326.2% CPU
Optimizing NNI: done in 0.237194 secs using 395.4% CPU
Iteration 200 / LogL: -3411.654 / Time: 0h:1m:38s (0h:0m:37s left)
Optimizing NNI: done in 0.311904 secs using 396.6% CPU
Optimizing NNI: done in 0.448899 secs using 397.7% CPU
Optimizing NNI: done in 0.234011 secs using 391.3% CPU
Optimizing NNI: done in 0.271131 secs using 397.2% CPU
Optimizing NNI: done in 0.179701 secs using 399.8% CPU
Optimizing NNI: done in 0.660059 secs using 331.5% CPU
Optimizing NNI: done in 0.218964 secs using 395.7% CPU
Optimizing NNI: done in 0.223022 secs using 390.7% CPU
Optimizing NNI: done in 0.347975 secs using 394.8% CPU
Optimizing NNI: done in 0.290895 secs using 393.1% CPU
Iteration 210 / LogL: -3411.648 / Time: 0h:1m:41s (0h:0m:31s left)
Optimizing NNI: done in 0.426672 secs using 398.4% CPU
Optimizing NNI: done in 0.219957 secs using 391.2% CPU
Optimizing NNI: done in 0.710104 secs using 336% CPU
Optimizing NNI: done in 0.290312 secs using 396.5% CPU
Optimizing NNI: done in 0.272077 secs using 397.8% CPU
Optimizing NNI: done in 0.231354 secs using 395.2% CPU
Optimizing NNI: done in 0.283826 secs using 395.5% CPU
Optimizing NNI: done in 0.244982 secs using 397.9% CPU
Optimizing NNI: done in 0.228832 secs using 396.9% CPU
Optimizing NNI: done in 0.617461 secs using 331% CPU
Iteration 220 / LogL: -3411.649 / Time: 0h:1m:44s (0h:0m:26s left)
Optimizing NNI: done in 0.330963 secs using 397.6% CPU
Optimizing NNI: done in 0.299831 secs using 399.6% CPU
Optimizing NNI: done in 0.216264 secs using 395.6% CPU
Optimizing NNI: done in 0.279809 secs using 394.6% CPU
Optimizing NNI: done in 0.357188 secs using 397.4% CPU
Optimizing NNI: done in 0.299018 secs using 379% CPU
Optimizing NNI: done in 0.71309 secs using 336.2% CPU
Optimizing NNI: done in 0.323444 secs using 396% CPU
Optimizing NNI: done in 0.283829 secs using 399.5% CPU
Optimizing NNI: done in 0.285432 secs using 395.9% CPU
Iteration 230 / LogL: -3411.651 / Time: 0h:1m:48s (0h:0m:21s left)
Optimizing NNI: done in 0.291478 secs using 390.8% CPU
Optimizing NNI: done in 0.24325 secs using 396.9% CPU
Optimizing NNI: done in 0.804797 secs using 344.6% CPU
Optimizing NNI: done in 0.293187 secs using 398.6% CPU
Optimizing NNI: done in 0.338898 secs using 394% CPU
Optimizing NNI: done in 0.220388 secs using 395.7% CPU
Optimizing NNI: done in 0.402408 secs using 395.7% CPU
Optimizing NNI: done in 0.270911 secs using 398% CPU
Optimizing NNI: done in 0.232499 secs using 393.4% CPU
Optimizing NNI: done in 0.671333 secs using 331.4% CPU
Iteration 240 / LogL: -3411.650 / Time: 0h:1m:52s (0h:0m:16s left)
Optimizing NNI: done in 0.300109 secs using 395.5% CPU
Optimizing NNI: done in 0.173353 secs using 394.5% CPU
Optimizing NNI: done in 0.37369 secs using 391.2% CPU
Optimizing NNI: done in 0.296159 secs using 390.3% CPU
Optimizing NNI: done in 0.22803 secs using 397.5% CPU
Optimizing NNI: done in 0.275583 secs using 394% CPU
Optimizing NNI: done in 0.731407 secs using 324.7% CPU
Optimizing NNI: done in 0.196939 secs using 395.8% CPU
Optimizing NNI: done in 0.295532 secs using 394.9% CPU
Optimizing NNI: done in 0.400207 secs using 393.1% CPU
Iteration 250 / LogL: -3411.650 / Time: 0h:1m:55s (0h:0m:12s left)
Optimizing NNI: done in 0.421542 secs using 396% CPU
Optimizing NNI: done in 1.05795 secs using 349.9% CPU
Optimizing NNI: done in 0.342609 secs using 396% CPU
Optimizing NNI: done in 0.292404 secs using 390.7% CPU
BETTER TREE FOUND at iteration 254: -3411.645
Optimizing NNI: done in 0.344159 secs using 396% CPU
Optimizing NNI: done in 0.334538 secs using 393.6% CPU
Optimizing NNI: done in 0.364765 secs using 396.9% CPU
Optimizing NNI: done in 0.64181 secs using 331.2% CPU
Optimizing NNI: done in 0.22426 secs using 394.6% CPU
Optimizing NNI: done in 0.362999 secs using 396.2% CPU
Iteration 260 / LogL: -3421.140 / Time: 0h:2m:0s (0h:0m:43s left)
Optimizing NNI: done in 0.212156 secs using 393.6% CPU
Optimizing NNI: done in 0.298246 secs using 396.5% CPU
Optimizing NNI: done in 0.286571 secs using 393.8% CPU
BETTER TREE FOUND at iteration 263: -3411.645
Optimizing NNI: done in 0.786468 secs using 333.9% CPU
Optimizing NNI: done in 0.279766 secs using 396.6% CPU
Optimizing NNI: done in 0.286654 secs using 395.9% CPU
Optimizing NNI: done in 0.280872 secs using 391.2% CPU
Optimizing NNI: done in 0.389541 secs using 398.4% CPU
Optimizing NNI: done in 0.353033 secs using 396.4% CPU
Optimizing NNI: done in 0.744834 secs using 340.6% CPU
Iteration 270 / LogL: -3411.646 / Time: 0h:2m:4s (0h:0m:42s left)
Optimizing NNI: done in 0.240564 secs using 395.6% CPU
Optimizing NNI: done in 0.335882 secs using 393.8% CPU
Optimizing NNI: done in 0.319488 secs using 395.9% CPU
Optimizing NNI: done in 0.204405 secs using 393% CPU
Optimizing NNI: done in 0.168152 secs using 393.8% CPU
Optimizing NNI: done in 0.459898 secs using 394% CPU
Optimizing NNI: done in 0.587924 secs using 319.3% CPU
BETTER TREE FOUND at iteration 277: -3411.645
Optimizing NNI: done in 0.292869 secs using 398.2% CPU
Optimizing NNI: done in 0.352371 secs using 396.7% CPU
Optimizing NNI: done in 0.357829 secs using 394.7% CPU
Iteration 280 / LogL: -3411.649 / Time: 0h:2m:7s (0h:0m:44s left)
Optimizing NNI: done in 0.302034 secs using 398.4% CPU
Optimizing NNI: done in 0.290663 secs using 395.1% CPU
Optimizing NNI: done in 0.224073 secs using 395.5% CPU
Optimizing NNI: done in 0.672914 secs using 331% CPU
Optimizing NNI: done in 0.215215 secs using 395% CPU
Optimizing NNI: done in 0.414342 secs using 397.7% CPU
Optimizing NNI: done in 0.273532 secs using 394.8% CPU
Optimizing NNI: done in 0.242709 secs using 397.7% CPU
Optimizing NNI: done in 0.356915 secs using 395.4% CPU
Optimizing NNI: done in 0.289923 secs using 391% CPU
Iteration 290 / LogL: -3411.650 / Time: 0h:2m:10s (0h:0m:39s left)
Optimizing NNI: done in 0.730807 secs using 334.9% CPU
Optimizing NNI: done in 0.399082 secs using 397.4% CPU
Optimizing NNI: done in 0.253146 secs using 397.6% CPU
Optimizing NNI: done in 0.338718 secs using 391.1% CPU
Optimizing NNI: done in 0.371965 secs using 394.9% CPU
Optimizing NNI: done in 0.687251 secs using 328.8% CPU
Optimizing NNI: done in 0.349476 secs using 394.7% CPU
Optimizing NNI: done in 0.267631 secs using 398.3% CPU
Optimizing NNI: done in 0.27752 secs using 399.2% CPU
Optimizing NNI: done in 0.290346 secs using 398.6% CPU
Iteration 300 / LogL: -3411.645 / Time: 0h:2m:14s (0h:0m:34s left)
Optimizing NNI: done in 0.317981 secs using 386.3% CPU
Optimizing NNI: done in 0.329125 secs using 398.4% CPU
Optimizing NNI: done in 0.858269 secs using 336.2% CPU
Optimizing NNI: done in 0.367912 secs using 393.9% CPU
Optimizing NNI: done in 0.335999 secs using 395% CPU
Optimizing NNI: done in 0.378295 secs using 395.5% CPU
Optimizing NNI: done in 0.326863 secs using 393.5% CPU
Optimizing NNI: done in 0.660821 secs using 317.9% CPU
Optimizing NNI: done in 0.394837 secs using 396.2% CPU
Optimizing NNI: done in 0.315046 secs using 393.9% CPU
Iteration 310 / LogL: -3415.682 / Time: 0h:2m:19s (0h:0m:30s left)
Optimizing NNI: done in 0.234024 secs using 393.4% CPU
Optimizing NNI: done in 0.292225 secs using 394.1% CPU
Optimizing NNI: done in 0.287965 secs using 396.5% CPU
Optimizing NNI: done in 0.273844 secs using 398.5% CPU
Optimizing NNI: done in 0.666016 secs using 332.5% CPU
Optimizing NNI: done in 0.287005 secs using 400.6% CPU
Optimizing NNI: done in 0.330309 secs using 397.2% CPU
Optimizing NNI: done in 0.278337 secs using 396.6% CPU
Optimizing NNI: done in 0.286447 secs using 396.6% CPU
Optimizing NNI: done in 0.341094 secs using 393.8% CPU
Iteration 320 / LogL: -3417.392 / Time: 0h:2m:22s (0h:0m:25s left)
Optimizing NNI: done in 0.688917 secs using 339.7% CPU
Optimizing NNI: done in 0.238493 secs using 394.4% CPU
Optimizing NNI: done in 0.208709 secs using 394.8% CPU
Optimizing NNI: done in 0.169891 secs using 398.7% CPU
Optimizing NNI: done in 0.28835 secs using 396.3% CPU
Optimizing NNI: done in 0.274615 secs using 396.2% CPU
Optimizing NNI: done in 0.342695 secs using 378.4% CPU
Optimizing NNI: done in 0.292823 secs using 395.6% CPU
Optimizing NNI: done in 0.676955 secs using 335.4% CPU
Optimizing NNI: done in 0.324294 secs using 397.5% CPU
Iteration 330 / LogL: -3411.649 / Time: 0h:2m:26s (0h:0m:20s left)
Optimizing NNI: done in 0.398049 secs using 385.1% CPU
Optimizing NNI: done in 0.388643 secs using 397.2% CPU
Optimizing NNI: done in 0.264312 secs using 396.3% CPU
Optimizing NNI: done in 0.246877 secs using 394.3% CPU
Optimizing NNI: done in 0.745253 secs using 322.5% CPU
Optimizing NNI: done in 0.37731 secs using 396.5% CPU
Optimizing NNI: done in 0.266994 secs using 395.8% CPU
Optimizing NNI: done in 0.294914 secs using 393.5% CPU
Optimizing NNI: done in 0.362874 secs using 396% CPU
Optimizing NNI: done in 0.817307 secs using 343.4% CPU
Iteration 340 / LogL: -3411.647 / Time: 0h:2m:30s (0h:0m:16s left)
Optimizing NNI: done in 0.387059 secs using 396.9% CPU
Optimizing NNI: done in 0.277439 secs using 397.8% CPU
Optimizing NNI: done in 0.357072 secs using 398.6% CPU
Optimizing NNI: done in 0.275174 secs using 394.8% CPU
Optimizing NNI: done in 0.329981 secs using 394.4% CPU
Optimizing NNI: done in 0.244156 secs using 395.5% CPU
Optimizing NNI: done in 0.711438 secs using 329.9% CPU
Optimizing NNI: done in 0.261616 secs using 397.6% CPU
Optimizing NNI: done in 0.263032 secs using 389.7% CPU
Optimizing NNI: done in 0.396597 secs using 394.2% CPU
Iteration 350 / LogL: -3411.653 / Time: 0h:2m:33s (0h:0m:11s left)
Optimizing NNI: done in 0.324121 secs using 396.5% CPU
Optimizing NNI: done in 0.268026 secs using 396.2% CPU
Optimizing NNI: done in 0.65187 secs using 319.2% CPU
Optimizing NNI: done in 0.330311 secs using 397.7% CPU
Optimizing NNI: done in 0.301921 secs using 383.7% CPU
Optimizing NNI: done in 0.452959 secs using 396.9% CPU
Optimizing NNI: done in 0.42235 secs using 396.1% CPU
Optimizing NNI: done in 0.25174 secs using 398.5% CPU
Optimizing NNI: done in 0.687363 secs using 332.4% CPU
Optimizing NNI: done in 0.336758 secs using 395% CPU
Iteration 360 / LogL: -3411.650 / Time: 0h:2m:37s (0h:0m:7s left)
Optimizing NNI: done in 0.276268 secs using 397.5% CPU
Optimizing NNI: done in 0.304659 secs using 397.3% CPU
Optimizing NNI: done in 0.338898 secs using 393% CPU
Optimizing NNI: done in 0.340396 secs using 396.3% CPU
Optimizing NNI: done in 0.328067 secs using 378.9% CPU
Optimizing NNI: done in 0.552199 secs using 337.1% CPU
Optimizing NNI: done in 0.361914 secs using 397.8% CPU
Optimizing NNI: done in 0.345541 secs using 393.4% CPU
Optimizing NNI: done in 0.354645 secs using 394.8% CPU
Optimizing NNI: done in 0.276478 secs using 394.3% CPU
Iteration 370 / LogL: -3411.645 / Time: 0h:2m:41s (0h:0m:3s left)
Optimizing NNI: done in 0.282925 secs using 394.8% CPU
Optimizing NNI: done in 0.76033 secs using 336.2% CPU
Optimizing NNI: done in 0.369905 secs using 395.9% CPU
Optimizing NNI: done in 0.461168 secs using 395.8% CPU
Optimizing NNI: done in 0.376051 secs using 394.7% CPU
Optimizing NNI: done in 0.41834 secs using 397.8% CPU
Optimizing NNI: done in 0.762634 secs using 341.7% CPU
Optimizing NNI: done in 0.254324 secs using 391.2% CPU
TREE SEARCH COMPLETED AFTER 378 ITERATIONS / Time: 0h:2m:45s

--------------------------------------------------------------------
|                    FINALIZING TREE SEARCH                        |
--------------------------------------------------------------------
Performs final model parameters optimization
Estimate model parameters (epsilon = 0.010)
1. Initial log-likelihood: -3411.645
Optimal log-likelihood: -3411.642
Rate parameters:  A-C: 1.25259  A-G: 6.68756  A-T: 0.63838  C-G: 0.33578  C-T: 5.91280  G-T: 1.00000
Base frequencies:  A: 0.289  C: 0.273  G: 0.228  T: 0.210
Gamma shape alpha: 0.020
Parameters optimization took 1 rounds (0.103 sec)
BEST SCORE FOUND : -3411.642
Total tree length: 0.139

Total number of iterations: 378
CPU time used for tree search: 611.441 sec (0h:10m:11s)
Wall-clock time used for tree search: 164.151 sec (0h:2m:44s)
Total CPU time used: 615.446 sec (0h:10m:15s)
Total wall-clock time used: 165.370 sec (0h:2m:45s)

Analysis results written to: 
  IQ-TREE report:                FOXP2_GTR.iqtree
  Maximum-likelihood tree:       FOXP2_GTR.treefile
  Likelihood distances:          FOXP2_GTR.mldist
  Screen log file:               FOXP2_GTR.log

Date and Time: Mon Jan 29 17:48:47 2024
