IQ-TREE multicore version 2.2.0-beta COVID-edition for Linux 64-bit built Dec 21 2021 built Dec 21 2021
Developed by Bui Quang Minh, James Barbetti, Nguyen Lam Tung,
Olga Chernomor, Heiko Schmidt, Dominik Schrempf, Michael Woodhams, Ly Trong Nhan.

Host:    awarnach21 (AVX2, FMA3, 251 GB RAM)
Command: iqtree -s codon_align_fasta/MYH2_codon_aligned.phy.fasta -st CODON -m TEST -pre MYH2 -nt 4
Seed:    822357 (Using SPRNG - Scalable Parallel Random Number Generator)
Time:    Fri May 24 21:22:58 2024
Kernel:  AVX+FMA - 4 threads (36 CPU cores detected)

Reading alignment file codon_align_fasta/MYH2_codon_aligned.phy.fasta ... Fasta format detected
Reading fasta file: done in 0.00203268 secs
Alignment most likely contains DNA/RNA sequences
Converting to codon sequences with genetic code  ...
Constructing alignment: done in 0.00128991 secs
Alignment has 26 sequences with 773 columns, 532 distinct patterns
107 parsimony-informative, 73 singleton sites, 593 constant sites
      Gap/Ambiguity  Composition  p-value
Analyzing sequences: done in 2.62093e-05 secs using 95.39% CPU
   1  Bbon   22.25%    passed    100.00%
   2  Bmus    6.73%    passed    100.00%
   3  Ccom   27.17%    passed    100.00%
   4  Chea   26.78%    passed    100.00%
   5  Cmar   19.40%    passed    100.00%
   6  Erob   18.37%    passed    100.00%
   7  Hamp   11.13%    passed    100.00%
   8  Igeo   49.03%    passed    100.00%
   9  Kbre   35.06%    passed    100.00%
  10  Ksim   16.82%    passed    100.00%
  11  Laus   20.96%    passed    100.00%
  12  Lbor   28.98%    passed    100.00%
  13  Meur   16.17%    passed    100.00%
  14  Mgin   39.59%    passed     97.68%
  15  Npho    0.00%    passed    100.00%
  16  Obre   16.17%    passed    100.00%
  17  Ohei   23.80%    passed    100.00%
  18  Pbla   24.19%    passed    100.00%
  19  Pcra   23.03%    passed    100.00%
  20  Pmac    7.50%    passed    100.00%
  21  Ppho   13.58%    passed    100.00%
  22  Pspi   45.28%    passed     97.31%
  23  Schi   25.74%    passed    100.00%
  24  Sflu   18.89%    passed    100.00%
  25  Tadu   30.01%    passed    100.00%
  26  Zcav   22.64%    passed    100.00%
****  TOTAL   22.66%  0 sequences failed composition chi2 test (p-value<5%; df=60)
Checking for duplicate sequences: done in 0.000130882 secs using 99.33% CPU

Creating fast initial parsimony tree by random order stepwise addition...
0.003 seconds, parsimony score: 333 (based on 180 sites)
Perform fast likelihood tree search using GY+F3X4+I+G model...
Estimate model parameters (epsilon = 5.000)
Perform nearest neighbor interchange...
Optimizing NNI: done in 0.549082 secs using 400% CPU
Estimate model parameters (epsilon = 1.000)
1. Initial log-likelihood: -5298.809
Optimal log-likelihood: -5297.986
Nonsynonymous/synonymous ratio (omega): 0.096
Transition/transversion ratio (kappa): 2.150
Proportion of invariable sites: 0.305
Gamma shape alpha: 0.282
Parameters optimization took 1 rounds (0.865 sec)
Time for fast ML tree search: 6.934 seconds

NOTE: ModelFinder requires 28 MB RAM!
ModelFinder will test up to 60 codon models (sample size: 773) ...
 No. Model         -LnL         df  AIC          AICc         BIC
  1  GY+F3X4       5456.721     60  11033.442    11043.723    11312.459
  2  GY+F3X4+I     5293.573     61  10709.146    10719.785    10992.814
  3  GY+F3X4+G4    5276.770     61  10675.540    10686.179    10959.207
  4  GY+F3X4+I+G4  5263.407     62  10650.814    10661.817    10939.132
  8  GY+F1X4+I+G4  5458.271     56  11028.542    11037.458    11288.958
 12  GY+F+I+G4     5131.222     113 10488.445    10527.541    11013.926
 16  MGK+F3X4+I+G4 5202.129     62  10528.259    10539.262    10816.576
 20  MGK+F1X4+I+G4 5442.706     56  10997.412    11006.329    11257.828
 24  MG+F3X4+I+G4  5202.089     61  10526.178    10536.816    10809.845
 28  MG+F1X4+I+G4  5444.843     55  10999.685    11008.276    11255.450
 32  KOSI07+F3X4+I+G4 5225.350     60  10570.700    10580.981    10849.717
 36  KOSI07+F1X4+I+G4 5473.334     54  11054.667    11062.940    11305.782
 40  KOSI07+F+I+G4 5063.141     111 10348.282    10385.897    10864.463
 44  KOSI07+FU+I+G4 5350.661     51  10803.322    10810.678    11040.486
 48  SCHN05+F3X4+I+G4 5249.581     60  10619.162    10629.443    10898.179
 52  SCHN05+F1X4+I+G4 5519.202     54  11146.403    11154.676    11397.518
 56  SCHN05+F+I+G4 5080.004     111 10382.009    10419.624    10898.190
 60  SCHN05+FU+I+G4 5336.372     51  10774.745    10782.101    11011.909
Akaike Information Criterion:           KOSI07+F+I+G4
Corrected Akaike Information Criterion: KOSI07+F+I+G4
Bayesian Information Criterion:         MG+F3X4+I+G4
Best-fit model: MG+F3X4+I+G4 chosen according to BIC

All model information printed to MYH2.model.gz
CPU time for ModelFinder: 197.055 seconds (0h:3m:17s)
Wall-clock time for ModelFinder: 51.110 seconds (0h:0m:51s)
WARNING: States(s) TTA rarely appear in alignment and may cause numerical problems

NOTE: 29 MB RAM (0 GB) is required!
Estimate model parameters (epsilon = 0.100)
Thoroughly optimizing +I+G parameters from 10 start values...
Init pinv, alpha: 0.000, 0.418 / Estimate: 0.000, 0.231 / LogL: -5210.219
Init pinv, alpha: 0.085, 0.418 / Estimate: 0.089, 0.267 / LogL: -5207.712
Init pinv, alpha: 0.170, 0.418 / Estimate: 0.176, 0.312 / LogL: -5205.406
Init pinv, alpha: 0.256, 0.418 / Estimate: 0.262, 0.373 / LogL: -5203.287
Init pinv, alpha: 0.341, 0.418 / Estimate: 0.346, 0.455 / LogL: -5201.395
Init pinv, alpha: 0.426, 0.418 / Estimate: 0.428, 0.574 / LogL: -5199.863
Init pinv, alpha: 0.511, 0.418 / Estimate: 0.507, 0.754 / LogL: -5199.028
Init pinv, alpha: 0.597, 0.418 / Estimate: 0.574, 0.993 / LogL: -5199.699
Init pinv, alpha: 0.682, 0.418 / Estimate: 0.620, 1.137 / LogL: -5203.910
Init pinv, alpha: 0.767, 0.418 / Estimate: 0.654, 1.066 / LogL: -5216.720
Optimal pinv,alpha: 0.507, 0.754 / LogL: -5199.028

Parameters optimization took 28.123 sec
Wrote distance file to... 
Computing ML distances based on estimated model parameters...
Calculating distance matrix: done in 0.722157 secs using 399.2% CPU
Computing ML distances took 0.722339 sec (of wall-clock time) 2.882705 sec (of CPU time)
Setting up auxiliary I and S matrices: done in 0.000278752 secs using 313.2% CPU
Constructing RapidNJ tree: done in 0.00593195 secs using 281.7% CPU
Computing RapidNJ tree took 0.006286 sec (of wall-clock time) 0.018075 sec (of CPU time)
Log-likelihood of RapidNJ tree: -5240.364
--------------------------------------------------------------------
|             INITIALIZING CANDIDATE TREE SET                      |
--------------------------------------------------------------------
Generating 98 parsimony trees... 0.107 second
Computing log-likelihood of 98 initial trees ... 16.502 seconds
Current best score: -5199.028

Do NNI search on 20 best initial trees
Optimizing NNI: done in 0.948039 secs using 397.8% CPU
Estimate model parameters (epsilon = 0.100)
BETTER TREE FOUND at iteration 1: -5195.262
Optimizing NNI: done in 0.541836 secs using 398.9% CPU
Optimizing NNI: done in 1.00574 secs using 397.7% CPU
Optimizing NNI: done in 0.949703 secs using 399.1% CPU
Optimizing NNI: done in 0.910259 secs using 398.2% CPU
Optimizing NNI: done in 0.538838 secs using 399.1% CPU
Optimizing NNI: done in 0.560234 secs using 398.4% CPU
Optimizing NNI: done in 0.560382 secs using 399.1% CPU
Optimizing NNI: done in 0.924549 secs using 397.7% CPU
Optimizing NNI: done in 1.16585 secs using 398.4% CPU
Iteration 10 / LogL: -5229.783 / Time: 0h:0m:55s
Optimizing NNI: done in 0.563608 secs using 399.4% CPU
Optimizing NNI: done in 0.94073 secs using 398.2% CPU
Optimizing NNI: done in 0.564697 secs using 397.3% CPU
Optimizing NNI: done in 0.92256 secs using 397.3% CPU
Optimizing NNI: done in 0.564994 secs using 400.2% CPU
Optimizing NNI: done in 0.96784 secs using 397.9% CPU
Optimizing NNI: done in 0.937602 secs using 397.6% CPU
Optimizing NNI: done in 0.561495 secs using 398.3% CPU
Optimizing NNI: done in 0.545247 secs using 397.2% CPU
Optimizing NNI: done in 0.948619 secs using 398.1% CPU
Iteration 20 / LogL: -5229.424 / Time: 0h:1m:3s
Finish initializing candidate tree set (20)
Current best tree score: -5195.262 / CPU time: 34.661
Number of iterations: 20
--------------------------------------------------------------------
|               OPTIMIZING CANDIDATE TREE SET                      |
--------------------------------------------------------------------
Optimizing NNI: done in 1.4902 secs using 397.7% CPU
Optimizing NNI: done in 1.89719 secs using 398.5% CPU
Optimizing NNI: done in 1.12121 secs using 399.3% CPU
Optimizing NNI: done in 1.82335 secs using 398% CPU
Optimizing NNI: done in 1.32644 secs using 397.8% CPU
Optimizing NNI: done in 1.32002 secs using 398.5% CPU
Optimizing NNI: done in 1.08173 secs using 399.1% CPU
Optimizing NNI: done in 2.92393 secs using 398.2% CPU
Optimizing NNI: done in 1.41839 secs using 399.3% CPU
Optimizing NNI: done in 0.971406 secs using 398.3% CPU
Iteration 30 / LogL: -5240.836 / Time: 0h:1m:19s (0h:3m:14s left)
Optimizing NNI: done in 1.03676 secs using 398.1% CPU
Optimizing NNI: done in 2.32135 secs using 398.3% CPU
Optimizing NNI: done in 1.93816 secs using 398% CPU
Optimizing NNI: done in 1.43536 secs using 399.1% CPU
Optimizing NNI: done in 2.90908 secs using 397.7% CPU
Optimizing NNI: done in 2.77102 secs using 398.3% CPU
Optimizing NNI: done in 1.6255 secs using 398.1% CPU
Optimizing NNI: done in 2.18459 secs using 397.2% CPU
Optimizing NNI: done in 1.51844 secs using 399.2% CPU
Optimizing NNI: done in 2.24659 secs using 398.1% CPU
Iteration 40 / LogL: -5247.262 / Time: 0h:1m:39s (0h:2m:35s left)
Optimizing NNI: done in 1.7753 secs using 397.4% CPU
Optimizing NNI: done in 2.55271 secs using 398.3% CPU
Optimizing NNI: done in 1.9261 secs using 397.7% CPU
Optimizing NNI: done in 2.25099 secs using 398.3% CPU
Optimizing NNI: done in 2.87913 secs using 398.4% CPU
Optimizing NNI: done in 1.67669 secs using 398.6% CPU
Optimizing NNI: done in 1.55784 secs using 398.4% CPU
Optimizing NNI: done in 2.3812 secs using 398.2% CPU
Optimizing NNI: done in 1.78922 secs using 399.2% CPU
Optimizing NNI: done in 1.95397 secs using 398.8% CPU
Iteration 50 / LogL: -5289.357 / Time: 0h:2m:0s (0h:2m:5s left)
Optimizing NNI: done in 1.80199 secs using 398.7% CPU
Optimizing NNI: done in 1.37733 secs using 397.4% CPU
Optimizing NNI: done in 0.947059 secs using 397.9% CPU
Optimizing NNI: done in 1.88957 secs using 398.6% CPU
Optimizing NNI: done in 1.37482 secs using 398.5% CPU
Optimizing NNI: done in 1.52814 secs using 397.9% CPU
Optimizing NNI: done in 1.46124 secs using 398.9% CPU
Optimizing NNI: done in 1.1409 secs using 398.5% CPU
Optimizing NNI: done in 1.75244 secs using 397.4% CPU
Optimizing NNI: done in 1.52851 secs using 398.4% CPU
Iteration 60 / LogL: -5244.190 / Time: 0h:2m:15s (0h:1m:34s left)
Optimizing NNI: done in 1.36271 secs using 398.9% CPU
Optimizing NNI: done in 0.9483 secs using 397.8% CPU
Optimizing NNI: done in 2.13579 secs using 398.3% CPU
Optimizing NNI: done in 1.46903 secs using 398.6% CPU
Optimizing NNI: done in 1.78494 secs using 398.5% CPU
Optimizing NNI: done in 3.85042 secs using 397.4% CPU
Optimizing NNI: done in 3.20307 secs using 398.6% CPU
Optimizing NNI: done in 1.55342 secs using 398.5% CPU
Optimizing NNI: done in 1.42985 secs using 398.9% CPU
Optimizing NNI: done in 1.38458 secs using 397.6% CPU
Iteration 70 / LogL: -5273.396 / Time: 0h:2m:35s (0h:1m:9s left)
Optimizing NNI: done in 1.90374 secs using 398.4% CPU
Optimizing NNI: done in 1.41685 secs using 398.9% CPU
Optimizing NNI: done in 1.48848 secs using 399.8% CPU
Optimizing NNI: done in 1.33956 secs using 398.7% CPU
Optimizing NNI: done in 2.15309 secs using 399.4% CPU
Optimizing NNI: done in 1.21443 secs using 398.5% CPU
Optimizing NNI: done in 1.30085 secs using 396.6% CPU
Optimizing NNI: done in 2.15988 secs using 397.7% CPU
Optimizing NNI: done in 0.902983 secs using 399.1% CPU
Optimizing NNI: done in 1.89425 secs using 398.7% CPU
Iteration 80 / LogL: -5224.434 / Time: 0h:2m:51s (0h:0m:45s left)
Optimizing NNI: done in 1.66359 secs using 397.3% CPU
Optimizing NNI: done in 2.15873 secs using 398% CPU
Optimizing NNI: done in 1.99301 secs using 398.8% CPU
Optimizing NNI: done in 2.03617 secs using 398.2% CPU
Optimizing NNI: done in 2.22148 secs using 397.6% CPU
Optimizing NNI: done in 1.35951 secs using 397.7% CPU
Optimizing NNI: done in 1.85099 secs using 396.4% CPU
Optimizing NNI: done in 2.10646 secs using 398.2% CPU
Optimizing NNI: done in 1.56245 secs using 397.9% CPU
Optimizing NNI: done in 0.834092 secs using 399.4% CPU
Iteration 90 / LogL: -5222.608 / Time: 0h:3m:9s (0h:0m:23s left)
Optimizing NNI: done in 1.47027 secs using 398.4% CPU
Optimizing NNI: done in 1.81773 secs using 396.9% CPU
Optimizing NNI: done in 1.96816 secs using 397.8% CPU
Optimizing NNI: done in 1.35646 secs using 398.5% CPU
Optimizing NNI: done in 2.27776 secs using 398.4% CPU
Optimizing NNI: done in 1.78356 secs using 398.1% CPU
Optimizing NNI: done in 3.23321 secs using 398.5% CPU
Optimizing NNI: done in 1.60096 secs using 398.4% CPU
Optimizing NNI: done in 1.74916 secs using 397.5% CPU
Optimizing NNI: done in 1.95175 secs using 398% CPU
Iteration 100 / LogL: -5242.161 / Time: 0h:3m:28s (0h:0m:2s left)
Optimizing NNI: done in 1.67872 secs using 398.9% CPU
Optimizing NNI: done in 2.06308 secs using 398.7% CPU
TREE SEARCH COMPLETED AFTER 102 ITERATIONS / Time: 0h:3m:32s

--------------------------------------------------------------------
|                    FINALIZING TREE SEARCH                        |
--------------------------------------------------------------------
Performs final model parameters optimization
Estimate model parameters (epsilon = 0.010)
1. Initial log-likelihood: -5195.262
2. Current log-likelihood: -5195.239
3. Current log-likelihood: -5195.224
Optimal log-likelihood: -5195.214
Nonsynonymous/synonymous ratio (omega): 0.122
Transition/transversion ratio (kappa): 2.608
Proportion of invariable sites: 0.492
Gamma shape alpha: 0.701
Parameters optimization took 3 rounds (2.127 sec)
BEST SCORE FOUND : -5195.214
Total tree length: 0.656

Total number of iterations: 102
CPU time used for tree search: 729.994 sec (0h:12m:9s)
Wall-clock time used for tree search: 183.682 sec (0h:3m:3s)
Total CPU time used: 850.102 sec (0h:14m:10s)
Total wall-clock time used: 214.884 sec (0h:3m:34s)

Analysis results written to: 
  IQ-TREE report:                MYH2.iqtree
  Maximum-likelihood tree:       MYH2.treefile
  Likelihood distances:          MYH2.mldist
  Screen log file:               MYH2.log

Date and Time: Fri May 24 21:27:24 2024
