IQ-TREE multicore version 1.6.12 for Linux 64-bit built Aug 15 2019
Developed by Bui Quang Minh, Nguyen Lam Tung, Olga Chernomor,
Heiko Schmidt, Dominik Schrempf, Michael Woodhams.

Host:    fermat (AVX2, FMA3, 1009 GB RAM)
Command: ../../iqtree -s MYH2_codon_aligned.phy -st CODON1 -m TEST -abayes
Seed:    373380 (Using SPRNG - Scalable Parallel Random Number Generator)
Time:    Wed Jan 17 22:00:16 2024
Kernel:  AVX+FMA - 1 threads (128 CPU cores detected)

HINT: Use -nt option to specify number of threads because your CPU has 128 cores!
HINT: -nt AUTO will automatically determine the best number of threads to use.

Reading alignment file MYH2_codon_aligned.phy ... Phylip format detected
Alignment most likely contains DNA/RNA sequences
Converting to codon sequences with genetic code 1 ...
Alignment has 87 sequences with 899 columns, 813 distinct patterns
553 parsimony-informative, 61 singleton sites, 285 constant sites
                   Gap/Ambiguity  Composition  p-value
   1  Bacu_MYH2            0.67%    passed    100.00%
   2  Barn_MYH2           55.73%    passed     99.97%
   3  Bbai76728_MYH2      22.69%    passed    100.00%
   4  BbonAUS_MYH2        30.81%    passed    100.00%
   5  Bbor_MYH2           27.70%    passed    100.00%
   6  Bede66737_MYH2      36.26%    passed    100.00%
   7  BedeAUS_MYH2        37.04%    passed     99.99%
   8  Bmus49099_MYH2      15.35%    passed    100.00%
   9  Bmys_MYH2            0.44%    passed    100.00%
  10  Bphy_MYH2            0.44%    passed    100.00%
  11  Bphy_baits_MYH2     33.26%    passed    100.00%
  12  Ccom40_MYH2         33.04%    passed    100.00%
  13  Chea7320_MYH2       36.71%    passed     99.99%
  14  Cmar59905_MYH2      28.03%    passed    100.00%
  15  Dcap108471_MYH2     29.92%    passed    100.00%
  16  Dcap79929_MYH2      19.80%    passed    100.00%
  17  DdelSJR_MYH2        36.48%    passed    100.00%
  18  Ddeltrop4525_MYH2   30.37%    passed    100.00%
  19  Dleu_MYH2           33.93%    passed    100.00%
  20  EausAUS_MYH2        33.26%    passed    100.00%
  21  Egla13086_MYH2      19.69%    passed    100.00%
  22  Ejap43864_MYH2      37.49%    passed     99.92%
  23  Erob133443_MYH2     27.14%    passed    100.00%
  24  Fatt_MYH2           32.15%    passed    100.00%
  25  Ggri_MYH2           46.83%    passed    100.00%
  26  Gmac39091_MYH2      26.81%    passed    100.00%
  27  Gmel_MYH2           27.59%    passed    100.00%
  28  Hamp_MYH2           22.80%    passed    100.00%
  29  Hippo_MYH2          36.48%    passed     98.61%
  30  Hpla9120_MYH2       84.20%    passed     92.57%
  31  Igeo_MYH2           56.06%    passed     99.98%
  32  Kbre_MYH2           44.16%    passed    100.00%
  33  Ksim_MYH2           28.36%    passed    100.00%
  34  Lacu_MYH2           30.14%    passed    100.00%
  35  Lalb_MYH2           44.38%    passed    100.00%
  36  Laus_MYH2           31.70%    passed     99.99%
  37  Lbor_MYH2           32.04%    passed    100.00%
  38  Lhos30470_MYH2      24.69%    passed    100.00%
  39  Lhos452_MYH2        29.25%    passed    100.00%
  40  Lobl_MYH2           26.92%    passed    100.00%
  41  Lobs_MYH2           27.36%    passed    100.00%
  42  LperAUS_MYH2        30.37%    passed    100.00%
  43  Lvex_MYH2            0.00%    failed      0.00%
  44  Mbid_MYH2           39.49%    passed     99.55%
  45  Mbow_MYH2           44.27%    passed    100.00%
  46  Mcar_MYH2           31.59%    passed    100.00%
  47  Mden_MYH2           39.93%    passed     99.94%
  48  Meur_MYH2           25.25%    passed    100.00%
  49  Mgin_MYH2           47.94%    passed     99.94%
  50  MgraAUS_MYH2        54.73%    passed     88.82%
  51  Mhec_MYH2           39.15%    passed    100.00%
  52  MlayAUS_MYH2        34.48%    passed    100.00%
  53  Mmir_MYH2           46.94%    passed     99.03%
  54  Mmon_MYH2           48.94%    passed    100.00%
  55  Mnov_MYH2           95.22%    passed     92.66%
  56  Mper_MYH2           42.27%    passed     99.79%
  57  Mpni_MYH2           27.47%    passed    100.00%
  58  Mste_MYH2           28.48%    passed    100.00%
  59  Npho_MYH2            0.11%    passed    100.00%
  60  Obre_MYH2           25.36%    passed    100.00%
  61  Ohei_MYH2           34.37%    passed    100.00%
  62  Oorc_MYH2            0.00%    failed      0.00%
  63  Pbla7349_MYH2       25.58%    passed    100.00%
  64  Pcra123188_MYH2     33.70%    passed    100.00%
  65  Pdal_MYH2           78.87%    passed     75.77%
  66  Pdio_MYH2           27.81%    passed    100.00%
  67  Pele_MYH2           40.49%    passed    100.00%
  68  Pmac_MYH2            6.56%    passed    100.00%
  69  Ppho_MYH2           21.47%    passed    100.00%
  70  Pspi_MYH2           43.49%    passed     91.20%
  71  Satt18473_MYH2      28.36%    passed    100.00%
  72  Satt38219_MYH2      49.39%    passed     99.99%
  73  Sbre116871_MYH2     29.81%    passed    100.00%
  74  Sbre18437_MYH2      31.03%    passed    100.00%
  75  Schi_MYH2           36.04%    passed    100.00%
  76  Scly1724_MYH2       68.19%    passed     95.41%
  77  Scly1726_MYH2       17.80%    passed    100.00%
  78  Scoe_MYH2           34.48%    passed    100.00%
  79  Sflu9837_MYH2       30.26%    passed    100.00%
  80  Sfro7782_MYH2       55.06%    passed     99.98%
  81  Sfro7784_MYH2       38.93%    passed    100.00%
  82  Slon16012_MYH2      32.04%    passed    100.00%
  83  Slon24923_MYH2      25.92%    passed    100.00%
  84  Tadu79924_MYH2      37.15%    passed    100.00%
  85  Ttru_MYH2            0.00%    failed      0.00%
  86  Tshe_MYH2           17.80%    passed    100.00%
  87  Zcav_MYH2           26.81%    passed    100.00%
WARNING: 8 sequences contain more than 50% gaps/ambiguity
****  TOTAL               32.78%  3 sequences failed composition chi2 test (p-value<5%; df=60)

Creating fast initial parsimony tree by random order stepwise addition...
0.275 seconds, parsimony score: 1381 (based on 614 sites)
NOTE: ModelFinder requires 143 MB RAM!
ModelFinder will test 60 codon models (sample size: 899) ...
 No. Model         -LnL         df  AIC          AICc         BIC
  1  MG+F1X4       12714.683    175 25779.366    25864.566    26619.590
  2  MG+F1X4+I     12587.491    176 25526.982    25613.276    26372.008
  3  MG+F1X4+G4    12358.095    176 25068.190    25154.484    25913.216
  4  MG+F1X4+I+G4  12338.509    177 25031.017    25118.413    25880.844
  5  MG+F3X4       12497.442    181 25356.884    25448.772    26225.916
  6  MG+F3X4+I     12405.581    182 25175.162    25268.196    26048.996
  7  MG+F3X4+G4    12174.356    182 24712.712    24805.745    25586.545
  8  MG+F3X4+I+G4  12173.195    183 24712.391    24806.578    25591.026
  9  MGK+F1X4      12658.784    176 25669.568    25755.861    26514.593
 10  MGK+F1X4+I    12521.668    177 25397.335    25484.731    26247.162
 11  MGK+F1X4+G4   12293.019    177 24940.039    25027.434    25789.866
 12  MGK+F1X4+I+G4 12292.904    178 24941.807    25030.313    25796.435
 13  MGK+F3X4      12377.421    182 25118.842    25211.875    25992.675
 14  MGK+F3X4+I    12282.027    183 24930.054    25024.241    25808.688
 15  MGK+F3X4+G4   12056.667    183 24479.333    24573.521    25357.968
 16  MGK+F3X4+I+G4 12056.596    184 24481.193    24576.543    25364.629
 17  GY+F1X4       12710.117    176 25772.235    25858.529    26617.261
 18  GY+F1X4+I     12567.334    177 25488.667    25576.063    26338.495
 19  GY+F1X4+G4    12326.385    177 25006.770    25094.165    25856.597
 20  GY+F1X4+I+G4  12326.325    178 25008.650    25097.155    25863.278
 21  GY+F3X4       12642.966    182 25649.931    25742.965    26523.765
 22  GY+F3X4+I     12492.166    183 25350.331    25444.519    26228.966
 23  GY+F3X4+G4    12204.750    183 24775.501    24869.688    25654.136
 24  GY+F3X4+I+G4  12204.693    184 24777.386    24872.736    25660.822
 25  GY+F          12565.314    233 25596.628    25760.604    26715.327
 26  GY+F+I        12428.447    234 25324.895    25490.527    26448.395
 27  GY+F+G4       12121.524    234 24711.048    24876.680    25834.548
 28  GY+F+I+G4     12121.500    235 24712.999    24880.300    25841.301
 29  KOSI07+FU     12299.673    171 24941.346    25022.259    25762.366
 30  KOSI07+FU+I   12163.602    172 24671.204    24753.177    25497.025
 31  KOSI07+FU+G4  11953.878    172 24251.757    24333.729    25077.578
 32  KOSI07+FU+I+G4 11953.869    173 24253.738    24336.778    25084.360
 33  KOSI07+F1X4   12504.413    174 25356.827    25440.943    26192.250
 34  KOSI07+F1X4+I 12402.496    175 25154.992    25240.193    25995.217
 35  KOSI07+F1X4+G4 12139.736    175 24629.472    24714.673    25469.697
 36  KOSI07+F1X4+I+G4 12139.743    176 24631.485    24717.779    25476.511
 37  KOSI07+F3X4   12185.493    180 24730.986    24821.738    25595.217
 38  KOSI07+F3X4+I 12095.874    181 24553.749    24645.637    25422.781
 39  KOSI07+F3X4+G4 11858.334    181 24078.669    24170.557    24947.701
 40  KOSI07+F3X4+I+G4 11858.340    182 24080.681    24173.714    24954.514
 41  KOSI07+F      11998.032    231 24458.063    24618.759    25567.160
 42  KOSI07+F+I    11924.382    232 24312.764    24475.094    25426.662
 43  KOSI07+F+G4   11680.879    232 23825.757    23988.088    24939.655
 44  KOSI07+F+I+G4 11680.891    233 23827.783    23991.759    24946.482
 45  SCHN05+FU     12289.016    171 24920.031    25000.944    25741.050
 46  SCHN05+FU+I   12171.340    172 24686.680    24768.653    25512.501
 47  SCHN05+FU+G4  11964.622    172 24273.243    24355.216    25099.064
 48  SCHN05+FU+I+G4 11964.612    173 24275.224    24358.264    25105.846
 49  SCHN05+F1X4   12664.537    174 25677.075    25761.191    26512.498
 50  SCHN05+F1X4+I 12554.855    175 25459.711    25544.911    26299.935
 51  SCHN05+F1X4+G4 12287.314    175 24924.629    25009.829    25764.853
 52  SCHN05+F1X4+I+G4 12287.313    176 24926.626    25012.919    25771.651
 53  SCHN05+F3X4   12287.643    180 24935.287    25026.039    25799.518
 54  SCHN05+F3X4+I 12194.790    181 24751.581    24843.469    25620.613
 55  SCHN05+F3X4+G4 11938.713    181 24239.427    24331.315    25108.459
 56  SCHN05+F3X4+I+G4 11938.708    182 24241.415    24334.449    25115.249
 57  SCHN05+F      12083.768    231 24629.537    24790.233    25738.633
 58  SCHN05+F+I    12006.035    232 24476.070    24638.400    25589.967
 59  SCHN05+F+G4   11737.003    232 23938.006    24100.336    25051.904
 60  SCHN05+F+I+G4 11737.008    233 23940.016    24103.992    25058.715
Akaike Information Criterion:           KOSI07+F+G4
Corrected Akaike Information Criterion: KOSI07+F+G4
Bayesian Information Criterion:         KOSI07+F+G4
Best-fit model: KOSI07+F+G4 chosen according to BIC

All model information printed to MYH2_codon_aligned.phy.model.gz
CPU time for ModelFinder: 2183.676 seconds (0h:36m:23s)
Wall-clock time for ModelFinder: 2237.061 seconds (0h:37m:17s)

NOTE: 143 MB RAM (0 GB) is required!
Estimate model parameters (epsilon = 0.100)
1. Initial log-likelihood: -12074.305
2. Current log-likelihood: -11832.131
3. Current log-likelihood: -11830.037
Optimal log-likelihood: -11830.037
Nonsynonymous/synonymous ratio (omega): 1.000
Transition/transversion ratio (kappa): 1.000
Gamma shape alpha: 0.911
Parameters optimization took 3 rounds (37.317 sec)
Computing ML distances based on estimated model parameters... 52.744 sec
WARNING: Some pairwise ML distances are too long (saturated)
Computing BIONJ tree...
0.061 seconds
Log-likelihood of BIONJ tree: -11950.878
--------------------------------------------------------------------
|             INITIALIZING CANDIDATE TREE SET                      |
--------------------------------------------------------------------
Generating 98 parsimony trees... 4.665 second
Computing log-likelihood of 98 initial trees ... 599.853 seconds
Current best score: -11708.107

Do NNI search on 20 best initial trees
Estimate model parameters (epsilon = 0.100)
BETTER TREE FOUND at iteration 1: -11669.228
Iteration 10 / LogL: -11719.432 / Time: 0h:24m:27s
Iteration 20 / LogL: -11742.114 / Time: 0h:35m:52s
Finish initializing candidate tree set (20)
Current best tree score: -11669.228 / CPU time: 2038.877
Number of iterations: 20
--------------------------------------------------------------------
|               OPTIMIZING CANDIDATE TREE SET                      |
--------------------------------------------------------------------
Estimate model parameters (epsilon = 0.100)
BETTER TREE FOUND at iteration 25: -11660.548
Iteration 30 / LogL: -11676.885 / Time: 0h:45m:28s (2h:28m:58s left)
Estimate model parameters (epsilon = 0.100)
BETTER TREE FOUND at iteration 35: -11659.964
Estimate model parameters (epsilon = 0.100)
BETTER TREE FOUND at iteration 40: -11659.351
Iteration 40 / LogL: -11659.351 / Time: 0h:54m:39s (2h:20m:9s left)
Iteration 50 / LogL: -11673.953 / Time: 1h:3m:2s (1h:55m:47s left)
Iteration 60 / LogL: -11659.456 / Time: 1h:10m:42s (1h:35m:52s left)
Iteration 70 / LogL: -11661.732 / Time: 1h:19m:45s (1h:20m:55s left)
Iteration 80 / LogL: -11700.216 / Time: 1h:28m:27s (1h:7m:11s left)
Estimate model parameters (epsilon = 0.100)
BETTER TREE FOUND at iteration 90: -11657.976
Iteration 90 / LogL: -11657.976 / Time: 1h:36m:28s (1h:48m:23s left)
Iteration 100 / LogL: -11665.547 / Time: 1h:44m:18s (1h:34m:49s left)
Iteration 110 / LogL: -11658.316 / Time: 1h:53m:8s (1h:23m:2s left)
Estimate model parameters (epsilon = 0.100)
BETTER TREE FOUND at iteration 115: -11656.248
Iteration 120 / LogL: -11662.584 / Time: 2h:2m:22s (1h:37m:41s left)
Estimate model parameters (epsilon = 0.100)
BETTER TREE FOUND at iteration 124: -11653.859
Estimate model parameters (epsilon = 0.100)
BETTER TREE FOUND at iteration 129: -11652.900
Iteration 130 / LogL: -11667.237 / Time: 2h:10m:28s (1h:40m:7s left)
Estimate model parameters (epsilon = 0.100)
BETTER TREE FOUND at iteration 133: -11649.775
Estimate model parameters (epsilon = 0.100)
BETTER TREE FOUND at iteration 137: -11648.814
Iteration 140 / LogL: -11687.083 / Time: 2h:19m:36s (1h:37m:25s left)
Iteration 150 / LogL: -11662.753 / Time: 2h:27m:55s (1h:26m:22s left)
Iteration 160 / LogL: -11650.241 / Time: 2h:36m:28s (1h:15m:46s left)
Estimate model parameters (epsilon = 0.100)
BETTER TREE FOUND at iteration 161: -11644.020
Iteration 170 / LogL: -11660.253 / Time: 2h:45m:50s (1h:29m:18s left)
Iteration 180 / LogL: -11666.241 / Time: 2h:54m:47s (1h:19m:5s left)
Iteration 190 / LogL: -11704.576 / Time: 3h:2m:45s (1h:8m:39s left)
Iteration 200 / LogL: -11655.524 / Time: 3h:11m:16s (0h:58m:38s left)
Iteration 210 / LogL: -11649.883 / Time: 3h:20m:51s (0h:49m:0s left)
Iteration 220 / LogL: -11671.200 / Time: 3h:29m:26s (0h:39m:12s left)
Iteration 230 / LogL: -11646.611 / Time: 3h:38m:2s (0h:29m:31s left)
Iteration 240 / LogL: -11668.119 / Time: 3h:46m:45s (0h:19m:55s left)
Iteration 250 / LogL: -11651.398 / Time: 3h:55m:57s (0h:10m:25s left)
Iteration 260 / LogL: -11644.037 / Time: 4h:5m:9s (0h:0m:56s left)
TREE SEARCH COMPLETED AFTER 262 ITERATIONS / Time: 4h:6m:51s

--------------------------------------------------------------------
|                    FINALIZING TREE SEARCH                        |
--------------------------------------------------------------------
Performs final model parameters optimization
Estimate model parameters (epsilon = 0.010)
1. Initial log-likelihood: -11644.020
Optimal log-likelihood: -11644.020
Nonsynonymous/synonymous ratio (omega): 1.000
Transition/transversion ratio (kappa): 1.000
Gamma shape alpha: 0.947
Parameters optimization took 1 rounds (8.265 sec)
BEST SCORE FOUND : -11644.020

Testing tree branches by aBayes parametric test...
7.444 sec.
Total tree length: 2.805

Total number of iterations: 262
CPU time used for tree search: 14395.832 sec (3h:59m:55s)
Wall-clock time used for tree search: 14697.837 sec (4h:4m:57s)
Total CPU time used: 14522.864 sec (4h:2m:2s)
Total wall-clock time used: 14827.697 sec (4h:7m:7s)

Analysis results written to: 
  IQ-TREE report:                MYH2_codon_aligned.phy.iqtree
  Maximum-likelihood tree:       MYH2_codon_aligned.phy.treefile
  Likelihood distances:          MYH2_codon_aligned.phy.mldist
  Screen log file:               MYH2_codon_aligned.phy.log

Date and Time: Thu Jan 18 02:44:41 2024
