IQ-TREE multicore version 2.2.0-beta COVID-edition for Linux 64-bit built Dec 21 2021 built Dec 21 2021
Developed by Bui Quang Minh, James Barbetti, Nguyen Lam Tung,
Olga Chernomor, Heiko Schmidt, Dominik Schrempf, Michael Woodhams, Ly Trong Nhan.

Host:    awarnach14 (SSE3, 3 GB RAM)
Command: iqtree -s translated/HTT_codon_aligned.translated.fasta -st AA -m WAG+G4 -pre HTT_WAG -nt 4
Seed:    763853 (Using SPRNG - Scalable Parallel Random Number Generator)
Time:    Fri Jan 26 19:45:50 2024
Kernel:  SSE2 - 4 threads (4 CPU cores detected)

Reading alignment file translated/HTT_codon_aligned.translated.fasta ... Fasta format detected
Reading fasta file: done in 0.0127186 secs using 88.55% CPU
Alignment most likely contains protein sequences
Constructing alignment: done in 0.0238378 secs using 100.4% CPU
WARNING: 1 sites contain only gaps or ambiguous characters.
Alignment has 93 sequences with 3131 columns, 2127 distinct patterns
445 parsimony-informative, 466 singleton sites, 2220 constant sites
                  Gap/Ambiguity  Composition  p-value
Analyzing sequences: done in 0.000932278 secs using 99.33% CPU
   1  Bacu_HTT            0.10%    passed     99.99%
   2  Barn_HTT           54.33%    passed     76.75%
   3  Bbai76728_HTT      19.51%    passed     99.98%
   4  BbonAUS_HTT        18.94%    passed     99.96%
   5  Bbor_HTT           25.93%    passed    100.00%
   6  Bede66737_HTT      22.87%    passed    100.00%
   7  BedeAUS_HTT        25.14%    passed     99.99%
   8  Bmus_HTT            0.06%    passed     99.98%
   9  Bmys_HTT            2.71%    passed    100.00%
  10  Bphy_HTT           12.46%    passed     99.91%
  11  Bphy_baits_HTT     23.19%    passed     99.94%
  12  Btau_HTT            0.19%    passed     99.71%
  13  Ccom40_HTT         34.14%    passed     94.86%
  14  Cela_HTT            0.10%    passed     96.83%
  15  Chea7320_HTT       21.24%    passed    100.00%
  16  Cmar59905_HTT      21.88%    passed    100.00%
  17  Dcap108471_HTT     16.70%    passed    100.00%
  18  Dcap79929_HTT      16.48%    passed    100.00%
  19  DdelSJR_HTT        18.36%    passed    100.00%
  20  Ddeltrop4525_HTT   16.77%    passed     99.99%
  21  Dleu_HTT            0.29%    passed     99.99%
  22  EausAUS_HTT        21.37%    passed    100.00%
  23  Ecab_HTT            0.22%    passed     90.82%
  24  Egla13086_HTT      11.37%    passed    100.00%
  25  Ejap43864_HTT      17.18%    passed    100.00%
  26  Erob133443_HTT     26.29%    passed     99.57%
  27  Fatt_HTT           18.62%    passed    100.00%
  28  Ggri_HTT           15.71%    passed    100.00%
  29  Gmac39091_HTT      18.21%    passed    100.00%
  30  Gmel_HTT            0.26%    passed     99.99%
  31  Hamp_HTT           18.94%    passed     99.95%
  32  Hippo_HTT           0.35%    passed     99.99%
  33  Igeo_HTT           30.73%    passed     99.54%
  34  Kbre_HTT           15.14%    passed    100.00%
  35  Ksim_HTT           18.88%    passed     99.97%
  36  Lacu_HTT           21.11%    passed     99.85%
  37  Lalb_HTT           17.82%    passed    100.00%
  38  Laus_HTT           20.86%    passed     99.96%
  39  Lbor_HTT           28.11%    passed     99.52%
  40  Lhos30470_HTT      14.50%    passed    100.00%
  41  Lhos452_HTT        18.84%    passed    100.00%
  42  Lobl_HTT            0.26%    passed     99.99%
  43  Lobs_HTT           17.57%    passed    100.00%
  44  LperAUS_HTT        24.47%    passed     99.98%
  45  Lvex_HTT            0.89%    passed     99.97%
  46  Mbid_HTT           29.77%    passed     90.44%
  47  Mbow_HTT           22.90%    passed     99.97%
  48  Mcar_HTT           29.86%    passed     99.94%
  49  Mden_HTT           32.03%    passed     97.73%
  50  Meur_HTT           22.96%    passed     99.92%
  51  Mgin_HTT           21.49%    passed     99.99%
  52  MgraAUS_HTT        54.90%    passed     61.40%
  53  Mhec_HTT           27.82%    passed     98.62%
  54  MlayAUS_HTT        29.96%    passed     99.85%
  55  Mmir_HTT           29.00%    passed     99.26%
  56  Mmon_HTT            0.32%    passed     99.99%
  57  Mnov_HTT           17.95%    passed     99.68%
  58  Mper_HTT           20.47%    passed     99.98%
  59  Mpni_HTT           23.76%    passed     99.99%
  60  Mste_HTT           17.15%    passed    100.00%
  61  Naasi_HTT           0.89%    passed     99.99%
  62  Npho_HTT            4.22%    passed    100.00%
  63  Oari_HTT            0.22%    passed     87.84%
  64  Obre_HTT           19.51%    passed    100.00%
  65  Ohei_HTT           16.26%    passed    100.00%
  66  Oorc_HTT            0.29%    passed    100.00%
  67  Pbla7349_HTT       22.74%    passed    100.00%
  68  Pcra123188_HTT     23.60%    passed    100.00%
  69  Pdal_HTT           56.91%    passed     99.54%
  70  Pdio_HTT           16.10%    passed    100.00%
  71  Pele_HTT           21.14%    passed    100.00%
  72  Pcat_HTT            0.13%    passed    100.00%
  73  Pmac_HTT           58.32%    passed     91.84%
  74  Ppho_HTT           24.62%    passed     99.99%
  75  Psin_HTT            0.26%    passed     99.99%
  76  Pspi_HTT           33.63%    passed     99.65%
  77  Satt18473_HTT      18.11%    passed    100.00%
  78  Satt38219_HTT      30.66%    passed     99.99%
  79  Sbre116871_HTT     17.76%    passed    100.00%
  80  Sbre18437_HTT      20.79%    passed     99.99%
  81  Schi_HTT           17.12%    passed    100.00%
  82  Scly1724_HTT       65.31%    passed     35.16%
  83  Scly1726_HTT       17.21%    passed     99.99%
  84  Scoe_HTT           20.12%    passed     99.98%
  85  Sflu9837_HTT       18.30%    passed    100.00%
  86  Sfro7782_HTT       19.90%    passed    100.00%
  87  Sfro7784_HTT       15.04%    passed    100.00%
  88  Slon16012_HTT      22.29%    passed     99.91%
  89  Slon24923_HTT      19.42%    passed     99.99%
  90  Tadu79924_HTT      22.07%    passed    100.00%
  91  Tshe_HTT           20.92%    passed    100.00%
  92  Ttru_HTT            0.32%    passed    100.00%
  93  Zcav_HTT           28.49%    passed     99.87%
WARNING: 5 sequences contain more than 50% gaps/ambiguity
****  TOTAL              19.16%  0 sequences failed composition chi2 test (p-value<5%; df=19)
Checking for duplicate sequences: done in 0.00286612 secs using 142.2% CPU

Create initial parsimony tree by phylogenetic likelihood library (PLL)... 0.004 seconds

NOTE: 123 MB RAM (0 GB) is required!
Estimate model parameters (epsilon = 0.100)
1. Initial log-likelihood: -32978.551
2. Current log-likelihood: -30918.888
3. Current log-likelihood: -30629.213
4. Current log-likelihood: -30548.231
5. Current log-likelihood: -30537.899
6. Current log-likelihood: -30536.938
Optimal log-likelihood: -30536.859
Gamma shape alpha: 0.182
Parameters optimization took 6 rounds (37.942 sec)
Wrote distance file to... 
Computing ML distances based on estimated model parameters...
Calculating distance matrix: done in 2.09192 secs using 399.6% CPU
Computing ML distances took 2.093868 sec (of wall-clock time) 8.360895 sec (of CPU time)
Setting up auxiliary I and S matrices: done in 0.000969993 secs using 166.7% CPU
Constructing RapidNJ tree: done in 0.0661071 secs using 28.76% CPU
Computing RapidNJ tree took 0.067279 sec (of wall-clock time) 0.020755 sec (of CPU time)
Log-likelihood of RapidNJ tree: -21257.997
--------------------------------------------------------------------
|             INITIALIZING CANDIDATE TREE SET                      |
--------------------------------------------------------------------
Generating 98 parsimony trees... 0.963 second
Computing log-likelihood of 98 initial trees ... 122.877 seconds
Current best score: -21257.997

Do NNI search on 20 best initial trees
Optimizing NNI: done in 40.2136 secs using 397.5% CPU
Estimate model parameters (epsilon = 0.100)
BETTER TREE FOUND at iteration 1: -20988.162
Optimizing NNI: done in 266.176 secs using 397.7% CPU
Optimizing NNI: done in 230.239 secs using 398% CPU
Optimizing NNI: done in 225.667 secs using 397.9% CPU
Optimizing NNI: done in 245.616 secs using 398% CPU
Optimizing NNI: done in 158.385 secs using 397.7% CPU
Optimizing NNI: done in 271.756 secs using 397.6% CPU
Optimizing NNI: done in 250.375 secs using 397.8% CPU
Optimizing NNI: done in 313.519 secs using 398.2% CPU
Optimizing NNI: done in 262.994 secs using 397.6% CPU
Iteration 10 / LogL: -21713.211 / Time: 0h:41m:7s
Optimizing NNI: done in 255.865 secs using 398.1% CPU
Optimizing NNI: done in 213.763 secs using 397.8% CPU
Optimizing NNI: done in 256.742 secs using 397.8% CPU
Optimizing NNI: done in 322.381 secs using 398% CPU
Optimizing NNI: done in 291.929 secs using 398.8% CPU
Optimizing NNI: done in 291.404 secs using 398.4% CPU
Optimizing NNI: done in 221.722 secs using 398.1% CPU
Optimizing NNI: done in 274.283 secs using 397.7% CPU
Optimizing NNI: done in 293.002 secs using 397.9% CPU
Optimizing NNI: done in 251.101 secs using 397.9% CPU
Iteration 20 / LogL: -21987.522 / Time: 1h:25m:41s
Finish initializing candidate tree set (20)
Current best tree score: -20988.162 / CPU time: 5085.349
Number of iterations: 20
--------------------------------------------------------------------
|               OPTIMIZING CANDIDATE TREE SET                      |
--------------------------------------------------------------------
Optimizing NNI: done in 41.0981 secs using 399.5% CPU
Optimizing NNI: done in 44.8783 secs using 398.3% CPU
Estimate model parameters (epsilon = 0.100)
BETTER TREE FOUND at iteration 22: -20947.144
Optimizing NNI: done in 42.7079 secs using 397.6% CPU
Optimizing NNI: done in 25.212 secs using 396.9% CPU
Optimizing NNI: done in 59.9612 secs using 397.1% CPU
Optimizing NNI: done in 39.4257 secs using 398.5% CPU
Optimizing NNI: done in 38.1846 secs using 399% CPU
Optimizing NNI: done in 33.3253 secs using 397.5% CPU
Optimizing NNI: done in 45.463 secs using 398.5% CPU
Optimizing NNI: done in 40.5508 secs using 398.7% CPU
Iteration 30 / LogL: -21009.572 / Time: 1h:32m:39s (4h:53m:56s left)
Optimizing NNI: done in 52.6602 secs using 399.2% CPU
Optimizing NNI: done in 43.5414 secs using 399.2% CPU
Optimizing NNI: done in 37.2446 secs using 397.2% CPU
Optimizing NNI: done in 36.1199 secs using 397.2% CPU
Optimizing NNI: done in 40.9529 secs using 398.6% CPU
Optimizing NNI: done in 32.1726 secs using 397.7% CPU
Optimizing NNI: done in 42.2441 secs using 397.4% CPU
Optimizing NNI: done in 29.8067 secs using 397.8% CPU
Estimate model parameters (epsilon = 0.100)
BETTER TREE FOUND at iteration 38: -20946.102
Optimizing NNI: done in 31.5761 secs using 396.9% CPU
Estimate model parameters (epsilon = 0.100)
BETTER TREE FOUND at iteration 39: -20940.799
Optimizing NNI: done in 32.8447 secs using 397.8% CPU
Iteration 40 / LogL: -20967.828 / Time: 1h:39m:8s (4h:11m:39s left)
Optimizing NNI: done in 161.006 secs using 397.7% CPU
Optimizing NNI: done in 32.4656 secs using 397.5% CPU
Estimate model parameters (epsilon = 0.100)
BETTER TREE FOUND at iteration 42: -20932.260
Optimizing NNI: done in 34.6895 secs using 397.4% CPU
Optimizing NNI: done in 39.4547 secs using 398.6% CPU
Optimizing NNI: done in 39.8607 secs using 397.3% CPU
Optimizing NNI: done in 38.0836 secs using 397.7% CPU
Optimizing NNI: done in 35.2958 secs using 398.3% CPU
Optimizing NNI: done in 51.3886 secs using 397.4% CPU
Optimizing NNI: done in 35.4737 secs using 397.6% CPU
Optimizing NNI: done in 43.8572 secs using 398.2% CPU
Iteration 50 / LogL: -20935.793 / Time: 1h:47m:46s (3h:22m:20s left)
Optimizing NNI: done in 50.2243 secs using 398.9% CPU
Estimate model parameters (epsilon = 0.100)
BETTER TREE FOUND at iteration 51: -20932.246
Optimizing NNI: done in 38.2884 secs using 398.7% CPU
BETTER TREE FOUND at iteration 52: -20932.245
Optimizing NNI: done in 38.5225 secs using 399.4% CPU
Optimizing NNI: done in 33.4236 secs using 399.4% CPU
Optimizing NNI: done in 45.4274 secs using 399.5% CPU
Optimizing NNI: done in 39.4561 secs using 399.8% CPU
Optimizing NNI: done in 47.2519 secs using 399.7% CPU
Optimizing NNI: done in 35.0946 secs using 398.8% CPU
Optimizing NNI: done in 30.5512 secs using 397.6% CPU
Optimizing NNI: done in 34.8563 secs using 398.9% CPU
Estimate model parameters (epsilon = 0.100)
BETTER TREE FOUND at iteration 60: -20927.449
Iteration 60 / LogL: -20927.449 / Time: 1h:54m:29s (3h:14m:2s left)
Optimizing NNI: done in 32.3048 secs using 398.1% CPU
Optimizing NNI: done in 33.1601 secs using 397.7% CPU
Optimizing NNI: done in 34.0771 secs using 397.5% CPU
Estimate model parameters (epsilon = 0.100)
BETTER TREE FOUND at iteration 63: -20920.974
Optimizing NNI: done in 34.7325 secs using 396.9% CPU
Optimizing NNI: done in 36.1827 secs using 397.7% CPU
Optimizing NNI: done in 39.3385 secs using 397.6% CPU
Optimizing NNI: done in 36.7221 secs using 398.5% CPU
Optimizing NNI: done in 34.797 secs using 399.4% CPU
Optimizing NNI: done in 36.82 secs using 399.3% CPU
Optimizing NNI: done in 33.8266 secs using 398.3% CPU
Iteration 70 / LogL: -20927.242 / Time: 2h:0m:27s (2h:42m:21s left)
Optimizing NNI: done in 42.9699 secs using 398% CPU
Optimizing NNI: done in 34.9315 secs using 396.7% CPU
Optimizing NNI: done in 35.6586 secs using 398.2% CPU
Optimizing NNI: done in 32.2196 secs using 398.8% CPU
Optimizing NNI: done in 52.9014 secs using 397.2% CPU
Estimate model parameters (epsilon = 0.100)
BETTER TREE FOUND at iteration 75: -20920.199
Optimizing NNI: done in 36.3685 secs using 399.3% CPU
Estimate model parameters (epsilon = 0.100)
BETTER TREE FOUND at iteration 76: -20918.066
Optimizing NNI: done in 55.2527 secs using 399.5% CPU
BETTER TREE FOUND at iteration 77: -20918.066
Optimizing NNI: done in 47.9369 secs using 399.7% CPU
Estimate model parameters (epsilon = 0.100)
BETTER TREE FOUND at iteration 78: -20918.051
Optimizing NNI: done in 44.7455 secs using 399.4% CPU
Optimizing NNI: done in 34.7307 secs using 395.2% CPU
Iteration 80 / LogL: -20918.367 / Time: 2h:7m:38s (2h:38m:20s left)
Optimizing NNI: done in 32.7781 secs using 399.7% CPU
Optimizing NNI: done in 41.9002 secs using 399.8% CPU
Optimizing NNI: done in 47.4751 secs using 399.7% CPU
Optimizing NNI: done in 43.2855 secs using 398.7% CPU
Optimizing NNI: done in 35.4243 secs using 399.3% CPU
BETTER TREE FOUND at iteration 85: -20918.047
Optimizing NNI: done in 39.1419 secs using 398.9% CPU
Optimizing NNI: done in 39.6879 secs using 399.1% CPU
Optimizing NNI: done in 33.0591 secs using 399.8% CPU
Optimizing NNI: done in 35.887 secs using 399.3% CPU
Optimizing NNI: done in 35.3634 secs using 399.7% CPU
Iteration 90 / LogL: -21078.560 / Time: 2h:14m:5s (2h:23m:7s left)
Optimizing NNI: done in 38.5396 secs using 399.4% CPU
Optimizing NNI: done in 59.7814 secs using 399.8% CPU
Optimizing NNI: done in 27.5856 secs using 399.7% CPU
Optimizing NNI: done in 43.9719 secs using 399.6% CPU
Optimizing NNI: done in 54.4428 secs using 399.4% CPU
Optimizing NNI: done in 54.2627 secs using 399.7% CPU
Optimizing NNI: done in 36.2989 secs using 399.7% CPU
Optimizing NNI: done in 31.6967 secs using 399.7% CPU
Optimizing NNI: done in 47.8997 secs using 399.4% CPU
Optimizing NNI: done in 34.9171 secs using 399.7% CPU
Iteration 100 / LogL: -20918.051 / Time: 2h:21m:17s (2h:1m:18s left)
Optimizing NNI: done in 35.6937 secs using 399.6% CPU
Optimizing NNI: done in 40.8253 secs using 399.7% CPU
Optimizing NNI: done in 31.136 secs using 399.4% CPU
BETTER TREE FOUND at iteration 103: -20918.045
Optimizing NNI: done in 44.1228 secs using 399.7% CPU
Optimizing NNI: done in 33.5088 secs using 399.7% CPU
Optimizing NNI: done in 46.2084 secs using 399.7% CPU
Optimizing NNI: done in 35.4249 secs using 399.7% CPU
Optimizing NNI: done in 37.9698 secs using 399.3% CPU
Optimizing NNI: done in 38.2361 secs using 399.7% CPU
Optimizing NNI: done in 38.751 secs using 399.7% CPU
Iteration 110 / LogL: -21071.711 / Time: 2h:27m:41s (2h:6m:1s left)
Optimizing NNI: done in 37.6057 secs using 399.7% CPU
Optimizing NNI: done in 34.4283 secs using 399.4% CPU
Optimizing NNI: done in 32.4235 secs using 399.6% CPU
Optimizing NNI: done in 39.6556 secs using 399.7% CPU
Optimizing NNI: done in 40.5888 secs using 399.7% CPU
Optimizing NNI: done in 33.9348 secs using 399.6% CPU
Optimizing NNI: done in 46.2924 secs using 399.3% CPU
Optimizing NNI: done in 40.9545 secs using 399.8% CPU
BETTER TREE FOUND at iteration 118: -20918.041
Optimizing NNI: done in 45.2053 secs using 399.7% CPU
Optimizing NNI: done in 32.1185 secs using 399.5% CPU
Iteration 120 / LogL: -20918.048 / Time: 2h:34m:7s (2h:6m:55s left)
Optimizing NNI: done in 31.1819 secs using 398.7% CPU
Optimizing NNI: done in 27.6162 secs using 399.7% CPU
Optimizing NNI: done in 38.7366 secs using 399.6% CPU
Optimizing NNI: done in 38.7763 secs using 399.6% CPU
Optimizing NNI: done in 44.5855 secs using 399.7% CPU
Optimizing NNI: done in 37.0583 secs using 399.3% CPU
Optimizing NNI: done in 44.4686 secs using 399.7% CPU
Optimizing NNI: done in 36.1696 secs using 399.7% CPU
Optimizing NNI: done in 46.4779 secs using 399.7% CPU
Optimizing NNI: done in 49.0512 secs using 398.9% CPU
Iteration 130 / LogL: -20923.359 / Time: 2h:40m:44s (1h:49m:39s left)
Optimizing NNI: done in 33.8978 secs using 398.8% CPU
Optimizing NNI: done in 42.9509 secs using 399.4% CPU
Optimizing NNI: done in 43.661 secs using 398.3% CPU
Estimate model parameters (epsilon = 0.100)
BETTER TREE FOUND at iteration 133: -20917.504
Optimizing NNI: done in 40.5652 secs using 399.4% CPU
Optimizing NNI: done in 51.6357 secs using 399.5% CPU
Optimizing NNI: done in 62.5355 secs using 399.6% CPU
Optimizing NNI: done in 43.7846 secs using 399.3% CPU
Optimizing NNI: done in 42.595 secs using 399.7% CPU
Optimizing NNI: done in 36.0199 secs using 399.7% CPU
Optimizing NNI: done in 48.0577 secs using 399.7% CPU
Iteration 140 / LogL: -21070.880 / Time: 2h:48m:16s (1h:52m:35s left)
Optimizing NNI: done in 34.4788 secs using 399.1% CPU
Optimizing NNI: done in 35.1489 secs using 399.5% CPU
Optimizing NNI: done in 35.5989 secs using 399.7% CPU
Optimizing NNI: done in 44.813 secs using 399.7% CPU
Optimizing NNI: done in 46.8542 secs using 399.5% CPU
Optimizing NNI: done in 29.1104 secs using 399.7% CPU
Optimizing NNI: done in 41.0163 secs using 399.7% CPU
Optimizing NNI: done in 30.1314 secs using 399.7% CPU
Optimizing NNI: done in 75.4758 secs using 399.5% CPU
Optimizing NNI: done in 44.4425 secs using 399.7% CPU
BETTER TREE FOUND at iteration 150: -20917.495
Iteration 150 / LogL: -20917.495 / Time: 2h:55m:16s (1h:57m:37s left)
Optimizing NNI: done in 33.1556 secs using 399.7% CPU
Optimizing NNI: done in 39.054 secs using 399.6% CPU
Optimizing NNI: done in 43.9615 secs using 399.8% CPU
Optimizing NNI: done in 30.4099 secs using 399.2% CPU
Optimizing NNI: done in 40.9464 secs using 399.7% CPU
Optimizing NNI: done in 35.0989 secs using 399.7% CPU
Optimizing NNI: done in 42.3724 secs using 399.6% CPU
Optimizing NNI: done in 49.6439 secs using 399.1% CPU
Optimizing NNI: done in 42.4637 secs using 399.2% CPU
Optimizing NNI: done in 37.8803 secs using 399.2% CPU
Iteration 160 / LogL: -20922.581 / Time: 3h:1m:54s (1h:42m:57s left)
Optimizing NNI: done in 32.6094 secs using 399.1% CPU
Optimizing NNI: done in 50.4204 secs using 399.4% CPU
Optimizing NNI: done in 34.6553 secs using 399.5% CPU
Optimizing NNI: done in 40.098 secs using 399.7% CPU
Optimizing NNI: done in 38.3883 secs using 399.3% CPU
Optimizing NNI: done in 35.8057 secs using 399.8% CPU
Optimizing NNI: done in 48.6887 secs using 399.7% CPU
Optimizing NNI: done in 32.7275 secs using 399.6% CPU
Optimizing NNI: done in 39.0465 secs using 399.8% CPU
Optimizing NNI: done in 53.9503 secs using 398.9% CPU
Iteration 170 / LogL: -20935.115 / Time: 3h:8m:43s (1h:29m:20s left)
Optimizing NNI: done in 29.8503 secs using 399.2% CPU
Optimizing NNI: done in 33.2462 secs using 399.3% CPU
Optimizing NNI: done in 36.2427 secs using 399.6% CPU
Optimizing NNI: done in 29.1622 secs using 399.7% CPU
Optimizing NNI: done in 39.1836 secs using 399.3% CPU
Optimizing NNI: done in 42.2006 secs using 399.7% CPU
Optimizing NNI: done in 42.281 secs using 399.7% CPU
Optimizing NNI: done in 27.6177 secs using 399.7% CPU
Optimizing NNI: done in 33.0306 secs using 399.7% CPU
Optimizing NNI: done in 31.4608 secs using 399.2% CPU
Iteration 180 / LogL: -20917.505 / Time: 3h:14m:30s (1h:16m:3s left)
Optimizing NNI: done in 40.2577 secs using 397.3% CPU
Optimizing NNI: done in 35.9828 secs using 399.6% CPU
Optimizing NNI: done in 33.3513 secs using 399.7% CPU
Optimizing NNI: done in 35.5266 secs using 399.8% CPU
Optimizing NNI: done in 38.2447 secs using 399% CPU
Optimizing NNI: done in 37.1198 secs using 399.3% CPU
Optimizing NNI: done in 30.751 secs using 399.4% CPU
Optimizing NNI: done in 37.688 secs using 399.6% CPU
Optimizing NNI: done in 36.08 secs using 399.6% CPU
Optimizing NNI: done in 34.4956 secs using 398.3% CPU
Iteration 190 / LogL: -20927.145 / Time: 3h:20m:32s (1h:3m:39s left)
Optimizing NNI: done in 37.5942 secs using 399.3% CPU
Optimizing NNI: done in 40.3763 secs using 399.4% CPU
Optimizing NNI: done in 54.3152 secs using 399.7% CPU
Optimizing NNI: done in 41.5601 secs using 399.4% CPU
Optimizing NNI: done in 47.3699 secs using 399.7% CPU
Optimizing NNI: done in 38.0166 secs using 399.7% CPU
Optimizing NNI: done in 32.1682 secs using 399.6% CPU
Optimizing NNI: done in 31.3016 secs using 399.6% CPU
Optimizing NNI: done in 37.6912 secs using 399.3% CPU
Optimizing NNI: done in 41.5494 secs using 399.7% CPU
Iteration 200 / LogL: -20925.807 / Time: 3h:27m:17s (0h:52m:4s left)
Optimizing NNI: done in 37.8707 secs using 399.7% CPU
Optimizing NNI: done in 31.0633 secs using 399.7% CPU
Optimizing NNI: done in 32.6536 secs using 399.7% CPU
Optimizing NNI: done in 34.9919 secs using 399.1% CPU
Optimizing NNI: done in 38.5314 secs using 399.7% CPU
Optimizing NNI: done in 29.7089 secs using 399.8% CPU
Optimizing NNI: done in 38.0197 secs using 399.6% CPU
Optimizing NNI: done in 35.5552 secs using 399.7% CPU
Optimizing NNI: done in 39.0809 secs using 398.7% CPU
Optimizing NNI: done in 49.062 secs using 399.2% CPU
Iteration 210 / LogL: -20918.048 / Time: 3h:33m:26s (0h:40m:50s left)
Optimizing NNI: done in 31.1771 secs using 399.3% CPU
Optimizing NNI: done in 37.5026 secs using 399.7% CPU
Optimizing NNI: done in 21.8835 secs using 399.7% CPU
Optimizing NNI: done in 33.9453 secs using 399.3% CPU
Optimizing NNI: done in 46.8756 secs using 399.7% CPU
Optimizing NNI: done in 37.9887 secs using 399.7% CPU
Optimizing NNI: done in 55.6995 secs using 399.7% CPU
Optimizing NNI: done in 43.206 secs using 399.3% CPU
Optimizing NNI: done in 26.8266 secs using 399.7% CPU
Optimizing NNI: done in 35.6587 secs using 399.6% CPU
Iteration 220 / LogL: -20917.508 / Time: 3h:39m:39s (0h:30m:5s left)
Optimizing NNI: done in 51.1955 secs using 399.7% CPU
Optimizing NNI: done in 42.0095 secs using 399.7% CPU
Optimizing NNI: done in 40.6165 secs using 399.3% CPU
Estimate model parameters (epsilon = 0.100)
BETTER TREE FOUND at iteration 223: -20917.474
Optimizing NNI: done in 39.1868 secs using 399.6% CPU
Optimizing NNI: done in 40.7505 secs using 399.8% CPU
Optimizing NNI: done in 40.4493 secs using 399.7% CPU
Optimizing NNI: done in 36.6988 secs using 399.3% CPU
Estimate model parameters (epsilon = 0.100)
BETTER TREE FOUND at iteration 227: -20917.457
Optimizing NNI: done in 36.0704 secs using 399.8% CPU
Optimizing NNI: done in 42.0979 secs using 399.7% CPU
Optimizing NNI: done in 43.6022 secs using 399.7% CPU
Iteration 230 / LogL: -20941.579 / Time: 3h:46m:42s (1h:36m:1s left)
Optimizing NNI: done in 46.6519 secs using 399.5% CPU
Optimizing NNI: done in 45.3035 secs using 399.7% CPU
Optimizing NNI: done in 43.8004 secs using 399.7% CPU
Optimizing NNI: done in 34.6545 secs using 399.5% CPU
Optimizing NNI: done in 39.849 secs using 399.3% CPU
Optimizing NNI: done in 44.1083 secs using 399.7% CPU
Optimizing NNI: done in 40.9657 secs using 399.7% CPU
BETTER TREE FOUND at iteration 237: -20917.457
Optimizing NNI: done in 36.2289 secs using 399.7% CPU
Optimizing NNI: done in 33.6612 secs using 399.7% CPU
Optimizing NNI: done in 30.3969 secs using 399.3% CPU
Iteration 240 / LogL: -20917.657 / Time: 3h:53m:20s (1h:34m:42s left)
Optimizing NNI: done in 40.4104 secs using 399.6% CPU
Optimizing NNI: done in 37.3022 secs using 399.6% CPU
Optimizing NNI: done in 39.806 secs using 399.6% CPU
Optimizing NNI: done in 37.7805 secs using 399.3% CPU
Optimizing NNI: done in 37.7701 secs using 399.7% CPU
BETTER TREE FOUND at iteration 245: -20917.456
Optimizing NNI: done in 40.8379 secs using 399.7% CPU
Optimizing NNI: done in 34.5494 secs using 399.7% CPU
Optimizing NNI: done in 35.9529 secs using 399.7% CPU
Optimizing NNI: done in 45.7023 secs using 399.4% CPU
Optimizing NNI: done in 48.2751 secs using 399.7% CPU
Iteration 250 / LogL: -20917.472 / Time: 4h:0m:1s (1h:31m:34s left)
Optimizing NNI: done in 48.1028 secs using 399.7% CPU
Optimizing NNI: done in 34.1434 secs using 399.7% CPU
Optimizing NNI: done in 44.6533 secs using 399.5% CPU
Optimizing NNI: done in 51.0512 secs using 399.6% CPU
Optimizing NNI: done in 41.7472 secs using 399.8% CPU
Optimizing NNI: done in 48.6896 secs using 399.7% CPU
Optimizing NNI: done in 54.9499 secs using 399.4% CPU
Optimizing NNI: done in 42.5967 secs using 399.7% CPU
Optimizing NNI: done in 35.7166 secs using 399.7% CPU
Optimizing NNI: done in 50.112 secs using 399.7% CPU
UPDATE BEST LOG-LIKELIHOOD: -20917.453
Iteration 260 / LogL: -20917.453 / Time: 4h:7m:36s (1h:21m:15s left)
Optimizing NNI: done in 32.2639 secs using 399.3% CPU
Optimizing NNI: done in 41.5553 secs using 399.6% CPU
Optimizing NNI: done in 43.0118 secs using 399.6% CPU
Optimizing NNI: done in 44.8657 secs using 399.7% CPU
Optimizing NNI: done in 37.2896 secs using 399.2% CPU
Optimizing NNI: done in 34.4146 secs using 399.6% CPU
Optimizing NNI: done in 40.0535 secs using 399.7% CPU
Optimizing NNI: done in 38.9287 secs using 399.8% CPU
Optimizing NNI: done in 52.2008 secs using 399.7% CPU
Optimizing NNI: done in 50.5491 secs using 397.9% CPU
Iteration 270 / LogL: -20919.426 / Time: 4h:14m:33s (1h:10m:58s left)
Optimizing NNI: done in 44.2331 secs using 399.7% CPU
Optimizing NNI: done in 37.5648 secs using 399.8% CPU
Optimizing NNI: done in 43.4669 secs using 399% CPU
Optimizing NNI: done in 41.7496 secs using 399.1% CPU
Optimizing NNI: done in 44.4821 secs using 399.4% CPU
Optimizing NNI: done in 39.9976 secs using 399.7% CPU
Optimizing NNI: done in 41.2139 secs using 399.6% CPU
Optimizing NNI: done in 31.3606 secs using 399.4% CPU
Optimizing NNI: done in 31.4326 secs using 399.7% CPU
Optimizing NNI: done in 45.0832 secs using 399.7% CPU
Iteration 280 / LogL: -20931.409 / Time: 4h:21m:17s (1h:0m:52s left)
Optimizing NNI: done in 50.3769 secs using 399.7% CPU
Optimizing NNI: done in 31.6428 secs using 399.3% CPU
Optimizing NNI: done in 37.3679 secs using 399.8% CPU
Optimizing NNI: done in 35.482 secs using 399.7% CPU
Optimizing NNI: done in 28.3214 secs using 399.7% CPU
Optimizing NNI: done in 41.221 secs using 399.7% CPU
BETTER TREE FOUND at iteration 286: -20917.444
Optimizing NNI: done in 27.3038 secs using 399.2% CPU
Optimizing NNI: done in 31.8685 secs using 399.7% CPU
Optimizing NNI: done in 53.6607 secs using 399.6% CPU
Optimizing NNI: done in 41.5768 secs using 399.8% CPU
Iteration 290 / LogL: -20917.993 / Time: 4h:27m:38s (1h:28m:54s left)
Optimizing NNI: done in 34.2918 secs using 399.7% CPU
Optimizing NNI: done in 41.3271 secs using 399.4% CPU
Optimizing NNI: done in 35.2564 secs using 399.7% CPU
Optimizing NNI: done in 39.9324 secs using 399.7% CPU
Optimizing NNI: done in 43.4484 secs using 399.7% CPU
Optimizing NNI: done in 33.5453 secs using 399.4% CPU
Optimizing NNI: done in 31.4566 secs using 399.7% CPU
Optimizing NNI: done in 31.978 secs using 399.6% CPU
Optimizing NNI: done in 36.7108 secs using 399.7% CPU
Optimizing NNI: done in 35.3724 secs using 399.7% CPU
Iteration 300 / LogL: -20926.985 / Time: 4h:33m:44s (1h:18m:44s left)
Optimizing NNI: done in 35.8341 secs using 399.3% CPU
Optimizing NNI: done in 26.8856 secs using 399.7% CPU
Optimizing NNI: done in 37.6243 secs using 399.7% CPU
Optimizing NNI: done in 30.7988 secs using 399.8% CPU
Optimizing NNI: done in 39.9523 secs using 399.7% CPU
Optimizing NNI: done in 38.4626 secs using 399.4% CPU
Optimizing NNI: done in 39.322 secs using 399.2% CPU
Optimizing NNI: done in 36.4755 secs using 399.7% CPU
Optimizing NNI: done in 37.8497 secs using 399.6% CPU
Optimizing NNI: done in 37.3784 secs using 399.6% CPU
Iteration 310 / LogL: -20917.467 / Time: 4h:39m:48s (1h:8m:49s left)
Optimizing NNI: done in 30.0907 secs using 399.7% CPU
Optimizing NNI: done in 30.2029 secs using 399.4% CPU
Optimizing NNI: done in 31.9988 secs using 399.6% CPU
Optimizing NNI: done in 35.273 secs using 399.7% CPU
Optimizing NNI: done in 30.219 secs using 399.7% CPU
Optimizing NNI: done in 37.1803 secs using 399.6% CPU
Optimizing NNI: done in 42.8416 secs using 399.4% CPU
Optimizing NNI: done in 40.7847 secs using 399.7% CPU
Optimizing NNI: done in 34.5301 secs using 399.7% CPU
Optimizing NNI: done in 50.2992 secs using 399.7% CPU
Iteration 320 / LogL: -20917.452 / Time: 4h:45m:54s (0h:59m:9s left)
Optimizing NNI: done in 35.929 secs using 399.6% CPU
Optimizing NNI: done in 37.0962 secs using 398.3% CPU
Optimizing NNI: done in 31.2537 secs using 399.2% CPU
Optimizing NNI: done in 33.892 secs using 399.7% CPU
Optimizing NNI: done in 39.3149 secs using 399.4% CPU
Optimizing NNI: done in 37.0615 secs using 399.6% CPU
Optimizing NNI: done in 33.3035 secs using 399.2% CPU
Optimizing NNI: done in 36.6776 secs using 399.6% CPU
Optimizing NNI: done in 53.1342 secs using 399.7% CPU
Optimizing NNI: done in 41.8894 secs using 399.7% CPU
Iteration 330 / LogL: -20926.230 / Time: 4h:52m:16s (0h:49m:44s left)
Optimizing NNI: done in 29.7228 secs using 399.7% CPU
Optimizing NNI: done in 38.7529 secs using 399.4% CPU
Optimizing NNI: done in 36.1141 secs using 399.7% CPU
Optimizing NNI: done in 46.513 secs using 399.7% CPU
Optimizing NNI: done in 36.3923 secs using 399.7% CPU
Optimizing NNI: done in 30.7273 secs using 399.3% CPU
Optimizing NNI: done in 38.2694 secs using 399.7% CPU
Optimizing NNI: done in 44.6175 secs using 399.7% CPU
Optimizing NNI: done in 36.4759 secs using 399.7% CPU
Optimizing NNI: done in 44.5486 secs using 399.6% CPU
Iteration 340 / LogL: -20924.971 / Time: 4h:58m:41s (0h:40m:31s left)
Optimizing NNI: done in 38.5113 secs using 399.3% CPU
Optimizing NNI: done in 53.3878 secs using 399.7% CPU
Optimizing NNI: done in 38.4305 secs using 399.6% CPU
Optimizing NNI: done in 53.0299 secs using 399.7% CPU
Optimizing NNI: done in 38.3062 secs using 399.3% CPU
Optimizing NNI: done in 33.3645 secs using 399.6% CPU
Optimizing NNI: done in 35.2304 secs using 399.7% CPU
Optimizing NNI: done in 51.203 secs using 399.7% CPU
Optimizing NNI: done in 29.0792 secs using 399.3% CPU
Optimizing NNI: done in 48.5832 secs using 399.7% CPU
Iteration 350 / LogL: -20923.313 / Time: 5h:5m:43s (0h:31m:32s left)
Optimizing NNI: done in 30.8289 secs using 399.6% CPU
Optimizing NNI: done in 59.2319 secs using 399.6% CPU
Optimizing NNI: done in 43.1498 secs using 399.4% CPU
Optimizing NNI: done in 41.2358 secs using 399.7% CPU
Optimizing NNI: done in 37.7424 secs using 399.6% CPU
Optimizing NNI: done in 35.9946 secs using 399.7% CPU
Optimizing NNI: done in 37.6237 secs using 399.7% CPU
Optimizing NNI: done in 38.9911 secs using 399.4% CPU
Optimizing NNI: done in 34.7795 secs using 399.7% CPU
Optimizing NNI: done in 48.8053 secs using 399.7% CPU
Iteration 360 / LogL: -20927.613 / Time: 5h:12m:34s (0h:22m:38s left)
Optimizing NNI: done in 43.9958 secs using 399.7% CPU
Optimizing NNI: done in 44.596 secs using 399.4% CPU
Optimizing NNI: done in 34.65 secs using 399.7% CPU
Optimizing NNI: done in 42.8351 secs using 399.6% CPU
Optimizing NNI: done in 36.2016 secs using 399.7% CPU
Optimizing NNI: done in 47.633 secs using 399.3% CPU
Optimizing NNI: done in 31.8594 secs using 399.6% CPU
Optimizing NNI: done in 41.5879 secs using 399.6% CPU
Optimizing NNI: done in 27.8952 secs using 399.7% CPU
Optimizing NNI: done in 60.6661 secs using 399.7% CPU
Iteration 370 / LogL: -20956.297 / Time: 5h:19m:28s (0h:13m:51s left)
Optimizing NNI: done in 34.4207 secs using 399.4% CPU
Optimizing NNI: done in 33.4768 secs using 399.7% CPU
Optimizing NNI: done in 37.0788 secs using 399.6% CPU
Optimizing NNI: done in 37.8569 secs using 399.7% CPU
Optimizing NNI: done in 35.5464 secs using 399.7% CPU
Optimizing NNI: done in 51.9753 secs using 399.4% CPU
Optimizing NNI: done in 39.3764 secs using 399.7% CPU
Optimizing NNI: done in 46.1736 secs using 399.6% CPU
Optimizing NNI: done in 59.2739 secs using 399.7% CPU
Optimizing NNI: done in 42.0052 secs using 399.4% CPU
Iteration 380 / LogL: -20917.463 / Time: 5h:26m:28s (0h:5m:10s left)
Optimizing NNI: done in 36.3913 secs using 399.7% CPU
Optimizing NNI: done in 45.7379 secs using 399.7% CPU
Optimizing NNI: done in 32.0771 secs using 399.7% CPU
Optimizing NNI: done in 55.5487 secs using 399.5% CPU
Optimizing NNI: done in 34.7103 secs using 399.6% CPU
Optimizing NNI: done in 46.1408 secs using 399.7% CPU
Optimizing NNI: done in 34.3256 secs using 399.6% CPU
TREE SEARCH COMPLETED AFTER 387 ITERATIONS / Time: 5h:31m:15s

--------------------------------------------------------------------
|                    FINALIZING TREE SEARCH                        |
--------------------------------------------------------------------
Performs final model parameters optimization
Estimate model parameters (epsilon = 0.010)
1. Initial log-likelihood: -20917.444
Optimal log-likelihood: -20917.443
Gamma shape alpha: 0.369
Parameters optimization took 1 rounds (3.684 sec)
BEST SCORE FOUND : -20917.443
Total tree length: 0.589

Total number of iterations: 387
CPU time used for tree search: 79054.200 sec (21h:57m:34s)
Wall-clock time used for tree search: 19818.953 sec (5h:30m:18s)
Total CPU time used: 79292.577 sec (22h:1m:32s)
Total wall-clock time used: 19879.241 sec (5h:31m:19s)

Analysis results written to: 
  IQ-TREE report:                HTT_WAG.iqtree
  Maximum-likelihood tree:       HTT_WAG.treefile
  Likelihood distances:          HTT_WAG.mldist
  Screen log file:               HTT_WAG.log

Date and Time: Sat Jan 27 01:17:10 2024
