IQ-TREE multicore version 2.2.0-beta COVID-edition for Linux 64-bit built Dec 21 2021 built Dec 21 2021
Developed by Bui Quang Minh, James Barbetti, Nguyen Lam Tung,
Olga Chernomor, Heiko Schmidt, Dominik Schrempf, Michael Woodhams, Ly Trong Nhan.

Host:    awarnach14 (SSE3, 3 GB RAM)
Command: iqtree -s translated/MYO7A_codon_aligned.translated.fasta -st AA -m WAG+G4 -pre MYO7A_WAG -nt 4
Seed:    566811 (Using SPRNG - Scalable Parallel Random Number Generator)
Time:    Fri Jan 26 12:28:37 2024
Kernel:  SSE2 - 4 threads (4 CPU cores detected)

Reading alignment file translated/MYO7A_codon_aligned.translated.fasta ... Fasta format detected
Reading fasta file: done in 0.00901295 secs using 56.76% CPU
Alignment most likely contains protein sequences
Constructing alignment: done in 0.0118944 secs using 97.55% CPU
Alignment has 90 sequences with 2177 columns, 992 distinct patterns
69 parsimony-informative, 188 singleton sites, 1920 constant sites
                    Gap/Ambiguity  Composition  p-value
Analyzing sequences: done in 0.000457618 secs using 56.6% CPU
   1  Bacu_MYO7A           33.30%    passed    100.00%
   2  Barn_MYO7A           65.59%    passed     99.95%
   3  Bbai76728_MYO7A      43.18%    passed    100.00%
   4  BbonAUS_MYO7A        44.10%    passed    100.00%
   5  Bbor_MYO7A           40.51%    passed    100.00%
   6  Bede66737_MYO7A      36.52%    passed    100.00%
   7  BedeAUS_MYO7A        39.73%    passed    100.00%
   8  Bmus_MYO7A            0.00%    passed     98.95%
   9  Bmys_MYO7A           36.06%    passed     99.80%
  10  Bphy_MYO7A           33.30%    passed    100.00%
  11  Bphy_baits_MYO7A     44.60%    passed     99.94%
  12  Btau_MYO7A            0.00%    passed     99.59%
  13  Ccom40_MYO7A         68.40%    passed     94.66%
  14  Chea7320_MYO7A       46.44%    passed    100.00%
  15  Chir_MYO7A            0.00%    passed     99.52%
  16  Cmar59905_MYO7A      42.77%    passed     99.99%
  17  Dcap108471_MYO7A     38.86%    passed    100.00%
  18  Dcap79929_MYO7A      36.66%    passed    100.00%
  19  DdelSJR_MYO7A        41.62%    passed     99.99%
  20  Ddeltrop4525_MYO7A   46.03%    passed     99.99%
  21  Dleu_MYO7A            0.00%    passed     99.07%
  22  EausAUS_MYO7A        55.08%    passed     99.91%
  23  Ecab_MYO7A            0.00%    passed     99.07%
  24  Egla13086_MYO7A      40.93%    passed    100.00%
  25  Ejap43864_MYO7A      41.30%    passed    100.00%
  26  Erob133443_MYO7A     47.50%    passed     99.97%
  27  Fatt_MYO7A           45.02%    passed    100.00%
  28  Ggri_MYO7A           41.07%    passed    100.00%
  29  Gmac39091_MYO7A      38.45%    passed    100.00%
  30  Gmel_MYO7A            0.00%    passed     98.63%
  31  Hamp_MYO7A           39.50%    passed    100.00%
  32  Hippo_MYO7A           0.00%    passed     98.74%
  33  Igeo_MYO7A           54.66%    passed     95.65%
  34  Kbre_MYO7A           41.34%    passed     99.99%
  35  Ksim_MYO7A           52.37%    passed     99.92%
  36  Lacu_MYO7A           50.16%    passed     99.91%
  37  Lalb_MYO7A           42.21%    passed    100.00%
  38  Laus_MYO7A           44.24%    passed    100.00%
  39  Lbor_MYO7A           60.63%    passed     99.94%
  40  Lhos30470_MYO7A      43.13%    passed    100.00%
  41  Lhos452_MYO7A        33.90%    passed    100.00%
  42  Lobl_MYO7A           36.24%    passed    100.00%
  43  Lobs_MYO7A           45.38%    passed    100.00%
  44  LperAUS_MYO7A        52.78%    passed     99.19%
  45  Lvex_MYO7A            0.00%    passed     98.79%
  46  Mbid_MYO7A           51.03%    passed    100.00%
  47  Mbow_MYO7A           44.60%    passed     99.99%
  48  Mcar_MYO7A           47.86%    passed     99.91%
  49  Mden_MYO7A           59.16%    passed     99.17%
  50  Meur_MYO7A           49.24%    passed     99.88%
  51  Mgin_MYO7A           46.21%    passed     98.77%
  52  Mhec_MYO7A           53.79%    passed     99.90%
  53  MlayAUS_MYO7A        54.85%    passed     99.89%
  54  Mmir_MYO7A           65.00%    passed     96.44%
  55  Mmon_MYO7A            0.00%    passed     99.00%
  56  Mper_MYO7A           48.23%    passed     99.89%
  57  Mpni_MYO7A           54.89%    passed     99.90%
  58  Mste_MYO7A           45.02%    passed     99.84%
  59  Naasi_MYO7A           0.00%    passed     96.03%
  60  Npho_MYO7A           35.32%    passed    100.00%
  61  Oari_MYO7A            0.00%    passed     99.62%
  62  Obre_MYO7A           41.20%    passed    100.00%
  63  Ohei_MYO7A           45.71%    passed    100.00%
  64  Oorc_MYO7A            0.00%    passed     98.78%
  65  Pbla7349_MYO7A       46.85%    passed     99.99%
  66  Pcra123188_MYO7A     44.24%    passed     99.99%
  67  Pdio_MYO7A           45.98%    passed    100.00%
  68  Pele_MYO7A           44.51%    passed    100.00%
  69  Pmac_MYO7A           61.51%    passed     97.34%
  70  Pcat_MYO7A           36.75%    passed     99.98%
  71  Ppho_MYO7A           44.46%    passed    100.00%
  72  Pspi_MYO7A           59.03%    passed     99.08%
  73  Psin_MYO7A            0.00%    passed     98.85%
  74  Satt18473_MYO7A      39.69%    passed    100.00%
  75  Satt38219_MYO7A      60.91%    passed     98.51%
  76  Sbre116871_MYO7A     41.71%    passed    100.00%
  77  Sbre18437_MYO7A      49.29%    passed    100.00%
  78  Schi_MYO7A           43.18%    passed    100.00%
  79  Scly1726_MYO7A       41.11%    passed    100.00%
  80  Scoe_MYO7A           39.46%    passed    100.00%
  81  Sflu9837_MYO7A       41.48%    passed    100.00%
  82  Sfro7782_MYO7A       47.54%    passed    100.00%
  83  Sfro7784_MYO7A       47.08%    passed     99.92%
  84  Slon16012_MYO7A      50.34%    passed     99.97%
  85  Slon24923_MYO7A      35.65%    passed    100.00%
  86  Sscr_MYO7A            1.19%    passed     98.52%
  87  Tadu79924_MYO7A      51.63%    passed     98.19%
  88  Tshe_MYO7A           45.84%    passed    100.00%
  89  Ttru_MYO7A           38.59%    passed     99.98%
  90  Zcav_MYO7A           55.21%    passed     99.82%
WARNING: 20 sequences contain more than 50% gaps/ambiguity
****  TOTAL                38.88%  0 sequences failed composition chi2 test (p-value<5%; df=19)
Checking for duplicate sequences: done in 0.00141476 secs using 247.7% CPU

Create initial parsimony tree by phylogenetic likelihood library (PLL)... 0.003 seconds

NOTE: 56 MB RAM (0 GB) is required!
Estimate model parameters (epsilon = 0.100)
1. Initial log-likelihood: -12129.062
2. Current log-likelihood: -11599.628
3. Current log-likelihood: -11504.195
4. Current log-likelihood: -11465.446
5. Current log-likelihood: -11458.377
6. Current log-likelihood: -11457.735
Optimal log-likelihood: -11457.678
Gamma shape alpha: 0.115
Parameters optimization took 6 rounds (19.309 sec)
Wrote distance file to... 
Computing ML distances based on estimated model parameters...
Calculating distance matrix: done in 1.82964 secs using 399.8% CPU
Computing ML distances took 1.830718 sec (of wall-clock time) 7.316082 sec (of CPU time)
Setting up auxiliary I and S matrices: done in 0.0008683 secs using 166.5% CPU
Constructing RapidNJ tree: done in 0.0599167 secs using 64.21% CPU
Computing RapidNJ tree took 0.060977 sec (of wall-clock time) 0.040031 sec (of CPU time)
Log-likelihood of RapidNJ tree: -9333.459
--------------------------------------------------------------------
|             INITIALIZING CANDIDATE TREE SET                      |
--------------------------------------------------------------------
Generating 98 parsimony trees... 0.568 second
Computing log-likelihood of 98 initial trees ... 52.218 seconds
Current best score: -9333.459

Do NNI search on 20 best initial trees
Optimizing NNI: done in 28.3723 secs using 399.6% CPU
Estimate model parameters (epsilon = 0.100)
BETTER TREE FOUND at iteration 1: -9219.579
Optimizing NNI: done in 99.2247 secs using 399.3% CPU
Optimizing NNI: done in 104.619 secs using 399.6% CPU
Optimizing NNI: done in 87.3204 secs using 399.5% CPU
Optimizing NNI: done in 115.131 secs using 399.7% CPU
Optimizing NNI: done in 102.911 secs using 399.7% CPU
Optimizing NNI: done in 86.8289 secs using 399.5% CPU
Optimizing NNI: done in 116.857 secs using 399.7% CPU
Optimizing NNI: done in 89.0184 secs using 399.7% CPU
Optimizing NNI: done in 114.139 secs using 399.6% CPU
Iteration 10 / LogL: -9292.399 / Time: 0h:17m:26s
Optimizing NNI: done in 110.963 secs using 399.7% CPU
Optimizing NNI: done in 116.004 secs using 399.7% CPU
Optimizing NNI: done in 112.935 secs using 399.7% CPU
Optimizing NNI: done in 82.1211 secs using 399.7% CPU
Optimizing NNI: done in 84.1417 secs using 399.7% CPU
Optimizing NNI: done in 99.8023 secs using 399.6% CPU
Optimizing NNI: done in 112.233 secs using 399.7% CPU
Optimizing NNI: done in 102.145 secs using 399.7% CPU
Optimizing NNI: done in 112.412 secs using 399.6% CPU
Optimizing NNI: done in 145.388 secs using 399.6% CPU
Iteration 20 / LogL: -9483.343 / Time: 0h:35m:26s
Finish initializing candidate tree set (20)
Current best tree score: -9219.579 / CPU time: 2081.960
Number of iterations: 20
--------------------------------------------------------------------
|               OPTIMIZING CANDIDATE TREE SET                      |
--------------------------------------------------------------------
Optimizing NNI: done in 15.0375 secs using 399.5% CPU
Optimizing NNI: done in 15.381 secs using 399.7% CPU
Optimizing NNI: done in 14.8506 secs using 399.7% CPU
Optimizing NNI: done in 17.0498 secs using 399.6% CPU
Optimizing NNI: done in 16.7491 secs using 399.7% CPU
Estimate model parameters (epsilon = 0.100)
BETTER TREE FOUND at iteration 25: -9216.686
Optimizing NNI: done in 13.9903 secs using 399.5% CPU
Optimizing NNI: done in 19.767 secs using 399.5% CPU
Optimizing NNI: done in 16.93 secs using 399.8% CPU
Optimizing NNI: done in 16.7537 secs using 399.7% CPU
Optimizing NNI: done in 14.2206 secs using 399.7% CPU
Iteration 30 / LogL: -9223.799 / Time: 0h:38m:9s (2h:5m:0s left)
Optimizing NNI: done in 12.9134 secs using 399.7% CPU
Estimate model parameters (epsilon = 0.100)
BETTER TREE FOUND at iteration 31: -9216.438
Optimizing NNI: done in 16.5567 secs using 399.7% CPU
Estimate model parameters (epsilon = 0.100)
BETTER TREE FOUND at iteration 32: -9214.252
Optimizing NNI: done in 15.9156 secs using 399.7% CPU
Optimizing NNI: done in 12.8 secs using 399.8% CPU
Estimate model parameters (epsilon = 0.100)
BETTER TREE FOUND at iteration 34: -9211.025
Optimizing NNI: done in 20.4954 secs using 399.7% CPU
Optimizing NNI: done in 16.859 secs using 399.5% CPU
Optimizing NNI: done in 15.4522 secs using 399.7% CPU
Estimate model parameters (epsilon = 0.100)
BETTER TREE FOUND at iteration 37: -9210.950
Optimizing NNI: done in 14.3865 secs using 399.7% CPU
Optimizing NNI: done in 19.5864 secs using 399.7% CPU
BETTER TREE FOUND at iteration 39: -9210.947
Optimizing NNI: done in 16.3596 secs using 399.6% CPU
Iteration 40 / LogL: -9230.823 / Time: 0h:41m:1s (1h:44m:9s left)
Optimizing NNI: done in 8.99571 secs using 399.6% CPU
Optimizing NNI: done in 15.6297 secs using 399.5% CPU
Optimizing NNI: done in 10.1641 secs using 399.8% CPU
Optimizing NNI: done in 13.1963 secs using 399.7% CPU
Optimizing NNI: done in 19.8304 secs using 399.7% CPU
Estimate model parameters (epsilon = 0.100)
BETTER TREE FOUND at iteration 45: -9207.744
Optimizing NNI: done in 18.0604 secs using 399.6% CPU
Optimizing NNI: done in 10.6075 secs using 399.5% CPU
Optimizing NNI: done in 17.1 secs using 399.8% CPU
Optimizing NNI: done in 17.8301 secs using 399.7% CPU
Optimizing NNI: done in 15.2041 secs using 399.7% CPU
Iteration 50 / LogL: -9211.030 / Time: 0h:43m:31s (1h:24m:22s left)
Optimizing NNI: done in 16.4978 secs using 399.6% CPU
Optimizing NNI: done in 13.6619 secs using 399.7% CPU
Optimizing NNI: done in 19.6772 secs using 399.7% CPU
Estimate model parameters (epsilon = 0.100)
BETTER TREE FOUND at iteration 53: -9206.874
Optimizing NNI: done in 17.3037 secs using 399.7% CPU
Estimate model parameters (epsilon = 0.100)
BETTER TREE FOUND at iteration 54: -9206.791
Optimizing NNI: done in 15.3782 secs using 399.7% CPU
Optimizing NNI: done in 15.3439 secs using 399.6% CPU
Optimizing NNI: done in 14.3728 secs using 399.4% CPU
Optimizing NNI: done in 14.4135 secs using 399.7% CPU
Optimizing NNI: done in 13.8033 secs using 399.7% CPU
Optimizing NNI: done in 15.9988 secs using 399.7% CPU
Iteration 60 / LogL: -9206.791 / Time: 0h:46m:12s (1h:13m:37s left)
Optimizing NNI: done in 9.23736 secs using 399.6% CPU
Optimizing NNI: done in 17.0755 secs using 399.5% CPU
Optimizing NNI: done in 16.2966 secs using 399.7% CPU
Optimizing NNI: done in 20.8974 secs using 399.7% CPU
Optimizing NNI: done in 14.4768 secs using 399.8% CPU
Optimizing NNI: done in 15.7137 secs using 399.8% CPU
Optimizing NNI: done in 16.4462 secs using 399.7% CPU
BETTER TREE FOUND at iteration 67: -9206.788
Optimizing NNI: done in 16.5984 secs using 399.4% CPU
BETTER TREE FOUND at iteration 68: -9206.786
Optimizing NNI: done in 17.3261 secs using 399.6% CPU
Optimizing NNI: done in 18.768 secs using 399.7% CPU
Iteration 70 / LogL: -9208.445 / Time: 0h:48m:56s (1h:9m:30s left)
Optimizing NNI: done in 19.2492 secs using 399.8% CPU
Optimizing NNI: done in 21.4911 secs using 399.7% CPU
Optimizing NNI: done in 15.8227 secs using 399.6% CPU
Optimizing NNI: done in 11.5008 secs using 399.6% CPU
Optimizing NNI: done in 17.2192 secs using 399.7% CPU
Optimizing NNI: done in 17.8065 secs using 399.7% CPU
Optimizing NNI: done in 16.8946 secs using 399.7% CPU
Optimizing NNI: done in 15.7019 secs using 399.5% CPU
Optimizing NNI: done in 11.6542 secs using 399.8% CPU
Optimizing NNI: done in 15.7999 secs using 399.7% CPU
Iteration 80 / LogL: -9206.790 / Time: 0h:51m:40s (0h:57m:34s left)
Optimizing NNI: done in 16.9678 secs using 399.7% CPU
Optimizing NNI: done in 17.1184 secs using 399.8% CPU
Optimizing NNI: done in 15.4263 secs using 399.6% CPU
Optimizing NNI: done in 15.3832 secs using 399.6% CPU
Optimizing NNI: done in 18.8204 secs using 399.8% CPU
Optimizing NNI: done in 15.5014 secs using 399.7% CPU
Optimizing NNI: done in 15.8324 secs using 399.6% CPU
Optimizing NNI: done in 17.0822 secs using 399.6% CPU
Optimizing NNI: done in 17.7009 secs using 399.5% CPU
Optimizing NNI: done in 13.0515 secs using 399.6% CPU
Iteration 90 / LogL: -9206.793 / Time: 0h:54m:25s (0h:47m:41s left)
Optimizing NNI: done in 15.8841 secs using 399.7% CPU
Optimizing NNI: done in 15.5427 secs using 399.8% CPU
Optimizing NNI: done in 14.0016 secs using 399.7% CPU
Optimizing NNI: done in 12.835 secs using 399.7% CPU
Optimizing NNI: done in 20.1558 secs using 399.7% CPU
Optimizing NNI: done in 18.5369 secs using 399.8% CPU
Optimizing NNI: done in 14.716 secs using 399.8% CPU
Optimizing NNI: done in 12.4101 secs using 399.5% CPU
Optimizing NNI: done in 17.0376 secs using 399.6% CPU
Optimizing NNI: done in 15.8172 secs using 399.2% CPU
Iteration 100 / LogL: -9224.459 / Time: 0h:57m:3s (0h:39m:11s left)
Optimizing NNI: done in 14.0433 secs using 399.7% CPU
Optimizing NNI: done in 11.947 secs using 399.8% CPU
Optimizing NNI: done in 13.9844 secs using 399.7% CPU
Optimizing NNI: done in 15.0504 secs using 399.8% CPU
Optimizing NNI: done in 18.6702 secs using 399.7% CPU
BETTER TREE FOUND at iteration 105: -9206.786
Optimizing NNI: done in 13.8754 secs using 399.7% CPU
Optimizing NNI: done in 13.5762 secs using 399.7% CPU
Optimizing NNI: done in 15.3364 secs using 399.7% CPU
BETTER TREE FOUND at iteration 108: -9206.784
Optimizing NNI: done in 15.9391 secs using 399.7% CPU
Optimizing NNI: done in 12.3306 secs using 399.2% CPU
Iteration 110 / LogL: -9206.863 / Time: 0h:59m:29s (0h:53m:29s left)
Optimizing NNI: done in 21.6126 secs using 399.8% CPU
Optimizing NNI: done in 13.082 secs using 399.7% CPU
Optimizing NNI: done in 19.7623 secs using 399.7% CPU
Optimizing NNI: done in 18.9675 secs using 399.7% CPU
Optimizing NNI: done in 15.6631 secs using 399.8% CPU
Optimizing NNI: done in 17.0296 secs using 399.7% CPU
Optimizing NNI: done in 13.3233 secs using 399.7% CPU
Optimizing NNI: done in 17.6381 secs using 399.8% CPU
Optimizing NNI: done in 16.6784 secs using 399.6% CPU
Optimizing NNI: done in 7.04259 secs using 399.9% CPU
Iteration 120 / LogL: -9212.319 / Time: 1h:2m:11s (0h:45m:59s left)
Optimizing NNI: done in 14.4774 secs using 399.8% CPU
Optimizing NNI: done in 16.0156 secs using 399.8% CPU
Optimizing NNI: done in 12.8528 secs using 399.8% CPU
Optimizing NNI: done in 19.4729 secs using 399.6% CPU
Optimizing NNI: done in 16.4907 secs using 399.7% CPU
Optimizing NNI: done in 20.5611 secs using 399.7% CPU
Optimizing NNI: done in 10.4933 secs using 399.9% CPU
Optimizing NNI: done in 12.8106 secs using 399.8% CPU
Optimizing NNI: done in 13.8589 secs using 399.7% CPU
Optimizing NNI: done in 16.0928 secs using 399.7% CPU
Iteration 130 / LogL: -9210.803 / Time: 1h:4m:45s (0h:39m:9s left)
Optimizing NNI: done in 11.4194 secs using 399.8% CPU
Optimizing NNI: done in 16.6988 secs using 399.7% CPU
Optimizing NNI: done in 13.8922 secs using 399.6% CPU
Optimizing NNI: done in 10.7975 secs using 399.7% CPU
Optimizing NNI: done in 13.4191 secs using 399.7% CPU
Optimizing NNI: done in 18.7588 secs using 399.7% CPU
Optimizing NNI: done in 17.7005 secs using 399.7% CPU
BETTER TREE FOUND at iteration 137: -9206.783
Optimizing NNI: done in 11.2385 secs using 399.6% CPU
Optimizing NNI: done in 15.9914 secs using 399.9% CPU
Optimizing NNI: done in 12.0753 secs using 399.3% CPU
Iteration 140 / LogL: -9208.307 / Time: 1h:7m:8s (0h:46m:51s left)
Optimizing NNI: done in 15.4309 secs using 399.8% CPU
Optimizing NNI: done in 22.0372 secs using 399.7% CPU
Optimizing NNI: done in 16.4299 secs using 399.7% CPU
Optimizing NNI: done in 14.1909 secs using 399.7% CPU
Optimizing NNI: done in 12.8373 secs using 399.8% CPU
Optimizing NNI: done in 30.8059 secs using 399.7% CPU
Optimizing NNI: done in 11.614 secs using 399.8% CPU
Optimizing NNI: done in 20.1315 secs using 399.3% CPU
Optimizing NNI: done in 15.9185 secs using 399.8% CPU
Optimizing NNI: done in 21.4423 secs using 399.8% CPU
Iteration 150 / LogL: -9206.785 / Time: 1h:10m:11s (0h:40m:58s left)
Optimizing NNI: done in 14.5666 secs using 399.8% CPU
Optimizing NNI: done in 15.3397 secs using 399.8% CPU
Optimizing NNI: done in 14.989 secs using 399.7% CPU
Optimizing NNI: done in 15.832 secs using 399.6% CPU
Optimizing NNI: done in 11.8627 secs using 399.6% CPU
Optimizing NNI: done in 14.9011 secs using 399.7% CPU
Optimizing NNI: done in 19.907 secs using 399.8% CPU
Optimizing NNI: done in 19.2612 secs using 399.4% CPU
Optimizing NNI: done in 19.6816 secs using 399.7% CPU
Optimizing NNI: done in 21.8128 secs using 399.8% CPU
Iteration 160 / LogL: -9210.798 / Time: 1h:13m:0s (0h:35m:21s left)
Optimizing NNI: done in 11.6456 secs using 399.8% CPU
Optimizing NNI: done in 17.592 secs using 399.7% CPU
Optimizing NNI: done in 16.9386 secs using 399.6% CPU
Optimizing NNI: done in 16.6905 secs using 399.8% CPU
Optimizing NNI: done in 17.7822 secs using 399.7% CPU
Optimizing NNI: done in 17.7804 secs using 399.7% CPU
Optimizing NNI: done in 18.1047 secs using 399.6% CPU
Optimizing NNI: done in 13.0754 secs using 399.5% CPU
Optimizing NNI: done in 15.8142 secs using 399.7% CPU
Optimizing NNI: done in 19.1811 secs using 399.7% CPU
Iteration 170 / LogL: -9212.373 / Time: 1h:15m:46s (0h:30m:2s left)
Optimizing NNI: done in 19.2251 secs using 399.7% CPU
Optimizing NNI: done in 11.5003 secs using 399.7% CPU
Optimizing NNI: done in 15.2162 secs using 399.4% CPU
Optimizing NNI: done in 11.2959 secs using 399.7% CPU
Optimizing NNI: done in 11.5184 secs using 399.8% CPU
Optimizing NNI: done in 17.5626 secs using 399.7% CPU
Optimizing NNI: done in 12.8108 secs using 399.8% CPU
Optimizing NNI: done in 16.4039 secs using 399.7% CPU
Optimizing NNI: done in 17.957 secs using 399.2% CPU
Optimizing NNI: done in 14.964 secs using 399.7% CPU
Iteration 180 / LogL: -9206.875 / Time: 1h:18m:15s (0h:24m:55s left)
Optimizing NNI: done in 17.5086 secs using 399.6% CPU
Optimizing NNI: done in 13.6527 secs using 399.8% CPU
Optimizing NNI: done in 17.8261 secs using 399.7% CPU
Optimizing NNI: done in 17.5688 secs using 399.9% CPU
Optimizing NNI: done in 11.5605 secs using 399.7% CPU
Optimizing NNI: done in 13.7196 secs using 399.8% CPU
Optimizing NNI: done in 14.5881 secs using 399.6% CPU
Optimizing NNI: done in 15.6088 secs using 399.7% CPU
Optimizing NNI: done in 10.9022 secs using 399.7% CPU
Optimizing NNI: done in 17.9699 secs using 399.4% CPU
BETTER TREE FOUND at iteration 190: -9206.783
Iteration 190 / LogL: -9206.783 / Time: 1h:20m:48s (0h:42m:45s left)
Optimizing NNI: done in 19.6298 secs using 399.7% CPU
Optimizing NNI: done in 15.6258 secs using 399.8% CPU
Optimizing NNI: done in 14.7905 secs using 399.7% CPU
Optimizing NNI: done in 31.497 secs using 399.7% CPU
Optimizing NNI: done in 12.1868 secs using 399.8% CPU
Optimizing NNI: done in 11.6392 secs using 399.7% CPU
Optimizing NNI: done in 15.1897 secs using 399.7% CPU
Optimizing NNI: done in 13.3443 secs using 399.4% CPU
BETTER TREE FOUND at iteration 198: -9206.783
Optimizing NNI: done in 20.6698 secs using 399.7% CPU
Optimizing NNI: done in 16.3943 secs using 399.8% CPU
Iteration 200 / LogL: -9210.659 / Time: 1h:23m:40s (0h:41m:12s left)
Optimizing NNI: done in 16.3163 secs using 399.8% CPU
Optimizing NNI: done in 15.8984 secs using 399.8% CPU
Optimizing NNI: done in 17.1413 secs using 399.7% CPU
Optimizing NNI: done in 17.1016 secs using 399.7% CPU
Optimizing NNI: done in 15.5296 secs using 399.7% CPU
Optimizing NNI: done in 12.6914 secs using 399.8% CPU
Optimizing NNI: done in 16.8377 secs using 399.1% CPU
Optimizing NNI: done in 14.3768 secs using 399.7% CPU
Optimizing NNI: done in 14.5133 secs using 399.6% CPU
Optimizing NNI: done in 11.7391 secs using 399.7% CPU
Iteration 210 / LogL: -9206.790 / Time: 1h:26m:13s (0h:36m:18s left)
Optimizing NNI: done in 16.2657 secs using 399.6% CPU
Optimizing NNI: done in 14.1377 secs using 399.7% CPU
Optimizing NNI: done in 14.3398 secs using 399.7% CPU
Optimizing NNI: done in 11.4749 secs using 399.7% CPU
Optimizing NNI: done in 15.3374 secs using 399.7% CPU
Optimizing NNI: done in 14.5123 secs using 399.6% CPU
Optimizing NNI: done in 18.3213 secs using 399.6% CPU
Optimizing NNI: done in 31.4244 secs using 399.7% CPU
Optimizing NNI: done in 17.0428 secs using 399.8% CPU
Optimizing NNI: done in 14.3154 secs using 399.8% CPU
Iteration 220 / LogL: -9206.789 / Time: 1h:29m:2s (0h:31m:42s left)
Optimizing NNI: done in 14.4054 secs using 399.7% CPU
Optimizing NNI: done in 12.5585 secs using 399.6% CPU
Optimizing NNI: done in 10.6897 secs using 399.7% CPU
Optimizing NNI: done in 12.6748 secs using 399% CPU
Optimizing NNI: done in 15.1613 secs using 399.7% CPU
BETTER TREE FOUND at iteration 225: -9206.781
Optimizing NNI: done in 13.7259 secs using 399.7% CPU
Optimizing NNI: done in 14.5762 secs using 399.8% CPU
Optimizing NNI: done in 43.8639 secs using 399.8% CPU
Optimizing NNI: done in 11.0299 secs using 399.8% CPU
Optimizing NNI: done in 13.8023 secs using 399.7% CPU
Iteration 230 / LogL: -9210.658 / Time: 1h:31m:45s (0h:38m:4s left)
Optimizing NNI: done in 17.9969 secs using 399.6% CPU
Optimizing NNI: done in 10.7533 secs using 399.7% CPU
Optimizing NNI: done in 13.7672 secs using 399.7% CPU
Optimizing NNI: done in 14.8565 secs using 399.7% CPU
Optimizing NNI: done in 19.6587 secs using 399.7% CPU
Optimizing NNI: done in 14.1421 secs using 399.9% CPU
Optimizing NNI: done in 13.8188 secs using 399.8% CPU
Optimizing NNI: done in 11.2639 secs using 399.7% CPU
Optimizing NNI: done in 12.8322 secs using 399.8% CPU
Optimizing NNI: done in 16.8734 secs using 399.5% CPU
Iteration 240 / LogL: -9206.873 / Time: 1h:34m:13s (0h:33m:30s left)
Optimizing NNI: done in 15.9135 secs using 399.8% CPU
Optimizing NNI: done in 14.432 secs using 399.7% CPU
Optimizing NNI: done in 13.6756 secs using 399.7% CPU
Optimizing NNI: done in 13.6161 secs using 399.7% CPU
Optimizing NNI: done in 13.9842 secs using 399.8% CPU
Optimizing NNI: done in 15.7436 secs using 399.7% CPU
Optimizing NNI: done in 14.1649 secs using 399.7% CPU
Optimizing NNI: done in 12.4363 secs using 399.5% CPU
Optimizing NNI: done in 19.7144 secs using 399.4% CPU
Optimizing NNI: done in 13.3702 secs using 399.8% CPU
Iteration 250 / LogL: -9209.305 / Time: 1h:36m:41s (0h:29m:7s left)
Optimizing NNI: done in 13.6084 secs using 399.7% CPU
Optimizing NNI: done in 17.8757 secs using 399.8% CPU
Optimizing NNI: done in 13.4797 secs using 399.7% CPU
Optimizing NNI: done in 14.2285 secs using 399.7% CPU
Optimizing NNI: done in 16.3316 secs using 399.8% CPU
Optimizing NNI: done in 14.674 secs using 399.7% CPU
Optimizing NNI: done in 21.4779 secs using 399.8% CPU
Optimizing NNI: done in 17.7021 secs using 399.4% CPU
Optimizing NNI: done in 12.8283 secs using 399.7% CPU
Optimizing NNI: done in 14.6783 secs using 399.7% CPU
Iteration 260 / LogL: -9206.781 / Time: 1h:39m:19s (0h:24m:55s left)
Optimizing NNI: done in 13.6347 secs using 399.7% CPU
Optimizing NNI: done in 14.3182 secs using 399.7% CPU
Optimizing NNI: done in 11.1924 secs using 399.9% CPU
Optimizing NNI: done in 13.5093 secs using 399.8% CPU
Optimizing NNI: done in 15.0079 secs using 399.7% CPU
Optimizing NNI: done in 10.6961 secs using 399.7% CPU
Optimizing NNI: done in 21.1867 secs using 399.4% CPU
Optimizing NNI: done in 17.5995 secs using 399.7% CPU
Optimizing NNI: done in 12.708 secs using 399.8% CPU
Optimizing NNI: done in 17.7693 secs using 399.7% CPU
Iteration 270 / LogL: -9206.858 / Time: 1h:41m:48s (0h:20m:48s left)
Optimizing NNI: done in 11.7605 secs using 399.7% CPU
Optimizing NNI: done in 16.4418 secs using 399.7% CPU
BETTER TREE FOUND at iteration 272: -9206.780
Optimizing NNI: done in 10.879 secs using 399.7% CPU
Optimizing NNI: done in 19.368 secs using 399.7% CPU
Optimizing NNI: done in 21.9812 secs using 399.7% CPU
Optimizing NNI: done in 14.7501 secs using 399.4% CPU
Optimizing NNI: done in 13.3823 secs using 399.7% CPU
BETTER TREE FOUND at iteration 277: -9206.780
Optimizing NNI: done in 20.9017 secs using 399.7% CPU
Optimizing NNI: done in 16.3479 secs using 399.7% CPU
Optimizing NNI: done in 13.9637 secs using 399.7% CPU
Iteration 280 / LogL: -9206.866 / Time: 1h:44m:29s (0h:36m:19s left)
Optimizing NNI: done in 12.4893 secs using 399.7% CPU
Optimizing NNI: done in 17.5597 secs using 399.7% CPU
Optimizing NNI: done in 18.2141 secs using 399.8% CPU
Optimizing NNI: done in 14.4353 secs using 399.8% CPU
Optimizing NNI: done in 20.2948 secs using 399.3% CPU
Optimizing NNI: done in 11.1381 secs using 399.7% CPU
Optimizing NNI: done in 14.2707 secs using 399.8% CPU
Optimizing NNI: done in 13.3842 secs using 399.1% CPU
Optimizing NNI: done in 16.0044 secs using 399.7% CPU
Optimizing NNI: done in 11.8563 secs using 399.6% CPU
Iteration 290 / LogL: -9206.863 / Time: 1h:47m:0s (0h:32m:12s left)
Optimizing NNI: done in 10.9631 secs using 399.8% CPU
Optimizing NNI: done in 12.5318 secs using 399.7% CPU
Optimizing NNI: done in 20.3054 secs using 399.8% CPU
Optimizing NNI: done in 16.5218 secs using 398.6% CPU
Optimizing NNI: done in 13.4485 secs using 399.6% CPU
Optimizing NNI: done in 16.3981 secs using 398.8% CPU
Optimizing NNI: done in 14.7443 secs using 399.7% CPU
Optimizing NNI: done in 10.3931 secs using 399.7% CPU
Optimizing NNI: done in 14.903 secs using 399.2% CPU
Optimizing NNI: done in 16.051 secs using 399.8% CPU
Iteration 300 / LogL: -9224.346 / Time: 1h:49m:27s (0h:28m:11s left)
Optimizing NNI: done in 16.9566 secs using 399.7% CPU
Optimizing NNI: done in 11.9753 secs using 399.8% CPU
Optimizing NNI: done in 17.8456 secs using 399.8% CPU
Optimizing NNI: done in 17.1835 secs using 399.4% CPU
Optimizing NNI: done in 14.4431 secs using 399.8% CPU
Optimizing NNI: done in 14.4227 secs using 399.6% CPU
Optimizing NNI: done in 13.9569 secs using 399.7% CPU
Optimizing NNI: done in 18.3463 secs using 399.8% CPU
Optimizing NNI: done in 12.4545 secs using 399.7% CPU
Optimizing NNI: done in 12.1807 secs using 399.8% CPU
Iteration 310 / LogL: -9206.867 / Time: 1h:51m:58s (0h:24m:16s left)
Optimizing NNI: done in 17.8531 secs using 399.6% CPU
Optimizing NNI: done in 16.3063 secs using 399.8% CPU
Optimizing NNI: done in 16.3851 secs using 399.3% CPU
Optimizing NNI: done in 14.4214 secs using 399.8% CPU
Optimizing NNI: done in 10.8293 secs using 399.7% CPU
Optimizing NNI: done in 13.6588 secs using 399.7% CPU
Optimizing NNI: done in 15.8796 secs using 399.7% CPU
Optimizing NNI: done in 13.8234 secs using 399.6% CPU
Optimizing NNI: done in 23.437 secs using 399.8% CPU
Optimizing NNI: done in 10.0823 secs using 399.7% CPU
BETTER TREE FOUND at iteration 320: -9206.779
Iteration 320 / LogL: -9206.779 / Time: 1h:54m:32s (0h:35m:54s left)
Optimizing NNI: done in 14.4134 secs using 399.6% CPU
Optimizing NNI: done in 17.2424 secs using 399.4% CPU
Optimizing NNI: done in 15.4836 secs using 399.8% CPU
Optimizing NNI: done in 14.9385 secs using 399.7% CPU
Optimizing NNI: done in 13.7889 secs using 399.6% CPU
Optimizing NNI: done in 11.9927 secs using 399.6% CPU
Optimizing NNI: done in 10.9519 secs using 399.6% CPU
Optimizing NNI: done in 16.856 secs using 399.4% CPU
Optimizing NNI: done in 14.1902 secs using 399.9% CPU
Optimizing NNI: done in 16.8932 secs using 399.7% CPU
Iteration 330 / LogL: -9206.782 / Time: 1h:57m:0s (0h:32m:0s left)
Optimizing NNI: done in 14.3704 secs using 399.8% CPU
Optimizing NNI: done in 13.7461 secs using 398.6% CPU
Optimizing NNI: done in 20.7988 secs using 399.5% CPU
Optimizing NNI: done in 13.0211 secs using 399.3% CPU
Optimizing NNI: done in 22.0199 secs using 399.6% CPU
Estimate model parameters (epsilon = 0.100)
BETTER TREE FOUND at iteration 335: -9206.524
Optimizing NNI: done in 12.44 secs using 399.8% CPU
Optimizing NNI: done in 17.9935 secs using 399.7% CPU
Optimizing NNI: done in 17.1463 secs using 399.8% CPU
Optimizing NNI: done in 13.1129 secs using 399.7% CPU
Optimizing NNI: done in 13.4842 secs using 399.7% CPU
Iteration 340 / LogL: -9206.861 / Time: 1h:59m:41s (0h:33m:32s left)
Optimizing NNI: done in 17.7284 secs using 399.5% CPU
BETTER TREE FOUND at iteration 341: -9206.522
Optimizing NNI: done in 13.7499 secs using 399.8% CPU
Optimizing NNI: done in 24.2581 secs using 399.8% CPU
Optimizing NNI: done in 11.9888 secs using 399.8% CPU
Optimizing NNI: done in 11.5867 secs using 399.6% CPU
Optimizing NNI: done in 20.3123 secs using 399.8% CPU
Optimizing NNI: done in 15.9531 secs using 399.7% CPU
Estimate model parameters (epsilon = 0.100)
BETTER TREE FOUND at iteration 347: -9206.444
Optimizing NNI: done in 16.6402 secs using 399.7% CPU
BETTER TREE FOUND at iteration 348: -9206.444
Optimizing NNI: done in 11.2012 secs using 398.8% CPU
Optimizing NNI: done in 14.9928 secs using 399.7% CPU
Iteration 350 / LogL: -9206.526 / Time: 2h:2m:23s (0h:34m:22s left)
Optimizing NNI: done in 14.1643 secs using 399.7% CPU
Optimizing NNI: done in 10.6918 secs using 399.8% CPU
Optimizing NNI: done in 19.4132 secs using 399.8% CPU
Optimizing NNI: done in 13.764 secs using 399.8% CPU
BETTER TREE FOUND at iteration 354: -9206.442
Optimizing NNI: done in 19.3895 secs using 399.8% CPU
Optimizing NNI: done in 11.8436 secs using 399.8% CPU
Optimizing NNI: done in 19.0006 secs using 399.6% CPU
Optimizing NNI: done in 19.7336 secs using 399.7% CPU
Optimizing NNI: done in 13.3649 secs using 399% CPU
Optimizing NNI: done in 14.0812 secs using 399.7% CPU
Iteration 360 / LogL: -9219.240 / Time: 2h:4m:59s (0h:32m:43s left)
Optimizing NNI: done in 16.7378 secs using 399.7% CPU
Optimizing NNI: done in 11.3409 secs using 399.6% CPU
Optimizing NNI: done in 15.3023 secs using 399.7% CPU
Optimizing NNI: done in 20.2582 secs using 399.7% CPU
Optimizing NNI: done in 12.7557 secs using 399.6% CPU
Optimizing NNI: done in 19.5451 secs using 399.6% CPU
Optimizing NNI: done in 16.6518 secs using 399.7% CPU
Optimizing NNI: done in 14.3233 secs using 399.3% CPU
Optimizing NNI: done in 14.5495 secs using 399.3% CPU
Optimizing NNI: done in 15.0851 secs using 399.5% CPU
Iteration 370 / LogL: -9206.523 / Time: 2h:7m:37s (0h:29m:3s left)
Optimizing NNI: done in 21.5205 secs using 399.6% CPU
Optimizing NNI: done in 12.742 secs using 399.8% CPU
Optimizing NNI: done in 16.4099 secs using 399.4% CPU
Optimizing NNI: done in 12.4422 secs using 399.8% CPU
Optimizing NNI: done in 14.3886 secs using 399.7% CPU
Optimizing NNI: done in 16.1907 secs using 399.7% CPU
Optimizing NNI: done in 16.457 secs using 399.7% CPU
Optimizing NNI: done in 19.3813 secs using 399.5% CPU
Optimizing NNI: done in 11.5941 secs using 399.8% CPU
BETTER TREE FOUND at iteration 379: -9206.441
Optimizing NNI: done in 16.3699 secs using 399.7% CPU
Iteration 380 / LogL: -9210.400 / Time: 2h:10m:16s (0h:34m:1s left)
Optimizing NNI: done in 17.3806 secs using 399.7% CPU
Optimizing NNI: done in 14.4699 secs using 399.8% CPU
Optimizing NNI: done in 14.5424 secs using 399.6% CPU
BETTER TREE FOUND at iteration 383: -9206.441
Optimizing NNI: done in 16.5718 secs using 399.6% CPU
Optimizing NNI: done in 13.255 secs using 399.7% CPU
Optimizing NNI: done in 15.0502 secs using 399.6% CPU
Optimizing NNI: done in 17.6965 secs using 399.5% CPU
Optimizing NNI: done in 15.257 secs using 399.8% CPU
Optimizing NNI: done in 17.0593 secs using 399.8% CPU
Optimizing NNI: done in 13.8168 secs using 399.7% CPU
Iteration 390 / LogL: -9206.523 / Time: 2h:12m:52s (0h:31m:46s left)
Optimizing NNI: done in 16.9768 secs using 399.7% CPU
Optimizing NNI: done in 17.0763 secs using 399.7% CPU
Optimizing NNI: done in 13.7812 secs using 399.7% CPU
Optimizing NNI: done in 22.4943 secs using 399.7% CPU
Optimizing NNI: done in 14.5392 secs using 399.7% CPU
Optimizing NNI: done in 13.551 secs using 399.3% CPU
Optimizing NNI: done in 13.7217 secs using 399.9% CPU
Optimizing NNI: done in 16.5138 secs using 399.8% CPU
Optimizing NNI: done in 14.1067 secs using 399.8% CPU
Optimizing NNI: done in 16.6892 secs using 399.8% CPU
Iteration 400 / LogL: -9210.459 / Time: 2h:15m:33s (0h:28m:11s left)
Optimizing NNI: done in 15.29 secs using 399.6% CPU
Optimizing NNI: done in 13.4325 secs using 399.7% CPU
Optimizing NNI: done in 16.8557 secs using 399.7% CPU
Optimizing NNI: done in 16.3508 secs using 399.7% CPU
BETTER TREE FOUND at iteration 404: -9206.440
Optimizing NNI: done in 14.1399 secs using 399.8% CPU
Optimizing NNI: done in 18.8596 secs using 399.1% CPU
Optimizing NNI: done in 14.235 secs using 399.7% CPU
Optimizing NNI: done in 9.18678 secs using 399.7% CPU
Optimizing NNI: done in 16.5395 secs using 399.6% CPU
Optimizing NNI: done in 11.8874 secs using 399.8% CPU
Iteration 410 / LogL: -9206.443 / Time: 2h:18m:1s (0h:31m:43s left)
Optimizing NNI: done in 13.4854 secs using 399.7% CPU
Optimizing NNI: done in 13.5669 secs using 399.8% CPU
Optimizing NNI: done in 16.7025 secs using 399.8% CPU
Optimizing NNI: done in 15.45 secs using 399.7% CPU
Optimizing NNI: done in 13.4549 secs using 399.6% CPU
Optimizing NNI: done in 16.1888 secs using 399.7% CPU
Optimizing NNI: done in 15.0426 secs using 399.6% CPU
Optimizing NNI: done in 13.9529 secs using 399.7% CPU
Optimizing NNI: done in 22.258 secs using 399.8% CPU
Optimizing NNI: done in 15.8871 secs using 399.8% CPU
Iteration 420 / LogL: -9206.518 / Time: 2h:20m:38s (0h:28m:11s left)
Optimizing NNI: done in 14.0412 secs using 399.7% CPU
Optimizing NNI: done in 16.6745 secs using 399.7% CPU
Optimizing NNI: done in 19.1564 secs using 399.7% CPU
Optimizing NNI: done in 15.816 secs using 399.7% CPU
Optimizing NNI: done in 16.2178 secs using 399.7% CPU
Optimizing NNI: done in 18.3179 secs using 399.5% CPU
Optimizing NNI: done in 14.0214 secs using 399.7% CPU
Optimizing NNI: done in 18.1483 secs using 399.8% CPU
Optimizing NNI: done in 15.1541 secs using 399.8% CPU
Optimizing NNI: done in 13.7228 secs using 399.7% CPU
Iteration 430 / LogL: -9206.441 / Time: 2h:23m:21s (0h:24m:43s left)
Optimizing NNI: done in 15.7437 secs using 399.7% CPU
Optimizing NNI: done in 13.2544 secs using 399.7% CPU
Optimizing NNI: done in 17.264 secs using 399.8% CPU
Optimizing NNI: done in 13.982 secs using 399.3% CPU
Optimizing NNI: done in 13.2609 secs using 399.7% CPU
Optimizing NNI: done in 16.3952 secs using 399.7% CPU
Optimizing NNI: done in 13.2456 secs using 399.8% CPU
Optimizing NNI: done in 15.6365 secs using 399.6% CPU
Optimizing NNI: done in 18.1433 secs using 399.7% CPU
Optimizing NNI: done in 16.922 secs using 399.7% CPU
Iteration 440 / LogL: -9206.447 / Time: 2h:25m:56s (0h:21m:16s left)
Optimizing NNI: done in 18.62 secs using 399.8% CPU
Optimizing NNI: done in 12.6969 secs using 399.7% CPU
Optimizing NNI: done in 21.512 secs using 399.4% CPU
Optimizing NNI: done in 14.1744 secs using 399.6% CPU
Optimizing NNI: done in 16.9764 secs using 399.5% CPU
Optimizing NNI: done in 10.3535 secs using 399.8% CPU
Optimizing NNI: done in 16.8127 secs using 399.7% CPU
Optimizing NNI: done in 16.5141 secs using 399.7% CPU
Optimizing NNI: done in 10.2734 secs using 399.6% CPU
Optimizing NNI: done in 14.8093 secs using 399.6% CPU
Iteration 450 / LogL: -9216.127 / Time: 2h:28m:30s (0h:17m:51s left)
Optimizing NNI: done in 20.8155 secs using 399.3% CPU
Optimizing NNI: done in 16.4545 secs using 399.7% CPU
Optimizing NNI: done in 13.2487 secs using 399.6% CPU
Optimizing NNI: done in 17.0754 secs using 399.7% CPU
Optimizing NNI: done in 15.6499 secs using 399.8% CPU
Optimizing NNI: done in 15.7029 secs using 399.8% CPU
Optimizing NNI: done in 17.6981 secs using 399.8% CPU
Optimizing NNI: done in 17.5984 secs using 399.8% CPU
Optimizing NNI: done in 13.1309 secs using 399.7% CPU
Optimizing NNI: done in 19.8792 secs using 399.1% CPU
Iteration 460 / LogL: -9206.443 / Time: 2h:31m:18s (0h:14m:30s left)
Optimizing NNI: done in 14.9216 secs using 399.8% CPU
Optimizing NNI: done in 13.8552 secs using 399.7% CPU
Optimizing NNI: done in 16.311 secs using 399.7% CPU
Optimizing NNI: done in 15.149 secs using 399.7% CPU
Optimizing NNI: done in 17.6458 secs using 399.8% CPU
Optimizing NNI: done in 13.4727 secs using 399.7% CPU
Optimizing NNI: done in 13.6028 secs using 399.7% CPU
Optimizing NNI: done in 15.3141 secs using 399.6% CPU
Optimizing NNI: done in 13.9235 secs using 399.8% CPU
Optimizing NNI: done in 14.5975 secs using 399.4% CPU
Iteration 470 / LogL: -9210.624 / Time: 2h:33m:48s (0h:11m:9s left)
Optimizing NNI: done in 10.9583 secs using 399.9% CPU
Optimizing NNI: done in 15.5445 secs using 399.7% CPU
Optimizing NNI: done in 14.1995 secs using 399.7% CPU
Optimizing NNI: done in 13.9159 secs using 399.6% CPU
Optimizing NNI: done in 13.9027 secs using 399.7% CPU
Optimizing NNI: done in 14.566 secs using 399.8% CPU
Optimizing NNI: done in 17.0989 secs using 399.7% CPU
Optimizing NNI: done in 13.3031 secs using 399.8% CPU
Optimizing NNI: done in 15.1088 secs using 399.8% CPU
Optimizing NNI: done in 13.9267 secs using 399.5% CPU
Iteration 480 / LogL: -9212.033 / Time: 2h:36m:12s (0h:7m:49s left)
Optimizing NNI: done in 13.3283 secs using 399.6% CPU
Optimizing NNI: done in 11.2838 secs using 399.7% CPU
Optimizing NNI: done in 11.6494 secs using 399.7% CPU
Optimizing NNI: done in 14.0206 secs using 399.8% CPU
Optimizing NNI: done in 11.5052 secs using 399.8% CPU
Optimizing NNI: done in 14.8462 secs using 399.7% CPU
Optimizing NNI: done in 14.8237 secs using 399.7% CPU
Optimizing NNI: done in 13.53 secs using 399.7% CPU
Optimizing NNI: done in 12.5147 secs using 399.7% CPU
Optimizing NNI: done in 19.3716 secs using 399.5% CPU
Iteration 490 / LogL: -9212.025 / Time: 2h:38m:30s (0h:4m:32s left)
Optimizing NNI: done in 14.615 secs using 399.6% CPU
Optimizing NNI: done in 13.125 secs using 399.6% CPU
Optimizing NNI: done in 19.9486 secs using 399.8% CPU
Optimizing NNI: done in 13.8566 secs using 399.8% CPU
BETTER TREE FOUND at iteration 494: -9206.438
Optimizing NNI: done in 15.8362 secs using 399.8% CPU
Optimizing NNI: done in 13.5877 secs using 399.7% CPU
Optimizing NNI: done in 18.3694 secs using 399.8% CPU
Optimizing NNI: done in 16.0601 secs using 399.8% CPU
Optimizing NNI: done in 15.9462 secs using 399.4% CPU
Optimizing NNI: done in 14.3849 secs using 399.7% CPU
Iteration 500 / LogL: -9206.439 / Time: 2h:41m:7s (0h:30m:21s left)
Optimizing NNI: done in 20.4484 secs using 399.8% CPU
Optimizing NNI: done in 17.2611 secs using 399.7% CPU
Optimizing NNI: done in 12.5613 secs using 399.7% CPU
Optimizing NNI: done in 18.6979 secs using 399.6% CPU
Optimizing NNI: done in 15.3792 secs using 399.6% CPU
Optimizing NNI: done in 16.5583 secs using 399.8% CPU
Optimizing NNI: done in 9.36795 secs using 399.1% CPU
Optimizing NNI: done in 16.0686 secs using 399.7% CPU
Optimizing NNI: done in 12.2196 secs using 399.7% CPU
Optimizing NNI: done in 13.2984 secs using 399.8% CPU
Iteration 510 / LogL: -9206.529 / Time: 2h:43m:40s (0h:27m:0s left)
Optimizing NNI: done in 11.2191 secs using 399.7% CPU
Optimizing NNI: done in 14.7225 secs using 399.6% CPU
Optimizing NNI: done in 20.2532 secs using 399.8% CPU
Optimizing NNI: done in 16.6335 secs using 399.8% CPU
Optimizing NNI: done in 12.6206 secs using 399.8% CPU
Optimizing NNI: done in 19.1361 secs using 399.6% CPU
Optimizing NNI: done in 12.0071 secs using 399.7% CPU
Optimizing NNI: done in 15.7149 secs using 399.7% CPU
Optimizing NNI: done in 14.147 secs using 399.8% CPU
Optimizing NNI: done in 15.6382 secs using 399.8% CPU
Iteration 520 / LogL: -9206.447 / Time: 2h:46m:14s (0h:23m:42s left)
Optimizing NNI: done in 27.0436 secs using 399.6% CPU
Optimizing NNI: done in 13.5866 secs using 399.8% CPU
Optimizing NNI: done in 17.1787 secs using 399.7% CPU
Optimizing NNI: done in 22.0361 secs using 399.7% CPU
Optimizing NNI: done in 15.0824 secs using 399.3% CPU
Optimizing NNI: done in 13.4437 secs using 399.8% CPU
Optimizing NNI: done in 10.3125 secs using 399.9% CPU
Optimizing NNI: done in 13.0195 secs using 399.5% CPU
Optimizing NNI: done in 15.7554 secs using 399.7% CPU
Optimizing NNI: done in 13.7273 secs using 399.8% CPU
Iteration 530 / LogL: -9210.389 / Time: 2h:48m:56s (0h:20m:26s left)
Optimizing NNI: done in 18.5516 secs using 399.7% CPU
Optimizing NNI: done in 11.3309 secs using 399.8% CPU
Optimizing NNI: done in 15.2421 secs using 399.7% CPU
Optimizing NNI: done in 14.0414 secs using 399.7% CPU
Optimizing NNI: done in 14.0293 secs using 399.7% CPU
Optimizing NNI: done in 11.1919 secs using 399.1% CPU
Optimizing NNI: done in 18.5411 secs using 399.9% CPU
Optimizing NNI: done in 16.1918 secs using 399.7% CPU
Optimizing NNI: done in 17.2332 secs using 399.7% CPU
Optimizing NNI: done in 10.5333 secs using 399.6% CPU
Iteration 540 / LogL: -9206.440 / Time: 2h:51m:24s (0h:17m:10s left)
Optimizing NNI: done in 17.5604 secs using 399.8% CPU
Optimizing NNI: done in 14.4189 secs using 399.8% CPU
Optimizing NNI: done in 12.8339 secs using 399.6% CPU
Optimizing NNI: done in 10.1123 secs using 399.7% CPU
Optimizing NNI: done in 13.4524 secs using 399.7% CPU
Optimizing NNI: done in 14.9575 secs using 399.1% CPU
Optimizing NNI: done in 16.5872 secs using 399.7% CPU
Optimizing NNI: done in 16.8007 secs using 399.7% CPU
Optimizing NNI: done in 20.8644 secs using 399.7% CPU
Optimizing NNI: done in 11.6342 secs using 399.7% CPU
Iteration 550 / LogL: -9206.439 / Time: 2h:53m:55s (0h:13m:56s left)
Optimizing NNI: done in 11.4717 secs using 399.7% CPU
Optimizing NNI: done in 16.5759 secs using 399.7% CPU
BETTER TREE FOUND at iteration 552: -9206.438
Optimizing NNI: done in 19.6277 secs using 399.8% CPU
Optimizing NNI: done in 18.6666 secs using 399.6% CPU
Optimizing NNI: done in 12.7623 secs using 399.2% CPU
Optimizing NNI: done in 15.5152 secs using 399.8% CPU
Optimizing NNI: done in 13.4711 secs using 399.8% CPU
Optimizing NNI: done in 16.8151 secs using 399.7% CPU
Optimizing NNI: done in 16.029 secs using 399.7% CPU
Optimizing NNI: done in 14.3629 secs using 399.5% CPU
Iteration 560 / LogL: -9207.963 / Time: 2h:56m:31s (0h:29m:3s left)
Optimizing NNI: done in 14.0575 secs using 399.8% CPU
Optimizing NNI: done in 16.2758 secs using 399.8% CPU
Optimizing NNI: done in 16.913 secs using 399.8% CPU
Optimizing NNI: done in 18.0806 secs using 399.7% CPU
Optimizing NNI: done in 16.3444 secs using 398.9% CPU
Optimizing NNI: done in 15.0325 secs using 399.6% CPU
Optimizing NNI: done in 13.8286 secs using 399.2% CPU
Optimizing NNI: done in 13.6275 secs using 399.7% CPU
Optimizing NNI: done in 14.1894 secs using 399.6% CPU
Optimizing NNI: done in 15.473 secs using 399.6% CPU
Iteration 570 / LogL: -9210.620 / Time: 2h:59m:6s (0h:25m:48s left)
Optimizing NNI: done in 18.218 secs using 399.7% CPU
Optimizing NNI: done in 14.504 secs using 399.6% CPU
Optimizing NNI: done in 15.2033 secs using 399.8% CPU
Optimizing NNI: done in 16.0912 secs using 399.7% CPU
Optimizing NNI: done in 13.962 secs using 399.3% CPU
Optimizing NNI: done in 15.1018 secs using 399.7% CPU
Optimizing NNI: done in 13.2237 secs using 399.7% CPU
Optimizing NNI: done in 14.5695 secs using 399.7% CPU
Optimizing NNI: done in 12.6531 secs using 399.8% CPU
Optimizing NNI: done in 15.6706 secs using 399.7% CPU
Iteration 580 / LogL: -9206.441 / Time: 3h:1m:37s (0h:22m:35s left)
Optimizing NNI: done in 12.7243 secs using 399.7% CPU
Optimizing NNI: done in 15.0777 secs using 399.7% CPU
Optimizing NNI: done in 13.4665 secs using 399.7% CPU
Optimizing NNI: done in 12.834 secs using 399.8% CPU
Optimizing NNI: done in 14.1003 secs using 399.4% CPU
Optimizing NNI: done in 19.6956 secs using 399.7% CPU
Optimizing NNI: done in 18.7853 secs using 399.7% CPU
Optimizing NNI: done in 14.6164 secs using 399.8% CPU
Optimizing NNI: done in 17.2044 secs using 399.8% CPU
Optimizing NNI: done in 20.1995 secs using 399.7% CPU
Iteration 590 / LogL: -9212.717 / Time: 3h:4m:17s (0h:19m:23s left)
Optimizing NNI: done in 13.1018 secs using 399.8% CPU
Optimizing NNI: done in 13.4394 secs using 399.7% CPU
Optimizing NNI: done in 15.5719 secs using 399.8% CPU
Optimizing NNI: done in 10.7054 secs using 399.8% CPU
Optimizing NNI: done in 14.5208 secs using 399.3% CPU
Optimizing NNI: done in 17.7001 secs using 399.7% CPU
Optimizing NNI: done in 14.0572 secs using 399.8% CPU
Optimizing NNI: done in 14.085 secs using 399.7% CPU
Optimizing NNI: done in 13.9824 secs using 399.5% CPU
Optimizing NNI: done in 14.49 secs using 399.8% CPU
Iteration 600 / LogL: -9206.438 / Time: 3h:6m:40s (0h:16m:12s left)
Optimizing NNI: done in 18.2473 secs using 399.8% CPU
Optimizing NNI: done in 13.7625 secs using 399.8% CPU
BETTER TREE FOUND at iteration 602: -9206.438
Optimizing NNI: done in 13.2807 secs using 399.6% CPU
Optimizing NNI: done in 12.618 secs using 399.2% CPU
Optimizing NNI: done in 14.7222 secs using 399.6% CPU
Optimizing NNI: done in 14.0936 secs using 399.6% CPU
Optimizing NNI: done in 13.4313 secs using 399.8% CPU
Optimizing NNI: done in 15.3141 secs using 399.7% CPU
Optimizing NNI: done in 9.94593 secs using 399.7% CPU
Optimizing NNI: done in 9.47989 secs using 399.9% CPU
Iteration 610 / LogL: -9206.440 / Time: 3h:8m:56s (0h:28m:32s left)
Optimizing NNI: done in 15.7178 secs using 399.7% CPU
Optimizing NNI: done in 13.0662 secs using 399.7% CPU
Optimizing NNI: done in 14.6347 secs using 399.7% CPU
Optimizing NNI: done in 12.0431 secs using 399.6% CPU
Optimizing NNI: done in 14.2119 secs using 399.6% CPU
Optimizing NNI: done in 13.6023 secs using 399.7% CPU
Optimizing NNI: done in 9.85525 secs using 399.7% CPU
Optimizing NNI: done in 17.9708 secs using 399.7% CPU
Optimizing NNI: done in 13.9638 secs using 399.7% CPU
Optimizing NNI: done in 20.3438 secs using 399.8% CPU
Iteration 620 / LogL: -9206.519 / Time: 3h:11m:23s (0h:25m:21s left)
Optimizing NNI: done in 14.7579 secs using 399.7% CPU
Optimizing NNI: done in 15.7124 secs using 399.7% CPU
Optimizing NNI: done in 11.4742 secs using 399.8% CPU
Optimizing NNI: done in 17.0197 secs using 399.5% CPU
Optimizing NNI: done in 13.603 secs using 399.7% CPU
Optimizing NNI: done in 13.7667 secs using 399.7% CPU
Optimizing NNI: done in 11.2725 secs using 399.8% CPU
Optimizing NNI: done in 17.745 secs using 399.7% CPU
Optimizing NNI: done in 16.3796 secs using 399.6% CPU
Optimizing NNI: done in 17.509 secs using 399.8% CPU
Iteration 630 / LogL: -9206.521 / Time: 3h:13m:53s (0h:22m:11s left)
Optimizing NNI: done in 14.4166 secs using 399.8% CPU
BETTER TREE FOUND at iteration 631: -9206.437
Optimizing NNI: done in 13.1816 secs using 399.7% CPU
Optimizing NNI: done in 17.1479 secs using 399.5% CPU
Optimizing NNI: done in 14.1409 secs using 399.8% CPU
Optimizing NNI: done in 13.5418 secs using 399.7% CPU
Optimizing NNI: done in 14.0735 secs using 399.7% CPU
Optimizing NNI: done in 12.3976 secs using 399.7% CPU
Optimizing NNI: done in 16.0561 secs using 399.7% CPU
Optimizing NNI: done in 15.414 secs using 399.7% CPU
Optimizing NNI: done in 12.2384 secs using 399.7% CPU
Iteration 640 / LogL: -9206.524 / Time: 3h:16m:17s (0h:27m:57s left)
Optimizing NNI: done in 12.4356 secs using 399.4% CPU
Optimizing NNI: done in 14.4484 secs using 399.8% CPU
Optimizing NNI: done in 14.5755 secs using 399.4% CPU
Optimizing NNI: done in 19.7836 secs using 399.8% CPU
Optimizing NNI: done in 15.6748 secs using 399.7% CPU
Optimizing NNI: done in 12.2315 secs using 399.8% CPU
Optimizing NNI: done in 13.1781 secs using 399.7% CPU
Optimizing NNI: done in 7.83077 secs using 399.9% CPU
Optimizing NNI: done in 15.1704 secs using 399.7% CPU
Optimizing NNI: done in 13.6956 secs using 399.7% CPU
Iteration 650 / LogL: -9211.943 / Time: 3h:18m:37s (0h:24m:47s left)
Optimizing NNI: done in 17.293 secs using 399.7% CPU
Optimizing NNI: done in 13.604 secs using 399.2% CPU
Optimizing NNI: done in 17.5587 secs using 399.6% CPU
Optimizing NNI: done in 17.4821 secs using 399.7% CPU
Optimizing NNI: done in 10.4846 secs using 399.7% CPU
Optimizing NNI: done in 15.5659 secs using 399.5% CPU
Optimizing NNI: done in 18.1813 secs using 399.7% CPU
Optimizing NNI: done in 16.9161 secs using 399.7% CPU
Optimizing NNI: done in 12.8188 secs using 399.7% CPU
Optimizing NNI: done in 16.8419 secs using 399.8% CPU
Iteration 660 / LogL: -9206.521 / Time: 3h:21m:15s (0h:21m:41s left)
Optimizing NNI: done in 8.70885 secs using 398.7% CPU
Optimizing NNI: done in 9.58887 secs using 399.8% CPU
Optimizing NNI: done in 13.4379 secs using 399.7% CPU
Optimizing NNI: done in 19.6504 secs using 399.7% CPU
Optimizing NNI: done in 13.5691 secs using 399.7% CPU
Optimizing NNI: done in 17.527 secs using 399.8% CPU
Optimizing NNI: done in 18.5198 secs using 399.7% CPU
Optimizing NNI: done in 10.7669 secs using 399.8% CPU
BETTER TREE FOUND at iteration 668: -9206.436
Optimizing NNI: done in 16.4241 secs using 399.8% CPU
Optimizing NNI: done in 11.4028 secs using 399.8% CPU
Iteration 670 / LogL: -9206.444 / Time: 3h:23m:36s (0h:29m:49s left)
Optimizing NNI: done in 12.6104 secs using 399.3% CPU
Optimizing NNI: done in 14.4658 secs using 399.7% CPU
Optimizing NNI: done in 11.1608 secs using 399.8% CPU
Optimizing NNI: done in 16.6669 secs using 399.7% CPU
Optimizing NNI: done in 16.3521 secs using 399.8% CPU
Optimizing NNI: done in 16.1014 secs using 399.8% CPU
Optimizing NNI: done in 11.4414 secs using 399.8% CPU
Optimizing NNI: done in 13.4473 secs using 399.7% CPU
Optimizing NNI: done in 15.3011 secs using 399.7% CPU
Optimizing NNI: done in 22.777 secs using 399.7% CPU
Iteration 680 / LogL: -9206.441 / Time: 3h:26m:8s (0h:26m:42s left)
Optimizing NNI: done in 17.4144 secs using 399.1% CPU
Optimizing NNI: done in 17.0858 secs using 399.8% CPU
Optimizing NNI: done in 20.1602 secs using 399.7% CPU
Optimizing NNI: done in 10.6722 secs using 399.7% CPU
Optimizing NNI: done in 16.0882 secs using 399.7% CPU
Optimizing NNI: done in 12.5445 secs using 399.7% CPU
Optimizing NNI: done in 12.8435 secs using 399.8% CPU
Optimizing NNI: done in 13.6896 secs using 399.8% CPU
Optimizing NNI: done in 13.6737 secs using 399.7% CPU
Optimizing NNI: done in 15.2328 secs using 399.7% CPU
Iteration 690 / LogL: -9206.442 / Time: 3h:28m:38s (0h:23m:37s left)
Optimizing NNI: done in 15.3845 secs using 399.7% CPU
Optimizing NNI: done in 14.1739 secs using 399.4% CPU
Optimizing NNI: done in 15.8239 secs using 399.8% CPU
Optimizing NNI: done in 12.545 secs using 399.6% CPU
Optimizing NNI: done in 20.2307 secs using 399.7% CPU
Optimizing NNI: done in 16.6957 secs using 399.7% CPU
Optimizing NNI: done in 12.9102 secs using 399.8% CPU
Optimizing NNI: done in 21.7002 secs using 399.7% CPU
Optimizing NNI: done in 15.7833 secs using 399.8% CPU
Optimizing NNI: done in 13.3443 secs using 399.7% CPU
Iteration 700 / LogL: -9206.447 / Time: 3h:31m:18s (0h:20m:33s left)
Optimizing NNI: done in 19.9826 secs using 399.5% CPU
Optimizing NNI: done in 17.1845 secs using 399.6% CPU
Optimizing NNI: done in 16.1628 secs using 399.8% CPU
Optimizing NNI: done in 17.7253 secs using 399.7% CPU
Optimizing NNI: done in 12.7183 secs using 399.8% CPU
Optimizing NNI: done in 16.6573 secs using 399.7% CPU
Optimizing NNI: done in 12.6523 secs using 399.7% CPU
Optimizing NNI: done in 17.987 secs using 399.8% CPU
Optimizing NNI: done in 16.5408 secs using 399.7% CPU
Optimizing NNI: done in 15.7613 secs using 399.7% CPU
Iteration 710 / LogL: -9206.439 / Time: 3h:34m:3s (0h:17m:30s left)
Optimizing NNI: done in 17.3132 secs using 399.4% CPU
Optimizing NNI: done in 13.2529 secs using 399.8% CPU
Optimizing NNI: done in 12.6591 secs using 399.6% CPU
Optimizing NNI: done in 13.7754 secs using 399.8% CPU
Optimizing NNI: done in 14.1142 secs using 399.7% CPU
Optimizing NNI: done in 12.3607 secs using 399.8% CPU
Optimizing NNI: done in 10.6467 secs using 399.7% CPU
Optimizing NNI: done in 18.2318 secs using 399.8% CPU
Optimizing NNI: done in 19.8642 secs using 399.6% CPU
Optimizing NNI: done in 14.0764 secs using 399.7% CPU
BETTER TREE FOUND at iteration 720: -9206.435
Iteration 720 / LogL: -9206.435 / Time: 3h:36m:30s (0h:30m:6s left)
Optimizing NNI: done in 13.6827 secs using 399.7% CPU
Optimizing NNI: done in 15.0023 secs using 399.2% CPU
Optimizing NNI: done in 12.5695 secs using 399.7% CPU
Optimizing NNI: done in 16.2565 secs using 399.7% CPU
Optimizing NNI: done in 13.9017 secs using 399.6% CPU
Optimizing NNI: done in 18.1142 secs using 399.6% CPU
Optimizing NNI: done in 9.99885 secs using 399.8% CPU
Optimizing NNI: done in 12.7416 secs using 399.7% CPU
Optimizing NNI: done in 15.465 secs using 399.7% CPU
Optimizing NNI: done in 9.90054 secs using 399.8% CPU
Iteration 730 / LogL: -9213.746 / Time: 3h:38m:49s (0h:27m:0s left)
Optimizing NNI: done in 13.3328 secs using 399.7% CPU
Optimizing NNI: done in 15.2089 secs using 399.8% CPU
Optimizing NNI: done in 11.4655 secs using 399.7% CPU
Optimizing NNI: done in 20.1802 secs using 399.4% CPU
Optimizing NNI: done in 15.505 secs using 399.7% CPU
Optimizing NNI: done in 16.151 secs using 399.7% CPU
Optimizing NNI: done in 12.8128 secs using 399.8% CPU
Optimizing NNI: done in 14.1393 secs using 399.7% CPU
Optimizing NNI: done in 17.3981 secs using 399.7% CPU
Optimizing NNI: done in 11.6055 secs using 399.7% CPU
Iteration 740 / LogL: -9206.441 / Time: 3h:41m:18s (0h:23m:57s left)
Optimizing NNI: done in 15.1434 secs using 399.7% CPU
Optimizing NNI: done in 18.7374 secs using 399.7% CPU
Optimizing NNI: done in 13.5355 secs using 399.7% CPU
Optimizing NNI: done in 15.8496 secs using 399.7% CPU
Optimizing NNI: done in 15.7819 secs using 399.4% CPU
Optimizing NNI: done in 16.0466 secs using 399.7% CPU
Optimizing NNI: done in 16.6908 secs using 399.7% CPU
Optimizing NNI: done in 8.70088 secs using 399.9% CPU
Optimizing NNI: done in 12.9462 secs using 399.7% CPU
Optimizing NNI: done in 16.0348 secs using 399.8% CPU
Iteration 750 / LogL: -9206.519 / Time: 3h:43m:49s (0h:20m:55s left)
Optimizing NNI: done in 13.2988 secs using 399.7% CPU
Optimizing NNI: done in 13.5548 secs using 399.6% CPU
Optimizing NNI: done in 17.3288 secs using 399.7% CPU
Optimizing NNI: done in 13.8989 secs using 399.7% CPU
Optimizing NNI: done in 10.5928 secs using 399.7% CPU
Optimizing NNI: done in 12.6225 secs using 399.2% CPU
Optimizing NNI: done in 18.3056 secs using 399.7% CPU
Optimizing NNI: done in 17.3593 secs using 399.7% CPU
Optimizing NNI: done in 16.8899 secs using 399.7% CPU
Optimizing NNI: done in 12.8713 secs using 399.8% CPU
Iteration 760 / LogL: -9206.439 / Time: 3h:46m:17s (0h:17m:53s left)
Optimizing NNI: done in 13.645 secs using 399.5% CPU
Optimizing NNI: done in 13.7361 secs using 399.7% CPU
Optimizing NNI: done in 15.5452 secs using 399.7% CPU
Optimizing NNI: done in 13.7794 secs using 399.8% CPU
Optimizing NNI: done in 18.0543 secs using 399% CPU
Optimizing NNI: done in 15.6691 secs using 399% CPU
Optimizing NNI: done in 11.6595 secs using 399.4% CPU
Optimizing NNI: done in 13.9296 secs using 399.8% CPU
Optimizing NNI: done in 17.1524 secs using 398.9% CPU
Optimizing NNI: done in 13.4178 secs using 399.7% CPU
Iteration 770 / LogL: -9206.439 / Time: 3h:48m:45s (0h:14m:52s left)
Optimizing NNI: done in 14.5133 secs using 399.2% CPU
Optimizing NNI: done in 11.3778 secs using 399.7% CPU
Optimizing NNI: done in 13.2308 secs using 399.7% CPU
Optimizing NNI: done in 14.6193 secs using 399.7% CPU
Optimizing NNI: done in 14.8801 secs using 399.6% CPU
Optimizing NNI: done in 14.1856 secs using 399.6% CPU
Optimizing NNI: done in 16.0868 secs using 399.3% CPU
Optimizing NNI: done in 16.4072 secs using 399.6% CPU
Optimizing NNI: done in 12.8089 secs using 399.7% CPU
Optimizing NNI: done in 14.3614 secs using 399.7% CPU
Iteration 780 / LogL: -9208.866 / Time: 3h:51m:8s (0h:11m:52s left)
Optimizing NNI: done in 12.8109 secs using 399.6% CPU
Optimizing NNI: done in 12.015 secs using 399.6% CPU
Optimizing NNI: done in 16.6382 secs using 399.8% CPU
Optimizing NNI: done in 13.6001 secs using 399.7% CPU
Optimizing NNI: done in 11.1951 secs using 399.8% CPU
Optimizing NNI: done in 17.2337 secs using 399.8% CPU
Optimizing NNI: done in 13.5869 secs using 399.2% CPU
Optimizing NNI: done in 16.3859 secs using 399.7% CPU
Optimizing NNI: done in 15.4778 secs using 399.9% CPU
Optimizing NNI: done in 14.1975 secs using 399.7% CPU
Iteration 790 / LogL: -9210.309 / Time: 3h:53m:33s (0h:8m:52s left)
Optimizing NNI: done in 19.7095 secs using 399.7% CPU
Optimizing NNI: done in 15.3219 secs using 399.7% CPU
Optimizing NNI: done in 19.3059 secs using 399.7% CPU
Optimizing NNI: done in 14.992 secs using 399.7% CPU
Optimizing NNI: done in 14.7994 secs using 399.7% CPU
Optimizing NNI: done in 13.2157 secs using 399.7% CPU
Optimizing NNI: done in 10.8349 secs using 399.8% CPU
Optimizing NNI: done in 13.0965 secs using 399.6% CPU
Optimizing NNI: done in 11.3779 secs using 399.7% CPU
Optimizing NNI: done in 13.8349 secs using 399.7% CPU
Iteration 800 / LogL: -9206.438 / Time: 3h:56m:1s (0h:5m:54s left)
Optimizing NNI: done in 14.289 secs using 399.7% CPU
Optimizing NNI: done in 13.4419 secs using 392.9% CPU
BETTER TREE FOUND at iteration 802: -9206.433
Optimizing NNI: done in 11.0594 secs using 399.5% CPU
Optimizing NNI: done in 17.2376 secs using 399.8% CPU
Optimizing NNI: done in 14.3684 secs using 399.8% CPU
Optimizing NNI: done in 19.0978 secs using 399.4% CPU
Optimizing NNI: done in 13.2019 secs using 399.8% CPU
Optimizing NNI: done in 19.6149 secs using 399.8% CPU
Optimizing NNI: done in 15.1435 secs using 399.7% CPU
Optimizing NNI: done in 14.1378 secs using 399.8% CPU
Iteration 810 / LogL: -9219.228 / Time: 3h:58m:33s (0h:27m:7s left)
Optimizing NNI: done in 8.93809 secs using 399.8% CPU
Optimizing NNI: done in 19.1221 secs using 399.6% CPU
Optimizing NNI: done in 12.3348 secs using 399.7% CPU
Optimizing NNI: done in 11.1278 secs using 399.7% CPU
Optimizing NNI: done in 21.2246 secs using 399.7% CPU
Optimizing NNI: done in 18.6151 secs using 399.5% CPU
Optimizing NNI: done in 13.3071 secs using 399.7% CPU
Optimizing NNI: done in 15.9443 secs using 399.7% CPU
Optimizing NNI: done in 15.8716 secs using 399.7% CPU
Optimizing NNI: done in 11.0752 secs using 399.6% CPU
Iteration 820 / LogL: -9206.439 / Time: 4h:1m:2s (0h:24m:8s left)
Optimizing NNI: done in 15.1973 secs using 399.8% CPU
Optimizing NNI: done in 19.3151 secs using 399.7% CPU
Optimizing NNI: done in 20.4751 secs using 399.7% CPU
Optimizing NNI: done in 17.1062 secs using 399.8% CPU
Optimizing NNI: done in 15.8343 secs using 399.6% CPU
Optimizing NNI: done in 15.7288 secs using 399.8% CPU
Optimizing NNI: done in 17.2887 secs using 399.4% CPU
Optimizing NNI: done in 14.5896 secs using 399.8% CPU
Optimizing NNI: done in 17.5608 secs using 399.8% CPU
Optimizing NNI: done in 18.4605 secs using 399.7% CPU
Iteration 830 / LogL: -9206.517 / Time: 4h:3m:55s (0h:21m:11s left)
Optimizing NNI: done in 10.519 secs using 399.7% CPU
Optimizing NNI: done in 18.6885 secs using 399.7% CPU
Optimizing NNI: done in 13.2798 secs using 399.7% CPU
Optimizing NNI: done in 15.117 secs using 399.8% CPU
Optimizing NNI: done in 8.6229 secs using 399.6% CPU
Optimizing NNI: done in 15.6905 secs using 399.4% CPU
Optimizing NNI: done in 15.7742 secs using 399.7% CPU
Optimizing NNI: done in 15.4864 secs using 399.7% CPU
Optimizing NNI: done in 17.1652 secs using 399.7% CPU
Optimizing NNI: done in 13.0694 secs using 399.7% CPU
Iteration 840 / LogL: -9211.945 / Time: 4h:6m:20s (0h:18m:12s left)
Optimizing NNI: done in 16.7307 secs using 399.6% CPU
Optimizing NNI: done in 14.7421 secs using 399.8% CPU
Optimizing NNI: done in 17.5095 secs using 399.7% CPU
Optimizing NNI: done in 16.917 secs using 399.7% CPU
Optimizing NNI: done in 14.6784 secs using 398.8% CPU
Optimizing NNI: done in 17.6638 secs using 399.5% CPU
Optimizing NNI: done in 18.9954 secs using 399.5% CPU
Optimizing NNI: done in 14.1366 secs using 399.6% CPU
Optimizing NNI: done in 14.7213 secs using 399.5% CPU
Optimizing NNI: done in 13.9311 secs using 399.4% CPU
Iteration 850 / LogL: -9206.441 / Time: 4h:9m:1s (0h:15m:15s left)
Optimizing NNI: done in 17.7152 secs using 399.7% CPU
Optimizing NNI: done in 18.0804 secs using 399.7% CPU
Optimizing NNI: done in 16.2434 secs using 399.7% CPU
Optimizing NNI: done in 15.5827 secs using 399.5% CPU
Optimizing NNI: done in 11.8792 secs using 399.5% CPU
Optimizing NNI: done in 16.832 secs using 399.8% CPU
Optimizing NNI: done in 13.2549 secs using 399.7% CPU
Optimizing NNI: done in 16.7261 secs using 399.7% CPU
Optimizing NNI: done in 16.1124 secs using 399.6% CPU
Optimizing NNI: done in 15.7183 secs using 399.8% CPU
Iteration 860 / LogL: -9219.155 / Time: 4h:11m:40s (0h:12m:18s left)
Optimizing NNI: done in 13.5965 secs using 399.8% CPU
Optimizing NNI: done in 16.2783 secs using 399.8% CPU
Optimizing NNI: done in 15.1271 secs using 399.7% CPU
Optimizing NNI: done in 15.6157 secs using 399.2% CPU
Optimizing NNI: done in 17.5573 secs using 399.7% CPU
Optimizing NNI: done in 16.6818 secs using 399.8% CPU
Optimizing NNI: done in 13.0515 secs using 399.8% CPU
Optimizing NNI: done in 19.9447 secs using 399.5% CPU
Optimizing NNI: done in 11.9002 secs using 399.6% CPU
Optimizing NNI: done in 13.1145 secs using 399.6% CPU
Iteration 870 / LogL: -9210.612 / Time: 4h:14m:14s (0h:9m:21s left)
Optimizing NNI: done in 13.2678 secs using 399.5% CPU
Optimizing NNI: done in 15.3325 secs using 399.7% CPU
Optimizing NNI: done in 11.582 secs using 399.2% CPU
Optimizing NNI: done in 20.9861 secs using 399.7% CPU
Optimizing NNI: done in 10.7324 secs using 399.7% CPU
Optimizing NNI: done in 15.3419 secs using 399.5% CPU
Optimizing NNI: done in 13.6531 secs using 399.7% CPU
Optimizing NNI: done in 17.0541 secs using 399.8% CPU
Optimizing NNI: done in 16.834 secs using 399.5% CPU
Optimizing NNI: done in 13.7495 secs using 399.7% CPU
Iteration 880 / LogL: -9206.434 / Time: 4h:16m:44s (0h:6m:25s left)
Optimizing NNI: done in 19.4561 secs using 399.3% CPU
Optimizing NNI: done in 16.808 secs using 399.7% CPU
Optimizing NNI: done in 13.6162 secs using 399.7% CPU
Optimizing NNI: done in 17.6575 secs using 399.5% CPU
Optimizing NNI: done in 16.9972 secs using 399.8% CPU
Optimizing NNI: done in 15.2068 secs using 399.8% CPU
Optimizing NNI: done in 13.7224 secs using 399.7% CPU
Optimizing NNI: done in 11.7088 secs using 399.6% CPU
Optimizing NNI: done in 18.5833 secs using 399.7% CPU
Optimizing NNI: done in 16.7047 secs using 399.4% CPU
Iteration 890 / LogL: -9206.515 / Time: 4h:19m:26s (0h:3m:30s left)
Optimizing NNI: done in 14.8294 secs using 399.6% CPU
Optimizing NNI: done in 13.8035 secs using 399.7% CPU
Optimizing NNI: done in 20.3185 secs using 399.7% CPU
Optimizing NNI: done in 14.6245 secs using 399.7% CPU
Optimizing NNI: done in 14.2846 secs using 399.6% CPU
Optimizing NNI: done in 13.4544 secs using 399.6% CPU
Optimizing NNI: done in 15.516 secs using 399.8% CPU
Optimizing NNI: done in 18.0887 secs using 399.5% CPU
Optimizing NNI: done in 10.1502 secs using 399.2% CPU
Optimizing NNI: done in 14.3422 secs using 399.7% CPU
Iteration 900 / LogL: -9206.443 / Time: 4h:21m:57s (0h:0m:34s left)
Optimizing NNI: done in 13.5905 secs using 399.7% CPU
Optimizing NNI: done in 17.7515 secs using 399.8% CPU
Optimizing NNI: done in 15.4894 secs using 399.8% CPU
TREE SEARCH COMPLETED AFTER 903 ITERATIONS / Time: 4h:22m:44s

--------------------------------------------------------------------
|                    FINALIZING TREE SEARCH                        |
--------------------------------------------------------------------
Performs final model parameters optimization
Estimate model parameters (epsilon = 0.010)
1. Initial log-likelihood: -9206.433
Optimal log-likelihood: -9206.433
Gamma shape alpha: 0.171
Parameters optimization took 1 rounds (1.621 sec)
BEST SCORE FOUND : -9206.433
Total tree length: 0.235

Total number of iterations: 903
CPU time used for tree search: 62806.932 sec (17h:26m:46s)
Wall-clock time used for tree search: 15720.014 sec (4h:22m:0s)
Total CPU time used: 62988.720 sec (17h:29m:48s)
Total wall-clock time used: 15765.902 sec (4h:22m:45s)

Analysis results written to: 
  IQ-TREE report:                MYO7A_WAG.iqtree
  Maximum-likelihood tree:       MYO7A_WAG.treefile
  Likelihood distances:          MYO7A_WAG.mldist
  Screen log file:               MYO7A_WAG.log

Date and Time: Fri Jan 26 16:51:23 2024
