IQ-TREE multicore version 2.2.0-beta COVID-edition for Linux 64-bit built Dec 21 2021 built Dec 21 2021
Developed by Bui Quang Minh, James Barbetti, Nguyen Lam Tung,
Olga Chernomor, Heiko Schmidt, Dominik Schrempf, Michael Woodhams, Ly Trong Nhan.

Host:    awarnach14 (SSE3, 3 GB RAM)
Command: iqtree -s codon_alignments_v2_Jan24/CNTNAP2_codon_aligned.phy -st CODON -m TEST -pre CNTNAP2_MF -nt 4
Seed:    886726 (Using SPRNG - Scalable Parallel Random Number Generator)
Time:    Thu Jan 25 09:38:26 2024
Kernel:  SSE2 - 4 threads (4 CPU cores detected)

Reading alignment file codon_alignments_v2_Jan24/CNTNAP2_codon_aligned.phy ... Phylip format detected
Alignment most likely contains DNA/RNA sequences
Converting to codon sequences with genetic code  ...
WARNING: Sequence Sscr_CNTNAP2 has ambiguous character NNA at site 2851
WARNING: Sequence Sscr_CNTNAP2 has ambiguous character NCC at site 2914
WARNING: Sequence Sscr_CNTNAP2 has ambiguous character NAC at site 2977
Constructing alignment: done in 0.0123833 secs using 107.6% CPU
Alignment has 91 sequences with 1331 columns, 1203 distinct patterns
484 parsimony-informative, 283 singleton sites, 564 constant sites
                      Gap/Ambiguity  Composition  p-value
Analyzing sequences: done in 0.00047438 secs using 86.01% CPU
   1  Bacu_CNTNAP2            3.98%    passed    100.00%
   2  Barn_CNTNAP2           48.01%    passed     99.84%
   3  Bbai76728_CNTNAP2      10.07%    passed    100.00%
   4  BbonAUS_CNTNAP2         6.09%    passed    100.00%
   5  Bbor_CNTNAP2            0.00%    passed    100.00%
   6  Bede66737_CNTNAP2       0.00%    passed    100.00%
   7  BedeAUS_CNTNAP2         5.86%    passed    100.00%
   8  Bmus_CNTNAP2            0.00%    passed    100.00%
   9  Bphy_baits_CNTNAP2      4.51%    passed    100.00%
  10  Btau_CNTNAP2            0.00%    passed     99.99%
  11  Ccom40_CNTNAP2          4.28%    passed    100.00%
  12  Cela_CNTNAP2            0.00%    passed     89.35%
  13  Chea7320_CNTNAP2        0.00%    passed    100.00%
  14  Chir_CNTNAP2            0.00%    passed     99.83%
  15  Cmar59905_CNTNAP2       3.61%    passed    100.00%
  16  Dcap108471_CNTNAP2      0.15%    passed    100.00%
  17  Dcap79929_CNTNAP2       3.76%    passed    100.00%
  18  DdelSJR_CNTNAP2         0.15%    passed    100.00%
  19  Ddeltrop4525_CNTNAP2    3.38%    passed    100.00%
  20  Dleu_CNTNAP2            0.00%    passed    100.00%
  21  Easi_CNTNAP2            0.08%    passed     99.99%
  22  EausAUS_CNTNAP2         0.08%    passed    100.00%
  23  Egla13086_CNTNAP2       0.08%    passed    100.00%
  24  Ejap43864_CNTNAP2       0.08%    passed    100.00%
  25  Erob133443_CNTNAP2      0.00%    passed    100.00%
  26  Fatt_CNTNAP2            0.00%    passed    100.00%
  27  Ggri_CNTNAP2            2.48%    passed    100.00%
  28  Gmac39091_CNTNAP2       0.00%    passed    100.00%
  29  Gmel_CNTNAP2            0.00%    passed    100.00%
  30  Hamp_CNTNAP2            0.15%    passed    100.00%
  31  Hippo_CNTNAP2          10.07%    passed    100.00%
  32  Igeo_CNTNAP2           21.94%    passed    100.00%
  33  Kbre_CNTNAP2            0.08%    passed    100.00%
  34  Ksim_CNTNAP2            3.76%    passed    100.00%
  35  Lacu_CNTNAP2            0.45%    passed    100.00%
  36  Lalb_CNTNAP2            0.00%    passed    100.00%
  37  Laus_CNTNAP2            0.00%    passed    100.00%
  38  Lbor_CNTNAP2            6.61%    passed    100.00%
  39  Lhos30470_CNTNAP2       8.11%    passed    100.00%
  40  Lhos452_CNTNAP2         0.23%    passed    100.00%
  41  Lobl_CNTNAP2            0.00%    passed    100.00%
  42  Lobs_CNTNAP2            2.70%    passed    100.00%
  43  LperAUS_CNTNAP2         0.83%    passed    100.00%
  44  Mbid_CNTNAP2           34.71%    passed     99.83%
  45  Mbow_CNTNAP2            5.03%    passed    100.00%
  46  Mcar_CNTNAP2            2.48%    passed    100.00%
  47  Mden_CNTNAP2           26.15%    passed    100.00%
  48  Meur_CNTNAP2            5.86%    passed    100.00%
  49  Mgin_CNTNAP2            0.15%    passed    100.00%
  50  MgraAUS_CNTNAP2        34.03%    passed     99.99%
  51  Mhec_CNTNAP2           10.67%    passed    100.00%
  52  MlayAUS_CNTNAP2         2.18%    passed    100.00%
  53  Mmir_CNTNAP2           13.37%    passed    100.00%
  54  Mmon_CNTNAP2            0.00%    passed    100.00%
  55  Mper_CNTNAP2            2.63%    passed    100.00%
  56  Mpni_CNTNAP2            0.15%    passed    100.00%
  57  Mste_CNTNAP2            0.15%    passed    100.00%
  58  Naasi_CNTNAP2           0.00%    passed    100.00%
  59  Npho_CNTNAP2            6.76%    passed    100.00%
  60  Oari_CNTNAP2            0.00%    passed     99.53%
  61  Obre_CNTNAP2            0.00%    passed    100.00%
  62  Ohei_CNTNAP2            5.86%    passed    100.00%
  63  Oorc_CNTNAP2            0.00%    passed    100.00%
  64  Pbla7349_CNTNAP2        7.29%    passed    100.00%
  65  Pcat_CNTNAP2            1.58%    passed    100.00%
  66  Pcra123188_CNTNAP2      0.00%    passed    100.00%
  67  Pdal_CNTNAP2           51.92%    passed     99.87%
  68  Pdio_CNTNAP2            0.00%    passed    100.00%
  69  Pele_CNTNAP2            2.48%    passed    100.00%
  70  Pmac_CNTNAP2           30.50%    passed    100.00%
  71  Ppho_CNTNAP2            0.08%    passed    100.00%
  72  Psin_CASQ1              0.00%    passed    100.00%
  73  Pspi_CNTNAP2           16.60%    passed    100.00%
  74  Satt18473_CNTNAP2       0.15%    passed    100.00%
  75  Satt38219_CNTNAP2       6.69%    passed    100.00%
  76  Sbre116871_CNTNAP2      2.63%    passed    100.00%
  77  Sbre18437_CNTNAP2       2.63%    passed    100.00%
  78  Schi_CNTNAP2            0.15%    passed    100.00%
  79  Scly1724_CNTNAP2       32.98%    passed     99.93%
  80  Scly1726_CNTNAP2        0.15%    passed    100.00%
  81  Scoe_CNTNAP2            0.00%    passed    100.00%
  82  Sflu9837_CNTNAP2        0.00%    passed    100.00%
  83  Sfro7782_CNTNAP2        2.10%    passed    100.00%
  84  Sfro7784_CNTNAP2        0.15%    passed    100.00%
  85  Slon16012_CNTNAP2       0.15%    passed    100.00%
  86  Slon24923_CNTNAP2       2.63%    passed    100.00%
  87  Sscr_CNTNAP2            0.30%    passed    100.00%
  88  Tadu79924_CNTNAP2       6.01%    passed    100.00%
  89  Tshe_CNTNAP2            2.48%    passed    100.00%
  90  Ttru_CNTNAP2            0.00%    passed    100.00%
  91  Zcav_CNTNAP2            5.79%    passed    100.00%
WARNING: 1 sequences contain more than 50% gaps/ambiguity
****  TOTAL                   5.24%  0 sequences failed composition chi2 test (p-value<5%; df=60)
Checking for duplicate sequences: done in 0.00161815 secs using 192.3% CPU

Creating fast initial parsimony tree by random order stepwise addition...
0.106 seconds, parsimony score: 1689 (based on 767 sites)
Perform fast likelihood tree search using GY+F3X4+I+G model...
Estimate model parameters (epsilon = 5.000)
Perform nearest neighbor interchange...
Optimizing NNI: done in 27.1122 secs using 387.5% CPU
Estimate model parameters (epsilon = 1.000)
1. Initial log-likelihood: -15635.001
2. Current log-likelihood: -15633.788
Optimal log-likelihood: -15632.892
Nonsynonymous/synonymous ratio (omega): 0.086
Transition/transversion ratio (kappa): 3.837
Proportion of invariable sites: 0.112
Gamma shape alpha: 1.078
Parameters optimization took 2 rounds (101.860 sec)
Time for fast ML tree search: 437.746 seconds

NOTE: ModelFinder requires 215 MB RAM!
ModelFinder will test up to 60 codon models (sample size: 1331) ...
 No. Model         -LnL         df  AIC          AICc         BIC
  1  GY+F3X4       15874.688    190 32129.376    32193.043    33116.176
  2  GY+F3X4+I     15721.051    191 31824.102    31888.495    32816.096
  3  GY+F3X4+G4    15598.447    191 31578.894    31643.288    32570.888
  4  GY+F3X4+I+G4  15595.107    192 31574.214    31639.338    32571.401
  7  GY+F1X4+G4    15641.657    185 31653.314    31713.419    32614.146
  8  GY+F1X4+I+G4  15637.624    186 31647.248    31708.056    32613.274
 11  GY+F+G4       15536.382    242 31556.764    31664.863    32813.636
 12  GY+F+I+G4     15532.794    243 31551.588    31660.681    32813.654
 15  MGK+F3X4+G4   15557.892    191 31497.783    31562.176    32489.777
 16  MGK+F3X4+I+G4 15556.848    192 31497.695    31562.820    32494.883
 19  MGK+F1X4+G4   15645.121    185 31660.243    31720.348    32621.075
 20  MGK+F1X4+I+G4 15641.670    186 31655.340    31716.148    32621.366
 23  MG+F3X4+G4    15557.892    190 31495.783    31559.450    32482.583
 24  MG+F3X4+I+G4  15556.848    191 31495.695    31560.088    32487.689
 27  MG+F1X4+G4    15645.122    184 31658.244    31717.651    32613.882
 28  MG+F1X4+I+G4  15641.672    185 31653.344    31713.449    32614.176
 31  KOSI07+F3X4+G4 15905.962    189 32189.924    32252.869    33171.531
 32  KOSI07+F3X4+I+G4 15897.820    190 32175.640    32239.306    33162.440
 35  KOSI07+F1X4+G4 16025.588    183 32417.177    32475.890    33367.621
 36  KOSI07+F1X4+I+G4 16005.896    184 32379.792    32439.198    33335.430
 39  KOSI07+F+G4   15849.029    240 32178.058    32284.187    33424.543
 40  KOSI07+F+I+G4 15839.933    241 32161.865    32268.976    33413.544
 43  KOSI07+FU+G4  15938.919    180 32237.837    32294.498    33172.701
 44  KOSI07+FU+I+G4 15934.487    181 32230.974    32288.314    33171.031
 47  SCHN05+F3X4+G4 15859.852    189 32097.704    32160.649    33079.310
 48  SCHN05+F3X4+I+G4 15850.717    190 32081.433    32145.100    33068.233
 51  SCHN05+F1X4+G4 16005.604    183 32377.208    32435.921    33327.652
 52  SCHN05+F1X4+I+G4 15984.241    184 32336.482    32395.889    33292.120
 55  SCHN05+F+G4   15753.521    240 31987.042    32093.170    33233.526
 56  SCHN05+F+I+G4 15748.105    241 31978.211    32085.322    33229.889
 59  SCHN05+FU+G4  15883.904    180 32127.808    32184.469    33062.672
 60  SCHN05+FU+I+G4 15880.794    181 32123.587    32180.928    33063.645
Akaike Information Criterion:           MG+F3X4+I+G4
Corrected Akaike Information Criterion: MG+F3X4+G4
Bayesian Information Criterion:         MG+F3X4+G4
Best-fit model: MG+F3X4+G4 chosen according to BIC

All model information printed to CNTNAP2_MF.model.gz
CPU time for ModelFinder: 29983.061 seconds (8h:19m:43s)
Wall-clock time for ModelFinder: 7673.306 seconds (2h:7m:53s)

NOTE: 215 MB RAM (0 GB) is required!
Estimate model parameters (epsilon = 0.100)
1. Initial log-likelihood: -15557.892
Optimal log-likelihood: -15557.892
Nonsynonymous/synonymous ratio (omega): 0.094
Transition/transversion ratio (kappa): 4.099
Gamma shape alpha: 0.844
Parameters optimization took 1 rounds (35.088 sec)
Wrote distance file to... 
Computing ML distances based on estimated model parameters...
Calculating distance matrix: done in 37.6562 secs using 399.7% CPU
Computing ML distances took 37.657265 sec (of wall-clock time) 150.510286 sec (of CPU time)
Setting up auxiliary I and S matrices: done in 0.000959655 secs
Constructing RapidNJ tree: done in 0.0585181 secs using 54.89% CPU
Computing RapidNJ tree took 0.059673 sec (of wall-clock time) 0.032269 sec (of CPU time)
ERROR: Alignment sequence Bacu_CNTNAP2 does not appear in the tree
(Tadu79924_CNTNAP2,(Scly1726_CNTNAP2,Dcap79929_CNTNAP2),(DdelSJR_CNTNAP2,((Scoe_CNTNAP2,Dcap108471_CNTNAP2),((((Sflu9837_CNTNAP2,Schi_CNTNAP2),Lhos30470_CNTNAP2),(Ttru_CNTNAP2,Lhos452_CNTNAP2)),((Slon24923_CNTNAP2,Slon16012_CNTNAP2),(((Satt18473_CNTNAP2,((Sfro7782_CNTNAP2,Sfro7784_CNTNAP2),Satt38219_CNTNAP2)),((((Lobl_CNTNAP2,Laus_CNTNAP2),(Lobs_CNTNAP2,Chea7320_CNTNAP2)),(Ccom40_CNTNAP2,Lbor_CNTNAP2)),LperAUS_CNTNAP2)),(((((Obre_CNTNAP2,Ohei_CNTNAP2),(((Sbre116871_CNTNAP2,Sbre18437_CNTNAP2),((Pcra123188_CNTNAP2,(Fatt_CNTNAP2,Pele_CNTNAP2)),(Gmac39091_CNTNAP2,Gmel_CNTNAP2))),Ggri_CNTNAP2)),Lalb_CNTNAP2),Oorc_CNTNAP2),((((((((((Barn_CNTNAP2,Bbai76728_CNTNAP2),(Hamp_CNTNAP2,Zcav_CNTNAP2)),Tshe_CNTNAP2),((((((Mbid_CNTNAP2,((Mbow_CNTNAP2,Mcar_CNTNAP2),MlayAUS_CNTNAP2)),(Mgin_CNTNAP2,Mmir_CNTNAP2)),(Mden_CNTNAP2,((Mper_CNTNAP2,Mpni_CNTNAP2),Mste_CNTNAP2))),Mhec_CNTNAP2),Meur_CNTNAP2),MgraAUS_CNTNAP2)),((((BbonAUS_CNTNAP2,((((Bbor_CNTNAP2,(Bede66737_CNTNAP2,BedeAUS_CNTNAP2)),Bphy_baits_CNTNAP2),Bmus_CNTNAP2),Erob133443_CNTNAP2)),(Cmar59905_CNTNAP2,(EausAUS_CNTNAP2,(Egla13086_CNTNAP2,Ejap43864_CNTNAP2)))),(((Btau_CNTNAP2,(Chir_CNTNAP2,Oari_CNTNAP2)),Cela_CNTNAP2),((Easi_CNTNAP2,Sscr_CNTNAP2),Hippo_CNTNAP2))),((Kbre_CNTNAP2,Ksim_CNTNAP2),(Pcat_CNTNAP2,Pmac_CNTNAP2)))),(((((Pdio_CNTNAP2,(Psin_CASQ1,Pspi_CNTNAP2)),Ppho_CNTNAP2),(Naasi_CNTNAP2,Npho_CNTNAP2)),Pdal_CNTNAP2),(Dleu_CNTNAP2,Mmon_CNTNAP2))),Pbla7349_CNTNAP2),Igeo_CNTNAP2),Lacu_CNTNAP2),(Scly1724_CNTNAP2,Ddeltrop4525_CNTNAP2)))))))));
ERROR: Tree taxa and alignment sequence do not match (see above)
