IQ-TREE multicore version 2.2.0-beta COVID-edition for Linux 64-bit built Dec 21 2021 built Dec 21 2021
Developed by Bui Quang Minh, James Barbetti, Nguyen Lam Tung,
Olga Chernomor, Heiko Schmidt, Dominik Schrempf, Michael Woodhams, Ly Trong Nhan.

Host:    awarnach14 (SSE3, 3 GB RAM)
Command: iqtree -s codon_alignments_v2_Jan24/FOXP2_codon_aligned.phy -st CODON -m TEST -pre FOXP2_MF -nt 4
Seed:    832565 (Using SPRNG - Scalable Parallel Random Number Generator)
Time:    Thu Jan 25 12:13:29 2024
Kernel:  SSE2 - 4 threads (4 CPU cores detected)

Reading alignment file codon_alignments_v2_Jan24/FOXP2_codon_aligned.phy ... Phylip format detected
Alignment most likely contains DNA/RNA sequences
Converting to codon sequences with genetic code  ...
Constructing alignment: done in 0.00389702 secs using 165.7% CPU
Alignment has 93 sequences with 510 columns, 408 distinct patterns
74 parsimony-informative, 83 singleton sites, 353 constant sites
                    Gap/Ambiguity  Composition  p-value
Analyzing sequences: done in 0.000136334 secs using 97.55% CPU
   1  Bacu_FOXP2            0.00%    passed    100.00%
   2  Barn_FOXP2           25.49%    passed    100.00%
   3  Bbai76728_FOXP2      16.86%    passed    100.00%
   4  BbonAUS_FOXP2         9.80%    passed    100.00%
   5  Bbor_FOXP2            5.10%    passed    100.00%
   6  Bede66737_FOXP2       5.10%    passed    100.00%
   7  BedeAUS_FOXP2         5.10%    passed    100.00%
   8  Bmus_FOXP2            0.00%    passed    100.00%
   9  Bmys_FOXP2           14.51%    passed    100.00%
  10  Bphy_FOXP2           15.69%    passed    100.00%
  11  Bphy_baits_FOXP2      9.80%    passed    100.00%
  12  Btau_FOXP2            0.00%    passed    100.00%
  13  Ccom40_FOXP2         22.55%    passed    100.00%
  14  Chea7320_FOXP2        9.80%    passed    100.00%
  15  Cmar59905_FOXP2       9.80%    passed    100.00%
  16  Dcap108471_FOXP2      5.10%    passed    100.00%
  17  Dcap79929_FOXP2      10.78%    passed    100.00%
  18  DdelSJR_FOXP2         5.10%    passed    100.00%
  19  Ddeltrop4525_FOXP2    5.10%    passed    100.00%
  20  Dleu_FOXP2            0.00%    passed    100.00%
  21  EausAUS_FOXP2         5.10%    passed    100.00%
  22  Ecab_FOXP2            0.00%    passed    100.00%
  23  Egla13086_FOXP2       5.10%    passed    100.00%
  24  Ejap43864_FOXP2       5.10%    passed    100.00%
  25  Erob133443_FOXP2     10.20%    passed    100.00%
  26  Fatt_FOXP2            5.10%    passed    100.00%
  27  Ggri_FOXP2            5.10%    passed    100.00%
  28  Gmac39091_FOXP2       5.10%    passed    100.00%
  29  Gmel_FOXP2            0.00%    passed    100.00%
  30  Hippo_FOXP2           0.00%    passed    100.00%
  31  Hamp_FOXP2            5.10%    passed    100.00%
  32  Igeo_FOXP2           38.63%    passed    100.00%
  33  Kbre_FOXP2            5.10%    passed    100.00%
  34  Ksim_FOXP2           20.39%    passed    100.00%
  35  Lacu_FOXP2            5.10%    passed    100.00%
  36  Lalb_FOXP2            5.10%    passed    100.00%
  37  Laus_FOXP2            5.10%    passed    100.00%
  38  Lbor_FOXP2           11.96%    passed    100.00%
  39  Lhos30470_FOXP2      16.47%    passed    100.00%
  40  Lhos452_FOXP2         9.80%    passed    100.00%
  41  Lobl_FOXP2            0.00%    passed    100.00%
  42  Lobs_FOXP2           10.98%    passed    100.00%
  43  LperAUS_FOXP2         5.10%    passed    100.00%
  44  Lvex_FOXP2           25.10%    passed    100.00%
  45  Mbid_FOXP2           29.80%    passed    100.00%
  46  Mbow_FOXP2            5.10%    passed    100.00%
  47  Mcar_FOXP2            5.10%    passed    100.00%
  48  Mden_FOXP2           36.27%    passed    100.00%
  49  Meur_FOXP2           10.98%    passed    100.00%
  50  Mgin_FOXP2            5.10%    passed    100.00%
  51  MgraAUS_FOXP2        46.08%    passed     99.44%
  52  Mhec_FOXP2            9.80%    passed    100.00%
  53  MlayAUS_FOXP2         5.10%    passed    100.00%
  54  Mmir_FOXP2           23.92%    passed    100.00%
  55  Mmon_FOXP2            0.00%    passed    100.00%
  56  Mper_FOXP2            5.10%    passed    100.00%
  57  Mpni_FOXP2            6.27%    passed    100.00%
  58  Mste_FOXP2            9.80%    passed    100.00%
  59  Naasi_FOXP2           0.00%    passed    100.00%
  60  Npho_FOXP2            5.10%    passed    100.00%
  61  Oari_FOXP2            0.00%    passed    100.00%
  62  Obre_FOXP2            5.10%    passed    100.00%
  63  Ohei_FOXP2            5.10%    passed    100.00%
  64  Oorc_FOXP2            0.00%    passed    100.00%
  65  Ovtex_FOXP2           0.00%    passed    100.00%
  66  Pbla7349_FOXP2       11.37%    passed    100.00%
  67  Pcat_FOXP2            0.00%    passed    100.00%
  68  Pcra123188_FOXP2      9.80%    passed    100.00%
  69  Pdal_FOXP2           52.55%    passed     99.16%
  70  Pdio_FOXP2            5.10%    passed    100.00%
  71  Pele_FOXP2            5.10%    passed    100.00%
  72  Pmac_FOXP2            5.29%    passed    100.00%
  73  Ppho_FOXP2            5.10%    passed    100.00%
  74  Psin_FOXP2            0.00%    passed    100.00%
  75  Pspi_FOXP2           45.49%    passed     99.97%
  76  Satt18473_FOXP2       9.80%    passed    100.00%
  77  Satt38219_FOXP2      15.88%    passed    100.00%
  78  Sbre116871_FOXP2      5.10%    passed    100.00%
  79  Sbre18437_FOXP2       5.10%    passed    100.00%
  80  Schi_FOXP2            9.80%    passed    100.00%
  81  Scly1724_FOXP2       57.84%    passed     57.83%
  82  Scly1726_FOXP2        5.10%    passed    100.00%
  83  Scoe_FOXP2            5.10%    passed    100.00%
  84  Sflu9837_FOXP2        5.10%    passed    100.00%
  85  Sfro7782_FOXP2       15.69%    passed    100.00%
  86  Sfro7784_FOXP2        5.10%    passed    100.00%
  87  Slon16012_FOXP2       5.10%    passed    100.00%
  88  Slon24923_FOXP2       5.10%    passed    100.00%
  89  Sscr_FOXP2            0.00%    passed    100.00%
  90  Tadu79924_FOXP2       5.10%    passed    100.00%
  91  Tshe_FOXP2            5.10%    passed    100.00%
  92  Ttru_FOXP2            0.00%    passed    100.00%
  93  Zcav_FOXP2            9.80%    passed    100.00%
WARNING: 2 sequences contain more than 50% gaps/ambiguity
****  TOTAL                 9.72%  0 sequences failed composition chi2 test (p-value<5%; df=60)
NOTE: BedeAUS_FOXP2 is identical to Bede66737_FOXP2 but kept for subsequent analysis
NOTE: Schi_FOXP2 is identical to Chea7320_FOXP2 but kept for subsequent analysis
NOTE: DdelSJR_FOXP2 is identical to Dcap108471_FOXP2 but kept for subsequent analysis
NOTE: Egla13086_FOXP2 is identical to EausAUS_FOXP2 but kept for subsequent analysis
NOTE: Gmac39091_FOXP2 is identical to Fatt_FOXP2 but kept for subsequent analysis
NOTE: Lobl_FOXP2 is identical to Gmel_FOXP2 but kept for subsequent analysis
NOTE: MlayAUS_FOXP2 is identical to Mbow_FOXP2 but kept for subsequent analysis
NOTE: Mste_FOXP2 is identical to Mhec_FOXP2 but kept for subsequent analysis
NOTE: Psin_FOXP2 is identical to Naasi_FOXP2 but kept for subsequent analysis
NOTE: Pdio_FOXP2 is identical to Npho_FOXP2 but kept for subsequent analysis
NOTE: Sbre18437_FOXP2 is identical to Sbre116871_FOXP2 but kept for subsequent analysis
NOTE: Slon16012_FOXP2 is identical to Scly1726_FOXP2 but kept for subsequent analysis
Checking for duplicate sequences: done in 0.000866905 secs using 183.2% CPU
Identifying sites to remove: done in 0.00234257 secs using 218.6% CPU
NOTE: 10 identical sequences (see below) will be ignored for subsequent analysis
NOTE: Ddeltrop4525_FOXP2 (identical to Dcap108471_FOXP2) is ignored but added at the end
NOTE: Ejap43864_FOXP2 (identical to EausAUS_FOXP2) is ignored but added at the end
NOTE: Lacu_FOXP2 (identical to Fatt_FOXP2) is ignored but added at the end
NOTE: Lalb_FOXP2 (identical to Fatt_FOXP2) is ignored but added at the end
NOTE: LperAUS_FOXP2 (identical to Fatt_FOXP2) is ignored but added at the end
NOTE: Ohei_FOXP2 (identical to Fatt_FOXP2) is ignored but added at the end
NOTE: Pele_FOXP2 (identical to Fatt_FOXP2) is ignored but added at the end
NOTE: Scoe_FOXP2 (identical to Fatt_FOXP2) is ignored but added at the end
NOTE: Slon24923_FOXP2 (identical to Scly1726_FOXP2) is ignored but added at the end
NOTE: Tadu79924_FOXP2 (identical to Scly1726_FOXP2) is ignored but added at the end
Alignment was printed to FOXP2_MF.uniqueseq.phy

For your convenience alignment with unique sequences printed to FOXP2_MF.uniqueseq.phy

Creating fast initial parsimony tree by random order stepwise addition...
0.031 seconds, parsimony score: 222 (based on 157 sites)
Perform fast likelihood tree search using GY+F3X4+I+G model...
Estimate model parameters (epsilon = 5.000)
Perform nearest neighbor interchange...
Optimizing NNI: done in 16.766 secs using 363.8% CPU
Estimate model parameters (epsilon = 1.000)
1. Initial log-likelihood: -3403.880
Optimal log-likelihood: -3403.543
Nonsynonymous/synonymous ratio (omega): 0.041
Transition/transversion ratio (kappa): 4.287
Proportion of invariable sites: 0.303
Gamma shape alpha: 2.074
Parameters optimization took 1 rounds (19.391 sec)
Time for fast ML tree search: 117.321 seconds

NOTE: ModelFinder requires 72 MB RAM!
ModelFinder will test up to 60 codon models (sample size: 510) ...
 No. Model         -LnL         df  AIC          AICc         BIC
  1  GY+F3X4       3416.449     174 7180.897     7362.688     7917.685
  2  GY+F3X4+I     3403.078     175 7156.156     7340.588     7897.178
  3  GY+F3X4+G4    3399.086     175 7148.172     7332.603     7889.193
  4  GY+F3X4+I+G4  3399.690     176 7151.381     7338.480     7896.637
  6  GY+F1X4+I     3415.194     169 7168.388     7337.388     7884.004
  7  GY+F1X4+G4    3411.360     169 7160.719     7329.719     7876.334
  8  GY+F1X4+I+G4  3411.823     170 7163.646     7335.150     7883.496
 10  GY+F+I        3346.231     226 7144.462     7507.021     8101.439
 11  GY+F+G4       3342.288     226 7136.577     7499.135     8093.554
 12  GY+F+I+G4     3342.803     227 7139.606     7506.670     8100.817
 14  MGK+F3X4+I    3405.930     175 7161.860     7346.291     7902.882
 15  MGK+F3X4+G4   3401.608     175 7153.216     7337.647     7894.238
 16  MGK+F3X4+I+G4 3402.118     176 7156.235     7343.334     7901.491
 18  MGK+F1X4+I    3415.458     169 7168.917     7337.917     7884.532
 19  MGK+F1X4+G4   3411.272     169 7160.543     7329.543     7876.159
 20  MGK+F1X4+I+G4 3411.777     170 7163.555     7335.059     7883.405
 22  MG+F3X4+I     3405.933     174 7159.866     7341.657     7896.653
 23  MG+F3X4+G4    3401.609     174 7151.218     7333.009     7888.005
 24  MG+F3X4+I+G4  3402.144     175 7154.288     7338.720     7895.310
 26  MG+F1X4+I     3415.459     168 7166.918     7333.440     7878.299
 27  MG+F1X4+G4    3411.272     168 7158.543     7325.065     7869.924
 28  MG+F1X4+I+G4  3411.777     169 7161.555     7330.555     7877.170
 30  KOSI07+F3X4+I 3454.164     173 7254.327     7433.506     7986.881
 31  KOSI07+F3X4+G4 3448.265     173 7242.530     7421.709     7975.083
 32  KOSI07+F3X4+I+G4 3448.295     174 7244.589     7426.380     7981.377
 34  KOSI07+F1X4+I 3472.967     167 7279.933     7444.004     7987.080
 35  KOSI07+F1X4+G4 3468.396     167 7270.791     7434.861     7977.938
 36  KOSI07+F1X4+I+G4 3466.722     168 7269.444     7435.966     7980.825
 38  KOSI07+F+I    3399.751     224 7247.501     7601.186     8196.009
 39  KOSI07+F+G4   3394.221     224 7236.442     7590.126     8184.950
 40  KOSI07+F+I+G4 3393.567     225 7237.135     7595.233     8189.877
 42  KOSI07+FU+I   3471.345     164 7270.690     7427.559     7965.133
 43  KOSI07+FU+G4  3465.930     164 7259.860     7416.730     7954.303
 44  KOSI07+FU+I+G4 3466.353     165 7262.707     7421.951     7961.384
 46  SCHN05+F3X4+I 3435.610     173 7217.221     7396.399     7949.774
 47  SCHN05+F3X4+G4 3431.418     173 7208.835     7388.014     7941.388
 48  SCHN05+F3X4+I+G4 3431.195     174 7210.391     7392.182     7947.178
 50  SCHN05+F1X4+I 3452.157     167 7238.314     7402.384     7945.461
 51  SCHN05+F1X4+G4 3448.599     167 7231.198     7395.268     7938.344
 52  SCHN05+F1X4+I+G4 3447.024     168 7230.048     7396.570     7941.429
 54  SCHN05+F+I    3369.989     224 7187.978     7541.662     8136.486
 55  SCHN05+F+G4   3365.179     224 7178.358     7532.042     8126.866
 56  SCHN05+F+I+G4 3365.354     225 7180.709     7538.807     8133.451
 58  SCHN05+FU+I   3427.026     164 7182.053     7338.922     7876.496
 59  SCHN05+FU+G4  3421.933     164 7171.866     7328.736     7866.309
 60  SCHN05+FU+I+G4 3422.375     165 7174.749     7333.993     7873.427
Akaike Information Criterion:           GY+F+G4
Corrected Akaike Information Criterion: MG+F1X4+G4
Bayesian Information Criterion:         SCHN05+FU+G4
Best-fit model: SCHN05+FU+G4 chosen according to BIC

All model information printed to FOXP2_MF.model.gz
CPU time for ModelFinder: 3782.858 seconds (1h:3m:2s)
Wall-clock time for ModelFinder: 1007.415 seconds (0h:16m:47s)

NOTE: 73 MB RAM (0 GB) is required!
Estimate model parameters (epsilon = 0.100)
1. Initial log-likelihood: -3421.933
Optimal log-likelihood: -3421.933
Nonsynonymous/synonymous ratio (omega): 0.039
Transition/transversion ratio (kappa): 4.626
Gamma shape alpha: 0.684
Parameters optimization took 1 rounds (6.917 sec)
Wrote distance file to... 
Computing ML distances based on estimated model parameters...
Calculating distance matrix: done in 30.7664 secs using 399.8% CPU
Computing ML distances took 30.766814 sec (of wall-clock time) 122.994573 sec (of CPU time)
Setting up auxiliary I and S matrices: done in 0.00221657 secs using 126.2% CPU
Constructing RapidNJ tree: done in 0.0653997 secs using 60.4% CPU
Computing RapidNJ tree took 0.067798 sec (of wall-clock time) 0.042505 sec (of CPU time)
Log-likelihood of RapidNJ tree: -3477.969
--------------------------------------------------------------------
|             INITIALIZING CANDIDATE TREE SET                      |
--------------------------------------------------------------------
Generating 98 parsimony trees... 1.088 second
Computing log-likelihood of 98 initial trees ... 234.410 seconds
Current best score: -3421.933

Do NNI search on 20 best initial trees
Optimizing NNI: done in 12.2394 secs using 365.9% CPU
Estimate model parameters (epsilon = 0.100)
BETTER TREE FOUND at iteration 1: -3421.933
Optimizing NNI: done in 11.5212 secs using 363.6% CPU
Optimizing NNI: done in 11.9007 secs using 363.5% CPU
Optimizing NNI: done in 11.8414 secs using 363.7% CPU
Optimizing NNI: done in 11.639 secs using 364.2% CPU
Optimizing NNI: done in 11.8962 secs using 364.5% CPU
Optimizing NNI: done in 12.0382 secs using 364.8% CPU
Optimizing NNI: done in 11.7425 secs using 363.7% CPU
Optimizing NNI: done in 11.4939 secs using 363% CPU
Optimizing NNI: done in 11.3832 secs using 361.8% CPU
Iteration 10 / LogL: -3427.783 / Time: 0h:6m:44s
Optimizing NNI: done in 11.5609 secs using 362.6% CPU
Optimizing NNI: done in 11.7101 secs using 363.6% CPU
Optimizing NNI: done in 17.2462 secs using 363.8% CPU
Optimizing NNI: done in 11.4515 secs using 363.5% CPU
Optimizing NNI: done in 11.6058 secs using 364% CPU
Optimizing NNI: done in 12.0973 secs using 364.3% CPU
Optimizing NNI: done in 11.1332 secs using 362.3% CPU
Optimizing NNI: done in 18.0337 secs using 364.2% CPU
Optimizing NNI: done in 11.4747 secs using 363.3% CPU
Optimizing NNI: done in 11.3892 secs using 363.5% CPU
Iteration 20 / LogL: -3428.421 / Time: 0h:8m:56s
Finish initializing candidate tree set (20)
Current best tree score: -3421.933 / CPU time: 495.941
Number of iterations: 20
--------------------------------------------------------------------
|               OPTIMIZING CANDIDATE TREE SET                      |
--------------------------------------------------------------------
Optimizing NNI: done in 32.829 secs using 366.2% CPU
Optimizing NNI: done in 34.4908 secs using 367.5% CPU
Optimizing NNI: done in 22.3802 secs using 367.6% CPU
Optimizing NNI: done in 24.7059 secs using 366.4% CPU
Optimizing NNI: done in 19.367 secs using 366.2% CPU
Optimizing NNI: done in 24.7321 secs using 366.2% CPU
Optimizing NNI: done in 25.7699 secs using 367.6% CPU
Optimizing NNI: done in 26.0941 secs using 368.5% CPU
Optimizing NNI: done in 40.4806 secs using 368.8% CPU
Optimizing NNI: done in 27.8831 secs using 368.1% CPU
Iteration 30 / LogL: -3533.268 / Time: 0h:13m:39s (0h:33m:26s left)
Optimizing NNI: done in 40.029 secs using 369.3% CPU
Optimizing NNI: done in 30.8358 secs using 365.9% CPU
Optimizing NNI: done in 36.8419 secs using 368.1% CPU
Optimizing NNI: done in 24.9438 secs using 367.8% CPU
Optimizing NNI: done in 28.4926 secs using 366.5% CPU
Optimizing NNI: done in 34.7142 secs using 366.5% CPU
Optimizing NNI: done in 23.7871 secs using 366.9% CPU
Optimizing NNI: done in 34.6516 secs using 367.7% CPU
Optimizing NNI: done in 29.5815 secs using 366.1% CPU
Optimizing NNI: done in 24.4701 secs using 367% CPU
Iteration 40 / LogL: -3542.647 / Time: 0h:18m:52s (0h:29m:31s left)
Optimizing NNI: done in 40.6006 secs using 366.7% CPU
Optimizing NNI: done in 26.0351 secs using 365.4% CPU
Optimizing NNI: done in 31.4055 secs using 366.4% CPU
Optimizing NNI: done in 31.214 secs using 367.4% CPU
Optimizing NNI: done in 24.9226 secs using 366.7% CPU
Optimizing NNI: done in 29.2374 secs using 367.4% CPU
Optimizing NNI: done in 40.7367 secs using 368% CPU
Optimizing NNI: done in 33.1889 secs using 367.4% CPU
Optimizing NNI: done in 26.6871 secs using 367.9% CPU
Optimizing NNI: done in 30.9613 secs using 366.4% CPU
Iteration 50 / LogL: -3492.387 / Time: 0h:24m:11s (0h:25m:11s left)
Optimizing NNI: done in 31.7121 secs using 368.8% CPU
Optimizing NNI: done in 24.533 secs using 369.3% CPU
Optimizing NNI: done in 27.4866 secs using 366.8% CPU
Optimizing NNI: done in 22.7538 secs using 365.6% CPU
Optimizing NNI: done in 20.3409 secs using 366.3% CPU
Optimizing NNI: done in 34.9483 secs using 368.8% CPU
Optimizing NNI: done in 32.9851 secs using 366.4% CPU
Optimizing NNI: done in 40.6301 secs using 367.2% CPU
Optimizing NNI: done in 23.9206 secs using 365.1% CPU
Optimizing NNI: done in 46.3255 secs using 366.9% CPU
Iteration 60 / LogL: -3509.449 / Time: 0h:29m:21s (0h:20m:24s left)
Optimizing NNI: done in 23.3497 secs using 366.6% CPU
Optimizing NNI: done in 27.9827 secs using 367.8% CPU
Optimizing NNI: done in 34.7249 secs using 366.2% CPU
Optimizing NNI: done in 20.7993 secs using 367% CPU
Optimizing NNI: done in 36.5574 secs using 365% CPU
Optimizing NNI: done in 37.5933 secs using 366.3% CPU
Optimizing NNI: done in 18.5369 secs using 366.8% CPU
Optimizing NNI: done in 25.1708 secs using 368.4% CPU
Optimizing NNI: done in 23.0307 secs using 368.5% CPU
Optimizing NNI: done in 25.1158 secs using 368.2% CPU
Iteration 70 / LogL: -3482.515 / Time: 0h:33m:59s (0h:15m:16s left)
Optimizing NNI: done in 34.0472 secs using 368.1% CPU
Optimizing NNI: done in 25.3645 secs using 366.9% CPU
Optimizing NNI: done in 50.5095 secs using 366% CPU
Optimizing NNI: done in 41.1369 secs using 369.9% CPU
Optimizing NNI: done in 36.6476 secs using 366.3% CPU
Optimizing NNI: done in 18.4944 secs using 365.4% CPU
Optimizing NNI: done in 30.9339 secs using 365.4% CPU
Optimizing NNI: done in 31.1976 secs using 366.3% CPU
Optimizing NNI: done in 46.5455 secs using 367.4% CPU
Optimizing NNI: done in 36.3101 secs using 367.8% CPU
Iteration 80 / LogL: -3499.603 / Time: 0h:39m:54s (0h:10m:36s left)
Optimizing NNI: done in 30.1029 secs using 367.7% CPU
Optimizing NNI: done in 33.0487 secs using 368.4% CPU
Optimizing NNI: done in 26.9642 secs using 364.7% CPU
Optimizing NNI: done in 31.5782 secs using 365% CPU
Optimizing NNI: done in 32.3201 secs using 365.4% CPU
Optimizing NNI: done in 20.1361 secs using 367% CPU
Optimizing NNI: done in 21.1518 secs using 367.2% CPU
Optimizing NNI: done in 39.1902 secs using 367.1% CPU
Optimizing NNI: done in 43.767 secs using 367.7% CPU
Optimizing NNI: done in 32.2973 secs using 365.7% CPU
Iteration 90 / LogL: -3466.509 / Time: 0h:45m:9s (0h:5m:34s left)
Optimizing NNI: done in 34.2739 secs using 366.9% CPU
Optimizing NNI: done in 23.6311 secs using 366.1% CPU
Optimizing NNI: done in 43.4918 secs using 368.7% CPU
Optimizing NNI: done in 38.3398 secs using 365.2% CPU
Optimizing NNI: done in 34.3108 secs using 366.3% CPU
Optimizing NNI: done in 26.3119 secs using 367.1% CPU
Optimizing NNI: done in 45.5319 secs using 367.3% CPU
Optimizing NNI: done in 23.5141 secs using 366.3% CPU
Optimizing NNI: done in 40.2266 secs using 365% CPU
Optimizing NNI: done in 33.4034 secs using 363.2% CPU
Iteration 100 / LogL: -3486.414 / Time: 0h:50m:57s (0h:0m:30s left)
Optimizing NNI: done in 31.0331 secs using 366% CPU
Optimizing NNI: done in 25.8242 secs using 366% CPU
TREE SEARCH COMPLETED AFTER 102 ITERATIONS / Time: 0h:51m:54s

--------------------------------------------------------------------
|                    FINALIZING TREE SEARCH                        |
--------------------------------------------------------------------
Performs final model parameters optimization
Estimate model parameters (epsilon = 0.010)
1. Initial log-likelihood: -3421.933
Optimal log-likelihood: -3421.933
Nonsynonymous/synonymous ratio (omega): 0.039
Transition/transversion ratio (kappa): 4.626
Gamma shape alpha: 0.684
Parameters optimization took 1 rounds (6.938 sec)
BEST SCORE FOUND : -3421.933
Total tree length: 0.486

Total number of iterations: 102
CPU time used for tree search: 11271.804 sec (3h:7m:51s)
Wall-clock time used for tree search: 3074.411 sec (0h:51m:14s)
Total CPU time used: 11455.478 sec (3h:10m:55s)
Total wall-clock time used: 3121.838 sec (0h:52m:1s)

Analysis results written to: 
  IQ-TREE report:                FOXP2_MF.iqtree
  Maximum-likelihood tree:       FOXP2_MF.treefile
  Likelihood distances:          FOXP2_MF.mldist
  Screen log file:               FOXP2_MF.log

Date and Time: Thu Jan 25 13:22:19 2024
