IQ-TREE multicore version 2.2.0-beta COVID-edition for Linux 64-bit built Dec 21 2021 built Dec 21 2021
Developed by Bui Quang Minh, James Barbetti, Nguyen Lam Tung,
Olga Chernomor, Heiko Schmidt, Dominik Schrempf, Michael Woodhams, Ly Trong Nhan.

Host:    awarnach (SSE3, 15 GB RAM)
Command: iqtree -s codon_alignments_edited/RYR2_codon_aligned.phy -st CODON -m TEST -o Mmus_RYR2 -pre RYR2 -nt 4
Seed:    22411 (Using SPRNG - Scalable Parallel Random Number Generator)
Time:    Tue Nov 21 16:21:05 2023
Kernel:  SSE2 - 4 threads (4 CPU cores detected)

Reading alignment file codon_alignments_edited/RYR2_codon_aligned.phy ... Phylip format detected
Alignment most likely contains DNA/RNA sequences
Converting to codon sequences with genetic code  ...
WARNING: Sequence Sscr_RYR2 has ambiguous character NCT at site 217
WARNING: Sequence Sscr_RYR2 has ambiguous character NGC at site 6760
WARNING: Sequence Bmus_RYR2 has ambiguous character NTT at site 9106
WARNING: Sequence Bmus_RYR2 has ambiguous character NNT at site 9280
Constructing alignment: done in 0.060168 secs using 74.82% CPU
Alignment has 100 sequences with 4975 columns, 4621 distinct patterns
2363 parsimony-informative, 1229 singleton sites, 1382 constant sites
                   Gap/Ambiguity  Composition  p-value
Analyzing sequences: done in 0.00249317 secs using 196.4% CPU
   1  Bacu_RYR2            2.03%    passed    100.00%
   2  Barn_RYR2           37.41%    passed    100.00%
   3  Bbai76728_RYR2      21.53%    passed    100.00%
   4  BbonAUS_RYR2        12.98%    passed    100.00%
   5  Bbor_RYR2            9.53%    passed    100.00%
   6  Bede66737_RYR2       8.44%    passed    100.00%
   7  BedeAUS_RYR2        11.36%    passed    100.00%
   8  Bmus_RYR2            0.08%    passed    100.00%
   9  Bmys_RYR2           66.55%    passed     47.50%
  10  Bphy_RYR2           14.55%    passed    100.00%
  11  Bphy_baits_RYR2     15.68%    passed    100.00%
  12  Bric_RYR2            0.08%    passed    100.00%
  13  Btau_RYR2            0.00%    passed     61.14%
  14  Ccom40_RYR2         19.26%    passed    100.00%
  15  Chea7320_RYR2        9.67%    passed    100.00%
  16  Clfam_RYR2           0.00%    passed     24.62%
  17  Cmar59905_RYR2      15.24%    passed    100.00%
  18  Dcap108471_RYR2      9.33%    passed    100.00%
  19  Dcap79929_RYR2      14.41%    passed    100.00%
  20  DdelSJR_RYR2         7.70%    passed    100.00%
  21  Ddel_RYR2            0.44%    passed    100.00%
  22  Ddeltrop4525_RYR2   10.19%    passed    100.00%
  23  Dleu_RYR2            0.42%    passed    100.00%
  24  EausAUS_RYR2         8.30%    passed    100.00%
  25  Ecab_RYR2            0.14%    passed     24.69%
  26  Egla13086_RYR2      12.70%    passed    100.00%
  27  Ejap43864_RYR2      10.69%    passed    100.00%
  28  Erob133443_RYR2     10.97%    passed    100.00%
  29  Fatt_RYR2            7.94%    passed    100.00%
  30  Ggri_RYR2            7.68%    passed    100.00%
  31  Gmac39091_RYR2       8.08%    passed    100.00%
  32  Gmel_RYR2            0.44%    passed    100.00%
  33  Hamp_RYR2            0.38%    passed    100.00%
  34  Hippo_RYR2          13.41%    passed    100.00%
  35  Hpla9120_RYR2       75.60%    passed     83.32%
  36  Hsap_RYR2            0.16%    failed      3.60%
  37  Igeo_RYR2           29.21%    passed    100.00%
  38  Kbre_RYR2            0.52%    passed    100.00%
  39  Ksim_RYR2           13.49%    passed    100.00%
  40  Lacu_RYR2           10.63%    passed    100.00%
  41  Lalb_RYR2            0.42%    passed    100.00%
  42  Laus_RYR2            7.50%    passed    100.00%
  43  Lbor_RYR2           15.40%    passed    100.00%
  44  Lhos30470_RYR2      17.49%    passed    100.00%
  45  Lhos452_RYR2         9.09%    passed    100.00%
  46  Lobl_RYR2            0.28%    passed    100.00%
  47  Lobs_RYR2           10.39%    passed    100.00%
  48  LperAUS_RYR2        10.77%    passed    100.00%
  49  Lvex_RYR2           76.08%    failed      1.01%
  50  Mbid_RYR2           27.12%    passed    100.00%
  51  Mbow_RYR2           11.12%    passed    100.00%
  52  Mcar_RYR2            8.78%    passed    100.00%
  53  Mden_RYR2            0.00%    passed    100.00%
  54  Meur_RYR2           10.33%    passed    100.00%
  55  Mgin_RYR2            8.98%    passed    100.00%
  56  MgraAUS_RYR2        37.21%    passed    100.00%
  57  Mhec_RYR2           13.87%    passed    100.00%
  58  MlayAUS_RYR2         8.32%    passed    100.00%
  59  Mmir_RYR2           18.19%    passed    100.00%
  60  Mmon_RYR2            0.68%    passed    100.00%
  61  Mmus_RYR2            0.22%    failed      0.00%
  62  Mper_RYR2           10.65%    passed    100.00%
  63  Mpni_RYR2           11.82%    passed    100.00%
  64  Mste_RYR2           11.16%    passed    100.00%
  65  Naasi_RYR2           0.28%    passed    100.00%
  66  Npho_RYR2            7.64%    passed    100.00%
  67  Oari_RYR2            0.00%    passed     92.18%
  68  Obre_RYR2            7.52%    passed    100.00%
  69  Ohei_RYR2            9.23%    passed    100.00%
  70  Oorc_RYR2            0.44%    passed    100.00%
  71  Ovtex_RYR2           3.96%    passed     94.11%
  72  Pbla7349_RYR2       14.01%    passed    100.00%
  73  Pcat_RYR2            0.40%    passed    100.00%
  74  Pcra123188_RYR2      9.59%    passed    100.00%
  75  Pdal_RYR2           36.20%    passed    100.00%
  76  Pdio_RYR2            9.29%    passed    100.00%
  77  Pele_RYR2            9.43%    passed    100.00%
  78  Pleo_RYR2            0.16%    passed     99.99%
  79  Pmac_RYR2           43.14%    passed     68.80%
  80  Ppho_RYR2           13.91%    passed    100.00%
  81  Psin_RYR2            0.30%    passed    100.00%
  82  Pspi_RYR2           17.03%    passed    100.00%
  83  Satt18473_RYR2       9.45%    passed    100.00%
  84  Satt38219_RYR2      11.64%    passed    100.00%
  85  Sbre116871_RYR2      7.62%    passed    100.00%
  86  Sbre18437_RYR2       9.43%    passed    100.00%
  87  Schi_RYR2            9.25%    passed    100.00%
  88  Scly1724_RYR2       29.99%    passed    100.00%
  89  Scly1726_RYR2        8.08%    passed    100.00%
  90  Scoe_RYR2           13.29%    passed    100.00%
  91  Sflu9837_RYR2       10.55%    passed    100.00%
  92  Sfro7782_RYR2       18.47%    passed    100.00%
  93  Sfro7784_RYR2        8.12%    passed    100.00%
  94  Slon16012_RYR2       8.94%    passed    100.00%
  95  Slon24923_RYR2       7.18%    passed    100.00%
  96  Sscr_RYR2            0.04%    passed     99.99%
  97  Tadu79924_RYR2      10.99%    passed    100.00%
  98  Tshe_RYR2            9.35%    passed    100.00%
  99  Ttru_RYR2            0.60%    passed    100.00%
 100  Zcav_RYR2           20.68%    passed    100.00%
WARNING: 3 sequences contain more than 50% gaps/ambiguity
****  TOTAL               11.99%  3 sequences failed composition chi2 test (p-value<5%; df=60)
Checking for duplicate sequences: done in 0.008792 secs using 111.9% CPU

Creating fast initial parsimony tree by random order stepwise addition...
0.628 seconds, parsimony score: 8981 (based on 3592 sites)
Perform fast likelihood tree search using GY+F3X4+I+G model...
Estimate model parameters (epsilon = 5.000)
Perform nearest neighbor interchange...
Optimizing NNI: done in 237.864 secs using 368.5% CPU
Estimate model parameters (epsilon = 1.000)
1. Initial log-likelihood: -75043.099
2. Current log-likelihood: -75002.551
3. Current log-likelihood: -75001.385
4. Current log-likelihood: -75000.331
Optimal log-likelihood: -74999.526
Nonsynonymous/synonymous ratio (omega): 0.001
Transition/transversion ratio (kappa): 50.000
Proportion of invariable sites: 0.005
Gamma shape alpha: 0.614
Parameters optimization took 4 rounds (1275.290 sec)
Time for fast ML tree search: 4009.068 seconds

NOTE: ModelFinder requires 875 MB RAM!
ModelFinder will test up to 60 codon models (sample size: 4975) ...
 No. Model         -LnL         df  AIC          AICc         BIC
  1  GY+F3X4       76457.026    208 153330.053   153348.296   154684.587
  2  GY+F3X4+I     75442.596    209 151303.192   151321.614   152664.238
  3  GY+F3X4+G4    74560.713    209 149539.426   149557.847   150900.471
  4  GY+F3X4+I+G4  74558.168    210 149536.337   149554.939   150903.894
  7  GY+F1X4+G4    74576.890    203 149559.780   149577.139   150881.752
  8  GY+F1X4+I+G4  69650.518    204 139709.037   139726.572   141037.522
 11  GY+F+G4       69188.282    260 138896.564   138925.355   140589.731
 12  GY+F+I+G4     69118.332    261 138758.663   138787.682   140458.342
 15  MGK+F3X4+G4   69349.384    209 139116.767   139135.189   140477.813
 16  MGK+F3X4+I+G4 69264.975    210 138949.950   138968.552   140317.507
 19  MGK+F1X4+G4   69683.433    203 139772.867   139790.227   141094.839
 20  MGK+F1X4+I+G4 69598.805    204 139605.609   139623.144   140934.094
 23  MG+F3X4+G4    69351.174    208 139118.349   139136.591   140472.882
 24  MG+F3X4+I+G4  69264.932    209 138947.865   138966.287   140308.911
 27  MG+F1X4+G4    69683.752    202 139771.504   139788.691   141086.965
 28  MG+F1X4+I+G4  69598.979    203 139603.958   139621.318   140925.931
 31  KOSI07+F3X4+G4 69827.750    207 140069.500   140087.565   141417.522
 32  KOSI07+F3X4+I+G4 69754.407    208 139924.815   139943.057   141279.348
 35  KOSI07+F1X4+G4 70301.755    201 141005.509   141022.523   142314.458
 36  KOSI07+F1X4+I+G4 70203.920    202 140811.840   140829.026   142127.300
 39  KOSI07+F+G4   69355.214    258 139226.428   139254.767   140906.571
 40  KOSI07+F+I+G4 69280.018    259 139078.036   139106.600   140764.691
 43  KOSI07+FU+G4  69472.997    198 139341.994   139358.494   140631.406
 44  KOSI07+FU+I+G4 69390.480    199 139178.960   139195.630   140474.884
 47  SCHN05+F3X4+G4 69671.297    207 139756.593   139774.658   141104.615
 48  SCHN05+F3X4+I+G4 69592.339    208 139600.678   139618.921   140955.212
 51  SCHN05+F1X4+G4 70088.076    201 140578.152   140595.165   141887.101
 52  SCHN05+F1X4+I+G4 69991.895    202 140387.791   140404.977   141703.251
 55  SCHN05+F+G4   68945.383    258 138406.766   138435.104   140086.908
 56  SCHN05+F+I+G4 68868.676    259 138255.352   138283.917   139942.007
 59  SCHN05+FU+G4  68860.711    198 138117.422   138133.922   139406.834
 60  SCHN05+FU+I+G4 68784.686    199 137967.372   137984.042   139263.296
Akaike Information Criterion:           SCHN05+FU+I+G4
Corrected Akaike Information Criterion: SCHN05+FU+I+G4
Bayesian Information Criterion:         SCHN05+FU+I+G4
Best-fit model: SCHN05+FU+I+G4 chosen according to BIC

All model information printed to RYR2.model.gz
CPU time for ModelFinder: 131655.320 seconds (36h:34m:15s)
Wall-clock time for ModelFinder: 35530.342 seconds (9h:52m:10s)

NOTE: 875 MB RAM (0 GB) is required!
Estimate model parameters (epsilon = 0.100)
Thoroughly optimizing +I+G parameters from 10 start values...
Init pinv, alpha: 0.000, 1.242 / Estimate: 0.000, 0.644 / LogL: -68863.332
Init pinv, alpha: 0.031, 1.242 / Estimate: 0.088, 0.962 / LogL: -68833.894
Init pinv, alpha: 0.062, 1.242 / Estimate: 0.105, 1.072 / LogL: -68816.829
Init pinv, alpha: 0.093, 1.242 / Estimate: 0.117, 1.166 / LogL: -68800.577
Init pinv, alpha: 0.124, 1.242 / Estimate: 0.125, 1.234 / LogL: -68785.888
Init pinv, alpha: 0.154, 1.242 / Estimate: 0.139, 1.339 / LogL: -68773.227
Init pinv, alpha: 0.185, 1.242 / Estimate: 0.144, 1.377 / LogL: -68763.256
Init pinv, alpha: 0.216, 1.242 / Estimate: 0.149, 1.414 / LogL: -68756.595
Init pinv, alpha: 0.247, 1.242 / Estimate: 0.154, 1.437 / LogL: -68753.777
Init pinv, alpha: 0.278, 1.242 / Estimate: 0.159, 1.446 / LogL: -68755.392
Optimal pinv,alpha: 0.154, 1.437 / LogL: -68753.777

Parameters optimization took 8473.387 sec
Wrote distance file to... 
Computing ML distances based on estimated model parameters...
Calculating distance matrix: done in 49.9317 secs using 282% CPU
Computing ML distances took 49.943594 sec (of wall-clock time) 140.846502 sec (of CPU time)
Setting up auxiliary I and S matrices: done in 0.00321806 secs using 124.2% CPU
Constructing RapidNJ tree: done in 0.266175 secs using 73.29% CPU
Computing RapidNJ tree took 0.303915 sec (of wall-clock time) 0.210995 sec (of CPU time)
Log-likelihood of RapidNJ tree: -69382.667
--------------------------------------------------------------------
|             INITIALIZING CANDIDATE TREE SET                      |
--------------------------------------------------------------------
Generating 98 parsimony trees... 24.984 second
Computing log-likelihood of 98 initial trees ... 3569.807 seconds
Current best score: -68753.777

Do NNI search on 20 best initial trees
Optimizing NNI: done in 243.19 secs using 366.9% CPU
Estimate model parameters (epsilon = 0.100)
BETTER TREE FOUND at iteration 1: -68306.828
Optimizing NNI: done in 346.561 secs using 366.8% CPU
Optimizing NNI: done in 320.544 secs using 366.1% CPU
Optimizing NNI: done in 379.335 secs using 333.4% CPU
Optimizing NNI: done in 315.618 secs using 367.1% CPU
Optimizing NNI: done in 352.472 secs using 365.6% CPU
Optimizing NNI: done in 347.262 secs using 366.7% CPU
Optimizing NNI: done in 260.68 secs using 366.2% CPU
Optimizing NNI: done in 344.951 secs using 366.3% CPU
Optimizing NNI: done in 347.946 secs using 367.3% CPU
Iteration 10 / LogL: -68587.336 / Time: 4h:54m:27s
Optimizing NNI: done in 318.677 secs using 368.3% CPU
Optimizing NNI: done in 348.15 secs using 367.3% CPU
Optimizing NNI: done in 257.251 secs using 367.5% CPU
Optimizing NNI: done in 321.937 secs using 366.5% CPU
Optimizing NNI: done in 286.163 secs using 367.1% CPU
Optimizing NNI: done in 322.18 secs using 367.7% CPU
Optimizing NNI: done in 350.428 secs using 367.5% CPU
Optimizing NNI: done in 349.076 secs using 367.8% CPU
Optimizing NNI: done in 347.261 secs using 366.8% CPU
Optimizing NNI: done in 350.044 secs using 368% CPU
Iteration 20 / LogL: -68617.034 / Time: 5h:49m:38s
Finish initializing candidate tree set (20)
Current best tree score: -68306.828 / CPU time: 12405.004
Number of iterations: 20
--------------------------------------------------------------------
|               OPTIMIZING CANDIDATE TREE SET                      |
--------------------------------------------------------------------
Optimizing NNI: done in 292.793 secs using 367.9% CPU
Optimizing NNI: done in 352.77 secs using 368.3% CPU
Optimizing NNI: done in 378.761 secs using 367.8% CPU
Optimizing NNI: done in 245.013 secs using 367.5% CPU
Optimizing NNI: done in 451.182 secs using 367.1% CPU
Optimizing NNI: done in 353.005 secs using 367.3% CPU
Optimizing NNI: done in 239.371 secs using 368.3% CPU
Optimizing NNI: done in 266.914 secs using 367.1% CPU
Optimizing NNI: done in 486.918 secs using 367.8% CPU
Optimizing NNI: done in 361.94 secs using 367.3% CPU
Iteration 30 / LogL: -69660.296 / Time: 6h:47m:48s (16h:38m:25s left)
Optimizing NNI: done in 314.554 secs using 369.3% CPU
Optimizing NNI: done in 441.571 secs using 368.3% CPU
Optimizing NNI: done in 197.575 secs using 368.9% CPU
Optimizing NNI: done in 272.169 secs using 368% CPU
Optimizing NNI: done in 322.069 secs using 368.5% CPU
Optimizing NNI: done in 251.439 secs using 367.2% CPU
Optimizing NNI: done in 334.541 secs using 368.4% CPU
Optimizing NNI: done in 467.836 secs using 368.5% CPU
Optimizing NNI: done in 359.528 secs using 368.1% CPU
Optimizing NNI: done in 323.412 secs using 368.6% CPU
Iteration 40 / LogL: -69888.820 / Time: 7h:43m:34s (12h:5m:4s left)
Optimizing NNI: done in 278.833 secs using 368% CPU
Optimizing NNI: done in 246.895 secs using 368.9% CPU
Optimizing NNI: done in 330.935 secs using 368.5% CPU
Optimizing NNI: done in 339.843 secs using 368% CPU
Optimizing NNI: done in 329.261 secs using 368.6% CPU
Optimizing NNI: done in 372.842 secs using 369.2% CPU
Optimizing NNI: done in 338.783 secs using 367.5% CPU
Optimizing NNI: done in 259.642 secs using 368.3% CPU
Optimizing NNI: done in 558.638 secs using 368.6% CPU
Optimizing NNI: done in 263.882 secs using 367.8% CPU
Iteration 50 / LogL: -69853.272 / Time: 8h:39m:54s (9h:1m:8s left)
Optimizing NNI: done in 504.624 secs using 367.9% CPU
Optimizing NNI: done in 373.321 secs using 369.1% CPU
Optimizing NNI: done in 381.033 secs using 367.8% CPU
Optimizing NNI: done in 350.288 secs using 367.8% CPU
Optimizing NNI: done in 247.923 secs using 368.8% CPU
Optimizing NNI: done in 479.37 secs using 367.6% CPU
Optimizing NNI: done in 351.512 secs using 368.4% CPU
Optimizing NNI: done in 396.892 secs using 368.5% CPU
Optimizing NNI: done in 462.934 secs using 367.9% CPU
Optimizing NNI: done in 403.729 secs using 368.6% CPU
Iteration 60 / LogL: -69673.992 / Time: 9h:46m:46s (6h:47m:45s left)
Optimizing NNI: done in 413.994 secs using 367% CPU
Optimizing NNI: done in 319.582 secs using 367.6% CPU
Optimizing NNI: done in 418.89 secs using 368.1% CPU
Optimizing NNI: done in 246.431 secs using 368.3% CPU
Optimizing NNI: done in 295.856 secs using 368.2% CPU
Optimizing NNI: done in 408.48 secs using 367.5% CPU
Optimizing NNI: done in 408.676 secs using 368.3% CPU
Optimizing NNI: done in 317.655 secs using 369.1% CPU
Optimizing NNI: done in 365.657 secs using 368.4% CPU
Optimizing NNI: done in 286.662 secs using 368.3% CPU
Iteration 70 / LogL: -69005.895 / Time: 10h:45m:49s (4h:50m:8s left)
Optimizing NNI: done in 366.226 secs using 368.1% CPU
Optimizing NNI: done in 391.191 secs using 368.8% CPU
Optimizing NNI: done in 374.787 secs using 368.5% CPU
Optimizing NNI: done in 220.469 secs using 368.7% CPU
Optimizing NNI: done in 294.163 secs using 368.4% CPU
Optimizing NNI: done in 281.067 secs using 367.5% CPU
Optimizing NNI: done in 288.139 secs using 368.1% CPU
Optimizing NNI: done in 452.185 secs using 365% CPU
Optimizing NNI: done in 358.606 secs using 367.9% CPU
Optimizing NNI: done in 329.562 secs using 368.9% CPU
Iteration 80 / LogL: -69623.566 / Time: 11h:42m:46s (3h:6m:48s left)
Optimizing NNI: done in 381.65 secs using 368.3% CPU
Optimizing NNI: done in 331.874 secs using 368.4% CPU
Optimizing NNI: done in 562.994 secs using 367.5% CPU
Optimizing NNI: done in 319.441 secs using 368.1% CPU
Optimizing NNI: done in 358.084 secs using 368.1% CPU
Optimizing NNI: done in 346.716 secs using 366.9% CPU
Optimizing NNI: done in 269.256 secs using 367.3% CPU
Optimizing NNI: done in 301.727 secs using 367.7% CPU
Optimizing NNI: done in 268.661 secs using 367.6% CPU
Optimizing NNI: done in 471.591 secs using 367.9% CPU
Iteration 90 / LogL: -69981.183 / Time: 12h:43m:59s (1h:34m:25s left)
Optimizing NNI: done in 387.282 secs using 368.5% CPU
Optimizing NNI: done in 432.134 secs using 368.4% CPU
Optimizing NNI: done in 331.219 secs using 368.2% CPU
Optimizing NNI: done in 309.603 secs using 368.2% CPU
Optimizing NNI: done in 237.771 secs using 368.3% CPU
Optimizing NNI: done in 326.026 secs using 368.4% CPU
Optimizing NNI: done in 294.504 secs using 367.8% CPU
Optimizing NNI: done in 232.466 secs using 368.1% CPU
Optimizing NNI: done in 399.79 secs using 367.5% CPU
Optimizing NNI: done in 408.43 secs using 368.3% CPU
Iteration 100 / LogL: -70088.646 / Time: 13h:40m:59s (0h:8m:17s left)
Optimizing NNI: done in 337.555 secs using 367.8% CPU
Optimizing NNI: done in 327.163 secs using 368.4% CPU
TREE SEARCH COMPLETED AFTER 102 ITERATIONS / Time: 13h:52m:15s

--------------------------------------------------------------------
|                    FINALIZING TREE SEARCH                        |
--------------------------------------------------------------------
Performs final model parameters optimization
Estimate model parameters (epsilon = 0.010)
1. Initial log-likelihood: -68306.828
2. Current log-likelihood: -68306.747
3. Current log-likelihood: -68306.676
4. Current log-likelihood: -68306.614
5. Current log-likelihood: -68306.559
6. Current log-likelihood: -68306.511
7. Current log-likelihood: -68306.468
8. Current log-likelihood: -68306.430
9. Current log-likelihood: -68306.396
10. Current log-likelihood: -68306.368
11. Current log-likelihood: -68306.340
12. Current log-likelihood: -68306.317
13. Current log-likelihood: -68306.294
14. Current log-likelihood: -68306.275
15. Current log-likelihood: -68306.259
16. Current log-likelihood: -68306.242
17. Current log-likelihood: -68306.228
18. Current log-likelihood: -68306.215
19. Current log-likelihood: -68306.204
20. Current log-likelihood: -68306.193
Optimal log-likelihood: -68306.184
Nonsynonymous/synonymous ratio (omega): 0.011
Transition/transversion ratio (kappa): 3.453
Proportion of invariable sites: 0.035
Gamma shape alpha: 1.155
Parameters optimization took 20 rounds (1670.567 sec)
BEST SCORE FOUND : -68306.184
Total tree length: 3.222

Total number of iterations: 102
CPU time used for tree search: 151835.343 sec (42h:10m:35s)
Wall-clock time used for tree search: 41362.027 sec (11h:29m:22s)
Total CPU time used: 189605.336 sec (52h:40m:5s)
Total wall-clock time used: 51612.654 sec (14h:20m:12s)

Analysis results written to: 
  IQ-TREE report:                RYR2.iqtree
  Maximum-likelihood tree:       RYR2.treefile
  Likelihood distances:          RYR2.mldist
  Screen log file:               RYR2.log

Date and Time: Wed Nov 22 16:33:28 2023
