IQ-TREE multicore version 2.2.0-beta COVID-edition for Linux 64-bit built Dec 21 2021 built Dec 21 2021
Developed by Bui Quang Minh, James Barbetti, Nguyen Lam Tung,
Olga Chernomor, Heiko Schmidt, Dominik Schrempf, Michael Woodhams, Ly Trong Nhan.

Host:    awarnach10 (SSE3, 3 GB RAM)
Command: iqtree -s translated/MYH2_codon_aligned.translated.fasta -st AA -m WAG+G4 -pre MYH2_WAG -nt 4
Seed:    379526 (Using SPRNG - Scalable Parallel Random Number Generator)
Time:    Fri Jan 26 20:35:08 2024
Kernel:  SSE2 - 4 threads (4 CPU cores detected)

Reading alignment file translated/MYH2_codon_aligned.translated.fasta ... Fasta format detected
Reading fasta file: done in 0.00387541 secs using 36.64% CPU
Alignment most likely contains protein sequences
Constructing alignment: done in 0.00563794 secs using 102.9% CPU
Alignment has 84 sequences with 899 columns, 613 distinct patterns
194 parsimony-informative, 53 singleton sites, 652 constant sites
                   Gap/Ambiguity  Composition  p-value
Analyzing sequences: done in 0.000224054 secs using 99.08% CPU
   1  Bacu_MYH2            0.67%    passed    100.00%
   2  Barn_MYH2           55.73%    passed     94.65%
   3  Bbai76728_MYH2      22.69%    passed    100.00%
   4  BbonAUS_MYH2        30.81%    passed    100.00%
   5  Bbor_MYH2           27.70%    passed    100.00%
   6  Bede66737_MYH2      36.26%    passed    100.00%
   7  BedeAUS_MYH2        37.04%    passed     99.98%
   8  Bmus49099_MYH2      15.35%    passed     99.88%
   9  Bmys_MYH2            0.44%    passed    100.00%
  10  Bphy_MYH2            0.44%    passed    100.00%
  11  Bphy_baits_MYH2     33.26%    passed     99.95%
  12  Ccom40_MYH2         33.04%    passed     99.95%
  13  Chea7320_MYH2       36.71%    passed    100.00%
  14  Cmar59905_MYH2      28.03%    passed    100.00%
  15  Dcap108471_MYH2     29.92%    passed    100.00%
  16  Dcap79929_MYH2      19.80%    passed    100.00%
  17  DdelSJR_MYH2        36.48%    passed    100.00%
  18  Ddeltrop4525_MYH2   30.37%    passed    100.00%
  19  Dleu_MYH2           33.93%    passed    100.00%
  20  EausAUS_MYH2        33.26%    passed     99.98%
  21  Egla13086_MYH2      19.69%    passed    100.00%
  22  Ejap43864_MYH2      37.49%    passed     99.57%
  23  Erob133443_MYH2     27.14%    passed    100.00%
  24  Fatt_MYH2           32.15%    passed    100.00%
  25  Ggri_MYH2           46.83%    passed     99.24%
  26  Gmac39091_MYH2      26.81%    passed    100.00%
  27  Gmel_MYH2           27.59%    passed     99.95%
  28  Hamp_MYH2           22.80%    passed    100.00%
  29  Hippo_MYH2          36.48%    passed     99.84%
  30  Igeo_MYH2           56.06%    passed     99.23%
  31  Kbre_MYH2           44.16%    passed     99.94%
  32  Ksim_MYH2           28.36%    passed    100.00%
  33  Lacu_MYH2           30.14%    passed    100.00%
  34  Lalb_MYH2           44.38%    passed    100.00%
  35  Laus_MYH2           31.70%    passed     99.87%
  36  Lbor_MYH2           32.04%    passed     99.97%
  37  Lhos30470_MYH2      24.69%    passed    100.00%
  38  Lhos452_MYH2        29.25%    passed    100.00%
  39  Lobl_MYH2           26.92%    passed    100.00%
  40  Lobs_MYH2           27.36%    passed    100.00%
  41  LperAUS_MYH2        30.37%    passed     99.50%
  42  Lvex_MYH2            0.00%    passed     77.87%
  43  Mbid_MYH2           39.49%    passed     99.50%
  44  Mbow_MYH2           44.27%    passed     99.99%
  45  Mcar_MYH2           31.59%    passed    100.00%
  46  Mden_MYH2           39.93%    passed     99.81%
  47  Meur_MYH2           25.25%    passed    100.00%
  48  Mgin_MYH2           47.94%    passed     99.99%
  49  MgraAUS_MYH2        54.73%    passed     99.47%
  50  Mhec_MYH2           39.15%    passed    100.00%
  51  MlayAUS_MYH2        34.48%    passed    100.00%
  52  Mmir_MYH2           46.94%    passed     98.78%
  53  Mmon_MYH2           48.94%    passed     95.76%
  54  Mper_MYH2           42.27%    passed     99.51%
  55  Mpni_MYH2           27.47%    passed     99.92%
  56  Mste_MYH2           28.48%    passed    100.00%
  57  Npho_MYH2            0.11%    passed    100.00%
  58  Obre_MYH2           25.36%    passed    100.00%
  59  Ohei_MYH2           34.37%    passed     99.99%
  60  Oorc_MYH2            0.00%    passed     82.40%
  61  Pbla7349_MYH2       25.58%    passed     99.53%
  62  Pcra123188_MYH2     33.70%    passed    100.00%
  63  Pdio_MYH2           27.81%    passed    100.00%
  64  Pele_MYH2           40.49%    passed    100.00%
  65  Pmac_MYH2            6.56%    passed     99.87%
  66  Ppho_MYH2           21.47%    passed     99.94%
  67  Pspi_MYH2           43.49%    passed     81.35%
  68  Satt18473_MYH2      28.36%    passed     99.99%
  69  Satt38219_MYH2      49.39%    passed     99.43%
  70  Sbre116871_MYH2     29.81%    passed    100.00%
  71  Sbre18437_MYH2      31.03%    passed    100.00%
  72  Schi_MYH2           36.04%    passed    100.00%
  73  Scly1724_MYH2       68.19%    passed     95.87%
  74  Scly1726_MYH2       17.80%    passed    100.00%
  75  Scoe_MYH2           34.48%    passed    100.00%
  76  Sflu9837_MYH2       30.26%    passed     94.48%
  77  Sfro7782_MYH2       55.06%    passed     95.60%
  78  Sfro7784_MYH2       38.93%    passed     99.41%
  79  Slon16012_MYH2      32.04%    passed    100.00%
  80  Slon24923_MYH2      25.92%    passed    100.00%
  81  Tadu79924_MYH2      37.15%    passed     99.97%
  82  Ttru_MYH2            0.00%    passed     81.78%
  83  Tshe_MYH2           17.80%    passed    100.00%
  84  Zcav_MYH2           26.81%    passed     99.95%
WARNING: 5 sequences contain more than 50% gaps/ambiguity
****  TOTAL               30.87%  0 sequences failed composition chi2 test (p-value<5%; df=19)
Checking for duplicate sequences: done in 0.000870792 secs using 99.68% CPU

Create initial parsimony tree by phylogenetic likelihood library (PLL)... 0.003 seconds

NOTE: 32 MB RAM (0 GB) is required!
Estimate model parameters (epsilon = 0.100)
1. Initial log-likelihood: -8736.159
2. Current log-likelihood: -8224.939
3. Current log-likelihood: -8209.963
4. Current log-likelihood: -8209.836
Optimal log-likelihood: -8209.834
Gamma shape alpha: 0.121
Parameters optimization took 4 rounds (6.599 sec)
Wrote distance file to... 
Computing ML distances based on estimated model parameters...
Calculating distance matrix: done in 1.63555 secs using 399.7% CPU
Computing ML distances took 1.637055 sec (of wall-clock time) 6.540408 sec (of CPU time)
Setting up auxiliary I and S matrices: done in 0.00088085 secs using 167.7% CPU
Constructing RapidNJ tree: done in 0.0618729 secs using 65.64% CPU
Computing RapidNJ tree took 0.062977 sec (of wall-clock time) 0.042223 sec (of CPU time)
Log-likelihood of RapidNJ tree: -5888.060
--------------------------------------------------------------------
|             INITIALIZING CANDIDATE TREE SET                      |
--------------------------------------------------------------------
Generating 98 parsimony trees... 0.511 second
Computing log-likelihood of 98 initial trees ... 32.672 seconds
Current best score: -5888.060

Do NNI search on 20 best initial trees
Optimizing NNI: done in 20.7811 secs using 399% CPU
Estimate model parameters (epsilon = 0.100)
BETTER TREE FOUND at iteration 1: -5793.554
Optimizing NNI: done in 52.0007 secs using 399.4% CPU
Optimizing NNI: done in 71.9027 secs using 399.5% CPU
Optimizing NNI: done in 52.1178 secs using 399.5% CPU
Optimizing NNI: done in 37.8629 secs using 399.5% CPU
Optimizing NNI: done in 59.4607 secs using 399.4% CPU
Optimizing NNI: done in 78.8956 secs using 399.5% CPU
Optimizing NNI: done in 37.9852 secs using 399.5% CPU
Optimizing NNI: done in 76.7583 secs using 399.5% CPU
Optimizing NNI: done in 52.6787 secs using 399.5% CPU
Iteration 10 / LogL: -7057.596 / Time: 0h:9m:52s
Optimizing NNI: done in 62.6533 secs using 399.5% CPU
Optimizing NNI: done in 52.8439 secs using 399.5% CPU
Optimizing NNI: done in 50.7062 secs using 399.6% CPU
Optimizing NNI: done in 55.3061 secs using 399.5% CPU
Optimizing NNI: done in 60.408 secs using 399.5% CPU
Optimizing NNI: done in 54.7444 secs using 399.5% CPU
Optimizing NNI: done in 50.2512 secs using 399.5% CPU
Optimizing NNI: done in 69.9727 secs using 399.5% CPU
Optimizing NNI: done in 60.2939 secs using 399.5% CPU
Optimizing NNI: done in 66.9888 secs using 399.5% CPU
Iteration 20 / LogL: -6824.888 / Time: 0h:19m:37s
Finish initializing candidate tree set (20)
Current best tree score: -5793.554 / CPU time: 1164.459
Number of iterations: 20
--------------------------------------------------------------------
|               OPTIMIZING CANDIDATE TREE SET                      |
--------------------------------------------------------------------
Optimizing NNI: done in 9.49369 secs using 399.7% CPU
Optimizing NNI: done in 27.3758 secs using 399.5% CPU
Optimizing NNI: done in 20.1782 secs using 399.6% CPU
Optimizing NNI: done in 15.8393 secs using 399.4% CPU
Optimizing NNI: done in 11.209 secs using 399.6% CPU
Optimizing NNI: done in 16.9273 secs using 399.3% CPU
Optimizing NNI: done in 14.887 secs using 399.1% CPU
Optimizing NNI: done in 15.9779 secs using 399.5% CPU
Estimate model parameters (epsilon = 0.100)
BETTER TREE FOUND at iteration 28: -5778.898
Optimizing NNI: done in 18.7291 secs using 399% CPU
Optimizing NNI: done in 13.6697 secs using 399.3% CPU
Iteration 30 / LogL: -5828.478 / Time: 0h:22m:23s (1h:15m:39s left)
Optimizing NNI: done in 13.259 secs using 399.4% CPU
Estimate model parameters (epsilon = 0.100)
BETTER TREE FOUND at iteration 31: -5778.311
Optimizing NNI: done in 14.6657 secs using 399.3% CPU
Optimizing NNI: done in 11.1274 secs using 399.6% CPU
Optimizing NNI: done in 19.3129 secs using 399.5% CPU
Optimizing NNI: done in 16.1068 secs using 399.7% CPU
Estimate model parameters (epsilon = 0.100)
BETTER TREE FOUND at iteration 35: -5754.912
Optimizing NNI: done in 12.9527 secs using 399.5% CPU
Optimizing NNI: done in 16.4756 secs using 399.5% CPU
Optimizing NNI: done in 12.4908 secs using 399.7% CPU
Estimate model parameters (epsilon = 0.100)
BETTER TREE FOUND at iteration 38: -5749.065
Optimizing NNI: done in 15.0074 secs using 399.5% CPU
Estimate model parameters (epsilon = 0.100)
BETTER TREE FOUND at iteration 39: -5734.998
Optimizing NNI: done in 11.9205 secs using 399.4% CPU
Iteration 40 / LogL: -5765.416 / Time: 0h:24m:51s (1h:3m:5s left)
Optimizing NNI: done in 16.6489 secs using 399.6% CPU
Optimizing NNI: done in 15.4288 secs using 399.2% CPU
Estimate model parameters (epsilon = 0.100)
BETTER TREE FOUND at iteration 42: -5733.854
Optimizing NNI: done in 16.1097 secs using 399.3% CPU
Optimizing NNI: done in 15.3792 secs using 399.5% CPU
Optimizing NNI: done in 15.2221 secs using 399.5% CPU
Optimizing NNI: done in 13.1632 secs using 399.5% CPU
Estimate model parameters (epsilon = 0.100)
BETTER TREE FOUND at iteration 46: -5727.085
Optimizing NNI: done in 14.0964 secs using 399.6% CPU
Optimizing NNI: done in 14.6737 secs using 399.7% CPU
Estimate model parameters (epsilon = 0.100)
BETTER TREE FOUND at iteration 48: -5724.834
Optimizing NNI: done in 10.6785 secs using 399.5% CPU
Optimizing NNI: done in 10.7983 secs using 399.6% CPU
Iteration 50 / LogL: -5737.774 / Time: 0h:27m:17s (0h:54m:34s left)
Optimizing NNI: done in 9.32406 secs using 399.5% CPU
Optimizing NNI: done in 12.2784 secs using 399.6% CPU
Optimizing NNI: done in 10.6168 secs using 399.4% CPU
Optimizing NNI: done in 17.6484 secs using 399.4% CPU
Optimizing NNI: done in 12.7539 secs using 399.7% CPU
Estimate model parameters (epsilon = 0.100)
BETTER TREE FOUND at iteration 55: -5721.627
Optimizing NNI: done in 13.9907 secs using 399.5% CPU
Optimizing NNI: done in 13.5533 secs using 399.5% CPU
Optimizing NNI: done in 13.7773 secs using 399.6% CPU
Optimizing NNI: done in 12.04 secs using 399.5% CPU
Optimizing NNI: done in 13.5112 secs using 399.5% CPU
Iteration 60 / LogL: -5731.397 / Time: 0h:29m:28s (0h:47m:27s left)
Optimizing NNI: done in 15.8514 secs using 399.5% CPU
Optimizing NNI: done in 15.5849 secs using 399.4% CPU
Optimizing NNI: done in 15.5023 secs using 399.7% CPU
Optimizing NNI: done in 11.3216 secs using 399.5% CPU
Estimate model parameters (epsilon = 0.100)
BETTER TREE FOUND at iteration 64: -5720.240
Optimizing NNI: done in 13.5924 secs using 399.3% CPU
Optimizing NNI: done in 12.7069 secs using 399.6% CPU
BETTER TREE FOUND at iteration 66: -5720.239
Optimizing NNI: done in 14.982 secs using 399.5% CPU
Optimizing NNI: done in 10.0202 secs using 399.6% CPU
Optimizing NNI: done in 15.0364 secs using 399.5% CPU
Optimizing NNI: done in 15.1535 secs using 399.6% CPU
Iteration 70 / LogL: -5730.170 / Time: 0h:31m:49s (0h:44m:17s left)
Optimizing NNI: done in 9.43027 secs using 399.6% CPU
Optimizing NNI: done in 16.1404 secs using 399.5% CPU
Estimate model parameters (epsilon = 0.100)
BETTER TREE FOUND at iteration 72: -5718.731
Optimizing NNI: done in 9.91478 secs using 399.4% CPU
Optimizing NNI: done in 11.3521 secs using 399.5% CPU
Optimizing NNI: done in 11.0623 secs using 399.5% CPU
Optimizing NNI: done in 9.85826 secs using 399.5% CPU
Optimizing NNI: done in 13.3932 secs using 399.5% CPU
Optimizing NNI: done in 15.6791 secs using 399.2% CPU
Optimizing NNI: done in 12.9538 secs using 399.5% CPU
Estimate model parameters (epsilon = 0.100)
BETTER TREE FOUND at iteration 79: -5716.423
Optimizing NNI: done in 14.555 secs using 399.5% CPU
Iteration 80 / LogL: -5720.241 / Time: 0h:33m:56s (0h:42m:32s left)
Optimizing NNI: done in 11.5083 secs using 399.5% CPU
Optimizing NNI: done in 11.0741 secs using 399.5% CPU
Optimizing NNI: done in 12.492 secs using 399.4% CPU
Optimizing NNI: done in 10.652 secs using 399.6% CPU
Optimizing NNI: done in 12.6994 secs using 399.6% CPU
Optimizing NNI: done in 13.3826 secs using 399.5% CPU
Optimizing NNI: done in 10.1383 secs using 399.6% CPU
Optimizing NNI: done in 11.6312 secs using 399.5% CPU
Optimizing NNI: done in 9.74309 secs using 399.3% CPU
Optimizing NNI: done in 13.2324 secs using 399.4% CPU
Iteration 90 / LogL: -5743.637 / Time: 0h:35m:54s (0h:35m:54s left)
Optimizing NNI: done in 12.1363 secs using 399.5% CPU
Optimizing NNI: done in 13.9558 secs using 399.6% CPU
Optimizing NNI: done in 10.212 secs using 399.5% CPU
Optimizing NNI: done in 11.1299 secs using 399.6% CPU
Optimizing NNI: done in 13.5009 secs using 399.6% CPU
Optimizing NNI: done in 12.4923 secs using 399.6% CPU
Optimizing NNI: done in 15.1557 secs using 399.5% CPU
Optimizing NNI: done in 12.2976 secs using 399.6% CPU
Optimizing NNI: done in 9.22347 secs using 399.5% CPU
Optimizing NNI: done in 12.0013 secs using 399.6% CPU
Iteration 100 / LogL: -5741.998 / Time: 0h:37m:57s (0h:30m:17s left)
Optimizing NNI: done in 9.31047 secs using 399.3% CPU
Optimizing NNI: done in 11.8988 secs using 399.4% CPU
Estimate model parameters (epsilon = 0.100)
BETTER TREE FOUND at iteration 102: -5711.140
Optimizing NNI: done in 11.6758 secs using 399.6% CPU
Optimizing NNI: done in 12.8171 secs using 399.5% CPU
Optimizing NNI: done in 10.0455 secs using 399.5% CPU
Optimizing NNI: done in 9.23165 secs using 399.5% CPU
Optimizing NNI: done in 10.9961 secs using 399.6% CPU
Estimate model parameters (epsilon = 0.100)
BETTER TREE FOUND at iteration 107: -5705.598
Optimizing NNI: done in 9.47196 secs using 399.5% CPU
Optimizing NNI: done in 14.7728 secs using 399.5% CPU
Estimate model parameters (epsilon = 0.100)
BETTER TREE FOUND at iteration 109: -5700.657
Optimizing NNI: done in 8.41455 secs using 399.4% CPU
Iteration 110 / LogL: -5709.410 / Time: 0h:39m:49s (0h:36m:10s left)
Optimizing NNI: done in 9.53914 secs using 399.4% CPU
Optimizing NNI: done in 9.48129 secs using 399.7% CPU
Optimizing NNI: done in 10.5359 secs using 399.4% CPU
Optimizing NNI: done in 11.8045 secs using 399.5% CPU
Optimizing NNI: done in 13.4798 secs using 399.3% CPU
Optimizing NNI: done in 11.3797 secs using 399.5% CPU
Optimizing NNI: done in 12.6776 secs using 399.6% CPU
Optimizing NNI: done in 12.7322 secs using 399.5% CPU
Optimizing NNI: done in 10.2753 secs using 399.6% CPU
Optimizing NNI: done in 13.4969 secs using 399.3% CPU
Iteration 120 / LogL: -5704.116 / Time: 0h:41m:45s (0h:31m:14s left)
Optimizing NNI: done in 13.0392 secs using 399.3% CPU
Optimizing NNI: done in 13.7863 secs using 399.5% CPU
Optimizing NNI: done in 10.8505 secs using 399.5% CPU
Optimizing NNI: done in 11.5197 secs using 399.6% CPU
Optimizing NNI: done in 16.5298 secs using 399.3% CPU
Optimizing NNI: done in 8.75426 secs using 399.4% CPU
Optimizing NNI: done in 13.689 secs using 399.4% CPU
Optimizing NNI: done in 9.87996 secs using 399.6% CPU
Optimizing NNI: done in 10.6768 secs using 399.5% CPU
Optimizing NNI: done in 14.5087 secs using 399.5% CPU
BETTER TREE FOUND at iteration 130: -5700.655
Iteration 130 / LogL: -5700.655 / Time: 0h:43m:49s (0h:33m:58s left)
Optimizing NNI: done in 17.2516 secs using 399.5% CPU
Optimizing NNI: done in 15.6628 secs using 399.5% CPU
Optimizing NNI: done in 13.4571 secs using 399.5% CPU
Optimizing NNI: done in 17.1466 secs using 399.5% CPU
Optimizing NNI: done in 12.8417 secs using 399.5% CPU
Estimate model parameters (epsilon = 0.100)
BETTER TREE FOUND at iteration 135: -5698.463
Optimizing NNI: done in 13.3148 secs using 399.2% CPU
Optimizing NNI: done in 13.1383 secs using 399.6% CPU
Optimizing NNI: done in 8.9643 secs using 399.2% CPU
Optimizing NNI: done in 12.5934 secs using 399.5% CPU
Optimizing NNI: done in 11.2187 secs using 399.6% CPU
BETTER TREE FOUND at iteration 140: -5698.463
Iteration 140 / LogL: -5698.463 / Time: 0h:46m:7s (0h:33m:10s left)
Optimizing NNI: done in 12.3293 secs using 399.6% CPU
Optimizing NNI: done in 12.5301 secs using 399.6% CPU
Optimizing NNI: done in 12.5105 secs using 399.4% CPU
Optimizing NNI: done in 11.2204 secs using 399.4% CPU
Optimizing NNI: done in 11.5784 secs using 399.5% CPU
Optimizing NNI: done in 11.645 secs using 399.6% CPU
Optimizing NNI: done in 9.30455 secs using 399.6% CPU
Optimizing NNI: done in 11.8004 secs using 399.3% CPU
Optimizing NNI: done in 10.1005 secs using 399.2% CPU
Optimizing NNI: done in 10.0667 secs using 399.5% CPU
Iteration 150 / LogL: -5700.613 / Time: 0h:48m:0s (0h:29m:0s left)
Optimizing NNI: done in 20.0047 secs using 399.5% CPU
Optimizing NNI: done in 13.5021 secs using 399.3% CPU
Optimizing NNI: done in 9.95212 secs using 399.6% CPU
Optimizing NNI: done in 11.7696 secs using 399.4% CPU
Optimizing NNI: done in 12.9045 secs using 399.6% CPU
Optimizing NNI: done in 10.4816 secs using 399.4% CPU
Optimizing NNI: done in 11.2677 secs using 399.4% CPU
Optimizing NNI: done in 12.258 secs using 399.5% CPU
Optimizing NNI: done in 10.7194 secs using 399.4% CPU
Optimizing NNI: done in 11.9373 secs using 399.4% CPU
Iteration 160 / LogL: -5717.384 / Time: 0h:50m:6s (0h:25m:12s left)
Optimizing NNI: done in 16.8856 secs using 399.6% CPU
Optimizing NNI: done in 13.1769 secs using 399.4% CPU
Optimizing NNI: done in 12.9445 secs using 399.6% CPU
Optimizing NNI: done in 11.9951 secs using 399.5% CPU
Optimizing NNI: done in 10.7808 secs using 399.4% CPU
Optimizing NNI: done in 10.7624 secs using 399.5% CPU
Optimizing NNI: done in 10.5742 secs using 399.6% CPU
Optimizing NNI: done in 14.4243 secs using 399.5% CPU
Optimizing NNI: done in 13.1743 secs using 399.1% CPU
Optimizing NNI: done in 14.9706 secs using 399.3% CPU
Iteration 170 / LogL: -5699.942 / Time: 0h:52m:16s (0h:21m:39s left)
Optimizing NNI: done in 12.6948 secs using 399.5% CPU
Optimizing NNI: done in 14.7468 secs using 399.6% CPU
Optimizing NNI: done in 11.0895 secs using 399.4% CPU
Optimizing NNI: done in 11.4984 secs using 399% CPU
Optimizing NNI: done in 10.7232 secs using 399.4% CPU
Optimizing NNI: done in 14.0854 secs using 399.3% CPU
Optimizing NNI: done in 13.832 secs using 399.5% CPU
Optimizing NNI: done in 12.7875 secs using 399.8% CPU
Optimizing NNI: done in 10.7924 secs using 399.6% CPU
Optimizing NNI: done in 9.5855 secs using 399.5% CPU
Iteration 180 / LogL: -5701.615 / Time: 0h:54m:19s (0h:18m:12s left)
Optimizing NNI: done in 13.3254 secs using 399.5% CPU
Optimizing NNI: done in 14.6248 secs using 399.6% CPU
Optimizing NNI: done in 12.3087 secs using 399.5% CPU
BETTER TREE FOUND at iteration 183: -5698.462
Optimizing NNI: done in 14.2147 secs using 399.6% CPU
Optimizing NNI: done in 10.7189 secs using 399.6% CPU
Optimizing NNI: done in 11.2643 secs using 399.6% CPU
Optimizing NNI: done in 12.1166 secs using 399.2% CPU
Optimizing NNI: done in 12.8679 secs using 399.4% CPU
Optimizing NNI: done in 11.3953 secs using 399.4% CPU
Optimizing NNI: done in 9.32687 secs using 399.5% CPU
Iteration 190 / LogL: -5698.471 / Time: 0h:56m:22s (0h:27m:44s left)
Optimizing NNI: done in 14.344 secs using 399.5% CPU
BETTER TREE FOUND at iteration 191: -5698.461
Optimizing NNI: done in 10.1895 secs using 399.7% CPU
Optimizing NNI: done in 14.6211 secs using 399.4% CPU
Optimizing NNI: done in 13.1788 secs using 399.6% CPU
Optimizing NNI: done in 18.9567 secs using 399.6% CPU
Optimizing NNI: done in 15.2011 secs using 399.4% CPU
Optimizing NNI: done in 11.5645 secs using 399.3% CPU
Optimizing NNI: done in 12.5516 secs using 399.5% CPU
Optimizing NNI: done in 10.6276 secs using 399.5% CPU
Optimizing NNI: done in 14.3125 secs using 399.2% CPU
Iteration 200 / LogL: -5698.892 / Time: 0h:58m:38s (0h:26m:49s left)
Optimizing NNI: done in 6.38756 secs using 399.4% CPU
Optimizing NNI: done in 12.0196 secs using 399.5% CPU
Optimizing NNI: done in 15.5812 secs using 399.6% CPU
Optimizing NNI: done in 15.2545 secs using 399.5% CPU
Optimizing NNI: done in 15.9426 secs using 399.4% CPU
Optimizing NNI: done in 9.02205 secs using 399.3% CPU
Optimizing NNI: done in 12.8101 secs using 399.5% CPU
Optimizing NNI: done in 10.5634 secs using 399.4% CPU
Optimizing NNI: done in 12.1572 secs using 399.6% CPU
Optimizing NNI: done in 15.5661 secs using 399.6% CPU
Iteration 210 / LogL: -5707.959 / Time: 1h:0m:44s (0h:23m:32s left)
Optimizing NNI: done in 12.1713 secs using 399.7% CPU
Optimizing NNI: done in 10.501 secs using 399.6% CPU
Optimizing NNI: done in 11.5827 secs using 399.2% CPU
Optimizing NNI: done in 12.7608 secs using 399.6% CPU
Optimizing NNI: done in 14.6759 secs using 399.4% CPU
Optimizing NNI: done in 13.4767 secs using 399.6% CPU
Optimizing NNI: done in 8.69076 secs using 399.6% CPU
Optimizing NNI: done in 16.6833 secs using 399.4% CPU
Optimizing NNI: done in 11.1287 secs using 399.6% CPU
Optimizing NNI: done in 14.8197 secs using 399.6% CPU
Iteration 220 / LogL: -5709.564 / Time: 1h:2m:52s (0h:20m:22s left)
Optimizing NNI: done in 10.0918 secs using 399.5% CPU
Optimizing NNI: done in 14.4657 secs using 399.6% CPU
Optimizing NNI: done in 13.6753 secs using 399.5% CPU
Optimizing NNI: done in 13.0414 secs using 399.3% CPU
Optimizing NNI: done in 13.8145 secs using 399.5% CPU
Optimizing NNI: done in 15.1838 secs using 399.1% CPU
Optimizing NNI: done in 17.9097 secs using 399.3% CPU
Estimate model parameters (epsilon = 0.100)
BETTER TREE FOUND at iteration 227: -5698.427
Optimizing NNI: done in 9.13405 secs using 399.4% CPU
Optimizing NNI: done in 15.4521 secs using 399.2% CPU
Optimizing NNI: done in 12.0597 secs using 399.2% CPU
Iteration 230 / LogL: -5698.470 / Time: 1h:5m:8s (0h:27m:35s left)
Optimizing NNI: done in 11.6712 secs using 399.5% CPU
Optimizing NNI: done in 13.1232 secs using 399.5% CPU
Optimizing NNI: done in 15.1843 secs using 399.1% CPU
Optimizing NNI: done in 13.6055 secs using 399.4% CPU
Optimizing NNI: done in 10.7985 secs using 399.6% CPU
Optimizing NNI: done in 10.7411 secs using 399.6% CPU
Optimizing NNI: done in 14.1527 secs using 399.3% CPU
Optimizing NNI: done in 11.2964 secs using 399.4% CPU
Optimizing NNI: done in 13.991 secs using 399.5% CPU
Optimizing NNI: done in 13.1421 secs using 399.4% CPU
Iteration 240 / LogL: -5698.427 / Time: 1h:7m:17s (0h:24m:29s left)
Optimizing NNI: done in 11.8225 secs using 399.5% CPU
Optimizing NNI: done in 35.3955 secs using 399.4% CPU
Optimizing NNI: done in 12.4163 secs using 399.4% CPU
Optimizing NNI: done in 11.3529 secs using 399.7% CPU
Optimizing NNI: done in 13.017 secs using 399.7% CPU
Estimate model parameters (epsilon = 0.100)
BETTER TREE FOUND at iteration 245: -5696.993
Optimizing NNI: done in 17.0527 secs using 399.4% CPU
Optimizing NNI: done in 8.92362 secs using 399.4% CPU
Optimizing NNI: done in 8.57636 secs using 399.4% CPU
Optimizing NNI: done in 8.85759 secs using 399.7% CPU
Optimizing NNI: done in 12.8317 secs using 399.4% CPU
Iteration 250 / LogL: -5704.682 / Time: 1h:9m:39s (0h:26m:34s left)
Optimizing NNI: done in 12.6013 secs using 399.5% CPU
Optimizing NNI: done in 8.01533 secs using 399.1% CPU
Optimizing NNI: done in 15.7696 secs using 399.6% CPU
Optimizing NNI: done in 13.5674 secs using 399.5% CPU
Optimizing NNI: done in 13.2788 secs using 399.2% CPU
Optimizing NNI: done in 13.3901 secs using 399.6% CPU
Optimizing NNI: done in 13.0435 secs using 399.6% CPU
Optimizing NNI: done in 8.99845 secs using 399.5% CPU
Optimizing NNI: done in 9.78086 secs using 399.5% CPU
Optimizing NNI: done in 10.2669 secs using 399.5% CPU
Iteration 260 / LogL: -5727.370 / Time: 1h:11m:38s (0h:23m:30s left)
Optimizing NNI: done in 10.0552 secs using 399.6% CPU
Optimizing NNI: done in 10.6954 secs using 399.5% CPU
Optimizing NNI: done in 13.2347 secs using 399.5% CPU
Optimizing NNI: done in 13.4496 secs using 399.6% CPU
Optimizing NNI: done in 14.3048 secs using 399.4% CPU
Optimizing NNI: done in 12.7254 secs using 399.6% CPU
Optimizing NNI: done in 8.55669 secs using 399.3% CPU
Optimizing NNI: done in 12.7966 secs using 399.2% CPU
Optimizing NNI: done in 11.0315 secs using 399.4% CPU
Optimizing NNI: done in 8.53757 secs using 399.6% CPU
Iteration 270 / LogL: -5704.085 / Time: 1h:13m:34s (0h:20m:30s left)
Optimizing NNI: done in 13.248 secs using 399.6% CPU
Optimizing NNI: done in 12.413 secs using 399.5% CPU
Optimizing NNI: done in 17.9358 secs using 399.5% CPU
Optimizing NNI: done in 14.3432 secs using 399.5% CPU
Optimizing NNI: done in 19.5339 secs using 399.7% CPU
Optimizing NNI: done in 10.511 secs using 399.5% CPU
Optimizing NNI: done in 10.2017 secs using 399.3% CPU
Optimizing NNI: done in 12.2561 secs using 399.6% CPU
Optimizing NNI: done in 13.0403 secs using 399.5% CPU
Optimizing NNI: done in 10.3796 secs using 399.4% CPU
Iteration 280 / LogL: -5702.650 / Time: 1h:15m:49s (0h:17m:39s left)
Optimizing NNI: done in 14.8399 secs using 399.4% CPU
Optimizing NNI: done in 11.0728 secs using 399.5% CPU
Optimizing NNI: done in 16.1924 secs using 399.4% CPU
Optimizing NNI: done in 10.8116 secs using 399.6% CPU
Optimizing NNI: done in 9.52022 secs using 399.5% CPU
Optimizing NNI: done in 9.51128 secs using 399.5% CPU
Optimizing NNI: done in 11.6169 secs using 399.4% CPU
Optimizing NNI: done in 11.6944 secs using 399.5% CPU
Optimizing NNI: done in 11.0659 secs using 399.4% CPU
Optimizing NNI: done in 12.3442 secs using 399.5% CPU
Iteration 290 / LogL: -5710.371 / Time: 1h:17m:48s (0h:14m:48s left)
Optimizing NNI: done in 12.5726 secs using 399.5% CPU
Optimizing NNI: done in 18.8013 secs using 399.4% CPU
Optimizing NNI: done in 12.1322 secs using 399.4% CPU
Optimizing NNI: done in 11.5439 secs using 399.5% CPU
Optimizing NNI: done in 11.1854 secs using 399.1% CPU
Optimizing NNI: done in 13.6877 secs using 399.5% CPU
Optimizing NNI: done in 14.2599 secs using 399.7% CPU
Optimizing NNI: done in 12.6558 secs using 399.5% CPU
Optimizing NNI: done in 9.35792 secs using 399.5% CPU
Optimizing NNI: done in 11.9196 secs using 399.2% CPU
Iteration 300 / LogL: -5697.032 / Time: 1h:19m:57s (0h:12m:2s left)
Optimizing NNI: done in 15.5115 secs using 399.5% CPU
Optimizing NNI: done in 8.04283 secs using 399.5% CPU
Optimizing NNI: done in 12.5352 secs using 399.6% CPU
Optimizing NNI: done in 12.8871 secs using 399.6% CPU
Optimizing NNI: done in 16.5035 secs using 399.6% CPU
Optimizing NNI: done in 12.2717 secs using 399.5% CPU
Optimizing NNI: done in 13.0421 secs using 399.6% CPU
Optimizing NNI: done in 9.81157 secs using 399.5% CPU
Optimizing NNI: done in 9.71072 secs using 399.7% CPU
Optimizing NNI: done in 12.572 secs using 399.5% CPU
Iteration 310 / LogL: -5697.041 / Time: 1h:22m:1s (0h:9m:17s left)
Optimizing NNI: done in 13.8971 secs using 399.4% CPU
BETTER TREE FOUND at iteration 311: -5696.992
Optimizing NNI: done in 8.17371 secs using 399.3% CPU
Optimizing NNI: done in 18.5004 secs using 399.6% CPU
Optimizing NNI: done in 16.3947 secs using 399.4% CPU
Optimizing NNI: done in 13.3069 secs using 399.4% CPU
Optimizing NNI: done in 11.0254 secs using 399.3% CPU
Optimizing NNI: done in 12.664 secs using 399.5% CPU
Optimizing NNI: done in 12.688 secs using 399.5% CPU
Optimizing NNI: done in 12.6221 secs using 399.5% CPU
Optimizing NNI: done in 11.8684 secs using 399.4% CPU
BETTER TREE FOUND at iteration 320: -5696.991
Iteration 320 / LogL: -5696.991 / Time: 1h:24m:13s (0h:26m:24s left)
Optimizing NNI: done in 12.1817 secs using 399.5% CPU
BETTER TREE FOUND at iteration 321: -5696.990
Optimizing NNI: done in 11.6031 secs using 399.1% CPU
Optimizing NNI: done in 13.8677 secs using 399.5% CPU
Optimizing NNI: done in 10.7139 secs using 399.5% CPU
Optimizing NNI: done in 12.6272 secs using 399.6% CPU
Optimizing NNI: done in 12.7574 secs using 399.5% CPU
Estimate model parameters (epsilon = 0.100)
BETTER TREE FOUND at iteration 326: -5687.152
Optimizing NNI: done in 12.1082 secs using 399.6% CPU
Optimizing NNI: done in 12.0201 secs using 399.6% CPU
Optimizing NNI: done in 13.3638 secs using 399.5% CPU
Optimizing NNI: done in 11.109 secs using 399.5% CPU
Iteration 330 / LogL: -5700.098 / Time: 1h:26m:17s (0h:25m:10s left)
Optimizing NNI: done in 13.3611 secs using 399.4% CPU
Optimizing NNI: done in 13.9105 secs using 399.5% CPU
Optimizing NNI: done in 12.714 secs using 399.6% CPU
Optimizing NNI: done in 13.4994 secs using 399.5% CPU
Optimizing NNI: done in 14.4686 secs using 399.5% CPU
Optimizing NNI: done in 11.9318 secs using 399.5% CPU
Optimizing NNI: done in 12.6096 secs using 399.5% CPU
Optimizing NNI: done in 13.6478 secs using 399.5% CPU
Optimizing NNI: done in 15.6031 secs using 399.5% CPU
Optimizing NNI: done in 10.3575 secs using 399.7% CPU
Iteration 340 / LogL: -5691.865 / Time: 1h:28m:30s (0h:22m:27s left)
Optimizing NNI: done in 11.119 secs using 399.5% CPU
Optimizing NNI: done in 14.7003 secs using 399.6% CPU
Optimizing NNI: done in 11.0878 secs using 399.7% CPU
Optimizing NNI: done in 12.4979 secs using 399.4% CPU
Optimizing NNI: done in 18.5212 secs using 399.6% CPU
Optimizing NNI: done in 14.1246 secs using 399.4% CPU
Optimizing NNI: done in 10.1905 secs using 399.3% CPU
Optimizing NNI: done in 16.8273 secs using 399.6% CPU
Optimizing NNI: done in 10.2198 secs using 399% CPU
Optimizing NNI: done in 14.1749 secs using 399.4% CPU
Iteration 350 / LogL: -5695.758 / Time: 1h:30m:44s (0h:19m:45s left)
Optimizing NNI: done in 22.8062 secs using 399.6% CPU
Optimizing NNI: done in 13.4303 secs using 399.5% CPU
Optimizing NNI: done in 11.4971 secs using 399.3% CPU
Optimizing NNI: done in 15.811 secs using 399.5% CPU
Optimizing NNI: done in 11.6102 secs using 399.6% CPU
Optimizing NNI: done in 10.1427 secs using 399.5% CPU
Optimizing NNI: done in 12.9653 secs using 399.6% CPU
Optimizing NNI: done in 12.2585 secs using 399.7% CPU
Optimizing NNI: done in 17.7605 secs using 399.3% CPU
Optimizing NNI: done in 11.3351 secs using 399.4% CPU
Iteration 360 / LogL: -5704.285 / Time: 1h:33m:4s (0h:17m:6s left)
Optimizing NNI: done in 11.7393 secs using 399.4% CPU
Optimizing NNI: done in 12.1421 secs using 399.4% CPU
Optimizing NNI: done in 9.28803 secs using 399.5% CPU
Estimate model parameters (epsilon = 0.100)
BETTER TREE FOUND at iteration 363: -5687.099
Optimizing NNI: done in 9.72998 secs using 399.4% CPU
Optimizing NNI: done in 12.8885 secs using 399.6% CPU
Optimizing NNI: done in 10.8014 secs using 399.5% CPU
Optimizing NNI: done in 10.1517 secs using 399.7% CPU
Optimizing NNI: done in 12.7427 secs using 399.5% CPU
Optimizing NNI: done in 10.5445 secs using 399.5% CPU
Optimizing NNI: done in 12.0263 secs using 399.4% CPU
Iteration 370 / LogL: -5687.110 / Time: 1h:34m:58s (0h:23m:56s left)
Optimizing NNI: done in 11.4953 secs using 399.4% CPU
Optimizing NNI: done in 10.618 secs using 399.5% CPU
Estimate model parameters (epsilon = 0.100)
BETTER TREE FOUND at iteration 372: -5687.056
Optimizing NNI: done in 11.2938 secs using 399.5% CPU
Optimizing NNI: done in 10.4155 secs using 399.6% CPU
Optimizing NNI: done in 13.9125 secs using 399.5% CPU
Optimizing NNI: done in 12.1508 secs using 399.6% CPU
Optimizing NNI: done in 10.62 secs using 399.5% CPU
Optimizing NNI: done in 12.8245 secs using 399.4% CPU
Optimizing NNI: done in 10.2829 secs using 399.4% CPU
Optimizing NNI: done in 11.8711 secs using 399.5% CPU
Iteration 380 / LogL: -5710.849 / Time: 1h:36m:55s (0h:23m:31s left)
Optimizing NNI: done in 18.0205 secs using 399.5% CPU
Optimizing NNI: done in 9.02081 secs using 399.5% CPU
Optimizing NNI: done in 10.884 secs using 399.3% CPU
Optimizing NNI: done in 15.3794 secs using 399.6% CPU
Estimate model parameters (epsilon = 0.100)
BETTER TREE FOUND at iteration 384: -5685.763
Optimizing NNI: done in 9.9552 secs using 399.6% CPU
Optimizing NNI: done in 12.3155 secs using 399.4% CPU
Optimizing NNI: done in 18.7899 secs using 399.6% CPU
Optimizing NNI: done in 13.2216 secs using 399.5% CPU
Optimizing NNI: done in 12.3694 secs using 399.4% CPU
Optimizing NNI: done in 12.7575 secs using 399.5% CPU
Iteration 390 / LogL: -5694.141 / Time: 1h:39m:10s (0h:23m:57s left)
Optimizing NNI: done in 10.9192 secs using 399.4% CPU
Estimate model parameters (epsilon = 0.100)
BETTER TREE FOUND at iteration 391: -5682.381
Optimizing NNI: done in 8.60447 secs using 399.4% CPU
Optimizing NNI: done in 13.82 secs using 399.5% CPU
Optimizing NNI: done in 11.4494 secs using 399.3% CPU
Optimizing NNI: done in 11.366 secs using 399.3% CPU
Optimizing NNI: done in 14.2779 secs using 399.6% CPU
Optimizing NNI: done in 12.0275 secs using 399.6% CPU
Optimizing NNI: done in 10.3114 secs using 399.6% CPU
Optimizing NNI: done in 13.0851 secs using 399.5% CPU
Optimizing NNI: done in 14.6505 secs using 399.6% CPU
Estimate model parameters (epsilon = 0.100)
BETTER TREE FOUND at iteration 400: -5682.337
Iteration 400 / LogL: -5682.337 / Time: 1h:41m:14s (0h:25m:22s left)
Optimizing NNI: done in 9.58411 secs using 399.4% CPU
Optimizing NNI: done in 9.6615 secs using 399.7% CPU
Optimizing NNI: done in 12.4225 secs using 399.7% CPU
Optimizing NNI: done in 9.77087 secs using 399.4% CPU
Estimate model parameters (epsilon = 0.100)
BETTER TREE FOUND at iteration 404: -5681.824
Optimizing NNI: done in 12.2397 secs using 399.5% CPU
Optimizing NNI: done in 10.086 secs using 399.2% CPU
Optimizing NNI: done in 10.2784 secs using 399.5% CPU
Optimizing NNI: done in 15.1424 secs using 399.5% CPU
Optimizing NNI: done in 10.7751 secs using 399.8% CPU
Optimizing NNI: done in 16.368 secs using 399.6% CPU
Iteration 410 / LogL: -5682.389 / Time: 1h:43m:12s (0h:23m:43s left)
Optimizing NNI: done in 13.1943 secs using 399.5% CPU
Optimizing NNI: done in 12.4721 secs using 399.3% CPU
Optimizing NNI: done in 8.03889 secs using 399.5% CPU
Optimizing NNI: done in 9.85923 secs using 399.7% CPU
Optimizing NNI: done in 10.9277 secs using 399.5% CPU
Optimizing NNI: done in 12.2142 secs using 399.6% CPU
Optimizing NNI: done in 10.7495 secs using 399.5% CPU
Optimizing NNI: done in 13.5251 secs using 399.6% CPU
Optimizing NNI: done in 5.94587 secs using 399.6% CPU
Optimizing NNI: done in 8.79453 secs using 399.6% CPU
Estimate model parameters (epsilon = 0.100)
BETTER TREE FOUND at iteration 420: -5681.525
Iteration 420 / LogL: -5681.525 / Time: 1h:44m:59s (0h:25m:3s left)
Optimizing NNI: done in 14.1127 secs using 399.7% CPU
Estimate model parameters (epsilon = 0.100)
BETTER TREE FOUND at iteration 421: -5681.137
Optimizing NNI: done in 6.95738 secs using 399.5% CPU
Optimizing NNI: done in 11.3672 secs using 399.3% CPU
Optimizing NNI: done in 14.0378 secs using 399.5% CPU
Optimizing NNI: done in 10.1117 secs using 399.4% CPU
Optimizing NNI: done in 13.4077 secs using 399.6% CPU
Optimizing NNI: done in 8.16517 secs using 399.5% CPU
Optimizing NNI: done in 10.6726 secs using 399.5% CPU
Optimizing NNI: done in 18.7205 secs using 399.6% CPU
Optimizing NNI: done in 9.71481 secs using 399.6% CPU
Iteration 430 / LogL: -5682.290 / Time: 1h:46m:58s (0h:22m:41s left)
Optimizing NNI: done in 14.7451 secs using 399.5% CPU
Optimizing NNI: done in 9.22934 secs using 399.7% CPU
Optimizing NNI: done in 10.1446 secs using 399.2% CPU
Optimizing NNI: done in 9.18546 secs using 399.4% CPU
Optimizing NNI: done in 15.6475 secs using 399.5% CPU
Optimizing NNI: done in 11.2091 secs using 399.6% CPU
Optimizing NNI: done in 10.4057 secs using 399.6% CPU
Optimizing NNI: done in 14.3072 secs using 399.4% CPU
Optimizing NNI: done in 8.31792 secs using 399.3% CPU
Optimizing NNI: done in 13.3463 secs using 399.6% CPU
Iteration 440 / LogL: -5682.524 / Time: 1h:48m:55s (0h:20m:5s left)
Optimizing NNI: done in 13.6617 secs using 399.5% CPU
Optimizing NNI: done in 13.0172 secs using 399.6% CPU
Optimizing NNI: done in 17.4739 secs using 399.5% CPU
Optimizing NNI: done in 9.62255 secs using 399.2% CPU
Optimizing NNI: done in 13.2116 secs using 399.2% CPU
Optimizing NNI: done in 13.9937 secs using 399.7% CPU
Optimizing NNI: done in 11.6409 secs using 399.6% CPU
Optimizing NNI: done in 9.07727 secs using 399.5% CPU
Optimizing NNI: done in 8.35851 secs using 399.7% CPU
Optimizing NNI: done in 13.4767 secs using 399.5% CPU
Iteration 450 / LogL: -5681.517 / Time: 1h:51m:0s (0h:17m:33s left)
Optimizing NNI: done in 14.1962 secs using 399.5% CPU
Optimizing NNI: done in 13.3294 secs using 399.5% CPU
Estimate model parameters (epsilon = 0.100)
BETTER TREE FOUND at iteration 452: -5681.091
Optimizing NNI: done in 11.1702 secs using 399.6% CPU
Optimizing NNI: done in 13.4051 secs using 399.5% CPU
Optimizing NNI: done in 10.6466 secs using 399.5% CPU
Optimizing NNI: done in 15.5941 secs using 399.5% CPU
Optimizing NNI: done in 11.3148 secs using 399.5% CPU
Optimizing NNI: done in 11.4396 secs using 399.4% CPU
Optimizing NNI: done in 10.0713 secs using 399.6% CPU
Optimizing NNI: done in 11.829 secs using 399.4% CPU
Iteration 460 / LogL: -5688.896 / Time: 1h:53m:4s (0h:22m:39s left)
Optimizing NNI: done in 12.3873 secs using 399.7% CPU
Optimizing NNI: done in 13.4613 secs using 399.5% CPU
Optimizing NNI: done in 11.275 secs using 399.6% CPU
Optimizing NNI: done in 10.6217 secs using 399.6% CPU
Optimizing NNI: done in 12.3549 secs using 399.7% CPU
Optimizing NNI: done in 9.32897 secs using 399.6% CPU
Optimizing NNI: done in 13.8612 secs using 399.1% CPU
Optimizing NNI: done in 9.5362 secs using 399.6% CPU
Optimizing NNI: done in 13.3347 secs using 399.6% CPU
Optimizing NNI: done in 11.1615 secs using 399.5% CPU
Iteration 470 / LogL: -5681.133 / Time: 1h:55m:2s (0h:20m:6s left)
Optimizing NNI: done in 10.1512 secs using 399.6% CPU
Optimizing NNI: done in 11.3228 secs using 399.5% CPU
Optimizing NNI: done in 8.08823 secs using 399.6% CPU
Optimizing NNI: done in 13.1188 secs using 399.4% CPU
Optimizing NNI: done in 12.43 secs using 399.6% CPU
Optimizing NNI: done in 11.7252 secs using 399.6% CPU
Optimizing NNI: done in 10.7984 secs using 399.5% CPU
Optimizing NNI: done in 16.5635 secs using 399.6% CPU
Optimizing NNI: done in 14.8567 secs using 399.4% CPU
Optimizing NNI: done in 10.4846 secs using 399.5% CPU
Iteration 480 / LogL: -5690.320 / Time: 1h:57m:3s (0h:17m:35s left)
Optimizing NNI: done in 11.4652 secs using 398.7% CPU
Optimizing NNI: done in 9.58062 secs using 399.1% CPU
Optimizing NNI: done in 15.7643 secs using 399.1% CPU
Optimizing NNI: done in 9.69618 secs using 399.3% CPU
Optimizing NNI: done in 11.5839 secs using 399.1% CPU
Optimizing NNI: done in 7.39281 secs using 399.4% CPU
Optimizing NNI: done in 11.1877 secs using 399.6% CPU
Optimizing NNI: done in 8.05613 secs using 399.2% CPU
Optimizing NNI: done in 14.4014 secs using 399.6% CPU
Optimizing NNI: done in 10.9114 secs using 399.5% CPU
Iteration 490 / LogL: -5684.249 / Time: 1h:58m:54s (0h:15m:4s left)
Optimizing NNI: done in 12.9375 secs using 399.6% CPU
Optimizing NNI: done in 18.2831 secs using 399.6% CPU
Optimizing NNI: done in 6.98069 secs using 399.3% CPU
Optimizing NNI: done in 11.3017 secs using 399.4% CPU
Optimizing NNI: done in 12.1862 secs using 399.1% CPU
Optimizing NNI: done in 9.00264 secs using 399.6% CPU
Optimizing NNI: done in 14.2917 secs using 399.4% CPU
Optimizing NNI: done in 12.2715 secs using 399.4% CPU
Optimizing NNI: done in 10.9753 secs using 399.4% CPU
Optimizing NNI: done in 10.8256 secs using 399.5% CPU
Iteration 500 / LogL: -5681.134 / Time: 2h:0m:53s (0h:12m:35s left)
Optimizing NNI: done in 13.8535 secs using 399.6% CPU
Optimizing NNI: done in 14.408 secs using 399.7% CPU
Optimizing NNI: done in 15.3734 secs using 399.6% CPU
Optimizing NNI: done in 14.2831 secs using 399.5% CPU
Optimizing NNI: done in 12.1281 secs using 399.4% CPU
Optimizing NNI: done in 20.6157 secs using 399.5% CPU
Optimizing NNI: done in 9.52965 secs using 399.5% CPU
Optimizing NNI: done in 11.5909 secs using 399.3% CPU
Optimizing NNI: done in 9.93777 secs using 399.4% CPU
Optimizing NNI: done in 16.9208 secs using 399.2% CPU
Estimate model parameters (epsilon = 0.100)
BETTER TREE FOUND at iteration 510: -5680.838
Iteration 510 / LogL: -5680.838 / Time: 2h:3m:14s (0h:24m:12s left)
Optimizing NNI: done in 13.9502 secs using 399.7% CPU
Optimizing NNI: done in 16.4626 secs using 399.4% CPU
Optimizing NNI: done in 15.6393 secs using 399.6% CPU
Optimizing NNI: done in 15.0575 secs using 399.5% CPU
Optimizing NNI: done in 12.4444 secs using 399.5% CPU
Optimizing NNI: done in 11.4731 secs using 399.2% CPU
Optimizing NNI: done in 12.8794 secs using 399.6% CPU
Optimizing NNI: done in 13.3931 secs using 399.6% CPU
Optimizing NNI: done in 10.0729 secs using 399.4% CPU
Optimizing NNI: done in 12.8376 secs using 399.7% CPU
Iteration 520 / LogL: -5692.451 / Time: 2h:5m:29s (0h:21m:45s left)
Optimizing NNI: done in 8.52709 secs using 399.5% CPU
Optimizing NNI: done in 18.756 secs using 399.5% CPU
Optimizing NNI: done in 15.1095 secs using 399.6% CPU
Optimizing NNI: done in 13.7057 secs using 399.5% CPU
Optimizing NNI: done in 16.7846 secs using 399.5% CPU
Optimizing NNI: done in 10.7088 secs using 399.5% CPU
Optimizing NNI: done in 10.1229 secs using 399.2% CPU
Optimizing NNI: done in 14.6295 secs using 399.2% CPU
Optimizing NNI: done in 11.9134 secs using 399% CPU
Optimizing NNI: done in 12.9861 secs using 399.1% CPU
Iteration 530 / LogL: -5706.357 / Time: 2h:7m:43s (0h:19m:18s left)
Optimizing NNI: done in 10.7265 secs using 399.5% CPU
Optimizing NNI: done in 9.61596 secs using 399% CPU
Optimizing NNI: done in 9.90185 secs using 399.7% CPU
Optimizing NNI: done in 8.9538 secs using 399.5% CPU
Optimizing NNI: done in 9.53753 secs using 399.6% CPU
Optimizing NNI: done in 9.42722 secs using 399.4% CPU
Optimizing NNI: done in 11.3 secs using 399.5% CPU
Optimizing NNI: done in 14.4563 secs using 399.4% CPU
Optimizing NNI: done in 9.84543 secs using 399.6% CPU
Optimizing NNI: done in 12.9973 secs using 399.6% CPU
Iteration 540 / LogL: -5693.392 / Time: 2h:9m:30s (0h:16m:49s left)
Optimizing NNI: done in 14.2183 secs using 399.6% CPU
Optimizing NNI: done in 12.4469 secs using 399.4% CPU
Optimizing NNI: done in 13.765 secs using 399.5% CPU
Optimizing NNI: done in 11.4518 secs using 399.2% CPU
Optimizing NNI: done in 12.4983 secs using 399.3% CPU
Optimizing NNI: done in 10.4261 secs using 399.6% CPU
Optimizing NNI: done in 12.1604 secs using 399.6% CPU
Optimizing NNI: done in 12.1678 secs using 399.3% CPU
Optimizing NNI: done in 13.9302 secs using 399.5% CPU
Optimizing NNI: done in 9.93862 secs using 399.4% CPU
Iteration 550 / LogL: -5689.296 / Time: 2h:11m:34s (0h:14m:22s left)
Optimizing NNI: done in 15.3102 secs using 399.5% CPU
Optimizing NNI: done in 16.1853 secs using 399.6% CPU
Optimizing NNI: done in 9.75543 secs using 399.5% CPU
Optimizing NNI: done in 11.4572 secs using 399.3% CPU
Optimizing NNI: done in 11.1346 secs using 399.4% CPU
Optimizing NNI: done in 13.1463 secs using 399.5% CPU
Optimizing NNI: done in 11.6837 secs using 399.6% CPU
Optimizing NNI: done in 12.1597 secs using 399.3% CPU
Optimizing NNI: done in 12.0554 secs using 399.6% CPU
Optimizing NNI: done in 15.686 secs using 399.5% CPU
Iteration 560 / LogL: -5691.955 / Time: 2h:13m:43s (0h:11m:57s left)
Optimizing NNI: done in 9.26862 secs using 399.4% CPU
Optimizing NNI: done in 12.6611 secs using 399.6% CPU
Optimizing NNI: done in 11.9041 secs using 399.4% CPU
Optimizing NNI: done in 10.1855 secs using 399.6% CPU
Optimizing NNI: done in 11.9055 secs using 399.7% CPU
Optimizing NNI: done in 13.4827 secs using 399.2% CPU
Optimizing NNI: done in 14.0427 secs using 399.6% CPU
Optimizing NNI: done in 6.11579 secs using 399.4% CPU
Optimizing NNI: done in 11.3024 secs using 399.5% CPU
Optimizing NNI: done in 15.3688 secs using 399.4% CPU
Iteration 570 / LogL: -5691.059 / Time: 2h:15m:40s (0h:9m:32s left)
Optimizing NNI: done in 11.2681 secs using 399.6% CPU
Optimizing NNI: done in 13.9359 secs using 399.5% CPU
Optimizing NNI: done in 11.4979 secs using 399.5% CPU
Optimizing NNI: done in 9.67755 secs using 399.3% CPU
Optimizing NNI: done in 10.4686 secs using 399.4% CPU
Optimizing NNI: done in 10.9903 secs using 399.4% CPU
Optimizing NNI: done in 12.4141 secs using 399.4% CPU
Optimizing NNI: done in 9.3147 secs using 399.6% CPU
Optimizing NNI: done in 10.6032 secs using 399.2% CPU
Optimizing NNI: done in 11.8925 secs using 399.8% CPU
Iteration 580 / LogL: -5691.911 / Time: 2h:17m:33s (0h:7m:7s left)
Optimizing NNI: done in 11.8996 secs using 399.4% CPU
Optimizing NNI: done in 16.7259 secs using 399.4% CPU
Optimizing NNI: done in 9.10115 secs using 399.7% CPU
Optimizing NNI: done in 11.0601 secs using 399.3% CPU
Optimizing NNI: done in 9.23697 secs using 399.6% CPU
Optimizing NNI: done in 11.9718 secs using 399.7% CPU
Optimizing NNI: done in 17.2026 secs using 399.4% CPU
Optimizing NNI: done in 10.38 secs using 399.5% CPU
Optimizing NNI: done in 13.417 secs using 399.5% CPU
Optimizing NNI: done in 12.9377 secs using 399.6% CPU
Iteration 590 / LogL: -5695.370 / Time: 2h:19m:38s (0h:4m:44s left)
Optimizing NNI: done in 10.4432 secs using 399.1% CPU
Optimizing NNI: done in 9.39322 secs using 399.2% CPU
Optimizing NNI: done in 12.4633 secs using 399.6% CPU
Optimizing NNI: done in 18.9947 secs using 399.4% CPU
Optimizing NNI: done in 13.4701 secs using 399.4% CPU
BETTER TREE FOUND at iteration 595: -5680.838
Optimizing NNI: done in 14.6455 secs using 399.4% CPU
Optimizing NNI: done in 15.6728 secs using 399.6% CPU
Optimizing NNI: done in 10.4055 secs using 399.6% CPU
Optimizing NNI: done in 11.0148 secs using 399.5% CPU
Optimizing NNI: done in 12.086 secs using 399.4% CPU
Iteration 600 / LogL: -5690.682 / Time: 2h:21m:47s (0h:22m:29s left)
Optimizing NNI: done in 12.1736 secs using 399.5% CPU
Optimizing NNI: done in 15.0206 secs using 399.6% CPU
Optimizing NNI: done in 10.5198 secs using 398.9% CPU
BETTER TREE FOUND at iteration 603: -5680.837
Optimizing NNI: done in 11.7641 secs using 399.3% CPU
Optimizing NNI: done in 11.682 secs using 399.5% CPU
Optimizing NNI: done in 12.719 secs using 399.5% CPU
Optimizing NNI: done in 14.5909 secs using 399.4% CPU
Optimizing NNI: done in 9.53659 secs using 399.6% CPU
Optimizing NNI: done in 9.38696 secs using 399.6% CPU
Optimizing NNI: done in 13.2487 secs using 399.1% CPU
Iteration 610 / LogL: -5697.869 / Time: 2h:23m:49s (0h:21m:57s left)
Optimizing NNI: done in 13.2736 secs using 399.6% CPU
Optimizing NNI: done in 17.1337 secs using 399.6% CPU
Optimizing NNI: done in 13.9151 secs using 399.4% CPU
BETTER TREE FOUND at iteration 613: -5680.836
Optimizing NNI: done in 10.546 secs using 399.7% CPU
Optimizing NNI: done in 12.9816 secs using 399.4% CPU
Optimizing NNI: done in 10.0554 secs using 399.6% CPU
Optimizing NNI: done in 10.5822 secs using 399.7% CPU
BETTER TREE FOUND at iteration 617: -5680.828
Optimizing NNI: done in 15.6238 secs using 399.6% CPU
Optimizing NNI: done in 10.7765 secs using 399.5% CPU
Optimizing NNI: done in 11.8502 secs using 399.5% CPU
Iteration 620 / LogL: -5687.160 / Time: 2h:25m:56s (0h:22m:52s left)
Optimizing NNI: done in 10.032 secs using 399.6% CPU
Optimizing NNI: done in 14.8537 secs using 399.4% CPU
Optimizing NNI: done in 11.3079 secs using 399% CPU
Optimizing NNI: done in 13.8713 secs using 399.7% CPU
Optimizing NNI: done in 10.1654 secs using 399.5% CPU
Optimizing NNI: done in 15.4355 secs using 399.6% CPU
Optimizing NNI: done in 16.3566 secs using 399.6% CPU
Optimizing NNI: done in 10.1826 secs using 399.7% CPU
Optimizing NNI: done in 13.8585 secs using 399.6% CPU
Optimizing NNI: done in 12.6991 secs using 399.6% CPU
Iteration 630 / LogL: -5694.218 / Time: 2h:28m:6s (0h:20m:29s left)
Optimizing NNI: done in 10.0313 secs using 399.4% CPU
Optimizing NNI: done in 12.5633 secs using 399.6% CPU
Optimizing NNI: done in 11.657 secs using 399.6% CPU
Optimizing NNI: done in 15.8416 secs using 399.5% CPU
Optimizing NNI: done in 11.2976 secs using 399.7% CPU
Optimizing NNI: done in 11.5311 secs using 399.5% CPU
Optimizing NNI: done in 14.4831 secs using 399.2% CPU
BETTER TREE FOUND at iteration 637: -5680.826
Optimizing NNI: done in 15.6175 secs using 399.6% CPU
Optimizing NNI: done in 8.16451 secs using 398.6% CPU
Optimizing NNI: done in 15.6718 secs using 399.4% CPU
Iteration 640 / LogL: -5685.851 / Time: 2h:30m:13s (0h:22m:48s left)
Optimizing NNI: done in 12.2264 secs using 399.6% CPU
Optimizing NNI: done in 9.89258 secs using 399.5% CPU
Optimizing NNI: done in 13.0174 secs using 399.1% CPU
Optimizing NNI: done in 15.4273 secs using 399.5% CPU
Optimizing NNI: done in 11.2843 secs using 399.4% CPU
Optimizing NNI: done in 12.1149 secs using 399.6% CPU
Optimizing NNI: done in 11.5037 secs using 399.3% CPU
Optimizing NNI: done in 9.43422 secs using 399.4% CPU
Optimizing NNI: done in 9.06068 secs using 399.5% CPU
Optimizing NNI: done in 8.06622 secs using 399.6% CPU
Iteration 650 / LogL: -5681.466 / Time: 2h:32m:6s (0h:20m:23s left)
Optimizing NNI: done in 10.0489 secs using 399.5% CPU
Optimizing NNI: done in 15.8694 secs using 399.3% CPU
Optimizing NNI: done in 10.6978 secs using 399.5% CPU
Optimizing NNI: done in 13.5286 secs using 399.5% CPU
Optimizing NNI: done in 11.5809 secs using 399.6% CPU
Optimizing NNI: done in 14.897 secs using 399.5% CPU
Optimizing NNI: done in 15.989 secs using 399.4% CPU
Optimizing NNI: done in 11.0743 secs using 399.5% CPU
Optimizing NNI: done in 13.4324 secs using 399.5% CPU
Optimizing NNI: done in 9.87747 secs using 399.5% CPU
Iteration 660 / LogL: -5680.827 / Time: 2h:34m:14s (0h:18m:1s left)
Optimizing NNI: done in 9.00378 secs using 399.4% CPU
Optimizing NNI: done in 14.4483 secs using 399.6% CPU
Optimizing NNI: done in 9.4503 secs using 399.5% CPU
Optimizing NNI: done in 11.8097 secs using 399.6% CPU
Optimizing NNI: done in 16.0065 secs using 399.4% CPU
Optimizing NNI: done in 14.7402 secs using 399.6% CPU
Estimate model parameters (epsilon = 0.100)
BETTER TREE FOUND at iteration 666: -5680.785
Optimizing NNI: done in 11.1462 secs using 399.4% CPU
Optimizing NNI: done in 12.0708 secs using 399.4% CPU
BETTER TREE FOUND at iteration 668: -5680.783
Optimizing NNI: done in 12.0777 secs using 399.7% CPU
Optimizing NNI: done in 11.0762 secs using 399.4% CPU
Iteration 670 / LogL: -5680.838 / Time: 2h:36m:18s (0h:22m:53s left)
Optimizing NNI: done in 10.859 secs using 399.6% CPU
Optimizing NNI: done in 10.4372 secs using 399.6% CPU
Optimizing NNI: done in 10.4066 secs using 399.6% CPU
Optimizing NNI: done in 12.807 secs using 399.4% CPU
Optimizing NNI: done in 16.8564 secs using 399.6% CPU
Optimizing NNI: done in 15.319 secs using 399.4% CPU
Optimizing NNI: done in 10.6225 secs using 399.2% CPU
Optimizing NNI: done in 7.70913 secs using 399.5% CPU
Optimizing NNI: done in 15.566 secs using 399.6% CPU
Optimizing NNI: done in 12.3731 secs using 399.4% CPU
Iteration 680 / LogL: -5687.161 / Time: 2h:38m:21s (0h:20m:31s left)
Optimizing NNI: done in 12.0961 secs using 399.4% CPU
Optimizing NNI: done in 18.2422 secs using 399.5% CPU
Optimizing NNI: done in 10.4963 secs using 399.7% CPU
Optimizing NNI: done in 13.8817 secs using 399.6% CPU
Optimizing NNI: done in 10.3104 secs using 399.4% CPU
Optimizing NNI: done in 12.0364 secs using 399.6% CPU
Optimizing NNI: done in 13.4403 secs using 399.5% CPU
Optimizing NNI: done in 9.67953 secs using 399.4% CPU
Optimizing NNI: done in 17.1806 secs using 399.6% CPU
Optimizing NNI: done in 11.8992 secs using 399.1% CPU
Iteration 690 / LogL: -5680.787 / Time: 2h:40m:31s (0h:18m:10s left)
Optimizing NNI: done in 10.1993 secs using 399.1% CPU
Optimizing NNI: done in 14.1012 secs using 399.2% CPU
Optimizing NNI: done in 13.3838 secs using 399.5% CPU
Optimizing NNI: done in 12.6679 secs using 399.4% CPU
Optimizing NNI: done in 10.8724 secs using 399.6% CPU
Optimizing NNI: done in 10.9878 secs using 398.9% CPU
Optimizing NNI: done in 10.3113 secs using 399.3% CPU
Optimizing NNI: done in 11.9808 secs using 399.4% CPU
Optimizing NNI: done in 15.4961 secs using 399.5% CPU
Optimizing NNI: done in 12.5787 secs using 399.5% CPU
Iteration 700 / LogL: -5692.781 / Time: 2h:42m:35s (0h:15m:48s left)
Optimizing NNI: done in 8.48919 secs using 399.4% CPU
Optimizing NNI: done in 14.3122 secs using 399.3% CPU
Optimizing NNI: done in 16.0037 secs using 399.5% CPU
Optimizing NNI: done in 11.0372 secs using 399.5% CPU
Optimizing NNI: done in 9.35596 secs using 399.6% CPU
Optimizing NNI: done in 9.40564 secs using 399.4% CPU
Optimizing NNI: done in 13.4233 secs using 399.5% CPU
Optimizing NNI: done in 10.626 secs using 399.4% CPU
Optimizing NNI: done in 18.2759 secs using 398.9% CPU
Optimizing NNI: done in 10.7941 secs using 399.5% CPU
Iteration 710 / LogL: -5692.199 / Time: 2h:44m:37s (0h:13m:28s left)
Optimizing NNI: done in 13.5308 secs using 399.4% CPU
Optimizing NNI: done in 15.2856 secs using 399.6% CPU
Optimizing NNI: done in 13.0834 secs using 399.5% CPU
Optimizing NNI: done in 11.3773 secs using 399.5% CPU
Optimizing NNI: done in 11.2443 secs using 399.4% CPU
Optimizing NNI: done in 9.42327 secs using 399.5% CPU
Optimizing NNI: done in 15.3989 secs using 399.5% CPU
Optimizing NNI: done in 11.4575 secs using 399.4% CPU
Optimizing NNI: done in 11.575 secs using 399.5% CPU
Optimizing NNI: done in 11.0164 secs using 399.4% CPU
Iteration 720 / LogL: -5691.722 / Time: 2h:46m:41s (0h:11m:7s left)
Optimizing NNI: done in 7.86741 secs using 399.6% CPU
Optimizing NNI: done in 13.9751 secs using 398.9% CPU
Optimizing NNI: done in 11.4676 secs using 399.4% CPU
Optimizing NNI: done in 10.933 secs using 399.6% CPU
Optimizing NNI: done in 10.4884 secs using 399.2% CPU
Optimizing NNI: done in 10.9337 secs using 399.7% CPU
Optimizing NNI: done in 17.8261 secs using 399.6% CPU
Optimizing NNI: done in 11.5351 secs using 399.4% CPU
Optimizing NNI: done in 10.8366 secs using 399.5% CPU
Optimizing NNI: done in 11.424 secs using 399.5% CPU
Iteration 730 / LogL: -5734.622 / Time: 2h:48m:39s (0h:8m:47s left)
Optimizing NNI: done in 9.44978 secs using 399.6% CPU
Optimizing NNI: done in 12.9648 secs using 399.5% CPU
Optimizing NNI: done in 6.32206 secs using 399.5% CPU
Optimizing NNI: done in 9.24728 secs using 399.5% CPU
Optimizing NNI: done in 10.9059 secs using 399.7% CPU
Optimizing NNI: done in 11.1956 secs using 399.2% CPU
Optimizing NNI: done in 15.0081 secs using 399.3% CPU
Optimizing NNI: done in 12.7152 secs using 399.4% CPU
Optimizing NNI: done in 12.9603 secs using 399.3% CPU
Optimizing NNI: done in 6.72579 secs using 399.5% CPU
Iteration 740 / LogL: -5688.634 / Time: 2h:50m:28s (0h:6m:27s left)
Optimizing NNI: done in 12.4555 secs using 399.4% CPU
Optimizing NNI: done in 13.2972 secs using 399.5% CPU
Optimizing NNI: done in 13.3215 secs using 399.6% CPU
Optimizing NNI: done in 10.3375 secs using 399.3% CPU
Optimizing NNI: done in 13.7317 secs using 399.4% CPU
BETTER TREE FOUND at iteration 745: -5680.782
Optimizing NNI: done in 9.56175 secs using 399.5% CPU
Optimizing NNI: done in 12.428 secs using 399.6% CPU
Optimizing NNI: done in 12.9619 secs using 399.2% CPU
Optimizing NNI: done in 8.4129 secs using 399.4% CPU
Optimizing NNI: done in 16.4287 secs using 399.5% CPU
Iteration 750 / LogL: -5680.785 / Time: 2h:52m:31s (0h:21m:52s left)
Optimizing NNI: done in 10.927 secs using 399.4% CPU
Optimizing NNI: done in 11.5801 secs using 399.5% CPU
Optimizing NNI: done in 10.8084 secs using 399.8% CPU
Optimizing NNI: done in 9.92396 secs using 399.6% CPU
Optimizing NNI: done in 8.14981 secs using 399.5% CPU
Optimizing NNI: done in 13.1109 secs using 399.5% CPU
Optimizing NNI: done in 11.5141 secs using 399.3% CPU
Optimizing NNI: done in 11.6373 secs using 399.4% CPU
Optimizing NNI: done in 14.9767 secs using 399.6% CPU
Optimizing NNI: done in 13.537 secs using 399.2% CPU
Iteration 760 / LogL: -5685.885 / Time: 2h:54m:28s (0h:19m:32s left)
Optimizing NNI: done in 16.2291 secs using 399.2% CPU
Optimizing NNI: done in 12.3071 secs using 399.5% CPU
Optimizing NNI: done in 11.7083 secs using 399.2% CPU
Optimizing NNI: done in 10.6265 secs using 399.6% CPU
Optimizing NNI: done in 10.8263 secs using 399.6% CPU
Optimizing NNI: done in 16.2522 secs using 399.5% CPU
Optimizing NNI: done in 12.7961 secs using 399.4% CPU
Optimizing NNI: done in 16.5756 secs using 399.5% CPU
Optimizing NNI: done in 8.7366 secs using 399.6% CPU
Optimizing NNI: done in 14.099 secs using 399.5% CPU
Iteration 770 / LogL: -5684.117 / Time: 2h:56m:39s (0h:17m:13s left)
Optimizing NNI: done in 9.98007 secs using 399.4% CPU
Optimizing NNI: done in 13.433 secs using 399.1% CPU
Optimizing NNI: done in 14.074 secs using 399.3% CPU
Optimizing NNI: done in 16.7757 secs using 399.6% CPU
Optimizing NNI: done in 10.4003 secs using 398.8% CPU
Optimizing NNI: done in 15.2834 secs using 399.6% CPU
Optimizing NNI: done in 14.0846 secs using 399.5% CPU
Optimizing NNI: done in 11.8635 secs using 399.7% CPU
Optimizing NNI: done in 11.6565 secs using 399.5% CPU
Optimizing NNI: done in 12.1124 secs using 399.5% CPU
Iteration 780 / LogL: -5682.990 / Time: 2h:58m:50s (0h:14m:55s left)
Optimizing NNI: done in 10.1948 secs using 399.4% CPU
Optimizing NNI: done in 10.3114 secs using 399.2% CPU
Optimizing NNI: done in 10.8979 secs using 399.4% CPU
BETTER TREE FOUND at iteration 783: -5680.782
Optimizing NNI: done in 13.6253 secs using 399% CPU
Optimizing NNI: done in 11.2966 secs using 399.4% CPU
Optimizing NNI: done in 12.9638 secs using 399.3% CPU
Optimizing NNI: done in 11.1796 secs using 399.4% CPU
Optimizing NNI: done in 9.57978 secs using 399.6% CPU
Optimizing NNI: done in 11.2492 secs using 399.6% CPU
Optimizing NNI: done in 15.6786 secs using 399.3% CPU
Iteration 790 / LogL: -5691.958 / Time: 3h:0m:47s (0h:21m:18s left)
Optimizing NNI: done in 8.3677 secs using 399.7% CPU
Optimizing NNI: done in 10.9462 secs using 399.5% CPU
Optimizing NNI: done in 8.44798 secs using 398.9% CPU
Optimizing NNI: done in 12.8842 secs using 399.5% CPU
Optimizing NNI: done in 11.4584 secs using 399.6% CPU
Optimizing NNI: done in 14.072 secs using 399.5% CPU
Optimizing NNI: done in 8.11825 secs using 399.4% CPU
Optimizing NNI: done in 11.2497 secs using 399.6% CPU
Optimizing NNI: done in 9.16427 secs using 399.5% CPU
Optimizing NNI: done in 12.8628 secs using 399.6% CPU
Iteration 800 / LogL: -5702.013 / Time: 3h:2m:36s (0h:18m:58s left)
Optimizing NNI: done in 9.98188 secs using 399.6% CPU
Optimizing NNI: done in 12.313 secs using 399.7% CPU
Optimizing NNI: done in 13.1398 secs using 399.5% CPU
Optimizing NNI: done in 7.45593 secs using 399.6% CPU
Optimizing NNI: done in 12.7861 secs using 399.5% CPU
Optimizing NNI: done in 8.88715 secs using 399.1% CPU
Optimizing NNI: done in 11.95 secs using 399.3% CPU
Optimizing NNI: done in 11.3528 secs using 399.7% CPU
Optimizing NNI: done in 11.376 secs using 399.5% CPU
Optimizing NNI: done in 12.265 secs using 399.5% CPU
Iteration 810 / LogL: -5682.896 / Time: 3h:4m:28s (0h:16m:38s left)
Optimizing NNI: done in 12.6438 secs using 399.4% CPU
Optimizing NNI: done in 13.2471 secs using 399.6% CPU
Optimizing NNI: done in 10.5447 secs using 399.6% CPU
Optimizing NNI: done in 13.7042 secs using 399.6% CPU
Optimizing NNI: done in 17.0023 secs using 399.5% CPU
Optimizing NNI: done in 8.69726 secs using 399.5% CPU
Optimizing NNI: done in 13.2364 secs using 399.5% CPU
Optimizing NNI: done in 11.5406 secs using 399.2% CPU
Optimizing NNI: done in 10.0918 secs using 399.5% CPU
Optimizing NNI: done in 14.1278 secs using 399.5% CPU
Iteration 820 / LogL: -5682.482 / Time: 3h:6m:34s (0h:14m:21s left)
Optimizing NNI: done in 11.3887 secs using 399.5% CPU
Optimizing NNI: done in 15.7411 secs using 399.5% CPU
Optimizing NNI: done in 10.8382 secs using 399.3% CPU
Optimizing NNI: done in 12.1158 secs using 399.6% CPU
Optimizing NNI: done in 10.9955 secs using 399.6% CPU
Optimizing NNI: done in 13.5472 secs using 399.5% CPU
Optimizing NNI: done in 11.7573 secs using 399.5% CPU
Optimizing NNI: done in 12.0595 secs using 399.7% CPU
Optimizing NNI: done in 10.7689 secs using 399.1% CPU
Optimizing NNI: done in 12.352 secs using 399.3% CPU
Iteration 830 / LogL: -5690.035 / Time: 3h:8m:36s (0h:12m:3s left)
Optimizing NNI: done in 8.39849 secs using 399.7% CPU
Optimizing NNI: done in 13.0797 secs using 399.4% CPU
Optimizing NNI: done in 12.4035 secs using 399.5% CPU
Optimizing NNI: done in 11.2449 secs using 399.5% CPU
Optimizing NNI: done in 12.3075 secs using 399.5% CPU
Optimizing NNI: done in 10.8087 secs using 398.9% CPU
Optimizing NNI: done in 12.7647 secs using 399.1% CPU
Optimizing NNI: done in 10.0605 secs using 399.6% CPU
Optimizing NNI: done in 8.70189 secs using 399.5% CPU
Optimizing NNI: done in 9.38464 secs using 399.5% CPU
Iteration 840 / LogL: -5691.850 / Time: 3h:10m:26s (0h:9m:45s left)
Optimizing NNI: done in 9.62835 secs using 399.5% CPU
Optimizing NNI: done in 12.8571 secs using 399.5% CPU
Optimizing NNI: done in 18.9373 secs using 399.4% CPU
Optimizing NNI: done in 12.3441 secs using 399.5% CPU
Optimizing NNI: done in 11.1642 secs using 399.5% CPU
Optimizing NNI: done in 7.69813 secs using 399.4% CPU
Optimizing NNI: done in 9.33918 secs using 399.5% CPU
Optimizing NNI: done in 15.1587 secs using 399.7% CPU
Optimizing NNI: done in 8.9834 secs using 399.6% CPU
Optimizing NNI: done in 9.12943 secs using 399.5% CPU
Iteration 850 / LogL: -5680.828 / Time: 3h:12m:22s (0h:7m:28s left)
Optimizing NNI: done in 12.8758 secs using 399.5% CPU
Optimizing NNI: done in 8.74776 secs using 398.9% CPU
Optimizing NNI: done in 11.1677 secs using 399.6% CPU
Optimizing NNI: done in 14.6184 secs using 399.4% CPU
Optimizing NNI: done in 14.0455 secs using 399.4% CPU
BETTER TREE FOUND at iteration 855: -5680.782
Optimizing NNI: done in 9.22928 secs using 399.6% CPU
Optimizing NNI: done in 13.3255 secs using 399.5% CPU
Optimizing NNI: done in 17.0148 secs using 399.5% CPU
Optimizing NNI: done in 14.2367 secs using 399.5% CPU
Optimizing NNI: done in 13.5252 secs using 399.3% CPU
Iteration 860 / LogL: -6089.349 / Time: 3h:14m:31s (0h:21m:30s left)
Optimizing NNI: done in 11.1996 secs using 399.5% CPU
Optimizing NNI: done in 13.691 secs using 399.4% CPU
Estimate model parameters (epsilon = 0.100)
BETTER TREE FOUND at iteration 862: -5676.730
Optimizing NNI: done in 13.4517 secs using 399.7% CPU
Optimizing NNI: done in 13.424 secs using 399.2% CPU
Optimizing NNI: done in 12.5452 secs using 399.4% CPU
Estimate model parameters (epsilon = 0.100)
BETTER TREE FOUND at iteration 865: -5673.769
Optimizing NNI: done in 17.9561 secs using 399.5% CPU
Optimizing NNI: done in 9.19831 secs using 399.5% CPU
Optimizing NNI: done in 15.4489 secs using 399.5% CPU
Optimizing NNI: done in 16.3475 secs using 399.4% CPU
Optimizing NNI: done in 10.5012 secs using 399.6% CPU
Iteration 870 / LogL: -5678.513 / Time: 3h:16m:48s (0h:21m:30s left)
Optimizing NNI: done in 11.4264 secs using 399.3% CPU
Optimizing NNI: done in 13.4772 secs using 399.4% CPU
Optimizing NNI: done in 12.8714 secs using 399.6% CPU
Optimizing NNI: done in 10.6595 secs using 399.3% CPU
Optimizing NNI: done in 9.26154 secs using 399.5% CPU
Optimizing NNI: done in 12.1201 secs using 398.6% CPU
Optimizing NNI: done in 12.8989 secs using 399.5% CPU
Estimate model parameters (epsilon = 0.100)
BETTER TREE FOUND at iteration 877: -5673.422
Optimizing NNI: done in 11.6273 secs using 399.5% CPU
Optimizing NNI: done in 10.0468 secs using 399.4% CPU
Optimizing NNI: done in 10.3877 secs using 399.6% CPU
Estimate model parameters (epsilon = 0.100)
BETTER TREE FOUND at iteration 880: -5673.270
Iteration 880 / LogL: -5673.270 / Time: 3h:18m:46s (0h:22m:36s left)
Optimizing NNI: done in 15.2265 secs using 399.4% CPU
Estimate model parameters (epsilon = 0.100)
BETTER TREE FOUND at iteration 881: -5672.961
Optimizing NNI: done in 9.478 secs using 398.8% CPU
Optimizing NNI: done in 11.9843 secs using 399.6% CPU
Optimizing NNI: done in 11.3672 secs using 399.6% CPU
Optimizing NNI: done in 10.4448 secs using 399.5% CPU
Optimizing NNI: done in 10.5196 secs using 398.9% CPU
Optimizing NNI: done in 13.06 secs using 399.5% CPU
Optimizing NNI: done in 18.6088 secs using 399.4% CPU
Optimizing NNI: done in 12.5449 secs using 399.2% CPU
Estimate model parameters (epsilon = 0.100)
BETTER TREE FOUND at iteration 889: -5672.370
Optimizing NNI: done in 10.6212 secs using 399.1% CPU
Iteration 890 / LogL: -5689.500 / Time: 3h:20m:53s (0h:22m:22s left)
Optimizing NNI: done in 11.3734 secs using 399.4% CPU
Optimizing NNI: done in 16.485 secs using 399.3% CPU
Optimizing NNI: done in 10.7443 secs using 399.5% CPU
Optimizing NNI: done in 13.9967 secs using 399.6% CPU
Optimizing NNI: done in 13.6246 secs using 399.5% CPU
Optimizing NNI: done in 11.2017 secs using 399.4% CPU
Optimizing NNI: done in 16.5536 secs using 399.6% CPU
Optimizing NNI: done in 12.316 secs using 399.6% CPU
Optimizing NNI: done in 14.2985 secs using 399.6% CPU
Optimizing NNI: done in 10.3145 secs using 399.4% CPU
Iteration 900 / LogL: -5679.118 / Time: 3h:23m:4s (0h:20m:6s left)
Optimizing NNI: done in 14.3204 secs using 399.5% CPU
Optimizing NNI: done in 10.1707 secs using 399.4% CPU
Optimizing NNI: done in 12.3709 secs using 399.3% CPU
Optimizing NNI: done in 7.29518 secs using 399.5% CPU
Optimizing NNI: done in 10.753 secs using 399.1% CPU
Optimizing NNI: done in 13.4098 secs using 399.7% CPU
Optimizing NNI: done in 13.4389 secs using 399.5% CPU
Optimizing NNI: done in 12.0713 secs using 399.5% CPU
Optimizing NNI: done in 9.69589 secs using 399.7% CPU
Optimizing NNI: done in 12.7636 secs using 394.5% CPU
Iteration 910 / LogL: -5677.360 / Time: 3h:25m:1s (0h:17m:49s left)
Optimizing NNI: done in 10.1436 secs using 399.4% CPU
Optimizing NNI: done in 11.9631 secs using 399.7% CPU
BETTER TREE FOUND at iteration 912: -5672.369
Optimizing NNI: done in 11.9039 secs using 399.5% CPU
Optimizing NNI: done in 11.8451 secs using 399.7% CPU
Optimizing NNI: done in 12.3278 secs using 399.5% CPU
Optimizing NNI: done in 9.66026 secs using 399.5% CPU
Optimizing NNI: done in 15.7762 secs using 399.6% CPU
Optimizing NNI: done in 14.921 secs using 399.4% CPU
Optimizing NNI: done in 11.8955 secs using 399.5% CPU
Optimizing NNI: done in 10.3376 secs using 399.5% CPU
Iteration 920 / LogL: -5675.942 / Time: 3h:27m:3s (0h:20m:43s left)
Optimizing NNI: done in 6.60355 secs using 399.3% CPU
Optimizing NNI: done in 9.55188 secs using 399.6% CPU
Optimizing NNI: done in 9.78603 secs using 399.4% CPU
Optimizing NNI: done in 14.2597 secs using 399.1% CPU
Optimizing NNI: done in 10.9104 secs using 399.1% CPU
Optimizing NNI: done in 14.986 secs using 399.5% CPU
Optimizing NNI: done in 11.1471 secs using 399.1% CPU
Optimizing NNI: done in 8.92626 secs using 399.5% CPU
Optimizing NNI: done in 19.0716 secs using 399.6% CPU
Optimizing NNI: done in 13.3423 secs using 398.6% CPU
Iteration 930 / LogL: -5677.720 / Time: 3h:29m:2s (0h:18m:27s left)
Optimizing NNI: done in 10.4459 secs using 399.5% CPU
Optimizing NNI: done in 12.0698 secs using 399.6% CPU
Optimizing NNI: done in 11.0257 secs using 399.6% CPU
Optimizing NNI: done in 11.6711 secs using 399.7% CPU
Optimizing NNI: done in 8.96856 secs using 399.2% CPU
Optimizing NNI: done in 16.879 secs using 399.6% CPU
Optimizing NNI: done in 16.5506 secs using 399.6% CPU
Optimizing NNI: done in 11.9593 secs using 399.5% CPU
Optimizing NNI: done in 10.7093 secs using 399.5% CPU
Optimizing NNI: done in 12.0582 secs using 399.3% CPU
Iteration 940 / LogL: -5695.072 / Time: 3h:31m:5s (0h:16m:11s left)
Optimizing NNI: done in 10.3325 secs using 399.5% CPU
Optimizing NNI: done in 10.5077 secs using 399.3% CPU
Optimizing NNI: done in 8.85761 secs using 399.5% CPU
Optimizing NNI: done in 15.3392 secs using 399.1% CPU
Optimizing NNI: done in 11.2226 secs using 399.6% CPU
Optimizing NNI: done in 12.9022 secs using 399.6% CPU
Optimizing NNI: done in 10.0344 secs using 399.4% CPU
Optimizing NNI: done in 12.9021 secs using 399.4% CPU
Optimizing NNI: done in 15.9991 secs using 399.6% CPU
Optimizing NNI: done in 13.5927 secs using 399.5% CPU
Iteration 950 / LogL: -5676.375 / Time: 3h:33m:8s (0h:13m:55s left)
Optimizing NNI: done in 13.4991 secs using 399.6% CPU
Optimizing NNI: done in 10.6798 secs using 399.3% CPU
Optimizing NNI: done in 14.8045 secs using 399.3% CPU
Optimizing NNI: done in 9.25574 secs using 399.5% CPU
Optimizing NNI: done in 12.6229 secs using 399.5% CPU
Optimizing NNI: done in 11.4432 secs using 399.2% CPU
Optimizing NNI: done in 8.88511 secs using 399.7% CPU
Optimizing NNI: done in 8.03784 secs using 399.5% CPU
Optimizing NNI: done in 7.3164 secs using 399.5% CPU
Optimizing NNI: done in 9.24888 secs using 399.6% CPU
Iteration 960 / LogL: -5677.105 / Time: 3h:34m:54s (0h:11m:39s left)
Optimizing NNI: done in 15.002 secs using 399.3% CPU
Optimizing NNI: done in 9.52936 secs using 399.4% CPU
Optimizing NNI: done in 10.9462 secs using 399.6% CPU
Optimizing NNI: done in 14.0176 secs using 399% CPU
Optimizing NNI: done in 12.0974 secs using 398.7% CPU
Optimizing NNI: done in 11.9892 secs using 399.5% CPU
Optimizing NNI: done in 11.4254 secs using 399.3% CPU
Optimizing NNI: done in 14.0428 secs using 399.6% CPU
Optimizing NNI: done in 12.5113 secs using 399.7% CPU
Optimizing NNI: done in 12.5482 secs using 398.9% CPU
Iteration 970 / LogL: -5691.559 / Time: 3h:36m:59s (0h:9m:24s left)
Optimizing NNI: done in 15.8793 secs using 399.5% CPU
Optimizing NNI: done in 12.6279 secs using 399.6% CPU
Optimizing NNI: done in 8.87363 secs using 399.5% CPU
Optimizing NNI: done in 13.9163 secs using 399.5% CPU
Optimizing NNI: done in 11.0341 secs using 399.6% CPU
Optimizing NNI: done in 9.87715 secs using 399.5% CPU
Optimizing NNI: done in 11.879 secs using 399.6% CPU
Optimizing NNI: done in 14.12 secs using 399.7% CPU
Optimizing NNI: done in 15.508 secs using 399.4% CPU
Optimizing NNI: done in 10.1131 secs using 399.6% CPU
Iteration 980 / LogL: -5678.183 / Time: 3h:39m:4s (0h:7m:9s left)
Optimizing NNI: done in 12.79 secs using 399.5% CPU
BETTER TREE FOUND at iteration 981: -5672.369
Optimizing NNI: done in 12.8576 secs using 399.5% CPU
Optimizing NNI: done in 11.1879 secs using 399.5% CPU
Optimizing NNI: done in 12.8401 secs using 399.3% CPU
Optimizing NNI: done in 12.4297 secs using 399.4% CPU
Optimizing NNI: done in 11.8176 secs using 399.2% CPU
Optimizing NNI: done in 14.4165 secs using 399.5% CPU
Optimizing NNI: done in 10.8707 secs using 399.3% CPU
Optimizing NNI: done in 12.989 secs using 399.2% CPU
Optimizing NNI: done in 17.0748 secs using 399.4% CPU
Iteration 990 / LogL: -5686.621 / Time: 3h:41m:14s (0h:20m:21s left)
Optimizing NNI: done in 11.5274 secs using 399.6% CPU
Optimizing NNI: done in 14.9595 secs using 399.6% CPU
Optimizing NNI: done in 10.5645 secs using 399.4% CPU
Optimizing NNI: done in 7.26258 secs using 398.8% CPU
Optimizing NNI: done in 10.8738 secs using 399.5% CPU
Optimizing NNI: done in 13.4304 secs using 399.5% CPU
Optimizing NNI: done in 13.673 secs using 399.6% CPU
Optimizing NNI: done in 7.15171 secs using 399.5% CPU
Optimizing NNI: done in 10.613 secs using 399.6% CPU
Optimizing NNI: done in 13.9971 secs using 399.4% CPU
Iteration 1000 / LogL: -5696.003 / Time: 3h:43m:9s (0h:18m:5s left)
Optimizing NNI: done in 9.90928 secs using 399.4% CPU
Optimizing NNI: done in 13.4819 secs using 399.6% CPU
Optimizing NNI: done in 8.12909 secs using 399.1% CPU
Optimizing NNI: done in 9.6716 secs using 399.5% CPU
Optimizing NNI: done in 12.5626 secs using 399.5% CPU
Optimizing NNI: done in 11.2861 secs using 399.6% CPU
Optimizing NNI: done in 9.86054 secs using 399.5% CPU
Optimizing NNI: done in 12.7749 secs using 399.5% CPU
Optimizing NNI: done in 13.7979 secs using 399.5% CPU
Optimizing NNI: done in 10.7809 secs using 399.2% CPU
Iteration 1010 / LogL: -5685.312 / Time: 3h:45m:2s (0h:15m:50s left)
Optimizing NNI: done in 14.8582 secs using 399.5% CPU
Optimizing NNI: done in 13.4511 secs using 399.4% CPU
Optimizing NNI: done in 9.93131 secs using 399.6% CPU
Optimizing NNI: done in 9.54059 secs using 399.4% CPU
Optimizing NNI: done in 10.5308 secs using 399.4% CPU
Optimizing NNI: done in 12.0229 secs using 399.6% CPU
Optimizing NNI: done in 11.2755 secs using 399.5% CPU
Optimizing NNI: done in 10.6739 secs using 399.4% CPU
Optimizing NNI: done in 12.4733 secs using 399.4% CPU
Optimizing NNI: done in 10.1833 secs using 399.2% CPU
Iteration 1020 / LogL: -5676.546 / Time: 3h:46m:58s (0h:13m:35s left)
Optimizing NNI: done in 13.4792 secs using 399.5% CPU
Optimizing NNI: done in 11.5347 secs using 399.6% CPU
Optimizing NNI: done in 11.966 secs using 399.5% CPU
Optimizing NNI: done in 14.2567 secs using 399.5% CPU
Optimizing NNI: done in 10.0035 secs using 399.4% CPU
Optimizing NNI: done in 10.6664 secs using 398.9% CPU
Optimizing NNI: done in 10.1717 secs using 399.5% CPU
Optimizing NNI: done in 14.5561 secs using 399.5% CPU
Optimizing NNI: done in 10.3998 secs using 399.6% CPU
Optimizing NNI: done in 10.6366 secs using 399.5% CPU
Iteration 1030 / LogL: -5683.419 / Time: 3h:48m:56s (0h:11m:20s left)
Optimizing NNI: done in 14.0753 secs using 399.5% CPU
Optimizing NNI: done in 13.4755 secs using 399.5% CPU
Optimizing NNI: done in 10.7032 secs using 399.5% CPU
Optimizing NNI: done in 15.0494 secs using 399.5% CPU
Optimizing NNI: done in 9.40697 secs using 399% CPU
Optimizing NNI: done in 11.5598 secs using 399.4% CPU
Optimizing NNI: done in 11.3358 secs using 399.5% CPU
Optimizing NNI: done in 9.84515 secs using 399.5% CPU
Optimizing NNI: done in 10.0187 secs using 399.6% CPU
Optimizing NNI: done in 11.6366 secs using 399% CPU
Iteration 1040 / LogL: -5694.573 / Time: 3h:50m:54s (0h:9m:6s left)
Optimizing NNI: done in 11.4417 secs using 399.2% CPU
Optimizing NNI: done in 13.64 secs using 399.7% CPU
Optimizing NNI: done in 8.26478 secs using 399.3% CPU
Optimizing NNI: done in 14.4104 secs using 399.7% CPU
Optimizing NNI: done in 10.2029 secs using 399.2% CPU
Optimizing NNI: done in 12.0375 secs using 399.5% CPU
Optimizing NNI: done in 11.2244 secs using 399.2% CPU
Optimizing NNI: done in 12.9621 secs using 399.1% CPU
Optimizing NNI: done in 13.1837 secs using 399.6% CPU
Optimizing NNI: done in 9.68923 secs using 399.6% CPU
Iteration 1050 / LogL: -5672.371 / Time: 3h:52m:52s (0h:6m:52s left)
Optimizing NNI: done in 15.8509 secs using 399.5% CPU
Optimizing NNI: done in 6.14566 secs using 399.2% CPU
Optimizing NNI: done in 10.6013 secs using 399.6% CPU
Optimizing NNI: done in 9.16164 secs using 399.5% CPU
Optimizing NNI: done in 11.5131 secs using 399.6% CPU
Optimizing NNI: done in 13.6634 secs using 399.6% CPU
Optimizing NNI: done in 12.7402 secs using 399.6% CPU
Optimizing NNI: done in 11.0817 secs using 399.2% CPU
Optimizing NNI: done in 10.0429 secs using 399.5% CPU
Optimizing NNI: done in 18.8359 secs using 399.6% CPU
Iteration 1060 / LogL: -5684.516 / Time: 3h:54m:52s (0h:4m:39s left)
Optimizing NNI: done in 17.9411 secs using 398.8% CPU
Optimizing NNI: done in 12.8569 secs using 399.4% CPU
Optimizing NNI: done in 9.2939 secs using 399.6% CPU
Optimizing NNI: done in 11.5278 secs using 399.2% CPU
Optimizing NNI: done in 12.37 secs using 399.5% CPU
Optimizing NNI: done in 15.9762 secs using 399.6% CPU
Optimizing NNI: done in 12.1172 secs using 399.3% CPU
Optimizing NNI: done in 11.6648 secs using 399.5% CPU
Optimizing NNI: done in 11.5536 secs using 399.6% CPU
Optimizing NNI: done in 10.4694 secs using 399.2% CPU
Iteration 1070 / LogL: -5676.970 / Time: 3h:56m:59s (0h:2m:26s left)
Optimizing NNI: done in 14.6658 secs using 399.4% CPU
Optimizing NNI: done in 11.0247 secs using 399.6% CPU
Optimizing NNI: done in 13.4835 secs using 398.9% CPU
Optimizing NNI: done in 14.3359 secs using 399.4% CPU
Optimizing NNI: done in 9.47524 secs using 399.5% CPU
Optimizing NNI: done in 8.94841 secs using 399.2% CPU
Optimizing NNI: done in 13.061 secs using 399.5% CPU
Optimizing NNI: done in 10.254 secs using 399.3% CPU
Optimizing NNI: done in 11.3104 secs using 399.2% CPU
Optimizing NNI: done in 10.6645 secs using 399.6% CPU
Iteration 1080 / LogL: -5674.761 / Time: 3h:58m:57s (0h:0m:13s left)
Optimizing NNI: done in 12.3411 secs using 399.6% CPU
Optimizing NNI: done in 9.5707 secs using 399.7% CPU
TREE SEARCH COMPLETED AFTER 1082 ITERATIONS / Time: 3h:59m:19s

--------------------------------------------------------------------
|                    FINALIZING TREE SEARCH                        |
--------------------------------------------------------------------
Performs final model parameters optimization
Estimate model parameters (epsilon = 0.010)
1. Initial log-likelihood: -5672.369
Optimal log-likelihood: -5672.369
Gamma shape alpha: 0.264
Parameters optimization took 1 rounds (0.999 sec)
BEST SCORE FOUND : -5672.369
Total tree length: 0.776

Total number of iterations: 1082
CPU time used for tree search: 57288.195 sec (15h:54m:48s)
Wall-clock time used for tree search: 14346.543 sec (3h:59m:6s)
Total CPU time used: 57342.125 sec (15h:55m:42s)
Total wall-clock time used: 14360.238 sec (3h:59m:20s)

Analysis results written to: 
  IQ-TREE report:                MYH2_WAG.iqtree
  Maximum-likelihood tree:       MYH2_WAG.treefile
  Likelihood distances:          MYH2_WAG.mldist
  Screen log file:               MYH2_WAG.log

Date and Time: Sat Jan 27 00:34:28 2024
