IQ-TREE multicore version 2.2.0-beta COVID-edition for Linux 64-bit built Dec 21 2021 built Dec 21 2021
Developed by Bui Quang Minh, James Barbetti, Nguyen Lam Tung,
Olga Chernomor, Heiko Schmidt, Dominik Schrempf, Michael Woodhams, Ly Trong Nhan.

Host:    awarnach10 (SSE3, 3 GB RAM)
Command: iqtree -s translated/RYR2_codon_aligned.translated.fasta -st AA -m WAG+G4 -pre RYR2_WAG -nt 4
Seed:    792756 (Using SPRNG - Scalable Parallel Random Number Generator)
Time:    Sat Jan 27 07:00:49 2024
Kernel:  SSE2 - 4 threads (4 CPU cores detected)

Reading alignment file translated/RYR2_codon_aligned.translated.fasta ... Fasta format detected
Reading fasta file: done in 0.0203783 secs using 68.71% CPU
Alignment most likely contains protein sequences
Constructing alignment: done in 0.0301014 secs using 66.83% CPU
Alignment has 93 sequences with 4975 columns, 2082 distinct patterns
212 parsimony-informative, 257 singleton sites, 4506 constant sites
                   Gap/Ambiguity  Composition  p-value
Analyzing sequences: done in 0.000888951 secs using 99.44% CPU
   1  Bacu_RYR2            2.03%    passed    100.00%
   2  Barn_RYR2           37.41%    passed     98.42%
   3  Bbai76728_RYR2      21.53%    passed    100.00%
   4  BbonAUS_RYR2        12.98%    passed    100.00%
   5  Bbor_RYR2            9.53%    passed    100.00%
   6  Bede66737_RYR2       8.44%    passed    100.00%
   7  BedeAUS_RYR2        11.36%    passed    100.00%
   8  Bmus_RYR2            0.08%    passed    100.00%
   9  Bmys_RYR2           66.55%    passed     54.30%
  10  Bphy_RYR2           14.55%    passed    100.00%
  11  Bphy_baits_RYR2     15.68%    passed    100.00%
  12  Bric_RYR2            0.08%    passed    100.00%
  13  Btau_RYR2            0.00%    passed    100.00%
  14  Ccom40_RYR2         19.26%    passed    100.00%
  15  Chea7320_RYR2        9.67%    passed    100.00%
  16  Cmar59905_RYR2      15.24%    passed    100.00%
  17  Dcap108471_RYR2      9.33%    passed    100.00%
  18  Dcap79929_RYR2      14.41%    passed    100.00%
  19  DdelSJR_RYR2         7.70%    passed    100.00%
  20  Ddel_RYR2            0.44%    passed    100.00%
  21  Ddeltrop4525_RYR2   10.19%    passed    100.00%
  22  Dleu_RYR2            0.42%    passed    100.00%
  23  EausAUS_RYR2         8.30%    passed    100.00%
  24  Egla13086_RYR2      12.70%    passed    100.00%
  25  Ejap43864_RYR2      10.69%    passed    100.00%
  26  Erob133443_RYR2     10.97%    passed    100.00%
  27  Fatt_RYR2            7.94%    passed    100.00%
  28  Ggri_RYR2            7.68%    passed    100.00%
  29  Gmac39091_RYR2       8.08%    passed    100.00%
  30  Gmel_RYR2            0.44%    passed    100.00%
  31  Hamp_RYR2            8.44%    passed    100.00%
  32  Hippo_RYR2           0.38%    passed    100.00%
  33  Igeo_RYR2           29.21%    passed     99.83%
  34  Kbre_RYR2            0.52%    passed    100.00%
  35  Ksim_RYR2           13.49%    passed    100.00%
  36  Lacu_RYR2           10.63%    passed    100.00%
  37  Lalb_RYR2            0.42%    passed    100.00%
  38  Laus_RYR2            7.50%    passed    100.00%
  39  Lbor_RYR2           15.40%    passed    100.00%
  40  Lhos30470_RYR2      17.49%    passed    100.00%
  41  Lhos452_RYR2         9.09%    passed    100.00%
  42  Lobl_RYR2            0.28%    passed    100.00%
  43  Lobs_RYR2           10.39%    passed    100.00%
  44  LperAUS_RYR2        10.77%    passed    100.00%
  45  Mbid_RYR2           27.12%    passed     99.76%
  46  Mbow_RYR2           11.12%    passed    100.00%
  47  Mcar_RYR2            8.78%    passed    100.00%
  48  Mden_RYR2            0.00%    passed    100.00%
  49  Meur_RYR2           10.33%    passed    100.00%
  50  Mgin_RYR2            8.98%    passed    100.00%
  51  MgraAUS_RYR2        37.21%    passed     99.87%
  52  Mhec_RYR2           13.87%    passed    100.00%
  53  MlayAUS_RYR2         8.32%    passed    100.00%
  54  Mmir_RYR2           18.19%    passed    100.00%
  55  Mmon_RYR2            0.68%    passed    100.00%
  56  Mper_RYR2           10.65%    passed    100.00%
  57  Mpni_RYR2           11.82%    passed    100.00%
  58  Mste_RYR2           11.16%    passed    100.00%
  59  Naasi_RYR2           0.28%    passed    100.00%
  60  Npho_RYR2            7.64%    passed    100.00%
  61  Oari_RYR2            0.00%    passed    100.00%
  62  Obre_RYR2            7.52%    passed    100.00%
  63  Ohei_RYR2            9.23%    passed    100.00%
  64  Oorc_RYR2            0.44%    passed    100.00%
  65  Ovtex_RYR2           3.96%    passed     99.70%
  66  Pbla7349_RYR2       14.01%    passed    100.00%
  67  Pcat_RYR2            0.40%    passed    100.00%
  68  Pcra123188_RYR2      9.59%    passed    100.00%
  69  Pdal_RYR2           36.20%    passed     94.67%
  70  Pdio_RYR2            9.29%    passed    100.00%
  71  Pele_RYR2            9.43%    passed    100.00%
  72  Pmac_RYR2           43.14%    passed     88.10%
  73  Ppho_RYR2           13.91%    passed    100.00%
  74  Psin_RYR2            0.30%    passed    100.00%
  75  Pspi_RYR2           17.03%    passed    100.00%
  76  Satt18473_RYR2       9.45%    passed    100.00%
  77  Satt38219_RYR2      11.64%    passed    100.00%
  78  Sbre116871_RYR2      7.62%    passed    100.00%
  79  Sbre18437_RYR2       9.43%    passed    100.00%
  80  Schi_RYR2            9.25%    passed    100.00%
  81  Scly1724_RYR2       29.99%    passed     99.27%
  82  Scly1726_RYR2        8.08%    passed    100.00%
  83  Scoe_RYR2           13.29%    passed    100.00%
  84  Sflu9837_RYR2       10.55%    passed    100.00%
  85  Sfro7782_RYR2       18.47%    passed    100.00%
  86  Sfro7784_RYR2        8.12%    passed    100.00%
  87  Slon16012_RYR2       8.94%    passed    100.00%
  88  Slon24923_RYR2       7.18%    passed    100.00%
  89  Sscr_RYR2            0.04%    passed    100.00%
  90  Tadu79924_RYR2      10.99%    passed    100.00%
  91  Tshe_RYR2            9.35%    passed    100.00%
  92  Ttru_RYR2            0.60%    passed    100.00%
  93  Zcav_RYR2           20.68%    passed    100.00%
WARNING: 1 sequences contain more than 50% gaps/ambiguity
****  TOTAL               11.20%  0 sequences failed composition chi2 test (p-value<5%; df=19)
Checking for duplicate sequences: done in 0.00280403 secs using 172.6% CPU

Create initial parsimony tree by phylogenetic likelihood library (PLL)... 0.004 seconds

NOTE: 120 MB RAM (0 GB) is required!
Estimate model parameters (epsilon = 0.100)
1. Initial log-likelihood: -28483.978
2. Current log-likelihood: -27226.810
3. Current log-likelihood: -26981.778
4. Current log-likelihood: -26778.816
5. Current log-likelihood: -26770.137
Optimal log-likelihood: -26770.076
Gamma shape alpha: 0.099
Parameters optimization took 5 rounds (34.060 sec)
Wrote distance file to... 
Computing ML distances based on estimated model parameters...
Calculating distance matrix: done in 2.09576 secs using 399.3% CPU
Computing ML distances took 2.097611 sec (of wall-clock time) 8.368837 sec (of CPU time)
Setting up auxiliary I and S matrices: done in 0.000967175 secs using 167.4% CPU
Constructing RapidNJ tree: done in 0.061671 secs using 57.41% CPU
Computing RapidNJ tree took 0.062816 sec (of wall-clock time) 0.037242 sec (of CPU time)
Log-likelihood of RapidNJ tree: -20942.848
--------------------------------------------------------------------
|             INITIALIZING CANDIDATE TREE SET                      |
--------------------------------------------------------------------
Generating 98 parsimony trees... 0.725 second
Computing log-likelihood of 98 initial trees ... 116.147 seconds
Current best score: -20942.848

Do NNI search on 20 best initial trees
Optimizing NNI: done in 36.2109 secs using 399.3% CPU
Estimate model parameters (epsilon = 0.100)
BETTER TREE FOUND at iteration 1: -20828.652
Optimizing NNI: done in 159.701 secs using 399.4% CPU
Optimizing NNI: done in 214.104 secs using 399.5% CPU
Optimizing NNI: done in 173.253 secs using 399.5% CPU
Optimizing NNI: done in 154.452 secs using 399.4% CPU
Optimizing NNI: done in 180.731 secs using 399.4% CPU
Optimizing NNI: done in 235.575 secs using 399.4% CPU
Optimizing NNI: done in 277.422 secs using 399.5% CPU
Optimizing NNI: done in 120.998 secs using 399.5% CPU
Optimizing NNI: done in 151.24 secs using 399.5% CPU
Iteration 10 / LogL: -22032.127 / Time: 0h:31m:23s
Optimizing NNI: done in 253.09 secs using 399.4% CPU
Optimizing NNI: done in 249.529 secs using 399.6% CPU
Optimizing NNI: done in 213.725 secs using 399.5% CPU
Optimizing NNI: done in 246.69 secs using 399.4% CPU
Optimizing NNI: done in 136.475 secs using 399.4% CPU
Optimizing NNI: done in 174.243 secs using 399.4% CPU
Optimizing NNI: done in 213.845 secs using 399.4% CPU
Optimizing NNI: done in 244.975 secs using 399.4% CPU
Optimizing NNI: done in 225.165 secs using 399.5% CPU
Optimizing NNI: done in 263.009 secs using 399.4% CPU
Iteration 20 / LogL: -21540.763 / Time: 1h:8m:26s
Finish initializing candidate tree set (20)
Current best tree score: -20828.652 / CPU time: 4059.632
Number of iterations: 20
--------------------------------------------------------------------
|               OPTIMIZING CANDIDATE TREE SET                      |
--------------------------------------------------------------------
Optimizing NNI: done in 48.3336 secs using 399.6% CPU
Optimizing NNI: done in 49.6063 secs using 399.4% CPU
Optimizing NNI: done in 35.2828 secs using 399.6% CPU
Optimizing NNI: done in 53.2359 secs using 399.6% CPU
Estimate model parameters (epsilon = 0.100)
BETTER TREE FOUND at iteration 24: -20828.134
Optimizing NNI: done in 35.7656 secs using 399.7% CPU
Optimizing NNI: done in 39.3614 secs using 399.2% CPU
Optimizing NNI: done in 34.9544 secs using 399.7% CPU
Estimate model parameters (epsilon = 0.100)
BETTER TREE FOUND at iteration 27: -20828.116
Optimizing NNI: done in 53.9671 secs using 399.6% CPU
Optimizing NNI: done in 42.3468 secs using 399.6% CPU
BETTER TREE FOUND at iteration 29: -20828.114
Optimizing NNI: done in 31.0026 secs using 399.3% CPU
Iteration 30 / LogL: -20844.005 / Time: 1h:15m:43s (4h:18m:31s left)
Optimizing NNI: done in 31.9281 secs using 399.6% CPU
Optimizing NNI: done in 33.0711 secs using 399.6% CPU
Optimizing NNI: done in 53.2996 secs using 399.6% CPU
Estimate model parameters (epsilon = 0.100)
BETTER TREE FOUND at iteration 33: -20827.904
Optimizing NNI: done in 27.8386 secs using 399.1% CPU
Optimizing NNI: done in 79.36 secs using 398.5% CPU
Optimizing NNI: done in 40.7694 secs using 399.6% CPU
Optimizing NNI: done in 44.3886 secs using 398.9% CPU
Optimizing NNI: done in 36.5415 secs using 399% CPU
Optimizing NNI: done in 52.0691 secs using 399.3% CPU
Optimizing NNI: done in 56.4455 secs using 399.6% CPU
Iteration 40 / LogL: -20829.078 / Time: 1h:23m:29s (3h:19m:5s left)
Optimizing NNI: done in 23.4743 secs using 398.9% CPU
Optimizing NNI: done in 40.9927 secs using 399.5% CPU
Optimizing NNI: done in 49.6445 secs using 399.6% CPU
Optimizing NNI: done in 37.9983 secs using 399.5% CPU
Optimizing NNI: done in 31.3329 secs using 399.2% CPU
Optimizing NNI: done in 45.2331 secs using 399.6% CPU
Estimate model parameters (epsilon = 0.100)
BETTER TREE FOUND at iteration 46: -20825.490
Optimizing NNI: done in 42.7779 secs using 399.6% CPU
Optimizing NNI: done in 39.9797 secs using 399.5% CPU
Optimizing NNI: done in 34.5867 secs using 399.3% CPU
Optimizing NNI: done in 38.5189 secs using 399.5% CPU
Iteration 50 / LogL: -20828.838 / Time: 1h:30m:2s (2h:56m:23s left)
Optimizing NNI: done in 36.0758 secs using 399.5% CPU
Optimizing NNI: done in 33.5711 secs using 399.5% CPU
Optimizing NNI: done in 44.1292 secs using 399.3% CPU
Optimizing NNI: done in 44.4961 secs using 399.5% CPU
Optimizing NNI: done in 44.5703 secs using 399.5% CPU
Optimizing NNI: done in 38.7024 secs using 399.5% CPU
Optimizing NNI: done in 42.3779 secs using 399.3% CPU
Optimizing NNI: done in 44.6739 secs using 399.6% CPU
Optimizing NNI: done in 32.5459 secs using 399.5% CPU
Optimizing NNI: done in 42.7463 secs using 399.4% CPU
Iteration 60 / LogL: -20827.810 / Time: 1h:36m:48s (2h:21m:6s left)
Optimizing NNI: done in 37.9134 secs using 399.5% CPU
Optimizing NNI: done in 37.2638 secs using 399.5% CPU
Optimizing NNI: done in 40.9311 secs using 399.5% CPU
Optimizing NNI: done in 34.5914 secs using 399.2% CPU
Optimizing NNI: done in 52.2555 secs using 399.4% CPU
Optimizing NNI: done in 37.3935 secs using 399.5% CPU
Optimizing NNI: done in 43.2184 secs using 399.5% CPU
Optimizing NNI: done in 29.3474 secs using 399.1% CPU
Optimizing NNI: done in 45.5789 secs using 399.5% CPU
Optimizing NNI: done in 43.3486 secs using 399.5% CPU
Iteration 70 / LogL: -20879.575 / Time: 1h:43m:33s (1h:54m:3s left)
Optimizing NNI: done in 36.2677 secs using 399.5% CPU
Optimizing NNI: done in 45.5969 secs using 399.1% CPU
Optimizing NNI: done in 39.8698 secs using 399.6% CPU
Optimizing NNI: done in 41.2297 secs using 399.6% CPU
Optimizing NNI: done in 43.777 secs using 399.4% CPU
Optimizing NNI: done in 41.3822 secs using 399.6% CPU
Optimizing NNI: done in 37.2026 secs using 399.6% CPU
Estimate model parameters (epsilon = 0.100)
BETTER TREE FOUND at iteration 77: -20821.145
Optimizing NNI: done in 34.8963 secs using 399.2% CPU
Optimizing NNI: done in 55.4892 secs using 399.5% CPU
Optimizing NNI: done in 35.8551 secs using 399.7% CPU
Iteration 80 / LogL: -20824.650 / Time: 1h:50m:32s (2h:15m:43s left)
Optimizing NNI: done in 31.8033 secs using 399.5% CPU
Estimate model parameters (epsilon = 0.100)
BETTER TREE FOUND at iteration 81: -20820.616
Optimizing NNI: done in 41.2554 secs using 399.6% CPU
Optimizing NNI: done in 28.9235 secs using 399.5% CPU
Optimizing NNI: done in 38.5662 secs using 399.5% CPU
Optimizing NNI: done in 43.6369 secs using 399.3% CPU
Optimizing NNI: done in 38.8614 secs using 399.4% CPU
Optimizing NNI: done in 44.8353 secs using 399.6% CPU
BETTER TREE FOUND at iteration 87: -20820.614
Optimizing NNI: done in 38.2826 secs using 399.5% CPU
Optimizing NNI: done in 33.0361 secs using 399.2% CPU
Optimizing NNI: done in 38.9709 secs using 399.6% CPU
Iteration 90 / LogL: -20821.198 / Time: 1h:56m:58s (2h:7m:29s left)
Optimizing NNI: done in 47.1577 secs using 399.6% CPU
Optimizing NNI: done in 37.3782 secs using 399.6% CPU
Optimizing NNI: done in 47.705 secs using 399.1% CPU
Optimizing NNI: done in 43.9233 secs using 399.5% CPU
Optimizing NNI: done in 46.6159 secs using 399.6% CPU
Optimizing NNI: done in 35.554 secs using 399.5% CPU
Optimizing NNI: done in 43.6195 secs using 399.3% CPU
Estimate model parameters (epsilon = 0.100)
BETTER TREE FOUND at iteration 97: -20819.277
Optimizing NNI: done in 28.985 secs using 399.5% CPU
Optimizing NNI: done in 39.4623 secs using 399.4% CPU
Optimizing NNI: done in 50.0061 secs using 399.3% CPU
Iteration 100 / LogL: -20885.755 / Time: 2h:4m:7s (2h:1m:36s left)
Optimizing NNI: done in 28.1102 secs using 399.4% CPU
Optimizing NNI: done in 32.4858 secs using 399.6% CPU
Optimizing NNI: done in 40.3465 secs using 399.6% CPU
Optimizing NNI: done in 34.9728 secs using 399.3% CPU
Optimizing NNI: done in 41.5319 secs using 399.6% CPU
Optimizing NNI: done in 30.1377 secs using 399.7% CPU
Optimizing NNI: done in 38.3957 secs using 399.3% CPU
Optimizing NNI: done in 46.1905 secs using 399.6% CPU
Optimizing NNI: done in 45.3493 secs using 399.4% CPU
Optimizing NNI: done in 35.4959 secs using 399.6% CPU
Iteration 110 / LogL: -20819.864 / Time: 2h:10m:22s (1h:44m:3s left)
Optimizing NNI: done in 36.5285 secs using 399.6% CPU
Optimizing NNI: done in 34.4799 secs using 399.5% CPU
Optimizing NNI: done in 34.4286 secs using 399.2% CPU
Optimizing NNI: done in 46.5354 secs using 399.6% CPU
Optimizing NNI: done in 45.7195 secs using 399.5% CPU
Optimizing NNI: done in 42.8307 secs using 399.2% CPU
Optimizing NNI: done in 37.3335 secs using 399.6% CPU
Optimizing NNI: done in 23.6108 secs using 399.7% CPU
Optimizing NNI: done in 41.1136 secs using 399.6% CPU
Optimizing NNI: done in 56.986 secs using 399.3% CPU
Iteration 120 / LogL: -20830.124 / Time: 2h:17m:5s (1h:28m:42s left)
Optimizing NNI: done in 36.8292 secs using 399.5% CPU
Optimizing NNI: done in 38.7139 secs using 399.6% CPU
Optimizing NNI: done in 43.8672 secs using 399.6% CPU
Optimizing NNI: done in 44.5161 secs using 399.5% CPU
Optimizing NNI: done in 33.3485 secs using 399.7% CPU
Optimizing NNI: done in 46.1219 secs using 399.4% CPU
Optimizing NNI: done in 48.5244 secs using 399.5% CPU
Optimizing NNI: done in 34.208 secs using 399.6% CPU
Optimizing NNI: done in 51.0044 secs using 399.3% CPU
Optimizing NNI: done in 31.7262 secs using 399.6% CPU
Iteration 130 / LogL: -20832.846 / Time: 2h:23m:56s (1h:14m:45s left)
Optimizing NNI: done in 52.8069 secs using 399.5% CPU
Optimizing NNI: done in 47.0144 secs using 399.6% CPU
Optimizing NNI: done in 36.5588 secs using 399.2% CPU
Optimizing NNI: done in 48.4834 secs using 399.6% CPU
Optimizing NNI: done in 38.4622 secs using 399.7% CPU
Optimizing NNI: done in 27.1301 secs using 399.6% CPU
Optimizing NNI: done in 43.0406 secs using 399.3% CPU
Optimizing NNI: done in 44.5555 secs using 399.6% CPU
Optimizing NNI: done in 37.1276 secs using 399.6% CPU
Optimizing NNI: done in 42.7001 secs using 399.4% CPU
Iteration 140 / LogL: -20819.969 / Time: 2h:30m:57s (1h:1m:54s left)
Optimizing NNI: done in 32.8848 secs using 399.7% CPU
Optimizing NNI: done in 28.9862 secs using 399.6% CPU
Optimizing NNI: done in 53.7972 secs using 399.6% CPU
Optimizing NNI: done in 37.9859 secs using 399.3% CPU
Optimizing NNI: done in 35.3426 secs using 399.5% CPU
Optimizing NNI: done in 33.2681 secs using 399.5% CPU
Optimizing NNI: done in 32.9114 secs using 399.6% CPU
Optimizing NNI: done in 35.2391 secs using 399% CPU
Optimizing NNI: done in 32.9851 secs using 399.5% CPU
Optimizing NNI: done in 45.5369 secs using 399.6% CPU
Iteration 150 / LogL: -20820.935 / Time: 2h:37m:8s (0h:49m:34s left)
Optimizing NNI: done in 43.9932 secs using 399.6% CPU
Optimizing NNI: done in 37.2978 secs using 399.3% CPU
Optimizing NNI: done in 31.4115 secs using 399.7% CPU
Optimizing NNI: done in 40.1103 secs using 399.6% CPU
Optimizing NNI: done in 47.887 secs using 399.7% CPU
Optimizing NNI: done in 33.3003 secs using 399.3% CPU
Optimizing NNI: done in 54.002 secs using 399.6% CPU
Optimizing NNI: done in 38.3246 secs using 399.6% CPU
Optimizing NNI: done in 34.8314 secs using 399.6% CPU
Optimizing NNI: done in 38.8528 secs using 399.2% CPU
Iteration 160 / LogL: -20819.809 / Time: 2h:43m:51s (0h:38m:7s left)
Optimizing NNI: done in 43.5508 secs using 399.4% CPU
Optimizing NNI: done in 40.6087 secs using 399.6% CPU
Optimizing NNI: done in 37.3574 secs using 399.7% CPU
Optimizing NNI: done in 48.431 secs using 399.3% CPU
Optimizing NNI: done in 35.6305 secs using 399.6% CPU
Optimizing NNI: done in 36.1827 secs using 399.6% CPU
Optimizing NNI: done in 35.4695 secs using 399.5% CPU
Optimizing NNI: done in 40.424 secs using 399.3% CPU
Optimizing NNI: done in 38.3952 secs using 399.5% CPU
Optimizing NNI: done in 37.5124 secs using 399.6% CPU
Iteration 170 / LogL: -20820.613 / Time: 2h:50m:27s (0h:27m:13s left)
Optimizing NNI: done in 52.2811 secs using 399.6% CPU
Optimizing NNI: done in 51.1841 secs using 399.2% CPU
Optimizing NNI: done in 39.0597 secs using 399.5% CPU
Optimizing NNI: done in 41.0725 secs using 399.5% CPU
Optimizing NNI: done in 35.8585 secs using 399.5% CPU
Optimizing NNI: done in 49.9016 secs using 399.3% CPU
Optimizing NNI: done in 38.006 secs using 399.5% CPU
Estimate model parameters (epsilon = 0.100)
BETTER TREE FOUND at iteration 177: -20819.124
Optimizing NNI: done in 37.7565 secs using 399.5% CPU
Optimizing NNI: done in 39.5823 secs using 399.2% CPU
Optimizing NNI: done in 41.4607 secs using 399.6% CPU
Iteration 180 / LogL: -20820.236 / Time: 2h:57m:41s (1h:36m:17s left)
Optimizing NNI: done in 52.0907 secs using 399.6% CPU
Optimizing NNI: done in 36.0061 secs using 399.5% CPU
BETTER TREE FOUND at iteration 182: -20819.122
Optimizing NNI: done in 41.7634 secs using 399.3% CPU
Optimizing NNI: done in 30.0755 secs using 398.8% CPU
Optimizing NNI: done in 39.8682 secs using 399.3% CPU
Optimizing NNI: done in 36.0813 secs using 399.3% CPU
Optimizing NNI: done in 49.0898 secs using 399.6% CPU
Optimizing NNI: done in 33.054 secs using 399.3% CPU
Optimizing NNI: done in 31.4624 secs using 399.6% CPU
Optimizing NNI: done in 33.9068 secs using 399.5% CPU
Iteration 190 / LogL: -20820.458 / Time: 3h:4m:7s (1h:29m:37s left)
Optimizing NNI: done in 41.1524 secs using 399.5% CPU
Optimizing NNI: done in 45.3996 secs using 399.4% CPU
Optimizing NNI: done in 46.3453 secs using 399.6% CPU
Optimizing NNI: done in 44.8992 secs using 399.6% CPU
Optimizing NNI: done in 35.8486 secs using 399.6% CPU
Optimizing NNI: done in 79.7845 secs using 399.5% CPU
Optimizing NNI: done in 36.4721 secs using 399.5% CPU
Optimizing NNI: done in 24.5691 secs using 399.5% CPU
Optimizing NNI: done in 43.5038 secs using 399.4% CPU
Optimizing NNI: done in 54.5452 secs using 399.5% CPU
Iteration 200 / LogL: -20823.547 / Time: 3h:11m:42s (1h:18m:59s left)
Optimizing NNI: done in 33.7444 secs using 399.5% CPU
Optimizing NNI: done in 60.7555 secs using 399.5% CPU
Optimizing NNI: done in 43.4459 secs using 399.4% CPU
Optimizing NNI: done in 35.4353 secs using 399.5% CPU
Optimizing NNI: done in 50.2261 secs using 399.6% CPU
Optimizing NNI: done in 31.7859 secs using 399.4% CPU
Optimizing NNI: done in 42.8418 secs using 399.6% CPU
Optimizing NNI: done in 41.8187 secs using 399.5% CPU
Optimizing NNI: done in 36.502 secs using 399.6% CPU
Optimizing NNI: done in 36.8241 secs using 399.6% CPU
Iteration 210 / LogL: -20819.126 / Time: 3h:18m:38s (1h:8m:25s left)
Optimizing NNI: done in 44.1246 secs using 399.4% CPU
Optimizing NNI: done in 36.8672 secs using 399.6% CPU
Optimizing NNI: done in 33.1641 secs using 399.6% CPU
Optimizing NNI: done in 29.8212 secs using 399.7% CPU
Optimizing NNI: done in 34.0771 secs using 399.1% CPU
Optimizing NNI: done in 40.8534 secs using 399.5% CPU
Optimizing NNI: done in 51.966 secs using 399.5% CPU
Optimizing NNI: done in 38.6528 secs using 399.2% CPU
Optimizing NNI: done in 41.2595 secs using 399.5% CPU
Optimizing NNI: done in 40.6641 secs using 399.5% CPU
Iteration 220 / LogL: -20821.257 / Time: 3h:25m:12s (0h:58m:5s left)
Optimizing NNI: done in 45.6665 secs using 399.6% CPU
Optimizing NNI: done in 22.5956 secs using 399.5% CPU
Optimizing NNI: done in 36.1943 secs using 399.2% CPU
Optimizing NNI: done in 48.5937 secs using 399.6% CPU
Optimizing NNI: done in 45.5898 secs using 399.5% CPU
Optimizing NNI: done in 42.8451 secs using 399.2% CPU
Optimizing NNI: done in 30.1636 secs using 399.6% CPU
Optimizing NNI: done in 46.3036 secs using 399.5% CPU
Optimizing NNI: done in 53.554 secs using 399.4% CPU
BETTER TREE FOUND at iteration 229: -20819.119
Optimizing NNI: done in 19.4375 secs using 399.5% CPU
Iteration 230 / LogL: -20833.421 / Time: 3h:31m:46s (1h:31m:33s left)
Optimizing NNI: done in 33.8761 secs using 399.6% CPU
Optimizing NNI: done in 29.0835 secs using 399.6% CPU
Optimizing NNI: done in 48.8198 secs using 399.5% CPU
Optimizing NNI: done in 31.8241 secs using 399.6% CPU
Optimizing NNI: done in 37.9796 secs using 399.5% CPU
Optimizing NNI: done in 35.9537 secs using 399.6% CPU
Optimizing NNI: done in 41.216 secs using 399.3% CPU
Optimizing NNI: done in 32.5076 secs using 399.6% CPU
Optimizing NNI: done in 40.7854 secs using 399.6% CPU
BETTER TREE FOUND at iteration 239: -20819.117
Optimizing NNI: done in 41.2153 secs using 399.6% CPU
Iteration 240 / LogL: -20819.120 / Time: 3h:38m:2s (1h:30m:18s left)
Optimizing NNI: done in 39.1647 secs using 399.3% CPU
Optimizing NNI: done in 27.7455 secs using 399.7% CPU
Optimizing NNI: done in 36.8557 secs using 399.6% CPU
Optimizing NNI: done in 38.5315 secs using 399.6% CPU
Optimizing NNI: done in 39.5385 secs using 399.5% CPU
Optimizing NNI: done in 44.8302 secs using 399.5% CPU
Optimizing NNI: done in 48.1613 secs using 399.6% CPU
Optimizing NNI: done in 44.6956 secs using 399.6% CPU
Optimizing NNI: done in 43.0078 secs using 399.4% CPU
Optimizing NNI: done in 33.0376 secs using 399.5% CPU
Iteration 250 / LogL: -20820.959 / Time: 3h:44m:40s (1h:20m:18s left)
Optimizing NNI: done in 44.6081 secs using 399.6% CPU
Optimizing NNI: done in 40.0042 secs using 399.6% CPU
Optimizing NNI: done in 36.4115 secs using 399.2% CPU
Optimizing NNI: done in 45.71 secs using 399.6% CPU
Optimizing NNI: done in 33.6759 secs using 399.6% CPU
Optimizing NNI: done in 30.571 secs using 399.5% CPU
Optimizing NNI: done in 36.6324 secs using 399.3% CPU
Optimizing NNI: done in 47.5993 secs using 399.5% CPU
Optimizing NNI: done in 38.2221 secs using 399.6% CPU
Optimizing NNI: done in 45.9422 secs using 399.6% CPU
Iteration 260 / LogL: -20819.125 / Time: 3h:51m:22s (1h:10m:34s left)
Optimizing NNI: done in 36.8996 secs using 399.3% CPU
Optimizing NNI: done in 36.0102 secs using 399.7% CPU
Optimizing NNI: done in 42.3782 secs using 399.6% CPU
Optimizing NNI: done in 37.8416 secs using 399.6% CPU
Optimizing NNI: done in 33.5346 secs using 399.2% CPU
Optimizing NNI: done in 57.7797 secs using 399.6% CPU
Optimizing NNI: done in 43.6934 secs using 399.6% CPU
Optimizing NNI: done in 42.0902 secs using 399.4% CPU
Optimizing NNI: done in 31.6632 secs using 399.6% CPU
Optimizing NNI: done in 39.9482 secs using 399.6% CPU
Iteration 270 / LogL: -20820.459 / Time: 3h:58m:6s (1h:1m:4s left)
Optimizing NNI: done in 41.5644 secs using 399.6% CPU
Optimizing NNI: done in 39.46 secs using 399.2% CPU
Optimizing NNI: done in 24.6627 secs using 399.5% CPU
Optimizing NNI: done in 39.3362 secs using 399.6% CPU
Optimizing NNI: done in 41.0024 secs using 399.3% CPU
Optimizing NNI: done in 28.1137 secs using 399.6% CPU
Optimizing NNI: done in 33.032 secs using 399.6% CPU
Optimizing NNI: done in 46.1825 secs using 399.6% CPU
Optimizing NNI: done in 51.7094 secs using 399.4% CPU
Optimizing NNI: done in 24.5259 secs using 399.5% CPU
Iteration 280 / LogL: -20821.279 / Time: 4h:4m:19s (0h:51m:39s left)
Optimizing NNI: done in 30.7797 secs using 399.6% CPU
Optimizing NNI: done in 43.6283 secs using 399.6% CPU
Optimizing NNI: done in 36.9063 secs using 399.4% CPU
Optimizing NNI: done in 43.6385 secs using 399.5% CPU
Optimizing NNI: done in 36.0624 secs using 399.7% CPU
Optimizing NNI: done in 38.6079 secs using 399.3% CPU
Optimizing NNI: done in 25.1921 secs using 399.6% CPU
Optimizing NNI: done in 42.0388 secs using 399.5% CPU
Optimizing NNI: done in 49.4316 secs using 399.5% CPU
Optimizing NNI: done in 36.0042 secs using 399.1% CPU
Iteration 290 / LogL: -20820.458 / Time: 4h:10m:43s (0h:42m:30s left)
Optimizing NNI: done in 38.321 secs using 399.6% CPU
Optimizing NNI: done in 32.5082 secs using 399.6% CPU
Optimizing NNI: done in 24.8675 secs using 399.6% CPU
Optimizing NNI: done in 34.3392 secs using 399.2% CPU
Optimizing NNI: done in 42.8954 secs using 399.7% CPU
Optimizing NNI: done in 38.5913 secs using 399.5% CPU
Optimizing NNI: done in 40.3255 secs using 399.4% CPU
Optimizing NNI: done in 32.8797 secs using 399.5% CPU
Optimizing NNI: done in 54.6076 secs using 399.6% CPU
Optimizing NNI: done in 51.9522 secs using 399.4% CPU
Iteration 300 / LogL: -20822.189 / Time: 4h:17m:17s (0h:33m:33s left)
Optimizing NNI: done in 46.0276 secs using 399.6% CPU
Optimizing NNI: done in 38.8177 secs using 399.2% CPU
Optimizing NNI: done in 37.3492 secs using 399.6% CPU
Optimizing NNI: done in 39.9268 secs using 399.6% CPU
Optimizing NNI: done in 40.0616 secs using 399.4% CPU
Optimizing NNI: done in 36.0389 secs using 399.6% CPU
Optimizing NNI: done in 36.3097 secs using 399.7% CPU
Optimizing NNI: done in 35.9017 secs using 399.6% CPU
Optimizing NNI: done in 53.3832 secs using 399.3% CPU
Optimizing NNI: done in 46.4863 secs using 399.5% CPU
Iteration 310 / LogL: -20885.351 / Time: 4h:24m:10s (0h:24m:47s left)
Optimizing NNI: done in 47.2368 secs using 399.5% CPU
Optimizing NNI: done in 34.0753 secs using 398.6% CPU
Optimizing NNI: done in 39.3889 secs using 399.2% CPU
Optimizing NNI: done in 41.7128 secs using 399.3% CPU
Optimizing NNI: done in 36.8308 secs using 399.5% CPU
Optimizing NNI: done in 57.5854 secs using 399.3% CPU
Optimizing NNI: done in 29.7354 secs using 399.6% CPU
Optimizing NNI: done in 39.4106 secs using 399.6% CPU
Optimizing NNI: done in 35.3007 secs using 399.7% CPU
Optimizing NNI: done in 42.1721 secs using 399.3% CPU
Iteration 320 / LogL: -20823.834 / Time: 4h:30m:56s (0h:16m:8s left)
Optimizing NNI: done in 37.8921 secs using 399.7% CPU
Optimizing NNI: done in 39.2202 secs using 399.5% CPU
Optimizing NNI: done in 32.8654 secs using 399.6% CPU
Optimizing NNI: done in 34.4993 secs using 399.6% CPU
Optimizing NNI: done in 34.3752 secs using 399.2% CPU
BETTER TREE FOUND at iteration 325: -20819.115
Optimizing NNI: done in 43.6788 secs using 399.5% CPU
Optimizing NNI: done in 39.5848 secs using 399.5% CPU
Optimizing NNI: done in 50.2104 secs using 399.3% CPU
Optimizing NNI: done in 33.78 secs using 399.5% CPU
Optimizing NNI: done in 31.0175 secs using 399.5% CPU
Iteration 330 / LogL: -20821.259 / Time: 4h:37m:16s (1h:20m:3s left)
Optimizing NNI: done in 37.4579 secs using 399.6% CPU
Optimizing NNI: done in 37.8511 secs using 399.6% CPU
Optimizing NNI: done in 61.767 secs using 398.8% CPU
Optimizing NNI: done in 28.714 secs using 399.6% CPU
Optimizing NNI: done in 44.3686 secs using 399.3% CPU
Optimizing NNI: done in 38.4912 secs using 399.6% CPU
Optimizing NNI: done in 39.2217 secs using 399.4% CPU
Optimizing NNI: done in 40.4345 secs using 399.6% CPU
Optimizing NNI: done in 35.1572 secs using 399.5% CPU
Optimizing NNI: done in 46.4817 secs using 399.5% CPU
Iteration 340 / LogL: -20819.615 / Time: 4h:44m:9s (1h:11m:14s left)
Optimizing NNI: done in 41.2884 secs using 399.2% CPU
Optimizing NNI: done in 37.2433 secs using 399.6% CPU
Optimizing NNI: done in 27.5058 secs using 399.6% CPU
Optimizing NNI: done in 41.7887 secs using 399.6% CPU
Optimizing NNI: done in 40.9253 secs using 399.3% CPU
Optimizing NNI: done in 35.4801 secs using 399.6% CPU
Optimizing NNI: done in 27.8763 secs using 399.6% CPU
Optimizing NNI: done in 39.9115 secs using 399.6% CPU
Optimizing NNI: done in 37.9476 secs using 399.2% CPU
Optimizing NNI: done in 45.614 secs using 399.6% CPU
Iteration 350 / LogL: -20820.963 / Time: 4h:50m:27s (1h:2m:25s left)
Optimizing NNI: done in 38.5232 secs using 399.6% CPU
Optimizing NNI: done in 41.5453 secs using 399.6% CPU
Optimizing NNI: done in 31.2798 secs using 399.2% CPU
Optimizing NNI: done in 38.6204 secs using 399.6% CPU
Optimizing NNI: done in 24.5085 secs using 399.1% CPU
Optimizing NNI: done in 53.7662 secs using 399.5% CPU
Optimizing NNI: done in 36.9744 secs using 399.5% CPU
Optimizing NNI: done in 41.931 secs using 399.3% CPU
Optimizing NNI: done in 41.7647 secs using 399.6% CPU
Optimizing NNI: done in 38.8675 secs using 399.6% CPU
Iteration 360 / LogL: -20820.450 / Time: 4h:56m:57s (0h:53m:46s left)
Optimizing NNI: done in 36.063 secs using 399.5% CPU
Optimizing NNI: done in 46.862 secs using 399.2% CPU
Optimizing NNI: done in 34.913 secs using 399.5% CPU
Optimizing NNI: done in 34.8575 secs using 399.5% CPU
Optimizing NNI: done in 35.9322 secs using 399.5% CPU
Optimizing NNI: done in 58.501 secs using 399.4% CPU
Optimizing NNI: done in 35.0306 secs using 399.5% CPU
Optimizing NNI: done in 38.2725 secs using 399.6% CPU
Optimizing NNI: done in 37.3553 secs using 399.5% CPU
Optimizing NNI: done in 43.1913 secs using 399.3% CPU
Iteration 370 / LogL: -20836.120 / Time: 5h:3m:41s (0h:45m:15s left)
Optimizing NNI: done in 39.6038 secs using 399.5% CPU
Optimizing NNI: done in 38.3026 secs using 399.6% CPU
Optimizing NNI: done in 46.0848 secs using 399.6% CPU
Optimizing NNI: done in 54.1867 secs using 399.2% CPU
Optimizing NNI: done in 23.1914 secs using 399.5% CPU
Optimizing NNI: done in 32.8475 secs using 399.6% CPU
Optimizing NNI: done in 34.5459 secs using 399.6% CPU
Optimizing NNI: done in 35.0749 secs using 399.3% CPU
Optimizing NNI: done in 34.7744 secs using 399.6% CPU
Optimizing NNI: done in 38.4824 secs using 399.5% CPU
Iteration 380 / LogL: -20836.337 / Time: 5h:10m:1s (0h:36m:48s left)
Optimizing NNI: done in 38.645 secs using 399.5% CPU
Optimizing NNI: done in 40.2893 secs using 399.3% CPU
Optimizing NNI: done in 34.7765 secs using 399.5% CPU
Optimizing NNI: done in 35.9018 secs using 399.5% CPU
Optimizing NNI: done in 38.7431 secs using 399.4% CPU
Optimizing NNI: done in 32.7835 secs using 399.5% CPU
Optimizing NNI: done in 28.4346 secs using 399.2% CPU
Optimizing NNI: done in 37.2396 secs using 399.5% CPU
Optimizing NNI: done in 33.3299 secs using 399.4% CPU
Optimizing NNI: done in 52.3946 secs using 399.4% CPU
Iteration 390 / LogL: -20911.297 / Time: 5h:16m:16s (0h:28m:27s left)
Optimizing NNI: done in 38.234 secs using 399.2% CPU
Optimizing NNI: done in 42.9042 secs using 399.5% CPU
BETTER TREE FOUND at iteration 392: -20819.114
Optimizing NNI: done in 31.7835 secs using 399.5% CPU
Optimizing NNI: done in 39.6123 secs using 399.5% CPU
Optimizing NNI: done in 40.4146 secs using 399.2% CPU
Optimizing NNI: done in 35.7038 secs using 399.6% CPU
Optimizing NNI: done in 30.57 secs using 399.5% CPU
Optimizing NNI: done in 39.1772 secs using 399.5% CPU
Optimizing NNI: done in 37.766 secs using 399.3% CPU
Optimizing NNI: done in 29.7523 secs using 399.6% CPU
Iteration 400 / LogL: -20819.119 / Time: 5h:22m:24s (1h:14m:20s left)
Optimizing NNI: done in 32.3702 secs using 399.5% CPU
Optimizing NNI: done in 47.9297 secs using 399.6% CPU
Optimizing NNI: done in 37.1291 secs using 399% CPU
Optimizing NNI: done in 35.4253 secs using 399.6% CPU
Optimizing NNI: done in 41.7601 secs using 399.6% CPU
Optimizing NNI: done in 45.4073 secs using 399.3% CPU
Optimizing NNI: done in 33.4415 secs using 399.6% CPU
Optimizing NNI: done in 31.6317 secs using 399.6% CPU
Optimizing NNI: done in 40.4711 secs using 399.6% CPU
Optimizing NNI: done in 28.6945 secs using 399.7% CPU
Iteration 410 / LogL: -20822.556 / Time: 5h:28m:41s (1h:5m:53s left)
Optimizing NNI: done in 36.0607 secs using 399.1% CPU
Optimizing NNI: done in 41.6124 secs using 399.7% CPU
Optimizing NNI: done in 33.4511 secs using 399.6% CPU
Optimizing NNI: done in 38.9349 secs using 399.6% CPU
Optimizing NNI: done in 32.4573 secs using 399.2% CPU
Optimizing NNI: done in 29.175 secs using 399.6% CPU
Optimizing NNI: done in 33.0332 secs using 399.6% CPU
Optimizing NNI: done in 34.4363 secs using 399.6% CPU
Optimizing NNI: done in 42.0561 secs using 399.4% CPU
Optimizing NNI: done in 40.0345 secs using 399.6% CPU
Iteration 420 / LogL: -20820.453 / Time: 5h:34m:45s (0h:57m:31s left)
Optimizing NNI: done in 43.067 secs using 399.5% CPU
Optimizing NNI: done in 35.8481 secs using 399.5% CPU
Optimizing NNI: done in 36.0381 secs using 399% CPU
Optimizing NNI: done in 39.6675 secs using 395.9% CPU
Optimizing NNI: done in 36.6911 secs using 399.6% CPU
Optimizing NNI: done in 40.1765 secs using 399.5% CPU
Optimizing NNI: done in 43.4626 secs using 398.4% CPU
Optimizing NNI: done in 47.1223 secs using 399.5% CPU
Optimizing NNI: done in 45.7149 secs using 399.5% CPU
Optimizing NNI: done in 31.1065 secs using 399.2% CPU
Iteration 430 / LogL: -20819.285 / Time: 5h:41m:27s (0h:49m:20s left)
Optimizing NNI: done in 37.0313 secs using 399.6% CPU
Optimizing NNI: done in 36.0116 secs using 399.6% CPU
Optimizing NNI: done in 44.4952 secs using 399.5% CPU
Optimizing NNI: done in 37.2049 secs using 399.4% CPU
Optimizing NNI: done in 37.9134 secs using 399.5% CPU
Optimizing NNI: done in 42.335 secs using 399.6% CPU
Optimizing NNI: done in 35.438 secs using 399.7% CPU
Optimizing NNI: done in 55.9329 secs using 399.4% CPU
Optimizing NNI: done in 40.1198 secs using 399.6% CPU
Optimizing NNI: done in 33.5665 secs using 399.6% CPU
Iteration 440 / LogL: -20819.965 / Time: 5h:48m:9s (0h:41m:14s left)
Optimizing NNI: done in 42.2396 secs using 399.6% CPU
Optimizing NNI: done in 62.0634 secs using 399.5% CPU
Optimizing NNI: done in 32.068 secs using 399.5% CPU
Optimizing NNI: done in 43.1816 secs using 399.6% CPU
Optimizing NNI: done in 41.9863 secs using 399.3% CPU
Optimizing NNI: done in 34.9162 secs using 399.6% CPU
Optimizing NNI: done in 36.8885 secs using 399.6% CPU
Optimizing NNI: done in 37.6683 secs using 399.5% CPU
Optimizing NNI: done in 37.8496 secs using 399.4% CPU
Optimizing NNI: done in 35.5753 secs using 399.3% CPU
Iteration 450 / LogL: -20819.617 / Time: 5h:54m:56s (0h:33m:12s left)
Optimizing NNI: done in 36.0392 secs using 399.6% CPU
Optimizing NNI: done in 41.4938 secs using 399.6% CPU
Optimizing NNI: done in 34.0539 secs using 399.7% CPU
Optimizing NNI: done in 33.8376 secs using 399.2% CPU
Optimizing NNI: done in 47.2871 secs using 399.6% CPU
Optimizing NNI: done in 36.218 secs using 399.6% CPU
Optimizing NNI: done in 42.3808 secs using 399.6% CPU
Optimizing NNI: done in 42.7216 secs using 399.4% CPU
Optimizing NNI: done in 42.5932 secs using 399.6% CPU
Optimizing NNI: done in 35.5396 secs using 399.6% CPU
Iteration 460 / LogL: -20819.926 / Time: 6h:1m:31s (0h:25m:12s left)
Optimizing NNI: done in 34.8805 secs using 399.6% CPU
Optimizing NNI: done in 33.411 secs using 399.2% CPU
Optimizing NNI: done in 36.5317 secs using 399.6% CPU
Optimizing NNI: done in 45.4081 secs using 399.5% CPU
Optimizing NNI: done in 34.4509 secs using 399.4% CPU
Optimizing NNI: done in 40.0103 secs using 399.3% CPU
Optimizing NNI: done in 37.8317 secs using 399.6% CPU
Optimizing NNI: done in 43.2766 secs using 399.6% CPU
Optimizing NNI: done in 46.7493 secs using 399.2% CPU
Optimizing NNI: done in 32.9434 secs using 399.4% CPU
Iteration 470 / LogL: -20819.619 / Time: 6h:7m:59s (0h:17m:15s left)
Optimizing NNI: done in 33.8156 secs using 399.6% CPU
Optimizing NNI: done in 44.2195 secs using 399.5% CPU
Optimizing NNI: done in 41.0449 secs using 399.3% CPU
Optimizing NNI: done in 41.9341 secs using 399.5% CPU
Optimizing NNI: done in 35.9154 secs using 399.6% CPU
Optimizing NNI: done in 30.6031 secs using 399.6% CPU
Optimizing NNI: done in 41.7774 secs using 399.7% CPU
Optimizing NNI: done in 33.1268 secs using 399.1% CPU
Optimizing NNI: done in 35.5251 secs using 399.6% CPU
Optimizing NNI: done in 36.321 secs using 399.5% CPU
Iteration 480 / LogL: -20883.922 / Time: 6h:14m:16s (0h:9m:22s left)
Optimizing NNI: done in 30.3866 secs using 399.5% CPU
BETTER TREE FOUND at iteration 481: -20819.114
Optimizing NNI: done in 35.9199 secs using 399.1% CPU
Optimizing NNI: done in 30.2095 secs using 399.6% CPU
Optimizing NNI: done in 35.5105 secs using 399.5% CPU
Optimizing NNI: done in 42.0869 secs using 399.6% CPU
Optimizing NNI: done in 33.4293 secs using 399.7% CPU
Optimizing NNI: done in 36.2953 secs using 399.3% CPU
Optimizing NNI: done in 36.5612 secs using 399.6% CPU
Optimizing NNI: done in 36.4668 secs using 399.6% CPU
Optimizing NNI: done in 46.5419 secs using 399.5% CPU
Iteration 490 / LogL: -20819.119 / Time: 6h:20m:22s (1h:10m:47s left)
Optimizing NNI: done in 43.2695 secs using 399.3% CPU
Optimizing NNI: done in 36.0544 secs using 399.5% CPU
Optimizing NNI: done in 45.51 secs using 399.6% CPU
Optimizing NNI: done in 35.6519 secs using 399.6% CPU
Optimizing NNI: done in 43.6244 secs using 399.3% CPU
Optimizing NNI: done in 37.9065 secs using 399.5% CPU
BETTER TREE FOUND at iteration 496: -20819.112
Optimizing NNI: done in 34.8497 secs using 399.6% CPU
Optimizing NNI: done in 23.1898 secs using 399.5% CPU
Optimizing NNI: done in 49.4932 secs using 399.3% CPU
Optimizing NNI: done in 41.1743 secs using 399.6% CPU
Iteration 500 / LogL: -20820.951 / Time: 6h:26m:56s (1h:14m:26s left)
Optimizing NNI: done in 39.9725 secs using 399.5% CPU
Optimizing NNI: done in 37.7883 secs using 399.5% CPU
Optimizing NNI: done in 38.6587 secs using 399.5% CPU
Optimizing NNI: done in 42.3355 secs using 399.3% CPU
Optimizing NNI: done in 36.0743 secs using 399.5% CPU
Optimizing NNI: done in 35.1802 secs using 399.5% CPU
Optimizing NNI: done in 50.7144 secs using 399.6% CPU
Optimizing NNI: done in 44.3081 secs using 399.3% CPU
Optimizing NNI: done in 44.3794 secs using 399.6% CPU
Optimizing NNI: done in 37.0434 secs using 399.5% CPU
Iteration 510 / LogL: -20884.408 / Time: 6h:33m:45s (1h:6m:31s left)
Optimizing NNI: done in 36.4842 secs using 399.5% CPU
Optimizing NNI: done in 38.5474 secs using 399.3% CPU
Optimizing NNI: done in 46.0583 secs using 399.5% CPU
Optimizing NNI: done in 34.5498 secs using 399.5% CPU
Optimizing NNI: done in 32.8935 secs using 399.6% CPU
Optimizing NNI: done in 28.5082 secs using 399.5% CPU
Optimizing NNI: done in 34.3847 secs using 399.3% CPU
Optimizing NNI: done in 32.5753 secs using 399.3% CPU
Optimizing NNI: done in 49.3196 secs using 399.5% CPU
Optimizing NNI: done in 36.2506 secs using 399.5% CPU
Iteration 520 / LogL: -20819.614 / Time: 6h:39m:57s (0h:58m:34s left)
Optimizing NNI: done in 32.4074 secs using 399.2% CPU
Optimizing NNI: done in 34.2865 secs using 399.6% CPU
Optimizing NNI: done in 42.3691 secs using 399.6% CPU
Optimizing NNI: done in 52.2708 secs using 399.6% CPU
Optimizing NNI: done in 36.9879 secs using 399.3% CPU
Optimizing NNI: done in 48.2315 secs using 399.5% CPU
Optimizing NNI: done in 44.0379 secs using 399.5% CPU
Optimizing NNI: done in 34.3881 secs using 399.2% CPU
Optimizing NNI: done in 39.3876 secs using 399.6% CPU
Optimizing NNI: done in 41.6244 secs using 399.6% CPU
Iteration 530 / LogL: -20819.605 / Time: 6h:46m:45s (0h:50m:44s left)
Optimizing NNI: done in 33.1027 secs using 399.6% CPU
Optimizing NNI: done in 36.3486 secs using 399.3% CPU
Optimizing NNI: done in 35.8342 secs using 399.5% CPU
Optimizing NNI: done in 31.567 secs using 399.6% CPU
Optimizing NNI: done in 44.5077 secs using 399.6% CPU
Optimizing NNI: done in 33.9217 secs using 399.7% CPU
Optimizing NNI: done in 25.0979 secs using 399% CPU
Optimizing NNI: done in 43.5652 secs using 399.7% CPU
Optimizing NNI: done in 39.5614 secs using 399.6% CPU
Optimizing NNI: done in 31.0792 secs using 399.5% CPU
Iteration 540 / LogL: -20819.116 / Time: 6h:52m:43s (0h:42m:52s left)
Optimizing NNI: done in 38.1344 secs using 399.3% CPU
Optimizing NNI: done in 45.2834 secs using 399.5% CPU
Optimizing NNI: done in 39.2931 secs using 399.5% CPU
Optimizing NNI: done in 49.388 secs using 399.6% CPU
BETTER TREE FOUND at iteration 544: -20819.110
Optimizing NNI: done in 39.0677 secs using 399.2% CPU
Optimizing NNI: done in 29.5537 secs using 399.6% CPU
Optimizing NNI: done in 35.5722 secs using 399.6% CPU
Optimizing NNI: done in 38.3692 secs using 399.5% CPU
Optimizing NNI: done in 36.9622 secs using 399.6% CPU
Optimizing NNI: done in 35.5475 secs using 399.2% CPU
Iteration 550 / LogL: -20826.757 / Time: 6h:59m:12s (1h:11m:46s left)
Optimizing NNI: done in 42.219 secs using 399.5% CPU
Optimizing NNI: done in 32.5982 secs using 399.5% CPU
Optimizing NNI: done in 29.755 secs using 399.6% CPU
Optimizing NNI: done in 38.4199 secs using 399.4% CPU
Optimizing NNI: done in 33.902 secs using 399.6% CPU
Optimizing NNI: done in 55.7701 secs using 399.6% CPU
Optimizing NNI: done in 43.7272 secs using 399.7% CPU
Optimizing NNI: done in 35.9283 secs using 399.1% CPU
Optimizing NNI: done in 42.1122 secs using 399.6% CPU
Optimizing NNI: done in 40.9027 secs using 399.6% CPU
Iteration 560 / LogL: -20830.681 / Time: 7h:5m:50s (1h:3m:59s left)
Optimizing NNI: done in 38.7664 secs using 399.6% CPU
Optimizing NNI: done in 39.3875 secs using 398.7% CPU
Optimizing NNI: done in 41.238 secs using 399.4% CPU
Optimizing NNI: done in 43.468 secs using 399.3% CPU
Optimizing NNI: done in 46.9826 secs using 399.5% CPU
Optimizing NNI: done in 49.0298 secs using 399.3% CPU
Optimizing NNI: done in 39.8616 secs using 399.4% CPU
Optimizing NNI: done in 49.8707 secs using 399.5% CPU
Optimizing NNI: done in 44.1765 secs using 399.4% CPU
Optimizing NNI: done in 33.4437 secs using 399.5% CPU
Iteration 570 / LogL: -20832.211 / Time: 7h:12m:59s (0h:56m:18s left)
Optimizing NNI: done in 38.3356 secs using 399.5% CPU
BETTER TREE FOUND at iteration 571: -20819.110
Optimizing NNI: done in 42.6254 secs using 399.4% CPU
Optimizing NNI: done in 39.2368 secs using 399.2% CPU
Optimizing NNI: done in 47.1305 secs using 399.6% CPU
Optimizing NNI: done in 40.3798 secs using 399.5% CPU
Optimizing NNI: done in 40.1026 secs using 399.2% CPU
Optimizing NNI: done in 36.2279 secs using 399.6% CPU
Optimizing NNI: done in 35.5648 secs using 399.6% CPU
Optimizing NNI: done in 41.5752 secs using 399.7% CPU
Optimizing NNI: done in 32.271 secs using 399.2% CPU
Iteration 580 / LogL: -20819.124 / Time: 7h:19m:35s (1h:9m:5s left)
Optimizing NNI: done in 29.0232 secs using 399.6% CPU
Optimizing NNI: done in 38.5894 secs using 399.5% CPU
Optimizing NNI: done in 37.1368 secs using 399.4% CPU
Optimizing NNI: done in 44.0588 secs using 399.3% CPU
Optimizing NNI: done in 35.8553 secs using 399.5% CPU
Optimizing NNI: done in 31.762 secs using 399.5% CPU
Optimizing NNI: done in 37.5452 secs using 398.9% CPU
Optimizing NNI: done in 41.6287 secs using 399.5% CPU
Optimizing NNI: done in 36.1809 secs using 399.7% CPU
Optimizing NNI: done in 48.2142 secs using 399.4% CPU
Iteration 590 / LogL: -20822.420 / Time: 7h:25m:58s (1h:1m:19s left)
Optimizing NNI: done in 50.2758 secs using 399.6% CPU
Optimizing NNI: done in 47.9336 secs using 399.4% CPU
Optimizing NNI: done in 42.4101 secs using 399.6% CPU
Optimizing NNI: done in 49.4642 secs using 399.6% CPU
Optimizing NNI: done in 45.8313 secs using 399.4% CPU
Optimizing NNI: done in 28.2112 secs using 399.5% CPU
Optimizing NNI: done in 40.0989 secs using 399.6% CPU
Optimizing NNI: done in 44.596 secs using 399.6% CPU
Optimizing NNI: done in 37.4024 secs using 399.2% CPU
Optimizing NNI: done in 45.4056 secs using 399.6% CPU
Iteration 600 / LogL: -20820.456 / Time: 7h:33m:12s (0h:53m:43s left)
Optimizing NNI: done in 45.9919 secs using 399.5% CPU
Optimizing NNI: done in 40.7944 secs using 399.2% CPU
Optimizing NNI: done in 33.4782 secs using 399.6% CPU
Optimizing NNI: done in 38.8078 secs using 399.5% CPU
Optimizing NNI: done in 39.6161 secs using 399.5% CPU
Optimizing NNI: done in 41.5857 secs using 399.4% CPU
Optimizing NNI: done in 34.6078 secs using 399.5% CPU
Optimizing NNI: done in 41.1844 secs using 399.6% CPU
Optimizing NNI: done in 49.9996 secs using 399.5% CPU
Optimizing NNI: done in 44.8278 secs using 399.6% CPU
Iteration 610 / LogL: -20821.413 / Time: 7h:40m:6s (0h:46m:5s left)
Optimizing NNI: done in 42.7831 secs using 399.5% CPU
Optimizing NNI: done in 36.4009 secs using 399.6% CPU
Optimizing NNI: done in 43.9876 secs using 399.4% CPU
Optimizing NNI: done in 22.118 secs using 399.6% CPU
Optimizing NNI: done in 29.0947 secs using 399.7% CPU
Optimizing NNI: done in 38.1177 secs using 399.6% CPU
Optimizing NNI: done in 38.0306 secs using 399.5% CPU
Optimizing NNI: done in 39.8314 secs using 399.3% CPU
Optimizing NNI: done in 39.4191 secs using 399.5% CPU
Optimizing NNI: done in 30.07 secs using 399.6% CPU
Iteration 620 / LogL: -20821.142 / Time: 7h:46m:8s (0h:38m:24s left)
Optimizing NNI: done in 46.0328 secs using 399.6% CPU
Optimizing NNI: done in 39.1036 secs using 399.6% CPU
Optimizing NNI: done in 43.2173 secs using 399.5% CPU
Optimizing NNI: done in 44.8181 secs using 399.6% CPU
Optimizing NNI: done in 45.9768 secs using 399.6% CPU
Optimizing NNI: done in 49.8518 secs using 399.4% CPU
Optimizing NNI: done in 23.9641 secs using 399.5% CPU
Optimizing NNI: done in 36.5297 secs using 399.6% CPU
Optimizing NNI: done in 51.5661 secs using 399.6% CPU
Optimizing NNI: done in 44.7759 secs using 399.6% CPU
Iteration 630 / LogL: -20823.058 / Time: 7h:53m:17s (0h:30m:51s left)
Optimizing NNI: done in 37.2012 secs using 399.1% CPU
Optimizing NNI: done in 32.5258 secs using 399.2% CPU
Optimizing NNI: done in 36.0458 secs using 399.2% CPU
Optimizing NNI: done in 35.1999 secs using 399.3% CPU
Optimizing NNI: done in 34.8906 secs using 399.7% CPU
BETTER TREE FOUND at iteration 635: -20819.109
Optimizing NNI: done in 42.5867 secs using 399.6% CPU
Optimizing NNI: done in 54.3263 secs using 399.3% CPU
Optimizing NNI: done in 44.0024 secs using 399.7% CPU
Optimizing NNI: done in 39.3045 secs using 399.6% CPU
Optimizing NNI: done in 34.2615 secs using 399.6% CPU
Iteration 640 / LogL: -20819.114 / Time: 7h:59m:50s (1h:11m:20s left)
Optimizing NNI: done in 37.5185 secs using 399.2% CPU
Optimizing NNI: done in 34.755 secs using 399.6% CPU
Optimizing NNI: done in 43.7814 secs using 397.5% CPU
Optimizing NNI: done in 38.7912 secs using 399.6% CPU
Optimizing NNI: done in 49.9686 secs using 399.4% CPU
Optimizing NNI: done in 33.353 secs using 399.7% CPU
Optimizing NNI: done in 45.2327 secs using 399.5% CPU
Optimizing NNI: done in 44.1291 secs using 399.6% CPU
Optimizing NNI: done in 39.8566 secs using 399.3% CPU
Optimizing NNI: done in 45.5475 secs using 399.6% CPU
Iteration 650 / LogL: -20820.648 / Time: 8h:6m:45s (1h:3m:45s left)
Optimizing NNI: done in 41.5934 secs using 399.6% CPU
Optimizing NNI: done in 45.8059 secs using 399.6% CPU
Optimizing NNI: done in 53.0521 secs using 399.4% CPU
Optimizing NNI: done in 43.5877 secs using 399.6% CPU
Optimizing NNI: done in 36.0433 secs using 399.6% CPU
Optimizing NNI: done in 36.7587 secs using 399.7% CPU
Optimizing NNI: done in 45.9687 secs using 399.4% CPU
Optimizing NNI: done in 37.398 secs using 399.7% CPU
Optimizing NNI: done in 32.143 secs using 399.5% CPU
Optimizing NNI: done in 37.0931 secs using 399.6% CPU
Iteration 660 / LogL: -20820.651 / Time: 8h:13m:37s (0h:56m:10s left)
Optimizing NNI: done in 34.8354 secs using 398.6% CPU
Optimizing NNI: done in 38.7861 secs using 398.8% CPU
Optimizing NNI: done in 39.2422 secs using 399.6% CPU
Optimizing NNI: done in 37.7898 secs using 399.1% CPU
Optimizing NNI: done in 41.6893 secs using 399.4% CPU
Optimizing NNI: done in 29.5672 secs using 399.1% CPU
Optimizing NNI: done in 54.9669 secs using 399.5% CPU
Optimizing NNI: done in 37.0767 secs using 399.5% CPU
Optimizing NNI: done in 46.2876 secs using 399.6% CPU
Optimizing NNI: done in 37.1001 secs using 399.2% CPU
Iteration 670 / LogL: -20821.192 / Time: 8h:20m:17s (0h:48m:36s left)
Optimizing NNI: done in 33.7556 secs using 399.6% CPU
Optimizing NNI: done in 31.9112 secs using 399.6% CPU
Optimizing NNI: done in 82.1337 secs using 399.4% CPU
Optimizing NNI: done in 51.0925 secs using 399.6% CPU
Optimizing NNI: done in 34.0721 secs using 399.5% CPU
Optimizing NNI: done in 31.6474 secs using 399.5% CPU
Optimizing NNI: done in 36.8274 secs using 399.3% CPU
Optimizing NNI: done in 35.5884 secs using 399.6% CPU
Optimizing NNI: done in 39.8666 secs using 399.6% CPU
Optimizing NNI: done in 35.0715 secs using 399.7% CPU
Iteration 680 / LogL: -20836.331 / Time: 8h:27m:12s (0h:41m:5s left)
Optimizing NNI: done in 40.5523 secs using 399.4% CPU
Optimizing NNI: done in 48.0061 secs using 399.5% CPU
Optimizing NNI: done in 43.2502 secs using 399.5% CPU
Optimizing NNI: done in 35.4997 secs using 399.5% CPU
Optimizing NNI: done in 22.9152 secs using 399.7% CPU
Optimizing NNI: done in 50.288 secs using 399.3% CPU
Optimizing NNI: done in 39.6047 secs using 399.6% CPU
BETTER TREE FOUND at iteration 687: -20819.108
Optimizing NNI: done in 34.5881 secs using 399.5% CPU
Optimizing NNI: done in 38.571 secs using 399.5% CPU
Optimizing NNI: done in 45.6246 secs using 399.4% CPU
Iteration 690 / LogL: -20823.524 / Time: 8h:33m:53s (1h:12m:20s left)
Optimizing NNI: done in 45.5712 secs using 399.4% CPU
Optimizing NNI: done in 34.3065 secs using 399.5% CPU
Optimizing NNI: done in 49.1622 secs using 399.5% CPU
Optimizing NNI: done in 47.2344 secs using 399.3% CPU
Optimizing NNI: done in 35.4404 secs using 399.6% CPU
Optimizing NNI: done in 29.7439 secs using 399.6% CPU
Optimizing NNI: done in 39.0449 secs using 399.6% CPU
Optimizing NNI: done in 42.2816 secs using 399.4% CPU
Optimizing NNI: done in 38.8324 secs using 399.5% CPU
Optimizing NNI: done in 28.3101 secs using 399.6% CPU
Iteration 700 / LogL: -20820.626 / Time: 8h:40m:26s (1h:4m:46s left)
Optimizing NNI: done in 47.0368 secs using 399.6% CPU
Optimizing NNI: done in 32.1029 secs using 399.3% CPU
Optimizing NNI: done in 49.5584 secs using 399.5% CPU
Optimizing NNI: done in 40.1077 secs using 399.6% CPU
Optimizing NNI: done in 33.9878 secs using 399.6% CPU
Optimizing NNI: done in 45.1315 secs using 399.3% CPU
Optimizing NNI: done in 53.959 secs using 399.6% CPU
Optimizing NNI: done in 39.6266 secs using 399.6% CPU
Optimizing NNI: done in 45.8284 secs using 399.6% CPU
Optimizing NNI: done in 29.9098 secs using 399.2% CPU
BETTER TREE FOUND at iteration 710: -20819.102
Iteration 710 / LogL: -20819.102 / Time: 8h:47m:26s (1h:14m:23s left)
Optimizing NNI: done in 41.9621 secs using 399.6% CPU
Optimizing NNI: done in 34.8007 secs using 399.5% CPU
Optimizing NNI: done in 38.8554 secs using 399.5% CPU
Optimizing NNI: done in 44.8241 secs using 399.3% CPU
Optimizing NNI: done in 45.2047 secs using 399.5% CPU
Optimizing NNI: done in 38.2855 secs using 399.6% CPU
Optimizing NNI: done in 47.3333 secs using 399.5% CPU
Optimizing NNI: done in 37.1033 secs using 399.2% CPU
Optimizing NNI: done in 39.9808 secs using 399.6% CPU
Optimizing NNI: done in 39.1208 secs using 399.4% CPU
Iteration 720 / LogL: -20819.613 / Time: 8h:54m:16s (1h:6m:52s left)
Optimizing NNI: done in 44.8113 secs using 399.5% CPU
Optimizing NNI: done in 44.2574 secs using 399.3% CPU
Optimizing NNI: done in 44.8815 secs using 399.6% CPU
Optimizing NNI: done in 42.0558 secs using 399.5% CPU
Optimizing NNI: done in 32.0448 secs using 399.3% CPU
Optimizing NNI: done in 36.678 secs using 399.5% CPU
Optimizing NNI: done in 30.7854 secs using 399.5% CPU
Optimizing NNI: done in 39.9784 secs using 399.5% CPU
Optimizing NNI: done in 40.3676 secs using 399.5% CPU
Optimizing NNI: done in 38.8862 secs using 399.3% CPU
Iteration 730 / LogL: -20819.107 / Time: 9h:0m:53s (0h:59m:21s left)
Optimizing NNI: done in 44.6807 secs using 399.5% CPU
Optimizing NNI: done in 37.0621 secs using 399.5% CPU
Optimizing NNI: done in 42.5311 secs using 399.4% CPU
Optimizing NNI: done in 39.7288 secs using 399.2% CPU
Optimizing NNI: done in 44.9518 secs using 399.3% CPU
Optimizing NNI: done in 61.4001 secs using 399.5% CPU
Optimizing NNI: done in 27.7521 secs using 399.6% CPU
Optimizing NNI: done in 43.8829 secs using 399.4% CPU
Optimizing NNI: done in 35.0934 secs using 399.6% CPU
Optimizing NNI: done in 58.803 secs using 399.5% CPU
Iteration 740 / LogL: -20819.113 / Time: 9h:8m:12s (0h:51m:55s left)
Optimizing NNI: done in 55.957 secs using 399.4% CPU
Optimizing NNI: done in 34.9856 secs using 399.7% CPU
Optimizing NNI: done in 36.5002 secs using 399.6% CPU
Optimizing NNI: done in 46.4795 secs using 399.7% CPU
Optimizing NNI: done in 49.2663 secs using 399.4% CPU
Optimizing NNI: done in 34.8429 secs using 399.6% CPU
Optimizing NNI: done in 38.1877 secs using 399.6% CPU
Optimizing NNI: done in 43.5749 secs using 399.6% CPU
Optimizing NNI: done in 35.1945 secs using 399.1% CPU
Optimizing NNI: done in 43.1229 secs using 399.6% CPU
Iteration 750 / LogL: -20819.607 / Time: 9h:15m:12s (0h:44m:28s left)
Optimizing NNI: done in 45.3942 secs using 399.6% CPU
Optimizing NNI: done in 39.9511 secs using 399.5% CPU
Optimizing NNI: done in 41.025 secs using 399.1% CPU
Optimizing NNI: done in 54.3717 secs using 399.5% CPU
Optimizing NNI: done in 52.2616 secs using 399.5% CPU
Optimizing NNI: done in 31.8185 secs using 399.2% CPU
Optimizing NNI: done in 30.7142 secs using 399.5% CPU
Optimizing NNI: done in 32.6956 secs using 399.5% CPU
Optimizing NNI: done in 45.3902 secs using 399.6% CPU
Optimizing NNI: done in 41.5732 secs using 399.3% CPU
BETTER TREE FOUND at iteration 760: -20819.099
Iteration 760 / LogL: -20819.099 / Time: 9h:22m:10s (1h:14m:4s left)
Optimizing NNI: done in 22.3253 secs using 399.6% CPU
Optimizing NNI: done in 33.0544 secs using 399.6% CPU
Optimizing NNI: done in 35.9031 secs using 399.6% CPU
Optimizing NNI: done in 34.9199 secs using 399.5% CPU
Optimizing NNI: done in 37.1104 secs using 399.3% CPU
Optimizing NNI: done in 36.0656 secs using 399.7% CPU
Optimizing NNI: done in 30.7577 secs using 399.6% CPU
Optimizing NNI: done in 39.5212 secs using 399.5% CPU
Optimizing NNI: done in 46.1334 secs using 399.2% CPU
Optimizing NNI: done in 42.9479 secs using 399.6% CPU
Iteration 770 / LogL: -20821.287 / Time: 9h:28m:12s (1h:6m:29s left)
Optimizing NNI: done in 46.2986 secs using 399.6% CPU
Optimizing NNI: done in 55.7838 secs using 399.5% CPU
Optimizing NNI: done in 54.2566 secs using 399.7% CPU
Optimizing NNI: done in 32.8048 secs using 399.7% CPU
Optimizing NNI: done in 35.5933 secs using 399.4% CPU
Optimizing NNI: done in 43.8307 secs using 399.6% CPU
Optimizing NNI: done in 31.336 secs using 399.6% CPU
Optimizing NNI: done in 37.3398 secs using 399.6% CPU
Optimizing NNI: done in 44.3063 secs using 399.1% CPU
Optimizing NNI: done in 47.7368 secs using 399.6% CPU
Iteration 780 / LogL: -20819.987 / Time: 9h:35m:23s (0h:59m:5s left)
Optimizing NNI: done in 38.079 secs using 399.5% CPU
Optimizing NNI: done in 38.6137 secs using 399.4% CPU
Optimizing NNI: done in 54.8857 secs using 399.5% CPU
Optimizing NNI: done in 42.1862 secs using 399.5% CPU
Optimizing NNI: done in 39.4603 secs using 399.6% CPU
Optimizing NNI: done in 57.542 secs using 399.5% CPU
Optimizing NNI: done in 44.5991 secs using 399.5% CPU
Optimizing NNI: done in 38.1202 secs using 399.5% CPU
Optimizing NNI: done in 50.2335 secs using 399.4% CPU
Optimizing NNI: done in 44.7192 secs using 399.6% CPU
Iteration 790 / LogL: -20820.071 / Time: 9h:42m:55s (0h:51m:42s left)
Optimizing NNI: done in 43.1586 secs using 399.5% CPU
Optimizing NNI: done in 43.9974 secs using 399.3% CPU
Optimizing NNI: done in 37.6374 secs using 399.5% CPU
Optimizing NNI: done in 35.5346 secs using 399.5% CPU
Optimizing NNI: done in 54.9811 secs using 399.4% CPU
Optimizing NNI: done in 30.2066 secs using 399.6% CPU
Optimizing NNI: done in 30.6458 secs using 399.6% CPU
Optimizing NNI: done in 35.1051 secs using 399.6% CPU
Optimizing NNI: done in 29.3887 secs using 399.7% CPU
Optimizing NNI: done in 34.666 secs using 399.4% CPU
Iteration 800 / LogL: -20820.985 / Time: 9h:49m:12s (0h:44m:14s left)
Optimizing NNI: done in 33.7691 secs using 399.6% CPU
Optimizing NNI: done in 35.8619 secs using 399.6% CPU
Optimizing NNI: done in 32.4485 secs using 399.6% CPU
Optimizing NNI: done in 39.0117 secs using 399.3% CPU
Optimizing NNI: done in 30.5589 secs using 399.5% CPU
Optimizing NNI: done in 44.0561 secs using 399.6% CPU
Optimizing NNI: done in 39.3575 secs using 399.6% CPU
Optimizing NNI: done in 43.6561 secs using 399.3% CPU
Optimizing NNI: done in 46.0298 secs using 399.6% CPU
Optimizing NNI: done in 34.5669 secs using 399.5% CPU
Iteration 810 / LogL: -20820.642 / Time: 9h:55m:34s (0h:36m:48s left)
Optimizing NNI: done in 36.9578 secs using 399.6% CPU
Optimizing NNI: done in 41.7599 secs using 399.2% CPU
Optimizing NNI: done in 38.939 secs using 399.6% CPU
Optimizing NNI: done in 35.7363 secs using 399.6% CPU
Optimizing NNI: done in 39.3119 secs using 399.5% CPU
Optimizing NNI: done in 38.6524 secs using 399.3% CPU
Optimizing NNI: done in 40.9624 secs using 399.6% CPU
Optimizing NNI: done in 39.446 secs using 399.6% CPU
Optimizing NNI: done in 39.058 secs using 399.6% CPU
Optimizing NNI: done in 40.8622 secs using 399.3% CPU
Iteration 820 / LogL: -20819.113 / Time: 10h:2m:9s (0h:29m:24s left)
Optimizing NNI: done in 35.7443 secs using 399.6% CPU
Optimizing NNI: done in 30.9982 secs using 399.6% CPU
Optimizing NNI: done in 39.5952 secs using 399.6% CPU
Optimizing NNI: done in 35.5266 secs using 399.1% CPU
Optimizing NNI: done in 35.8564 secs using 399.5% CPU
Optimizing NNI: done in 45.6057 secs using 399.5% CPU
Optimizing NNI: done in 44.4179 secs using 399.6% CPU
Optimizing NNI: done in 41.8696 secs using 399.3% CPU
Optimizing NNI: done in 43.4291 secs using 399.6% CPU
Optimizing NNI: done in 42.3982 secs using 399.7% CPU
Iteration 830 / LogL: -20827.176 / Time: 10h:8m:47s (0h:22m:1s left)
Optimizing NNI: done in 44.3069 secs using 399.6% CPU
Optimizing NNI: done in 43.9456 secs using 399.3% CPU
Optimizing NNI: done in 39.2836 secs using 399.7% CPU
Optimizing NNI: done in 33.4895 secs using 399.6% CPU
Optimizing NNI: done in 43.3609 secs using 399.6% CPU
Optimizing NNI: done in 33.6203 secs using 399.2% CPU
Optimizing NNI: done in 37.4215 secs using 399.5% CPU
Optimizing NNI: done in 31.4786 secs using 399.6% CPU
Optimizing NNI: done in 47.3109 secs using 399.5% CPU
Optimizing NNI: done in 46.1377 secs using 399.4% CPU
Iteration 840 / LogL: -20855.726 / Time: 10h:15m:30s (0h:14m:40s left)
Optimizing NNI: done in 35.3856 secs using 399.6% CPU
Optimizing NNI: done in 43.534 secs using 399.5% CPU
Optimizing NNI: done in 32.7112 secs using 399.6% CPU
Optimizing NNI: done in 31.5854 secs using 399.6% CPU
Optimizing NNI: done in 47.7758 secs using 399.4% CPU
Optimizing NNI: done in 39.5036 secs using 399.6% CPU
Optimizing NNI: done in 33.7758 secs using 399.5% CPU
Optimizing NNI: done in 44.9809 secs using 399.6% CPU
Optimizing NNI: done in 36.0972 secs using 399.1% CPU
Optimizing NNI: done in 44.6436 secs using 399.6% CPU
Iteration 850 / LogL: -20837.631 / Time: 10h:22m:2s (0h:7m:19s left)
Optimizing NNI: done in 47.3148 secs using 399.5% CPU
Optimizing NNI: done in 37.1497 secs using 399.6% CPU
Optimizing NNI: done in 22.9306 secs using 399.1% CPU
Optimizing NNI: done in 35.2173 secs using 399.4% CPU
Optimizing NNI: done in 36.1486 secs using 399.5% CPU
Optimizing NNI: done in 40.9699 secs using 399.6% CPU
Optimizing NNI: done in 40.3232 secs using 399.2% CPU
Optimizing NNI: done in 37.2246 secs using 399.5% CPU
BETTER TREE FOUND at iteration 858: -20819.096
Optimizing NNI: done in 36.0651 secs using 399.6% CPU
Optimizing NNI: done in 39.4109 secs using 399.5% CPU
Iteration 860 / LogL: -20819.902 / Time: 10h:28m:18s (1h:11m:40s left)
Optimizing NNI: done in 34.4171 secs using 399.2% CPU
Optimizing NNI: done in 36.4435 secs using 399.6% CPU
Optimizing NNI: done in 46.5976 secs using 399.5% CPU
Optimizing NNI: done in 43.9985 secs using 399.6% CPU
Optimizing NNI: done in 41.7794 secs using 399.4% CPU
Optimizing NNI: done in 43.8472 secs using 399.6% CPU
Optimizing NNI: done in 43.3141 secs using 399.5% CPU
Optimizing NNI: done in 32.4566 secs using 399.5% CPU
Optimizing NNI: done in 39.5721 secs using 399.3% CPU
Optimizing NNI: done in 31.6231 secs using 399.6% CPU
Iteration 870 / LogL: -20829.623 / Time: 10h:34m:54s (1h:4m:17s left)
Optimizing NNI: done in 44.721 secs using 399.6% CPU
Optimizing NNI: done in 28.1864 secs using 399.5% CPU
Optimizing NNI: done in 40.0815 secs using 399.5% CPU
Optimizing NNI: done in 32.8474 secs using 399.3% CPU
Optimizing NNI: done in 50.3835 secs using 399.6% CPU
Optimizing NNI: done in 60.9576 secs using 399.6% CPU
Optimizing NNI: done in 38.1798 secs using 399.4% CPU
Optimizing NNI: done in 23.0457 secs using 399.5% CPU
Optimizing NNI: done in 35.8851 secs using 399.5% CPU
Optimizing NNI: done in 32.426 secs using 399.6% CPU
Iteration 880 / LogL: -20822.550 / Time: 10h:41m:24s (0h:56m:54s left)
Optimizing NNI: done in 63.9392 secs using 399.5% CPU
Optimizing NNI: done in 41.9256 secs using 399.6% CPU
Optimizing NNI: done in 36.5994 secs using 399.6% CPU
Optimizing NNI: done in 43.0533 secs using 399.5% CPU
Optimizing NNI: done in 37.8485 secs using 399.6% CPU
Optimizing NNI: done in 45.5144 secs using 399.4% CPU
Optimizing NNI: done in 45.4379 secs using 399.5% CPU
Optimizing NNI: done in 50.81 secs using 399.5% CPU
Optimizing NNI: done in 45.2806 secs using 399.3% CPU
Optimizing NNI: done in 48.2947 secs using 399.6% CPU
Iteration 890 / LogL: -20820.940 / Time: 10h:49m:5s (0h:49m:38s left)
Optimizing NNI: done in 41.0097 secs using 399.6% CPU
Optimizing NNI: done in 38.1058 secs using 399.6% CPU
Optimizing NNI: done in 36.6818 secs using 399.2% CPU
Optimizing NNI: done in 42.1363 secs using 399.6% CPU
Optimizing NNI: done in 31.917 secs using 399.5% CPU
Optimizing NNI: done in 40.0285 secs using 399.5% CPU
Optimizing NNI: done in 41.0339 secs using 399.5% CPU
Optimizing NNI: done in 39.7015 secs using 399.1% CPU
Optimizing NNI: done in 34.6753 secs using 399.5% CPU
Optimizing NNI: done in 44.1951 secs using 399.5% CPU
Iteration 900 / LogL: -20819.961 / Time: 10h:55m:37s (0h:42m:17s left)
Optimizing NNI: done in 34.6282 secs using 399.6% CPU
Optimizing NNI: done in 40.8398 secs using 399.2% CPU
Optimizing NNI: done in 48.2071 secs using 399.5% CPU
Optimizing NNI: done in 38.4893 secs using 399.6% CPU
Optimizing NNI: done in 34.544 secs using 399.6% CPU
Optimizing NNI: done in 35.0673 secs using 399.2% CPU
Optimizing NNI: done in 39.1404 secs using 399.5% CPU
Optimizing NNI: done in 40.9933 secs using 399.5% CPU
Optimizing NNI: done in 44.6468 secs using 399.6% CPU
Optimizing NNI: done in 37.2218 secs using 399.3% CPU
Iteration 910 / LogL: -20819.107 / Time: 11h:2m:14s (0h:34m:58s left)
Optimizing NNI: done in 38.5545 secs using 399.6% CPU
Optimizing NNI: done in 42.9534 secs using 399.6% CPU
Optimizing NNI: done in 48.3366 secs using 399.4% CPU
Optimizing NNI: done in 37.3304 secs using 399.3% CPU
Optimizing NNI: done in 34.7368 secs using 399.6% CPU
Optimizing NNI: done in 42.4757 secs using 399.6% CPU
Optimizing NNI: done in 42.2842 secs using 399.5% CPU
Optimizing NNI: done in 45.0814 secs using 399.5% CPU
Optimizing NNI: done in 38.6781 secs using 399.6% CPU
Optimizing NNI: done in 41.7475 secs using 399.6% CPU
Iteration 920 / LogL: -20820.446 / Time: 11h:9m:8s (0h:27m:40s left)
Optimizing NNI: done in 35.6389 secs using 399.6% CPU
Optimizing NNI: done in 33.8993 secs using 399.3% CPU
Optimizing NNI: done in 35.0942 secs using 399.6% CPU
Optimizing NNI: done in 41.864 secs using 399.6% CPU
Optimizing NNI: done in 36.9869 secs using 399.6% CPU
Optimizing NNI: done in 31.7708 secs using 399.4% CPU
Optimizing NNI: done in 48.2822 secs using 399.4% CPU
Optimizing NNI: done in 39.0016 secs using 399.4% CPU
Optimizing NNI: done in 48.3698 secs using 399.5% CPU
Optimizing NNI: done in 42.7464 secs using 399.2% CPU
Iteration 930 / LogL: -20825.787 / Time: 11h:15m:45s (0h:20m:22s left)
Optimizing NNI: done in 43.3981 secs using 399.5% CPU
Optimizing NNI: done in 34.8066 secs using 399.6% CPU
Optimizing NNI: done in 51.7447 secs using 399.4% CPU
Optimizing NNI: done in 33.7732 secs using 399.2% CPU
Optimizing NNI: done in 40.7637 secs using 399.5% CPU
Optimizing NNI: done in 32.2536 secs using 399.6% CPU
Optimizing NNI: done in 41.6969 secs using 399.7% CPU
Optimizing NNI: done in 36.5853 secs using 399.3% CPU
Optimizing NNI: done in 28.2952 secs using 399.5% CPU
Optimizing NNI: done in 35.3476 secs using 399.6% CPU
Iteration 940 / LogL: -20819.105 / Time: 11h:22m:6s (0h:13m:4s left)
Optimizing NNI: done in 29.344 secs using 399.6% CPU
Optimizing NNI: done in 32.9417 secs using 399.2% CPU
Optimizing NNI: done in 28.3642 secs using 399.6% CPU
Optimizing NNI: done in 37.8023 secs using 399.4% CPU
Optimizing NNI: done in 45.5924 secs using 399.7% CPU
Optimizing NNI: done in 41.3767 secs using 399.3% CPU
Optimizing NNI: done in 31.4188 secs using 399.7% CPU
Optimizing NNI: done in 43.0389 secs using 399.6% CPU
Optimizing NNI: done in 33.8694 secs using 399.5% CPU
Optimizing NNI: done in 32.8712 secs using 399.3% CPU
Iteration 950 / LogL: -20819.103 / Time: 11h:28m:5s (0h:5m:48s left)
Optimizing NNI: done in 37.225 secs using 399.5% CPU
Optimizing NNI: done in 42.1935 secs using 399.6% CPU
Optimizing NNI: done in 40.7114 secs using 399.6% CPU
Optimizing NNI: done in 35.7952 secs using 399.2% CPU
Optimizing NNI: done in 35.0715 secs using 399.6% CPU
Optimizing NNI: done in 35.6756 secs using 399.5% CPU
Optimizing NNI: done in 41.102 secs using 399.5% CPU
Optimizing NNI: done in 40.5077 secs using 399.3% CPU
Optimizing NNI: done in 38.7943 secs using 399.6% CPU
TREE SEARCH COMPLETED AFTER 959 ITERATIONS / Time: 11h:33m:55s

--------------------------------------------------------------------
|                    FINALIZING TREE SEARCH                        |
--------------------------------------------------------------------
Performs final model parameters optimization
Estimate model parameters (epsilon = 0.010)
1. Initial log-likelihood: -20819.096
Optimal log-likelihood: -20819.096
Gamma shape alpha: 0.020
Parameters optimization took 1 rounds (5.446 sec)
BEST SCORE FOUND : -20819.096
Total tree length: 0.181

Total number of iterations: 959
CPU time used for tree search: 166100.034 sec (46h:8m:20s)
Wall-clock time used for tree search: 41588.046 sec (11h:33m:8s)
Total CPU time used: 166307.534 sec (46h:11m:47s)
Total wall-clock time used: 41640.563 sec (11h:34m:0s)

Analysis results written to: 
  IQ-TREE report:                RYR2_WAG.iqtree
  Maximum-likelihood tree:       RYR2_WAG.treefile
  Likelihood distances:          RYR2_WAG.mldist
  Screen log file:               RYR2_WAG.log

Date and Time: Sat Jan 27 18:34:50 2024
