IQ-TREE multicore version 2.2.0-beta COVID-edition for Linux 64-bit built Dec 21 2021 built Dec 21 2021
Developed by Bui Quang Minh, James Barbetti, Nguyen Lam Tung,
Olga Chernomor, Heiko Schmidt, Dominik Schrempf, Michael Woodhams, Ly Trong Nhan.

Host:    awarnach14 (SSE3, 3 GB RAM)
Command: iqtree -s codon_alignments_v2_Jan24/CASQ2_codon_aligned.phy -st CODON -m TEST -pre CASQ2_MF -nt 4
Seed:    299884 (Using SPRNG - Scalable Parallel Random Number Generator)
Time:    Thu Jan 25 17:11:54 2024
Kernel:  SSE2 - 4 threads (4 CPU cores detected)

Reading alignment file codon_alignments_v2_Jan24/CASQ2_codon_aligned.phy ... Phylip format detected
Alignment most likely contains DNA/RNA sequences
Converting to codon sequences with genetic code  ...
WARNING: Sequence Sscr_CASQ1 has ambiguous character NCC at site 79
Constructing alignment: done in 0.00343381 secs using 174.5% CPU
Alignment has 93 sequences with 410 columns, 371 distinct patterns
141 parsimony-informative, 97 singleton sites, 172 constant sites
                    Gap/Ambiguity  Composition  p-value
Analyzing sequences: done in 0.000114825 secs using 97.54% CPU
   1  Bacu_CASQ2            0.24%    passed    100.00%
   2  Barn_CASQ2           43.41%    passed    100.00%
   3  Bbai76728_CASQ2      17.07%    passed    100.00%
   4  BbonAUS_CASQ2        11.71%    passed    100.00%
   5  Bbor_CASQ2            7.56%    passed    100.00%
   6  Bede66737_CASQ2       7.80%    passed    100.00%
   7  BedeAUS_CASQ2        11.71%    passed    100.00%
   8  Bmus_CASQ2            0.00%    passed    100.00%
   9  Bmys_CASQ2           43.90%    passed     99.69%
  10  Bphy_CASQ2           29.27%    passed    100.00%
  11  Btau_CASQ1            1.22%    passed    100.00%
  12  Ccom40_CASQ2         41.22%    passed    100.00%
  13  Chea7320_CASQ2       18.54%    passed    100.00%
  14  Chir_CASQ1            1.46%    passed    100.00%
  15  Cmar59905_CASQ2      22.20%    passed    100.00%
  16  Dcap108471_CASQ2      7.80%    passed    100.00%
  17  Dcap79929_CASQ2      11.95%    passed    100.00%
  18  DdelSJR_CASQ2         7.80%    passed    100.00%
  19  Ddeltrop4525_CASQ2   18.54%    passed    100.00%
  20  Dleu_CASQ2            1.22%    passed    100.00%
  21  EausAUS_CASQ2         8.05%    passed    100.00%
  22  Ecab_CASQ1            1.46%    passed      5.24%
  23  Egla13086_CASQ2      25.12%    passed     99.85%
  24  Ejap43864_CASQ2      11.95%    passed    100.00%
  25  Erob133443_CASQ2     23.17%    passed    100.00%
  26  Fatt_CASQ2            8.29%    passed    100.00%
  27  Ggri_CASQ2            7.80%    passed    100.00%
  28  Gmac39091_CASQ2      22.20%    passed    100.00%
  29  Gmel_CASQ2            0.73%    passed    100.00%
  30  Hamp_CASQ2           10.98%    passed    100.00%
  31  Hippo_CASQ2           8.54%    passed    100.00%
  32  Igeo_CASQ2           29.27%    passed    100.00%
  33  Kbre_CASQ2            8.29%    passed     99.99%
  34  Ksim_CASQ2           11.46%    passed    100.00%
  35  Lacu_CASQ2           11.71%    passed    100.00%
  36  Lalb_CASQ2            8.29%    passed    100.00%
  37  Laus_CASQ2            7.80%    passed    100.00%
  38  Lbor_CASQ2           29.02%    passed    100.00%
  39  Lhos30470_CASQ2      22.20%    passed    100.00%
  40  Lhos452_CASQ2        11.71%    passed    100.00%
  41  Lobl_CASQ2            0.73%    passed    100.00%
  42  Lobs_CASQ2           11.71%    passed    100.00%
  43  LperAUS_CASQ2         7.80%    passed    100.00%
  44  Lvex_CASQ1            0.00%    passed    100.00%
  45  Mbid_CASQ2           33.66%    passed    100.00%
  46  Mbow_CASQ2           10.98%    passed    100.00%
  47  Mcar_CASQ2            7.07%    passed    100.00%
  48  Mden_CASQ2           34.15%    passed     99.56%
  49  Meur_CASQ2            7.07%    passed     91.09%
  50  Mgin_CASQ2            7.07%    passed    100.00%
  51  MgraAUS_CASQ2        52.93%    passed     99.59%
  52  Mhec_CASQ2           21.46%    passed    100.00%
  53  MlayAUS_CASQ2         8.78%    passed    100.00%
  54  Mmir_CASQ2           35.61%    passed    100.00%
  55  Mmon_CASQ2            1.22%    passed    100.00%
  56  Mper_CASQ2           15.37%    passed    100.00%
  57  Mpni_CASQ2           25.37%    passed    100.00%
  58  Mste_CASQ2           17.80%    passed    100.00%
  59  Naasi_CASQ1           0.49%    passed    100.00%
  60  Npho_CASQ2           11.46%    passed    100.00%
  61  Oari_CASQ1            1.22%    passed    100.00%
  62  Obre_CASQ2            7.80%    passed    100.00%
  63  Ohei_CASQ2            7.80%    passed    100.00%
  64  Oorc_CASQ2            0.73%    passed    100.00%
  65  Ovtex_CASQ1           1.22%    passed     98.79%
  66  Pbla7349_CASQ2       20.98%    passed    100.00%
  67  Pcat_CASQ1            0.24%    passed    100.00%
  68  Pcra123188_CASQ2     12.93%    passed    100.00%
  69  Pdal_CASQ2           67.80%    passed     99.19%
  70  Pdio_CASQ2           29.76%    passed    100.00%
  71  Pele_CASQ2            7.80%    passed    100.00%
  72  Pmac_CASQ2            7.80%    passed    100.00%
  73  Ppho_CASQ2           11.22%    passed    100.00%
  74  Psin_CASQ1            0.24%    passed    100.00%
  75  Pspi_CASQ2           39.02%    passed    100.00%
  76  Satt18473_CASQ2      22.20%    passed    100.00%
  77  Satt38219_CASQ2      37.32%    passed    100.00%
  78  Sbre116871_CASQ2      7.80%    passed    100.00%
  79  Sbre18437_CASQ2      18.54%    passed    100.00%
  80  Schi_CASQ2           14.15%    passed    100.00%
  81  Scly1724_CASQ2       55.37%    passed     99.89%
  82  Scly1726_CASQ2        7.80%    passed    100.00%
  83  Scoe_CASQ2           11.71%    passed    100.00%
  84  Sflu9837_CASQ2        7.80%    passed    100.00%
  85  Sfro7782_CASQ2       30.24%    passed    100.00%
  86  Sfro7784_CASQ2       11.95%    passed    100.00%
  87  Slon16012_CASQ2      18.54%    passed    100.00%
  88  Slon24923_CASQ2       7.80%    passed    100.00%
  89  Sscr_CASQ1            0.49%    failed      0.00%
  90  Tadu79924_CASQ2       9.51%    passed    100.00%
  91  Tshe_CASQ2           10.98%    passed    100.00%
  92  Ttru_CASQ2            0.73%    passed    100.00%
  93  Zcav_CASQ2           21.71%    passed    100.00%
WARNING: 3 sequences contain more than 50% gaps/ambiguity
****  TOTAL                15.00%  1 sequences failed composition chi2 test (p-value<5%; df=60)
NOTE: DdelSJR_CASQ2 is identical to Dcap108471_CASQ2 but kept for subsequent analysis
NOTE: Mmon_CASQ2 is identical to Dleu_CASQ2 but kept for subsequent analysis
NOTE: Slon24923_CASQ2 is identical to Sflu9837_CASQ2 but kept for subsequent analysis
Checking for duplicate sequences: done in 0.00070654 secs using 99.64% CPU

Creating fast initial parsimony tree by random order stepwise addition...
0.041 seconds, parsimony score: 516 (based on 238 sites)
Perform fast likelihood tree search using GY+F3X4+I+G model...
Estimate model parameters (epsilon = 5.000)
Perform nearest neighbor interchange...
Optimizing NNI: done in 12.2243 secs using 361% CPU
Estimate model parameters (epsilon = 1.000)
1. Initial log-likelihood: -4744.668
2. Current log-likelihood: -4743.061
3. Current log-likelihood: -4742.009
Optimal log-likelihood: -4741.258
Nonsynonymous/synonymous ratio (omega): 0.179
Transition/transversion ratio (kappa): 3.183
Proportion of invariable sites: 0.093
Gamma shape alpha: 0.949
Parameters optimization took 3 rounds (53.775 sec)
Time for fast ML tree search: 124.531 seconds

NOTE: ModelFinder requires 75 MB RAM!
ModelFinder will test up to 60 codon models (sample size: 410) ...
 No. Model         -LnL         df  AIC          AICc         BIC
  1  GY+F3X4       4809.079     194 10006.158    10358.065    10785.292
  2  GY+F3X4+I     4746.245     195 9882.490     10239.687    10665.641
  3  GY+F3X4+G4    4709.295     195 9808.589     10165.785    10591.740
  4  GY+F3X4+I+G4  4708.696     196 9809.392     10171.946    10596.559
  7  GY+F1X4+G4    4799.893     189 9977.786     10304.240    10736.839
  8  GY+F1X4+I+G4  4799.994     190 9979.987     10311.403    10743.057
 11  GY+F+G4       4715.277     246 9922.553     10668.099    10910.528
 12  GY+F+I+G4     4712.752     247 9919.503     10675.750    10911.494
 15  MGK+F3X4+G4   4693.036     195 9776.071     10133.268    10559.222
 16  MGK+F3X4+I+G4 4693.534     196 9779.068     10141.622    10566.235
 19  MGK+F1X4+G4   4805.526     189 9989.053     10315.507    10748.107
 20  MGK+F1X4+I+G4 4805.694     190 9991.388     10322.804    10754.458
 23  MG+F3X4+G4    4693.036     194 9774.071     10125.978    10553.206
 24  MG+F3X4+I+G4  4693.534     195 9777.068     10134.264    10560.219
 27  MG+F1X4+G4    4805.634     188 9987.269     10308.825    10742.306
 28  MG+F1X4+I+G4  4805.810     189 9989.620     10316.075    10748.674
 31  KOSI07+F3X4+G4 4823.959     193 10033.918    10380.604    10809.037
 32  KOSI07+F3X4+I+G4 4822.701     194 10033.402    10385.309    10812.537
 35  KOSI07+F1X4+G4 4942.955     187 10259.911    10576.631    11010.932
 36  KOSI07+F1X4+I+G4 4936.316     188 10248.632    10570.189    11003.670
 39  KOSI07+F+G4   4823.870     244 10135.740    10860.346    11115.683
 40  KOSI07+F+I+G4 4821.149     245 10132.297    10867.297    11116.256
 43  KOSI07+FU+G4  4833.865     184 10035.729    10338.307    10774.702
 44  KOSI07+FU+I+G4 4834.071     185 10038.143    10345.375    10781.132
 47  SCHN05+F3X4+G4 4858.436     193 10102.872    10449.557    10877.990
 48  SCHN05+F3X4+I+G4 4856.194     194 10100.388    10452.295    10879.523
 51  SCHN05+F1X4+G4 4974.677     187 10323.355    10640.076    11074.376
 52  SCHN05+F1X4+I+G4 4968.441     188 10312.882    10634.439    11067.920
 55  SCHN05+F+G4   4844.537     244 10177.075    10901.681    11157.017
 56  SCHN05+F+I+G4 4841.598     245 10173.195    10908.195    11157.154
 59  SCHN05+FU+G4  4850.396     184 10068.793    10371.371    10807.766
 60  SCHN05+FU+I+G4 4850.141     185 10070.282    10377.514    10813.271
Akaike Information Criterion:           MG+F3X4+G4
Corrected Akaike Information Criterion: MG+F3X4+G4
Bayesian Information Criterion:         MG+F3X4+G4
Best-fit model: MG+F3X4+G4 chosen according to BIC

All model information printed to CASQ2_MF.model.gz
CPU time for ModelFinder: 4819.637 seconds (1h:20m:19s)
Wall-clock time for ModelFinder: 1302.896 seconds (0h:21m:42s)
WARNING: States(s) CGA, TTA rarely appear in alignment and may cause numerical problems

NOTE: 75 MB RAM (0 GB) is required!
Estimate model parameters (epsilon = 0.100)
1. Initial log-likelihood: -4693.036
Optimal log-likelihood: -4693.036
Nonsynonymous/synonymous ratio (omega): 0.173
Transition/transversion ratio (kappa): 3.636
Gamma shape alpha: 0.809
Parameters optimization took 1 rounds (12.252 sec)
Wrote distance file to... 
Computing ML distances based on estimated model parameters...
Calculating distance matrix: done in 33.3933 secs using 399.2% CPU
Computing ML distances took 33.393916 sec (of wall-clock time) 133.290802 sec (of CPU time)
Setting up auxiliary I and S matrices: done in 0.00214533 secs using 148.4% CPU
Constructing RapidNJ tree: done in 0.0771754 secs using 43.49% CPU
Computing RapidNJ tree took 0.079497 sec (of wall-clock time) 0.036979 sec (of CPU time)
Log-likelihood of RapidNJ tree: -4836.012
--------------------------------------------------------------------
|             INITIALIZING CANDIDATE TREE SET                      |
--------------------------------------------------------------------
Generating 98 parsimony trees... 1.413 second
Computing log-likelihood of 98 initial trees ... 261.341 seconds
Current best score: -4693.036

Do NNI search on 20 best initial trees
Optimizing NNI: done in 9.30269 secs using 362.8% CPU
Estimate model parameters (epsilon = 0.100)
BETTER TREE FOUND at iteration 1: -4693.036
Optimizing NNI: done in 12.0174 secs using 362.6% CPU
Optimizing NNI: done in 11.7954 secs using 361.3% CPU
Optimizing NNI: done in 11.8762 secs using 362.7% CPU
Optimizing NNI: done in 13.4094 secs using 362.8% CPU
Optimizing NNI: done in 9.48845 secs using 363.6% CPU
Optimizing NNI: done in 11.8387 secs using 362.8% CPU
Optimizing NNI: done in 11.5425 secs using 360.6% CPU
Optimizing NNI: done in 11.9799 secs using 361.2% CPU
Optimizing NNI: done in 11.7651 secs using 361.2% CPU
Iteration 10 / LogL: -4709.879 / Time: 0h:7m:22s
Optimizing NNI: done in 12.1036 secs using 362.2% CPU
Optimizing NNI: done in 11.6202 secs using 361.8% CPU
Optimizing NNI: done in 12.324 secs using 363.4% CPU
Optimizing NNI: done in 12.3066 secs using 362.2% CPU
Optimizing NNI: done in 11.7622 secs using 362% CPU
Optimizing NNI: done in 11.8396 secs using 363.1% CPU
Optimizing NNI: done in 12.4471 secs using 362.4% CPU
Optimizing NNI: done in 11.8146 secs using 361.8% CPU
Optimizing NNI: done in 13.0742 secs using 362% CPU
Optimizing NNI: done in 11.9729 secs using 362.1% CPU
Iteration 20 / LogL: -4716.801 / Time: 0h:9m:28s
Finish initializing candidate tree set (20)
Current best tree score: -4693.036 / CPU time: 520.027
Number of iterations: 20
--------------------------------------------------------------------
|               OPTIMIZING CANDIDATE TREE SET                      |
--------------------------------------------------------------------
Optimizing NNI: done in 27.6209 secs using 363.6% CPU
Optimizing NNI: done in 16.368 secs using 366.4% CPU
Optimizing NNI: done in 20.0015 secs using 363.3% CPU
Optimizing NNI: done in 28.9789 secs using 365.4% CPU
Optimizing NNI: done in 25.7094 secs using 363.7% CPU
Optimizing NNI: done in 21.1031 secs using 364.5% CPU
Optimizing NNI: done in 33.4124 secs using 364.3% CPU
Optimizing NNI: done in 21.7391 secs using 365.6% CPU
Optimizing NNI: done in 23.7555 secs using 363.8% CPU
Optimizing NNI: done in 21.7252 secs using 364.5% CPU
Iteration 30 / LogL: -4978.252 / Time: 0h:13m:33s (0h:33m:12s left)
Optimizing NNI: done in 26.0997 secs using 366.3% CPU
Optimizing NNI: done in 19.2316 secs using 363.2% CPU
Optimizing NNI: done in 29.2936 secs using 362.6% CPU
Optimizing NNI: done in 18.7455 secs using 363% CPU
Optimizing NNI: done in 22.7268 secs using 364.1% CPU
Optimizing NNI: done in 30.1223 secs using 364.8% CPU
Optimizing NNI: done in 28.8459 secs using 363.6% CPU
Optimizing NNI: done in 30.7671 secs using 365.4% CPU
Optimizing NNI: done in 15.7028 secs using 361.4% CPU
Optimizing NNI: done in 30.3244 secs using 362.6% CPU
Iteration 40 / LogL: -4928.867 / Time: 0h:17m:50s (0h:27m:53s left)
Optimizing NNI: done in 17.5134 secs using 363.8% CPU
Optimizing NNI: done in 19.8285 secs using 363.9% CPU
Optimizing NNI: done in 19.2245 secs using 364.7% CPU
Optimizing NNI: done in 16.5207 secs using 362.2% CPU
Optimizing NNI: done in 25.9684 secs using 364.7% CPU
Optimizing NNI: done in 23.7292 secs using 361.7% CPU
Optimizing NNI: done in 25.0584 secs using 363.8% CPU
Optimizing NNI: done in 20.9002 secs using 360.9% CPU
Optimizing NNI: done in 38.1385 secs using 363.8% CPU
Optimizing NNI: done in 29.977 secs using 363.9% CPU
Iteration 50 / LogL: -4932.206 / Time: 0h:21m:51s (0h:22m:45s left)
Optimizing NNI: done in 29.6108 secs using 364% CPU
Optimizing NNI: done in 24.075 secs using 365% CPU
Optimizing NNI: done in 23.0792 secs using 363.5% CPU
Optimizing NNI: done in 31.8206 secs using 365.1% CPU
Optimizing NNI: done in 23.7654 secs using 362.6% CPU
Optimizing NNI: done in 23.6695 secs using 363.8% CPU
Optimizing NNI: done in 30.4126 secs using 364.5% CPU
Optimizing NNI: done in 20.0246 secs using 365.4% CPU
Optimizing NNI: done in 35.1769 secs using 363.6% CPU
Optimizing NNI: done in 19.038 secs using 363.2% CPU
Iteration 60 / LogL: -4962.390 / Time: 0h:26m:16s (0h:18m:15s left)
Optimizing NNI: done in 19.0646 secs using 364.8% CPU
Optimizing NNI: done in 41.7266 secs using 364.8% CPU
Optimizing NNI: done in 31.2322 secs using 364.3% CPU
Optimizing NNI: done in 18.1724 secs using 362.8% CPU
Optimizing NNI: done in 14.8351 secs using 362.5% CPU
Optimizing NNI: done in 20.4157 secs using 364.9% CPU
Optimizing NNI: done in 23.6697 secs using 363.9% CPU
Optimizing NNI: done in 33.2089 secs using 363.7% CPU
Optimizing NNI: done in 22.9979 secs using 364.2% CPU
Optimizing NNI: done in 21.8954 secs using 363.1% CPU
Iteration 70 / LogL: -4892.852 / Time: 0h:30m:28s (0h:13m:41s left)
Optimizing NNI: done in 16.7474 secs using 365% CPU
Optimizing NNI: done in 28.7863 secs using 362.5% CPU
Optimizing NNI: done in 21.9886 secs using 363.1% CPU
Optimizing NNI: done in 20.9045 secs using 364.5% CPU
Optimizing NNI: done in 19.872 secs using 361.9% CPU
Optimizing NNI: done in 36.289 secs using 366.1% CPU
Optimizing NNI: done in 17.5999 secs using 362.3% CPU
Optimizing NNI: done in 24.342 secs using 363.3% CPU
Optimizing NNI: done in 25.7239 secs using 362.6% CPU
Optimizing NNI: done in 19.6029 secs using 365.5% CPU
Iteration 80 / LogL: -4933.984 / Time: 0h:34m:25s (0h:9m:8s left)
Optimizing NNI: done in 21.3024 secs using 365.5% CPU
Optimizing NNI: done in 35.1248 secs using 363.8% CPU
Optimizing NNI: done in 23.362 secs using 364.8% CPU
Optimizing NNI: done in 24.192 secs using 363.7% CPU
Optimizing NNI: done in 29.6238 secs using 363.9% CPU
Optimizing NNI: done in 24.5084 secs using 365.1% CPU
Optimizing NNI: done in 21.3872 secs using 366.1% CPU
Optimizing NNI: done in 21.7454 secs using 365.4% CPU
Optimizing NNI: done in 31.3343 secs using 365.5% CPU
Optimizing NNI: done in 24.5798 secs using 363.3% CPU
Iteration 90 / LogL: -4929.232 / Time: 0h:38m:46s (0h:4m:47s left)
Optimizing NNI: done in 30.8475 secs using 363.9% CPU
Optimizing NNI: done in 24.9738 secs using 364% CPU
Optimizing NNI: done in 27.1778 secs using 366.1% CPU
Optimizing NNI: done in 22.1497 secs using 363.4% CPU
Optimizing NNI: done in 20.6661 secs using 363.9% CPU
Optimizing NNI: done in 31.5893 secs using 363.1% CPU
Optimizing NNI: done in 19.0599 secs using 363.8% CPU
Optimizing NNI: done in 28.8453 secs using 364.2% CPU
Optimizing NNI: done in 19.4376 secs using 365.6% CPU
Optimizing NNI: done in 31.8278 secs using 365.9% CPU
Iteration 100 / LogL: -4878.626 / Time: 0h:43m:8s (0h:0m:26s left)
Optimizing NNI: done in 22.1492 secs using 364.4% CPU
Optimizing NNI: done in 20.3837 secs using 365.9% CPU
TREE SEARCH COMPLETED AFTER 102 ITERATIONS / Time: 0h:43m:51s

--------------------------------------------------------------------
|                    FINALIZING TREE SEARCH                        |
--------------------------------------------------------------------
Performs final model parameters optimization
Estimate model parameters (epsilon = 0.010)
1. Initial log-likelihood: -4693.036
Optimal log-likelihood: -4693.036
Nonsynonymous/synonymous ratio (omega): 0.173
Transition/transversion ratio (kappa): 3.636
Gamma shape alpha: 0.809
Parameters optimization took 1 rounds (12.211 sec)
BEST SCORE FOUND : -4693.036
Total tree length: 1.681

Total number of iterations: 102
CPU time used for tree search: 9399.304 sec (2h:36m:39s)
Wall-clock time used for tree search: 2582.847 sec (0h:43m:2s)
Total CPU time used: 9632.909 sec (2h:40m:32s)
Total wall-clock time used: 2643.704 sec (0h:44m:3s)

Analysis results written to: 
  IQ-TREE report:                CASQ2_MF.iqtree
  Maximum-likelihood tree:       CASQ2_MF.treefile
  Likelihood distances:          CASQ2_MF.mldist
  Screen log file:               CASQ2_MF.log

Date and Time: Thu Jan 25 18:17:40 2024
