IQ-TREE multicore version 2.2.0-beta COVID-edition for Linux 64-bit built Dec 21 2021 built Dec 21 2021
Developed by Bui Quang Minh, James Barbetti, Nguyen Lam Tung,
Olga Chernomor, Heiko Schmidt, Dominik Schrempf, Michael Woodhams, Ly Trong Nhan.

Host:    awarnach (SSE3, 15 GB RAM)
Command: iqtree -s codon_alignments_v2_Jan24/HTT_codon_aligned.phy -st CODON -m TEST -pre HTT_MF -nt 4
Seed:    691707 (Using SPRNG - Scalable Parallel Random Number Generator)
Time:    Wed Feb  7 16:31:55 2024
Kernel:  SSE2 - 4 threads (4 CPU cores detected)

Reading alignment file codon_alignments_v2_Jan24/HTT_codon_aligned.phy ... Fasta format detected
Reading fasta file: done in 0.0650699 secs using 68.49% CPU
Alignment most likely contains DNA/RNA sequences
Converting to codon sequences with genetic code  ...
WARNING: Sequence Naasi_HTT has ambiguous character NCC at site 7171
Constructing alignment: done in 0.0259222 secs using 77.04% CPU
WARNING: 1 sites contain only gaps or ambiguous characters.
Alignment has 93 sequences with 3131 columns, 2952 distinct patterns
1390 parsimony-informative, 798 singleton sites, 943 constant sites
                  Gap/Ambiguity  Composition  p-value
Analyzing sequences: done in 0.00151856 secs using 99.5% CPU
   1  Bacu_HTT            0.10%    passed    100.00%
   2  Barn_HTT           54.33%    passed     66.98%
   3  Bbai76728_HTT      19.51%    passed    100.00%
   4  BbonAUS_HTT        18.94%    passed    100.00%
   5  Bbor_HTT           25.93%    passed    100.00%
   6  Bede66737_HTT      22.87%    passed    100.00%
   7  BedeAUS_HTT        25.14%    passed    100.00%
   8  Bmus_HTT            0.06%    passed    100.00%
   9  Bmys_HTT            2.71%    passed    100.00%
  10  Bphy_HTT           12.46%    passed    100.00%
  11  Bphy_baits_HTT     23.19%    passed    100.00%
  12  Btau_HTT            0.19%    failed      0.00%
  13  Ccom40_HTT         34.14%    passed     98.94%
  14  Cela_HTT            0.10%    failed      0.00%
  15  Chea7320_HTT       21.24%    passed    100.00%
  16  Cmar59905_HTT      21.88%    passed    100.00%
  17  Dcap108471_HTT     16.70%    passed    100.00%
  18  Dcap79929_HTT      16.48%    passed    100.00%
  19  DdelSJR_HTT        18.36%    passed    100.00%
  20  Ddeltrop4525_HTT   16.77%    passed    100.00%
  21  Dleu_HTT            0.29%    passed    100.00%
  22  EausAUS_HTT        21.37%    passed    100.00%
  23  Ecab_HTT            0.22%    failed      0.00%
  24  Egla13086_HTT      11.37%    passed    100.00%
  25  Ejap43864_HTT      17.18%    passed    100.00%
  26  Erob133443_HTT     26.29%    passed    100.00%
  27  Fatt_HTT           18.62%    passed    100.00%
  28  Ggri_HTT           15.71%    passed    100.00%
  29  Gmac39091_HTT      18.21%    passed    100.00%
  30  Gmel_HTT            0.26%    passed    100.00%
  31  Hamp_HTT           18.94%    passed    100.00%
  32  Hippo_HTT           0.35%    passed     92.36%
  33  Igeo_HTT           30.73%    passed    100.00%
  34  Kbre_HTT           15.14%    passed    100.00%
  35  Ksim_HTT           18.88%    passed    100.00%
  36  Lacu_HTT           21.11%    passed    100.00%
  37  Lalb_HTT           17.82%    passed    100.00%
  38  Laus_HTT           20.86%    passed    100.00%
  39  Lbor_HTT           28.11%    passed    100.00%
  40  Lhos30470_HTT      14.50%    passed    100.00%
  41  Lhos452_HTT        18.84%    passed    100.00%
  42  Lobl_HTT            0.26%    passed    100.00%
  43  Lobs_HTT           17.57%    passed    100.00%
  44  LperAUS_HTT        24.47%    passed    100.00%
  45  Lvex_HTT            0.89%    passed    100.00%
  46  Mbid_HTT           29.77%    passed     99.99%
  47  Mbow_HTT           22.90%    passed    100.00%
  48  Mcar_HTT           29.86%    passed    100.00%
  49  Mden_HTT           32.03%    passed     99.74%
  50  Meur_HTT           22.96%    passed    100.00%
  51  Mgin_HTT           21.49%    passed    100.00%
  52  MgraAUS_HTT        54.90%    passed     84.24%
  53  Mhec_HTT           27.82%    passed     99.99%
  54  MlayAUS_HTT        29.96%    passed     99.99%
  55  Mmir_HTT           29.00%    passed     99.94%
  56  Mmon_HTT            0.32%    passed    100.00%
  57  Mnov_HTT           17.95%    passed    100.00%
  58  Mper_HTT           20.47%    passed    100.00%
  59  Mpni_HTT           23.76%    passed    100.00%
  60  Mste_HTT           17.15%    passed    100.00%
  61  Naasi_HTT           0.89%    passed    100.00%
  62  Npho_HTT            4.22%    passed    100.00%
  63  Oari_HTT            0.22%    failed      0.00%
  64  Obre_HTT           19.51%    passed    100.00%
  65  Ohei_HTT           16.26%    passed    100.00%
  66  Oorc_HTT            0.29%    passed    100.00%
  67  Pbla7349_HTT       22.74%    passed    100.00%
  68  Pcra123188_HTT     23.60%    passed    100.00%
  69  Pdal_HTT           56.91%    passed     99.99%
  70  Pdio_HTT           16.10%    passed    100.00%
  71  Pele_HTT           21.14%    passed    100.00%
  72  Pcat_HTT            0.13%    passed    100.00%
  73  Pmac_HTT           58.32%    passed     93.65%
  74  Ppho_HTT           24.62%    passed    100.00%
  75  Psin_HTT            0.26%    passed    100.00%
  76  Pspi_HTT           33.63%    passed    100.00%
  77  Satt18473_HTT      18.11%    passed    100.00%
  78  Satt38219_HTT      30.66%    passed    100.00%
  79  Sbre116871_HTT     17.76%    passed    100.00%
  80  Sbre18437_HTT      20.79%    passed    100.00%
  81  Schi_HTT           17.12%    passed    100.00%
  82  Scly1724_HTT       65.31%    passed      6.32%
  83  Scly1726_HTT       17.21%    passed    100.00%
  84  Scoe_HTT           20.12%    passed    100.00%
  85  Sflu9837_HTT       18.30%    passed    100.00%
  86  Sfro7782_HTT       19.90%    passed    100.00%
  87  Sfro7784_HTT       15.04%    passed    100.00%
  88  Slon16012_HTT      22.29%    passed    100.00%
  89  Slon24923_HTT      19.42%    passed    100.00%
  90  Tadu79924_HTT      22.07%    passed    100.00%
  91  Tshe_HTT           20.92%    passed    100.00%
  92  Ttru_HTT            0.32%    passed    100.00%
  93  Zcav_HTT           28.49%    passed    100.00%
WARNING: 5 sequences contain more than 50% gaps/ambiguity
****  TOTAL              19.16%  4 sequences failed composition chi2 test (p-value<5%; df=60)
Checking for duplicate sequences: done in 0.00461964 secs using 137.4% CPU

Creating fast initial parsimony tree by random order stepwise addition...
0.406 seconds, parsimony score: 5089 (based on 2188 sites)
Perform fast likelihood tree search using GY+F3X4+I+G model...
Estimate model parameters (epsilon = 5.000)
Perform nearest neighbor interchange...
Optimizing NNI: done in 159.326 secs using 189.4% CPU
Estimate model parameters (epsilon = 1.000)
1. Initial log-likelihood: -45589.386
2. Current log-likelihood: -45586.162
3. Current log-likelihood: -45583.678
4. Current log-likelihood: -45581.717
5. Current log-likelihood: -45580.156
6. Current log-likelihood: -45578.891
7. Current log-likelihood: -45577.859
Optimal log-likelihood: -45577.010
Nonsynonymous/synonymous ratio (omega): 0.160
Transition/transversion ratio (kappa): 3.525
Proportion of invariable sites: 0.010
Gamma shape alpha: 1.083
Parameters optimization took 7 rounds (1576.971 sec)
Time for fast ML tree search: 4260.282 seconds

NOTE: ModelFinder requires 523 MB RAM!
ModelFinder will test up to 60 codon models (sample size: 3131) ...
 No. Model         -LnL         df  AIC          AICc         BIC
  1  GY+F3X4       45913.580    194 92215.160    92240.929    93388.687
  2  GY+F3X4+I     45594.062    195 91578.124    91604.169    92757.700
  3  GY+F3X4+G4    45181.147    195 90752.294    90778.338    91931.870
  4  GY+F3X4+I+G4  45179.255    196 90750.510    90776.831    91936.135
  7  GY+F1X4+G4    45381.575    189 91141.150    91165.570    92284.431
  8  GY+F1X4+I+G4  45379.787    190 91139.574    91164.261    92288.904
 11  GY+F+G4       44994.613    246 90481.226    90523.363    91969.306
 12  GY+F+I+G4     44992.310    247 90478.620    90521.115    91972.750
 15  MGK+F3X4+G4   45099.995    195 90589.989    90616.033    91769.565
 16  MGK+F3X4+I+G4 45098.991    196 90589.981    90616.302    91775.606
 19  MGK+F1X4+G4   45413.077    189 91204.154    91228.574    92347.435
 20  MGK+F1X4+I+G4 45412.189    190 91204.377    91229.064    92353.708
 23  MG+F3X4+G4    45099.994    194 90587.989    90613.759    91761.516
 24  MG+F3X4+I+G4  45098.991    195 90587.983    90614.027    91767.559
 27  MG+F1X4+G4    45414.834    188 91205.667    91229.822    92342.900
 28  MG+F1X4+I+G4  45413.939    189 91205.878    91230.298    92349.160
 31  KOSI07+F3X4+G4 45285.366    193 90956.732    90982.229    92124.210
 32  KOSI07+F3X4+I+G4 45284.599    194 90957.199    90982.968    92130.725
 35  KOSI07+F1X4+G4 45838.833    187 92051.666    92075.558    93182.850
 36  KOSI07+F1X4+I+G4 45833.398    188 92042.795    92066.950    93180.027
 39  KOSI07+F+G4   45042.116    244 90572.231    90613.659    92048.214
 40  KOSI07+F+I+G4 45040.603    245 90571.206    90612.988    92053.237
 43  KOSI07+FU+G4  45673.666    184 91715.332    91738.442    92828.368
 44  KOSI07+FU+I+G4 45674.336    185 91718.673    91742.041    92837.758
 47  SCHN05+F3X4+G4 45448.602    193 91283.205    91308.702    92450.683
 48  SCHN05+F3X4+I+G4 45445.784    194 91279.568    91305.338    92453.095
 51  SCHN05+F1X4+G4 46053.251    187 92480.503    92504.394    93611.686
 52  SCHN05+F1X4+I+G4 46046.937    188 92469.874    92494.029    93607.106
 55  SCHN05+F+G4   44989.864    244 90467.728    90509.156    91943.710
 56  SCHN05+F+I+G4 44988.378    245 90466.756    90508.538    91948.787
 59  SCHN05+FU+G4  45725.418    184 91818.835    91841.945    92931.871
 60  SCHN05+FU+I+G4 45726.335    185 91822.670    91846.039    92941.755
Akaike Information Criterion:           SCHN05+F+I+G4
Corrected Akaike Information Criterion: SCHN05+F+I+G4
Bayesian Information Criterion:         MG+F3X4+G4
Best-fit model: MG+F3X4+G4 chosen according to BIC

All model information printed to HTT_MF.model.gz
CPU time for ModelFinder: 65481.317 seconds (18h:11m:21s)
Wall-clock time for ModelFinder: 29466.619 seconds (8h:11m:6s)

NOTE: 524 MB RAM (0 GB) is required!
Estimate model parameters (epsilon = 0.100)
1. Initial log-likelihood: -45099.994
Optimal log-likelihood: -45099.994
Nonsynonymous/synonymous ratio (omega): 0.169
Transition/transversion ratio (kappa): 3.515
Gamma shape alpha: 1.158
Parameters optimization took 1 rounds (160.460 sec)
Wrote distance file to... 
Computing ML distances based on estimated model parameters...
Calculating distance matrix: done in 44.3006 secs using 270.6% CPU
Computing ML distances took 44.309164 sec (of wall-clock time) 119.891246 sec (of CPU time)
Setting up auxiliary I and S matrices: done in 0.0212157 secs using 19.33% CPU
Constructing RapidNJ tree: done in 0.97756 secs using 23.92% CPU
Computing RapidNJ tree took 0.999008 sec (of wall-clock time) 0.238173 sec (of CPU time)
Log-likelihood of RapidNJ tree: -45382.676
--------------------------------------------------------------------
|             INITIALIZING CANDIDATE TREE SET                      |
--------------------------------------------------------------------
Generating 98 parsimony trees... 15.880 second
Computing log-likelihood of 98 initial trees ... 3531.656 seconds
Current best score: -45099.994

Do NNI search on 20 best initial trees
Optimizing NNI: done in 129.962 secs using 231.1% CPU
Estimate model parameters (epsilon = 0.100)
BETTER TREE FOUND at iteration 1: -45099.994
Optimizing NNI: done in 125.669 secs using 231.5% CPU
Optimizing NNI: done in 127.372 secs using 232.3% CPU
ERROR: phylokernelnew.h:3332: double PhyloTree::computeLikelihoodFromBufferGenericSIMD() [with VectorClass = Vec2d; bool FMA = false; bool SITE_MODEL = false]: Assertion `std::isfinite(tree_lh) && "Numerical underflow for lh-from-buffer"' failed.
ERROR: STACK TRACE FOR DEBUGGING:
ERROR: 1   funcAbort()
ERROR: 2   ()
ERROR: 3   gsignal()
ERROR: 4   abort()
ERROR: 5   ()
ERROR: 6   double PhyloTree::computeLikelihoodFromBufferGenericSIMD<Vec2d, false, false>()
ERROR: 7   PhyloTree::getBestNNIForBran(PhyloNode*, PhyloNode*, NNIMove*)
ERROR: 8   IQTree::evaluateNNIs(std::map<int, std::pair<Node*, Node*>, std::less<int>, std::allocator<std::pair<int const, std::pair<Node*, Node*> > > >&, std::vector<NNIMove, std::allocator<NNIMove> >&)
ERROR: 9   IQTree::optimizeNNI(bool)
ERROR: 10   IQTree::doNNISearch(bool)
ERROR: 11   IQTree::initCandidateTreeSet(int, int)
ERROR: 12   IQTree::doTreeSearch()
ERROR: 13   runTreeReconstruction(Params&, IQTree*&)
ERROR: 14   runPhyloAnalysis(Params&, Checkpoint*, IQTree*&, Alignment*&)
ERROR: 15   runPhyloAnalysis(Params&, Checkpoint*)
ERROR: 16   main()
ERROR: 17   __libc_start_main()
ERROR: 18   ()
ERROR: 
ERROR: *** IQ-TREE CRASHES WITH SIGNAL ABORTED
ERROR: *** For bug report please send to developers:
ERROR: ***    Log file: HTT_MF.log
ERROR: ***    Alignment files (if possible)
