IQ-TREE multicore version 2.2.0-beta COVID-edition for Linux 64-bit built Dec 21 2021 built Dec 21 2021
Developed by Bui Quang Minh, James Barbetti, Nguyen Lam Tung,
Olga Chernomor, Heiko Schmidt, Dominik Schrempf, Michael Woodhams, Ly Trong Nhan.

Host:    awarnach14 (SSE3, 3 GB RAM)
Command: iqtree -s codon_alignments_v2_Jan24/RYR2_codon_aligned.phy -st CODON -m TEST -pre RYR2_MF -nt 4
Seed:    37699 (Using SPRNG - Scalable Parallel Random Number Generator)
Time:    Wed Jan 24 22:19:02 2024
Kernel:  SSE2 - 4 threads (4 CPU cores detected)

Reading alignment file codon_alignments_v2_Jan24/RYR2_codon_aligned.phy ... Fasta format detected
Reading fasta file: done in 0.0592302 secs using 78.14% CPU
Alignment most likely contains DNA/RNA sequences
Converting to codon sequences with genetic code  ...
WARNING: Sequence Sscr_RYR2 has ambiguous character NCT at site 217
WARNING: Sequence Sscr_RYR2 has ambiguous character NGC at site 6760
WARNING: Sequence Bmus_RYR2 has ambiguous character NTT at site 9106
WARNING: Sequence Bmus_RYR2 has ambiguous character NNT at site 9280
Constructing alignment: done in 0.0497334 secs using 77.07% CPU
Alignment has 94 sequences with 4975 columns, 4171 distinct patterns
1559 parsimony-informative, 1176 singleton sites, 2240 constant sites
                   Gap/Ambiguity  Composition  p-value
Analyzing sequences: done in 0.00217466 secs using 184.2% CPU
   1  Bacu_RYR2            2.03%    passed    100.00%
   2  Barn_RYR2           37.41%    passed    100.00%
   3  Bbai76728_RYR2      21.53%    passed    100.00%
   4  BbonAUS_RYR2        12.98%    passed    100.00%
   5  Bbor_RYR2            9.53%    passed    100.00%
   6  Bede66737_RYR2       8.44%    passed    100.00%
   7  BedeAUS_RYR2        11.36%    passed    100.00%
   8  Bmus_RYR2            0.08%    passed    100.00%
   9  Bmys_RYR2           66.55%    passed     46.68%
  10  Bphy_RYR2           14.55%    passed    100.00%
  11  Bphy_baits_RYR2     15.68%    passed    100.00%
  12  Bric_RYR2            0.08%    passed    100.00%
  13  Btau_RYR2            0.00%    passed     54.41%
  14  Ccom40_RYR2         19.26%    passed    100.00%
  15  Chea7320_RYR2        9.67%    passed    100.00%
  16  Cmar59905_RYR2      15.24%    passed    100.00%
  17  Dcap108471_RYR2      9.33%    passed    100.00%
  18  Dcap79929_RYR2      14.41%    passed    100.00%
  19  DdelSJR_RYR2         7.70%    passed    100.00%
  20  Ddel_RYR2            0.44%    passed    100.00%
  21  Ddeltrop4525_RYR2   10.19%    passed    100.00%
  22  Dleu_RYR2            0.42%    passed    100.00%
  23  EausAUS_RYR2         8.30%    passed    100.00%
  24  Ecab_RYR2            0.14%    passed     19.61%
  25  Egla13086_RYR2      12.70%    passed    100.00%
  26  Ejap43864_RYR2      10.69%    passed    100.00%
  27  Erob133443_RYR2     10.97%    passed    100.00%
  28  Fatt_RYR2            7.94%    passed    100.00%
  29  Ggri_RYR2            7.68%    passed    100.00%
  30  Gmac39091_RYR2       8.08%    passed    100.00%
  31  Gmel_RYR2            0.44%    passed    100.00%
  32  Hamp_RYR2            8.44%    passed    100.00%
  33  Hippo_RYR2           0.38%    passed    100.00%
  34  Igeo_RYR2           29.21%    passed    100.00%
  35  Kbre_RYR2            0.52%    passed    100.00%
  36  Ksim_RYR2           13.49%    passed    100.00%
  37  Lacu_RYR2           10.63%    passed    100.00%
  38  Lalb_RYR2            0.42%    passed    100.00%
  39  Laus_RYR2            7.50%    passed    100.00%
  40  Lbor_RYR2           15.40%    passed    100.00%
  41  Lhos30470_RYR2      17.49%    passed    100.00%
  42  Lhos452_RYR2         9.09%    passed    100.00%
  43  Lobl_RYR2            0.28%    passed    100.00%
  44  Lobs_RYR2           10.39%    passed    100.00%
  45  LperAUS_RYR2        10.77%    passed    100.00%
  46  Mbid_RYR2           27.12%    passed    100.00%
  47  Mbow_RYR2           11.12%    passed    100.00%
  48  Mcar_RYR2            8.78%    passed    100.00%
  49  Mden_RYR2            0.00%    passed    100.00%
  50  Meur_RYR2           10.33%    passed    100.00%
  51  Mgin_RYR2            8.98%    passed    100.00%
  52  MgraAUS_RYR2        37.21%    passed    100.00%
  53  Mhec_RYR2           13.87%    passed    100.00%
  54  MlayAUS_RYR2         8.32%    passed    100.00%
  55  Mmir_RYR2           18.19%    passed    100.00%
  56  Mmon_RYR2            0.68%    passed    100.00%
  57  Mper_RYR2           10.65%    passed    100.00%
  58  Mpni_RYR2           11.82%    passed    100.00%
  59  Mste_RYR2           11.16%    passed    100.00%
  60  Naasi_RYR2           0.28%    passed    100.00%
  61  Npho_RYR2            7.64%    passed    100.00%
  62  Oari_RYR2            0.00%    passed     89.50%
  63  Obre_RYR2            7.52%    passed    100.00%
  64  Ohei_RYR2            9.23%    passed    100.00%
  65  Oorc_RYR2            0.44%    passed    100.00%
  66  Ovtex_RYR2           3.96%    passed     91.38%
  67  Pbla7349_RYR2       14.01%    passed    100.00%
  68  Pcat_RYR2            0.40%    passed    100.00%
  69  Pcra123188_RYR2      9.59%    passed    100.00%
  70  Pdal_RYR2           36.20%    passed    100.00%
  71  Pdio_RYR2            9.29%    passed    100.00%
  72  Pele_RYR2            9.43%    passed    100.00%
  73  Pmac_RYR2           43.14%    passed     70.70%
  74  Ppho_RYR2           13.91%    passed    100.00%
  75  Psin_RYR2            0.30%    passed    100.00%
  76  Pspi_RYR2           17.03%    passed    100.00%
  77  Satt18473_RYR2       9.45%    passed    100.00%
  78  Satt38219_RYR2      11.64%    passed    100.00%
  79  Sbre116871_RYR2      7.62%    passed    100.00%
  80  Sbre18437_RYR2       9.43%    passed    100.00%
  81  Schi_RYR2            9.25%    passed    100.00%
  82  Scly1724_RYR2       29.99%    passed    100.00%
  83  Scly1726_RYR2        8.08%    passed    100.00%
  84  Scoe_RYR2           13.29%    passed    100.00%
  85  Sflu9837_RYR2       10.55%    passed    100.00%
  86  Sfro7782_RYR2       18.47%    passed    100.00%
  87  Sfro7784_RYR2        8.12%    passed    100.00%
  88  Slon16012_RYR2       8.94%    passed    100.00%
  89  Slon24923_RYR2       7.18%    passed    100.00%
  90  Sscr_RYR2            0.04%    passed     99.98%
  91  Tadu79924_RYR2      10.99%    passed    100.00%
  92  Tshe_RYR2            9.35%    passed    100.00%
  93  Ttru_RYR2            0.60%    passed    100.00%
  94  Zcav_RYR2           20.68%    passed    100.00%
WARNING: 1 sequences contain more than 50% gaps/ambiguity
****  TOTAL               11.09%  0 sequences failed composition chi2 test (p-value<5%; df=60)
Checking for duplicate sequences: done in 0.00629909 secs using 134% CPU

Creating fast initial parsimony tree by random order stepwise addition...
0.399 seconds, parsimony score: 5473 (based on 2735 sites)
Perform fast likelihood tree search using GY+F3X4+I+G model...
Estimate model parameters (epsilon = 5.000)
Perform nearest neighbor interchange...
Optimizing NNI: done in 154.89 secs using 392.7% CPU
Estimate model parameters (epsilon = 1.000)
1. Initial log-likelihood: -58702.162
2. Current log-likelihood: -58697.338
3. Current log-likelihood: -58694.467
4. Current log-likelihood: -58692.206
5. Current log-likelihood: -58690.389
6. Current log-likelihood: -58688.588
7. Current log-likelihood: -58687.048
8. Current log-likelihood: -58685.794
9. Current log-likelihood: -58684.649
10. Current log-likelihood: -58683.479
Optimal log-likelihood: -58682.557
Nonsynonymous/synonymous ratio (omega): 0.001
Transition/transversion ratio (kappa): 24.148
Proportion of invariable sites: 0.021
Gamma shape alpha: 0.576
Parameters optimization took 10 rounds (2171.172 sec)
Time for fast ML tree search: 4609.056 seconds

NOTE: ModelFinder requires 743 MB RAM!
ModelFinder will test up to 60 codon models (sample size: 4975) ...
 No. Model         -LnL         df  AIC          AICc         BIC
Nonsynonymous/synonymous ratio (omega): 0.001
Transition/transversion ratio (kappa): 24.148
WARNING: Numerical underflow for lh-derivative
Nonsynonymous/synonymous ratio (omega): 0.001
Transition/transversion ratio (kappa): 24.148
WARNING: Numerical underflow for lh-derivative
Nonsynonymous/synonymous ratio (omega): 0.001
Transition/transversion ratio (kappa): 24.148
WARNING: Numerical underflow for lh-derivative
  1  GY+F3X4       54811.162    196 110014.324   110030.486   111290.711
  2  GY+F3X4+I     54231.202    197 108856.403   108872.734   110139.303
  3  GY+F3X4+G4    53769.675    197 107933.350   107949.681   109216.250
  4  GY+F3X4+I+G4  53764.145    198 107924.291   107940.791   109213.702
  7  GY+F1X4+G4    53825.452    191 108032.904   108048.238   109276.730
  8  GY+F1X4+I+G4  53825.085    192 108034.171   108049.669   109284.509
 11  GY+F+G4       53518.635    248 107533.270   107559.403   109148.291
 12  GY+F+I+G4     53517.813    249 107533.626   107559.976   109155.159
 15  MGK+F3X4+G4   53559.450    197 107512.899   107529.230   108795.799
 16  MGK+F3X4+I+G4 53559.159    198 107514.319   107530.819   108803.731
 19  MGK+F1X4+G4   53785.724    191 107953.448   107968.782   109197.274
 20  MGK+F1X4+I+G4 53785.376    192 107954.753   107970.251   109205.092
 23  MG+F3X4+G4    53559.450    196 107510.899   107527.062   108787.287
 24  MG+F3X4+I+G4  53559.159    197 107512.319   107528.650   108795.218
 27  MG+F1X4+G4    53785.816    190 107951.632   107966.804   109188.947
 28  MG+F1X4+I+G4  53785.469    191 107952.938   107968.272   109196.764
 31  KOSI07+F3X4+G4 53825.442    195 108040.883   108056.878   109310.759
 32  KOSI07+F3X4+I+G4 53825.207    196 108042.414   108058.576   109318.801
 35  KOSI07+F1X4+G4 54133.448    189 108644.897   108659.906   109875.699
 36  KOSI07+F1X4+I+G4 54130.788    190 108641.576   108656.748   109878.891
 39  KOSI07+F+G4   53500.294    246 107492.588   107518.291   109094.584
 40  KOSI07+F+I+G4 53500.099    247 107494.199   107520.116   109102.707
 43  KOSI07+FU+G4  53545.312    186 107462.623   107477.152   108673.889
 44  KOSI07+FU+I+G4 53545.309    187 107464.618   107479.306   108682.396
 47  SCHN05+F3X4+G4 53781.785    195 107953.571   107969.566   109223.446
 48  SCHN05+F3X4+I+G4 53781.203    196 107954.405   107970.567   109230.792
 51  SCHN05+F1X4+G4 54044.315    189 108466.631   108481.640   109697.433
 52  SCHN05+F1X4+I+G4 54041.830    190 108463.659   108478.831   109700.974
 55  SCHN05+F+G4   53281.342    246 107054.684   107080.387   108656.681
 56  SCHN05+F+I+G4 53281.351    247 107056.701   107082.619   108665.210
 59  SCHN05+FU+G4  53261.353    186 106894.706   106909.235   108105.972
 60  SCHN05+FU+I+G4 53261.449    187 106896.899   106911.587   108114.677
Akaike Information Criterion:           SCHN05+FU+G4
Corrected Akaike Information Criterion: SCHN05+FU+G4
Bayesian Information Criterion:         SCHN05+FU+G4
Best-fit model: SCHN05+FU+G4 chosen according to BIC

All model information printed to RYR2_MF.model.gz
CPU time for ModelFinder: 62018.466 seconds (17h:13m:38s)
Wall-clock time for ModelFinder: 15751.074 seconds (4h:22m:31s)

NOTE: 744 MB RAM (0 GB) is required!
Estimate model parameters (epsilon = 0.100)
1. Initial log-likelihood: -53261.353
Optimal log-likelihood: -53261.353
Nonsynonymous/synonymous ratio (omega): 0.068
Transition/transversion ratio (kappa): 3.266
Gamma shape alpha: 0.888
Parameters optimization took 1 rounds (72.759 sec)
Wrote distance file to... 
Computing ML distances based on estimated model parameters...
Calculating distance matrix: done in 42.5995 secs using 399.7% CPU
Computing ML distances took 42.603276 sec (of wall-clock time) 170.257677 sec (of CPU time)
Setting up auxiliary I and S matrices: done in 0.000913 secs using 168.5% CPU
Constructing RapidNJ tree: done in 0.0635508 secs using 49.72% CPU
Computing RapidNJ tree took 0.064647 sec (of wall-clock time) 0.033235 sec (of CPU time)
Log-likelihood of RapidNJ tree: -53417.554
--------------------------------------------------------------------
|             INITIALIZING CANDIDATE TREE SET                      |
--------------------------------------------------------------------
Generating 98 parsimony trees... 12.106 second
Computing log-likelihood of 98 initial trees ... 2596.896 seconds
Current best score: -53238.530

Do NNI search on 20 best initial trees
Optimizing NNI: done in 152.684 secs using 392.7% CPU
Estimate model parameters (epsilon = 0.100)
BETTER TREE FOUND at iteration 1: -53182.476
Optimizing NNI: done in 156.428 secs using 391.4% CPU
Optimizing NNI: done in 150.311 secs using 392.6% CPU
Optimizing NNI: done in 151.785 secs using 392.9% CPU
Optimizing NNI: done in 156.79 secs using 393.8% CPU
Optimizing NNI: done in 154.569 secs using 392.5% CPU
Optimizing NNI: done in 157.139 secs using 392.6% CPU
Optimizing NNI: done in 98.6099 secs using 392% CPU
Optimizing NNI: done in 154.598 secs using 392.8% CPU
Optimizing NNI: done in 152.773 secs using 391.7% CPU
Iteration 10 / LogL: -53209.935 / Time: 1h:14m:19s
Optimizing NNI: done in 152.935 secs using 393.2% CPU
Optimizing NNI: done in 156.373 secs using 392.1% CPU
Optimizing NNI: done in 154.897 secs using 393.1% CPU
Optimizing NNI: done in 149.034 secs using 392.5% CPU
Optimizing NNI: done in 151.113 secs using 392.7% CPU
Optimizing NNI: done in 152.292 secs using 393.2% CPU
Optimizing NNI: done in 154.258 secs using 392.5% CPU
Optimizing NNI: done in 159.917 secs using 394% CPU
Optimizing NNI: done in 157.46 secs using 392.6% CPU
Optimizing NNI: done in 160.168 secs using 393.3% CPU
Iteration 20 / LogL: -53251.130 / Time: 1h:40m:51s
Finish initializing candidate tree set (20)
Current best tree score: -53182.476 / CPU time: 5908.436
Number of iterations: 20
--------------------------------------------------------------------
|               OPTIMIZING CANDIDATE TREE SET                      |
--------------------------------------------------------------------
Optimizing NNI: done in 213.081 secs using 393.8% CPU
Optimizing NNI: done in 175.343 secs using 392.5% CPU
Optimizing NNI: done in 277.495 secs using 392.9% CPU
Optimizing NNI: done in 194.855 secs using 392.8% CPU
Optimizing NNI: done in 181.671 secs using 392.7% CPU
Optimizing NNI: done in 270.133 secs using 393% CPU
Optimizing NNI: done in 175.84 secs using 393% CPU
Optimizing NNI: done in 213.639 secs using 391.2% CPU
Optimizing NNI: done in 184.328 secs using 393.1% CPU
Optimizing NNI: done in 267.438 secs using 393.6% CPU
Iteration 30 / LogL: -54956.431 / Time: 2h:17m:28s (5h:36m:34s left)
Optimizing NNI: done in 220.147 secs using 392.8% CPU
Optimizing NNI: done in 230.085 secs using 392.8% CPU
Optimizing NNI: done in 270.861 secs using 393.3% CPU
Optimizing NNI: done in 185.31 secs using 393.1% CPU
Optimizing NNI: done in 156.258 secs using 393.3% CPU
Optimizing NNI: done in 242.628 secs using 393.9% CPU
Optimizing NNI: done in 170.867 secs using 393.9% CPU
Optimizing NNI: done in 225.677 secs using 392.8% CPU
Optimizing NNI: done in 239.439 secs using 393.1% CPU
Optimizing NNI: done in 208.155 secs using 392.4% CPU
Iteration 40 / LogL: -54707.431 / Time: 2h:54m:1s (4h:32m:11s left)
Optimizing NNI: done in 154.098 secs using 393.5% CPU
Optimizing NNI: done in 195.093 secs using 393% CPU
Optimizing NNI: done in 274.483 secs using 392.5% CPU
Optimizing NNI: done in 301.023 secs using 392.9% CPU
Optimizing NNI: done in 251.42 secs using 392.8% CPU
Optimizing NNI: done in 149.824 secs using 394.3% CPU
Optimizing NNI: done in 224.961 secs using 392.5% CPU
Optimizing NNI: done in 192.196 secs using 393.5% CPU
Optimizing NNI: done in 261.275 secs using 392.9% CPU
Optimizing NNI: done in 164.146 secs using 393.5% CPU
Iteration 50 / LogL: -53920.572 / Time: 3h:30m:53s (3h:39m:30s left)
Optimizing NNI: done in 267.289 secs using 392.6% CPU
Optimizing NNI: done in 528.517 secs using 392.1% CPU
Optimizing NNI: done in 182.077 secs using 391.8% CPU
Optimizing NNI: done in 325.793 secs using 392.8% CPU
Optimizing NNI: done in 309.987 secs using 393.4% CPU
Optimizing NNI: done in 290.765 secs using 393.1% CPU
Optimizing NNI: done in 183.415 secs using 393.6% CPU
Optimizing NNI: done in 168.139 secs using 392.7% CPU
Optimizing NNI: done in 194.29 secs using 393% CPU
Optimizing NNI: done in 203.237 secs using 391.9% CPU
Iteration 60 / LogL: -54540.532 / Time: 4h:15m:50s (2h:57m:47s left)
Optimizing NNI: done in 183.097 secs using 392% CPU
Optimizing NNI: done in 143.42 secs using 394.1% CPU
Optimizing NNI: done in 168.006 secs using 392.4% CPU
Optimizing NNI: done in 341.476 secs using 392.6% CPU
Optimizing NNI: done in 175.21 secs using 393.5% CPU
Optimizing NNI: done in 127.452 secs using 393.3% CPU
Optimizing NNI: done in 218.284 secs using 392.2% CPU
Optimizing NNI: done in 216.387 secs using 392.1% CPU
Optimizing NNI: done in 285.524 secs using 392.3% CPU
Optimizing NNI: done in 128.066 secs using 393.5% CPU
Iteration 70 / LogL: -54039.120 / Time: 4h:49m:40s (2h:10m:8s left)
Optimizing NNI: done in 179.408 secs using 393.8% CPU
Optimizing NNI: done in 308.069 secs using 393.2% CPU
Optimizing NNI: done in 151.256 secs using 393.8% CPU
Optimizing NNI: done in 329.208 secs using 393.4% CPU
Optimizing NNI: done in 189.762 secs using 393.7% CPU
Optimizing NNI: done in 188.156 secs using 393.2% CPU
Optimizing NNI: done in 236.835 secs using 391.9% CPU
Optimizing NNI: done in 150.917 secs using 393.5% CPU
Optimizing NNI: done in 208.225 secs using 393.6% CPU
Optimizing NNI: done in 235.788 secs using 393.7% CPU
Iteration 80 / LogL: -54362.848 / Time: 5h:26m:41s (1h:26m:50s left)
Optimizing NNI: done in 192.172 secs using 393.8% CPU
Optimizing NNI: done in 275.941 secs using 393.5% CPU
Optimizing NNI: done in 198.02 secs using 392.3% CPU
Optimizing NNI: done in 298.531 secs using 391.7% CPU
Optimizing NNI: done in 181.703 secs using 393.1% CPU
Optimizing NNI: done in 338.113 secs using 393.6% CPU
Optimizing NNI: done in 273.607 secs using 393.3% CPU
Optimizing NNI: done in 233.126 secs using 392.6% CPU
Optimizing NNI: done in 180.193 secs using 392.7% CPU
Optimizing NNI: done in 316.272 secs using 392.7% CPU
Iteration 90 / LogL: -54888.715 / Time: 6h:8m:52s (0h:45m:35s left)
Optimizing NNI: done in 278.915 secs using 394.1% CPU
Optimizing NNI: done in 253.398 secs using 394.2% CPU
Optimizing NNI: done in 214.188 secs using 393.3% CPU
Optimizing NNI: done in 217.981 secs using 392.7% CPU
Optimizing NNI: done in 287.658 secs using 393.1% CPU
Optimizing NNI: done in 215.859 secs using 393.8% CPU
Optimizing NNI: done in 172.266 secs using 393.1% CPU
Optimizing NNI: done in 356.63 secs using 391.9% CPU
Optimizing NNI: done in 225.954 secs using 392.1% CPU
Optimizing NNI: done in 188.903 secs using 392.6% CPU
Iteration 100 / LogL: -55339.456 / Time: 6h:49m:47s (0h:4m:8s left)
Optimizing NNI: done in 206.042 secs using 393% CPU
Optimizing NNI: done in 136.65 secs using 392.8% CPU
TREE SEARCH COMPLETED AFTER 102 ITERATIONS / Time: 6h:55m:39s

--------------------------------------------------------------------
|                    FINALIZING TREE SEARCH                        |
--------------------------------------------------------------------
Performs final model parameters optimization
Estimate model parameters (epsilon = 0.010)
1. Initial log-likelihood: -53182.476
Optimal log-likelihood: -53182.476
Nonsynonymous/synonymous ratio (omega): 0.068
Transition/transversion ratio (kappa): 3.266
Gamma shape alpha: 0.864
Parameters optimization took 1 rounds (73.933 sec)
BEST SCORE FOUND : -53182.476
Total tree length: 1.207

Total number of iterations: 102
CPU time used for tree search: 97403.636 sec (27h:3m:23s)
Wall-clock time used for tree search: 24796.791 sec (6h:53m:16s)
Total CPU time used: 98255.568 sec (27h:17m:35s)
Total wall-clock time used: 25013.472 sec (6h:56m:53s)

Analysis results written to: 
  IQ-TREE report:                RYR2_MF.iqtree
  Maximum-likelihood tree:       RYR2_MF.treefile
  Likelihood distances:          RYR2_MF.mldist
  Screen log file:               RYR2_MF.log

Date and Time: Thu Jan 25 09:38:26 2024
