IQ-TREE multicore version 2.2.0-beta COVID-edition for Linux 64-bit built Dec 21 2021 built Dec 21 2021
Developed by Bui Quang Minh, James Barbetti, Nguyen Lam Tung,
Olga Chernomor, Heiko Schmidt, Dominik Schrempf, Michael Woodhams, Ly Trong Nhan.

Host:    awarnach (SSE3, 15 GB RAM)
Command: iqtree -s codon_alignments_edited/PCDH15_codon_aligned.phy -st CODON -m TEST -o Mmus_PCDH15 -pre PCDH15 -nt 4
Seed:    771887 (Using SPRNG - Scalable Parallel Random Number Generator)
Time:    Wed Nov 22 22:16:42 2023
Kernel:  SSE2 - 4 threads (4 CPU cores detected)

Reading alignment file codon_alignments_edited/PCDH15_codon_aligned.phy ... Phylip format detected
Alignment most likely contains DNA/RNA sequences
Converting to codon sequences with genetic code  ...
WARNING: Sequence Sscr_PCDH15 has ambiguous character NAG at site 2359
WARNING: Sequence Sscr_PCDH15 has ambiguous character NAG at site 2461
WARNING: Sequence Sscr_PCDH15 has ambiguous character NGT at site 2497
WARNING: Sequence Psin_PCDH15 has ambiguous character NAA at site 3961
Constructing alignment: done in 0.0201453 secs using 69.27% CPU
Alignment has 98 sequences with 1784 columns, 1727 distinct patterns
991 parsimony-informative, 491 singleton sites, 302 constant sites
                     Gap/Ambiguity  Composition  p-value
Analyzing sequences: done in 0.00324502 secs using 187.5% CPU
   1  Bacu_PCDH15            2.19%    passed     91.74%
   2  Barn_PCDH15           45.96%    passed    100.00%
   3  Bbai76728_PCDH15      35.65%    passed    100.00%
   4  BbonAUS_PCDH15        23.71%    passed    100.00%
   5  Bbor_PCDH15           25.11%    passed    100.00%
   6  Bede66737_PCDH15      25.11%    passed    100.00%
   7  BedeAUS_PCDH15        25.11%    passed    100.00%
   8  Bmus_PCDH15            2.19%    passed     90.30%
   9  Bmys_PCDH15           83.52%    passed     41.05%
  10  Bphy_PCDH15           89.91%    passed      5.62%
  11  Bphy_baits_PCDH15     30.27%    passed    100.00%
  12  Btau_PCDH15            0.50%    passed     49.07%
  13  Ccom40_PCDH15         30.66%    passed    100.00%
  14  Cela_PCDH15            8.74%    passed    100.00%
  15  Chea7320_PCDH15       29.88%    passed    100.00%
  16  Clfam_PCDH15           3.64%    failed      0.00%
  17  Cmar59905_PCDH15      26.01%    passed    100.00%
  18  Dcap108471_PCDH15     23.32%    passed    100.00%
  19  Dcap79929_PCDH15      34.92%    passed    100.00%
  20  DdelSJR_PCDH15        23.26%    passed    100.00%
  21  Ddeltrop4525_PCDH15   25.67%    passed    100.00%
  22  Dleu_PCDH15            0.50%    passed     77.48%
  23  EausAUS_PCDH15        23.71%    passed    100.00%
  24  Ecab_PCDH15            0.39%    failed      2.26%
  25  Egla13086_PCDH15      27.35%    passed    100.00%
  26  Ejap43864_PCDH15      23.71%    passed    100.00%
  27  Erob133443_PCDH15     25.84%    passed    100.00%
  28  Fatt_PCDH15           23.26%    passed    100.00%
  29  Ggri_PCDH15           23.26%    passed    100.00%
  30  Gmac39091_PCDH15      23.26%    passed    100.00%
  31  Gmel_PCDH15            0.28%    passed     77.31%
  32  Hamp_PCDH15            2.19%    passed     52.12%
  33  Hippo_PCDH15          25.28%    passed    100.00%
  34  Hpla9120_PCDH15       83.63%    passed     69.09%
  35  Hsap_PCDH15            8.80%    passed     98.76%
  36  Igeo_PCDH15           48.99%    passed    100.00%
  37  Kbre_PCDH15           24.94%    passed    100.00%
  38  Ksim_PCDH15           31.89%    passed    100.00%
  39  Lacu_PCDH15           24.78%    passed    100.00%
  40  Lalb_PCDH15           23.26%    passed    100.00%
  41  Laus_PCDH15           26.18%    passed    100.00%
  42  Lbor_PCDH15           32.17%    passed    100.00%
  43  Lhos30470_PCDH15      34.98%    passed    100.00%
  44  Lhos452_PCDH15        23.26%    passed    100.00%
  45  Lobl_PCDH15            2.30%    passed     83.18%
  46  Lobs_PCDH15           25.39%    passed    100.00%
  47  LperAUS_PCDH15        23.32%    passed    100.00%
  48  Lvex_PCDH15           18.89%    failed      1.09%
  49  Mbid_PCDH15           41.82%    passed    100.00%
  50  Mbow_PCDH15           23.54%    passed    100.00%
  51  Mcar_PCDH15           23.54%    passed    100.00%
  52  Mden_PCDH15           28.14%    passed    100.00%
  53  Meur_PCDH15           23.54%    passed    100.00%
  54  Mgin_PCDH15           23.60%    passed    100.00%
  55  MgraAUS_PCDH15        38.68%    passed    100.00%
  56  Mhec_PCDH15           23.54%    passed    100.00%
  57  MlayAUS_PCDH15        23.54%    passed    100.00%
  58  Mmir_PCDH15           26.35%    passed    100.00%
  59  Mmon_PCDH15            0.11%    passed     70.60%
  60  Mmus_PCDH15            0.22%    failed      0.00%
  61  Mper_PCDH15           23.54%    passed    100.00%
  62  Mpni_PCDH15           23.65%    passed    100.00%
  63  Mste_PCDH15           23.54%    passed    100.00%
  64  Naasi_PCDH15           0.39%    passed     43.01%
  65  Npho_PCDH15           30.89%    passed    100.00%
  66  Oari_PCDH15            0.56%    passed     33.27%
  67  Obre_PCDH15           23.26%    passed    100.00%
  68  Ohei_PCDH15           27.69%    passed    100.00%
  69  Oorc_PCDH15            1.74%    passed     78.41%
  70  Pbla7349_PCDH15       32.34%    passed    100.00%
  71  Pcat_PCDH15            2.24%    passed     87.32%
  72  Pcra123188_PCDH15     25.34%    passed    100.00%
  73  Pdal_PCDH15           52.02%    passed     99.69%
  74  Pdio_PCDH15           26.18%    passed    100.00%
  75  Pele_PCDH15           25.34%    passed    100.00%
  76  Pleo_PCDH15            0.78%    failed      0.00%
  77  Pmac_PCDH15           25.28%    passed    100.00%
  78  Ppho_PCDH15           29.88%    passed    100.00%
  79  Psin_PCDH15            0.78%    passed     67.31%
  80  Pspi_PCDH15           29.93%    passed    100.00%
  81  Satt18473_PCDH15      26.85%    passed    100.00%
  82  Satt38219_PCDH15      25.39%    passed    100.00%
  83  Sbre116871_PCDH15     23.26%    passed    100.00%
  84  Sbre18437_PCDH15      25.45%    passed    100.00%
  85  Schi_PCDH15           23.21%    passed    100.00%
  86  Scly1724_PCDH15       42.99%    passed    100.00%
  87  Scly1726_PCDH15       25.45%    passed    100.00%
  88  Scoe_PCDH15           31.45%    passed    100.00%
  89  Sflu9837_PCDH15       23.32%    passed    100.00%
  90  Sfro7782_PCDH15       37.56%    passed    100.00%
  91  Sfro7784_PCDH15       23.26%    passed    100.00%
  92  Slon16012_PCDH15      23.26%    passed    100.00%
  93  Slon24923_PCDH15      23.26%    passed    100.00%
  94  Sscr_PCDH15            0.22%    passed     27.50%
  95  Tadu79924_PCDH15      23.26%    passed    100.00%
  96  Tshe_PCDH15           23.54%    passed    100.00%
  97  Ttru_PCDH15            0.22%    passed     77.27%
  98  Zcav_PCDH15           31.73%    passed    100.00%
WARNING: 4 sequences contain more than 50% gaps/ambiguity
****  TOTAL                 23.91%  5 sequences failed composition chi2 test (p-value<5%; df=60)
NOTE: BedeAUS_PCDH15 is identical to Bede66737_PCDH15 but kept for subsequent analysis
Checking for duplicate sequences: done in 0.00530445 secs using 119.8% CPU

Creating fast initial parsimony tree by random order stepwise addition...
0.275 seconds, parsimony score: 4375 (based on 1482 sites)
Perform fast likelihood tree search using GY+F3X4+I+G model...
Estimate model parameters (epsilon = 5.000)
Perform nearest neighbor interchange...
Optimizing NNI: done in 78.1299 secs using 361.2% CPU
Estimate model parameters (epsilon = 1.000)
1. Initial log-likelihood: -33858.826
2. Current log-likelihood: -33855.919
3. Current log-likelihood: -33854.868
Optimal log-likelihood: -33854.371
Nonsynonymous/synonymous ratio (omega): 0.207
Transition/transversion ratio (kappa): 2.038
Proportion of invariable sites: 0.000
Gamma shape alpha: 0.605
Parameters optimization took 3 rounds (235.534 sec)
Time for fast ML tree search: 864.617 seconds

NOTE: ModelFinder requires 327 MB RAM!
ModelFinder will test up to 60 codon models (sample size: 1784) ...
 No. Model         -LnL         df  AIC          AICc         BIC
  1  GY+F3X4       34746.125    204 69900.249    69953.219    71019.518
  2  GY+F3X4+I     34361.156    205 69132.311    69185.835    70257.067
  3  GY+F3X4+G4    33184.031    205 66778.062    66831.586    67902.818
  4  GY+F3X4+I+G4  33183.763    206 66779.526    66833.606    67909.768
  7  GY+F1X4+G4    33015.147    199 66428.295    66478.547    67520.131
  8  GY+F1X4+I+G4  33014.965    200 66429.931    66480.721    67527.254
 11  GY+F+G4       33054.458    256 66620.915    66707.087    68025.488
 12  GY+F+I+G4     33054.230    257 66622.460    66709.362    68032.520
 15  MGK+F3X4+G4   32980.572    205 66371.144    66424.667    67495.900
 16  MGK+F3X4+I+G4 32980.373    206 66372.746    66426.826    67502.988
 19  MGK+F1X4+G4   33009.732    199 66417.465    66467.717    67509.301
 20  MGK+F1X4+I+G4 33009.546    200 66419.092    66469.881    67516.414
 23  MG+F3X4+G4    32980.572    204 66369.143    66422.114    67488.413
 24  MG+F3X4+I+G4  32980.373    205 66370.746    66424.269    67495.501
 27  MG+F1X4+G4    33009.751    198 66415.502    66465.221    67501.852
 28  MG+F1X4+I+G4  33009.565    199 66417.130    66467.383    67508.966
 31  KOSI07+F3X4+G4 33103.367    203 66612.735    66665.155    67726.517
 32  KOSI07+F3X4+I+G4 33103.271    204 66614.543    66667.513    67733.812
 35  KOSI07+F1X4+G4 33191.307    197 66776.615    66825.803    67857.478
 36  KOSI07+F1X4+I+G4 33191.160    198 66778.319    66828.038    67864.669
 39  KOSI07+F+G4   32989.965    254 66487.931    66572.653    67881.531
 40  KOSI07+F+I+G4 32989.891    255 66489.782    66575.227    67888.868
 43  KOSI07+FU+G4  32904.018    194 66196.036    66243.650    67260.439
 44  KOSI07+FU+I+G4 32903.981    195 66197.962    66246.098    67267.852
 47  SCHN05+F3X4+G4 33720.388    203 67846.776    67899.196    68960.559
 48  SCHN05+F3X4+I+G4 33720.198    204 67848.396    67901.366    68967.665
 51  SCHN05+F1X4+G4 33760.225    197 67914.450    67963.638    68995.313
 52  SCHN05+F1X4+I+G4 33760.030    198 67916.059    67965.778    69002.409
 55  SCHN05+F+G4   33465.841    254 67439.681    67524.403    68833.281
 56  SCHN05+F+I+G4 33465.705    255 67441.411    67526.856    68840.497
 59  SCHN05+FU+G4  33333.506    194 67055.012    67102.626    68119.414
 60  SCHN05+FU+I+G4 33333.437    195 67056.873    67105.009    68126.763
Akaike Information Criterion:           KOSI07+FU+G4
Corrected Akaike Information Criterion: KOSI07+FU+G4
Bayesian Information Criterion:         KOSI07+FU+G4
Best-fit model: KOSI07+FU+G4 chosen according to BIC

All model information printed to PCDH15.model.gz
CPU time for ModelFinder: 20995.650 seconds (5h:49m:55s)
Wall-clock time for ModelFinder: 5808.880 seconds (1h:36m:48s)

NOTE: 328 MB RAM (0 GB) is required!
Estimate model parameters (epsilon = 0.100)
1. Initial log-likelihood: -32904.018
Optimal log-likelihood: -32904.018
Nonsynonymous/synonymous ratio (omega): 0.192
Transition/transversion ratio (kappa): 2.134
Gamma shape alpha: 0.831
Parameters optimization took 1 rounds (38.805 sec)
Wrote distance file to... 
Computing ML distances based on estimated model parameters...
Calculating distance matrix: done in 30.5518 secs using 381.5% CPU
Computing ML distances took 30.556104 sec (of wall-clock time) 116.558532 sec (of CPU time)
Setting up auxiliary I and S matrices: done in 0.00488697 secs using 145.7% CPU
Constructing RapidNJ tree: done in 0.162493 secs using 66.36% CPU
Computing RapidNJ tree took 0.169538 sec (of wall-clock time) 0.115589 sec (of CPU time)
Log-likelihood of RapidNJ tree: -34210.645
--------------------------------------------------------------------
|             INITIALIZING CANDIDATE TREE SET                      |
--------------------------------------------------------------------
Generating 98 parsimony trees... 7.266 second
Computing log-likelihood of 98 initial trees ... 1321.896 seconds
Current best score: -32324.608

Do NNI search on 20 best initial trees
Optimizing NNI: done in 90.5667 secs using 362.3% CPU
Estimate model parameters (epsilon = 0.100)
BETTER TREE FOUND at iteration 1: -32234.053
Optimizing NNI: done in 91.5518 secs using 361.3% CPU
Optimizing NNI: done in 86.744 secs using 362.9% CPU
Optimizing NNI: done in 91.4867 secs using 361.1% CPU
Optimizing NNI: done in 64.5197 secs using 363.2% CPU
Optimizing NNI: done in 76.0847 secs using 362.7% CPU
Optimizing NNI: done in 75.0768 secs using 362.8% CPU
Optimizing NNI: done in 92.0159 secs using 362.6% CPU
Optimizing NNI: done in 74.8713 secs using 362.6% CPU
Optimizing NNI: done in 92.7587 secs using 361.9% CPU
Iteration 10 / LogL: -32655.822 / Time: 0h:39m:24s
Optimizing NNI: done in 79.6498 secs using 362.1% CPU
Optimizing NNI: done in 77.9514 secs using 362.7% CPU
Optimizing NNI: done in 75.2037 secs using 362.7% CPU
Optimizing NNI: done in 80.3088 secs using 362.4% CPU
Optimizing NNI: done in 78.249 secs using 361.8% CPU
Optimizing NNI: done in 80.6344 secs using 362.5% CPU
Optimizing NNI: done in 63.8606 secs using 363.4% CPU
Optimizing NNI: done in 77.6661 secs using 362.5% CPU
Optimizing NNI: done in 77.7303 secs using 362.2% CPU
Optimizing NNI: done in 47.8951 secs using 363.7% CPU
Iteration 20 / LogL: -32909.652 / Time: 0h:52m:6s
Finish initializing candidate tree set (20)
Current best tree score: -32234.053 / CPU time: 3043.165
Number of iterations: 20
--------------------------------------------------------------------
|               OPTIMIZING CANDIDATE TREE SET                      |
--------------------------------------------------------------------
Optimizing NNI: done in 123.477 secs using 362.1% CPU
Optimizing NNI: done in 84.5145 secs using 362.9% CPU
Optimizing NNI: done in 80.305 secs using 363.5% CPU
Optimizing NNI: done in 90.2724 secs using 361.9% CPU
Optimizing NNI: done in 160.305 secs using 362.8% CPU
Optimizing NNI: done in 172.963 secs using 363% CPU
Optimizing NNI: done in 119.723 secs using 363% CPU
Optimizing NNI: done in 137.368 secs using 363.4% CPU
Optimizing NNI: done in 138.013 secs using 362.4% CPU
Optimizing NNI: done in 116.287 secs using 363% CPU
Iteration 30 / LogL: -33286.878 / Time: 1h:12m:53s (2h:58m:26s left)
Optimizing NNI: done in 131.473 secs using 363.7% CPU
Optimizing NNI: done in 88.7971 secs using 362% CPU
Optimizing NNI: done in 64.4383 secs using 362.9% CPU
Optimizing NNI: done in 117.498 secs using 363.6% CPU
Optimizing NNI: done in 69.767 secs using 363.1% CPU
Optimizing NNI: done in 101.506 secs using 364% CPU
Optimizing NNI: done in 146.458 secs using 362.5% CPU
Optimizing NNI: done in 190.128 secs using 363.1% CPU
Optimizing NNI: done in 115.023 secs using 362.7% CPU
Optimizing NNI: done in 62.9876 secs using 363.4% CPU
Iteration 40 / LogL: -32733.870 / Time: 1h:31m:24s (2h:22m:58s left)
Optimizing NNI: done in 111.596 secs using 363.6% CPU
Optimizing NNI: done in 111.253 secs using 362.6% CPU
Optimizing NNI: done in 79.2161 secs using 363.1% CPU
Optimizing NNI: done in 118.033 secs using 363.1% CPU
Optimizing NNI: done in 137.935 secs using 364% CPU
Optimizing NNI: done in 95.5904 secs using 363.5% CPU
Optimizing NNI: done in 119.724 secs using 362.5% CPU
Optimizing NNI: done in 108.542 secs using 363% CPU
Optimizing NNI: done in 100.804 secs using 362.4% CPU
Optimizing NNI: done in 186.257 secs using 362% CPU
Iteration 50 / LogL: -33052.489 / Time: 1h:51m:16s (1h:55m:49s left)
Optimizing NNI: done in 97.0995 secs using 362.3% CPU
Optimizing NNI: done in 68.8051 secs using 364% CPU
Optimizing NNI: done in 151.862 secs using 362.8% CPU
Optimizing NNI: done in 116.255 secs using 363.4% CPU
Optimizing NNI: done in 100.434 secs using 363% CPU
Optimizing NNI: done in 80.488 secs using 363.8% CPU
Optimizing NNI: done in 164.792 secs using 362.1% CPU
Optimizing NNI: done in 158.3 secs using 361.2% CPU
Optimizing NNI: done in 152.396 secs using 362.9% CPU
Optimizing NNI: done in 196.887 secs using 362.5% CPU
Iteration 60 / LogL: -34638.104 / Time: 2h:13m:6s (1h:32m:30s left)
Optimizing NNI: done in 145.391 secs using 363.2% CPU
Optimizing NNI: done in 78.2582 secs using 363.4% CPU
Optimizing NNI: done in 93.8033 secs using 363.2% CPU
Optimizing NNI: done in 78.7816 secs using 363.2% CPU
Optimizing NNI: done in 104.359 secs using 362.8% CPU
Optimizing NNI: done in 118.017 secs using 362.9% CPU
Optimizing NNI: done in 71.58 secs using 362.6% CPU
Optimizing NNI: done in 104.687 secs using 363.3% CPU
Optimizing NNI: done in 96.2557 secs using 363.1% CPU
Optimizing NNI: done in 142.263 secs using 362.6% CPU
Iteration 70 / LogL: -33564.619 / Time: 2h:30m:43s (1h:7m:42s left)
Optimizing NNI: done in 139.604 secs using 363.8% CPU
Optimizing NNI: done in 195.161 secs using 362.7% CPU
Optimizing NNI: done in 110.753 secs using 363.9% CPU
Optimizing NNI: done in 90.3512 secs using 362.7% CPU
Optimizing NNI: done in 95.9799 secs using 363% CPU
Optimizing NNI: done in 99.9821 secs using 363.3% CPU
Optimizing NNI: done in 175.658 secs using 363.4% CPU
Optimizing NNI: done in 125.644 secs using 363.4% CPU
Optimizing NNI: done in 151.059 secs using 362.7% CPU
Optimizing NNI: done in 87.4614 secs using 363.5% CPU
Iteration 80 / LogL: -32828.700 / Time: 2h:52m:18s (0h:45m:48s left)
Optimizing NNI: done in 111.361 secs using 363.3% CPU
Optimizing NNI: done in 163.715 secs using 362.2% CPU
Optimizing NNI: done in 77.6306 secs using 363.3% CPU
Optimizing NNI: done in 92.1447 secs using 362.9% CPU
Optimizing NNI: done in 127.101 secs using 362.4% CPU
Optimizing NNI: done in 110.564 secs using 362.9% CPU
Optimizing NNI: done in 123.725 secs using 362.8% CPU
Optimizing NNI: done in 99.4767 secs using 362.3% CPU
Optimizing NNI: done in 103.581 secs using 362.6% CPU
Optimizing NNI: done in 193.22 secs using 362.3% CPU
Iteration 90 / LogL: -33547.328 / Time: 3h:12m:43s (0h:23m:49s left)
Optimizing NNI: done in 90.4268 secs using 362.7% CPU
Optimizing NNI: done in 111.747 secs using 362.7% CPU
Optimizing NNI: done in 166.4 secs using 362.7% CPU
Optimizing NNI: done in 123.38 secs using 364.2% CPU
Optimizing NNI: done in 154.47 secs using 362.4% CPU
Optimizing NNI: done in 100.468 secs using 362.6% CPU
Optimizing NNI: done in 96.8727 secs using 363.7% CPU
Optimizing NNI: done in 132.642 secs using 363.7% CPU
Optimizing NNI: done in 139.015 secs using 361.1% CPU
Optimizing NNI: done in 73.4477 secs using 364.4% CPU
Iteration 100 / LogL: -32914.453 / Time: 3h:32m:55s (0h:2m:9s left)
Optimizing NNI: done in 120.477 secs using 363.7% CPU
Optimizing NNI: done in 140.187 secs using 362.7% CPU
TREE SEARCH COMPLETED AFTER 102 ITERATIONS / Time: 3h:37m:21s

--------------------------------------------------------------------
|                    FINALIZING TREE SEARCH                        |
--------------------------------------------------------------------
Performs final model parameters optimization
Estimate model parameters (epsilon = 0.010)
1. Initial log-likelihood: -32234.053
Optimal log-likelihood: -32234.053
Nonsynonymous/synonymous ratio (omega): 0.192
Transition/transversion ratio (kappa): 2.134
Gamma shape alpha: 0.975
Parameters optimization took 1 rounds (38.285 sec)
BEST SCORE FOUND : -32234.053
Total tree length: 2.908

Total number of iterations: 102
CPU time used for tree search: 46956.420 sec (13h:2m:36s)
Wall-clock time used for tree search: 12957.784 sec (3h:35m:57s)
Total CPU time used: 47398.785 sec (13h:9m:58s)
Total wall-clock time used: 13079.580 sec (3h:37m:59s)

Analysis results written to: 
  IQ-TREE report:                PCDH15.iqtree
  Maximum-likelihood tree:       PCDH15.treefile
  Likelihood distances:          PCDH15.mldist
  Screen log file:               PCDH15.log

Date and Time: Thu Nov 23 03:31:31 2023
