IQ-TREE multicore version 2.2.0-beta COVID-edition for Linux 64-bit built Dec 21 2021 built Dec 21 2021
Developed by Bui Quang Minh, James Barbetti, Nguyen Lam Tung,
Olga Chernomor, Heiko Schmidt, Dominik Schrempf, Michael Woodhams, Ly Trong Nhan.

Host:    awarnach (SSE3, 15 GB RAM)
Command: iqtree -s codon_alignments_edited/CNTNAP2_codon_aligned.phy -st CODON -m TEST -o Mmus_CNTNAP2 -pre CNTNAP2 -nt 4
Seed:    251006 (Using SPRNG - Scalable Parallel Random Number Generator)
Time:    Thu Nov 23 03:55:55 2023
Kernel:  SSE2 - 4 threads (4 CPU cores detected)

Reading alignment file codon_alignments_edited/CNTNAP2_codon_aligned.phy ... Phylip format detected
Alignment most likely contains DNA/RNA sequences
Converting to codon sequences with genetic code  ...
WARNING: Sequence Sscr_CNTNAP2 has ambiguous character NNA at site 2851
WARNING: Sequence Sscr_CNTNAP2 has ambiguous character NCC at site 2914
WARNING: Sequence Sscr_CNTNAP2 has ambiguous character NAC at site 2977
Constructing alignment: done in 0.0173339 secs using 11.91% CPU
Alignment has 100 sequences with 1331 columns, 1278 distinct patterns
684 parsimony-informative, 301 singleton sites, 346 constant sites
                      Gap/Ambiguity  Composition  p-value
Analyzing sequences: done in 0.00105905 secs using 89.51% CPU
   1  Bacu_CNTNAP2            3.98%    passed    100.00%
   2  Barn_CNTNAP2           48.01%    passed     99.89%
   3  Bbai76728_CNTNAP2      10.07%    passed    100.00%
   4  BbonAUS_CNTNAP2         6.09%    passed    100.00%
   5  Bbor_CNTNAP2            0.00%    passed    100.00%
   6  Bede66737_CNTNAP2       0.00%    passed    100.00%
   7  BedeAUS_CNTNAP2         5.86%    passed    100.00%
   8  Bmus_CNTNAP2            0.00%    passed    100.00%
   9  Bmys_CNTNAP2           93.09%    passed     79.62%
  10  Bphy_CNTNAP2           87.08%    passed     34.64%
  11  Bphy_baits_CNTNAP2      4.51%    passed    100.00%
  12  Btau_CNTNAP2            0.00%    passed     99.99%
  13  Ccom40_CNTNAP2          4.28%    passed    100.00%
  14  Cela_CNTNAP2            0.00%    passed     90.20%
  15  Chea7320_CNTNAP2        0.00%    passed    100.00%
  16  Chir_CNTNAP2            0.00%    passed     99.85%
  17  Clfam_CNTNAP2           0.00%    passed     99.98%
  18  Cmar59905_CNTNAP2       3.61%    passed    100.00%
  19  Dcap108471_CNTNAP2      0.15%    passed    100.00%
  20  Dcap79929_CNTNAP2       3.76%    passed    100.00%
  21  DdelSJR_CNTNAP2         0.15%    passed    100.00%
  22  Ddeltrop4525_CNTNAP2    3.38%    passed    100.00%
  23  Dleu_CNTNAP2            0.00%    passed    100.00%
  24  Easi_CNTNAP2            0.08%    passed    100.00%
  25  EausAUS_CNTNAP2         0.08%    passed    100.00%
  26  Egla13086_CNTNAP2       0.08%    passed    100.00%
  27  Ejap43864_CNTNAP2       0.08%    passed    100.00%
  28  Erob133443_CNTNAP2      0.00%    passed    100.00%
  29  Fatt_CNTNAP2            0.00%    passed    100.00%
  30  Ggri_CNTNAP2            2.48%    passed    100.00%
  31  Gmac39091_CNTNAP2       0.00%    passed    100.00%
  32  Gmel_CNTNAP2            0.00%    passed    100.00%
  33  Hamp_CNTNAP2            0.15%    passed    100.00%
  34  Hippo_CNTNAP2          10.07%    passed    100.00%
  35  Hpla9120_CNTNAP2       74.83%    passed     45.39%
  36  Hsap_CNTNAP2            0.00%    passed     94.07%
  37  Igeo_CNTNAP2           21.94%    passed    100.00%
  38  Kbre_CNTNAP2            0.08%    passed    100.00%
  39  Ksim_CNTNAP2            3.76%    passed    100.00%
  40  Lacu_CNTNAP2            0.45%    passed    100.00%
  41  Lalb_CNTNAP2            0.00%    passed    100.00%
  42  Laus_CNTNAP2            0.00%    passed    100.00%
  43  Lbor_CNTNAP2            6.61%    passed    100.00%
  44  Lhos30470_CNTNAP2       8.11%    passed    100.00%
  45  Lhos452_CNTNAP2         0.23%    passed    100.00%
  46  Lobl_CNTNAP2            0.00%    passed    100.00%
  47  Lobs_CNTNAP2            2.70%    passed    100.00%
  48  LperAUS_CNTNAP2         0.83%    passed    100.00%
  49  Lvex_CNTNAP2           78.06%    failed      3.43%
  50  Mbid_CNTNAP2           34.71%    passed     99.84%
  51  Mbow_CNTNAP2            5.03%    passed    100.00%
  52  Mcar_CNTNAP2            2.48%    passed    100.00%
  53  Mden_CNTNAP2           26.15%    passed    100.00%
  54  Meur_CNTNAP2            5.86%    passed    100.00%
  55  Mgin_CNTNAP2            0.15%    passed    100.00%
  56  MgraAUS_CNTNAP2        34.03%    passed     99.99%
  57  Mhec_CNTNAP2           10.67%    passed    100.00%
  58  MlayAUS_CNTNAP2         2.18%    passed    100.00%
  59  Mmir_CNTNAP2           13.37%    passed    100.00%
  60  Mmon_CNTNAP2            0.00%    passed    100.00%
  61  Mmus_CNTNAP2            0.00%    failed      2.03%
  62  Mnov_CNTNAP2           83.47%    passed     68.30%
  63  Mper_CNTNAP2            2.63%    passed    100.00%
  64  Mpni_CNTNAP2            0.15%    passed    100.00%
  65  Mste_CNTNAP2            0.15%    passed    100.00%
  66  Naasi_CNTNAP2           0.00%    passed    100.00%
  67  Npho_CNTNAP2            6.76%    passed    100.00%
  68  Oari_CNTNAP2            0.00%    passed     99.63%
  69  Obre_CNTNAP2            0.00%    passed    100.00%
  70  Ohei_CNTNAP2            5.86%    passed    100.00%
  71  Oorc_CNTNAP2            0.00%    passed    100.00%
  72  Pbla7349_CNTNAP2        7.29%    passed    100.00%
  73  Pcat_CNTNAP2            1.58%    passed    100.00%
  74  Pcra123188_CNTNAP2      0.00%    passed    100.00%
  75  Pdal_CNTNAP2           51.92%    passed     99.84%
  76  Pdio_CNTNAP2            0.00%    passed    100.00%
  77  Pele_CNTNAP2            2.48%    passed    100.00%
  78  Pmac_CNTNAP2           30.50%    passed    100.00%
  79  Ppho_CNTNAP2            0.08%    passed    100.00%
  80  Psin_CASQ1              0.00%    passed    100.00%
  81  Pspi_CNTNAP2           16.60%    passed    100.00%
  82  Ptig_CNTNAP2            0.00%    passed     99.92%
  83  Satt18473_CNTNAP2       0.15%    passed    100.00%
  84  Satt38219_CNTNAP2       6.69%    passed    100.00%
  85  Sbre116871_CNTNAP2      2.63%    passed    100.00%
  86  Sbre18437_CNTNAP2       2.63%    passed    100.00%
  87  Schi_CNTNAP2            0.15%    passed    100.00%
  88  Scly1724_CNTNAP2       32.98%    passed     99.92%
  89  Scly1726_CNTNAP2        0.15%    passed    100.00%
  90  Scoe_CNTNAP2            0.00%    passed    100.00%
  91  Sflu9837_CNTNAP2        0.00%    passed    100.00%
  92  Sfro7782_CNTNAP2        2.10%    passed    100.00%
  93  Sfro7784_CNTNAP2        0.15%    passed    100.00%
  94  Slon16012_CNTNAP2       0.15%    passed    100.00%
  95  Slon24923_CNTNAP2       2.63%    passed    100.00%
  96  Sscr_CNTNAP2            0.30%    passed    100.00%
  97  Tadu79924_CNTNAP2       6.01%    passed    100.00%
  98  Tshe_CNTNAP2            2.48%    passed    100.00%
  99  Ttru_CNTNAP2            0.00%    passed    100.00%
 100  Zcav_CNTNAP2            5.79%    passed    100.00%
WARNING: 6 sequences contain more than 50% gaps/ambiguity
****  TOTAL                   8.94%  2 sequences failed composition chi2 test (p-value<5%; df=60)
Checking for duplicate sequences: done in 0.00643186 secs using 146.8% CPU

Creating fast initial parsimony tree by random order stepwise addition...
0.177 seconds, parsimony score: 2786 (based on 985 sites)
Perform fast likelihood tree search using GY+F3X4+I+G model...
Estimate model parameters (epsilon = 5.000)
Perform nearest neighbor interchange...
Optimizing NNI: done in 65.3373 secs using 361.3% CPU
Estimate model parameters (epsilon = 1.000)
1. Initial log-likelihood: -20998.857
2. Current log-likelihood: -20994.011
3. Current log-likelihood: -20991.011
4. Current log-likelihood: -20988.926
5. Current log-likelihood: -20987.408
6. Current log-likelihood: -20986.286
Optimal log-likelihood: -20985.437
Nonsynonymous/synonymous ratio (omega): 0.091
Transition/transversion ratio (kappa): 3.046
Proportion of invariable sites: 0.012
Gamma shape alpha: 1.051
Parameters optimization took 6 rounds (345.725 sec)
Time for fast ML tree search: 754.938 seconds

NOTE: ModelFinder requires 250 MB RAM!
ModelFinder will test up to 60 codon models (sample size: 1331) ...
 No. Model         -LnL         df  AIC          AICc         BIC
  1  GY+F3X4       21021.972    208 42459.945    42537.435    43540.232
  2  GY+F3X4+I     20812.130    209 42042.259    42120.564    43127.739
  3  GY+F3X4+G4    20590.869    209 41599.738    41678.043    42685.219
  4  GY+F3X4+I+G4  20590.238    210 41600.476    41679.601    42691.150
  7  GY+F1X4+G4    20630.386    203 41666.771    41740.262    42721.090
  8  GY+F1X4+I+G4  20629.678    204 41667.356    41741.636    42726.868
 11  GY+F+G4       20539.759    260 41599.519    41726.360    42949.877
 12  GY+F+I+G4     20539.055    261 41600.110    41728.047    42955.662
 15  MGK+F3X4+G4   20539.752    209 41497.505    41575.810    42582.985
 16  MGK+F3X4+I+G4 20539.303    210 41498.606    41577.731    42589.280
 19  MGK+F1X4+G4   20637.786    203 41681.572    41755.063    42735.890
 20  MGK+F1X4+I+G4 20637.146    204 41682.292    41756.573    42741.804
 23  MG+F3X4+G4    20539.752    208 41495.505    41572.995    42575.791
 24  MG+F3X4+I+G4  20539.307    209 41496.613    41574.918    42582.094
 27  MG+F1X4+G4    20637.824    202 41679.648    41752.354    42728.773
 28  MG+F1X4+I+G4  20637.185    203 41680.370    41753.861    42734.688
 31  KOSI07+F3X4+G4 21050.916    207 42515.832    42592.512    43590.925
 32  KOSI07+F3X4+I+G4 21048.888    208 42513.777    42591.267    43594.063
 35  KOSI07+F1X4+G4 21212.372    201 42826.744    42898.670    43870.675
 36  KOSI07+F1X4+I+G4 21208.357    202 42820.715    42893.421    43869.839
 39  KOSI07+F+G4   20997.555    258 42511.110    42635.778    43851.081
 40  KOSI07+F+I+G4 20995.236    259 42508.472    42634.223    43853.636
 43  KOSI07+FU+G4  21080.568    198 42557.137    42626.751    43585.486
 44  KOSI07+FU+I+G4 21079.177    199 42556.354    42626.734    43589.898
 47  SCHN05+F3X4+G4 21063.874    207 42541.748    42618.428    43616.841
 48  SCHN05+F3X4+I+G4 21061.373    208 42538.747    42616.237    43619.033
 51  SCHN05+F1X4+G4 21261.342    201 42924.683    42996.609    43968.614
 52  SCHN05+F1X4+I+G4 21256.822    202 42917.645    42990.350    43966.769
 55  SCHN05+F+G4   20933.357    258 42382.713    42507.381    43722.684
 56  SCHN05+F+I+G4 20931.316    259 42380.633    42506.385    43725.798
 59  SCHN05+FU+G4  21064.388    198 42524.775    42594.390    43553.125
 60  SCHN05+FU+I+G4 21062.752    199 42523.504    42593.884    43557.047
Akaike Information Criterion:           MG+F3X4+G4
Corrected Akaike Information Criterion: MG+F3X4+G4
Bayesian Information Criterion:         MG+F3X4+G4
Best-fit model: MG+F3X4+G4 chosen according to BIC

All model information printed to CNTNAP2.model.gz
CPU time for ModelFinder: 18583.600 seconds (5h:9m:43s)
Wall-clock time for ModelFinder: 5116.787 seconds (1h:25m:16s)

NOTE: 250 MB RAM (0 GB) is required!
Estimate model parameters (epsilon = 0.100)
1. Initial log-likelihood: -20539.752
Optimal log-likelihood: -20539.752
Nonsynonymous/synonymous ratio (omega): 0.082
Transition/transversion ratio (kappa): 3.539
Gamma shape alpha: 1.036
Parameters optimization took 1 rounds (47.071 sec)
Wrote distance file to... 
Computing ML distances based on estimated model parameters...
Calculating distance matrix: done in 36.6252 secs using 382.6% CPU
Computing ML distances took 36.629038 sec (of wall-clock time) 140.126462 sec (of CPU time)
Setting up auxiliary I and S matrices: done in 0.00292161 secs using 22.8% CPU
Constructing RapidNJ tree: done in 0.191551 secs using 61.69% CPU
Computing RapidNJ tree took 0.196302 sec (of wall-clock time) 0.119501 sec (of CPU time)
Log-likelihood of RapidNJ tree: -21271.937
--------------------------------------------------------------------
|             INITIALIZING CANDIDATE TREE SET                      |
--------------------------------------------------------------------
Generating 98 parsimony trees... 5.138 second
Computing log-likelihood of 98 initial trees ... 1026.671 seconds
Current best score: -20539.752

Do NNI search on 20 best initial trees
Optimizing NNI: done in 36.9403 secs using 363.1% CPU
Estimate model parameters (epsilon = 0.100)
BETTER TREE FOUND at iteration 1: -20539.752
Optimizing NNI: done in 52.6586 secs using 362.6% CPU
Optimizing NNI: done in 63.2356 secs using 362.5% CPU
Optimizing NNI: done in 74.4896 secs using 361.7% CPU
Optimizing NNI: done in 75.401 secs using 360.7% CPU
Optimizing NNI: done in 53.3077 secs using 362.2% CPU
Optimizing NNI: done in 51.6668 secs using 361.8% CPU
Optimizing NNI: done in 51.8589 secs using 360.8% CPU
Optimizing NNI: done in 62.9734 secs using 360.7% CPU
Optimizing NNI: done in 52.9965 secs using 361.5% CPU
Iteration 10 / LogL: -21004.213 / Time: 0h:29m:26s
Optimizing NNI: done in 62.9333 secs using 360.8% CPU
Optimizing NNI: done in 63.4767 secs using 362.2% CPU
Optimizing NNI: done in 51.3224 secs using 363.2% CPU
Optimizing NNI: done in 52.3577 secs using 361.6% CPU
Optimizing NNI: done in 63.0001 secs using 360.8% CPU
Optimizing NNI: done in 62.4915 secs using 360.6% CPU
Optimizing NNI: done in 74.5689 secs using 361.5% CPU
Optimizing NNI: done in 74.8182 secs using 360.8% CPU
Optimizing NNI: done in 74.647 secs using 360.6% CPU
Optimizing NNI: done in 63.2448 secs using 362.4% CPU
Iteration 20 / LogL: -21000.285 / Time: 0h:40m:27s
Finish initializing candidate tree set (20)
Current best tree score: -20539.752 / CPU time: 2332.874
Number of iterations: 20
--------------------------------------------------------------------
|               OPTIMIZING CANDIDATE TREE SET                      |
--------------------------------------------------------------------
Optimizing NNI: done in 124.405 secs using 361.6% CPU
Optimizing NNI: done in 91.1155 secs using 361.4% CPU
Optimizing NNI: done in 105.308 secs using 360.6% CPU
Optimizing NNI: done in 60.6513 secs using 362.7% CPU
Optimizing NNI: done in 162.811 secs using 361.6% CPU
Optimizing NNI: done in 92.979 secs using 360.2% CPU
Optimizing NNI: done in 89.1239 secs using 352.5% CPU
Optimizing NNI: done in 191.761 secs using 345.3% CPU
Optimizing NNI: done in 98.5005 secs using 361.7% CPU
Optimizing NNI: done in 105.027 secs using 361.1% CPU
Iteration 30 / LogL: -21123.854 / Time: 0h:59m:26s (2h:25m:32s left)
Optimizing NNI: done in 129.288 secs using 359.8% CPU
Optimizing NNI: done in 165.634 secs using 361.2% CPU
Optimizing NNI: done in 133.471 secs using 361.7% CPU
Optimizing NNI: done in 139.685 secs using 361.2% CPU
Optimizing NNI: done in 91.9913 secs using 361.9% CPU
Optimizing NNI: done in 88.6094 secs using 360.5% CPU
Optimizing NNI: done in 114.897 secs using 360.7% CPU
Optimizing NNI: done in 92.7417 secs using 361% CPU
Optimizing NNI: done in 60.3067 secs using 361.5% CPU
Optimizing NNI: done in 73.1581 secs using 362.1% CPU
Iteration 40 / LogL: -21331.412 / Time: 1h:17m:54s (2h:1m:51s left)
Optimizing NNI: done in 115.554 secs using 361.3% CPU
Optimizing NNI: done in 97.102 secs using 360.7% CPU
Optimizing NNI: done in 82.6702 secs using 360.6% CPU
Optimizing NNI: done in 86.6875 secs using 360.6% CPU
Optimizing NNI: done in 113.217 secs using 361.1% CPU
Optimizing NNI: done in 117.603 secs using 362% CPU
Optimizing NNI: done in 108.034 secs using 361.8% CPU
Optimizing NNI: done in 96.2514 secs using 360.6% CPU
Optimizing NNI: done in 81.5928 secs using 360.9% CPU
Optimizing NNI: done in 102.11 secs using 360% CPU
Iteration 50 / LogL: -21025.062 / Time: 1h:34m:53s (1h:38m:46s left)
Optimizing NNI: done in 158.096 secs using 360.2% CPU
Optimizing NNI: done in 81.0483 secs using 362.3% CPU
Optimizing NNI: done in 105.416 secs using 361.6% CPU
Optimizing NNI: done in 108.341 secs using 361.4% CPU
Optimizing NNI: done in 95.7364 secs using 361.9% CPU
Optimizing NNI: done in 105.313 secs using 360.9% CPU
Optimizing NNI: done in 81.4671 secs using 360.5% CPU
Optimizing NNI: done in 96.9796 secs using 360.1% CPU
Optimizing NNI: done in 122.634 secs using 361.3% CPU
Optimizing NNI: done in 157.239 secs using 361.7% CPU
Iteration 60 / LogL: -21059.237 / Time: 1h:53m:43s (1h:19m:1s left)
Optimizing NNI: done in 67.951 secs using 361.1% CPU
Optimizing NNI: done in 148.025 secs using 361.7% CPU
Optimizing NNI: done in 118.644 secs using 362.8% CPU
Optimizing NNI: done in 126.322 secs using 361.9% CPU
Optimizing NNI: done in 150.461 secs using 362.6% CPU
Optimizing NNI: done in 100.367 secs using 362.7% CPU
Optimizing NNI: done in 108.831 secs using 361.2% CPU
Optimizing NNI: done in 68.5636 secs using 361.8% CPU
Optimizing NNI: done in 150.53 secs using 361.5% CPU
Optimizing NNI: done in 133.713 secs using 362.1% CPU
Iteration 70 / LogL: -21396.873 / Time: 2h:13m:35s (1h:0m:0s left)
Optimizing NNI: done in 106.551 secs using 362.9% CPU
Optimizing NNI: done in 171.275 secs using 362.2% CPU
Optimizing NNI: done in 116.192 secs using 360.5% CPU
Optimizing NNI: done in 129.885 secs using 361.3% CPU
Optimizing NNI: done in 87.0263 secs using 361.4% CPU
Optimizing NNI: done in 90.2418 secs using 362% CPU
Optimizing NNI: done in 88.9577 secs using 363.2% CPU
Optimizing NNI: done in 76.7753 secs using 362.8% CPU
Optimizing NNI: done in 70.9703 secs using 361.5% CPU
Optimizing NNI: done in 106.825 secs using 361.9% CPU
Iteration 80 / LogL: -20871.466 / Time: 2h:31m:17s (0h:40m:13s left)
Optimizing NNI: done in 76.9192 secs using 362% CPU
Optimizing NNI: done in 112.993 secs using 361.6% CPU
Optimizing NNI: done in 129.832 secs using 361% CPU
Optimizing NNI: done in 104.106 secs using 362.1% CPU
Optimizing NNI: done in 101.897 secs using 360.5% CPU
Optimizing NNI: done in 104.042 secs using 362.7% CPU
Optimizing NNI: done in 122.651 secs using 361.7% CPU
Optimizing NNI: done in 121.436 secs using 362.2% CPU
Optimizing NNI: done in 129.59 secs using 361.1% CPU
Optimizing NNI: done in 119.249 secs using 360.2% CPU
Iteration 90 / LogL: -21052.998 / Time: 2h:50m:18s (0h:21m:2s left)
Optimizing NNI: done in 120.447 secs using 362.5% CPU
Optimizing NNI: done in 116.709 secs using 362% CPU
Optimizing NNI: done in 98.1331 secs using 361.4% CPU
Optimizing NNI: done in 154.391 secs using 362% CPU
Optimizing NNI: done in 107.349 secs using 362.2% CPU
Optimizing NNI: done in 66.1143 secs using 361.4% CPU
Optimizing NNI: done in 125.718 secs using 360.7% CPU
Optimizing NNI: done in 92.6253 secs using 361.7% CPU
Optimizing NNI: done in 118.703 secs using 360.6% CPU
Optimizing NNI: done in 137.158 secs using 360.5% CPU
Iteration 100 / LogL: -21132.814 / Time: 3h:9m:33s (0h:1m:54s left)
Optimizing NNI: done in 112.21 secs using 361% CPU
Optimizing NNI: done in 82.0097 secs using 361.4% CPU
TREE SEARCH COMPLETED AFTER 102 ITERATIONS / Time: 3h:12m:50s

--------------------------------------------------------------------
|                    FINALIZING TREE SEARCH                        |
--------------------------------------------------------------------
Performs final model parameters optimization
Estimate model parameters (epsilon = 0.010)
1. Initial log-likelihood: -20539.752
Optimal log-likelihood: -20539.752
Nonsynonymous/synonymous ratio (omega): 0.082
Transition/transversion ratio (kappa): 3.539
Gamma shape alpha: 1.036
Parameters optimization took 1 rounds (48.432 sec)
BEST SCORE FOUND : -20539.752
Total tree length: 6.609

Total number of iterations: 102
CPU time used for tree search: 41406.868 sec (11h:30m:6s)
Wall-clock time used for tree search: 11476.509 sec (3h:11m:16s)
Total CPU time used: 41930.138 sec (11h:38m:50s)
Total wall-clock time used: 11619.445 sec (3h:13m:39s)

Analysis results written to: 
  IQ-TREE report:                CNTNAP2.iqtree
  Maximum-likelihood tree:       CNTNAP2.treefile
  Likelihood distances:          CNTNAP2.mldist
  Screen log file:               CNTNAP2.log

Date and Time: Thu Nov 23 08:34:51 2023
