IQ-TREE multicore version 2.2.0-beta COVID-edition for Linux 64-bit built Dec 21 2021 built Dec 21 2021
Developed by Bui Quang Minh, James Barbetti, Nguyen Lam Tung,
Olga Chernomor, Heiko Schmidt, Dominik Schrempf, Michael Woodhams, Ly Trong Nhan.

Host:    awarnach (SSE3, 15 GB RAM)
Command: iqtree -s codon_alignments_v4_Jan24/CASQ2_codon_aligned.phy -st CODON -m TEST -pre CASQ2_MF -nt 4
Seed:    36 (Using SPRNG - Scalable Parallel Random Number Generator)
Time:    Fri Jan 26 03:29:58 2024
Kernel:  SSE2 - 4 threads (4 CPU cores detected)

Reading alignment file codon_alignments_v4_Jan24/CASQ2_codon_aligned.phy ... Phylip format detected
Alignment most likely contains DNA/RNA sequences
Converting to codon sequences with genetic code  ...
Constructing alignment: done in 0.0033298 secs using 146.9% CPU
Alignment has 86 sequences with 410 columns, 347 distinct patterns
82 parsimony-informative, 59 singleton sites, 269 constant sites
                    Gap/Ambiguity  Composition  p-value
Analyzing sequences: done in 0.000189882 secs using 98.48% CPU
   1  Bacu_CASQ2            0.24%    passed    100.00%
   2  Barn_CASQ2           43.41%    passed    100.00%
   3  Bbai76728_CASQ2      17.07%    passed    100.00%
   4  BbonAUS_CASQ2        11.71%    passed    100.00%
   5  Bbor_CASQ2            7.56%    passed    100.00%
   6  Bede66737_CASQ2       7.80%    passed    100.00%
   7  BedeAUS_CASQ2        11.71%    passed    100.00%
   8  Bmus_CASQ2            0.00%    passed    100.00%
   9  Bmys_CASQ2           43.90%    passed     99.65%
  10  Bphy_CASQ2           29.27%    passed    100.00%
  11  Ccom40_CASQ2         41.22%    passed    100.00%
  12  Chea7320_CASQ2       18.54%    passed    100.00%
  13  Cmar59905_CASQ2      22.20%    passed    100.00%
  14  Dcap108471_CASQ2      7.80%    passed    100.00%
  15  Dcap79929_CASQ2      11.95%    passed    100.00%
  16  DdelSJR_CASQ2         7.80%    passed    100.00%
  17  Ddeltrop4525_CASQ2   18.54%    passed    100.00%
  18  Dleu_CASQ2            1.22%    passed    100.00%
  19  EausAUS_CASQ2         8.05%    passed    100.00%
  20  Egla13086_CASQ2      25.12%    passed     99.76%
  21  Ejap43864_CASQ2      11.95%    passed    100.00%
  22  Erob133443_CASQ2     23.17%    passed    100.00%
  23  Fatt_CASQ2            8.29%    passed    100.00%
  24  Ggri_CASQ2            7.80%    passed    100.00%
  25  Gmac39091_CASQ2      22.20%    passed    100.00%
  26  Gmel_CASQ2            0.73%    passed    100.00%
  27  Hamp_CASQ2           10.98%    passed    100.00%
  28  Igeo_CASQ2           29.27%    passed    100.00%
  29  Kbre_CASQ2            8.29%    passed     75.12%
  30  Ksim_CASQ2           11.46%    passed     75.89%
  31  Lacu_CASQ2           11.71%    passed    100.00%
  32  Lalb_CASQ2            8.29%    passed    100.00%
  33  Laus_CASQ2            7.80%    passed    100.00%
  34  Lbor_CASQ2           29.02%    passed    100.00%
  35  Lhos30470_CASQ2      22.20%    passed    100.00%
  36  Lhos452_CASQ2        11.71%    passed    100.00%
  37  Lobl_CASQ2            0.73%    passed    100.00%
  38  Lobs_CASQ2           11.71%    passed    100.00%
  39  LperAUS_CASQ2         7.80%    passed    100.00%
  40  Lvex_CASQ1            0.00%    passed    100.00%
  41  Mbid_CASQ2           33.66%    passed    100.00%
  42  Mbow_CASQ2           10.98%    passed    100.00%
  43  Mcar_CASQ2            7.07%    passed    100.00%
  44  Mden_CASQ2           34.15%    passed     99.55%
  45  Meur_CASQ2            7.07%    failed      3.82%
  46  Mgin_CASQ2            7.07%    passed    100.00%
  47  MgraAUS_CASQ2        52.93%    passed     99.68%
  48  Mhec_CASQ2           21.46%    passed    100.00%
  49  MlayAUS_CASQ2         8.78%    passed    100.00%
  50  Mmir_CASQ2           35.61%    passed    100.00%
  51  Mmon_CASQ2            1.22%    passed    100.00%
  52  Mper_CASQ2           15.37%    passed    100.00%
  53  Mpni_CASQ2           25.37%    passed    100.00%
  54  Mste_CASQ2           17.80%    passed    100.00%
  55  Naasi_CASQ1           0.49%    passed    100.00%
  56  Npho_CASQ2           11.46%    passed    100.00%
  57  Obre_CASQ2            7.80%    passed    100.00%
  58  Ohei_CASQ2            7.80%    passed    100.00%
  59  Oorc_CASQ2            0.73%    passed    100.00%
  60  Pbla7349_CASQ2       20.98%    passed    100.00%
  61  Pcat_CASQ1            0.24%    passed    100.00%
  62  Pcra123188_CASQ2     12.93%    passed    100.00%
  63  Pdal_CASQ2           67.80%    passed     99.15%
  64  Pdio_CASQ2           29.76%    passed    100.00%
  65  Pele_CASQ2            7.80%    passed    100.00%
  66  Pmac_CASQ2            7.80%    passed    100.00%
  67  Ppho_CASQ2           11.22%    passed    100.00%
  68  Psin_CASQ1            0.24%    passed    100.00%
  69  Pspi_CASQ2           39.02%    passed    100.00%
  70  Satt18473_CASQ2      22.20%    passed    100.00%
  71  Satt38219_CASQ2      37.32%    passed    100.00%
  72  Sbre116871_CASQ2      7.80%    passed    100.00%
  73  Sbre18437_CASQ2      18.54%    passed    100.00%
  74  Schi_CASQ2           14.15%    passed    100.00%
  75  Scly1724_CASQ2       55.37%    passed     99.93%
  76  Scly1726_CASQ2        7.80%    passed    100.00%
  77  Scoe_CASQ2           11.71%    passed    100.00%
  78  Sflu9837_CASQ2        7.80%    passed    100.00%
  79  Sfro7782_CASQ2       30.24%    passed    100.00%
  80  Sfro7784_CASQ2       11.95%    passed    100.00%
  81  Slon16012_CASQ2      18.54%    passed    100.00%
  82  Slon24923_CASQ2       7.80%    passed    100.00%
  83  Tadu79924_CASQ2       9.51%    passed    100.00%
  84  Tshe_CASQ2           10.98%    passed    100.00%
  85  Ttru_CASQ2            0.73%    passed    100.00%
  86  Zcav_CASQ2           21.71%    passed    100.00%
WARNING: 3 sequences contain more than 50% gaps/ambiguity
****  TOTAL                16.04%  1 sequences failed composition chi2 test (p-value<5%; df=60)
NOTE: DdelSJR_CASQ2 is identical to Dcap108471_CASQ2 but kept for subsequent analysis
NOTE: Mmon_CASQ2 is identical to Dleu_CASQ2 but kept for subsequent analysis
NOTE: Slon24923_CASQ2 is identical to Sflu9837_CASQ2 but kept for subsequent analysis
Checking for duplicate sequences: done in 0.000779916 secs using 89.11% CPU

Creating fast initial parsimony tree by random order stepwise addition...
0.038 seconds, parsimony score: 246 (based on 141 sites)
Perform fast likelihood tree search using GY+F3X4+I+G model...
Estimate model parameters (epsilon = 5.000)
Perform nearest neighbor interchange...
Optimizing NNI: done in 10.5017 secs using 336.6% CPU
Estimate model parameters (epsilon = 1.000)
1. Initial log-likelihood: -3337.363
Optimal log-likelihood: -3336.841
Nonsynonymous/synonymous ratio (omega): 0.290
Transition/transversion ratio (kappa): 4.663
Proportion of invariable sites: 0.265
Gamma shape alpha: 0.891
Parameters optimization took 1 rounds (19.531 sec)
Time for fast ML tree search: 76.258 seconds

NOTE: ModelFinder requires 65 MB RAM!
ModelFinder will test up to 60 codon models (sample size: 410) ...
 No. Model         -LnL         df  AIC          AICc         BIC
  1  GY+F3X4       3376.919     180 7113.838     7398.379     7836.746
  2  GY+F3X4+I     3333.255     181 7028.511     7317.476     7755.435
  3  GY+F3X4+G4    3323.262     181 7008.524     7297.489     7735.448
  4  GY+F3X4+I+G4  3323.319     182 7010.637     7304.082     7741.578
  7  GY+F1X4+G4    3413.088     175 7176.175     7439.423     7879.003
  8  GY+F1X4+I+G4  3412.971     176 7177.942     7445.341     7884.785
 11  GY+F+G4       3288.981     232 7041.963     7652.765     7973.711
 12  GY+F+I+G4     3288.172     233 7042.343     7661.912     7978.108
 15  MGK+F3X4+G4   3317.446     181 6996.893     7285.858     7723.817
 16  MGK+F3X4+I+G4 3317.203     182 6998.406     7291.851     7729.346
 19  MGK+F1X4+G4   3416.818     175 7183.635     7446.883     7886.463
 20  MGK+F1X4+I+G4 3416.522     176 7185.043     7452.442     7891.887
 23  MG+F3X4+G4    3317.446     180 6994.893     7279.434     7717.801
 24  MG+F3X4+I+G4  3317.203     181 6996.406     7285.371     7723.330
 27  MG+F1X4+G4    3416.928     174 7181.857     7441.006     7880.668
 28  MG+F1X4+I+G4  3416.650     175 7183.300     7446.548     7886.128
 31  KOSI07+F3X4+G4 3411.587     179 7181.174     7461.348     7900.066
 32  KOSI07+F3X4+I+G4 3411.789     180 7183.578     7468.120     7906.487
 35  KOSI07+F1X4+G4 3509.791     173 7365.582     7620.684     8060.378
 36  KOSI07+F1X4+I+G4 3504.769     174 7357.538     7616.687     8056.349
 39  KOSI07+F+G4   3377.417     230 7214.833     7808.464     8138.549
 40  KOSI07+F+I+G4 3376.982     231 7215.964     7818.122     8143.697
 43  KOSI07+FU+G4  3419.746     170 7179.491     7422.755     7862.238
 44  KOSI07+FU+I+G4 3419.940     171 7181.879     7429.039     7868.642
 47  SCHN05+F3X4+G4 3429.304     179 7216.608     7496.782     7935.500
 48  SCHN05+F3X4+I+G4 3429.330     180 7218.660     7503.201     7941.568
 51  SCHN05+F1X4+G4 3528.591     173 7403.183     7658.285     8097.978
 52  SCHN05+F1X4+I+G4 3524.322     174 7396.645     7655.794     8095.456
 55  SCHN05+F+G4   3388.860     230 7237.719     7831.350     8161.435
 56  SCHN05+F+I+G4 3388.804     231 7239.608     7841.766     8167.341
 59  SCHN05+FU+G4  3427.780     170 7195.560     7438.824     7878.307
 60  SCHN05+FU+I+G4 3428.096     171 7198.192     7445.351     7884.955
Akaike Information Criterion:           MG+F3X4+G4
Corrected Akaike Information Criterion: MG+F3X4+G4
Bayesian Information Criterion:         MG+F3X4+G4
Best-fit model: MG+F3X4+G4 chosen according to BIC

All model information printed to CASQ2_MF.model.gz
CPU time for ModelFinder: 3271.674 seconds (0h:54m:31s)
Wall-clock time for ModelFinder: 936.448 seconds (0h:15m:36s)
WARNING: States(s) CGA, TCG, TTA rarely appear in alignment and may cause numerical problems

NOTE: 66 MB RAM (0 GB) is required!
Estimate model parameters (epsilon = 0.100)
1. Initial log-likelihood: -3317.446
Optimal log-likelihood: -3317.446
Nonsynonymous/synonymous ratio (omega): 0.267
Transition/transversion ratio (kappa): 5.040
Gamma shape alpha: 0.463
Parameters optimization took 1 rounds (11.558 sec)
Wrote distance file to... 
Computing ML distances based on estimated model parameters...
Calculating distance matrix: done in 31.2911 secs using 383.4% CPU
Computing ML distances took 31.294035 sec (of wall-clock time) 119.982884 sec (of CPU time)
Setting up auxiliary I and S matrices: done in 0.00330382 secs using 194.9% CPU
Constructing RapidNJ tree: done in 0.169467 secs using 71.17% CPU
Computing RapidNJ tree took 0.173304 sec (of wall-clock time) 0.127117 sec (of CPU time)
Log-likelihood of RapidNJ tree: -3427.859
--------------------------------------------------------------------
|             INITIALIZING CANDIDATE TREE SET                      |
--------------------------------------------------------------------
Generating 98 parsimony trees... 1.287 second
Computing log-likelihood of 98 initial trees ... 278.129 seconds
Current best score: -3317.446

Do NNI search on 20 best initial trees
Optimizing NNI: done in 12.7955 secs using 340.9% CPU
Estimate model parameters (epsilon = 0.100)
BETTER TREE FOUND at iteration 1: -3317.446
Optimizing NNI: done in 12.8799 secs using 340.4% CPU
Optimizing NNI: done in 10.1917 secs using 341% CPU
Optimizing NNI: done in 12.6428 secs using 340.2% CPU
Optimizing NNI: done in 9.96603 secs using 339.2% CPU
Optimizing NNI: done in 12.806 secs using 342.2% CPU
Optimizing NNI: done in 10.3253 secs using 338.5% CPU
Optimizing NNI: done in 9.95317 secs using 340.9% CPU
Optimizing NNI: done in 12.9132 secs using 336.3% CPU
Optimizing NNI: done in 10.0433 secs using 340.2% CPU
Iteration 10 / LogL: -3329.224 / Time: 0h:7m:36s
Optimizing NNI: done in 10.3685 secs using 338% CPU
Optimizing NNI: done in 12.8173 secs using 339.7% CPU
Optimizing NNI: done in 9.91971 secs using 339.6% CPU
Optimizing NNI: done in 10.0451 secs using 340.8% CPU
Optimizing NNI: done in 12.7488 secs using 340.8% CPU
Optimizing NNI: done in 10.4191 secs using 337.9% CPU
Optimizing NNI: done in 10.218 secs using 339.6% CPU
Optimizing NNI: done in 12.9384 secs using 336% CPU
Optimizing NNI: done in 12.713 secs using 341.1% CPU
Optimizing NNI: done in 12.9942 secs using 337.4% CPU
Iteration 20 / LogL: -3333.887 / Time: 0h:9m:36s
Finish initializing candidate tree set (20)
Current best tree score: -3317.446 / CPU time: 529.800
Number of iterations: 20
--------------------------------------------------------------------
|               OPTIMIZING CANDIDATE TREE SET                      |
--------------------------------------------------------------------
Optimizing NNI: done in 21.8754 secs using 341% CPU
Optimizing NNI: done in 20.379 secs using 340.8% CPU
Optimizing NNI: done in 22.8852 secs using 340.3% CPU
Optimizing NNI: done in 20.6447 secs using 343.7% CPU
Optimizing NNI: done in 18.5281 secs using 342.2% CPU
Optimizing NNI: done in 20.1522 secs using 340.1% CPU
Optimizing NNI: done in 19.9734 secs using 339.7% CPU
Optimizing NNI: done in 18.4856 secs using 339.8% CPU
Optimizing NNI: done in 15.6249 secs using 341.2% CPU
Optimizing NNI: done in 27.3859 secs using 341.9% CPU
Iteration 30 / LogL: -3507.847 / Time: 0h:13m:6s (0h:32m:5s left)
Optimizing NNI: done in 31.4023 secs using 340.5% CPU
Optimizing NNI: done in 21.3268 secs using 342.6% CPU
Optimizing NNI: done in 26.4095 secs using 341.7% CPU
Optimizing NNI: done in 29.848 secs using 340.2% CPU
Optimizing NNI: done in 19.5985 secs using 340.4% CPU
Optimizing NNI: done in 14.584 secs using 340.2% CPU
Optimizing NNI: done in 24.1007 secs using 341.2% CPU
Optimizing NNI: done in 23.6593 secs using 342.4% CPU
Optimizing NNI: done in 34.2556 secs using 341.6% CPU
Optimizing NNI: done in 19.2489 secs using 338.8% CPU
Iteration 40 / LogL: -3581.849 / Time: 0h:17m:15s (0h:27m:0s left)
Optimizing NNI: done in 34.5411 secs using 339.8% CPU
Optimizing NNI: done in 30.8776 secs using 342.3% CPU
Optimizing NNI: done in 28.0071 secs using 343% CPU
Optimizing NNI: done in 24.904 secs using 343.5% CPU
Optimizing NNI: done in 27.2034 secs using 340.3% CPU
Optimizing NNI: done in 26.5257 secs using 341.6% CPU
Optimizing NNI: done in 28.725 secs using 340.4% CPU
Optimizing NNI: done in 27.3319 secs using 340.4% CPU
Optimizing NNI: done in 21.2735 secs using 343.9% CPU
Optimizing NNI: done in 26.806 secs using 341.4% CPU
Iteration 50 / LogL: -3475.268 / Time: 0h:21m:56s (0h:22m:50s left)
Optimizing NNI: done in 17.0164 secs using 342.5% CPU
Optimizing NNI: done in 32.6151 secs using 340.6% CPU
Optimizing NNI: done in 31.5642 secs using 343.4% CPU
Optimizing NNI: done in 23.2946 secs using 338.9% CPU
Optimizing NNI: done in 17.9574 secs using 340% CPU
Optimizing NNI: done in 22.4158 secs using 342.9% CPU
Optimizing NNI: done in 18.49 secs using 341.1% CPU
Optimizing NNI: done in 24.307 secs using 341.8% CPU
Optimizing NNI: done in 17.3361 secs using 340.2% CPU
Optimizing NNI: done in 25.2225 secs using 341.8% CPU
Iteration 60 / LogL: -3572.490 / Time: 0h:25m:51s (0h:17m:58s left)
Optimizing NNI: done in 22.2612 secs using 339.1% CPU
Optimizing NNI: done in 22.9216 secs using 341.4% CPU
Optimizing NNI: done in 24.1143 secs using 340.6% CPU
Optimizing NNI: done in 24.8506 secs using 340.8% CPU
Optimizing NNI: done in 21.5745 secs using 341.8% CPU
Optimizing NNI: done in 15.3016 secs using 342.1% CPU
Optimizing NNI: done in 26.8974 secs using 339.2% CPU
Optimizing NNI: done in 33.9859 secs using 340.1% CPU
Optimizing NNI: done in 24.4617 secs using 340.4% CPU
Optimizing NNI: done in 18.7249 secs using 342.5% CPU
Iteration 70 / LogL: -3442.373 / Time: 0h:29m:51s (0h:13m:24s left)
Optimizing NNI: done in 27.4658 secs using 341.2% CPU
Optimizing NNI: done in 26.0515 secs using 341.3% CPU
Optimizing NNI: done in 33.6659 secs using 341% CPU
Optimizing NNI: done in 22.4467 secs using 338.6% CPU
Optimizing NNI: done in 22.5851 secs using 341.6% CPU
Optimizing NNI: done in 30.8378 secs using 341.5% CPU
Optimizing NNI: done in 34.1662 secs using 342% CPU
Optimizing NNI: done in 29.2926 secs using 340.2% CPU
Optimizing NNI: done in 24.1903 secs using 337.7% CPU
Optimizing NNI: done in 24.7346 secs using 341.5% CPU
Iteration 80 / LogL: -3589.562 / Time: 0h:34m:31s (0h:9m:10s left)
Optimizing NNI: done in 27.1153 secs using 341.3% CPU
Optimizing NNI: done in 29.7711 secs using 341.1% CPU
Optimizing NNI: done in 25.7739 secs using 341.8% CPU
Optimizing NNI: done in 22.2599 secs using 341.4% CPU
Optimizing NNI: done in 18.1661 secs using 340.1% CPU
Optimizing NNI: done in 28.4072 secs using 339.8% CPU
Optimizing NNI: done in 16.854 secs using 341.5% CPU
Optimizing NNI: done in 30.3818 secs using 338.6% CPU
Optimizing NNI: done in 26.5941 secs using 341.2% CPU
Optimizing NNI: done in 36.1507 secs using 342.3% CPU
Iteration 90 / LogL: -3572.842 / Time: 0h:38m:57s (0h:4m:48s left)
Optimizing NNI: done in 26.7346 secs using 340.8% CPU
Optimizing NNI: done in 19.7901 secs using 340.3% CPU
Optimizing NNI: done in 39.6781 secs using 342% CPU
Optimizing NNI: done in 32.8303 secs using 342.3% CPU
Optimizing NNI: done in 20.7196 secs using 343.9% CPU
Optimizing NNI: done in 24.5118 secs using 341.2% CPU
Optimizing NNI: done in 40.8202 secs using 341.4% CPU
Optimizing NNI: done in 22.9561 secs using 340.1% CPU
Optimizing NNI: done in 30.1969 secs using 341.5% CPU
Optimizing NNI: done in 28.1753 secs using 342.2% CPU
Iteration 100 / LogL: -3520.869 / Time: 0h:43m:48s (0h:0m:26s left)
Optimizing NNI: done in 33.443 secs using 342% CPU
Optimizing NNI: done in 21.2931 secs using 343.9% CPU
TREE SEARCH COMPLETED AFTER 102 ITERATIONS / Time: 0h:44m:44s

--------------------------------------------------------------------
|                    FINALIZING TREE SEARCH                        |
--------------------------------------------------------------------
Performs final model parameters optimization
Estimate model parameters (epsilon = 0.010)
1. Initial log-likelihood: -3317.446
Optimal log-likelihood: -3317.446
Nonsynonymous/synonymous ratio (omega): 0.267
Transition/transversion ratio (kappa): 5.040
Gamma shape alpha: 0.463
Parameters optimization took 1 rounds (11.643 sec)
BEST SCORE FOUND : -3317.446
Total tree length: 0.777

Total number of iterations: 102
CPU time used for tree search: 8996.966 sec (2h:29m:56s)
Wall-clock time used for tree search: 2638.413 sec (0h:43m:58s)
Total CPU time used: 9207.986 sec (2h:33m:27s)
Total wall-clock time used: 2696.289 sec (0h:44m:56s)

Analysis results written to: 
  IQ-TREE report:                CASQ2_MF.iqtree
  Maximum-likelihood tree:       CASQ2_MF.treefile
  Likelihood distances:          CASQ2_MF.mldist
  Screen log file:               CASQ2_MF.log

Date and Time: Fri Jan 26 04:30:31 2024
