IQ-TREE multicore version 2.2.0-beta COVID-edition for Linux 64-bit built Dec 21 2021 built Dec 21 2021
Developed by Bui Quang Minh, James Barbetti, Nguyen Lam Tung,
Olga Chernomor, Heiko Schmidt, Dominik Schrempf, Michael Woodhams, Ly Trong Nhan.

Host:    awarnach14 (SSE3, 3 GB RAM)
Command: iqtree -s codon_alignments_v4_Jan24/CNTNAP2_codon_aligned.phy -st CODON -m TEST -pre CNTNAP2_MF -nt 4
Seed:    748017 (Using SPRNG - Scalable Parallel Random Number Generator)
Time:    Thu Feb 29 16:39:51 2024
Kernel:  SSE2 - 4 threads (4 CPU cores detected)

Reading alignment file codon_alignments_v4_Jan24/CNTNAP2_codon_aligned.phy ... Phylip format detected
Alignment most likely contains DNA/RNA sequences
Converting to codon sequences with genetic code  ...
Constructing alignment: done in 0.0116983 secs using 92.95% CPU
Alignment has 84 sequences with 1331 columns, 1095 distinct patterns
271 parsimony-informative, 203 singleton sites, 857 constant sites
                      Gap/Ambiguity  Composition  p-value
Analyzing sequences: done in 0.000455383 secs using 99.26% CPU
   1  Bacu_CNTNAP2            3.98%    passed    100.00%
   2  Barn_CNTNAP2           48.01%    passed     99.79%
   3  Bbai76728_CNTNAP2      10.07%    passed    100.00%
   4  BbonAUS_CNTNAP2         6.09%    passed    100.00%
   5  Bbor_CNTNAP2            0.00%    passed    100.00%
   6  Bede66737_CNTNAP2       0.00%    passed    100.00%
   7  BedeAUS_CNTNAP2         5.86%    passed    100.00%
   8  Bmus_CNTNAP2            0.00%    passed    100.00%
   9  Bphy_baits_CNTNAP2      4.51%    passed    100.00%
  10  Ccom40_CNTNAP2          4.28%    passed    100.00%
  11  Chea7320_CNTNAP2        0.00%    passed    100.00%
  12  Cmar59905_CNTNAP2       3.61%    passed    100.00%
  13  Dcap108471_CNTNAP2      0.15%    passed    100.00%
  14  Dcap79929_CNTNAP2       3.76%    passed    100.00%
  15  DdelSJR_CNTNAP2         0.15%    passed    100.00%
  16  Ddeltrop4525_CNTNAP2    3.38%    passed    100.00%
  17  Dleu_CNTNAP2            0.00%    passed    100.00%
  18  EausAUS_CNTNAP2         0.08%    passed    100.00%
  19  Egla13086_CNTNAP2       0.08%    passed    100.00%
  20  Ejap43864_CNTNAP2       0.08%    passed    100.00%
  21  Erob133443_CNTNAP2      0.00%    passed    100.00%
  22  Fatt_CNTNAP2            0.00%    passed    100.00%
  23  Ggri_CNTNAP2            2.48%    passed    100.00%
  24  Gmac39091_CNTNAP2       0.00%    passed    100.00%
  25  Gmel_CNTNAP2            0.00%    passed    100.00%
  26  Hamp_CNTNAP2            0.15%    passed    100.00%
  27  Igeo_CNTNAP2           21.94%    passed    100.00%
  28  Kbre_CNTNAP2            0.08%    passed    100.00%
  29  Ksim_CNTNAP2            3.76%    passed    100.00%
  30  Lacu_CNTNAP2            0.45%    passed    100.00%
  31  Lalb_CNTNAP2            0.00%    passed    100.00%
  32  Laus_CNTNAP2            0.00%    passed    100.00%
  33  Lbor_CNTNAP2            6.61%    passed    100.00%
  34  Lhos30470_CNTNAP2       8.11%    passed    100.00%
  35  Lhos452_CNTNAP2         0.23%    passed    100.00%
  36  Lobl_CNTNAP2            0.00%    passed    100.00%
  37  Lobs_CNTNAP2            2.70%    passed    100.00%
  38  LperAUS_CNTNAP2         0.83%    passed    100.00%
  39  Mbid_CNTNAP2           34.71%    passed     99.80%
  40  Mbow_CNTNAP2            5.03%    passed    100.00%
  41  Mcar_CNTNAP2            2.48%    passed    100.00%
  42  Mden_CNTNAP2           26.15%    passed    100.00%
  43  Meur_CNTNAP2            5.86%    passed    100.00%
  44  Mgin_CNTNAP2            0.15%    passed    100.00%
  45  MgraAUS_CNTNAP2        34.03%    passed     99.99%
  46  Mhec_CNTNAP2           10.67%    passed    100.00%
  47  MlayAUS_CNTNAP2         2.18%    passed    100.00%
  48  Mmir_CNTNAP2           13.37%    passed    100.00%
  49  Mmon_CNTNAP2            0.00%    passed    100.00%
  50  Mper_CNTNAP2            2.63%    passed    100.00%
  51  Mpni_CNTNAP2            0.15%    passed    100.00%
  52  Mste_CNTNAP2            0.15%    passed    100.00%
  53  Naasi_CNTNAP2           0.00%    passed    100.00%
  54  Npho_CNTNAP2            6.76%    passed    100.00%
  55  Obre_CNTNAP2            0.00%    passed    100.00%
  56  Ohei_CNTNAP2            5.86%    passed    100.00%
  57  Oorc_CNTNAP2            0.00%    passed    100.00%
  58  Pbla7349_CNTNAP2        7.29%    passed    100.00%
  59  Pcat_CNTNAP2            1.58%    passed    100.00%
  60  Pcra123188_CNTNAP2      0.00%    passed    100.00%
  61  Pdal_CNTNAP2           51.92%    passed     99.91%
  62  Pdio_CNTNAP2            0.00%    passed    100.00%
  63  Pele_CNTNAP2            2.48%    passed    100.00%
  64  Pmac_CNTNAP2           30.50%    passed    100.00%
  65  Ppho_CNTNAP2            0.08%    passed    100.00%
  66  Psin_CASQ1              0.00%    passed    100.00%
  67  Pspi_CNTNAP2           16.60%    passed    100.00%
  68  Satt18473_CNTNAP2       0.15%    passed    100.00%
  69  Satt38219_CNTNAP2       6.69%    passed    100.00%
  70  Sbre116871_CNTNAP2      2.63%    passed    100.00%
  71  Sbre18437_CNTNAP2       2.63%    passed    100.00%
  72  Schi_CNTNAP2            0.15%    passed    100.00%
  73  Scly1724_CNTNAP2       32.98%    passed     99.95%
  74  Scly1726_CNTNAP2        0.15%    passed    100.00%
  75  Scoe_CNTNAP2            0.00%    passed    100.00%
  76  Sflu9837_CNTNAP2        0.00%    passed    100.00%
  77  Sfro7782_CNTNAP2        2.10%    passed    100.00%
  78  Sfro7784_CNTNAP2        0.15%    passed    100.00%
  79  Slon16012_CNTNAP2       0.15%    passed    100.00%
  80  Slon24923_CNTNAP2       2.63%    passed    100.00%
  81  Tadu79924_CNTNAP2       6.01%    passed    100.00%
  82  Tshe_CNTNAP2            2.48%    passed    100.00%
  83  Ttru_CNTNAP2            0.00%    passed    100.00%
  84  Zcav_CNTNAP2            5.79%    passed    100.00%
WARNING: 1 sequences contain more than 50% gaps/ambiguity
****  TOTAL                   5.56%  0 sequences failed composition chi2 test (p-value<5%; df=60)
Checking for duplicate sequences: done in 0.00169246 secs using 144.9% CPU

Creating fast initial parsimony tree by random order stepwise addition...
0.094 seconds, parsimony score: 855 (based on 474 sites)
Perform fast likelihood tree search using GY+F3X4+I+G model...
Estimate model parameters (epsilon = 5.000)
Perform nearest neighbor interchange...
Optimizing NNI: done in 22.7178 secs using 386.7% CPU
Estimate model parameters (epsilon = 1.000)
1. Initial log-likelihood: -11509.796
Optimal log-likelihood: -11509.401
Nonsynonymous/synonymous ratio (omega): 0.116
Transition/transversion ratio (kappa): 4.453
Proportion of invariable sites: 0.280
Gamma shape alpha: 0.936
Parameters optimization took 1 rounds (31.210 sec)
Time for fast ML tree search: 235.015 seconds

NOTE: ModelFinder requires 181 MB RAM!
ModelFinder will test up to 60 codon models (sample size: 1331) ...
 No. Model         -LnL         df  AIC          AICc         BIC
  1  GY+F3X4       11672.063    176 23696.125    23750.115    24610.214
  2  GY+F3X4+I     11528.771    177 23411.542    23466.193    24330.825
  3  GY+F3X4+G4    11493.956    177 23341.913    23396.563    24261.195
  4  GY+F3X4+I+G4  11490.873    178 23337.745    23393.061    24262.221
  7  GY+F1X4+G4    11544.031    171 23430.061    23480.815    24318.181
  8  GY+F1X4+I+G4  11540.977    172 23425.954    23477.346    24319.268
 11  GY+F+G4       11410.074    228 23276.147    23370.906    24460.308
 12  GY+F+I+G4     11406.857    229 23271.714    23367.391    24461.068
 15  MGK+F3X4+G4   11463.100    177 23280.199    23334.850    24199.482
 16  MGK+F3X4+I+G4 11460.984    178 23277.967    23333.283    24202.443
 19  MGK+F1X4+G4   11544.761    171 23431.523    23482.277    24319.643
 20  MGK+F1X4+I+G4 11541.812    172 23427.623    23479.015    24320.937
 23  MG+F3X4+G4    11463.100    176 23278.199    23332.189    24192.288
 24  MG+F3X4+I+G4  11460.984    177 23275.968    23330.618    24195.250
 27  MG+F1X4+G4    11544.762    170 23429.523    23479.644    24312.450
 28  MG+F1X4+I+G4  11541.812    171 23425.624    23476.378    24313.744
 31  KOSI07+F3X4+G4 11673.509    175 23697.017    23750.350    24605.912
 32  KOSI07+F3X4+I+G4 11670.396    176 23692.792    23746.782    24606.881
 35  KOSI07+F1X4+G4 11765.809    169 23869.617    23919.109    24747.350
 36  KOSI07+F1X4+I+G4 11754.751    170 23849.503    23899.623    24732.429
 39  KOSI07+F+G4   11593.799    226 23639.599    23732.537    24813.372
 40  KOSI07+F+I+G4 11589.928    227 23633.855    23727.701    24812.822
 43  KOSI07+FU+G4  11709.992    166 23751.984    23799.616    24614.136
 44  KOSI07+FU+I+G4 11707.159    167 23748.318    23796.565    24615.663
 47  SCHN05+F3X4+G4 11647.887    175 23645.774    23699.108    24554.669
 48  SCHN05+F3X4+I+G4 11645.317    176 23642.633    23696.623    24556.722
 51  SCHN05+F1X4+G4 11755.094    169 23848.188    23897.680    24725.921
 52  SCHN05+F1X4+I+G4 11743.713    170 23827.427    23877.547    24710.353
 55  SCHN05+F+G4   11543.898    226 23539.795    23632.734    24713.568
 56  SCHN05+F+I+G4 11542.120    227 23538.239    23632.085    24717.206
 59  SCHN05+FU+G4  11653.287    166 23638.573    23686.206    24500.725
 60  SCHN05+FU+I+G4 11651.416    167 23636.831    23685.079    24504.177
Akaike Information Criterion:           GY+F+I+G4
Corrected Akaike Information Criterion: MG+F3X4+I+G4
Bayesian Information Criterion:         MG+F3X4+G4
Best-fit model: MG+F3X4+G4 chosen according to BIC

All model information printed to CNTNAP2_MF.model.gz
CPU time for ModelFinder: 10163.066 seconds (2h:49m:23s)
Wall-clock time for ModelFinder: 2620.169 seconds (0h:43m:40s)

NOTE: 181 MB RAM (0 GB) is required!
Estimate model parameters (epsilon = 0.100)
1. Initial log-likelihood: -11463.100
Optimal log-likelihood: -11463.100
Nonsynonymous/synonymous ratio (omega): 0.127
Transition/transversion ratio (kappa): 4.723
Gamma shape alpha: 0.481
Parameters optimization took 1 rounds (27.611 sec)
Wrote distance file to... 
Computing ML distances based on estimated model parameters...
Calculating distance matrix: done in 28.5393 secs using 399.3% CPU
Computing ML distances took 28.540115 sec (of wall-clock time) 113.954598 sec (of CPU time)
Setting up auxiliary I and S matrices: done in 0.000850979 secs using 166.7% CPU
Constructing RapidNJ tree: done in 0.0723081 secs using 65.33% CPU
Computing RapidNJ tree took 0.073865 sec (of wall-clock time) 0.050196 sec (of CPU time)
Log-likelihood of RapidNJ tree: -11574.990
--------------------------------------------------------------------
|             INITIALIZING CANDIDATE TREE SET                      |
--------------------------------------------------------------------
Generating 98 parsimony trees... 2.136 second
Computing log-likelihood of 98 initial trees ... 624.688 seconds
Current best score: -11463.100

Do NNI search on 20 best initial trees
Optimizing NNI: done in 22.6999 secs using 386.9% CPU
Estimate model parameters (epsilon = 0.100)
BETTER TREE FOUND at iteration 1: -11463.100
Optimizing NNI: done in 22.2638 secs using 386.1% CPU
Optimizing NNI: done in 22.5416 secs using 386.3% CPU
Optimizing NNI: done in 23.2656 secs using 386.3% CPU
Optimizing NNI: done in 23.154 secs using 386.6% CPU
Optimizing NNI: done in 23.4624 secs using 387.5% CPU
Optimizing NNI: done in 24.0106 secs using 386.7% CPU
Optimizing NNI: done in 22.4857 secs using 386.1% CPU
Optimizing NNI: done in 24.1733 secs using 387.1% CPU
Optimizing NNI: done in 22.7525 secs using 386.4% CPU
Iteration 10 / LogL: -11482.482 / Time: 0h:15m:57s
Optimizing NNI: done in 23.3123 secs using 385.9% CPU
Optimizing NNI: done in 23.3422 secs using 386.5% CPU
Optimizing NNI: done in 22.5831 secs using 386.7% CPU
Optimizing NNI: done in 23.8999 secs using 387.1% CPU
Optimizing NNI: done in 23.2882 secs using 386.8% CPU
Optimizing NNI: done in 22.7171 secs using 385.9% CPU
Optimizing NNI: done in 23.3138 secs using 386.6% CPU
Optimizing NNI: done in 23.0044 secs using 386.6% CPU
Optimizing NNI: done in 23.4209 secs using 386.5% CPU
Optimizing NNI: done in 22.74 secs using 386.9% CPU
Iteration 20 / LogL: -11489.961 / Time: 0h:20m:0s
Finish initializing candidate tree set (20)
Current best tree score: -11463.100 / CPU time: 1137.655
Number of iterations: 20
--------------------------------------------------------------------
|               OPTIMIZING CANDIDATE TREE SET                      |
--------------------------------------------------------------------
Optimizing NNI: done in 46.7338 secs using 385.8% CPU
Optimizing NNI: done in 48.975 secs using 385.5% CPU
Optimizing NNI: done in 45.8961 secs using 386.6% CPU
Optimizing NNI: done in 35.0049 secs using 386.6% CPU
Optimizing NNI: done in 41.0397 secs using 386.6% CPU
Optimizing NNI: done in 47.1229 secs using 385.1% CPU
Optimizing NNI: done in 61.7685 secs using 386% CPU
Optimizing NNI: done in 40.9643 secs using 385.2% CPU
Optimizing NNI: done in 23.5211 secs using 387.4% CPU
Optimizing NNI: done in 48.0948 secs using 386.4% CPU
Iteration 30 / LogL: -11709.828 / Time: 0h:27m:30s (1h:7m:20s left)
Optimizing NNI: done in 52.0555 secs using 385.4% CPU
Optimizing NNI: done in 71.6317 secs using 386.4% CPU
Optimizing NNI: done in 43.4329 secs using 386% CPU
Optimizing NNI: done in 50.205 secs using 385.8% CPU
Optimizing NNI: done in 44.5432 secs using 385.6% CPU
Optimizing NNI: done in 40.5151 secs using 384.5% CPU
Optimizing NNI: done in 34.9871 secs using 386.4% CPU
Optimizing NNI: done in 34.2381 secs using 386.5% CPU
Optimizing NNI: done in 47.3978 secs using 386.2% CPU
Optimizing NNI: done in 23.1956 secs using 386.6% CPU
Iteration 40 / LogL: -11819.887 / Time: 0h:35m:3s (0h:54m:49s left)
Optimizing NNI: done in 59.5028 secs using 386.1% CPU
Optimizing NNI: done in 70.5393 secs using 386.4% CPU
Optimizing NNI: done in 30.5249 secs using 386.3% CPU
Optimizing NNI: done in 47.321 secs using 386% CPU
Optimizing NNI: done in 86.2907 secs using 386.1% CPU
Optimizing NNI: done in 43.1313 secs using 385.1% CPU
Optimizing NNI: done in 38.9189 secs using 386.1% CPU
Optimizing NNI: done in 41.6877 secs using 386.4% CPU
Optimizing NNI: done in 57.8219 secs using 386.1% CPU
Optimizing NNI: done in 62.6992 secs using 386.1% CPU
Iteration 50 / LogL: -11844.801 / Time: 0h:44m:12s (0h:46m:0s left)
Optimizing NNI: done in 31.4915 secs using 386.8% CPU
Optimizing NNI: done in 60.8179 secs using 386.6% CPU
Optimizing NNI: done in 53.3515 secs using 385% CPU
Optimizing NNI: done in 61.8343 secs using 385.9% CPU
Optimizing NNI: done in 33.9314 secs using 386.5% CPU
Optimizing NNI: done in 32.5213 secs using 385.7% CPU
Optimizing NNI: done in 40.5754 secs using 385.9% CPU
Optimizing NNI: done in 66.1574 secs using 386.6% CPU
Optimizing NNI: done in 54.8254 secs using 386.2% CPU
Optimizing NNI: done in 91.09 secs using 386.2% CPU
Iteration 60 / LogL: -11918.779 / Time: 0h:53m:9s (0h:36m:56s left)
Optimizing NNI: done in 57.8761 secs using 386.4% CPU
Optimizing NNI: done in 71.4307 secs using 385.9% CPU
Optimizing NNI: done in 42.7695 secs using 385.1% CPU
Optimizing NNI: done in 31.7309 secs using 386% CPU
Optimizing NNI: done in 52.2178 secs using 385.1% CPU
Optimizing NNI: done in 35.1658 secs using 386.8% CPU
Optimizing NNI: done in 32.3867 secs using 385.5% CPU
Optimizing NNI: done in 45.2416 secs using 385.8% CPU
Optimizing NNI: done in 22.5236 secs using 387.1% CPU
Optimizing NNI: done in 22.971 secs using 385.9% CPU
Iteration 70 / LogL: -11974.577 / Time: 1h:0m:14s (0h:27m:3s left)
Optimizing NNI: done in 41.2473 secs using 386.6% CPU
Optimizing NNI: done in 35.1181 secs using 385.7% CPU
Optimizing NNI: done in 47.8748 secs using 385.7% CPU
Optimizing NNI: done in 34.233 secs using 386.8% CPU
Optimizing NNI: done in 53.9462 secs using 385.1% CPU
Optimizing NNI: done in 31.9343 secs using 386.8% CPU
Optimizing NNI: done in 32.379 secs using 385.9% CPU
Optimizing NNI: done in 34.2906 secs using 387.8% CPU
Optimizing NNI: done in 42.5692 secs using 386.5% CPU
Optimizing NNI: done in 43.7091 secs using 386.5% CPU
Iteration 80 / LogL: -11761.649 / Time: 1h:7m:2s (0h:17m:49s left)
Optimizing NNI: done in 42.0405 secs using 385.2% CPU
Optimizing NNI: done in 41.3376 secs using 386.2% CPU
Optimizing NNI: done in 33.7105 secs using 386.3% CPU
Optimizing NNI: done in 60.3148 secs using 385.8% CPU
Optimizing NNI: done in 66.857 secs using 386.3% CPU
Optimizing NNI: done in 45.6607 secs using 384.9% CPU
Optimizing NNI: done in 59.7043 secs using 386.9% CPU
Optimizing NNI: done in 35.2964 secs using 386.5% CPU
Optimizing NNI: done in 30.6478 secs using 386.4% CPU
Optimizing NNI: done in 48.7423 secs using 385.9% CPU
Iteration 90 / LogL: -11928.260 / Time: 1h:14m:57s (0h:9m:15s left)
Optimizing NNI: done in 22.4249 secs using 386.2% CPU
Optimizing NNI: done in 47.3919 secs using 386.3% CPU
Optimizing NNI: done in 45.998 secs using 385.3% CPU
Optimizing NNI: done in 71.4445 secs using 385.5% CPU
Optimizing NNI: done in 56.2854 secs using 385.8% CPU
Optimizing NNI: done in 31.0675 secs using 385.9% CPU
Optimizing NNI: done in 63.2605 secs using 385.3% CPU
Optimizing NNI: done in 39.9221 secs using 386% CPU
Optimizing NNI: done in 33.3575 secs using 386.1% CPU
Optimizing NNI: done in 49.284 secs using 386% CPU
Iteration 100 / LogL: -11897.737 / Time: 1h:22m:48s (0h:0m:50s left)
Optimizing NNI: done in 32.832 secs using 386.3% CPU
Optimizing NNI: done in 32.48 secs using 385.9% CPU
TREE SEARCH COMPLETED AFTER 102 ITERATIONS / Time: 1h:23m:55s

--------------------------------------------------------------------
|                    FINALIZING TREE SEARCH                        |
--------------------------------------------------------------------
Performs final model parameters optimization
Estimate model parameters (epsilon = 0.010)
1. Initial log-likelihood: -11463.100
Optimal log-likelihood: -11463.100
Nonsynonymous/synonymous ratio (omega): 0.127
Transition/transversion ratio (kappa): 4.723
Gamma shape alpha: 0.481
Parameters optimization took 1 rounds (27.685 sec)
BEST SCORE FOUND : -11463.100
Total tree length: 0.716

Total number of iterations: 102
CPU time used for tree search: 19184.392 sec (5h:19m:44s)
Wall-clock time used for tree search: 4973.159 sec (1h:22m:53s)
Total CPU time used: 19537.414 sec (5h:25m:37s)
Total wall-clock time used: 5063.634 sec (1h:24m:23s)

Analysis results written to: 
  IQ-TREE report:                CNTNAP2_MF.iqtree
  Maximum-likelihood tree:       CNTNAP2_MF.treefile
  Likelihood distances:          CNTNAP2_MF.mldist
  Screen log file:               CNTNAP2_MF.log

Date and Time: Thu Feb 29 18:47:55 2024
