IQ-TREE multicore version 2.2.0-beta COVID-edition for Linux 64-bit built Dec 21 2021 built Dec 21 2021
Developed by Bui Quang Minh, James Barbetti, Nguyen Lam Tung,
Olga Chernomor, Heiko Schmidt, Dominik Schrempf, Michael Woodhams, Ly Trong Nhan.

Host:    awarnach10 (SSE3, 3 GB RAM)
Command: iqtree -s codon_alignments_v2_Jan24/FOXP2_codon_aligned.phy -m GTR+G4 -pre FOXP2_GTR -nt 4
Seed:    928418 (Using SPRNG - Scalable Parallel Random Number Generator)
Time:    Mon Jan 29 16:42:24 2024
Kernel:  SSE2 - 4 threads (4 CPU cores detected)

Reading alignment file codon_alignments_v2_Jan24/FOXP2_codon_aligned.phy ... Phylip format detected
Alignment most likely contains DNA/RNA sequences
Constructing alignment: done in 0.00597738 secs using 119.6% CPU
Alignment has 93 sequences with 1530 columns, 240 distinct patterns
76 parsimony-informative, 89 singleton sites, 1365 constant sites
                    Gap/Ambiguity  Composition  p-value
Analyzing sequences: done in 7.48709e-05 secs using 96.17% CPU
   1  Bacu_FOXP2            0.00%    passed     98.73%
   2  Barn_FOXP2           25.49%    passed     58.71%
   3  Bbai76728_FOXP2      16.86%    passed     89.57%
   4  BbonAUS_FOXP2         9.80%    passed     99.49%
   5  Bbor_FOXP2            5.10%    passed     99.98%
   6  Bede66737_FOXP2       5.10%    passed     99.98%
   7  BedeAUS_FOXP2         5.10%    passed     99.98%
   8  Bmus_FOXP2            0.00%    passed     99.04%
   9  Bmys_FOXP2           14.51%    passed     85.76%
  10  Bphy_FOXP2           15.69%    passed     59.61%
  11  Bphy_baits_FOXP2      9.80%    passed     99.89%
  12  Btau_FOXP2            0.00%    passed     96.19%
  13  Ccom40_FOXP2         22.55%    passed     85.24%
  14  Chea7320_FOXP2        9.80%    passed     99.12%
  15  Cmar59905_FOXP2       9.80%    passed     98.90%
  16  Dcap108471_FOXP2      5.10%    passed     99.96%
  17  Dcap79929_FOXP2      10.78%    passed     99.07%
  18  DdelSJR_FOXP2         5.10%    passed     99.96%
  19  Ddeltrop4525_FOXP2    5.10%    passed     99.96%
  20  Dleu_FOXP2            0.00%    passed     99.52%
  21  EausAUS_FOXP2         5.10%    passed     99.93%
  22  Ecab_FOXP2            0.00%    passed     81.45%
  23  Egla13086_FOXP2       5.10%    passed     99.93%
  24  Ejap43864_FOXP2       5.10%    passed     99.93%
  25  Erob133443_FOXP2     10.20%    passed     99.42%
  26  Fatt_FOXP2            5.10%    passed     99.97%
  27  Ggri_FOXP2            5.10%    passed     99.88%
  28  Gmac39091_FOXP2       5.10%    passed     99.97%
  29  Gmel_FOXP2            0.00%    passed     99.10%
  30  Hippo_FOXP2           0.00%    passed     80.77%
  31  Hamp_FOXP2            5.10%    passed     99.88%
  32  Igeo_FOXP2           38.63%    passed     95.40%
  33  Kbre_FOXP2            5.10%    passed     99.98%
  34  Ksim_FOXP2           20.39%    passed     77.38%
  35  Lacu_FOXP2            5.10%    passed     99.97%
  36  Lalb_FOXP2            5.10%    passed     99.97%
  37  Laus_FOXP2            5.10%    passed     99.99%
  38  Lbor_FOXP2           11.96%    passed     92.69%
  39  Lhos30470_FOXP2      16.47%    passed     94.19%
  40  Lhos452_FOXP2         9.80%    passed     98.55%
  41  Lobl_FOXP2            0.00%    passed     99.10%
  42  Lobs_FOXP2           10.98%    passed     97.65%
  43  LperAUS_FOXP2         5.10%    passed     99.97%
  44  Lvex_FOXP2           25.10%    passed     97.10%
  45  Mbid_FOXP2           29.80%    passed     92.52%
  46  Mbow_FOXP2            5.10%    passed     99.99%
  47  Mcar_FOXP2            5.10%    passed     99.97%
  48  Mden_FOXP2           36.27%    passed     94.01%
  49  Meur_FOXP2           10.98%    passed     97.30%
  50  Mgin_FOXP2            5.10%    passed     99.98%
  51  MgraAUS_FOXP2        46.08%    passed     26.78%
  52  Mhec_FOXP2            9.80%    passed     99.47%
  53  MlayAUS_FOXP2         5.10%    passed     99.99%
  54  Mmir_FOXP2           23.92%    passed     97.86%
  55  Mmon_FOXP2            0.00%    passed     99.14%
  56  Mper_FOXP2            5.10%    passed     99.97%
  57  Mpni_FOXP2            6.27%    passed     99.85%
  58  Mste_FOXP2            9.80%    passed     99.47%
  59  Naasi_FOXP2           0.00%    passed     99.14%
  60  Npho_FOXP2            5.10%    passed     99.92%
  61  Oari_FOXP2            0.00%    passed     91.07%
  62  Obre_FOXP2            5.10%    passed     99.99%
  63  Ohei_FOXP2            5.10%    passed     99.97%
  64  Oorc_FOXP2            0.00%    passed     99.44%
  65  Ovtex_FOXP2           0.00%    passed     99.76%
  66  Pbla7349_FOXP2       11.37%    passed     96.05%
  67  Pcat_FOXP2            0.00%    passed     99.23%
  68  Pcra123188_FOXP2      9.80%    passed     99.43%
  69  Pdal_FOXP2           52.55%    passed     54.67%
  70  Pdio_FOXP2            5.10%    passed     99.92%
  71  Pele_FOXP2            5.10%    passed     99.97%
  72  Pmac_FOXP2            5.29%    passed     99.96%
  73  Ppho_FOXP2            5.10%    passed     99.92%
  74  Psin_FOXP2            0.00%    passed     99.14%
  75  Pspi_FOXP2           45.49%    passed     91.22%
  76  Satt18473_FOXP2       9.80%    passed     97.72%
  77  Satt38219_FOXP2      15.88%    passed     96.29%
  78  Sbre116871_FOXP2      5.10%    passed     99.99%
  79  Sbre18437_FOXP2       5.10%    passed     99.99%
  80  Schi_FOXP2            9.80%    passed     99.12%
  81  Scly1724_FOXP2       57.84%    passed     34.77%
  82  Scly1726_FOXP2        5.10%    passed     99.88%
  83  Scoe_FOXP2            5.10%    passed     99.97%
  84  Sflu9837_FOXP2        5.10%    passed     99.98%
  85  Sfro7782_FOXP2       15.69%    passed     89.74%
  86  Sfro7784_FOXP2        5.10%    passed     99.66%
  87  Slon16012_FOXP2       5.10%    passed     99.88%
  88  Slon24923_FOXP2       5.10%    passed     99.88%
  89  Sscr_FOXP2            0.00%    passed     94.18%
  90  Tadu79924_FOXP2       5.10%    passed     99.88%
  91  Tshe_FOXP2            5.10%    passed     99.88%
  92  Ttru_FOXP2            0.00%    passed     99.10%
  93  Zcav_FOXP2            9.80%    passed     99.47%
WARNING: 2 sequences contain more than 50% gaps/ambiguity
****  TOTAL                 9.72%  0 sequences failed composition chi2 test (p-value<5%; df=3)
NOTE: BedeAUS_FOXP2 is identical to Bede66737_FOXP2 but kept for subsequent analysis
NOTE: Schi_FOXP2 is identical to Chea7320_FOXP2 but kept for subsequent analysis
NOTE: DdelSJR_FOXP2 is identical to Dcap108471_FOXP2 but kept for subsequent analysis
NOTE: Egla13086_FOXP2 is identical to EausAUS_FOXP2 but kept for subsequent analysis
NOTE: Gmac39091_FOXP2 is identical to Fatt_FOXP2 but kept for subsequent analysis
NOTE: Lobl_FOXP2 is identical to Gmel_FOXP2 but kept for subsequent analysis
NOTE: MlayAUS_FOXP2 is identical to Mbow_FOXP2 but kept for subsequent analysis
NOTE: Mste_FOXP2 is identical to Mhec_FOXP2 but kept for subsequent analysis
NOTE: Psin_FOXP2 is identical to Naasi_FOXP2 but kept for subsequent analysis
NOTE: Pdio_FOXP2 is identical to Npho_FOXP2 but kept for subsequent analysis
NOTE: Sbre18437_FOXP2 is identical to Sbre116871_FOXP2 but kept for subsequent analysis
NOTE: Slon16012_FOXP2 is identical to Scly1726_FOXP2 but kept for subsequent analysis
Checking for duplicate sequences: done in 0.000652047 secs using 71.31% CPU
Identifying sites to remove: done in 0.00350943 secs using 175.5% CPU
NOTE: 10 identical sequences (see below) will be ignored for subsequent analysis
NOTE: Ddeltrop4525_FOXP2 (identical to Dcap108471_FOXP2) is ignored but added at the end
NOTE: Ejap43864_FOXP2 (identical to EausAUS_FOXP2) is ignored but added at the end
NOTE: Lacu_FOXP2 (identical to Fatt_FOXP2) is ignored but added at the end
NOTE: Lalb_FOXP2 (identical to Fatt_FOXP2) is ignored but added at the end
NOTE: LperAUS_FOXP2 (identical to Fatt_FOXP2) is ignored but added at the end
NOTE: Ohei_FOXP2 (identical to Fatt_FOXP2) is ignored but added at the end
NOTE: Pele_FOXP2 (identical to Fatt_FOXP2) is ignored but added at the end
NOTE: Scoe_FOXP2 (identical to Fatt_FOXP2) is ignored but added at the end
NOTE: Slon24923_FOXP2 (identical to Scly1726_FOXP2) is ignored but added at the end
NOTE: Tadu79924_FOXP2 (identical to Scly1726_FOXP2) is ignored but added at the end
Alignment was printed to FOXP2_GTR.uniqueseq.phy

For your convenience alignment with unique sequences printed to FOXP2_GTR.uniqueseq.phy

Create initial parsimony tree by phylogenetic likelihood library (PLL)... 0.002 seconds

NOTE: 2 MB RAM (0 GB) is required!
WARNING: Number of threads seems too high for short alignments. Use -T AUTO to determine best number of threads.
Estimate model parameters (epsilon = 0.100)
1. Initial log-likelihood: -5082.306
2. Current log-likelihood: -4554.422
3. Current log-likelihood: -4502.509
4. Current log-likelihood: -4501.093
5. Current log-likelihood: -4499.931
6. Current log-likelihood: -4499.050
7. Current log-likelihood: -4498.602
8. Current log-likelihood: -4498.351
Optimal log-likelihood: -4498.239
Rate parameters:  A-C: 0.79474  A-G: 14.78418  A-T: 1.36303  C-G: 0.10789  C-T: 5.22057  G-T: 1.00000
Base frequencies:  A: 0.289  C: 0.273  G: 0.228  T: 0.210
Gamma shape alpha: 0.088
Parameters optimization took 8 rounds (1.186 sec)
Wrote distance file to... 
Computing ML distances based on estimated model parameters...
Calculating distance matrix: done in 0.0317254 secs using 402.4% CPU
Computing ML distances took 0.032191 sec (of wall-clock time) 0.128141 sec (of CPU time)
Setting up auxiliary I and S matrices: done in 0.000885321 secs using 162.5% CPU
Constructing RapidNJ tree: done in 0.0613212 secs using 60.45% CPU
Computing RapidNJ tree took 0.062398 sec (of wall-clock time) 0.038720 sec (of CPU time)
Log-likelihood of RapidNJ tree: -3626.746
--------------------------------------------------------------------
|             INITIALIZING CANDIDATE TREE SET                      |
--------------------------------------------------------------------
Generating 98 parsimony trees... 0.387 second
Computing log-likelihood of 98 initial trees ... 1.721 seconds
Current best score: -3626.746

Do NNI search on 20 best initial trees
Optimizing NNI: done in 0.358699 secs using 393.7% CPU
Estimate model parameters (epsilon = 0.100)
BETTER TREE FOUND at iteration 1: -3593.050
Optimizing NNI: done in 2.53666 secs using 397.2% CPU
Optimizing NNI: done in 1.88388 secs using 397.1% CPU
Optimizing NNI: done in 1.04094 secs using 397.5% CPU
Optimizing NNI: done in 0.916632 secs using 396.8% CPU
Optimizing NNI: done in 1.37601 secs using 397.2% CPU
Optimizing NNI: done in 0.622167 secs using 398.8% CPU
Optimizing NNI: done in 1.71684 secs using 396.6% CPU
Optimizing NNI: done in 0.629973 secs using 394.7% CPU
Optimizing NNI: done in 1.90625 secs using 398.9% CPU
Iteration 10 / LogL: -4005.804 / Time: 0h:0m:16s
Optimizing NNI: done in 2.1218 secs using 396.5% CPU
Optimizing NNI: done in 0.479628 secs using 398.2% CPU
Optimizing NNI: done in 1.39793 secs using 396% CPU
Optimizing NNI: done in 1.26624 secs using 397.8% CPU
Optimizing NNI: done in 1.22278 secs using 398.4% CPU
Optimizing NNI: done in 1.01756 secs using 397.5% CPU
Optimizing NNI: done in 2.15845 secs using 398.8% CPU
Optimizing NNI: done in 1.351 secs using 395.4% CPU
Optimizing NNI: done in 1.20712 secs using 397.5% CPU
Optimizing NNI: done in 2.24592 secs using 397.5% CPU
Iteration 20 / LogL: -4024.383 / Time: 0h:0m:31s
Finish initializing candidate tree set (20)
Current best tree score: -3593.050 / CPU time: 30.056
Number of iterations: 20
--------------------------------------------------------------------
|               OPTIMIZING CANDIDATE TREE SET                      |
--------------------------------------------------------------------
Optimizing NNI: done in 0.173757 secs using 394.3% CPU
Optimizing NNI: done in 0.54223 secs using 397.6% CPU
Optimizing NNI: done in 0.520663 secs using 396.4% CPU
Optimizing NNI: done in 0.537656 secs using 395.4% CPU
Optimizing NNI: done in 0.247177 secs using 400.7% CPU
Optimizing NNI: done in 0.329275 secs using 395.8% CPU
Optimizing NNI: done in 0.610826 secs using 398.5% CPU
Optimizing NNI: done in 0.382067 secs using 397.6% CPU
Optimizing NNI: done in 0.483954 secs using 399.8% CPU
Optimizing NNI: done in 0.689552 secs using 396.3% CPU
Iteration 30 / LogL: -3809.973 / Time: 0h:0m:36s (0h:1m:28s left)
Optimizing NNI: done in 0.362365 secs using 396.8% CPU
Optimizing NNI: done in 0.406494 secs using 398.9% CPU
Estimate model parameters (epsilon = 0.100)
BETTER TREE FOUND at iteration 32: -3584.952
Optimizing NNI: done in 0.78406 secs using 396.6% CPU
Optimizing NNI: done in 0.366686 secs using 400.5% CPU
Optimizing NNI: done in 0.336275 secs using 395.6% CPU
Optimizing NNI: done in 0.338881 secs using 396.4% CPU
Optimizing NNI: done in 0.299395 secs using 399.1% CPU
Optimizing NNI: done in 0.303731 secs using 397.6% CPU
Optimizing NNI: done in 0.25858 secs using 398% CPU
Optimizing NNI: done in 0.316498 secs using 397.6% CPU
Estimate model parameters (epsilon = 0.100)
BETTER TREE FOUND at iteration 40: -3584.532
Iteration 40 / LogL: -3584.532 / Time: 0h:0m:40s (0h:1m:42s left)
Optimizing NNI: done in 0.521493 secs using 399.4% CPU
Optimizing NNI: done in 0.398326 secs using 396.3% CPU
Optimizing NNI: done in 0.313624 secs using 398.2% CPU
Optimizing NNI: done in 0.294655 secs using 398.3% CPU
Optimizing NNI: done in 0.290531 secs using 395.2% CPU
Optimizing NNI: done in 0.328791 secs using 398.9% CPU
Optimizing NNI: done in 0.278137 secs using 401.4% CPU
Optimizing NNI: done in 0.334899 secs using 396.4% CPU
Estimate model parameters (epsilon = 0.100)
BETTER TREE FOUND at iteration 48: -3584.084
Optimizing NNI: done in 0.273528 secs using 394.9% CPU
Optimizing NNI: done in 0.298646 secs using 397.3% CPU
Iteration 50 / LogL: -3584.958 / Time: 0h:0m:43s (0h:1m:27s left)
Optimizing NNI: done in 0.345078 secs using 397.1% CPU
Optimizing NNI: done in 0.281356 secs using 395.5% CPU
BETTER TREE FOUND at iteration 52: -3584.081
Optimizing NNI: done in 0.351033 secs using 395% CPU
Optimizing NNI: done in 0.352074 secs using 396.1% CPU
BETTER TREE FOUND at iteration 54: -3584.080
Optimizing NNI: done in 0.29723 secs using 394.5% CPU
Optimizing NNI: done in 0.353687 secs using 394% CPU
Optimizing NNI: done in 0.472256 secs using 396.4% CPU
Optimizing NNI: done in 0.474481 secs using 396.1% CPU
Optimizing NNI: done in 0.484789 secs using 396.8% CPU
Optimizing NNI: done in 0.231144 secs using 390.7% CPU
Iteration 60 / LogL: -3584.084 / Time: 0h:0m:47s (0h:1m:15s left)
Optimizing NNI: done in 0.426411 secs using 397.3% CPU
BETTER TREE FOUND at iteration 61: -3584.080
Optimizing NNI: done in 0.375606 secs using 399.4% CPU
Optimizing NNI: done in 0.334254 secs using 397.9% CPU
Optimizing NNI: done in 0.273348 secs using 391.7% CPU
Optimizing NNI: done in 0.332486 secs using 396.3% CPU
Optimizing NNI: done in 0.348576 secs using 396.6% CPU
Optimizing NNI: done in 0.468907 secs using 394.4% CPU
Optimizing NNI: done in 0.472733 secs using 397.2% CPU
BETTER TREE FOUND at iteration 68: -3584.079
Optimizing NNI: done in 0.233659 secs using 393.3% CPU
Optimizing NNI: done in 0.366488 secs using 400.5% CPU
Iteration 70 / LogL: -3584.081 / Time: 0h:0m:51s (0h:1m:12s left)
Optimizing NNI: done in 0.295225 secs using 397.2% CPU
Optimizing NNI: done in 0.300744 secs using 397.2% CPU
Optimizing NNI: done in 0.336921 secs using 396.2% CPU
Optimizing NNI: done in 0.310636 secs using 396.7% CPU
Optimizing NNI: done in 0.417111 secs using 398.7% CPU
Optimizing NNI: done in 0.292335 secs using 396.3% CPU
Optimizing NNI: done in 0.245421 secs using 395.4% CPU
Optimizing NNI: done in 0.402513 secs using 398% CPU
Optimizing NNI: done in 0.451728 secs using 395.3% CPU
Optimizing NNI: done in 0.372586 secs using 396.1% CPU
Iteration 80 / LogL: -3589.190 / Time: 0h:0m:54s (0h:1m:0s left)
Optimizing NNI: done in 0.444808 secs using 396% CPU
Optimizing NNI: done in 0.201191 secs using 395.1% CPU
Optimizing NNI: done in 0.533621 secs using 395.3% CPU
Optimizing NNI: done in 0.352918 secs using 393% CPU
Optimizing NNI: done in 0.321662 secs using 395.2% CPU
Optimizing NNI: done in 0.282894 secs using 395.3% CPU
Optimizing NNI: done in 0.473946 secs using 400.1% CPU
Optimizing NNI: done in 0.351167 secs using 394.9% CPU
BETTER TREE FOUND at iteration 88: -3584.078
Optimizing NNI: done in 0.252369 secs using 396.2% CPU
BETTER TREE FOUND at iteration 89: -3584.078
Optimizing NNI: done in 0.37779 secs using 396.3% CPU
Iteration 90 / LogL: -3584.079 / Time: 0h:0m:58s (0h:1m:4s left)
Optimizing NNI: done in 0.411622 secs using 397.4% CPU
Optimizing NNI: done in 0.264917 secs using 396.2% CPU
Optimizing NNI: done in 0.352573 secs using 398.2% CPU
BETTER TREE FOUND at iteration 93: -3584.077
Optimizing NNI: done in 0.244979 secs using 395.4% CPU
Optimizing NNI: done in 0.480737 secs using 395.2% CPU
Optimizing NNI: done in 0.421417 secs using 398% CPU
Optimizing NNI: done in 0.295357 secs using 395.8% CPU
Optimizing NNI: done in 0.313572 secs using 401% CPU
Optimizing NNI: done in 0.344075 secs using 393.8% CPU
Optimizing NNI: done in 0.363935 secs using 398.5% CPU
Iteration 100 / LogL: -3584.080 / Time: 0h:1m:1s (0h:0m:58s left)
Optimizing NNI: done in 0.30648 secs using 398.4% CPU
Optimizing NNI: done in 0.249424 secs using 396.6% CPU
BETTER TREE FOUND at iteration 102: -3584.076
Optimizing NNI: done in 0.388238 secs using 395.1% CPU
Optimizing NNI: done in 0.283245 secs using 398.5% CPU
Optimizing NNI: done in 0.28163 secs using 398.2% CPU
Optimizing NNI: done in 0.357682 secs using 399.5% CPU
Optimizing NNI: done in 0.358468 secs using 396.1% CPU
Optimizing NNI: done in 0.356515 secs using 398.3% CPU
Optimizing NNI: done in 0.353896 secs using 396.9% CPU
Optimizing NNI: done in 0.333434 secs using 393.7% CPU
BETTER TREE FOUND at iteration 110: -3584.075
Iteration 110 / LogL: -3584.075 / Time: 0h:1m:5s (0h:0m:59s left)
Optimizing NNI: done in 0.293273 secs using 397% CPU
Optimizing NNI: done in 0.196832 secs using 398.7% CPU
Optimizing NNI: done in 0.28131 secs using 395.1% CPU
Optimizing NNI: done in 0.266242 secs using 397.3% CPU
Optimizing NNI: done in 0.363446 secs using 398.4% CPU
Optimizing NNI: done in 0.239149 secs using 398.6% CPU
Optimizing NNI: done in 0.330646 secs using 397.8% CPU
Optimizing NNI: done in 0.291397 secs using 399.1% CPU
BETTER TREE FOUND at iteration 118: -3584.074
Optimizing NNI: done in 0.228161 secs using 399.7% CPU
Optimizing NNI: done in 0.358997 secs using 394.7% CPU
Iteration 120 / LogL: -3584.081 / Time: 0h:1m:8s (0h:0m:56s left)
Optimizing NNI: done in 0.32235 secs using 398.6% CPU
Optimizing NNI: done in 0.298884 secs using 395.7% CPU
Optimizing NNI: done in 0.301368 secs using 397.8% CPU
BETTER TREE FOUND at iteration 123: -3584.074
Optimizing NNI: done in 0.326145 secs using 399.7% CPU
Optimizing NNI: done in 0.370067 secs using 398.2% CPU
Optimizing NNI: done in 0.320655 secs using 396% CPU
Optimizing NNI: done in 0.24853 secs using 399.2% CPU
Optimizing NNI: done in 0.548943 secs using 397.6% CPU
Optimizing NNI: done in 0.430981 secs using 395% CPU
Optimizing NNI: done in 0.235835 secs using 399% CPU
BETTER TREE FOUND at iteration 130: -3584.071
Iteration 130 / LogL: -3584.071 / Time: 0h:1m:11s (0h:0m:55s left)
Optimizing NNI: done in 0.328048 secs using 396.9% CPU
Optimizing NNI: done in 0.309209 secs using 396.9% CPU
Optimizing NNI: done in 0.426395 secs using 394.3% CPU
Optimizing NNI: done in 0.34166 secs using 396.7% CPU
Optimizing NNI: done in 0.310421 secs using 397.5% CPU
Optimizing NNI: done in 0.26085 secs using 397.2% CPU
Optimizing NNI: done in 0.369179 secs using 398.2% CPU
Optimizing NNI: done in 0.220105 secs using 397.6% CPU
Optimizing NNI: done in 0.34532 secs using 397.9% CPU
Optimizing NNI: done in 0.244414 secs using 393.3% CPU
BETTER TREE FOUND at iteration 140: -3584.071
Iteration 140 / LogL: -3584.071 / Time: 0h:1m:14s (0h:0m:53s left)
Optimizing NNI: done in 0.230632 secs using 392.2% CPU
Optimizing NNI: done in 0.282128 secs using 400.3% CPU
Optimizing NNI: done in 0.309441 secs using 398.5% CPU
Optimizing NNI: done in 0.28349 secs using 398.5% CPU
BETTER TREE FOUND at iteration 144: -3584.071
Optimizing NNI: done in 0.38681 secs using 396.1% CPU
Optimizing NNI: done in 0.329089 secs using 398.9% CPU
Optimizing NNI: done in 0.357101 secs using 396.2% CPU
Optimizing NNI: done in 0.245967 secs using 395.8% CPU
Optimizing NNI: done in 0.299895 secs using 398.5% CPU
Optimizing NNI: done in 0.37094 secs using 390.5% CPU
Iteration 150 / LogL: -3589.338 / Time: 0h:1m:17s (0h:0m:49s left)
Optimizing NNI: done in 0.375083 secs using 395.2% CPU
Optimizing NNI: done in 0.34958 secs using 398.2% CPU
Optimizing NNI: done in 0.314432 secs using 395.1% CPU
Optimizing NNI: done in 0.302901 secs using 399.6% CPU
Optimizing NNI: done in 0.373155 secs using 400.1% CPU
Optimizing NNI: done in 0.347977 secs using 393.3% CPU
Optimizing NNI: done in 0.312439 secs using 398.2% CPU
Optimizing NNI: done in 0.353241 secs using 397.7% CPU
Optimizing NNI: done in 0.301587 secs using 393.3% CPU
Optimizing NNI: done in 0.383571 secs using 397.1% CPU
Iteration 160 / LogL: -3584.075 / Time: 0h:1m:21s (0h:0m:43s left)
Optimizing NNI: done in 0.298874 secs using 396.6% CPU
Optimizing NNI: done in 0.384186 secs using 399.3% CPU
Optimizing NNI: done in 0.465508 secs using 397.6% CPU
Optimizing NNI: done in 0.388748 secs using 396% CPU
Optimizing NNI: done in 0.320906 secs using 397.8% CPU
Optimizing NNI: done in 0.336955 secs using 395.4% CPU
Optimizing NNI: done in 0.289428 secs using 398.5% CPU
Optimizing NNI: done in 0.291963 secs using 397.2% CPU
Optimizing NNI: done in 0.302872 secs using 395.8% CPU
BETTER TREE FOUND at iteration 169: -3584.070
Optimizing NNI: done in 0.279602 secs using 398.3% CPU
Iteration 170 / LogL: -3584.074 / Time: 0h:1m:24s (0h:0m:49s left)
Optimizing NNI: done in 0.29613 secs using 398.8% CPU
Optimizing NNI: done in 0.391192 secs using 399.2% CPU
Optimizing NNI: done in 0.352053 secs using 393.3% CPU
Optimizing NNI: done in 0.355451 secs using 397% CPU
Optimizing NNI: done in 0.413537 secs using 395.9% CPU
BETTER TREE FOUND at iteration 175: -3584.070
Optimizing NNI: done in 0.298469 secs using 396% CPU
Optimizing NNI: done in 0.329198 secs using 398.8% CPU
Optimizing NNI: done in 0.364683 secs using 393.7% CPU
Optimizing NNI: done in 0.463958 secs using 394.3% CPU
Optimizing NNI: done in 0.341556 secs using 394.4% CPU
Iteration 180 / LogL: -3584.073 / Time: 0h:1m:28s (0h:0m:47s left)
Optimizing NNI: done in 0.247728 secs using 394.8% CPU
Optimizing NNI: done in 0.249796 secs using 400.7% CPU
Optimizing NNI: done in 0.225589 secs using 396.1% CPU
Optimizing NNI: done in 0.377197 secs using 394.7% CPU
Optimizing NNI: done in 0.306379 secs using 397.6% CPU
Optimizing NNI: done in 0.373868 secs using 396.3% CPU
Optimizing NNI: done in 0.347437 secs using 398.8% CPU
Optimizing NNI: done in 0.39257 secs using 395.7% CPU
Optimizing NNI: done in 0.258039 secs using 398.3% CPU
Optimizing NNI: done in 0.432956 secs using 399.1% CPU
Iteration 190 / LogL: -3589.799 / Time: 0h:1m:31s (0h:0m:41s left)
Optimizing NNI: done in 0.324734 secs using 393.4% CPU
Optimizing NNI: done in 0.234382 secs using 399.8% CPU
Optimizing NNI: done in 0.299985 secs using 395.7% CPU
Optimizing NNI: done in 0.278413 secs using 398.6% CPU
Optimizing NNI: done in 0.302987 secs using 396.7% CPU
Optimizing NNI: done in 0.337968 secs using 398.2% CPU
Optimizing NNI: done in 0.291592 secs using 397.6% CPU
Optimizing NNI: done in 0.292629 secs using 396.5% CPU
Optimizing NNI: done in 0.370362 secs using 392.6% CPU
Optimizing NNI: done in 0.331989 secs using 394.4% CPU
Iteration 200 / LogL: -3584.072 / Time: 0h:1m:35s (0h:0m:35s left)
Optimizing NNI: done in 0.384451 secs using 395.5% CPU
Optimizing NNI: done in 0.355173 secs using 398.9% CPU
Optimizing NNI: done in 0.372897 secs using 395.2% CPU
Optimizing NNI: done in 0.360235 secs using 397.4% CPU
Optimizing NNI: done in 0.367907 secs using 397.9% CPU
Optimizing NNI: done in 0.328715 secs using 395.4% CPU
Optimizing NNI: done in 0.410489 secs using 398% CPU
Optimizing NNI: done in 0.279506 secs using 398.8% CPU
Optimizing NNI: done in 0.427807 secs using 400% CPU
Optimizing NNI: done in 0.241346 secs using 401.6% CPU
Iteration 210 / LogL: -3588.337 / Time: 0h:1m:38s (0h:0m:30s left)
Optimizing NNI: done in 0.412 secs using 397.5% CPU
Optimizing NNI: done in 0.231282 secs using 399.7% CPU
Optimizing NNI: done in 0.285363 secs using 397.1% CPU
Optimizing NNI: done in 0.306222 secs using 400.1% CPU
BETTER TREE FOUND at iteration 214: -3584.069
Optimizing NNI: done in 0.316019 secs using 392.3% CPU
Optimizing NNI: done in 0.311818 secs using 398.8% CPU
Optimizing NNI: done in 0.346916 secs using 397.4% CPU
Optimizing NNI: done in 0.418644 secs using 394.7% CPU
Optimizing NNI: done in 0.435018 secs using 397.8% CPU
Optimizing NNI: done in 0.305212 secs using 400.2% CPU
BETTER TREE FOUND at iteration 220: -3584.068
Iteration 220 / LogL: -3584.068 / Time: 0h:1m:42s (0h:0m:46s left)
Optimizing NNI: done in 0.27331 secs using 393.3% CPU
Optimizing NNI: done in 0.483421 secs using 396% CPU
Optimizing NNI: done in 0.328127 secs using 395.3% CPU
Optimizing NNI: done in 0.327487 secs using 398.9% CPU
Optimizing NNI: done in 0.37325 secs using 397.8% CPU
Optimizing NNI: done in 0.384679 secs using 398.4% CPU
Optimizing NNI: done in 0.361245 secs using 395.6% CPU
Optimizing NNI: done in 0.222236 secs using 396.9% CPU
Optimizing NNI: done in 0.351827 secs using 399.6% CPU
Optimizing NNI: done in 0.304571 secs using 401.3% CPU
BETTER TREE FOUND at iteration 230: -3584.066
Iteration 230 / LogL: -3584.066 / Time: 0h:1m:45s (0h:0m:46s left)
Optimizing NNI: done in 0.242754 secs using 399.3% CPU
Optimizing NNI: done in 0.296555 secs using 399.5% CPU
Optimizing NNI: done in 0.506442 secs using 399.5% CPU
Optimizing NNI: done in 0.310339 secs using 397.1% CPU
Optimizing NNI: done in 0.252136 secs using 398.1% CPU
Optimizing NNI: done in 0.239779 secs using 396.9% CPU
Optimizing NNI: done in 0.358443 secs using 398.7% CPU
Optimizing NNI: done in 0.294125 secs using 394% CPU
Optimizing NNI: done in 0.48162 secs using 397.2% CPU
Optimizing NNI: done in 0.247736 secs using 397.9% CPU
Iteration 240 / LogL: -3584.069 / Time: 0h:1m:48s (0h:0m:40s left)
Optimizing NNI: done in 0.314442 secs using 400.8% CPU
Optimizing NNI: done in 0.312577 secs using 398.5% CPU
Optimizing NNI: done in 0.380456 secs using 396.8% CPU
Optimizing NNI: done in 0.308047 secs using 396.5% CPU
Optimizing NNI: done in 0.390275 secs using 395.1% CPU
Optimizing NNI: done in 0.412757 secs using 396% CPU
Optimizing NNI: done in 0.392484 secs using 396.4% CPU
Optimizing NNI: done in 0.35975 secs using 399.7% CPU
Optimizing NNI: done in 0.373857 secs using 395.8% CPU
Optimizing NNI: done in 0.497606 secs using 399.2% CPU
Iteration 250 / LogL: -3584.067 / Time: 0h:1m:52s (0h:0m:36s left)
Optimizing NNI: done in 0.308662 secs using 400.7% CPU
Optimizing NNI: done in 0.346782 secs using 396.8% CPU
Optimizing NNI: done in 0.439349 secs using 400.2% CPU
Optimizing NNI: done in 0.246228 secs using 395.7% CPU
Optimizing NNI: done in 0.383346 secs using 397.2% CPU
Optimizing NNI: done in 0.334371 secs using 398% CPU
Optimizing NNI: done in 0.278493 secs using 396.6% CPU
Optimizing NNI: done in 0.406107 secs using 401% CPU
Optimizing NNI: done in 0.375746 secs using 395.1% CPU
Optimizing NNI: done in 0.39932 secs using 395.3% CPU
Iteration 260 / LogL: -3584.072 / Time: 0h:1m:56s (0h:0m:31s left)
Optimizing NNI: done in 0.266216 secs using 399% CPU
Optimizing NNI: done in 0.307943 secs using 400% CPU
Optimizing NNI: done in 0.408741 secs using 398.6% CPU
Optimizing NNI: done in 0.30423 secs using 396.1% CPU
Optimizing NNI: done in 0.437753 secs using 399.8% CPU
Optimizing NNI: done in 0.309562 secs using 397.9% CPU
Optimizing NNI: done in 0.287988 secs using 397.2% CPU
Optimizing NNI: done in 0.309551 secs using 396.5% CPU
Optimizing NNI: done in 0.33318 secs using 392.8% CPU
Optimizing NNI: done in 0.279801 secs using 395.9% CPU
Iteration 270 / LogL: -3584.066 / Time: 0h:1m:59s (0h:0m:26s left)
Optimizing NNI: done in 0.385093 secs using 397.1% CPU
Optimizing NNI: done in 0.232593 secs using 397.4% CPU
Optimizing NNI: done in 0.286964 secs using 397.9% CPU
Optimizing NNI: done in 0.239602 secs using 398.8% CPU
Optimizing NNI: done in 0.418646 secs using 397.8% CPU
Optimizing NNI: done in 0.400859 secs using 399.3% CPU
Optimizing NNI: done in 0.405602 secs using 396.4% CPU
Optimizing NNI: done in 0.332308 secs using 397.1% CPU
Optimizing NNI: done in 0.265862 secs using 394.8% CPU
Optimizing NNI: done in 0.291439 secs using 397.5% CPU
Iteration 280 / LogL: -3584.074 / Time: 0h:2m:2s (0h:0m:22s left)
Optimizing NNI: done in 0.391169 secs using 392.6% CPU
Optimizing NNI: done in 0.36064 secs using 395.8% CPU
Optimizing NNI: done in 0.497639 secs using 396.2% CPU
Optimizing NNI: done in 0.446064 secs using 398.8% CPU
Optimizing NNI: done in 0.42587 secs using 397.5% CPU
Optimizing NNI: done in 0.248624 secs using 397.3% CPU
Optimizing NNI: done in 0.37681 secs using 397.2% CPU
Optimizing NNI: done in 0.341096 secs using 390.9% CPU
Optimizing NNI: done in 0.31987 secs using 392.5% CPU
Optimizing NNI: done in 0.330518 secs using 395.1% CPU
Iteration 290 / LogL: -3584.066 / Time: 0h:2m:6s (0h:0m:17s left)
Optimizing NNI: done in 0.239885 secs using 395.6% CPU
Optimizing NNI: done in 0.290497 secs using 394.4% CPU
Optimizing NNI: done in 0.460878 secs using 397% CPU
Optimizing NNI: done in 0.335192 secs using 396.2% CPU
Optimizing NNI: done in 0.272615 secs using 397.7% CPU
Optimizing NNI: done in 0.336816 secs using 401.4% CPU
Optimizing NNI: done in 0.307005 secs using 398.4% CPU
Optimizing NNI: done in 0.358216 secs using 398% CPU
Optimizing NNI: done in 0.376856 secs using 397.1% CPU
Optimizing NNI: done in 0.246232 secs using 396.5% CPU
Iteration 300 / LogL: -3584.068 / Time: 0h:2m:9s (0h:0m:13s left)
Optimizing NNI: done in 0.357776 secs using 399.4% CPU
BETTER TREE FOUND at iteration 301: -3584.065
Optimizing NNI: done in 0.385029 secs using 395.9% CPU
Optimizing NNI: done in 0.39415 secs using 399.1% CPU
Optimizing NNI: done in 0.377157 secs using 401% CPU
Optimizing NNI: done in 0.296391 secs using 396.9% CPU
Optimizing NNI: done in 0.268666 secs using 396.6% CPU
Optimizing NNI: done in 0.285098 secs using 395.9% CPU
Optimizing NNI: done in 0.269123 secs using 395.5% CPU
Optimizing NNI: done in 0.401964 secs using 395% CPU
Optimizing NNI: done in 0.447636 secs using 399.1% CPU
Iteration 310 / LogL: -3584.068 / Time: 0h:2m:13s (0h:0m:39s left)
Optimizing NNI: done in 0.39632 secs using 395.2% CPU
Optimizing NNI: done in 0.319264 secs using 395.3% CPU
Optimizing NNI: done in 0.31027 secs using 393.8% CPU
Optimizing NNI: done in 0.305015 secs using 398.4% CPU
BETTER TREE FOUND at iteration 314: -3584.064
Optimizing NNI: done in 0.428291 secs using 397.2% CPU
Optimizing NNI: done in 0.301876 secs using 396.7% CPU
Optimizing NNI: done in 0.389026 secs using 397.7% CPU
Optimizing NNI: done in 0.226103 secs using 397.1% CPU
Optimizing NNI: done in 0.334338 secs using 396.3% CPU
Optimizing NNI: done in 0.359915 secs using 396.3% CPU
Iteration 320 / LogL: -3584.067 / Time: 0h:2m:16s (0h:0m:40s left)
Optimizing NNI: done in 0.360859 secs using 397.6% CPU
Optimizing NNI: done in 0.460422 secs using 399.5% CPU
Optimizing NNI: done in 0.301778 secs using 387.7% CPU
Optimizing NNI: done in 0.387833 secs using 397.9% CPU
Optimizing NNI: done in 0.328639 secs using 398% CPU
BETTER TREE FOUND at iteration 325: -3584.064
Optimizing NNI: done in 0.317957 secs using 399.2% CPU
Optimizing NNI: done in 0.310426 secs using 395% CPU
Optimizing NNI: done in 0.414185 secs using 396.4% CPU
Optimizing NNI: done in 0.249205 secs using 400.5% CPU
Optimizing NNI: done in 0.286591 secs using 395.8% CPU
Iteration 330 / LogL: -3584.073 / Time: 0h:2m:20s (0h:0m:40s left)
Optimizing NNI: done in 0.421955 secs using 396.5% CPU
Optimizing NNI: done in 0.394214 secs using 400.7% CPU
Optimizing NNI: done in 0.301574 secs using 401.4% CPU
Optimizing NNI: done in 0.256417 secs using 398.2% CPU
Optimizing NNI: done in 0.325472 secs using 400.3% CPU
Optimizing NNI: done in 0.346294 secs using 396% CPU
Optimizing NNI: done in 0.332092 secs using 398.6% CPU
Optimizing NNI: done in 0.376306 secs using 398.1% CPU
Optimizing NNI: done in 0.308869 secs using 395.3% CPU
Optimizing NNI: done in 0.424927 secs using 395.5% CPU
Iteration 340 / LogL: -3584.072 / Time: 0h:2m:24s (0h:0m:36s left)
Optimizing NNI: done in 0.309435 secs using 395.6% CPU
Optimizing NNI: done in 0.339828 secs using 399.7% CPU
Optimizing NNI: done in 0.385014 secs using 396.5% CPU
Optimizing NNI: done in 0.311568 secs using 392.5% CPU
Optimizing NNI: done in 0.283265 secs using 395.6% CPU
Optimizing NNI: done in 0.335273 secs using 394.4% CPU
Optimizing NNI: done in 0.289076 secs using 398.7% CPU
Optimizing NNI: done in 0.320158 secs using 395% CPU
Optimizing NNI: done in 0.353781 secs using 395.4% CPU
Optimizing NNI: done in 0.473141 secs using 397.3% CPU
Iteration 350 / LogL: -3584.069 / Time: 0h:2m:27s (0h:0m:31s left)
Optimizing NNI: done in 0.23614 secs using 399.7% CPU
Optimizing NNI: done in 0.397891 secs using 392.1% CPU
Optimizing NNI: done in 0.265143 secs using 398.6% CPU
Optimizing NNI: done in 0.382981 secs using 393.4% CPU
Optimizing NNI: done in 0.413525 secs using 398.7% CPU
Optimizing NNI: done in 0.322971 secs using 398.1% CPU
Optimizing NNI: done in 0.324432 secs using 398.3% CPU
Optimizing NNI: done in 0.322761 secs using 394.9% CPU
Optimizing NNI: done in 0.454371 secs using 397.5% CPU
Optimizing NNI: done in 0.386414 secs using 400.5% CPU
Iteration 360 / LogL: -3588.328 / Time: 0h:2m:31s (0h:0m:27s left)
Optimizing NNI: done in 0.339636 secs using 397% CPU
Optimizing NNI: done in 0.352013 secs using 398.7% CPU
Optimizing NNI: done in 0.317194 secs using 396.8% CPU
Optimizing NNI: done in 0.496553 secs using 396.4% CPU
Optimizing NNI: done in 0.361347 secs using 392.7% CPU
Optimizing NNI: done in 0.241812 secs using 397.5% CPU
Optimizing NNI: done in 0.354575 secs using 395.5% CPU
Optimizing NNI: done in 0.327367 secs using 397.7% CPU
Optimizing NNI: done in 0.349018 secs using 396.1% CPU
Optimizing NNI: done in 0.234523 secs using 397.5% CPU
Iteration 370 / LogL: -3584.066 / Time: 0h:2m:34s (0h:0m:23s left)
Optimizing NNI: done in 0.356373 secs using 397.2% CPU
Optimizing NNI: done in 0.387775 secs using 398.5% CPU
Optimizing NNI: done in 0.493734 secs using 396.4% CPU
Optimizing NNI: done in 0.423275 secs using 397.2% CPU
Optimizing NNI: done in 0.248383 secs using 400.3% CPU
Optimizing NNI: done in 0.458588 secs using 382.9% CPU
Optimizing NNI: done in 0.258552 secs using 390.4% CPU
Optimizing NNI: done in 0.45947 secs using 395.7% CPU
Optimizing NNI: done in 0.17453 secs using 399.2% CPU
Optimizing NNI: done in 0.419217 secs using 397.2% CPU
Iteration 380 / LogL: -3584.083 / Time: 0h:2m:38s (0h:0m:18s left)
Optimizing NNI: done in 0.357544 secs using 397.7% CPU
Optimizing NNI: done in 0.335713 secs using 396.9% CPU
Optimizing NNI: done in 0.344945 secs using 397.8% CPU
Optimizing NNI: done in 0.321431 secs using 394.8% CPU
Optimizing NNI: done in 0.362941 secs using 392.6% CPU
Optimizing NNI: done in 0.293744 secs using 400.2% CPU
Optimizing NNI: done in 0.436086 secs using 396.4% CPU
Optimizing NNI: done in 0.268142 secs using 396% CPU
Optimizing NNI: done in 0.41639 secs using 398.9% CPU
Optimizing NNI: done in 0.275368 secs using 390.3% CPU
Iteration 390 / LogL: -3584.067 / Time: 0h:2m:41s (0h:0m:14s left)
Optimizing NNI: done in 0.241365 secs using 400.1% CPU
Optimizing NNI: done in 0.375609 secs using 392.4% CPU
Optimizing NNI: done in 0.359326 secs using 396.7% CPU
Optimizing NNI: done in 0.368703 secs using 398.8% CPU
Optimizing NNI: done in 0.340463 secs using 401.4% CPU
Optimizing NNI: done in 0.376254 secs using 395.8% CPU
Optimizing NNI: done in 0.401407 secs using 397.3% CPU
Optimizing NNI: done in 0.404588 secs using 398.5% CPU
Optimizing NNI: done in 0.459149 secs using 399.2% CPU
Optimizing NNI: done in 0.285226 secs using 396.1% CPU
Iteration 400 / LogL: -3584.067 / Time: 0h:2m:45s (0h:0m:10s left)
Optimizing NNI: done in 0.261024 secs using 397.7% CPU
Optimizing NNI: done in 0.365208 secs using 398% CPU
Optimizing NNI: done in 0.332439 secs using 393.7% CPU
Optimizing NNI: done in 0.29565 secs using 395.1% CPU
Optimizing NNI: done in 0.464968 secs using 397.9% CPU
Optimizing NNI: done in 0.469192 secs using 396.6% CPU
Optimizing NNI: done in 0.382593 secs using 397.5% CPU
Optimizing NNI: done in 0.31223 secs using 398% CPU
Optimizing NNI: done in 0.351699 secs using 396.7% CPU
Optimizing NNI: done in 0.390711 secs using 398.4% CPU
Iteration 410 / LogL: -3584.068 / Time: 0h:2m:49s (0h:0m:6s left)
Optimizing NNI: done in 0.348965 secs using 400.3% CPU
Optimizing NNI: done in 0.279813 secs using 398.4% CPU
Optimizing NNI: done in 0.309236 secs using 394.2% CPU
Optimizing NNI: done in 0.455781 secs using 396.3% CPU
Optimizing NNI: done in 0.285403 secs using 395.4% CPU
Optimizing NNI: done in 0.382798 secs using 395.1% CPU
Optimizing NNI: done in 0.314872 secs using 400.2% CPU
Optimizing NNI: done in 0.350198 secs using 395.7% CPU
BETTER TREE FOUND at iteration 418: -3584.064
Optimizing NNI: done in 0.316815 secs using 396.1% CPU
Optimizing NNI: done in 0.397192 secs using 399.7% CPU
Iteration 420 / LogL: -3584.067 / Time: 0h:2m:52s (0h:0m:40s left)
Optimizing NNI: done in 0.364949 secs using 399.6% CPU
Optimizing NNI: done in 0.324702 secs using 396.8% CPU
Optimizing NNI: done in 0.396495 secs using 399.1% CPU
Optimizing NNI: done in 0.244673 secs using 395.1% CPU
Optimizing NNI: done in 0.222313 secs using 396.7% CPU
Optimizing NNI: done in 0.493288 secs using 394.6% CPU
Optimizing NNI: done in 0.271996 secs using 397.1% CPU
Optimizing NNI: done in 0.352332 secs using 396% CPU
BETTER TREE FOUND at iteration 428: -3584.063
Optimizing NNI: done in 0.23812 secs using 398.7% CPU
Optimizing NNI: done in 0.348281 secs using 395% CPU
Iteration 430 / LogL: -3584.066 / Time: 0h:2m:55s (0h:0m:40s left)
Optimizing NNI: done in 0.335001 secs using 393.1% CPU
Optimizing NNI: done in 0.407199 secs using 395.2% CPU
Optimizing NNI: done in 0.469713 secs using 395.2% CPU
Optimizing NNI: done in 0.27779 secs using 398% CPU
Optimizing NNI: done in 0.395095 secs using 397.4% CPU
Optimizing NNI: done in 0.376755 secs using 397.6% CPU
Optimizing NNI: done in 0.28203 secs using 399.5% CPU
Optimizing NNI: done in 0.339631 secs using 396.6% CPU
Optimizing NNI: done in 0.348836 secs using 398.4% CPU
Optimizing NNI: done in 0.245809 secs using 397.7% CPU
Iteration 440 / LogL: -3608.834 / Time: 0h:2m:59s (0h:0m:35s left)
Optimizing NNI: done in 0.364602 secs using 399.3% CPU
Optimizing NNI: done in 0.291317 secs using 394% CPU
Optimizing NNI: done in 0.428374 secs using 396.8% CPU
Optimizing NNI: done in 0.282494 secs using 398.6% CPU
BETTER TREE FOUND at iteration 444: -3584.063
Optimizing NNI: done in 0.337351 secs using 396.5% CPU
Optimizing NNI: done in 0.33026 secs using 395.1% CPU
BETTER TREE FOUND at iteration 446: -3584.063
Optimizing NNI: done in 0.300643 secs using 396.2% CPU
Optimizing NNI: done in 0.249557 secs using 394.5% CPU
Optimizing NNI: done in 0.287992 secs using 397.1% CPU
Optimizing NNI: done in 0.376561 secs using 397.9% CPU
Iteration 450 / LogL: -3584.081 / Time: 0h:3m:2s (0h:0m:39s left)
Optimizing NNI: done in 0.419049 secs using 398.7% CPU
Optimizing NNI: done in 0.366144 secs using 399% CPU
Optimizing NNI: done in 0.478886 secs using 396.1% CPU
Optimizing NNI: done in 0.322102 secs using 397.9% CPU
Optimizing NNI: done in 0.304924 secs using 398.1% CPU
Optimizing NNI: done in 0.296689 secs using 396.8% CPU
Optimizing NNI: done in 0.447989 secs using 396.1% CPU
Optimizing NNI: done in 0.348747 secs using 397% CPU
Optimizing NNI: done in 0.354943 secs using 396.9% CPU
Optimizing NNI: done in 0.368263 secs using 396.7% CPU
Iteration 460 / LogL: -3584.070 / Time: 0h:3m:6s (0h:0m:34s left)
Optimizing NNI: done in 0.269451 secs using 396.9% CPU
Optimizing NNI: done in 0.249927 secs using 396.1% CPU
Optimizing NNI: done in 0.330318 secs using 398% CPU
Optimizing NNI: done in 0.232039 secs using 398.2% CPU
Optimizing NNI: done in 0.236259 secs using 393.9% CPU
Optimizing NNI: done in 0.198216 secs using 398.8% CPU
Optimizing NNI: done in 0.350116 secs using 398.7% CPU
Optimizing NNI: done in 0.272945 secs using 397.4% CPU
Optimizing NNI: done in 0.243079 secs using 400.3% CPU
Optimizing NNI: done in 0.249283 secs using 396% CPU
Iteration 470 / LogL: -3584.065 / Time: 0h:3m:9s (0h:0m:30s left)
Optimizing NNI: done in 0.362571 secs using 397.4% CPU
Optimizing NNI: done in 0.289367 secs using 392.9% CPU
Optimizing NNI: done in 0.23975 secs using 396.3% CPU
Optimizing NNI: done in 0.320256 secs using 397.2% CPU
Optimizing NNI: done in 0.238218 secs using 392% CPU
Optimizing NNI: done in 0.284195 secs using 395.5% CPU
Optimizing NNI: done in 0.234382 secs using 391.6% CPU
Optimizing NNI: done in 0.373769 secs using 394.2% CPU
Optimizing NNI: done in 0.367993 secs using 396% CPU
Optimizing NNI: done in 0.347137 secs using 397.2% CPU
Iteration 480 / LogL: -3584.068 / Time: 0h:3m:12s (0h:0m:26s left)
Optimizing NNI: done in 0.322205 secs using 398.1% CPU
Optimizing NNI: done in 0.440586 secs using 399.6% CPU
Optimizing NNI: done in 0.230017 secs using 399% CPU
BETTER TREE FOUND at iteration 483: -3584.063
Optimizing NNI: done in 0.341153 secs using 400.3% CPU
BETTER TREE FOUND at iteration 484: -3584.062
Optimizing NNI: done in 0.329728 secs using 395.4% CPU
Optimizing NNI: done in 0.363178 secs using 399.3% CPU
Optimizing NNI: done in 0.24295 secs using 394.6% CPU
Optimizing NNI: done in 0.301497 secs using 393.4% CPU
Optimizing NNI: done in 0.301805 secs using 400% CPU
Optimizing NNI: done in 0.343105 secs using 396.4% CPU
Iteration 490 / LogL: -3584.069 / Time: 0h:3m:15s (0h:0m:37s left)
Optimizing NNI: done in 0.382802 secs using 396.1% CPU
Optimizing NNI: done in 0.392304 secs using 395.6% CPU
BETTER TREE FOUND at iteration 492: -3584.062
Optimizing NNI: done in 0.368159 secs using 398.1% CPU
Optimizing NNI: done in 0.38909 secs using 395.9% CPU
Optimizing NNI: done in 0.35147 secs using 396.2% CPU
Optimizing NNI: done in 0.326558 secs using 396.2% CPU
BETTER TREE FOUND at iteration 496: -3584.062
Optimizing NNI: done in 0.216476 secs using 394.2% CPU
Optimizing NNI: done in 0.354155 secs using 395.9% CPU
Optimizing NNI: done in 0.292793 secs using 397.8% CPU
Optimizing NNI: done in 0.374745 secs using 397.2% CPU
Iteration 500 / LogL: -3588.321 / Time: 0h:3m:19s (0h:0m:38s left)
Optimizing NNI: done in 0.306002 secs using 395.5% CPU
Optimizing NNI: done in 0.516045 secs using 395.4% CPU
Optimizing NNI: done in 0.304956 secs using 395.9% CPU
Optimizing NNI: done in 0.246334 secs using 395.2% CPU
Optimizing NNI: done in 0.278659 secs using 400.1% CPU
Optimizing NNI: done in 0.366844 secs using 393.7% CPU
Optimizing NNI: done in 0.317039 secs using 397.5% CPU
Optimizing NNI: done in 0.257778 secs using 402% CPU
Optimizing NNI: done in 0.428048 secs using 397% CPU
BETTER TREE FOUND at iteration 509: -3584.061
Optimizing NNI: done in 0.294498 secs using 394.7% CPU
Iteration 510 / LogL: -3584.075 / Time: 0h:3m:22s (0h:0m:39s left)
Optimizing NNI: done in 0.297732 secs using 398.2% CPU
Optimizing NNI: done in 0.299442 secs using 393.7% CPU
Optimizing NNI: done in 0.441213 secs using 396.3% CPU
Optimizing NNI: done in 0.292466 secs using 398% CPU
Optimizing NNI: done in 0.505045 secs using 398% CPU
Optimizing NNI: done in 0.425363 secs using 397.7% CPU
Optimizing NNI: done in 0.319395 secs using 395.8% CPU
Optimizing NNI: done in 0.3011 secs using 396.1% CPU
Optimizing NNI: done in 0.299121 secs using 399.3% CPU
Optimizing NNI: done in 0.18862 secs using 401.2% CPU
Iteration 520 / LogL: -3588.453 / Time: 0h:3m:26s (0h:0m:35s left)
Optimizing NNI: done in 0.318881 secs using 398.7% CPU
Optimizing NNI: done in 0.35697 secs using 398% CPU
Optimizing NNI: done in 0.262602 secs using 390.4% CPU
Optimizing NNI: done in 0.313078 secs using 398.8% CPU
Optimizing NNI: done in 0.347547 secs using 397.9% CPU
Optimizing NNI: done in 0.327148 secs using 395.2% CPU
Optimizing NNI: done in 0.332173 secs using 395.5% CPU
Optimizing NNI: done in 0.402022 secs using 396.4% CPU
Optimizing NNI: done in 0.303799 secs using 399.3% CPU
Optimizing NNI: done in 0.330991 secs using 394.2% CPU
Iteration 530 / LogL: -3584.062 / Time: 0h:3m:29s (0h:0m:31s left)
Optimizing NNI: done in 0.338949 secs using 398.5% CPU
Optimizing NNI: done in 0.448046 secs using 396.7% CPU
Optimizing NNI: done in 0.241191 secs using 400% CPU
Optimizing NNI: done in 0.369835 secs using 397.2% CPU
Optimizing NNI: done in 0.295356 secs using 395.3% CPU
Optimizing NNI: done in 0.391026 secs using 397.5% CPU
Optimizing NNI: done in 0.428172 secs using 396.9% CPU
Optimizing NNI: done in 0.309945 secs using 394.9% CPU
Optimizing NNI: done in 0.304602 secs using 398% CPU
Optimizing NNI: done in 0.219996 secs using 398% CPU
Iteration 540 / LogL: -3584.064 / Time: 0h:3m:32s (0h:0m:27s left)
Optimizing NNI: done in 0.31353 secs using 388.9% CPU
Optimizing NNI: done in 0.34685 secs using 397.2% CPU
Optimizing NNI: done in 0.476553 secs using 398.7% CPU
Optimizing NNI: done in 0.35506 secs using 398.8% CPU
Optimizing NNI: done in 0.2454 secs using 396.6% CPU
Optimizing NNI: done in 0.35062 secs using 397.6% CPU
Optimizing NNI: done in 0.258035 secs using 399.7% CPU
Optimizing NNI: done in 0.394988 secs using 394.9% CPU
Optimizing NNI: done in 0.307481 secs using 400.4% CPU
Optimizing NNI: done in 0.332087 secs using 395.3% CPU
Iteration 550 / LogL: -3589.795 / Time: 0h:3m:36s (0h:0m:23s left)
Optimizing NNI: done in 0.269596 secs using 391.7% CPU
Optimizing NNI: done in 0.322993 secs using 399.1% CPU
Optimizing NNI: done in 0.37747 secs using 395.9% CPU
Optimizing NNI: done in 0.297042 secs using 394.8% CPU
Optimizing NNI: done in 0.360798 secs using 395.4% CPU
Optimizing NNI: done in 0.2997 secs using 396.9% CPU
Optimizing NNI: done in 0.364667 secs using 395.8% CPU
Optimizing NNI: done in 0.339903 secs using 393.4% CPU
Optimizing NNI: done in 0.257527 secs using 392.1% CPU
Optimizing NNI: done in 0.317927 secs using 394.4% CPU
Iteration 560 / LogL: -3584.062 / Time: 0h:3m:39s (0h:0m:19s left)
Optimizing NNI: done in 0.238181 secs using 399% CPU
Optimizing NNI: done in 0.299164 secs using 389.8% CPU
Optimizing NNI: done in 0.234837 secs using 398.1% CPU
Optimizing NNI: done in 0.360489 secs using 395.1% CPU
Optimizing NNI: done in 0.313149 secs using 396.5% CPU
Optimizing NNI: done in 0.364817 secs using 401.3% CPU
Optimizing NNI: done in 0.340682 secs using 395.4% CPU
Optimizing NNI: done in 0.202946 secs using 400.8% CPU
Optimizing NNI: done in 0.365093 secs using 398% CPU
Optimizing NNI: done in 0.407002 secs using 396.7% CPU
Iteration 570 / LogL: -3584.064 / Time: 0h:3m:42s (0h:0m:15s left)
Optimizing NNI: done in 0.289617 secs using 397.6% CPU
Optimizing NNI: done in 0.284432 secs using 396.2% CPU
Optimizing NNI: done in 0.416676 secs using 396.6% CPU
BETTER TREE FOUND at iteration 573: -3584.060
Optimizing NNI: done in 0.306714 secs using 396.9% CPU
Optimizing NNI: done in 0.227747 secs using 395% CPU
Optimizing NNI: done in 0.321481 secs using 400.5% CPU
Optimizing NNI: done in 0.43078 secs using 397.1% CPU
Optimizing NNI: done in 0.502453 secs using 396% CPU
Optimizing NNI: done in 0.297892 secs using 399.8% CPU
Optimizing NNI: done in 0.294792 secs using 393.7% CPU
Iteration 580 / LogL: -3589.631 / Time: 0h:3m:46s (0h:0m:36s left)
Optimizing NNI: done in 0.287517 secs using 399.1% CPU
Optimizing NNI: done in 0.313758 secs using 396.7% CPU
Optimizing NNI: done in 0.416387 secs using 399.6% CPU
Optimizing NNI: done in 0.431444 secs using 394.7% CPU
Optimizing NNI: done in 0.361772 secs using 391.8% CPU
Optimizing NNI: done in 0.351175 secs using 400.5% CPU
Optimizing NNI: done in 0.400061 secs using 398.9% CPU
Optimizing NNI: done in 0.291827 secs using 397.2% CPU
Optimizing NNI: done in 0.388382 secs using 396.3% CPU
Optimizing NNI: done in 0.353134 secs using 396.6% CPU
BETTER TREE FOUND at iteration 590: -3584.060
Iteration 590 / LogL: -3584.060 / Time: 0h:3m:49s (0h:0m:39s left)
Optimizing NNI: done in 0.277815 secs using 392.7% CPU
Optimizing NNI: done in 0.29514 secs using 400.8% CPU
BETTER TREE FOUND at iteration 592: -3584.060
Optimizing NNI: done in 0.309717 secs using 395.4% CPU
Optimizing NNI: done in 0.343129 secs using 397.1% CPU
Optimizing NNI: done in 0.30237 secs using 393.6% CPU
Optimizing NNI: done in 0.320841 secs using 395.3% CPU
Optimizing NNI: done in 0.254476 secs using 398.8% CPU
Optimizing NNI: done in 0.36782 secs using 396.5% CPU
Optimizing NNI: done in 0.273251 secs using 397.1% CPU
Optimizing NNI: done in 0.371003 secs using 399.2% CPU
Iteration 600 / LogL: -3589.332 / Time: 0h:3m:53s (0h:0m:35s left)
Optimizing NNI: done in 0.319521 secs using 396.5% CPU
Optimizing NNI: done in 0.302781 secs using 401.2% CPU
Optimizing NNI: done in 0.287983 secs using 397.3% CPU
Optimizing NNI: done in 0.287195 secs using 398.5% CPU
Optimizing NNI: done in 0.259727 secs using 391% CPU
Optimizing NNI: done in 0.29692 secs using 400.3% CPU
Optimizing NNI: done in 0.357862 secs using 398.2% CPU
Optimizing NNI: done in 0.414833 secs using 397.9% CPU
Optimizing NNI: done in 0.325445 secs using 396.3% CPU
Optimizing NNI: done in 0.298065 secs using 398% CPU
Iteration 610 / LogL: -3584.061 / Time: 0h:3m:56s (0h:0m:31s left)
Optimizing NNI: done in 0.299292 secs using 395.2% CPU
Optimizing NNI: done in 0.323131 secs using 396.7% CPU
Optimizing NNI: done in 0.299528 secs using 396% CPU
Optimizing NNI: done in 0.32248 secs using 399.8% CPU
Optimizing NNI: done in 0.363905 secs using 398.8% CPU
Optimizing NNI: done in 0.309974 secs using 393.5% CPU
Optimizing NNI: done in 0.274472 secs using 399.6% CPU
BETTER TREE FOUND at iteration 617: -3584.060
Optimizing NNI: done in 0.397054 secs using 394.6% CPU
Optimizing NNI: done in 0.441991 secs using 397% CPU
Optimizing NNI: done in 0.296249 secs using 394.7% CPU
Iteration 620 / LogL: -3584.062 / Time: 0h:3m:59s (0h:0m:37s left)
Optimizing NNI: done in 0.378275 secs using 400.2% CPU
Optimizing NNI: done in 0.521694 secs using 397.3% CPU
Optimizing NNI: done in 0.378163 secs using 397.2% CPU
Optimizing NNI: done in 0.376593 secs using 396.9% CPU
Optimizing NNI: done in 0.514584 secs using 396.1% CPU
Optimizing NNI: done in 0.247159 secs using 395.5% CPU
Optimizing NNI: done in 0.345601 secs using 397.1% CPU
Optimizing NNI: done in 0.31631 secs using 397.1% CPU
Optimizing NNI: done in 0.380888 secs using 398.2% CPU
Optimizing NNI: done in 0.289112 secs using 394.7% CPU
Iteration 630 / LogL: -3584.061 / Time: 0h:4m:3s (0h:0m:33s left)
Optimizing NNI: done in 0.228452 secs using 395.9% CPU
Optimizing NNI: done in 0.296779 secs using 397.1% CPU
Optimizing NNI: done in 0.321555 secs using 397.6% CPU
Optimizing NNI: done in 0.409631 secs using 395.8% CPU
Optimizing NNI: done in 0.41605 secs using 398.3% CPU
Optimizing NNI: done in 0.391143 secs using 396.5% CPU
Optimizing NNI: done in 0.331598 secs using 399% CPU
Optimizing NNI: done in 0.236711 secs using 397.9% CPU
Optimizing NNI: done in 0.371617 secs using 395.6% CPU
Optimizing NNI: done in 0.313415 secs using 397.2% CPU
Iteration 640 / LogL: -3588.321 / Time: 0h:4m:6s (0h:0m:29s left)
Optimizing NNI: done in 0.294021 secs using 394.5% CPU
Optimizing NNI: done in 0.336596 secs using 396.4% CPU
Optimizing NNI: done in 0.336946 secs using 397.9% CPU
Optimizing NNI: done in 0.319293 secs using 395.8% CPU
Optimizing NNI: done in 0.157988 secs using 393.5% CPU
Optimizing NNI: done in 0.294252 secs using 396.3% CPU
Optimizing NNI: done in 0.374106 secs using 394.4% CPU
Optimizing NNI: done in 0.251162 secs using 396.2% CPU
Optimizing NNI: done in 0.362133 secs using 396% CPU
Optimizing NNI: done in 0.495528 secs using 396.5% CPU
Iteration 650 / LogL: -3588.453 / Time: 0h:4m:10s (0h:0m:25s left)
Optimizing NNI: done in 0.459955 secs using 397.7% CPU
Optimizing NNI: done in 0.4205 secs using 396.2% CPU
Optimizing NNI: done in 0.332579 secs using 396.6% CPU
Optimizing NNI: done in 0.246719 secs using 393.4% CPU
Optimizing NNI: done in 0.316046 secs using 397% CPU
Optimizing NNI: done in 0.378941 secs using 398.8% CPU
Optimizing NNI: done in 0.318744 secs using 398% CPU
Optimizing NNI: done in 0.317439 secs using 398.3% CPU
Optimizing NNI: done in 0.340599 secs using 397.5% CPU
Optimizing NNI: done in 0.383686 secs using 399.2% CPU
Iteration 660 / LogL: -3603.315 / Time: 0h:4m:13s (0h:0m:21s left)
Optimizing NNI: done in 0.363818 secs using 396.8% CPU
Optimizing NNI: done in 0.333085 secs using 399% CPU
Optimizing NNI: done in 0.324612 secs using 400.4% CPU
Optimizing NNI: done in 0.302672 secs using 399.7% CPU
BETTER TREE FOUND at iteration 664: -3584.059
Optimizing NNI: done in 0.29646 secs using 393.8% CPU
Optimizing NNI: done in 0.350694 secs using 397.3% CPU
Optimizing NNI: done in 0.302358 secs using 396.5% CPU
Optimizing NNI: done in 0.297707 secs using 394.6% CPU
Optimizing NNI: done in 0.283221 secs using 395.1% CPU
Optimizing NNI: done in 0.378503 secs using 396.7% CPU
Iteration 670 / LogL: -3584.060 / Time: 0h:4m:17s (0h:0m:36s left)
Optimizing NNI: done in 0.227666 secs using 394.9% CPU
Optimizing NNI: done in 0.348292 secs using 397.4% CPU
Optimizing NNI: done in 0.305374 secs using 395.6% CPU
Optimizing NNI: done in 0.309442 secs using 398.9% CPU
Optimizing NNI: done in 0.349188 secs using 396.6% CPU
Optimizing NNI: done in 0.297957 secs using 399.5% CPU
Optimizing NNI: done in 0.312564 secs using 399.1% CPU
Optimizing NNI: done in 0.290446 secs using 399.1% CPU
Optimizing NNI: done in 0.479922 secs using 397.3% CPU
Optimizing NNI: done in 0.241131 secs using 398.4% CPU
Iteration 680 / LogL: -3584.787 / Time: 0h:4m:20s (0h:0m:32s left)
Optimizing NNI: done in 0.338949 secs using 398.7% CPU
Optimizing NNI: done in 0.341736 secs using 394.9% CPU
Optimizing NNI: done in 0.213883 secs using 396.4% CPU
Optimizing NNI: done in 0.409008 secs using 398.2% CPU
Optimizing NNI: done in 0.40287 secs using 397.7% CPU
Optimizing NNI: done in 0.305462 secs using 397.6% CPU
Optimizing NNI: done in 0.346313 secs using 398% CPU
Optimizing NNI: done in 0.278786 secs using 395.5% CPU
Optimizing NNI: done in 0.390519 secs using 397.4% CPU
Optimizing NNI: done in 0.321152 secs using 399.9% CPU
Iteration 690 / LogL: -3584.059 / Time: 0h:4m:23s (0h:0m:28s left)
Optimizing NNI: done in 0.368622 secs using 395.7% CPU
Optimizing NNI: done in 0.503047 secs using 395.8% CPU
BETTER TREE FOUND at iteration 692: -3584.059
Optimizing NNI: done in 0.400793 secs using 396.3% CPU
Optimizing NNI: done in 0.299835 secs using 394.3% CPU
Optimizing NNI: done in 0.489076 secs using 399.1% CPU
Optimizing NNI: done in 0.378681 secs using 399.2% CPU
Optimizing NNI: done in 0.42665 secs using 397.2% CPU
Optimizing NNI: done in 0.470943 secs using 397.7% CPU
Optimizing NNI: done in 0.367922 secs using 395% CPU
Optimizing NNI: done in 0.303444 secs using 399.1% CPU
Iteration 700 / LogL: -3584.070 / Time: 0h:4m:27s (0h:0m:35s left)
Optimizing NNI: done in 0.358635 secs using 397.9% CPU
Optimizing NNI: done in 0.444303 secs using 397.8% CPU
Optimizing NNI: done in 0.239401 secs using 396.9% CPU
Optimizing NNI: done in 0.48999 secs using 397.7% CPU
Optimizing NNI: done in 0.303469 secs using 394.4% CPU
Optimizing NNI: done in 0.241418 secs using 394.6% CPU
Optimizing NNI: done in 0.252259 secs using 396.7% CPU
Optimizing NNI: done in 0.398911 secs using 396.6% CPU
Optimizing NNI: done in 0.344048 secs using 397.5% CPU
Optimizing NNI: done in 0.352713 secs using 396.5% CPU
Iteration 710 / LogL: -3584.071 / Time: 0h:4m:31s (0h:0m:31s left)
Optimizing NNI: done in 0.309974 secs using 392.9% CPU
Optimizing NNI: done in 0.405097 secs using 396.8% CPU
Optimizing NNI: done in 0.369131 secs using 392.5% CPU
Optimizing NNI: done in 0.301575 secs using 400.1% CPU
Optimizing NNI: done in 0.156842 secs using 396.5% CPU
Optimizing NNI: done in 0.341221 secs using 395.9% CPU
BETTER TREE FOUND at iteration 716: -3584.058
Optimizing NNI: done in 0.233566 secs using 394.5% CPU
Optimizing NNI: done in 0.353634 secs using 392.8% CPU
Optimizing NNI: done in 0.39864 secs using 398.6% CPU
Optimizing NNI: done in 0.429759 secs using 395.8% CPU
Iteration 720 / LogL: -3589.787 / Time: 0h:4m:34s (0h:0m:36s left)
Optimizing NNI: done in 0.432651 secs using 398.1% CPU
Optimizing NNI: done in 0.226478 secs using 389.3% CPU
Optimizing NNI: done in 0.339975 secs using 398.8% CPU
Optimizing NNI: done in 0.303129 secs using 397.5% CPU
Optimizing NNI: done in 0.298963 secs using 399.8% CPU
Optimizing NNI: done in 0.306507 secs using 399.2% CPU
Optimizing NNI: done in 0.323367 secs using 398.6% CPU
Optimizing NNI: done in 0.492415 secs using 399.4% CPU
Optimizing NNI: done in 0.359791 secs using 394.6% CPU
Optimizing NNI: done in 0.371859 secs using 398% CPU
Iteration 730 / LogL: -3584.070 / Time: 0h:4m:38s (0h:0m:32s left)
Optimizing NNI: done in 0.415264 secs using 399.4% CPU
Optimizing NNI: done in 0.330263 secs using 398.1% CPU
Optimizing NNI: done in 0.233153 secs using 392% CPU
Optimizing NNI: done in 0.460712 secs using 399.1% CPU
Optimizing NNI: done in 0.371916 secs using 398.9% CPU
Optimizing NNI: done in 0.506754 secs using 398.2% CPU
Optimizing NNI: done in 0.281882 secs using 397.6% CPU
Optimizing NNI: done in 0.296559 secs using 398.1% CPU
Optimizing NNI: done in 0.264491 secs using 398% CPU
Optimizing NNI: done in 0.392329 secs using 397.5% CPU
Iteration 740 / LogL: -3584.064 / Time: 0h:4m:41s (0h:0m:28s left)
Optimizing NNI: done in 0.338709 secs using 394.4% CPU
Optimizing NNI: done in 0.344655 secs using 398.1% CPU
Optimizing NNI: done in 0.262074 secs using 394.4% CPU
Optimizing NNI: done in 0.173047 secs using 394.7% CPU
Optimizing NNI: done in 0.432123 secs using 398.2% CPU
Optimizing NNI: done in 0.36932 secs using 396.7% CPU
Optimizing NNI: done in 0.285327 secs using 398.5% CPU
Optimizing NNI: done in 0.315885 secs using 398.1% CPU
Optimizing NNI: done in 0.320188 secs using 395.6% CPU
Optimizing NNI: done in 0.463705 secs using 395.4% CPU
Iteration 750 / LogL: -3584.070 / Time: 0h:4m:45s (0h:0m:25s left)
Optimizing NNI: done in 0.361624 secs using 396.3% CPU
Optimizing NNI: done in 0.291748 secs using 396% CPU
Optimizing NNI: done in 0.448111 secs using 399.3% CPU
Optimizing NNI: done in 0.395031 secs using 399.1% CPU
Optimizing NNI: done in 0.355257 secs using 393.5% CPU
Optimizing NNI: done in 0.354203 secs using 398.2% CPU
Optimizing NNI: done in 0.363423 secs using 396% CPU
Optimizing NNI: done in 0.323726 secs using 397.6% CPU
Optimizing NNI: done in 0.310902 secs using 395.6% CPU
Optimizing NNI: done in 0.385804 secs using 398.9% CPU
BETTER TREE FOUND at iteration 760: -3584.058
Iteration 760 / LogL: -3584.058 / Time: 0h:4m:48s (0h:0m:38s left)
Optimizing NNI: done in 0.32925 secs using 390.1% CPU
Optimizing NNI: done in 0.357574 secs using 395.1% CPU
Optimizing NNI: done in 0.346883 secs using 398.3% CPU
Optimizing NNI: done in 0.290048 secs using 397.9% CPU
Optimizing NNI: done in 0.433104 secs using 396.2% CPU
Optimizing NNI: done in 0.362587 secs using 396.4% CPU
Optimizing NNI: done in 0.363086 secs using 400.2% CPU
Optimizing NNI: done in 0.349577 secs using 397.5% CPU
Optimizing NNI: done in 0.290363 secs using 397.5% CPU
Optimizing NNI: done in 0.28601 secs using 393.3% CPU
Iteration 770 / LogL: -3584.068 / Time: 0h:4m:52s (0h:0m:34s left)
Optimizing NNI: done in 0.340404 secs using 398.2% CPU
Optimizing NNI: done in 0.250449 secs using 395.3% CPU
Optimizing NNI: done in 0.369297 secs using 396% CPU
Optimizing NNI: done in 0.336132 secs using 398.5% CPU
Optimizing NNI: done in 0.384561 secs using 396.4% CPU
Optimizing NNI: done in 0.165548 secs using 396.8% CPU
Optimizing NNI: done in 0.324258 secs using 395.9% CPU
Optimizing NNI: done in 0.335347 secs using 398.2% CPU
Optimizing NNI: done in 0.301434 secs using 395.1% CPU
Optimizing NNI: done in 0.253914 secs using 394.2% CPU
Iteration 780 / LogL: -3584.060 / Time: 0h:4m:55s (0h:0m:30s left)
Optimizing NNI: done in 0.237693 secs using 396.1% CPU
Optimizing NNI: done in 0.420247 secs using 396.2% CPU
Optimizing NNI: done in 0.41117 secs using 398.5% CPU
BETTER TREE FOUND at iteration 783: -3584.057
Optimizing NNI: done in 0.415744 secs using 398.4% CPU
Optimizing NNI: done in 0.440744 secs using 398.9% CPU
Optimizing NNI: done in 0.312142 secs using 397% CPU
Optimizing NNI: done in 0.282387 secs using 390.3% CPU
Optimizing NNI: done in 0.355382 secs using 393.4% CPU
Optimizing NNI: done in 0.360623 secs using 399.3% CPU
Optimizing NNI: done in 0.28363 secs using 393.2% CPU
Iteration 790 / LogL: -3584.060 / Time: 0h:4m:59s (0h:0m:35s left)
Optimizing NNI: done in 0.441748 secs using 398.5% CPU
Optimizing NNI: done in 0.390373 secs using 398.4% CPU
Optimizing NNI: done in 0.412294 secs using 396.5% CPU
Optimizing NNI: done in 0.242056 secs using 398.6% CPU
Optimizing NNI: done in 0.285274 secs using 397.6% CPU
Optimizing NNI: done in 0.267729 secs using 394.2% CPU
Optimizing NNI: done in 0.443016 secs using 399.6% CPU
Optimizing NNI: done in 0.267643 secs using 398.4% CPU
Optimizing NNI: done in 0.328462 secs using 397.7% CPU
Optimizing NNI: done in 0.326075 secs using 395.5% CPU
Iteration 800 / LogL: -3584.074 / Time: 0h:5m:2s (0h:0m:31s left)
Optimizing NNI: done in 0.299001 secs using 398.9% CPU
Optimizing NNI: done in 0.242285 secs using 395.3% CPU
Optimizing NNI: done in 0.339667 secs using 393.8% CPU
Optimizing NNI: done in 0.295325 secs using 393.9% CPU
BETTER TREE FOUND at iteration 804: -3584.057
Optimizing NNI: done in 0.338424 secs using 395.4% CPU
Optimizing NNI: done in 0.361412 secs using 394.3% CPU
Optimizing NNI: done in 0.369258 secs using 396.7% CPU
Optimizing NNI: done in 0.255723 secs using 395.7% CPU
Optimizing NNI: done in 0.319343 secs using 393.2% CPU
Optimizing NNI: done in 0.39441 secs using 397.1% CPU
Iteration 810 / LogL: -3584.059 / Time: 0h:5m:5s (0h:0m:35s left)
Optimizing NNI: done in 0.303598 secs using 395.6% CPU
Optimizing NNI: done in 0.245874 secs using 397.6% CPU
Optimizing NNI: done in 0.39657 secs using 395.3% CPU
Optimizing NNI: done in 0.32918 secs using 394.1% CPU
Optimizing NNI: done in 0.296049 secs using 398.5% CPU
Optimizing NNI: done in 0.253238 secs using 399.1% CPU
Optimizing NNI: done in 0.270969 secs using 397.6% CPU
Optimizing NNI: done in 0.367735 secs using 396.2% CPU
Optimizing NNI: done in 0.32805 secs using 398.6% CPU
Optimizing NNI: done in 0.36379 secs using 396.8% CPU
Iteration 820 / LogL: -3584.778 / Time: 0h:5m:9s (0h:0m:31s left)
Optimizing NNI: done in 0.304382 secs using 395.7% CPU
Optimizing NNI: done in 0.396482 secs using 395.6% CPU
Optimizing NNI: done in 0.535805 secs using 394.9% CPU
Optimizing NNI: done in 0.306301 secs using 400.4% CPU
Optimizing NNI: done in 0.433039 secs using 396.3% CPU
Optimizing NNI: done in 0.386665 secs using 393.9% CPU
Optimizing NNI: done in 0.356471 secs using 395.1% CPU
Optimizing NNI: done in 0.371549 secs using 396% CPU
Optimizing NNI: done in 0.288046 secs using 396.4% CPU
Optimizing NNI: done in 0.330209 secs using 395.4% CPU
Iteration 830 / LogL: -3588.317 / Time: 0h:5m:12s (0h:0m:27s left)
Optimizing NNI: done in 0.30691 secs using 399.3% CPU
BETTER TREE FOUND at iteration 831: -3584.056
Optimizing NNI: done in 0.2348 secs using 397% CPU
Optimizing NNI: done in 0.369501 secs using 394.4% CPU
Optimizing NNI: done in 0.395271 secs using 399% CPU
Optimizing NNI: done in 0.359268 secs using 396.8% CPU
Optimizing NNI: done in 0.307172 secs using 398.1% CPU
Optimizing NNI: done in 0.396657 secs using 390.6% CPU
Optimizing NNI: done in 0.302147 secs using 401% CPU
Optimizing NNI: done in 0.280369 secs using 390.8% CPU
Optimizing NNI: done in 0.546992 secs using 398% CPU
Iteration 840 / LogL: -3584.061 / Time: 0h:5m:16s (0h:0m:34s left)
Optimizing NNI: done in 0.365785 secs using 398.4% CPU
Optimizing NNI: done in 0.353183 secs using 397.7% CPU
Optimizing NNI: done in 0.385758 secs using 396% CPU
Optimizing NNI: done in 0.306209 secs using 399.7% CPU
Optimizing NNI: done in 0.288991 secs using 397.6% CPU
Optimizing NNI: done in 0.422253 secs using 394.5% CPU
Optimizing NNI: done in 0.248901 secs using 394% CPU
Optimizing NNI: done in 0.348814 secs using 392.9% CPU
Optimizing NNI: done in 0.377226 secs using 395.5% CPU
Optimizing NNI: done in 0.238822 secs using 396.4% CPU
Iteration 850 / LogL: -3584.060 / Time: 0h:5m:19s (0h:0m:30s left)
Optimizing NNI: done in 0.329207 secs using 394.5% CPU
Optimizing NNI: done in 0.343179 secs using 398.9% CPU
Optimizing NNI: done in 0.398203 secs using 397.2% CPU
Optimizing NNI: done in 0.268792 secs using 398.2% CPU
Optimizing NNI: done in 0.273274 secs using 398.4% CPU
Optimizing NNI: done in 0.314427 secs using 393.6% CPU
Optimizing NNI: done in 0.421572 secs using 395.1% CPU
Optimizing NNI: done in 0.297361 secs using 401.1% CPU
Optimizing NNI: done in 0.324389 secs using 395.7% CPU
Optimizing NNI: done in 0.309666 secs using 397.1% CPU
Iteration 860 / LogL: -3589.785 / Time: 0h:5m:23s (0h:0m:26s left)
Optimizing NNI: done in 0.399362 secs using 397.6% CPU
Optimizing NNI: done in 0.348117 secs using 397.5% CPU
Optimizing NNI: done in 0.296385 secs using 394.5% CPU
Optimizing NNI: done in 0.272797 secs using 395.3% CPU
Optimizing NNI: done in 0.451625 secs using 397.7% CPU
Optimizing NNI: done in 0.308219 secs using 393.6% CPU
Optimizing NNI: done in 0.307148 secs using 398.8% CPU
Optimizing NNI: done in 0.273632 secs using 398.2% CPU
Optimizing NNI: done in 0.362873 secs using 400.3% CPU
Optimizing NNI: done in 0.352809 secs using 395.8% CPU
Iteration 870 / LogL: -3584.071 / Time: 0h:5m:26s (0h:0m:22s left)
Optimizing NNI: done in 0.390246 secs using 397.5% CPU
Optimizing NNI: done in 0.361401 secs using 395.7% CPU
Optimizing NNI: done in 0.227123 secs using 397.1% CPU
Optimizing NNI: done in 0.228454 secs using 397.6% CPU
Optimizing NNI: done in 0.263276 secs using 393.1% CPU
Optimizing NNI: done in 0.275402 secs using 396% CPU
Optimizing NNI: done in 0.232638 secs using 397.6% CPU
Optimizing NNI: done in 0.317309 secs using 398.6% CPU
BETTER TREE FOUND at iteration 878: -3584.056
Optimizing NNI: done in 0.434085 secs using 395% CPU
Optimizing NNI: done in 0.365225 secs using 396.7% CPU
Iteration 880 / LogL: -3584.057 / Time: 0h:5m:29s (0h:0m:36s left)
Optimizing NNI: done in 0.294471 secs using 399.5% CPU
Optimizing NNI: done in 0.361596 secs using 400% CPU
Optimizing NNI: done in 0.448557 secs using 397.1% CPU
Optimizing NNI: done in 0.325932 secs using 397.8% CPU
Optimizing NNI: done in 0.356969 secs using 397.5% CPU
Optimizing NNI: done in 0.313467 secs using 400.4% CPU
Optimizing NNI: done in 0.307219 secs using 392.3% CPU
Optimizing NNI: done in 0.31012 secs using 395.6% CPU
Optimizing NNI: done in 0.422365 secs using 395.3% CPU
Optimizing NNI: done in 0.284007 secs using 397.9% CPU
Iteration 890 / LogL: -3597.049 / Time: 0h:5m:33s (0h:0m:32s left)
Optimizing NNI: done in 0.175451 secs using 397.4% CPU
Optimizing NNI: done in 0.327981 secs using 396.2% CPU
Optimizing NNI: done in 0.291695 secs using 396.1% CPU
Optimizing NNI: done in 0.337961 secs using 399.2% CPU
Optimizing NNI: done in 0.364674 secs using 398.3% CPU
Optimizing NNI: done in 0.436348 secs using 397.1% CPU
Optimizing NNI: done in 0.344666 secs using 395.1% CPU
Optimizing NNI: done in 0.308958 secs using 395.1% CPU
Optimizing NNI: done in 0.376363 secs using 395.2% CPU
Optimizing NNI: done in 0.306618 secs using 397.4% CPU
Iteration 900 / LogL: -3584.057 / Time: 0h:5m:36s (0h:0m:29s left)
Optimizing NNI: done in 0.522731 secs using 399.1% CPU
Optimizing NNI: done in 0.339968 secs using 393.2% CPU
Optimizing NNI: done in 0.278221 secs using 398.8% CPU
Optimizing NNI: done in 0.279902 secs using 397.6% CPU
Optimizing NNI: done in 0.341167 secs using 394.1% CPU
Optimizing NNI: done in 0.327921 secs using 397.6% CPU
Optimizing NNI: done in 0.352028 secs using 396.4% CPU
Optimizing NNI: done in 0.261903 secs using 396.7% CPU
Optimizing NNI: done in 0.302739 secs using 393.1% CPU
Optimizing NNI: done in 0.404752 secs using 393.9% CPU
Iteration 910 / LogL: -3584.058 / Time: 0h:5m:40s (0h:0m:25s left)
Optimizing NNI: done in 0.314754 secs using 399.2% CPU
Optimizing NNI: done in 0.272827 secs using 399% CPU
Optimizing NNI: done in 0.357297 secs using 400.7% CPU
Optimizing NNI: done in 0.272037 secs using 394.5% CPU
Optimizing NNI: done in 0.515255 secs using 396.5% CPU
Optimizing NNI: done in 0.245855 secs using 396% CPU
Optimizing NNI: done in 0.34982 secs using 393.8% CPU
Optimizing NNI: done in 0.43638 secs using 399.1% CPU
Optimizing NNI: done in 0.347705 secs using 398.2% CPU
Optimizing NNI: done in 0.466444 secs using 396.3% CPU
Iteration 920 / LogL: -3584.057 / Time: 0h:5m:43s (0h:0m:21s left)
Optimizing NNI: done in 0.363271 secs using 396.9% CPU
Optimizing NNI: done in 0.370421 secs using 395.3% CPU
Optimizing NNI: done in 0.274025 secs using 398.4% CPU
Optimizing NNI: done in 0.290964 secs using 397.4% CPU
Optimizing NNI: done in 0.316153 secs using 399.1% CPU
Optimizing NNI: done in 0.294266 secs using 396.9% CPU
Optimizing NNI: done in 0.31346 secs using 397.8% CPU
Optimizing NNI: done in 0.446156 secs using 397% CPU
Optimizing NNI: done in 0.337832 secs using 399.1% CPU
Optimizing NNI: done in 0.345181 secs using 398.8% CPU
Iteration 930 / LogL: -3589.160 / Time: 0h:5m:47s (0h:0m:17s left)
Optimizing NNI: done in 0.306062 secs using 399.2% CPU
Optimizing NNI: done in 0.301966 secs using 397.9% CPU
Optimizing NNI: done in 0.341421 secs using 392.6% CPU
Optimizing NNI: done in 0.32838 secs using 395.8% CPU
Optimizing NNI: done in 0.272754 secs using 398.9% CPU
Optimizing NNI: done in 0.327625 secs using 397.8% CPU
Optimizing NNI: done in 0.427048 secs using 398.9% CPU
Optimizing NNI: done in 0.338919 secs using 400.8% CPU
Optimizing NNI: done in 0.287812 secs using 398.7% CPU
Optimizing NNI: done in 0.370799 secs using 398.8% CPU
Iteration 940 / LogL: -3584.057 / Time: 0h:5m:50s (0h:0m:14s left)
Optimizing NNI: done in 0.367823 secs using 397.1% CPU
Optimizing NNI: done in 0.305407 secs using 388.4% CPU
Optimizing NNI: done in 0.347992 secs using 395.4% CPU
Optimizing NNI: done in 0.299666 secs using 390.8% CPU
Optimizing NNI: done in 0.345389 secs using 394.1% CPU
Optimizing NNI: done in 0.399202 secs using 397.1% CPU
Optimizing NNI: done in 0.369503 secs using 397.6% CPU
Optimizing NNI: done in 0.303699 secs using 399.6% CPU
Optimizing NNI: done in 0.268808 secs using 395% CPU
Optimizing NNI: done in 0.395672 secs using 397.1% CPU
Iteration 950 / LogL: -3584.058 / Time: 0h:5m:53s (0h:0m:10s left)
Optimizing NNI: done in 0.291564 secs using 392.9% CPU
Optimizing NNI: done in 0.324104 secs using 398.2% CPU
Optimizing NNI: done in 0.304267 secs using 399.1% CPU
Optimizing NNI: done in 0.432503 secs using 396.3% CPU
Optimizing NNI: done in 0.333515 secs using 398.6% CPU
Optimizing NNI: done in 0.373601 secs using 395.3% CPU
Optimizing NNI: done in 0.342125 secs using 393.2% CPU
Optimizing NNI: done in 0.24328 secs using 400.8% CPU
Optimizing NNI: done in 0.274318 secs using 395.9% CPU
Optimizing NNI: done in 0.392659 secs using 398.8% CPU
Iteration 960 / LogL: -3589.166 / Time: 0h:5m:57s (0h:0m:6s left)
Optimizing NNI: done in 0.378649 secs using 392.5% CPU
Optimizing NNI: done in 0.413 secs using 396.7% CPU
Optimizing NNI: done in 0.31461 secs using 397.9% CPU
Optimizing NNI: done in 0.332934 secs using 400.1% CPU
Optimizing NNI: done in 0.253587 secs using 401.4% CPU
Optimizing NNI: done in 0.374227 secs using 397.6% CPU
Optimizing NNI: done in 0.298208 secs using 396.4% CPU
Optimizing NNI: done in 0.268684 secs using 397.6% CPU
Optimizing NNI: done in 0.39873 secs using 393.4% CPU
Optimizing NNI: done in 0.370161 secs using 395.2% CPU
BETTER TREE FOUND at iteration 970: -3584.056
Iteration 970 / LogL: -3584.056 / Time: 0h:6m:0s (0h:0m:37s left)
Optimizing NNI: done in 0.306959 secs using 398.3% CPU
Optimizing NNI: done in 0.385412 secs using 394.9% CPU
Optimizing NNI: done in 0.241733 secs using 398.4% CPU
Optimizing NNI: done in 0.430465 secs using 397.7% CPU
Optimizing NNI: done in 0.311156 secs using 400.8% CPU
Optimizing NNI: done in 0.376973 secs using 396.3% CPU
BETTER TREE FOUND at iteration 976: -3584.056
Optimizing NNI: done in 0.404561 secs using 396.1% CPU
Optimizing NNI: done in 0.365918 secs using 397.3% CPU
Optimizing NNI: done in 0.253163 secs using 395.4% CPU
Optimizing NNI: done in 0.341228 secs using 393.5% CPU
Iteration 980 / LogL: -3584.059 / Time: 0h:6m:4s (0h:0m:35s left)
Optimizing NNI: done in 0.348131 secs using 398.7% CPU
Optimizing NNI: done in 0.325844 secs using 395.3% CPU
Optimizing NNI: done in 0.383669 secs using 399.6% CPU
Optimizing NNI: done in 0.307308 secs using 399.3% CPU
Optimizing NNI: done in 0.251821 secs using 397% CPU
Optimizing NNI: done in 0.344876 secs using 398.1% CPU
Optimizing NNI: done in 0.276745 secs using 398.1% CPU
Optimizing NNI: done in 0.351649 secs using 394.4% CPU
Optimizing NNI: done in 0.251421 secs using 399.5% CPU
Optimizing NNI: done in 0.413234 secs using 399% CPU
Iteration 990 / LogL: -3584.059 / Time: 0h:6m:7s (0h:0m:31s left)
Optimizing NNI: done in 0.28877 secs using 397.8% CPU
Optimizing NNI: done in 0.359278 secs using 396.1% CPU
Optimizing NNI: done in 0.179157 secs using 396.7% CPU
Optimizing NNI: done in 0.27722 secs using 398.4% CPU
Optimizing NNI: done in 0.345528 secs using 397.3% CPU
Optimizing NNI: done in 0.250876 secs using 392.5% CPU
Optimizing NNI: done in 0.308986 secs using 396.4% CPU
Optimizing NNI: done in 0.262003 secs using 396.1% CPU
Optimizing NNI: done in 0.261987 secs using 398.7% CPU
Optimizing NNI: done in 0.263103 secs using 396.7% CPU
Iteration 1000 / LogL: -3584.771 / Time: 0h:6m:10s (0h:0m:28s left)
Optimizing NNI: done in 0.321018 secs using 396.3% CPU
Optimizing NNI: done in 0.369662 secs using 395.9% CPU
Optimizing NNI: done in 0.292389 secs using 399.5% CPU
Optimizing NNI: done in 0.352762 secs using 397.7% CPU
Optimizing NNI: done in 0.356245 secs using 396.1% CPU
Optimizing NNI: done in 0.459056 secs using 398.5% CPU
Optimizing NNI: done in 0.487582 secs using 399.8% CPU
Optimizing NNI: done in 0.349219 secs using 397.3% CPU
Optimizing NNI: done in 0.458678 secs using 398% CPU
Optimizing NNI: done in 0.436318 secs using 396.5% CPU
Iteration 1010 / LogL: -3584.059 / Time: 0h:6m:14s (0h:0m:24s left)
Optimizing NNI: done in 0.374077 secs using 398.7% CPU
Optimizing NNI: done in 0.310743 secs using 397.6% CPU
Optimizing NNI: done in 0.361288 secs using 395.3% CPU
Optimizing NNI: done in 0.191865 secs using 397.9% CPU
Optimizing NNI: done in 0.303949 secs using 397.3% CPU
Optimizing NNI: done in 0.258779 secs using 394.2% CPU
Optimizing NNI: done in 0.348735 secs using 393.6% CPU
Optimizing NNI: done in 0.339487 secs using 396.2% CPU
Optimizing NNI: done in 0.374691 secs using 397.2% CPU
Optimizing NNI: done in 0.361922 secs using 398.1% CPU
Iteration 1020 / LogL: -3589.785 / Time: 0h:6m:17s (0h:0m:20s left)
Optimizing NNI: done in 0.366662 secs using 398.3% CPU
Optimizing NNI: done in 0.39274 secs using 397% CPU
Optimizing NNI: done in 0.35286 secs using 399.1% CPU
Optimizing NNI: done in 0.429223 secs using 397.4% CPU
Optimizing NNI: done in 0.239035 secs using 397% CPU
Optimizing NNI: done in 0.292059 secs using 398.5% CPU
Optimizing NNI: done in 0.264539 secs using 397.7% CPU
Optimizing NNI: done in 0.297329 secs using 400.6% CPU
Optimizing NNI: done in 0.510457 secs using 395.3% CPU
Optimizing NNI: done in 0.249621 secs using 394.2% CPU
Iteration 1030 / LogL: -3584.061 / Time: 0h:6m:21s (0h:0m:17s left)
Optimizing NNI: done in 0.18171 secs using 394.8% CPU
Optimizing NNI: done in 0.407222 secs using 398.6% CPU
Optimizing NNI: done in 0.289188 secs using 397.3% CPU
Optimizing NNI: done in 0.27372 secs using 389% CPU
Optimizing NNI: done in 0.521078 secs using 397% CPU
Optimizing NNI: done in 0.396931 secs using 397.6% CPU
Optimizing NNI: done in 0.338488 secs using 398.3% CPU
Optimizing NNI: done in 0.321683 secs using 397.1% CPU
Optimizing NNI: done in 0.45164 secs using 395.9% CPU
Optimizing NNI: done in 0.546598 secs using 396.3% CPU
Iteration 1040 / LogL: -3584.070 / Time: 0h:6m:24s (0h:0m:13s left)
Optimizing NNI: done in 0.292951 secs using 395% CPU
Optimizing NNI: done in 0.278161 secs using 397.4% CPU
Optimizing NNI: done in 0.398094 secs using 398.6% CPU
Optimizing NNI: done in 0.303381 secs using 395.4% CPU
Optimizing NNI: done in 0.215049 secs using 399.4% CPU
Optimizing NNI: done in 0.389124 secs using 399% CPU
Optimizing NNI: done in 0.290088 secs using 396.7% CPU
Optimizing NNI: done in 0.34309 secs using 396.6% CPU
Optimizing NNI: done in 0.315117 secs using 397% CPU
Optimizing NNI: done in 0.364945 secs using 399.4% CPU
Iteration 1050 / LogL: -3584.057 / Time: 0h:6m:28s (0h:0m:9s left)
Optimizing NNI: done in 0.194964 secs using 399.6% CPU
Optimizing NNI: done in 0.337226 secs using 395.3% CPU
Optimizing NNI: done in 0.28905 secs using 396% CPU
Optimizing NNI: done in 0.344571 secs using 397% CPU
Optimizing NNI: done in 0.345403 secs using 397.6% CPU
Optimizing NNI: done in 0.333317 secs using 398.7% CPU
Optimizing NNI: done in 0.332594 secs using 393% CPU
Optimizing NNI: done in 0.362686 secs using 395.5% CPU
Optimizing NNI: done in 0.285231 secs using 398.5% CPU
Optimizing NNI: done in 0.328916 secs using 394.8% CPU
Iteration 1060 / LogL: -3584.062 / Time: 0h:6m:31s (0h:0m:5s left)
Optimizing NNI: done in 0.259774 secs using 400% CPU
BETTER TREE FOUND at iteration 1061: -3584.055
Optimizing NNI: done in 0.339659 secs using 396.8% CPU
Optimizing NNI: done in 0.151252 secs using 397.2% CPU
Optimizing NNI: done in 0.415855 secs using 397.1% CPU
Optimizing NNI: done in 0.285961 secs using 395.1% CPU
Optimizing NNI: done in 0.252308 secs using 396.7% CPU
Optimizing NNI: done in 0.270272 secs using 397.3% CPU
Optimizing NNI: done in 0.331014 secs using 397.1% CPU
Optimizing NNI: done in 0.302453 secs using 399.7% CPU
Optimizing NNI: done in 0.239522 secs using 398% CPU
Iteration 1070 / LogL: -3589.034 / Time: 0h:6m:34s (0h:0m:33s left)
Optimizing NNI: done in 0.318701 secs using 395.2% CPU
Optimizing NNI: done in 0.51687 secs using 397.4% CPU
Optimizing NNI: done in 0.310894 secs using 397.8% CPU
Optimizing NNI: done in 0.279719 secs using 398.8% CPU
Optimizing NNI: done in 0.221868 secs using 398.8% CPU
Optimizing NNI: done in 0.282311 secs using 394.3% CPU
Optimizing NNI: done in 0.348096 secs using 397.4% CPU
Optimizing NNI: done in 0.237412 secs using 397.5% CPU
Optimizing NNI: done in 0.509163 secs using 396.2% CPU
Optimizing NNI: done in 0.336786 secs using 397.4% CPU
Iteration 1080 / LogL: -3594.426 / Time: 0h:6m:37s (0h:0m:29s left)
Optimizing NNI: done in 0.424974 secs using 396.2% CPU
Optimizing NNI: done in 0.342872 secs using 397.3% CPU
Optimizing NNI: done in 0.347434 secs using 399.3% CPU
Optimizing NNI: done in 0.287859 secs using 395.1% CPU
Optimizing NNI: done in 0.373934 secs using 395.1% CPU
Optimizing NNI: done in 0.280929 secs using 398.8% CPU
Optimizing NNI: done in 0.448796 secs using 397.2% CPU
Optimizing NNI: done in 0.302806 secs using 395.7% CPU
Optimizing NNI: done in 0.373008 secs using 395.1% CPU
Optimizing NNI: done in 0.33088 secs using 399% CPU
Iteration 1090 / LogL: -3593.425 / Time: 0h:6m:41s (0h:0m:26s left)
Optimizing NNI: done in 0.337653 secs using 397.7% CPU
Optimizing NNI: done in 0.30012 secs using 395.8% CPU
Optimizing NNI: done in 0.424592 secs using 396.4% CPU
Optimizing NNI: done in 0.406821 secs using 397.6% CPU
Optimizing NNI: done in 0.27717 secs using 399.4% CPU
Optimizing NNI: done in 0.276215 secs using 395.4% CPU
Optimizing NNI: done in 0.377501 secs using 397.2% CPU
Optimizing NNI: done in 0.313446 secs using 394% CPU
Optimizing NNI: done in 0.27488 secs using 398.1% CPU
Optimizing NNI: done in 0.326619 secs using 393.8% CPU
Iteration 1100 / LogL: -3600.089 / Time: 0h:6m:44s (0h:0m:22s left)
Optimizing NNI: done in 0.262415 secs using 395.5% CPU
Optimizing NNI: done in 0.4089 secs using 395.3% CPU
Optimizing NNI: done in 0.289574 secs using 396.4% CPU
Optimizing NNI: done in 0.4068 secs using 397.7% CPU
Optimizing NNI: done in 0.321583 secs using 398.4% CPU
Optimizing NNI: done in 0.30021 secs using 395.5% CPU
Optimizing NNI: done in 0.306176 secs using 398.4% CPU
Optimizing NNI: done in 0.403892 secs using 396.1% CPU
Optimizing NNI: done in 0.483291 secs using 396.2% CPU
Optimizing NNI: done in 0.378199 secs using 396.7% CPU
Iteration 1110 / LogL: -3584.058 / Time: 0h:6m:48s (0h:0m:18s left)
Optimizing NNI: done in 0.337981 secs using 396.8% CPU
BETTER TREE FOUND at iteration 1111: -3584.055
Optimizing NNI: done in 0.297061 secs using 396% CPU
Optimizing NNI: done in 0.341445 secs using 397.1% CPU
Optimizing NNI: done in 0.32657 secs using 399.9% CPU
Optimizing NNI: done in 0.353762 secs using 398.7% CPU
Optimizing NNI: done in 0.52733 secs using 397.7% CPU
Optimizing NNI: done in 0.352681 secs using 397.4% CPU
Optimizing NNI: done in 0.368403 secs using 397.6% CPU
Optimizing NNI: done in 0.489166 secs using 396.7% CPU
Optimizing NNI: done in 0.261665 secs using 394.8% CPU
Iteration 1120 / LogL: -3584.057 / Time: 0h:6m:52s (0h:0m:33s left)
Optimizing NNI: done in 0.316338 secs using 396.3% CPU
Optimizing NNI: done in 0.287547 secs using 393.3% CPU
Optimizing NNI: done in 0.298053 secs using 398.7% CPU
Optimizing NNI: done in 0.39144 secs using 395.9% CPU
Optimizing NNI: done in 0.318171 secs using 401.5% CPU
Optimizing NNI: done in 0.306429 secs using 399.2% CPU
Optimizing NNI: done in 0.363662 secs using 395.8% CPU
Optimizing NNI: done in 0.377143 secs using 394.4% CPU
Optimizing NNI: done in 0.318927 secs using 396.9% CPU
Optimizing NNI: done in 0.481168 secs using 397.2% CPU
Iteration 1130 / LogL: -3584.057 / Time: 0h:6m:55s (0h:0m:29s left)
Optimizing NNI: done in 0.324392 secs using 394.4% CPU
Optimizing NNI: done in 0.367238 secs using 397.2% CPU
Optimizing NNI: done in 0.396752 secs using 398.3% CPU
Optimizing NNI: done in 0.284126 secs using 394.8% CPU
Optimizing NNI: done in 0.329986 secs using 398.4% CPU
Optimizing NNI: done in 0.497275 secs using 397.4% CPU
Optimizing NNI: done in 0.378487 secs using 399.4% CPU
Optimizing NNI: done in 0.41993 secs using 398% CPU
Optimizing NNI: done in 0.369008 secs using 398.2% CPU
Optimizing NNI: done in 0.392793 secs using 397.1% CPU
Iteration 1140 / LogL: -3589.795 / Time: 0h:6m:59s (0h:0m:26s left)
Optimizing NNI: done in 0.301691 secs using 396.7% CPU
Optimizing NNI: done in 0.369725 secs using 399.5% CPU
Optimizing NNI: done in 0.372741 secs using 397.4% CPU
Optimizing NNI: done in 0.28989 secs using 398.2% CPU
Optimizing NNI: done in 0.359503 secs using 396.7% CPU
Optimizing NNI: done in 0.431815 secs using 400% CPU
Optimizing NNI: done in 0.262217 secs using 398.3% CPU
Optimizing NNI: done in 0.372249 secs using 398.2% CPU
Optimizing NNI: done in 0.336798 secs using 400% CPU
Optimizing NNI: done in 0.30487 secs using 395.2% CPU
Iteration 1150 / LogL: -3584.066 / Time: 0h:7m:2s (0h:0m:22s left)
Optimizing NNI: done in 0.406513 secs using 398.1% CPU
Optimizing NNI: done in 0.45966 secs using 397.3% CPU
Optimizing NNI: done in 0.306091 secs using 396.5% CPU
Optimizing NNI: done in 0.345173 secs using 397.7% CPU
Optimizing NNI: done in 0.312585 secs using 394% CPU
Optimizing NNI: done in 0.338113 secs using 395.7% CPU
Optimizing NNI: done in 0.429529 secs using 395.2% CPU
Optimizing NNI: done in 0.299497 secs using 398.3% CPU
Optimizing NNI: done in 0.303946 secs using 398.6% CPU
Optimizing NNI: done in 0.283837 secs using 400.1% CPU
Iteration 1160 / LogL: -3589.168 / Time: 0h:7m:6s (0h:0m:18s left)
Optimizing NNI: done in 0.294822 secs using 397.4% CPU
Optimizing NNI: done in 0.340247 secs using 397.2% CPU
Optimizing NNI: done in 0.556263 secs using 397.3% CPU
Optimizing NNI: done in 0.233005 secs using 400.1% CPU
Optimizing NNI: done in 0.193831 secs using 399.4% CPU
Optimizing NNI: done in 0.308101 secs using 393% CPU
Optimizing NNI: done in 0.370202 secs using 399.9% CPU
Optimizing NNI: done in 0.385131 secs using 397.3% CPU
Optimizing NNI: done in 0.464753 secs using 396.2% CPU
Optimizing NNI: done in 0.265607 secs using 396.1% CPU
Iteration 1170 / LogL: -3589.166 / Time: 0h:7m:9s (0h:0m:15s left)
Optimizing NNI: done in 0.280641 secs using 396.7% CPU
Optimizing NNI: done in 0.395583 secs using 399.1% CPU
Optimizing NNI: done in 0.328519 secs using 398.1% CPU
Optimizing NNI: done in 0.247843 secs using 391.1% CPU
Optimizing NNI: done in 0.227096 secs using 401.1% CPU
Optimizing NNI: done in 0.325974 secs using 396.6% CPU
Optimizing NNI: done in 0.268582 secs using 396.3% CPU
Optimizing NNI: done in 0.298645 secs using 395.2% CPU
Optimizing NNI: done in 0.247503 secs using 400.5% CPU
Optimizing NNI: done in 0.336016 secs using 394.5% CPU
Iteration 1180 / LogL: -3584.059 / Time: 0h:7m:13s (0h:0m:11s left)
Optimizing NNI: done in 0.40523 secs using 397.1% CPU
Optimizing NNI: done in 0.375103 secs using 398.2% CPU
Optimizing NNI: done in 0.319065 secs using 395.6% CPU
Optimizing NNI: done in 0.494282 secs using 398.8% CPU
Optimizing NNI: done in 0.356085 secs using 397.5% CPU
Optimizing NNI: done in 0.367249 secs using 396.4% CPU
Optimizing NNI: done in 0.384276 secs using 397.6% CPU
Optimizing NNI: done in 0.431784 secs using 396.7% CPU
Optimizing NNI: done in 0.301747 secs using 396.8% CPU
Optimizing NNI: done in 0.304166 secs using 398.7% CPU
Iteration 1190 / LogL: -3584.070 / Time: 0h:7m:16s (0h:0m:7s left)
Optimizing NNI: done in 0.495714 secs using 394.5% CPU
Optimizing NNI: done in 0.318592 secs using 396.1% CPU
Optimizing NNI: done in 0.250361 secs using 395.3% CPU
Optimizing NNI: done in 0.363168 secs using 397.4% CPU
Optimizing NNI: done in 0.316149 secs using 397.3% CPU
Optimizing NNI: done in 0.25942 secs using 393.1% CPU
Optimizing NNI: done in 0.390305 secs using 396.4% CPU
Optimizing NNI: done in 0.218017 secs using 398.2% CPU
Optimizing NNI: done in 0.36041 secs using 395.3% CPU
Optimizing NNI: done in 0.24601 secs using 400.5% CPU
Iteration 1200 / LogL: -3584.059 / Time: 0h:7m:20s (0h:0m:4s left)
Optimizing NNI: done in 0.342167 secs using 397.7% CPU
Optimizing NNI: done in 0.299156 secs using 397.7% CPU
Optimizing NNI: done in 0.374327 secs using 394.7% CPU
Optimizing NNI: done in 0.312852 secs using 394.4% CPU
Optimizing NNI: done in 0.424967 secs using 396.4% CPU
Optimizing NNI: done in 0.286732 secs using 400.9% CPU
Optimizing NNI: done in 0.315061 secs using 395.3% CPU
Optimizing NNI: done in 0.299506 secs using 396.4% CPU
Optimizing NNI: done in 0.247251 secs using 394.7% CPU
Optimizing NNI: done in 0.294765 secs using 392.4% CPU
Iteration 1210 / LogL: -3584.056 / Time: 0h:7m:23s (0h:0m:0s left)
Optimizing NNI: done in 0.368426 secs using 398.3% CPU
Optimizing NNI: done in 0.252159 secs using 394.9% CPU
TREE SEARCH COMPLETED AFTER 1212 ITERATIONS / Time: 0h:7m:24s

--------------------------------------------------------------------
|                    FINALIZING TREE SEARCH                        |
--------------------------------------------------------------------
Performs final model parameters optimization
Estimate model parameters (epsilon = 0.010)
1. Initial log-likelihood: -3584.055
Optimal log-likelihood: -3584.053
Rate parameters:  A-C: 1.14483  A-G: 6.50663  A-T: 0.55244  C-G: 0.36659  C-T: 6.32603  G-T: 1.00000
Base frequencies:  A: 0.289  C: 0.273  G: 0.228  T: 0.210
Gamma shape alpha: 0.020
Parameters optimization took 1 rounds (0.075 sec)
BEST SCORE FOUND : -3584.053
Total tree length: 0.164

Total number of iterations: 1212
CPU time used for tree search: 1741.347 sec (0h:29m:1s)
Wall-clock time used for tree search: 442.635 sec (0h:7m:22s)
Total CPU time used: 1746.774 sec (0h:29m:6s)
Total wall-clock time used: 444.094 sec (0h:7m:24s)

Analysis results written to: 
  IQ-TREE report:                FOXP2_GTR.iqtree
  Maximum-likelihood tree:       FOXP2_GTR.treefile
  Likelihood distances:          FOXP2_GTR.mldist
  Screen log file:               FOXP2_GTR.log

Date and Time: Mon Jan 29 16:49:49 2024
