IQ-TREE multicore version 2.2.0-beta COVID-edition for Linux 64-bit built Dec 21 2021 built Dec 21 2021
Developed by Bui Quang Minh, James Barbetti, Nguyen Lam Tung,
Olga Chernomor, Heiko Schmidt, Dominik Schrempf, Michael Woodhams, Ly Trong Nhan.

Host:    awarnach10 (SSE3, 3 GB RAM)
Command: iqtree -s codon_alignments_v2_Jan24/MYH2_codon_aligned.phy -m GTR+G4 -pre MYH2_GTR -nt 4
Seed:    101766 (Using SPRNG - Scalable Parallel Random Number Generator)
Time:    Mon Jan 29 16:49:49 2024
Kernel:  SSE2 - 4 threads (4 CPU cores detected)

Reading alignment file codon_alignments_v2_Jan24/MYH2_codon_aligned.phy ... Phylip format detected
Alignment most likely contains DNA/RNA sequences
Constructing alignment: done in 0.0140243 secs using 82.65% CPU
Alignment has 84 sequences with 2697 columns, 918 distinct patterns
767 parsimony-informative, 141 singleton sites, 1789 constant sites
                   Gap/Ambiguity  Composition  p-value
Analyzing sequences: done in 0.000364857 secs using 98.94% CPU
   1  Bacu_MYH2            0.67%    passed     81.72%
   2  Barn_MYH2           55.73%    passed     21.98%
   3  Bbai76728_MYH2      22.69%    passed     95.30%
   4  BbonAUS_MYH2        30.81%    passed     94.66%
   5  Bbor_MYH2           27.70%    passed     99.42%
   6  Bede66737_MYH2      36.26%    passed     91.87%
   7  BedeAUS_MYH2        37.04%    passed     40.30%
   8  Bmus49099_MYH2      15.35%    passed     73.50%
   9  Bmys_MYH2            0.44%    passed     85.09%
  10  Bphy_MYH2            0.44%    passed     76.15%
  11  Bphy_baits_MYH2     33.26%    passed     71.35%
  12  Ccom40_MYH2         33.04%    passed     99.05%
  13  Chea7320_MYH2       36.71%    passed     65.94%
  14  Cmar59905_MYH2      28.03%    passed     96.86%
  15  Dcap108471_MYH2     29.92%    passed     96.02%
  16  Dcap79929_MYH2      19.80%    passed     91.53%
  17  DdelSJR_MYH2        36.48%    passed     92.40%
  18  Ddeltrop4525_MYH2   30.37%    passed     99.81%
  19  Dleu_MYH2           33.93%    passed     69.63%
  20  EausAUS_MYH2        33.26%    passed     90.18%
  21  Egla13086_MYH2      19.69%    passed     95.05%
  22  Ejap43864_MYH2      37.49%    passed     78.96%
  23  Erob133443_MYH2     27.14%    passed     94.31%
  24  Fatt_MYH2           32.15%    passed     87.20%
  25  Ggri_MYH2           46.83%    passed     37.59%
  26  Gmac39091_MYH2      26.81%    passed     84.35%
  27  Gmel_MYH2           27.59%    passed     80.07%
  28  Hamp_MYH2           22.80%    passed     80.47%
  29  Hippo_MYH2          36.48%    passed     96.04%
  30  Igeo_MYH2           56.06%    passed     98.27%
  31  Kbre_MYH2           44.16%    passed     75.00%
  32  Ksim_MYH2           28.36%    passed     87.86%
  33  Lacu_MYH2           30.14%    passed     96.34%
  34  Lalb_MYH2           44.38%    passed     61.99%
  35  Laus_MYH2           31.70%    passed     34.10%
  36  Lbor_MYH2           32.04%    passed     96.56%
  37  Lhos30470_MYH2      24.69%    passed     79.86%
  38  Lhos452_MYH2        29.25%    passed     73.50%
  39  Lobl_MYH2           26.92%    passed     92.27%
  40  Lobs_MYH2           27.36%    passed     93.52%
  41  LperAUS_MYH2        30.37%    passed     95.26%
  42  Lvex_MYH2            0.00%    failed      0.00%
  43  Mbid_MYH2           39.49%    passed     51.24%
  44  Mbow_MYH2           44.27%    passed     69.01%
  45  Mcar_MYH2           31.59%    passed     95.39%
  46  Mden_MYH2           39.93%    passed     67.27%
  47  Meur_MYH2           25.25%    passed     92.73%
  48  Mgin_MYH2           47.94%    passed     67.68%
  49  MgraAUS_MYH2        54.73%    passed     29.48%
  50  Mhec_MYH2           39.15%    passed     93.20%
  51  MlayAUS_MYH2        34.48%    passed     79.02%
  52  Mmir_MYH2           46.94%    passed     31.45%
  53  Mmon_MYH2           48.94%    passed     73.23%
  54  Mper_MYH2           42.27%    passed     85.81%
  55  Mpni_MYH2           27.47%    passed     98.62%
  56  Mste_MYH2           28.48%    passed     74.54%
  57  Npho_MYH2            0.11%    passed     87.40%
  58  Obre_MYH2           25.36%    passed     87.90%
  59  Ohei_MYH2           34.37%    passed     91.40%
  60  Oorc_MYH2            0.00%    failed      0.00%
  61  Pbla7349_MYH2       25.58%    passed     66.72%
  62  Pcra123188_MYH2     33.70%    passed     95.28%
  63  Pdio_MYH2           27.81%    passed     94.03%
  64  Pele_MYH2           40.49%    passed     89.16%
  65  Pmac_MYH2            6.56%    passed     40.94%
  66  Ppho_MYH2           21.47%    passed     90.17%
  67  Pspi_MYH2           43.49%    passed     19.31%
  68  Satt18473_MYH2      28.36%    passed     94.13%
  69  Satt38219_MYH2      49.39%    passed     76.41%
  70  Sbre116871_MYH2     29.81%    passed     99.31%
  71  Sbre18437_MYH2      31.03%    passed     97.71%
  72  Schi_MYH2           36.04%    passed     81.80%
  73  Scly1724_MYH2       68.19%    passed     12.95%
  74  Scly1726_MYH2       17.80%    passed     84.91%
  75  Scoe_MYH2           34.48%    passed     61.44%
  76  Sflu9837_MYH2       30.26%    passed     34.64%
  77  Sfro7782_MYH2       55.06%    passed     73.43%
  78  Sfro7784_MYH2       38.93%    passed     89.63%
  79  Slon16012_MYH2      32.04%    passed     75.22%
  80  Slon24923_MYH2      25.92%    passed     96.33%
  81  Tadu79924_MYH2      37.15%    passed     98.55%
  82  Ttru_MYH2            0.00%    failed      0.00%
  83  Tshe_MYH2           17.80%    passed     83.65%
  84  Zcav_MYH2           26.81%    passed     85.54%
WARNING: 5 sequences contain more than 50% gaps/ambiguity
****  TOTAL               30.87%  3 sequences failed composition chi2 test (p-value<5%; df=3)
Checking for duplicate sequences: done in 0.00125744 secs using 199.1% CPU

Create initial parsimony tree by phylogenetic likelihood library (PLL)... 0.003 seconds

NOTE: 10 MB RAM (0 GB) is required!
Estimate model parameters (epsilon = 0.100)
1. Initial log-likelihood: -20902.277
2. Current log-likelihood: -18773.563
3. Current log-likelihood: -17941.257
4. Current log-likelihood: -17831.168
5. Current log-likelihood: -17794.577
6. Current log-likelihood: -17785.361
Optimal log-likelihood: -17785.322
Rate parameters:  A-C: 1.00423  A-G: 3.55854  A-T: 1.29831  C-G: 1.57476  C-T: 5.25604  G-T: 1.00000
Base frequencies:  A: 0.280  C: 0.258  G: 0.294  T: 0.169
Gamma shape alpha: 0.127
Parameters optimization took 6 rounds (2.316 sec)
Wrote distance file to... 
Computing ML distances based on estimated model parameters...
Calculating distance matrix: done in 0.0370971 secs using 410.3% CPU
Computing ML distances took 0.039102 sec (of wall-clock time) 0.154915 sec (of CPU time)
Setting up auxiliary I and S matrices: done in 0.00150692 secs using 137.6% CPU
Constructing RapidNJ tree: done in 0.0579227 secs using 25.41% CPU
Computing RapidNJ tree took 0.059623 sec (of wall-clock time) 0.016916 sec (of CPU time)
ERROR: Alignment sequence Bacu_MYH2 does not appear in the tree
(Slon24923_MYH2,((Slon16012_MYH2,Sfro7782_MYH2),Sflu9837_MYH2),((Scly1726_MYH2,(Ddeltrop4525_MYH2,(DdelSJR_MYH2,(Dcap79929_MYH2,Dcap108471_MYH2)))),((((((((((((Barn_MYH2,Bbai76728_MYH2),((Mbid_MYH2,Mden_MYH2),(MgraAUS_MYH2,Mmir_MYH2))),(((Hamp_MYH2,((Mbow_MYH2,Mcar_MYH2),Mgin_MYH2)),(Meur_MYH2,(Mpni_MYH2,Mste_MYH2))),Mper_MYH2)),(Kbre_MYH2,Ksim_MYH2)),(((((BbonAUS_MYH2,(Bbor_MYH2,Bede66737_MYH2)),BedeAUS_MYH2),((Bmus49099_MYH2,(Bphy_MYH2,Bphy_baits_MYH2)),Erob133443_MYH2)),Cmar59905_MYH2),(Bmys_MYH2,((EausAUS_MYH2,Ejap43864_MYH2),Egla13086_MYH2)))),(Mmon_MYH2,(Hippo_MYH2,Pmac_MYH2))),(Pbla7349_MYH2,Igeo_MYH2)),((Ccom40_MYH2,(((LperAUS_MYH2,((((Lvex_MYH2,Oorc_MYH2),Ttru_MYH2),Zcav_MYH2),Tshe_MYH2)),MlayAUS_MYH2),Mhec_MYH2)),Chea7320_MYH2)),(Lobl_MYH2,Lobs_MYH2)),((Laus_MYH2,Satt18473_MYH2),(((Scoe_MYH2,Lhos452_MYH2),Lhos30470_MYH2),((Dleu_MYH2,Lalb_MYH2),(Fatt_MYH2,Pele_MYH2))))),Ohei_MYH2),((Sbre18437_MYH2,Sbre116871_MYH2),((Lacu_MYH2,Obre_MYH2),((Pcra123188_MYH2,Gmac39091_MYH2),((((Tadu79924_MYH2,((Npho_MYH2,(Pspi_MYH2,Pdio_MYH2)),((Lbor_MYH2,(Scly1724_MYH2,Ppho_MYH2)),Satt38219_MYH2))),Schi_MYH2),Ggri_MYH2),(Sfro7784_MYH2,Gmel_MYH2))))))));
ERROR: Tree taxa and alignment sequence do not match (see above)
