IQ-TREE multicore version 2.2.0-beta COVID-edition for Linux 64-bit built Dec 21 2021 built Dec 21 2021
Developed by Bui Quang Minh, James Barbetti, Nguyen Lam Tung,
Olga Chernomor, Heiko Schmidt, Dominik Schrempf, Michael Woodhams, Ly Trong Nhan.

Host:    awarnach10 (SSE3, 3 GB RAM)
Command: iqtree -s codon_alignments_v2_Jan24/PCDH15_codon_aligned.phy -m GTR+G4 -pre PCDH15_GTR -nt 4
Seed:    652139 (Using SPRNG - Scalable Parallel Random Number Generator)
Time:    Mon Jan 29 16:49:51 2024
Kernel:  SSE2 - 4 threads (4 CPU cores detected)

Reading alignment file codon_alignments_v2_Jan24/PCDH15_codon_aligned.phy ... Fasta format detected
Reading fasta file: done in 0.0211985 secs using 94.28% CPU
Alignment most likely contains DNA/RNA sequences
Constructing alignment: done in 0.0252083 secs using 83.72% CPU
Alignment has 91 sequences with 5352 columns, 1617 distinct patterns
1049 parsimony-informative, 746 singleton sites, 3557 constant sites
                     Gap/Ambiguity  Composition  p-value
Analyzing sequences: done in 0.000735579 secs using 80.34% CPU
   1  Bacu_PCDH15            2.19%    passed     36.70%
   2  Barn_PCDH15           45.96%    passed     70.84%
   3  Bbai76728_PCDH15      35.65%    passed     63.45%
   4  BbonAUS_PCDH15        23.71%    passed     95.26%
   5  Bbor_PCDH15           25.11%    passed     92.71%
   6  Bede66737_PCDH15      25.11%    passed     91.74%
   7  BedeAUS_PCDH15        25.11%    passed     91.74%
   8  Bmus_PCDH15            2.19%    passed     41.93%
   9  Bphy_baits_PCDH15     30.27%    passed     87.38%
  10  Btau_PCDH15            0.50%    passed      5.13%
  11  Ccom40_PCDH15         30.66%    passed     77.06%
  12  Cela_PCDH15            8.74%    passed     88.60%
  13  Chea7320_PCDH15       29.88%    passed     96.48%
  14  Cmar59905_PCDH15      26.01%    passed     79.58%
  15  Dcap108471_PCDH15     23.32%    passed     95.36%
  16  Dcap79929_PCDH15      34.92%    passed     85.33%
  17  DdelSJR_PCDH15        23.26%    passed     96.05%
  18  Ddeltrop4525_PCDH15   25.67%    passed     89.29%
  19  Dleu_PCDH15            0.50%    failed      1.08%
  20  EausAUS_PCDH15        23.71%    passed     94.65%
  21  Ecab_PCDH15            0.39%    failed      0.61%
  22  Egla13086_PCDH15      27.35%    passed     88.24%
  23  Ejap43864_PCDH15      23.71%    passed     95.25%
  24  Erob133443_PCDH15     25.84%    passed     89.02%
  25  Fatt_PCDH15           23.26%    passed     95.24%
  26  Ggri_PCDH15           23.26%    passed     97.35%
  27  Gmac39091_PCDH15      23.26%    passed     96.64%
  28  Gmel_PCDH15            0.28%    failed      1.50%
  29  Hamp_PCDH15           23.54%    passed     94.14%
  30  Hippo_PCDH15           2.19%    passed     22.39%
  31  Igeo_PCDH15           48.99%    passed     87.35%
  32  Kbre_PCDH15           24.94%    passed     85.57%
  33  Ksim_PCDH15           31.89%    passed     78.56%
  34  Lacu_PCDH15           24.78%    passed     88.59%
  35  Lalb_PCDH15           23.26%    passed     97.97%
  36  Laus_PCDH15           26.18%    passed     66.14%
  37  Lbor_PCDH15           32.17%    passed     55.50%
  38  Lhos30470_PCDH15      34.98%    passed     60.91%
  39  Lhos452_PCDH15        23.26%    passed     96.34%
  40  Lobl_PCDH15            2.30%    passed     33.08%
  41  Lobs_PCDH15           25.39%    passed     97.35%
  42  LperAUS_PCDH15        23.32%    passed     97.76%
  43  Lvex_PCDH15           18.89%    failed      0.10%
  44  Mbid_PCDH15           41.82%    passed     86.52%
  45  Mbow_PCDH15           23.54%    passed     91.66%
  46  Mcar_PCDH15           23.54%    passed     92.90%
  47  Mden_PCDH15           28.14%    passed     88.22%
  48  Meur_PCDH15           23.54%    passed     92.43%
  49  Mgin_PCDH15           23.60%    passed     91.81%
  50  MgraAUS_PCDH15        38.68%    passed     94.49%
  51  Mhec_PCDH15           23.54%    passed     92.90%
  52  MlayAUS_PCDH15        23.54%    passed     93.13%
  53  Mmir_PCDH15           26.35%    passed     90.57%
  54  Mmon_PCDH15            0.11%    failed      0.91%
  55  Mper_PCDH15           23.54%    passed     91.50%
  56  Mpni_PCDH15           23.65%    passed     91.61%
  57  Mste_PCDH15           23.54%    passed     92.17%
  58  Naasi_PCDH15           0.39%    failed      2.34%
  59  Npho_PCDH15           30.89%    passed     97.20%
  60  Oari_PCDH15            0.56%    passed      9.38%
  61  Obre_PCDH15           23.26%    passed     98.48%
  62  Ohei_PCDH15           27.69%    passed     95.74%
  63  Oorc_PCDH15            1.74%    failed      2.33%
  64  Pbla7349_PCDH15       32.34%    passed     92.76%
  65  Pcat_PCDH15            2.24%    passed     44.04%
  66  Pcra123188_PCDH15     25.34%    passed     96.55%
  67  Pdal_PCDH15           52.02%    passed     20.02%
  68  Pdio_PCDH15           26.18%    passed     68.60%
  69  Pele_PCDH15           25.34%    passed     96.55%
  70  Pmac_PCDH15           25.28%    passed     84.85%
  71  Ppho_PCDH15           29.88%    passed     58.44%
  72  Psin_PCDH15            0.75%    failed      0.78%
  73  Pspi_PCDH15           29.93%    passed     75.82%
  74  Satt18473_PCDH15      26.85%    passed     91.75%
  75  Satt38219_PCDH15      25.39%    passed     94.77%
  76  Sbre116871_PCDH15     23.26%    passed     96.32%
  77  Sbre18437_PCDH15      25.45%    passed     96.34%
  78  Schi_PCDH15           23.21%    passed     94.67%
  79  Scly1724_PCDH15       42.99%    passed     98.35%
  80  Scly1726_PCDH15       25.45%    passed     96.01%
  81  Scoe_PCDH15           31.45%    passed     97.85%
  82  Sflu9837_PCDH15       23.32%    passed     96.64%
  83  Sfro7782_PCDH15       37.56%    passed     83.27%
  84  Sfro7784_PCDH15       23.26%    passed     95.24%
  85  Slon16012_PCDH15      23.26%    passed     96.99%
  86  Slon24923_PCDH15      23.26%    passed     95.41%
  87  Sscr_PCDH15            0.11%    passed      5.57%
  88  Tadu79924_PCDH15      23.26%    passed     96.75%
  89  Tshe_PCDH15           23.54%    passed     93.03%
  90  Ttru_PCDH15            0.22%    failed      1.52%
  91  Zcav_PCDH15           31.73%    passed     93.01%
WARNING: 1 sequences contain more than 50% gaps/ambiguity
****  TOTAL                 22.75%  9 sequences failed composition chi2 test (p-value<5%; df=3)
NOTE: BedeAUS_PCDH15 is identical to Bede66737_PCDH15 but kept for subsequent analysis
Checking for duplicate sequences: done in 0.00230228 secs using 139.1% CPU

Create initial parsimony tree by phylogenetic likelihood library (PLL)... 0.005 seconds

NOTE: 19 MB RAM (0 GB) is required!
Estimate model parameters (epsilon = 0.100)
1. Initial log-likelihood: -45899.492
2. Current log-likelihood: -39448.881
3. Current log-likelihood: -38300.443
4. Current log-likelihood: -38251.423
5. Current log-likelihood: -38249.905
6. Current log-likelihood: -38249.798
Optimal log-likelihood: -38249.771
Rate parameters:  A-C: 1.34357  A-G: 3.25530  A-T: 0.86791  C-G: 1.18684  C-T: 4.50261  G-T: 1.00000
Base frequencies:  A: 0.292  C: 0.223  G: 0.229  T: 0.256
Gamma shape alpha: 0.130
Parameters optimization took 6 rounds (3.857 sec)
Wrote distance file to... 
Computing ML distances based on estimated model parameters...
Calculating distance matrix: done in 0.0477464 secs using 396.6% CPU
Computing ML distances took 0.050427 sec (of wall-clock time) 0.196933 sec (of CPU time)
Setting up auxiliary I and S matrices: done in 0.00087638 secs using 168.5% CPU
Constructing RapidNJ tree: done in 0.0599702 secs using 58.57% CPU
Computing RapidNJ tree took 0.061029 sec (of wall-clock time) 0.036811 sec (of CPU time)
ERROR: Alignment sequence Bacu_PCDH15 does not appear in the tree
ERROR: Alignment sequence Barn_PCDH15 does not appear in the tree
ERROR: Alignment sequence Bbai76728_PCDH15 does not appear in the tree
ERROR: Alignment sequence BbonAUS_PCDH15 does not appear in the tree
ERROR: Alignment sequence Bbor_PCDH15 does not appear in the tree
ERROR: Alignment sequence Bede66737_PCDH15 does not appear in the tree
ERROR: Alignment sequence BedeAUS_PCDH15 does not appear in the tree
ERROR: Alignment sequence Bmus_PCDH15 does not appear in the tree
ERROR: Alignment sequence Bphy_baits_PCDH15 does not appear in the tree
ERROR: Alignment sequence Btau_PCDH15 does not appear in the tree
ERROR: Alignment sequence Cela_PCDH15 does not appear in the tree
ERROR: Alignment sequence Cmar59905_PCDH15 does not appear in the tree
ERROR: Alignment sequence Dleu_PCDH15 does not appear in the tree
ERROR: Alignment sequence EausAUS_PCDH15 does not appear in the tree
ERROR: Alignment sequence Ecab_PCDH15 does not appear in the tree
ERROR: Alignment sequence Egla13086_PCDH15 does not appear in the tree
ERROR: Alignment sequence Ejap43864_PCDH15 does not appear in the tree
ERROR: Alignment sequence Erob133443_PCDH15 does not appear in the tree
ERROR: Alignment sequence Hamp_PCDH15 does not appear in the tree
ERROR: Alignment sequence Hippo_PCDH15 does not appear in the tree
ERROR: Alignment sequence Igeo_PCDH15 does not appear in the tree
ERROR: Alignment sequence Kbre_PCDH15 does not appear in the tree
ERROR: Alignment sequence Ksim_PCDH15 does not appear in the tree
ERROR: Alignment sequence Lvex_PCDH15 does not appear in the tree
ERROR: Alignment sequence Mbid_PCDH15 does not appear in the tree
ERROR: Alignment sequence Mbow_PCDH15 does not appear in the tree
ERROR: Alignment sequence Mcar_PCDH15 does not appear in the tree
ERROR: Alignment sequence Mden_PCDH15 does not appear in the tree
ERROR: Alignment sequence Meur_PCDH15 does not appear in the tree
ERROR: Alignment sequence Mgin_PCDH15 does not appear in the tree
ERROR: Alignment sequence MgraAUS_PCDH15 does not appear in the tree
ERROR: Alignment sequence Mhec_PCDH15 does not appear in the tree
ERROR: Alignment sequence MlayAUS_PCDH15 does not appear in the tree
ERROR: Alignment sequence Mmir_PCDH15 does not appear in the tree
ERROR: Alignment sequence Mmon_PCDH15 does not appear in the tree
ERROR: Alignment sequence Mper_PCDH15 does not appear in the tree
ERROR: Alignment sequence Mpni_PCDH15 does not appear in the tree
ERROR: Alignment sequence Mste_PCDH15 does not appear in the tree
ERROR: Alignment sequence Naasi_PCDH15 does not appear in the tree
ERROR: Alignment sequence Npho_PCDH15 does not appear in the tree
ERROR: Alignment sequence Oari_PCDH15 does not appear in the tree
ERROR: Alignment sequence Oorc_PCDH15 does not appear in the tree
ERROR: Alignment sequence Pbla7349_PCDH15 does not appear in the tree
ERROR: Alignment sequence Pcat_PCDH15 does not appear in the tree
ERROR: Alignment sequence Pdal_PCDH15 does not appear in the tree
ERROR: Alignment sequence Pdio_PCDH15 does not appear in the tree
ERROR: Alignment sequence Pmac_PCDH15 does not appear in the tree
ERROR: Alignment sequence Ppho_PCDH15 does not appear in the tree
ERROR: Alignment sequence Psin_PCDH15 does not appear in the tree
ERROR: Alignment sequence Pspi_PCDH15 does not appear in the tree
ERROR: Alignment sequence Sscr_PCDH15 does not appear in the tree
ERROR: Alignment sequence Tshe_PCDH15 does not appear in the tree
ERROR: Alignment sequence Zcav_PCDH15 does not appear in the tree
(Scly1724_PCDH15,Schi_PCDH15,((((((((((((Lobl_PCDH15,Lobs_PCDH15),Laus_PCDH15),Chea7320_PCDH15),Ccom40_PCDH15),Lbor_PCDH15),LperAUS_PCDH15),(Ohei_PCDH15,Obre_PCDH15)),Lacu_PCDH15),Lalb_PCDH15),((((Pcra123188_PCDH15,(Fatt_PCDH15,(Gmac39091_PCDH15,Gmel_PCDH15))),Pele_PCDH15),(Sbre116871_PCDH15,Sbre18437_PCDH15)),Ggri_PCDH15)),((((((Scly1726_PCDH15,Slon24923_PCDH15),(DdelSJR_PCDH15,Dcap108471_PCDH15)),((Slon16012_PCDH15,Lhos30470_PCDH15),Lhos452_PCDH15)),(Tadu79924_PCDH15,Scoe_PCDH15)),(Dcap79929_PCDH15,Ddeltrop4525_PCDH15)),((Satt38219_PCDH15,(Satt18473_PCDH15,Sflu9837_PCDH15)),Ttru_PCDH15))),(Sfro7782_PCDH15,Sfro7784_PCDH15)));
ERROR: Tree taxa and alignment sequence do not match (see above)
