IQ-TREE multicore version 2.2.0-beta COVID-edition for Linux 64-bit built Dec 21 2021 built Dec 21 2021
Developed by Bui Quang Minh, James Barbetti, Nguyen Lam Tung,
Olga Chernomor, Heiko Schmidt, Dominik Schrempf, Michael Woodhams, Ly Trong Nhan.

Host:    awarnach14 (SSE3, 3 GB RAM)
Command: iqtree -s codon_alignments_v4_Jan24/CASQ2_codon_aligned.phy -m GTR+G4 -pre CASQ2_GTR -nt 4
Seed:    753183 (Using SPRNG - Scalable Parallel Random Number Generator)
Time:    Mon Jan 29 17:27:31 2024
Kernel:  SSE2 - 4 threads (4 CPU cores detected)

Reading alignment file codon_alignments_v4_Jan24/CASQ2_codon_aligned.phy ... Phylip format detected
Alignment most likely contains DNA/RNA sequences
Constructing alignment: done in 0.00535508 secs using 61.96% CPU
Alignment has 86 sequences with 1230 columns, 297 distinct patterns
96 parsimony-informative, 80 singleton sites, 1054 constant sites
                    Gap/Ambiguity  Composition  p-value
Analyzing sequences: done in 0.000100296 secs
   1  Bacu_CASQ2            0.24%    passed     89.74%
   2  Barn_CASQ2           43.41%    passed     92.51%
   3  Bbai76728_CASQ2      17.07%    passed     97.97%
   4  BbonAUS_CASQ2        11.71%    passed     96.95%
   5  Bbor_CASQ2            7.56%    passed     96.92%
   6  Bede66737_CASQ2       7.80%    passed     90.54%
   7  BedeAUS_CASQ2        11.71%    passed     94.84%
   8  Bmus_CASQ2            0.00%    passed     95.09%
   9  Bmys_CASQ2           43.90%    passed     77.96%
  10  Bphy_CASQ2           29.27%    passed     42.31%
  11  Ccom40_CASQ2         41.22%    passed     21.68%
  12  Chea7320_CASQ2       18.54%    passed     95.58%
  13  Cmar59905_CASQ2      22.20%    passed     99.52%
  14  Dcap108471_CASQ2      7.80%    passed     99.69%
  15  Dcap79929_CASQ2      11.95%    passed     98.74%
  16  DdelSJR_CASQ2         7.80%    passed     99.69%
  17  Ddeltrop4525_CASQ2   18.54%    passed     96.43%
  18  Dleu_CASQ2            1.22%    passed     98.74%
  19  EausAUS_CASQ2         8.05%    passed     95.63%
  20  Egla13086_CASQ2      25.12%    passed     52.21%
  21  Ejap43864_CASQ2      11.95%    passed     94.11%
  22  Erob133443_CASQ2     23.17%    passed     99.89%
  23  Fatt_CASQ2            8.29%    passed     98.67%
  24  Ggri_CASQ2            7.80%    passed     99.40%
  25  Gmac39091_CASQ2      22.20%    passed     98.20%
  26  Gmel_CASQ2            0.73%    passed     99.73%
  27  Hamp_CASQ2           10.98%    passed     95.75%
  28  Igeo_CASQ2           29.27%    passed     93.97%
  29  Kbre_CASQ2            8.29%    passed     97.75%
  30  Ksim_CASQ2           11.46%    passed     97.32%
  31  Lacu_CASQ2           11.71%    passed     99.81%
  32  Lalb_CASQ2            8.29%    passed     99.06%
  33  Laus_CASQ2            7.80%    passed     99.65%
  34  Lbor_CASQ2           29.02%    passed     81.51%
  35  Lhos30470_CASQ2      22.20%    passed     95.77%
  36  Lhos452_CASQ2        11.71%    passed     99.67%
  37  Lobl_CASQ2            0.73%    passed     99.88%
  38  Lobs_CASQ2           11.71%    passed     98.42%
  39  LperAUS_CASQ2         7.80%    passed     99.40%
  40  Lvex_CASQ1            0.00%    passed     99.26%
  41  Mbid_CASQ2           33.66%    passed     93.09%
  42  Mbow_CASQ2           10.98%    passed     96.46%
  43  Mcar_CASQ2            7.07%    passed     95.70%
  44  Mden_CASQ2           34.15%    passed     81.98%
  45  Meur_CASQ2            7.07%    passed     96.99%
  46  Mgin_CASQ2            7.07%    passed     96.99%
  47  MgraAUS_CASQ2        52.93%    passed     69.24%
  48  Mhec_CASQ2           21.46%    passed     95.24%
  49  MlayAUS_CASQ2         8.78%    passed     96.39%
  50  Mmir_CASQ2           35.61%    passed     78.74%
  51  Mmon_CASQ2            1.22%    passed     98.74%
  52  Mper_CASQ2           15.37%    passed     86.36%
  53  Mpni_CASQ2           25.37%    passed     83.95%
  54  Mste_CASQ2           17.80%    passed     97.99%
  55  Naasi_CASQ1           0.49%    passed     99.78%
  56  Npho_CASQ2           11.46%    passed     87.59%
  57  Obre_CASQ2            7.80%    passed     98.47%
  58  Ohei_CASQ2            7.80%    passed     99.69%
  59  Oorc_CASQ2            0.73%    passed     98.92%
  60  Pbla7349_CASQ2       20.98%    passed     57.76%
  61  Pcat_CASQ1            0.24%    passed     96.72%
  62  Pcra123188_CASQ2     12.93%    passed     99.86%
  63  Pdal_CASQ2           67.80%    passed     25.78%
  64  Pdio_CASQ2           29.76%    passed     77.76%
  65  Pele_CASQ2            7.80%    passed     99.40%
  66  Pmac_CASQ2            7.80%    passed     97.99%
  67  Ppho_CASQ2           11.22%    passed     99.87%
  68  Psin_CASQ1            0.24%    passed     99.60%
  69  Pspi_CASQ2           39.02%    passed     84.17%
  70  Satt18473_CASQ2      22.20%    passed     96.51%
  71  Satt38219_CASQ2      37.32%    passed     85.81%
  72  Sbre116871_CASQ2      7.80%    passed     99.86%
  73  Sbre18437_CASQ2      18.54%    passed     97.40%
  74  Schi_CASQ2           14.15%    passed     99.65%
  75  Scly1724_CASQ2       55.37%    passed     62.59%
  76  Scly1726_CASQ2        7.80%    passed     99.46%
  77  Scoe_CASQ2           11.71%    passed     99.80%
  78  Sflu9837_CASQ2        7.80%    passed     99.55%
  79  Sfro7782_CASQ2       30.24%    passed     79.87%
  80  Sfro7784_CASQ2       11.95%    passed     98.84%
  81  Slon16012_CASQ2      18.54%    passed     96.44%
  82  Slon24923_CASQ2       7.80%    passed     99.55%
  83  Tadu79924_CASQ2       9.51%    passed     98.50%
  84  Tshe_CASQ2           10.98%    passed     94.24%
  85  Ttru_CASQ2            0.73%    passed     99.98%
  86  Zcav_CASQ2           21.71%    passed     98.34%
WARNING: 3 sequences contain more than 50% gaps/ambiguity
****  TOTAL                16.04%  0 sequences failed composition chi2 test (p-value<5%; df=3)
NOTE: DdelSJR_CASQ2 is identical to Dcap108471_CASQ2 but kept for subsequent analysis
NOTE: Mmon_CASQ2 is identical to Dleu_CASQ2 but kept for subsequent analysis
NOTE: Slon24923_CASQ2 is identical to Sflu9837_CASQ2 but kept for subsequent analysis
Checking for duplicate sequences: done in 0.00062692 secs using 99.53% CPU

Create initial parsimony tree by phylogenetic likelihood library (PLL)... 0.002 seconds

NOTE: 3 MB RAM (0 GB) is required!
WARNING: Number of threads seems too high for short alignments. Use -T AUTO to determine best number of threads.
Estimate model parameters (epsilon = 0.100)
1. Initial log-likelihood: -6455.475
2. Current log-likelihood: -5538.117
3. Current log-likelihood: -5428.197
4. Current log-likelihood: -5400.756
5. Current log-likelihood: -5394.065
6. Current log-likelihood: -5393.843
Optimal log-likelihood: -5393.832
Rate parameters:  A-C: 2.00166  A-G: 4.79520  A-T: 0.10566  C-G: 0.27842  C-T: 8.63944  G-T: 1.00000
Base frequencies:  A: 0.279  C: 0.202  G: 0.278  T: 0.241
Gamma shape alpha: 0.123
Parameters optimization took 6 rounds (1.104 sec)
Wrote distance file to... 
Computing ML distances based on estimated model parameters...
Calculating distance matrix: done in 0.0466418 secs using 402.5% CPU
Computing ML distances took 0.047438 sec (of wall-clock time) 0.188514 sec (of CPU time)
Setting up auxiliary I and S matrices: done in 0.000833936 secs using 164.9% CPU
Constructing RapidNJ tree: done in 0.0644252 secs using 46.33% CPU
Computing RapidNJ tree took 0.065448 sec (of wall-clock time) 0.031335 sec (of CPU time)
Log-likelihood of RapidNJ tree: -3517.335
--------------------------------------------------------------------
|             INITIALIZING CANDIDATE TREE SET                      |
--------------------------------------------------------------------
Generating 98 parsimony trees... 0.396 second
Computing log-likelihood of 98 initial trees ... 2.332 seconds
Current best score: -3517.335

Do NNI search on 20 best initial trees
Optimizing NNI: done in 0.476009 secs using 395.5% CPU
Estimate model parameters (epsilon = 0.100)
BETTER TREE FOUND at iteration 1: -3469.284
Optimizing NNI: done in 3.48287 secs using 398% CPU
Optimizing NNI: done in 2.99146 secs using 397.6% CPU
Optimizing NNI: done in 3.65729 secs using 398% CPU
Optimizing NNI: done in 3.65408 secs using 398.6% CPU
Optimizing NNI: done in 3.19198 secs using 397.7% CPU
Optimizing NNI: done in 2.98567 secs using 398.4% CPU
Optimizing NNI: done in 3.1164 secs using 398.5% CPU
Optimizing NNI: done in 3.07939 secs using 398.1% CPU
Optimizing NNI: done in 2.96924 secs using 397.8% CPU
Iteration 10 / LogL: -3588.588 / Time: 0h:0m:34s
Optimizing NNI: done in 3.35602 secs using 398.1% CPU
Optimizing NNI: done in 2.58913 secs using 398.1% CPU
Optimizing NNI: done in 3.1546 secs using 398.7% CPU
Optimizing NNI: done in 3.54147 secs using 397.5% CPU
Optimizing NNI: done in 3.42715 secs using 397.7% CPU
Optimizing NNI: done in 3.09331 secs using 398.9% CPU
Optimizing NNI: done in 3.71887 secs using 398.2% CPU
Optimizing NNI: done in 2.86459 secs using 397.6% CPU
Optimizing NNI: done in 3.41958 secs using 397.8% CPU
Optimizing NNI: done in 3.33414 secs using 397.5% CPU
Iteration 20 / LogL: -3517.791 / Time: 0h:1m:6s
Finish initializing candidate tree set (20)
Current best tree score: -3469.284 / CPU time: 65.194
Number of iterations: 20
--------------------------------------------------------------------
|               OPTIMIZING CANDIDATE TREE SET                      |
--------------------------------------------------------------------
Optimizing NNI: done in 0.440923 secs using 398.3% CPU
Optimizing NNI: done in 0.361155 secs using 398.5% CPU
Estimate model parameters (epsilon = 0.100)
BETTER TREE FOUND at iteration 22: -3465.258
Optimizing NNI: done in 0.610097 secs using 399% CPU
Optimizing NNI: done in 0.563878 secs using 396.8% CPU
Optimizing NNI: done in 0.679401 secs using 398.1% CPU
Optimizing NNI: done in 0.462718 secs using 397.3% CPU
Optimizing NNI: done in 0.422177 secs using 397.9% CPU
Optimizing NNI: done in 0.310512 secs using 398.7% CPU
Optimizing NNI: done in 0.493754 secs using 397.2% CPU
Optimizing NNI: done in 0.673921 secs using 399.4% CPU
Iteration 30 / LogL: -3469.347 / Time: 0h:1m:11s (0h:3m:47s left)
Optimizing NNI: done in 0.396477 secs using 396.6% CPU
Optimizing NNI: done in 0.469014 secs using 398% CPU
Optimizing NNI: done in 0.517 secs using 393.5% CPU
Optimizing NNI: done in 0.489239 secs using 400.5% CPU
Estimate model parameters (epsilon = 0.100)
BETTER TREE FOUND at iteration 34: -3462.339
Optimizing NNI: done in 0.471171 secs using 399.2% CPU
Estimate model parameters (epsilon = 0.100)
BETTER TREE FOUND at iteration 35: -3458.764
Optimizing NNI: done in 0.488348 secs using 398.8% CPU
Optimizing NNI: done in 0.459211 secs using 396.2% CPU
Optimizing NNI: done in 0.501795 secs using 396.4% CPU
Optimizing NNI: done in 0.504497 secs using 400.7% CPU
Optimizing NNI: done in 0.44317 secs using 396.9% CPU
Iteration 40 / LogL: -3462.377 / Time: 0h:1m:16s (0h:3m:7s left)
Optimizing NNI: done in 0.396272 secs using 397% CPU
Optimizing NNI: done in 0.39744 secs using 397.7% CPU
Optimizing NNI: done in 0.458735 secs using 396.4% CPU
Optimizing NNI: done in 0.446852 secs using 396.4% CPU
Optimizing NNI: done in 0.498824 secs using 398.7% CPU
Optimizing NNI: done in 0.55354 secs using 398.1% CPU
Optimizing NNI: done in 0.508341 secs using 397.6% CPU
Optimizing NNI: done in 0.376847 secs using 398.8% CPU
Optimizing NNI: done in 0.20251 secs using 394.2% CPU
Optimizing NNI: done in 0.418901 secs using 397.7% CPU
Iteration 50 / LogL: -3458.941 / Time: 0h:1m:21s (0h:2m:20s left)
Optimizing NNI: done in 0.494507 secs using 396.5% CPU
Optimizing NNI: done in 0.340184 secs using 398.6% CPU
Optimizing NNI: done in 0.407727 secs using 397.7% CPU
Optimizing NNI: done in 0.382665 secs using 399% CPU
Optimizing NNI: done in 0.455844 secs using 399.7% CPU
Optimizing NNI: done in 0.518202 secs using 398.7% CPU
Optimizing NNI: done in 0.502262 secs using 396.7% CPU
Optimizing NNI: done in 0.425215 secs using 398.1% CPU
Optimizing NNI: done in 0.647552 secs using 395.9% CPU
Optimizing NNI: done in 0.366428 secs using 400.5% CPU
Iteration 60 / LogL: -3472.142 / Time: 0h:1m:25s (0h:1m:49s left)
Optimizing NNI: done in 0.489346 secs using 395.5% CPU
Optimizing NNI: done in 0.417303 secs using 397.8% CPU
Optimizing NNI: done in 0.419306 secs using 398.6% CPU
Optimizing NNI: done in 0.470344 secs using 398.6% CPU
Optimizing NNI: done in 0.379095 secs using 398.5% CPU
Optimizing NNI: done in 0.473044 secs using 396.3% CPU
Optimizing NNI: done in 0.407851 secs using 398% CPU
Optimizing NNI: done in 0.428675 secs using 398.1% CPU
Optimizing NNI: done in 0.430092 secs using 398.5% CPU
Optimizing NNI: done in 0.509073 secs using 399.3% CPU
Iteration 70 / LogL: -3458.941 / Time: 0h:1m:30s (0h:1m:25s left)
Optimizing NNI: done in 0.427529 secs using 395.4% CPU
Optimizing NNI: done in 0.507926 secs using 398.3% CPU
Optimizing NNI: done in 0.478928 secs using 398.1% CPU
Optimizing NNI: done in 0.328711 secs using 394.4% CPU
Optimizing NNI: done in 0.618161 secs using 395.8% CPU
Optimizing NNI: done in 0.425419 secs using 397.4% CPU
Optimizing NNI: done in 0.46453 secs using 398.4% CPU
Optimizing NNI: done in 0.463322 secs using 396.9% CPU
Optimizing NNI: done in 0.461599 secs using 399.3% CPU
Optimizing NNI: done in 0.633245 secs using 398.1% CPU
Iteration 80 / LogL: -3458.768 / Time: 0h:1m:35s (0h:1m:6s left)
Optimizing NNI: done in 0.402878 secs using 400% CPU
BETTER TREE FOUND at iteration 81: -3458.763
Optimizing NNI: done in 0.360765 secs using 397.9% CPU
Optimizing NNI: done in 0.514549 secs using 397.8% CPU
Optimizing NNI: done in 0.58181 secs using 396.9% CPU
Optimizing NNI: done in 0.443879 secs using 397.2% CPU
BETTER TREE FOUND at iteration 85: -3458.763
Optimizing NNI: done in 0.49022 secs using 398.6% CPU
Optimizing NNI: done in 0.442477 secs using 398.2% CPU
Optimizing NNI: done in 0.543586 secs using 399.4% CPU
Optimizing NNI: done in 0.418722 secs using 396.5% CPU
Optimizing NNI: done in 0.506858 secs using 400.6% CPU
Iteration 90 / LogL: -3459.537 / Time: 0h:1m:40s (0h:1m:46s left)
Optimizing NNI: done in 0.430134 secs using 395.2% CPU
Optimizing NNI: done in 0.395988 secs using 399.9% CPU
Optimizing NNI: done in 0.462321 secs using 395.4% CPU
Optimizing NNI: done in 0.355999 secs using 397.5% CPU
Optimizing NNI: done in 0.534207 secs using 400% CPU
Optimizing NNI: done in 0.461099 secs using 399.2% CPU
Optimizing NNI: done in 0.42597 secs using 394.6% CPU
Optimizing NNI: done in 0.583808 secs using 399.7% CPU
Optimizing NNI: done in 0.493769 secs using 398% CPU
Optimizing NNI: done in 0.550757 secs using 397.2% CPU
Iteration 100 / LogL: -3463.521 / Time: 0h:1m:44s (0h:1m:29s left)
Optimizing NNI: done in 0.490578 secs using 399.1% CPU
Optimizing NNI: done in 0.411251 secs using 399.5% CPU
Optimizing NNI: done in 0.429567 secs using 399.1% CPU
Optimizing NNI: done in 0.449602 secs using 399% CPU
Optimizing NNI: done in 0.457286 secs using 395.5% CPU
Optimizing NNI: done in 0.406674 secs using 399.5% CPU
Optimizing NNI: done in 0.454056 secs using 397.7% CPU
Optimizing NNI: done in 0.570475 secs using 399.6% CPU
Optimizing NNI: done in 0.598309 secs using 399.3% CPU
Optimizing NNI: done in 0.456378 secs using 399.2% CPU
Iteration 110 / LogL: -3466.510 / Time: 0h:1m:49s (0h:1m:15s left)
Optimizing NNI: done in 0.384865 secs using 399.3% CPU
Optimizing NNI: done in 0.524876 secs using 396.5% CPU
Optimizing NNI: done in 0.469251 secs using 399.4% CPU
Optimizing NNI: done in 0.501096 secs using 398.4% CPU
Optimizing NNI: done in 0.326061 secs using 396.8% CPU
Optimizing NNI: done in 0.464343 secs using 398.2% CPU
BETTER TREE FOUND at iteration 116: -3458.762
Optimizing NNI: done in 0.411804 secs using 396.1% CPU
Optimizing NNI: done in 0.421617 secs using 398.6% CPU
Optimizing NNI: done in 0.604747 secs using 396.6% CPU
Optimizing NNI: done in 0.459808 secs using 397.8% CPU
Iteration 120 / LogL: -3467.208 / Time: 0h:1m:54s (0h:1m:32s left)
Optimizing NNI: done in 0.497152 secs using 397.2% CPU
Optimizing NNI: done in 0.466624 secs using 399% CPU
Optimizing NNI: done in 0.590867 secs using 397.4% CPU
Optimizing NNI: done in 0.483755 secs using 399.9% CPU
Optimizing NNI: done in 0.55487 secs using 399% CPU
Optimizing NNI: done in 0.610913 secs using 396.7% CPU
Optimizing NNI: done in 0.308476 secs using 394.3% CPU
Optimizing NNI: done in 0.436951 secs using 399.1% CPU
Optimizing NNI: done in 0.511482 secs using 397.5% CPU
Optimizing NNI: done in 0.616018 secs using 398.3% CPU
Iteration 130 / LogL: -3458.763 / Time: 0h:1m:59s (0h:1m:19s left)
Optimizing NNI: done in 0.545661 secs using 397.5% CPU
Optimizing NNI: done in 0.319398 secs using 399.2% CPU
Optimizing NNI: done in 0.498772 secs using 396.2% CPU
Optimizing NNI: done in 0.397756 secs using 398% CPU
Optimizing NNI: done in 0.489613 secs using 399.1% CPU
Optimizing NNI: done in 0.510937 secs using 397.4% CPU
Optimizing NNI: done in 0.447127 secs using 398.7% CPU
BETTER TREE FOUND at iteration 137: -3458.762
Optimizing NNI: done in 0.450266 secs using 395.7% CPU
Optimizing NNI: done in 0.614955 secs using 398.7% CPU
Optimizing NNI: done in 0.402037 secs using 397.4% CPU
Iteration 140 / LogL: -3458.766 / Time: 0h:2m:4s (0h:1m:26s left)
Optimizing NNI: done in 0.576946 secs using 399.1% CPU
Optimizing NNI: done in 0.746534 secs using 396.6% CPU
Optimizing NNI: done in 0.477803 secs using 396.1% CPU
Optimizing NNI: done in 0.583763 secs using 395.2% CPU
Optimizing NNI: done in 0.702148 secs using 397.6% CPU
Optimizing NNI: done in 0.46142 secs using 397.7% CPU
Optimizing NNI: done in 0.381439 secs using 397.7% CPU
Optimizing NNI: done in 0.406751 secs using 399.5% CPU
Optimizing NNI: done in 0.414226 secs using 395.4% CPU
Optimizing NNI: done in 0.442844 secs using 398.7% CPU
Iteration 150 / LogL: -3459.066 / Time: 0h:2m:9s (0h:1m:15s left)
Optimizing NNI: done in 0.391109 secs using 395.5% CPU
Optimizing NNI: done in 0.454679 secs using 397% CPU
Optimizing NNI: done in 0.521043 secs using 398.2% CPU
Optimizing NNI: done in 0.406899 secs using 399.6% CPU
Optimizing NNI: done in 0.528853 secs using 396.8% CPU
Optimizing NNI: done in 0.37394 secs using 400.5% CPU
Optimizing NNI: done in 0.440787 secs using 397.1% CPU
Optimizing NNI: done in 0.449839 secs using 396.8% CPU
Optimizing NNI: done in 0.538452 secs using 395.6% CPU
Optimizing NNI: done in 0.677481 secs using 398.1% CPU
Iteration 160 / LogL: -3462.222 / Time: 0h:2m:14s (0h:1m:5s left)
Optimizing NNI: done in 0.451831 secs using 397.9% CPU
Optimizing NNI: done in 0.473103 secs using 397.5% CPU
Optimizing NNI: done in 0.57337 secs using 397.3% CPU
Optimizing NNI: done in 0.478123 secs using 400.2% CPU
Optimizing NNI: done in 0.502584 secs using 398% CPU
Optimizing NNI: done in 0.44432 secs using 397.8% CPU
Optimizing NNI: done in 0.54717 secs using 398.6% CPU
Optimizing NNI: done in 0.465649 secs using 399% CPU
Optimizing NNI: done in 0.563998 secs using 398.5% CPU
Optimizing NNI: done in 0.518479 secs using 396.5% CPU
BETTER TREE FOUND at iteration 170: -3458.761
Iteration 170 / LogL: -3458.761 / Time: 0h:2m:19s (0h:1m:22s left)
Optimizing NNI: done in 0.584835 secs using 397.4% CPU
Optimizing NNI: done in 0.542496 secs using 396.7% CPU
Optimizing NNI: done in 0.466777 secs using 398.8% CPU
Optimizing NNI: done in 0.50771 secs using 398.2% CPU
Optimizing NNI: done in 0.38571 secs using 398.6% CPU
Optimizing NNI: done in 0.481448 secs using 395.6% CPU
Optimizing NNI: done in 0.421001 secs using 397.1% CPU
Optimizing NNI: done in 0.400888 secs using 399.2% CPU
Optimizing NNI: done in 0.650358 secs using 399.1% CPU
Optimizing NNI: done in 0.3719 secs using 399.9% CPU
Iteration 180 / LogL: -3460.319 / Time: 0h:2m:24s (0h:1m:12s left)
Optimizing NNI: done in 0.462085 secs using 396.2% CPU
Optimizing NNI: done in 0.498582 secs using 398.1% CPU
Optimizing NNI: done in 0.445938 secs using 394.6% CPU
Optimizing NNI: done in 0.36117 secs using 396.7% CPU
Optimizing NNI: done in 0.427887 secs using 393.9% CPU
Optimizing NNI: done in 0.464208 secs using 398% CPU
Optimizing NNI: done in 0.463245 secs using 398% CPU
Optimizing NNI: done in 0.474024 secs using 400.3% CPU
Optimizing NNI: done in 0.507357 secs using 396.8% CPU
Optimizing NNI: done in 0.465424 secs using 399.1% CPU
Iteration 190 / LogL: -3466.507 / Time: 0h:2m:28s (0h:1m:3s left)
Optimizing NNI: done in 0.51902 secs using 397.4% CPU
Optimizing NNI: done in 0.378245 secs using 400.3% CPU
Optimizing NNI: done in 0.584082 secs using 396.9% CPU
Optimizing NNI: done in 0.462792 secs using 398% CPU
Optimizing NNI: done in 0.453243 secs using 398% CPU
Optimizing NNI: done in 0.562749 secs using 398.4% CPU
Optimizing NNI: done in 0.46675 secs using 394.9% CPU
Optimizing NNI: done in 0.452671 secs using 399.3% CPU
Optimizing NNI: done in 0.379837 secs using 398% CPU
Optimizing NNI: done in 0.386881 secs using 399.2% CPU
Iteration 200 / LogL: -3468.560 / Time: 0h:2m:33s (0h:0m:54s left)
Optimizing NNI: done in 0.496916 secs using 397.4% CPU
Optimizing NNI: done in 0.509981 secs using 396.2% CPU
Optimizing NNI: done in 0.386475 secs using 397.8% CPU
Optimizing NNI: done in 0.412822 secs using 398.5% CPU
Optimizing NNI: done in 0.490352 secs using 396.9% CPU
Optimizing NNI: done in 0.474133 secs using 397.1% CPU
Optimizing NNI: done in 0.485186 secs using 399.5% CPU
Optimizing NNI: done in 0.45807 secs using 397% CPU
Optimizing NNI: done in 0.36834 secs using 399.7% CPU
Optimizing NNI: done in 0.507951 secs using 399.2% CPU
Iteration 210 / LogL: -3460.319 / Time: 0h:2m:38s (0h:0m:45s left)
Optimizing NNI: done in 0.500479 secs using 397.1% CPU
Optimizing NNI: done in 0.482918 secs using 395.5% CPU
Optimizing NNI: done in 0.560227 secs using 397.3% CPU
Optimizing NNI: done in 0.532405 secs using 395.2% CPU
Optimizing NNI: done in 0.415431 secs using 396.9% CPU
Optimizing NNI: done in 0.491236 secs using 398.3% CPU
BETTER TREE FOUND at iteration 216: -3458.761
Optimizing NNI: done in 0.485485 secs using 395.4% CPU
Optimizing NNI: done in 0.474842 secs using 397.9% CPU
Optimizing NNI: done in 0.31537 secs using 398.7% CPU
Optimizing NNI: done in 0.479996 secs using 399.1% CPU
Iteration 220 / LogL: -3458.762 / Time: 0h:2m:43s (0h:1m:11s left)
Optimizing NNI: done in 0.508365 secs using 396.9% CPU
Optimizing NNI: done in 0.439776 secs using 399.5% CPU
Optimizing NNI: done in 0.367385 secs using 399.4% CPU
Optimizing NNI: done in 0.487311 secs using 399.4% CPU
Optimizing NNI: done in 0.50562 secs using 397.2% CPU
Optimizing NNI: done in 0.417079 secs using 397.2% CPU
Optimizing NNI: done in 0.458778 secs using 398.9% CPU
Optimizing NNI: done in 0.473389 secs using 396.2% CPU
Optimizing NNI: done in 0.574143 secs using 396.9% CPU
Optimizing NNI: done in 0.552331 secs using 396.6% CPU
Iteration 230 / LogL: -3458.867 / Time: 0h:2m:47s (0h:1m:3s left)
Optimizing NNI: done in 0.448536 secs using 396.4% CPU
BETTER TREE FOUND at iteration 231: -3458.759
Optimizing NNI: done in 0.573615 secs using 397% CPU
Optimizing NNI: done in 0.618959 secs using 399.1% CPU
Optimizing NNI: done in 0.495074 secs using 395.6% CPU
Optimizing NNI: done in 0.540381 secs using 398.3% CPU
Optimizing NNI: done in 0.411839 secs using 398% CPU
Optimizing NNI: done in 0.448134 secs using 399.4% CPU
Optimizing NNI: done in 0.441679 secs using 392.5% CPU
Optimizing NNI: done in 0.395678 secs using 398.6% CPU
Optimizing NNI: done in 0.398226 secs using 396.3% CPU
Iteration 240 / LogL: -3458.762 / Time: 0h:2m:52s (0h:1m:5s left)
Optimizing NNI: done in 0.375108 secs using 398.2% CPU
Optimizing NNI: done in 0.491353 secs using 398.7% CPU
Optimizing NNI: done in 0.524065 secs using 399.9% CPU
Optimizing NNI: done in 0.482394 secs using 397% CPU
Optimizing NNI: done in 0.555783 secs using 397.8% CPU
Optimizing NNI: done in 0.525516 secs using 398.6% CPU
Optimizing NNI: done in 0.391716 secs using 398.1% CPU
Optimizing NNI: done in 0.521435 secs using 396.5% CPU
Optimizing NNI: done in 0.515092 secs using 396.5% CPU
Optimizing NNI: done in 0.39942 secs using 397.7% CPU
Iteration 250 / LogL: -3458.761 / Time: 0h:2m:57s (0h:0m:57s left)
Optimizing NNI: done in 0.517365 secs using 396.8% CPU
Optimizing NNI: done in 0.604613 secs using 398% CPU
BETTER TREE FOUND at iteration 252: -3458.759
Optimizing NNI: done in 0.53746 secs using 398% CPU
Optimizing NNI: done in 0.474134 secs using 388.6% CPU
Optimizing NNI: done in 0.459814 secs using 398.8% CPU
Optimizing NNI: done in 0.436799 secs using 393.7% CPU
Optimizing NNI: done in 0.526344 secs using 398.1% CPU
Optimizing NNI: done in 0.580714 secs using 396% CPU
Optimizing NNI: done in 0.287829 secs using 397.3% CPU
Optimizing NNI: done in 0.588363 secs using 396.4% CPU
Iteration 260 / LogL: -3458.764 / Time: 0h:3m:2s (0h:1m:4s left)
Optimizing NNI: done in 0.749811 secs using 398.9% CPU
Optimizing NNI: done in 0.593289 secs using 397.2% CPU
Optimizing NNI: done in 0.591963 secs using 396.7% CPU
Optimizing NNI: done in 0.61185 secs using 399.3% CPU
Optimizing NNI: done in 0.486473 secs using 395.5% CPU
Optimizing NNI: done in 0.549608 secs using 396.9% CPU
Optimizing NNI: done in 0.531011 secs using 397.5% CPU
Optimizing NNI: done in 0.605131 secs using 397.8% CPU
Optimizing NNI: done in 0.496197 secs using 396.1% CPU
Optimizing NNI: done in 0.433896 secs using 397.4% CPU
Iteration 270 / LogL: -3458.761 / Time: 0h:3m:8s (0h:0m:57s left)
Optimizing NNI: done in 0.504841 secs using 398.6% CPU
Optimizing NNI: done in 0.507669 secs using 395.9% CPU
Optimizing NNI: done in 0.472035 secs using 397.4% CPU
Optimizing NNI: done in 0.433355 secs using 398.7% CPU
Optimizing NNI: done in 0.435697 secs using 399.2% CPU
Optimizing NNI: done in 0.403174 secs using 397.4% CPU
Optimizing NNI: done in 0.419655 secs using 395.3% CPU
Optimizing NNI: done in 0.466274 secs using 399.3% CPU
Optimizing NNI: done in 0.495591 secs using 396.6% CPU
Optimizing NNI: done in 0.497563 secs using 398.5% CPU
Iteration 280 / LogL: -3465.271 / Time: 0h:3m:13s (0h:0m:49s left)
Optimizing NNI: done in 0.563346 secs using 394.7% CPU
Optimizing NNI: done in 0.539034 secs using 399.6% CPU
Optimizing NNI: done in 0.512773 secs using 396.3% CPU
Optimizing NNI: done in 0.467573 secs using 399.2% CPU
Optimizing NNI: done in 0.55363 secs using 394.1% CPU
Optimizing NNI: done in 0.636605 secs using 396.5% CPU
Optimizing NNI: done in 0.448436 secs using 399.3% CPU
Optimizing NNI: done in 0.498514 secs using 400% CPU
Optimizing NNI: done in 0.448565 secs using 398.7% CPU
Optimizing NNI: done in 0.57273 secs using 397.8% CPU
Iteration 290 / LogL: -3460.317 / Time: 0h:3m:18s (0h:0m:42s left)
Optimizing NNI: done in 0.581398 secs using 397.8% CPU
Optimizing NNI: done in 0.52075 secs using 397.5% CPU
BETTER TREE FOUND at iteration 292: -3458.758
Optimizing NNI: done in 0.427291 secs using 397.6% CPU
BETTER TREE FOUND at iteration 293: -3458.758
Optimizing NNI: done in 0.55483 secs using 398.1% CPU
Optimizing NNI: done in 0.453227 secs using 397.2% CPU
Optimizing NNI: done in 0.697757 secs using 394.3% CPU
Optimizing NNI: done in 0.376973 secs using 397.9% CPU
Optimizing NNI: done in 0.534228 secs using 398.3% CPU
Optimizing NNI: done in 0.431998 secs using 399% CPU
Optimizing NNI: done in 0.436213 secs using 398.8% CPU
Iteration 300 / LogL: -3463.713 / Time: 0h:3m:23s (0h:1m:3s left)
Optimizing NNI: done in 0.484854 secs using 399.4% CPU
Optimizing NNI: done in 0.669276 secs using 397.1% CPU
Optimizing NNI: done in 0.519787 secs using 396.6% CPU
Optimizing NNI: done in 0.474359 secs using 393.7% CPU
Optimizing NNI: done in 0.476037 secs using 395.7% CPU
Optimizing NNI: done in 0.587211 secs using 399.4% CPU
Optimizing NNI: done in 0.571078 secs using 395.7% CPU
Optimizing NNI: done in 0.547921 secs using 397.9% CPU
Optimizing NNI: done in 0.404848 secs using 394.2% CPU
Optimizing NNI: done in 0.458246 secs using 398.2% CPU
Iteration 310 / LogL: -3459.535 / Time: 0h:3m:28s (0h:0m:56s left)
Optimizing NNI: done in 0.451004 secs using 397.9% CPU
Optimizing NNI: done in 0.486065 secs using 396.5% CPU
Optimizing NNI: done in 0.502247 secs using 396.2% CPU
Optimizing NNI: done in 0.56159 secs using 395.2% CPU
Optimizing NNI: done in 0.556336 secs using 399% CPU
Optimizing NNI: done in 0.511209 secs using 398.3% CPU
Optimizing NNI: done in 0.417405 secs using 393.5% CPU
Optimizing NNI: done in 0.395011 secs using 396% CPU
Optimizing NNI: done in 0.340146 secs using 395.1% CPU
Optimizing NNI: done in 0.430501 secs using 394.8% CPU
Iteration 320 / LogL: -3464.210 / Time: 0h:3m:33s (0h:0m:48s left)
Optimizing NNI: done in 0.478415 secs using 397.4% CPU
Optimizing NNI: done in 0.475449 secs using 392.3% CPU
Optimizing NNI: done in 0.404945 secs using 399.1% CPU
Optimizing NNI: done in 0.484347 secs using 395.3% CPU
Optimizing NNI: done in 0.417146 secs using 393.9% CPU
BETTER TREE FOUND at iteration 325: -3458.757
Optimizing NNI: done in 0.674334 secs using 397.9% CPU
Optimizing NNI: done in 0.494172 secs using 397% CPU
Optimizing NNI: done in 0.452263 secs using 398.4% CPU
Optimizing NNI: done in 0.484945 secs using 396% CPU
Optimizing NNI: done in 0.525216 secs using 395.8% CPU
Iteration 330 / LogL: -3463.706 / Time: 0h:3m:38s (0h:1m:3s left)
Optimizing NNI: done in 0.459964 secs using 398.9% CPU
Optimizing NNI: done in 0.474262 secs using 398.9% CPU
Optimizing NNI: done in 0.576334 secs using 397.2% CPU
Optimizing NNI: done in 0.465579 secs using 400.3% CPU
Optimizing NNI: done in 0.376436 secs using 397.5% CPU
Optimizing NNI: done in 0.320714 secs using 397.8% CPU
Optimizing NNI: done in 0.384731 secs using 394.7% CPU
Optimizing NNI: done in 0.487966 secs using 399% CPU
Optimizing NNI: done in 0.433874 secs using 399.3% CPU
Optimizing NNI: done in 0.413311 secs using 398% CPU
Iteration 340 / LogL: -3458.762 / Time: 0h:3m:43s (0h:0m:55s left)
Optimizing NNI: done in 0.503674 secs using 391.7% CPU
Optimizing NNI: done in 0.436752 secs using 397.5% CPU
Optimizing NNI: done in 0.408858 secs using 397.3% CPU
Optimizing NNI: done in 0.469622 secs using 395.5% CPU
Optimizing NNI: done in 0.522608 secs using 396% CPU
Optimizing NNI: done in 0.541902 secs using 398.8% CPU
Optimizing NNI: done in 0.391863 secs using 395.9% CPU
Optimizing NNI: done in 0.561484 secs using 396.5% CPU
Optimizing NNI: done in 0.392385 secs using 398.5% CPU
BETTER TREE FOUND at iteration 349: -3458.757
Optimizing NNI: done in 0.479622 secs using 395.6% CPU
Iteration 350 / LogL: -3458.761 / Time: 0h:3m:47s (0h:1m:4s left)
Optimizing NNI: done in 0.553101 secs using 397.8% CPU
Optimizing NNI: done in 0.605825 secs using 397.4% CPU
Optimizing NNI: done in 0.389847 secs using 396.4% CPU
Optimizing NNI: done in 0.609593 secs using 395% CPU
Optimizing NNI: done in 0.477787 secs using 395.9% CPU
Optimizing NNI: done in 0.499138 secs using 396.4% CPU
Optimizing NNI: done in 0.470819 secs using 397.6% CPU
Optimizing NNI: done in 0.639315 secs using 395.9% CPU
Optimizing NNI: done in 0.592614 secs using 398% CPU
Optimizing NNI: done in 0.499922 secs using 395.8% CPU
Iteration 360 / LogL: -3459.537 / Time: 0h:3m:53s (0h:0m:57s left)
Optimizing NNI: done in 0.4719 secs using 397.9% CPU
Optimizing NNI: done in 0.461316 secs using 398.1% CPU
Optimizing NNI: done in 0.406002 secs using 395.7% CPU
Optimizing NNI: done in 0.467467 secs using 396.6% CPU
Optimizing NNI: done in 0.426267 secs using 395.1% CPU
Optimizing NNI: done in 0.522567 secs using 397.3% CPU
Optimizing NNI: done in 0.46441 secs using 396.7% CPU
Optimizing NNI: done in 0.672039 secs using 399.3% CPU
Optimizing NNI: done in 0.491496 secs using 399.1% CPU
Optimizing NNI: done in 0.533161 secs using 396.2% CPU
Iteration 370 / LogL: -3476.338 / Time: 0h:3m:58s (0h:0m:51s left)
Optimizing NNI: done in 0.457464 secs using 400.1% CPU
Optimizing NNI: done in 0.3626 secs using 397% CPU
Optimizing NNI: done in 0.445087 secs using 397.8% CPU
Optimizing NNI: done in 0.547126 secs using 398.2% CPU
Optimizing NNI: done in 0.393409 secs using 396.4% CPU
BETTER TREE FOUND at iteration 375: -3458.756
Optimizing NNI: done in 0.499736 secs using 398.5% CPU
Optimizing NNI: done in 0.596193 secs using 394.1% CPU
Optimizing NNI: done in 0.648167 secs using 397.8% CPU
Optimizing NNI: done in 0.461572 secs using 398.7% CPU
BETTER TREE FOUND at iteration 379: -3458.756
Optimizing NNI: done in 0.490818 secs using 399.1% CPU
Iteration 380 / LogL: -3467.272 / Time: 0h:4m:3s (0h:1m:3s left)
Optimizing NNI: done in 0.463921 secs using 397.6% CPU
Optimizing NNI: done in 0.670735 secs using 396.2% CPU
Optimizing NNI: done in 0.559476 secs using 397.8% CPU
Optimizing NNI: done in 0.538269 secs using 395% CPU
Optimizing NNI: done in 0.456961 secs using 399.2% CPU
Optimizing NNI: done in 0.583301 secs using 399.1% CPU
Optimizing NNI: done in 0.583057 secs using 397% CPU
Optimizing NNI: done in 0.460383 secs using 399.3% CPU
Optimizing NNI: done in 0.320443 secs using 399.4% CPU
Optimizing NNI: done in 0.640927 secs using 399.7% CPU
Iteration 390 / LogL: -3467.854 / Time: 0h:4m:8s (0h:0m:56s left)
Optimizing NNI: done in 0.638695 secs using 395.6% CPU
Optimizing NNI: done in 0.548218 secs using 396.5% CPU
Optimizing NNI: done in 0.608068 secs using 397.9% CPU
Optimizing NNI: done in 0.444988 secs using 398% CPU
Optimizing NNI: done in 0.501394 secs using 396.6% CPU
Optimizing NNI: done in 0.477454 secs using 394.9% CPU
Optimizing NNI: done in 0.575033 secs using 396.4% CPU
Optimizing NNI: done in 0.45195 secs using 397.7% CPU
Optimizing NNI: done in 0.53242 secs using 395.7% CPU
Optimizing NNI: done in 0.413346 secs using 396.6% CPU
Iteration 400 / LogL: -3466.719 / Time: 0h:4m:13s (0h:0m:50s left)
Optimizing NNI: done in 0.403189 secs using 399.1% CPU
Optimizing NNI: done in 0.464225 secs using 392.5% CPU
Optimizing NNI: done in 0.540507 secs using 398.9% CPU
Optimizing NNI: done in 0.354498 secs using 395.9% CPU
Optimizing NNI: done in 0.548476 secs using 398.5% CPU
Optimizing NNI: done in 0.452135 secs using 396.9% CPU
Optimizing NNI: done in 0.479038 secs using 397.2% CPU
Optimizing NNI: done in 0.532007 secs using 397.4% CPU
Optimizing NNI: done in 0.514917 secs using 398.9% CPU
Optimizing NNI: done in 0.502882 secs using 394.4% CPU
Iteration 410 / LogL: -3458.757 / Time: 0h:4m:18s (0h:0m:43s left)
Optimizing NNI: done in 0.78338 secs using 398.9% CPU
Optimizing NNI: done in 0.497915 secs using 396.2% CPU
Optimizing NNI: done in 0.446866 secs using 398.5% CPU
Optimizing NNI: done in 0.401882 secs using 396.5% CPU
Optimizing NNI: done in 0.510593 secs using 396.7% CPU
Optimizing NNI: done in 0.517723 secs using 397.4% CPU
Optimizing NNI: done in 0.422083 secs using 397.2% CPU
Optimizing NNI: done in 0.495738 secs using 398.9% CPU
Optimizing NNI: done in 0.505087 secs using 398.5% CPU
Optimizing NNI: done in 0.470149 secs using 398.2% CPU
Iteration 420 / LogL: -3458.756 / Time: 0h:4m:23s (0h:0m:37s left)
Optimizing NNI: done in 0.361295 secs using 393.4% CPU
Optimizing NNI: done in 0.39614 secs using 399.3% CPU
Optimizing NNI: done in 0.603551 secs using 393.7% CPU
Optimizing NNI: done in 0.481247 secs using 398.4% CPU
Optimizing NNI: done in 0.622735 secs using 396% CPU
Optimizing NNI: done in 0.480572 secs using 396.7% CPU
Optimizing NNI: done in 0.518233 secs using 397.1% CPU
Optimizing NNI: done in 0.396056 secs using 397.5% CPU
Optimizing NNI: done in 0.48633 secs using 398.9% CPU
Optimizing NNI: done in 0.455047 secs using 398.4% CPU
Iteration 430 / LogL: -3458.759 / Time: 0h:4m:28s (0h:0m:30s left)
Optimizing NNI: done in 0.476344 secs using 392.2% CPU
Optimizing NNI: done in 0.432994 secs using 400.1% CPU
BETTER TREE FOUND at iteration 432: -3458.755
Optimizing NNI: done in 0.481875 secs using 398.5% CPU
Optimizing NNI: done in 0.380575 secs using 398.1% CPU
Optimizing NNI: done in 0.517386 secs using 397.8% CPU
Optimizing NNI: done in 0.440192 secs using 398.2% CPU
Optimizing NNI: done in 0.422955 secs using 397.1% CPU
Optimizing NNI: done in 0.44758 secs using 399.2% CPU
Optimizing NNI: done in 0.666563 secs using 396.6% CPU
Optimizing NNI: done in 0.560851 secs using 398.4% CPU
Iteration 440 / LogL: -3458.762 / Time: 0h:4m:33s (0h:0m:57s left)
Optimizing NNI: done in 0.517063 secs using 398.2% CPU
Optimizing NNI: done in 0.370815 secs using 398.5% CPU
Optimizing NNI: done in 0.452122 secs using 395.3% CPU
Optimizing NNI: done in 0.397876 secs using 397.4% CPU
Optimizing NNI: done in 0.546262 secs using 398.9% CPU
Optimizing NNI: done in 0.41678 secs using 399.5% CPU
Optimizing NNI: done in 0.615218 secs using 396.7% CPU
Optimizing NNI: done in 0.521575 secs using 397.8% CPU
Optimizing NNI: done in 0.477887 secs using 397% CPU
Optimizing NNI: done in 0.442366 secs using 399% CPU
Iteration 450 / LogL: -3458.863 / Time: 0h:4m:38s (0h:0m:50s left)
Optimizing NNI: done in 0.526691 secs using 395.1% CPU
Optimizing NNI: done in 0.601486 secs using 397.1% CPU
Optimizing NNI: done in 0.53755 secs using 397.5% CPU
Optimizing NNI: done in 0.41209 secs using 398.4% CPU
Optimizing NNI: done in 0.467672 secs using 394% CPU
Optimizing NNI: done in 0.575572 secs using 396.7% CPU
Optimizing NNI: done in 0.478424 secs using 400% CPU
Optimizing NNI: done in 0.460231 secs using 396.1% CPU
Optimizing NNI: done in 0.554387 secs using 399.8% CPU
Optimizing NNI: done in 0.426826 secs using 394.7% CPU
Iteration 460 / LogL: -3458.759 / Time: 0h:4m:43s (0h:0m:44s left)
Optimizing NNI: done in 0.444713 secs using 397.4% CPU
Optimizing NNI: done in 0.619944 secs using 397.5% CPU
Optimizing NNI: done in 0.555605 secs using 397% CPU
Optimizing NNI: done in 0.540231 secs using 397.5% CPU
Optimizing NNI: done in 0.421101 secs using 396.2% CPU
Optimizing NNI: done in 0.432213 secs using 397.5% CPU
Optimizing NNI: done in 0.46114 secs using 398.3% CPU
Optimizing NNI: done in 0.395425 secs using 399.9% CPU
Optimizing NNI: done in 0.459055 secs using 396.2% CPU
Optimizing NNI: done in 0.401197 secs using 396% CPU
Iteration 470 / LogL: -3463.437 / Time: 0h:4m:48s (0h:0m:38s left)
Optimizing NNI: done in 0.51758 secs using 398.9% CPU
Optimizing NNI: done in 0.441491 secs using 396.9% CPU
Optimizing NNI: done in 0.510737 secs using 397.2% CPU
Optimizing NNI: done in 0.537742 secs using 400.2% CPU
Optimizing NNI: done in 0.657374 secs using 398.5% CPU
Optimizing NNI: done in 0.469961 secs using 393.9% CPU
Optimizing NNI: done in 0.535361 secs using 400.2% CPU
BETTER TREE FOUND at iteration 477: -3458.755
Optimizing NNI: done in 0.431676 secs using 395.3% CPU
Optimizing NNI: done in 0.406083 secs using 398.4% CPU
Optimizing NNI: done in 0.584081 secs using 396.2% CPU
Iteration 480 / LogL: -3460.311 / Time: 0h:4m:53s (0h:0m:59s left)
Optimizing NNI: done in 0.495368 secs using 396.7% CPU
Optimizing NNI: done in 0.621834 secs using 397.4% CPU
Optimizing NNI: done in 0.442132 secs using 396.8% CPU
Optimizing NNI: done in 0.477928 secs using 394.1% CPU
Optimizing NNI: done in 0.364543 secs using 393.5% CPU
Optimizing NNI: done in 0.431601 secs using 397.1% CPU
Optimizing NNI: done in 0.530452 secs using 396% CPU
Optimizing NNI: done in 0.456684 secs using 399.2% CPU
Optimizing NNI: done in 0.526492 secs using 397.3% CPU
Optimizing NNI: done in 0.486363 secs using 393.4% CPU
BETTER TREE FOUND at iteration 490: -3458.754
Iteration 490 / LogL: -3458.754 / Time: 0h:4m:58s (0h:1m:1s left)
Optimizing NNI: done in 0.49839 secs using 397.1% CPU
Optimizing NNI: done in 0.493736 secs using 397.2% CPU
Optimizing NNI: done in 0.470421 secs using 396.7% CPU
Optimizing NNI: done in 0.503205 secs using 398.4% CPU
Optimizing NNI: done in 0.537189 secs using 392.8% CPU
Optimizing NNI: done in 0.509928 secs using 398.4% CPU
Optimizing NNI: done in 0.377051 secs using 399.3% CPU
Optimizing NNI: done in 0.487365 secs using 395.3% CPU
Optimizing NNI: done in 0.546334 secs using 398.6% CPU
Optimizing NNI: done in 0.472007 secs using 396.5% CPU
Iteration 500 / LogL: -3460.327 / Time: 0h:5m:3s (0h:0m:54s left)
Optimizing NNI: done in 0.461961 secs using 397.3% CPU
Optimizing NNI: done in 0.419551 secs using 398.3% CPU
Optimizing NNI: done in 0.562813 secs using 395.2% CPU
Optimizing NNI: done in 0.475123 secs using 398.8% CPU
Optimizing NNI: done in 0.404481 secs using 395.2% CPU
Optimizing NNI: done in 0.519092 secs using 396.6% CPU
Optimizing NNI: done in 0.37883 secs using 397.4% CPU
Optimizing NNI: done in 0.530229 secs using 395.6% CPU
Optimizing NNI: done in 0.577578 secs using 399.6% CPU
Optimizing NNI: done in 0.381127 secs using 397.9% CPU
Iteration 510 / LogL: -3460.949 / Time: 0h:5m:8s (0h:0m:48s left)
Optimizing NNI: done in 0.608013 secs using 397.6% CPU
BETTER TREE FOUND at iteration 511: -3458.754
Optimizing NNI: done in 0.458362 secs using 399.5% CPU
Optimizing NNI: done in 0.480667 secs using 396.7% CPU
Optimizing NNI: done in 0.490605 secs using 398.3% CPU
Optimizing NNI: done in 0.467771 secs using 398.5% CPU
Optimizing NNI: done in 0.509849 secs using 395.6% CPU
Optimizing NNI: done in 0.34867 secs using 395.3% CPU
Optimizing NNI: done in 0.471329 secs using 395.9% CPU
Optimizing NNI: done in 0.626795 secs using 397.6% CPU
Optimizing NNI: done in 0.511226 secs using 398.3% CPU
Iteration 520 / LogL: -3461.441 / Time: 0h:5m:13s (0h:0m:54s left)
Optimizing NNI: done in 0.528393 secs using 398.6% CPU
Optimizing NNI: done in 0.632729 secs using 396.4% CPU
Optimizing NNI: done in 0.394464 secs using 399.2% CPU
Optimizing NNI: done in 0.481431 secs using 396.5% CPU
Optimizing NNI: done in 0.486491 secs using 398.7% CPU
Optimizing NNI: done in 0.642441 secs using 397.5% CPU
Optimizing NNI: done in 0.40038 secs using 397.1% CPU
Optimizing NNI: done in 0.472611 secs using 398.7% CPU
Optimizing NNI: done in 0.451909 secs using 398.3% CPU
Optimizing NNI: done in 0.47168 secs using 399.3% CPU
Iteration 530 / LogL: -3458.757 / Time: 0h:5m:18s (0h:0m:48s left)
Optimizing NNI: done in 0.561322 secs using 393.9% CPU
Optimizing NNI: done in 0.411545 secs using 398.3% CPU
Optimizing NNI: done in 0.577291 secs using 398.9% CPU
Optimizing NNI: done in 0.441007 secs using 397.4% CPU
Optimizing NNI: done in 0.439245 secs using 399.9% CPU
Optimizing NNI: done in 0.475001 secs using 398.8% CPU
Optimizing NNI: done in 0.314119 secs using 396.1% CPU
Optimizing NNI: done in 0.561464 secs using 398.7% CPU
Optimizing NNI: done in 0.443638 secs using 396.8% CPU
Optimizing NNI: done in 0.434857 secs using 398.5% CPU
Iteration 540 / LogL: -3458.756 / Time: 0h:5m:23s (0h:0m:42s left)
Optimizing NNI: done in 0.591456 secs using 397.7% CPU
Optimizing NNI: done in 0.459154 secs using 397.9% CPU
Optimizing NNI: done in 0.531462 secs using 397.2% CPU
Optimizing NNI: done in 0.460031 secs using 399.8% CPU
Optimizing NNI: done in 0.378924 secs using 395.5% CPU
Optimizing NNI: done in 0.508607 secs using 398.4% CPU
Optimizing NNI: done in 0.41546 secs using 398.6% CPU
Optimizing NNI: done in 0.493972 secs using 396.7% CPU
Optimizing NNI: done in 0.468675 secs using 398.7% CPU
Optimizing NNI: done in 0.57096 secs using 395.3% CPU
Iteration 550 / LogL: -3459.533 / Time: 0h:5m:27s (0h:0m:36s left)
Optimizing NNI: done in 0.407436 secs using 396.2% CPU
Optimizing NNI: done in 0.467774 secs using 399.8% CPU
Optimizing NNI: done in 0.558587 secs using 394.2% CPU
Optimizing NNI: done in 0.457334 secs using 391.7% CPU
Optimizing NNI: done in 0.598972 secs using 398.2% CPU
Optimizing NNI: done in 0.586222 secs using 397.1% CPU
Optimizing NNI: done in 0.475673 secs using 398% CPU
Optimizing NNI: done in 0.517629 secs using 399.5% CPU
Optimizing NNI: done in 0.560414 secs using 394.3% CPU
Optimizing NNI: done in 0.331285 secs using 396.9% CPU
Iteration 560 / LogL: -3459.641 / Time: 0h:5m:33s (0h:0m:30s left)
Optimizing NNI: done in 0.391127 secs using 396.1% CPU
Optimizing NNI: done in 0.367912 secs using 393.3% CPU
Optimizing NNI: done in 0.69707 secs using 399.4% CPU
Optimizing NNI: done in 0.487742 secs using 398% CPU
Optimizing NNI: done in 0.424834 secs using 398.3% CPU
Optimizing NNI: done in 0.61085 secs using 397.4% CPU
Optimizing NNI: done in 0.498188 secs using 399.4% CPU
Optimizing NNI: done in 0.384907 secs using 399.2% CPU
BETTER TREE FOUND at iteration 568: -3458.753
Optimizing NNI: done in 0.385533 secs using 399.8% CPU
Optimizing NNI: done in 0.473516 secs using 395.2% CPU
Iteration 570 / LogL: -3466.500 / Time: 0h:5m:37s (0h:0m:58s left)
Optimizing NNI: done in 0.456784 secs using 395% CPU
Optimizing NNI: done in 0.487551 secs using 397.3% CPU
Optimizing NNI: done in 0.445186 secs using 398% CPU
Optimizing NNI: done in 0.618911 secs using 395.6% CPU
Optimizing NNI: done in 0.515322 secs using 397.8% CPU
Optimizing NNI: done in 0.424076 secs using 396.5% CPU
Optimizing NNI: done in 0.52638 secs using 396.9% CPU
Optimizing NNI: done in 0.467856 secs using 396.6% CPU
Optimizing NNI: done in 0.432343 secs using 398.6% CPU
Optimizing NNI: done in 0.586607 secs using 387.6% CPU
Iteration 580 / LogL: -3465.870 / Time: 0h:5m:42s (0h:0m:52s left)
Optimizing NNI: done in 0.55779 secs using 398.3% CPU
Optimizing NNI: done in 0.523359 secs using 399.3% CPU
Optimizing NNI: done in 0.491362 secs using 397.8% CPU
Optimizing NNI: done in 0.427505 secs using 395.2% CPU
Optimizing NNI: done in 0.452627 secs using 396.8% CPU
Optimizing NNI: done in 0.456153 secs using 398.2% CPU
Optimizing NNI: done in 0.57326 secs using 394.3% CPU
Optimizing NNI: done in 0.629166 secs using 397.2% CPU
Optimizing NNI: done in 0.546058 secs using 398% CPU
Optimizing NNI: done in 0.50924 secs using 397.4% CPU
Iteration 590 / LogL: -3458.755 / Time: 0h:5m:48s (0h:0m:46s left)
Optimizing NNI: done in 0.541705 secs using 398.6% CPU
Optimizing NNI: done in 0.417941 secs using 398.5% CPU
Optimizing NNI: done in 0.572407 secs using 396.8% CPU
Optimizing NNI: done in 0.472368 secs using 398.3% CPU
Optimizing NNI: done in 0.490204 secs using 398% CPU
Optimizing NNI: done in 0.49503 secs using 393.1% CPU
Optimizing NNI: done in 0.460926 secs using 397.1% CPU
Optimizing NNI: done in 0.468888 secs using 396.6% CPU
Optimizing NNI: done in 0.556916 secs using 397.4% CPU
Optimizing NNI: done in 0.533738 secs using 398.9% CPU
Iteration 600 / LogL: -3467.528 / Time: 0h:5m:53s (0h:0m:40s left)
Optimizing NNI: done in 0.498772 secs using 395.9% CPU
Optimizing NNI: done in 0.492506 secs using 396.8% CPU
Optimizing NNI: done in 0.515621 secs using 398.2% CPU
Optimizing NNI: done in 0.488211 secs using 398.9% CPU
Optimizing NNI: done in 0.519706 secs using 396.7% CPU
Optimizing NNI: done in 0.49723 secs using 398.3% CPU
Optimizing NNI: done in 0.447897 secs using 396.8% CPU
Optimizing NNI: done in 0.486603 secs using 396.7% CPU
Optimizing NNI: done in 0.654026 secs using 398.5% CPU
Optimizing NNI: done in 0.345061 secs using 399% CPU
Iteration 610 / LogL: -3477.204 / Time: 0h:5m:58s (0h:0m:34s left)
Optimizing NNI: done in 0.55867 secs using 398.1% CPU
Optimizing NNI: done in 0.560209 secs using 398.5% CPU
Optimizing NNI: done in 0.409969 secs using 399.5% CPU
Optimizing NNI: done in 0.591326 secs using 395.5% CPU
Optimizing NNI: done in 0.360566 secs using 396.3% CPU
Optimizing NNI: done in 0.384473 secs using 395% CPU
Optimizing NNI: done in 0.481569 secs using 398.4% CPU
Optimizing NNI: done in 0.523886 secs using 397.5% CPU
Optimizing NNI: done in 0.460126 secs using 397% CPU
Optimizing NNI: done in 0.489437 secs using 394.9% CPU
Iteration 620 / LogL: -3459.060 / Time: 0h:6m:3s (0h:0m:28s left)
Optimizing NNI: done in 0.609513 secs using 397.3% CPU
Optimizing NNI: done in 0.486111 secs using 397.8% CPU
Optimizing NNI: done in 0.438816 secs using 393.9% CPU
Optimizing NNI: done in 0.470868 secs using 398.2% CPU
UPDATE BEST LOG-LIKELIHOOD: -3458.753
Optimizing NNI: done in 0.427026 secs using 396.8% CPU
Optimizing NNI: done in 0.502652 secs using 395.8% CPU
Optimizing NNI: done in 0.392115 secs using 397.7% CPU
Optimizing NNI: done in 0.569953 secs using 395% CPU
Optimizing NNI: done in 0.464352 secs using 397.9% CPU
Optimizing NNI: done in 0.506592 secs using 399.1% CPU
Iteration 630 / LogL: -3458.757 / Time: 0h:6m:8s (0h:0m:22s left)
Optimizing NNI: done in 0.512277 secs using 396.6% CPU
Optimizing NNI: done in 0.389413 secs using 397.4% CPU
Optimizing NNI: done in 0.38374 secs using 395.8% CPU
Optimizing NNI: done in 0.508616 secs using 396.9% CPU
Optimizing NNI: done in 0.380046 secs using 398.8% CPU
Optimizing NNI: done in 0.521294 secs using 396.9% CPU
Optimizing NNI: done in 0.449254 secs using 396.3% CPU
Optimizing NNI: done in 0.479845 secs using 398.4% CPU
Optimizing NNI: done in 0.4393 secs using 396.7% CPU
Optimizing NNI: done in 0.572458 secs using 397.5% CPU
Iteration 640 / LogL: -3460.315 / Time: 0h:6m:12s (0h:0m:16s left)
Optimizing NNI: done in 0.517809 secs using 399.6% CPU
Optimizing NNI: done in 0.47019 secs using 397.5% CPU
Optimizing NNI: done in 0.528029 secs using 398.4% CPU
Optimizing NNI: done in 0.456985 secs using 396.9% CPU
Optimizing NNI: done in 0.462342 secs using 395.8% CPU
Optimizing NNI: done in 0.457646 secs using 395.8% CPU
Optimizing NNI: done in 0.421237 secs using 398.7% CPU
Optimizing NNI: done in 0.3605 secs using 397.6% CPU
Optimizing NNI: done in 0.401671 secs using 399.8% CPU
Optimizing NNI: done in 0.549483 secs using 394.7% CPU
Iteration 650 / LogL: -3458.754 / Time: 0h:6m:17s (0h:0m:10s left)
Optimizing NNI: done in 0.455468 secs using 393.9% CPU
Optimizing NNI: done in 0.387538 secs using 395.8% CPU
Optimizing NNI: done in 0.380467 secs using 396.3% CPU
Optimizing NNI: done in 0.47435 secs using 398% CPU
Optimizing NNI: done in 0.485004 secs using 398% CPU
Optimizing NNI: done in 0.435612 secs using 397.4% CPU
Optimizing NNI: done in 0.445992 secs using 397.7% CPU
Optimizing NNI: done in 0.390685 secs using 391.1% CPU
Optimizing NNI: done in 0.466106 secs using 397.4% CPU
Optimizing NNI: done in 0.446557 secs using 394.3% CPU
Iteration 660 / LogL: -3458.759 / Time: 0h:6m:21s (0h:0m:4s left)
Optimizing NNI: done in 0.390754 secs using 398.8% CPU
Optimizing NNI: done in 0.377258 secs using 399.6% CPU
Optimizing NNI: done in 0.471852 secs using 391.2% CPU
Optimizing NNI: done in 0.378217 secs using 397.6% CPU
Optimizing NNI: done in 0.386245 secs using 393.5% CPU
Optimizing NNI: done in 0.462648 secs using 400.7% CPU
Optimizing NNI: done in 0.482884 secs using 398.4% CPU
Optimizing NNI: done in 0.527494 secs using 398.6% CPU
Optimizing NNI: done in 0.521866 secs using 395% CPU
TREE SEARCH COMPLETED AFTER 669 ITERATIONS / Time: 0h:6m:25s

--------------------------------------------------------------------
|                    FINALIZING TREE SEARCH                        |
--------------------------------------------------------------------
Performs final model parameters optimization
Estimate model parameters (epsilon = 0.010)
1. Initial log-likelihood: -3458.753
Optimal log-likelihood: -3458.752
Rate parameters:  A-C: 1.13813  A-G: 3.41760  A-T: 0.31016  C-G: 0.45344  C-T: 8.32371  G-T: 1.00000
Base frequencies:  A: 0.279  C: 0.202  G: 0.278  T: 0.241
Gamma shape alpha: 0.149
Parameters optimization took 1 rounds (0.064 sec)
BEST SCORE FOUND : -3458.752
Total tree length: 0.249

Total number of iterations: 669
CPU time used for tree search: 1518.569 sec (0h:25m:18s)
Wall-clock time used for tree search: 384.560 sec (0h:6m:24s)
Total CPU time used: 1524.009 sec (0h:25m:24s)
Total wall-clock time used: 386.027 sec (0h:6m:26s)

Analysis results written to: 
  IQ-TREE report:                CASQ2_GTR.iqtree
  Maximum-likelihood tree:       CASQ2_GTR.treefile
  Likelihood distances:          CASQ2_GTR.mldist
  Screen log file:               CASQ2_GTR.log

Date and Time: Mon Jan 29 17:33:57 2024
