IQ-TREE multicore version 2.2.0-beta COVID-edition for Linux 64-bit built Dec 21 2021 built Dec 21 2021
Developed by Bui Quang Minh, James Barbetti, Nguyen Lam Tung,
Olga Chernomor, Heiko Schmidt, Dominik Schrempf, Michael Woodhams, Ly Trong Nhan.

Host:    awarnach14 (SSE3, 3 GB RAM)
Command: iqtree -s codon_alignments_v4_Jan24/FOXP2_codon_aligned.phy -m GTR+G4 -pre FOXP2_GTR -nt 4
Seed:    796433 (Using SPRNG - Scalable Parallel Random Number Generator)
Time:    Mon Jan 29 17:26:01 2024
Kernel:  SSE2 - 4 threads (4 CPU cores detected)

Reading alignment file codon_alignments_v4_Jan24/FOXP2_codon_aligned.phy ... Phylip format detected
Alignment most likely contains DNA/RNA sequences
Constructing alignment: done in 0.0055892 secs using 145.9% CPU
Alignment has 87 sequences with 1530 columns, 154 distinct patterns
31 parsimony-informative, 36 singleton sites, 1463 constant sites
                    Gap/Ambiguity  Composition  p-value
Analyzing sequences: done in 5.86696e-05 secs using 95.45% CPU
   1  Bacu_FOXP2            0.00%    passed     98.17%
   2  Barn_FOXP2           25.49%    passed     56.66%
   3  Bbai76728_FOXP2      16.86%    passed     90.64%
   4  BbonAUS_FOXP2         9.80%    passed     99.71%
   5  Bbor_FOXP2            5.10%    passed     99.95%
   6  Bede66737_FOXP2       5.10%    passed     99.97%
   7  BedeAUS_FOXP2         5.10%    passed     99.97%
   8  Bmus_FOXP2            0.00%    passed     98.60%
   9  Bmys_FOXP2           14.51%    passed     87.09%
  10  Bphy_FOXP2           15.69%    passed     57.53%
  11  Bphy_baits_FOXP2      9.80%    passed     99.96%
  12  Ccom40_FOXP2         22.55%    passed     86.17%
  13  Chea7320_FOXP2        9.80%    passed     99.44%
  14  Cmar59905_FOXP2       9.80%    passed     99.24%
  15  Dcap108471_FOXP2      5.10%    passed     99.99%
  16  Dcap79929_FOXP2      10.78%    passed     99.32%
  17  DdelSJR_FOXP2         5.10%    passed     99.99%
  18  Ddeltrop4525_FOXP2    5.10%    passed     99.99%
  19  Dleu_FOXP2            0.00%    passed     99.20%
  20  EausAUS_FOXP2         5.10%    passed     99.95%
  21  Egla13086_FOXP2       5.10%    passed     99.95%
  22  Ejap43864_FOXP2       5.10%    passed     99.95%
  23  Erob133443_FOXP2     10.20%    passed     99.60%
  24  Fatt_FOXP2            5.10%    passed     99.99%
  25  Ggri_FOXP2            5.10%    passed     99.95%
  26  Gmac39091_FOXP2       5.10%    passed     99.99%
  27  Gmel_FOXP2            0.00%    passed     98.66%
  28  Hamp_FOXP2            5.10%    passed     99.95%
  29  Igeo_FOXP2           38.63%    passed     95.78%
  30  Kbre_FOXP2            5.10%    passed     99.97%
  31  Ksim_FOXP2           20.39%    passed     75.60%
  32  Lacu_FOXP2            5.10%    passed     99.99%
  33  Lalb_FOXP2            5.10%    passed     99.99%
  34  Laus_FOXP2            5.10%    passed     99.99%
  35  Lbor_FOXP2           11.96%    passed     92.21%
  36  Lhos30470_FOXP2      16.47%    passed     94.94%
  37  Lhos452_FOXP2         9.80%    passed     98.99%
  38  Lobl_FOXP2            0.00%    passed     98.66%
  39  Lobs_FOXP2           10.98%    passed     97.83%
  40  LperAUS_FOXP2         5.10%    passed     99.99%
  41  Lvex_FOXP2           25.10%    passed     96.38%
  42  Mbid_FOXP2           29.80%    passed     93.33%
  43  Mbow_FOXP2            5.10%    passed    100.00%
  44  Mcar_FOXP2            5.10%    passed     99.99%
  45  Mden_FOXP2           36.27%    passed     94.80%
  46  Meur_FOXP2           10.98%    passed     97.58%
  47  Mgin_FOXP2            5.10%    passed     99.99%
  48  MgraAUS_FOXP2        46.08%    passed     27.92%
  49  Mhec_FOXP2            9.80%    passed     99.69%
  50  MlayAUS_FOXP2         5.10%    passed    100.00%
  51  Mmir_FOXP2           23.92%    passed     98.39%
  52  Mmon_FOXP2            0.00%    passed     98.70%
  53  Mper_FOXP2            5.10%    passed     99.96%
  54  Mpni_FOXP2            6.27%    passed     99.84%
  55  Mste_FOXP2            9.80%    passed     99.69%
  56  Naasi_FOXP2           0.00%    passed     98.70%
  57  Npho_FOXP2            5.10%    passed     99.96%
  58  Obre_FOXP2            5.10%    passed    100.00%
  59  Ohei_FOXP2            5.10%    passed     99.99%
  60  Oorc_FOXP2            0.00%    passed     99.11%
  61  Pbla7349_FOXP2       11.37%    passed     96.82%
  62  Pcat_FOXP2            0.00%    passed     98.87%
  63  Pcra123188_FOXP2      9.80%    passed     99.66%
  64  Pdal_FOXP2           52.55%    passed     53.22%
  65  Pdio_FOXP2            5.10%    passed     99.96%
  66  Pele_FOXP2            5.10%    passed     99.99%
  67  Pmac_FOXP2            5.29%    passed     99.98%
  68  Ppho_FOXP2            5.10%    passed     99.96%
  69  Psin_FOXP2            0.00%    passed     98.70%
  70  Pspi_FOXP2           45.49%    passed     91.66%
  71  Satt18473_FOXP2       9.80%    passed     98.32%
  72  Satt38219_FOXP2      15.88%    passed     95.57%
  73  Sbre116871_FOXP2      5.10%    passed     99.99%
  74  Sbre18437_FOXP2       5.10%    passed     99.99%
  75  Schi_FOXP2            9.80%    passed     99.44%
  76  Scly1724_FOXP2       57.84%    passed     33.40%
  77  Scly1726_FOXP2        5.10%    passed     99.95%
  78  Scoe_FOXP2            5.10%    passed     99.99%
  79  Sflu9837_FOXP2        5.10%    passed     99.97%
  80  Sfro7782_FOXP2       15.69%    passed     90.80%
  81  Sfro7784_FOXP2        5.10%    passed     99.81%
  82  Slon16012_FOXP2       5.10%    passed     99.95%
  83  Slon24923_FOXP2       5.10%    passed     99.95%
  84  Tadu79924_FOXP2       5.10%    passed     99.95%
  85  Tshe_FOXP2            5.10%    passed     99.95%
  86  Ttru_FOXP2            0.00%    passed     98.66%
  87  Zcav_FOXP2            9.80%    passed     99.69%
WARNING: 2 sequences contain more than 50% gaps/ambiguity
****  TOTAL                10.39%  0 sequences failed composition chi2 test (p-value<5%; df=3)
NOTE: BedeAUS_FOXP2 is identical to Bede66737_FOXP2 but kept for subsequent analysis
NOTE: Schi_FOXP2 is identical to Chea7320_FOXP2 but kept for subsequent analysis
NOTE: DdelSJR_FOXP2 is identical to Dcap108471_FOXP2 but kept for subsequent analysis
NOTE: Egla13086_FOXP2 is identical to EausAUS_FOXP2 but kept for subsequent analysis
NOTE: Gmac39091_FOXP2 is identical to Fatt_FOXP2 but kept for subsequent analysis
NOTE: Lobl_FOXP2 is identical to Gmel_FOXP2 but kept for subsequent analysis
NOTE: MlayAUS_FOXP2 is identical to Mbow_FOXP2 but kept for subsequent analysis
NOTE: Mste_FOXP2 is identical to Mhec_FOXP2 but kept for subsequent analysis
NOTE: Psin_FOXP2 is identical to Naasi_FOXP2 but kept for subsequent analysis
NOTE: Pdio_FOXP2 is identical to Npho_FOXP2 but kept for subsequent analysis
NOTE: Sbre18437_FOXP2 is identical to Sbre116871_FOXP2 but kept for subsequent analysis
NOTE: Slon16012_FOXP2 is identical to Scly1726_FOXP2 but kept for subsequent analysis
Checking for duplicate sequences: done in 0.000553723 secs using 99.69% CPU
Identifying sites to remove: done in 0.00317734 secs using 189.5% CPU
NOTE: 10 identical sequences (see below) will be ignored for subsequent analysis
NOTE: Ddeltrop4525_FOXP2 (identical to Dcap108471_FOXP2) is ignored but added at the end
NOTE: Ejap43864_FOXP2 (identical to EausAUS_FOXP2) is ignored but added at the end
NOTE: Lacu_FOXP2 (identical to Fatt_FOXP2) is ignored but added at the end
NOTE: Lalb_FOXP2 (identical to Fatt_FOXP2) is ignored but added at the end
NOTE: LperAUS_FOXP2 (identical to Fatt_FOXP2) is ignored but added at the end
NOTE: Ohei_FOXP2 (identical to Fatt_FOXP2) is ignored but added at the end
NOTE: Pele_FOXP2 (identical to Fatt_FOXP2) is ignored but added at the end
NOTE: Scoe_FOXP2 (identical to Fatt_FOXP2) is ignored but added at the end
NOTE: Slon24923_FOXP2 (identical to Scly1726_FOXP2) is ignored but added at the end
NOTE: Tadu79924_FOXP2 (identical to Scly1726_FOXP2) is ignored but added at the end
Alignment was printed to FOXP2_GTR.uniqueseq.phy

For your convenience alignment with unique sequences printed to FOXP2_GTR.uniqueseq.phy

Create initial parsimony tree by phylogenetic likelihood library (PLL)... 0.002 seconds

NOTE: 1 MB RAM (0 GB) is required!
WARNING: Number of threads seems too high for short alignments. Use -T AUTO to determine best number of threads.
Estimate model parameters (epsilon = 0.100)
1. Initial log-likelihood: -3648.725
2. Current log-likelihood: -3410.607
3. Current log-likelihood: -3396.957
4. Current log-likelihood: -3395.687
5. Current log-likelihood: -3395.434
Optimal log-likelihood: -3395.338
Rate parameters:  A-C: 0.21801  A-G: 10.61824  A-T: 1.52581  C-G: 0.10976  C-T: 2.80047  G-T: 1.00000
Base frequencies:  A: 0.289  C: 0.273  G: 0.228  T: 0.210
Gamma shape alpha: 0.020
Parameters optimization took 5 rounds (0.612 sec)
Wrote distance file to... 
Computing ML distances based on estimated model parameters...
Calculating distance matrix: done in 0.0342143 secs using 400.3% CPU
Computing ML distances took 0.034502 sec (of wall-clock time) 0.137248 sec (of CPU time)
Setting up auxiliary I and S matrices: done in 0.000798736 secs using 167.9% CPU
Constructing RapidNJ tree: done in 0.053434 secs using 40.1% CPU
Computing RapidNJ tree took 0.054420 sec (of wall-clock time) 0.022879 sec (of CPU time)
Log-likelihood of RapidNJ tree: -2742.817
--------------------------------------------------------------------
|             INITIALIZING CANDIDATE TREE SET                      |
--------------------------------------------------------------------
Generating 98 parsimony trees... 0.324 second
Computing log-likelihood of 98 initial trees ... 1.225 seconds
Current best score: -2742.817

Do NNI search on 20 best initial trees
Optimizing NNI: done in 0.160083 secs using 394.8% CPU
Estimate model parameters (epsilon = 0.100)
BETTER TREE FOUND at iteration 1: -2729.984
Optimizing NNI: done in 0.521301 secs using 394.3% CPU
Optimizing NNI: done in 0.554068 secs using 397% CPU
Optimizing NNI: done in 0.518247 secs using 397.4% CPU
Optimizing NNI: done in 0.334719 secs using 399.7% CPU
Optimizing NNI: done in 0.86879 secs using 396.4% CPU
Optimizing NNI: done in 0.603005 secs using 397.7% CPU
Optimizing NNI: done in 0.798115 secs using 396.4% CPU
Optimizing NNI: done in 1.04091 secs using 396.4% CPU
Optimizing NNI: done in 0.752676 secs using 397.8% CPU
Iteration 10 / LogL: -3070.903 / Time: 0h:0m:8s
Optimizing NNI: done in 0.443719 secs using 397.9% CPU
Optimizing NNI: done in 0.778568 secs using 396.3% CPU
Optimizing NNI: done in 0.791172 secs using 396.3% CPU
Optimizing NNI: done in 1.25294 secs using 397.5% CPU
Optimizing NNI: done in 0.269175 secs using 396.1% CPU
Optimizing NNI: done in 0.82012 secs using 395.7% CPU
Optimizing NNI: done in 0.358719 secs using 394.8% CPU
Optimizing NNI: done in 1.07757 secs using 398% CPU
Optimizing NNI: done in 0.345885 secs using 398.2% CPU
Optimizing NNI: done in 0.697403 secs using 396.2% CPU
Iteration 20 / LogL: -3168.146 / Time: 0h:0m:15s
Finish initializing candidate tree set (20)
Current best tree score: -2729.984 / CPU time: 14.754
Number of iterations: 20
--------------------------------------------------------------------
|               OPTIMIZING CANDIDATE TREE SET                      |
--------------------------------------------------------------------
Optimizing NNI: done in 0.209844 secs using 397% CPU
Optimizing NNI: done in 0.403664 secs using 396.3% CPU
Optimizing NNI: done in 0.31341 secs using 397.3% CPU
BETTER TREE FOUND at iteration 23: -2729.979
Optimizing NNI: done in 0.33782 secs using 401% CPU
Optimizing NNI: done in 0.18243 secs using 400.9% CPU
Optimizing NNI: done in 0.189206 secs using 400.8% CPU
Optimizing NNI: done in 0.185579 secs using 393.6% CPU
Optimizing NNI: done in 0.132369 secs using 388.4% CPU
Optimizing NNI: done in 0.261244 secs using 398.5% CPU
Optimizing NNI: done in 0.132991 secs using 394.7% CPU
Iteration 30 / LogL: -2944.228 / Time: 0h:0m:17s (0h:0m:57s left)
Optimizing NNI: done in 0.227349 secs using 392.3% CPU
Optimizing NNI: done in 0.289333 secs using 398.5% CPU
Optimizing NNI: done in 0.269448 secs using 398.4% CPU
Optimizing NNI: done in 0.239624 secs using 395.5% CPU
Optimizing NNI: done in 0.160678 secs using 388.7% CPU
Optimizing NNI: done in 0.215858 secs using 396.3% CPU
BETTER TREE FOUND at iteration 36: -2729.978
Optimizing NNI: done in 0.279538 secs using 400.4% CPU
Estimate model parameters (epsilon = 0.100)
BETTER TREE FOUND at iteration 37: -2729.422
Optimizing NNI: done in 0.273898 secs using 397.8% CPU
Optimizing NNI: done in 0.196036 secs using 395% CPU
Optimizing NNI: done in 0.397777 secs using 397.4% CPU
Iteration 40 / LogL: -2730.036 / Time: 0h:0m:20s (0h:0m:51s left)
Optimizing NNI: done in 0.19531 secs using 398.7% CPU
Optimizing NNI: done in 0.2306 secs using 393.1% CPU
BETTER TREE FOUND at iteration 42: -2729.422
Optimizing NNI: done in 0.151285 secs using 395.7% CPU
Optimizing NNI: done in 0.188618 secs using 396.8% CPU
BETTER TREE FOUND at iteration 44: -2729.419
Optimizing NNI: done in 0.380213 secs using 392.8% CPU
Optimizing NNI: done in 0.225462 secs using 398% CPU
Optimizing NNI: done in 0.220663 secs using 394.6% CPU
Optimizing NNI: done in 0.300671 secs using 395.9% CPU
Optimizing NNI: done in 0.227845 secs using 393.7% CPU
Optimizing NNI: done in 0.144789 secs using 398.3% CPU
Iteration 50 / LogL: -2729.420 / Time: 0h:0m:22s (0h:0m:44s left)
Optimizing NNI: done in 0.26717 secs using 394.7% CPU
Optimizing NNI: done in 0.290978 secs using 391.3% CPU
Optimizing NNI: done in 0.212799 secs using 392% CPU
Optimizing NNI: done in 0.233654 secs using 396.1% CPU
Optimizing NNI: done in 0.236545 secs using 398.6% CPU
Optimizing NNI: done in 0.253212 secs using 397% CPU
Optimizing NNI: done in 0.184866 secs using 399.6% CPU
Optimizing NNI: done in 0.284732 secs using 397.4% CPU
Optimizing NNI: done in 0.239434 secs using 394.9% CPU
Optimizing NNI: done in 0.132645 secs using 392.8% CPU
Iteration 60 / LogL: -2729.421 / Time: 0h:0m:25s (0h:0m:36s left)
Optimizing NNI: done in 0.184745 secs using 392.1% CPU
Optimizing NNI: done in 0.21215 secs using 395.9% CPU
Optimizing NNI: done in 0.25247 secs using 394.4% CPU
Optimizing NNI: done in 0.178129 secs using 390.5% CPU
Optimizing NNI: done in 0.127464 secs using 399.6% CPU
Optimizing NNI: done in 0.224897 secs using 397.4% CPU
Optimizing NNI: done in 0.270201 secs using 398.9% CPU
Optimizing NNI: done in 0.208696 secs using 393.1% CPU
Optimizing NNI: done in 0.221162 secs using 394.6% CPU
Optimizing NNI: done in 0.18394 secs using 399.7% CPU
Iteration 70 / LogL: -2736.508 / Time: 0h:0m:27s (0h:0m:29s left)
Optimizing NNI: done in 0.164261 secs using 394% CPU
Optimizing NNI: done in 0.242549 secs using 393.5% CPU
BETTER TREE FOUND at iteration 72: -2729.419
Optimizing NNI: done in 0.312691 secs using 394.9% CPU
Optimizing NNI: done in 0.267171 secs using 397.6% CPU
Optimizing NNI: done in 0.193868 secs using 397.6% CPU
Optimizing NNI: done in 0.184907 secs using 401.1% CPU
Optimizing NNI: done in 0.192286 secs using 399.3% CPU
Optimizing NNI: done in 0.229752 secs using 395.5% CPU
Optimizing NNI: done in 0.223385 secs using 386.4% CPU
Optimizing NNI: done in 0.269343 secs using 392.9% CPU
Iteration 80 / LogL: -2729.419 / Time: 0h:0m:29s (0h:0m:34s left)
Optimizing NNI: done in 0.188543 secs using 395.9% CPU
Optimizing NNI: done in 0.218792 secs using 395.3% CPU
Optimizing NNI: done in 0.171305 secs using 395.6% CPU
Optimizing NNI: done in 0.210492 secs using 397.4% CPU
BETTER TREE FOUND at iteration 84: -2729.417
Optimizing NNI: done in 0.23493 secs using 398.3% CPU
Optimizing NNI: done in 0.27108 secs using 394.1% CPU
Optimizing NNI: done in 0.22834 secs using 396.5% CPU
Optimizing NNI: done in 0.178775 secs using 395.2% CPU
Optimizing NNI: done in 0.31619 secs using 396.2% CPU
Optimizing NNI: done in 0.23272 secs using 392.9% CPU
Iteration 90 / LogL: -2729.418 / Time: 0h:0m:32s (0h:0m:33s left)
Optimizing NNI: done in 0.210048 secs using 394.2% CPU
BETTER TREE FOUND at iteration 91: -2729.417
Optimizing NNI: done in 0.190994 secs using 394.4% CPU
BETTER TREE FOUND at iteration 92: -2729.415
Optimizing NNI: done in 0.262399 secs using 394.1% CPU
Optimizing NNI: done in 0.199851 secs using 399% CPU
Optimizing NNI: done in 0.221278 secs using 395.6% CPU
Optimizing NNI: done in 0.231454 secs using 394% CPU
Optimizing NNI: done in 0.213251 secs using 396.1% CPU
Optimizing NNI: done in 0.190381 secs using 394.1% CPU
Optimizing NNI: done in 0.177177 secs using 396.5% CPU
BETTER TREE FOUND at iteration 99: -2729.415
Optimizing NNI: done in 0.194867 secs using 397.8% CPU
Iteration 100 / LogL: -2729.426 / Time: 0h:0m:34s (0h:0m:34s left)
Optimizing NNI: done in 0.121676 secs using 392% CPU
BETTER TREE FOUND at iteration 101: -2729.414
Optimizing NNI: done in 0.146761 secs using 392.7% CPU
Optimizing NNI: done in 0.178843 secs using 396.7% CPU
BETTER TREE FOUND at iteration 103: -2729.414
Optimizing NNI: done in 0.141682 secs using 399.5% CPU
Optimizing NNI: done in 0.170862 secs using 396.6% CPU
Optimizing NNI: done in 0.225088 secs using 398.6% CPU
Optimizing NNI: done in 0.183596 secs using 393.3% CPU
Optimizing NNI: done in 0.218987 secs using 394% CPU
Optimizing NNI: done in 0.196843 secs using 399.2% CPU
Optimizing NNI: done in 0.20547 secs using 393.1% CPU
BETTER TREE FOUND at iteration 110: -2729.413
Iteration 110 / LogL: -2729.413 / Time: 0h:0m:36s (0h:0m:33s left)
Optimizing NNI: done in 0.217082 secs using 394.6% CPU
Optimizing NNI: done in 0.211501 secs using 391.9% CPU
Optimizing NNI: done in 0.159068 secs using 388.3% CPU
Optimizing NNI: done in 0.187201 secs using 391% CPU
Optimizing NNI: done in 0.175191 secs using 393.6% CPU
Optimizing NNI: done in 0.163032 secs using 396.9% CPU
Optimizing NNI: done in 0.163959 secs using 389.5% CPU
BETTER TREE FOUND at iteration 117: -2729.412
Optimizing NNI: done in 0.191564 secs using 395% CPU
Optimizing NNI: done in 0.227316 secs using 390.3% CPU
Optimizing NNI: done in 0.212048 secs using 397.1% CPU
Iteration 120 / LogL: -2729.414 / Time: 0h:0m:38s (0h:0m:31s left)
Optimizing NNI: done in 0.164502 secs using 399.1% CPU
Optimizing NNI: done in 0.201623 secs using 395.7% CPU
Optimizing NNI: done in 0.213015 secs using 395.1% CPU
Optimizing NNI: done in 0.173555 secs using 392% CPU
Optimizing NNI: done in 0.138267 secs using 391.6% CPU
Optimizing NNI: done in 0.286471 secs using 397.3% CPU
BETTER TREE FOUND at iteration 126: -2729.412
Optimizing NNI: done in 0.226257 secs using 395.1% CPU
Optimizing NNI: done in 0.177989 secs using 389.9% CPU
Optimizing NNI: done in 0.223748 secs using 396.6% CPU
Optimizing NNI: done in 0.162435 secs using 397.4% CPU
Iteration 130 / LogL: -2729.415 / Time: 0h:0m:40s (0h:0m:29s left)
Optimizing NNI: done in 0.213202 secs using 399.5% CPU
Optimizing NNI: done in 0.273825 secs using 394.6% CPU
Optimizing NNI: done in 0.20819 secs using 397.8% CPU
Optimizing NNI: done in 0.158525 secs using 394.6% CPU
BETTER TREE FOUND at iteration 134: -2729.411
Optimizing NNI: done in 0.184963 secs using 394.4% CPU
Optimizing NNI: done in 0.13081 secs using 387.2% CPU
Optimizing NNI: done in 0.159509 secs using 395.8% CPU
Optimizing NNI: done in 0.228325 secs using 395.7% CPU
Optimizing NNI: done in 0.187672 secs using 400.4% CPU
Optimizing NNI: done in 0.182636 secs using 398.1% CPU
Iteration 140 / LogL: -2729.411 / Time: 0h:0m:42s (0h:0m:28s left)
Optimizing NNI: done in 0.147031 secs using 390.7% CPU
Optimizing NNI: done in 0.170782 secs using 392.7% CPU
Optimizing NNI: done in 0.229287 secs using 396.5% CPU
Optimizing NNI: done in 0.21142 secs using 398.9% CPU
BETTER TREE FOUND at iteration 144: -2729.411
Optimizing NNI: done in 0.174126 secs using 395.3% CPU
Optimizing NNI: done in 0.246201 secs using 397.1% CPU
Optimizing NNI: done in 0.237541 secs using 394.6% CPU
Optimizing NNI: done in 0.22071 secs using 401% CPU
Optimizing NNI: done in 0.219739 secs using 399.2% CPU
Optimizing NNI: done in 0.259141 secs using 397.9% CPU
Iteration 150 / LogL: -2735.250 / Time: 0h:0m:44s (0h:0m:27s left)
Optimizing NNI: done in 0.15916 secs using 393.9% CPU
Optimizing NNI: done in 0.227929 secs using 396.5% CPU
Optimizing NNI: done in 0.142893 secs using 399.2% CPU
Optimizing NNI: done in 0.241787 secs using 396.2% CPU
Optimizing NNI: done in 0.184301 secs using 392.1% CPU
Optimizing NNI: done in 0.236728 secs using 393.5% CPU
Optimizing NNI: done in 0.1517 secs using 397.8% CPU
Optimizing NNI: done in 0.212576 secs using 396.6% CPU
Optimizing NNI: done in 0.188713 secs using 393.7% CPU
Optimizing NNI: done in 0.279559 secs using 394.6% CPU
Iteration 160 / LogL: -2729.416 / Time: 0h:0m:46s (0h:0m:24s left)
Optimizing NNI: done in 0.164003 secs using 392.9% CPU
BETTER TREE FOUND at iteration 161: -2729.410
Optimizing NNI: done in 0.18576 secs using 392.8% CPU
Optimizing NNI: done in 0.217518 secs using 396% CPU
Optimizing NNI: done in 0.223317 secs using 384.2% CPU
Optimizing NNI: done in 0.176937 secs using 393.1% CPU
BETTER TREE FOUND at iteration 165: -2729.410
Optimizing NNI: done in 0.128654 secs using 387.9% CPU
Optimizing NNI: done in 0.177844 secs using 394.6% CPU
Optimizing NNI: done in 0.218098 secs using 395.2% CPU
Optimizing NNI: done in 0.179837 secs using 390.5% CPU
Optimizing NNI: done in 0.220348 secs using 395.2% CPU
Iteration 170 / LogL: -2729.415 / Time: 0h:0m:48s (0h:0m:27s left)
Optimizing NNI: done in 0.215579 secs using 395.5% CPU
Optimizing NNI: done in 0.159153 secs using 391.5% CPU
Optimizing NNI: done in 0.176579 secs using 388.6% CPU
Optimizing NNI: done in 0.227684 secs using 396.1% CPU
Optimizing NNI: done in 0.238998 secs using 394.1% CPU
Optimizing NNI: done in 0.259553 secs using 398% CPU
Optimizing NNI: done in 0.198405 secs using 388.3% CPU
Optimizing NNI: done in 0.179573 secs using 400.6% CPU
Optimizing NNI: done in 0.233682 secs using 395.9% CPU
Optimizing NNI: done in 0.181741 secs using 392.5% CPU
Iteration 180 / LogL: -2729.411 / Time: 0h:0m:50s (0h:0m:23s left)
Optimizing NNI: done in 0.22367 secs using 396.8% CPU
Optimizing NNI: done in 0.22035 secs using 393.2% CPU
Optimizing NNI: done in 0.214952 secs using 389.3% CPU
Optimizing NNI: done in 0.171703 secs using 397.6% CPU
Optimizing NNI: done in 0.126455 secs using 393.7% CPU
Optimizing NNI: done in 0.169271 secs using 390.3% CPU
Optimizing NNI: done in 0.286782 secs using 394% CPU
Optimizing NNI: done in 0.248563 secs using 392.3% CPU
BETTER TREE FOUND at iteration 188: -2729.410
Optimizing NNI: done in 0.215104 secs using 398% CPU
Optimizing NNI: done in 0.204477 secs using 397.3% CPU
Iteration 190 / LogL: -2747.201 / Time: 0h:0m:52s (0h:0m:27s left)
Optimizing NNI: done in 0.259619 secs using 397% CPU
Optimizing NNI: done in 0.14596 secs using 393.2% CPU
Optimizing NNI: done in 0.272322 secs using 393.7% CPU
Optimizing NNI: done in 0.176716 secs using 393% CPU
Optimizing NNI: done in 0.177798 secs using 394.6% CPU
Optimizing NNI: done in 0.166913 secs using 397.8% CPU
BETTER TREE FOUND at iteration 196: -2729.409
Optimizing NNI: done in 0.251398 secs using 394.7% CPU
Optimizing NNI: done in 0.134665 secs using 394% CPU
Optimizing NNI: done in 0.227219 secs using 392.2% CPU
BETTER TREE FOUND at iteration 199: -2729.408
Optimizing NNI: done in 0.225457 secs using 392.9% CPU
Iteration 200 / LogL: -2729.419 / Time: 0h:0m:54s (0h:0m:27s left)
Optimizing NNI: done in 0.336278 secs using 395.7% CPU
Optimizing NNI: done in 0.278464 secs using 392.4% CPU
Optimizing NNI: done in 0.183461 secs using 398.4% CPU
Optimizing NNI: done in 0.221824 secs using 396.8% CPU
Optimizing NNI: done in 0.231198 secs using 395.2% CPU
BETTER TREE FOUND at iteration 205: -2729.408
Optimizing NNI: done in 0.223797 secs using 395% CPU
Optimizing NNI: done in 0.2123 secs using 392% CPU
Optimizing NNI: done in 0.182724 secs using 396.5% CPU
Optimizing NNI: done in 0.21206 secs using 394.7% CPU
Optimizing NNI: done in 0.197168 secs using 398.2% CPU
Iteration 210 / LogL: -2729.412 / Time: 0h:0m:57s (0h:0m:25s left)
Optimizing NNI: done in 0.126973 secs using 393% CPU
Optimizing NNI: done in 0.131627 secs using 392% CPU
Optimizing NNI: done in 0.209557 secs using 395.1% CPU
Optimizing NNI: done in 0.187015 secs using 394.8% CPU
Optimizing NNI: done in 0.175255 secs using 401.2% CPU
Optimizing NNI: done in 0.167897 secs using 396.3% CPU
Optimizing NNI: done in 0.222557 secs using 390.5% CPU
Optimizing NNI: done in 0.258955 secs using 395% CPU
Optimizing NNI: done in 0.192075 secs using 396.5% CPU
BETTER TREE FOUND at iteration 219: -2729.408
Optimizing NNI: done in 0.233407 secs using 399.7% CPU
Iteration 220 / LogL: -2729.414 / Time: 0h:0m:59s (0h:0m:26s left)
Optimizing NNI: done in 0.220259 secs using 396.6% CPU
Optimizing NNI: done in 0.230374 secs using 396.7% CPU
Optimizing NNI: done in 0.244956 secs using 393.8% CPU
Optimizing NNI: done in 0.133299 secs using 385.6% CPU
Optimizing NNI: done in 0.334013 secs using 394.9% CPU
Optimizing NNI: done in 0.262651 secs using 399.5% CPU
Optimizing NNI: done in 0.221303 secs using 395.7% CPU
Optimizing NNI: done in 0.124516 secs using 395.5% CPU
Optimizing NNI: done in 0.277872 secs using 396.3% CPU
Optimizing NNI: done in 0.25671 secs using 395.8% CPU
Iteration 230 / LogL: -2729.416 / Time: 0h:1m:1s (0h:0m:23s left)
Optimizing NNI: done in 0.198697 secs using 391.8% CPU
Optimizing NNI: done in 0.18882 secs using 395.3% CPU
Optimizing NNI: done in 0.266467 secs using 394.2% CPU
Optimizing NNI: done in 0.276017 secs using 397.9% CPU
Optimizing NNI: done in 0.192401 secs using 396.2% CPU
BETTER TREE FOUND at iteration 235: -2729.406
Optimizing NNI: done in 0.249869 secs using 398.9% CPU
Optimizing NNI: done in 0.301241 secs using 397.8% CPU
Optimizing NNI: done in 0.13717 secs using 396.3% CPU
Optimizing NNI: done in 0.209386 secs using 394.1% CPU
Optimizing NNI: done in 0.257916 secs using 394.5% CPU
Iteration 240 / LogL: -2729.409 / Time: 0h:1m:3s (0h:0m:25s left)
Optimizing NNI: done in 0.184256 secs using 397.4% CPU
Optimizing NNI: done in 0.237891 secs using 392.2% CPU
Optimizing NNI: done in 0.242925 secs using 398.5% CPU
Optimizing NNI: done in 0.220309 secs using 396% CPU
Optimizing NNI: done in 0.189519 secs using 395.4% CPU
Optimizing NNI: done in 0.220134 secs using 395.1% CPU
Optimizing NNI: done in 0.207387 secs using 394.3% CPU
Optimizing NNI: done in 0.243604 secs using 397.9% CPU
Optimizing NNI: done in 0.230646 secs using 395.4% CPU
Optimizing NNI: done in 0.403802 secs using 397.3% CPU
Iteration 250 / LogL: -2729.410 / Time: 0h:1m:6s (0h:0m:22s left)
Optimizing NNI: done in 0.272142 secs using 396.8% CPU
Optimizing NNI: done in 0.137728 secs using 401.4% CPU
Optimizing NNI: done in 0.280803 secs using 396.8% CPU
Optimizing NNI: done in 0.232815 secs using 396.6% CPU
Optimizing NNI: done in 0.247651 secs using 394.5% CPU
Optimizing NNI: done in 0.232812 secs using 397.1% CPU
Optimizing NNI: done in 0.132866 secs using 385.1% CPU
Optimizing NNI: done in 0.186112 secs using 399.6% CPU
Optimizing NNI: done in 0.165189 secs using 390.8% CPU
BETTER TREE FOUND at iteration 259: -2729.406
Optimizing NNI: done in 0.187708 secs using 392.6% CPU
Iteration 260 / LogL: -2729.413 / Time: 0h:1m:8s (0h:0m:26s left)
Optimizing NNI: done in 0.23724 secs using 396.7% CPU
Optimizing NNI: done in 0.225779 secs using 397.7% CPU
Optimizing NNI: done in 0.249833 secs using 400.5% CPU
Optimizing NNI: done in 0.217471 secs using 397.7% CPU
Optimizing NNI: done in 0.324237 secs using 397.3% CPU
Optimizing NNI: done in 0.169393 secs using 397.4% CPU
Optimizing NNI: done in 0.144991 secs using 384.1% CPU
Optimizing NNI: done in 0.247574 secs using 394.6% CPU
Optimizing NNI: done in 0.257277 secs using 395.4% CPU
Optimizing NNI: done in 0.175383 secs using 391.8% CPU
Iteration 270 / LogL: -2729.411 / Time: 0h:1m:10s (0h:0m:23s left)
Optimizing NNI: done in 0.17465 secs using 390.9% CPU
Optimizing NNI: done in 0.184701 secs using 398.5% CPU
Optimizing NNI: done in 0.190526 secs using 380.5% CPU
Optimizing NNI: done in 0.178498 secs using 393.4% CPU
Optimizing NNI: done in 0.273885 secs using 392% CPU
Optimizing NNI: done in 0.267443 secs using 394.4% CPU
Optimizing NNI: done in 0.184651 secs using 396.2% CPU
Optimizing NNI: done in 0.178209 secs using 396.1% CPU
Optimizing NNI: done in 0.237201 secs using 395.1% CPU
Optimizing NNI: done in 0.125745 secs using 395.8% CPU
Iteration 280 / LogL: -2729.410 / Time: 0h:1m:12s (0h:0m:20s left)
Optimizing NNI: done in 0.246819 secs using 390.6% CPU
Optimizing NNI: done in 0.236854 secs using 385.2% CPU
Optimizing NNI: done in 0.139369 secs using 392.6% CPU
Optimizing NNI: done in 0.218497 secs using 395% CPU
Optimizing NNI: done in 0.212425 secs using 399.3% CPU
Optimizing NNI: done in 0.267947 secs using 395.6% CPU
Optimizing NNI: done in 0.214174 secs using 394.2% CPU
Optimizing NNI: done in 0.180961 secs using 396.2% CPU
Optimizing NNI: done in 0.198601 secs using 397.3% CPU
Optimizing NNI: done in 0.26115 secs using 396.4% CPU
Iteration 290 / LogL: -2729.412 / Time: 0h:1m:14s (0h:0m:17s left)
Optimizing NNI: done in 0.213222 secs using 392.6% CPU
Optimizing NNI: done in 0.141487 secs using 396.7% CPU
Optimizing NNI: done in 0.135749 secs using 389.1% CPU
Optimizing NNI: done in 0.265435 secs using 394.6% CPU
Optimizing NNI: done in 0.187978 secs using 399.9% CPU
Optimizing NNI: done in 0.221847 secs using 399.6% CPU
Optimizing NNI: done in 0.182068 secs using 386.1% CPU
Optimizing NNI: done in 0.146923 secs using 402.1% CPU
Optimizing NNI: done in 0.175206 secs using 400.5% CPU
Optimizing NNI: done in 0.181198 secs using 393.8% CPU
Iteration 300 / LogL: -2735.302 / Time: 0h:1m:16s (0h:0m:15s left)
Optimizing NNI: done in 0.278026 secs using 396.3% CPU
Optimizing NNI: done in 0.133274 secs using 395.8% CPU
Optimizing NNI: done in 0.261996 secs using 394.6% CPU
Optimizing NNI: done in 0.178042 secs using 394.1% CPU
Optimizing NNI: done in 0.226119 secs using 397.6% CPU
Optimizing NNI: done in 0.240354 secs using 394.6% CPU
Optimizing NNI: done in 0.192514 secs using 399.1% CPU
Optimizing NNI: done in 0.172171 secs using 396% CPU
Optimizing NNI: done in 0.267452 secs using 399.1% CPU
Optimizing NNI: done in 0.18893 secs using 393.9% CPU
Iteration 310 / LogL: -2729.411 / Time: 0h:1m:19s (0h:0m:12s left)
Optimizing NNI: done in 0.129674 secs using 394.7% CPU
Optimizing NNI: done in 0.195248 secs using 390.8% CPU
Optimizing NNI: done in 0.225148 secs using 398.3% CPU
Optimizing NNI: done in 0.187563 secs using 392% CPU
Optimizing NNI: done in 0.139035 secs using 402% CPU
Optimizing NNI: done in 0.274203 secs using 396.3% CPU
Optimizing NNI: done in 0.203552 secs using 398.2% CPU
Optimizing NNI: done in 0.286961 secs using 394.7% CPU
Optimizing NNI: done in 0.221857 secs using 392.2% CPU
Optimizing NNI: done in 0.183655 secs using 392.6% CPU
Iteration 320 / LogL: -2729.409 / Time: 0h:1m:21s (0h:0m:9s left)
Optimizing NNI: done in 0.155547 secs using 394.6% CPU
Optimizing NNI: done in 0.226216 secs using 395.6% CPU
Optimizing NNI: done in 0.170784 secs using 398.2% CPU
Optimizing NNI: done in 0.352216 secs using 397% CPU
Optimizing NNI: done in 0.222844 secs using 386.3% CPU
Optimizing NNI: done in 0.231476 secs using 398.8% CPU
Optimizing NNI: done in 0.270083 secs using 400.9% CPU
Optimizing NNI: done in 0.207214 secs using 398.1% CPU
Optimizing NNI: done in 0.157276 secs using 396.1% CPU
Optimizing NNI: done in 0.13945 secs using 394.6% CPU
Iteration 330 / LogL: -2729.410 / Time: 0h:1m:23s (0h:0m:7s left)
Optimizing NNI: done in 0.181154 secs using 393.5% CPU
Optimizing NNI: done in 0.189886 secs using 392.5% CPU
Optimizing NNI: done in 0.132192 secs using 390.3% CPU
Optimizing NNI: done in 0.178689 secs using 394.2% CPU
Optimizing NNI: done in 0.213821 secs using 387.3% CPU
Optimizing NNI: done in 0.170983 secs using 397.4% CPU
Optimizing NNI: done in 0.185078 secs using 398.2% CPU
Optimizing NNI: done in 0.350334 secs using 396.6% CPU
Optimizing NNI: done in 0.245893 secs using 396.9% CPU
Optimizing NNI: done in 0.296383 secs using 397.3% CPU
Iteration 340 / LogL: -2729.408 / Time: 0h:1m:25s (0h:0m:4s left)
Optimizing NNI: done in 0.177365 secs using 390.7% CPU
Optimizing NNI: done in 0.139508 secs using 392.2% CPU
Optimizing NNI: done in 0.181242 secs using 390.4% CPU
Optimizing NNI: done in 0.17439 secs using 390.2% CPU
Optimizing NNI: done in 0.224866 secs using 396% CPU
Optimizing NNI: done in 0.226037 secs using 395.7% CPU
Optimizing NNI: done in 0.16288 secs using 392.2% CPU
Optimizing NNI: done in 0.189434 secs using 395.6% CPU
Optimizing NNI: done in 0.260741 secs using 392.3% CPU
Optimizing NNI: done in 0.273884 secs using 396.5% CPU
Iteration 350 / LogL: -2729.411 / Time: 0h:1m:27s (0h:0m:2s left)
Optimizing NNI: done in 0.270761 secs using 400.4% CPU
Optimizing NNI: done in 0.189982 secs using 399.4% CPU
Optimizing NNI: done in 0.194431 secs using 396.5% CPU
Optimizing NNI: done in 0.295894 secs using 394% CPU
Optimizing NNI: done in 0.202911 secs using 394.7% CPU
Optimizing NNI: done in 0.183881 secs using 391.9% CPU
Optimizing NNI: done in 0.253257 secs using 394.6% CPU
Optimizing NNI: done in 0.189593 secs using 384.6% CPU
Optimizing NNI: done in 0.223097 secs using 396% CPU
Optimizing NNI: done in 0.194457 secs using 394% CPU
Iteration 360 / LogL: -2729.416 / Time: 0h:1m:29s (0h:0m:-1s left)
TREE SEARCH COMPLETED AFTER 360 ITERATIONS / Time: 0h:1m:29s

--------------------------------------------------------------------
|                    FINALIZING TREE SEARCH                        |
--------------------------------------------------------------------
Performs final model parameters optimization
Estimate model parameters (epsilon = 0.010)
1. Initial log-likelihood: -2729.406
Optimal log-likelihood: -2729.397
Rate parameters:  A-C: 1.26260  A-G: 10.85407  A-T: 2.30390  C-G: 0.63264  C-T: 8.48483  G-T: 1.00000
Base frequencies:  A: 0.289  C: 0.273  G: 0.228  T: 0.210
Gamma shape alpha: 0.020
Parameters optimization took 1 rounds (0.053 sec)
BEST SCORE FOUND : -2729.397
Total tree length: 0.055

Total number of iterations: 360
CPU time used for tree search: 347.587 sec (0h:5m:47s)
Wall-clock time used for tree search: 89.045 sec (0h:1m:29s)
Total CPU time used: 350.642 sec (0h:5m:50s)
Total wall-clock time used: 89.899 sec (0h:1m:29s)

Analysis results written to: 
  IQ-TREE report:                FOXP2_GTR.iqtree
  Maximum-likelihood tree:       FOXP2_GTR.treefile
  Likelihood distances:          FOXP2_GTR.mldist
  Screen log file:               FOXP2_GTR.log

Date and Time: Mon Jan 29 17:27:31 2024
