IQ-TREE multicore version 2.2.0-beta COVID-edition for Linux 64-bit built Dec 21 2021 built Dec 21 2021
Developed by Bui Quang Minh, James Barbetti, Nguyen Lam Tung,
Olga Chernomor, Heiko Schmidt, Dominik Schrempf, Michael Woodhams, Ly Trong Nhan.

Host:    awarnach14 (SSE3, 3 GB RAM)
Command: iqtree -s codon_alignments_v4_Jan24/RYR2_codon_aligned.phy -m GTR+G4 -pre RYR2_GTR -nt 4
Seed:    144336 (Using SPRNG - Scalable Parallel Random Number Generator)
Time:    Mon Jan 29 17:03:12 2024
Kernel:  SSE2 - 4 threads (4 CPU cores detected)

Reading alignment file codon_alignments_v4_Jan24/RYR2_codon_aligned.phy ... Fasta format detected
Reading fasta file: done in 0.0550935 secs using 99.09% CPU
Alignment most likely contains DNA/RNA sequences
Constructing alignment: done in 0.0631789 secs using 66.9% CPU
Alignment has 88 sequences with 14925 columns, 2238 distinct patterns
944 parsimony-informative, 693 singleton sites, 13288 constant sites
                   Gap/Ambiguity  Composition  p-value
Analyzing sequences: done in 0.00107392 secs using 81.48% CPU
   1  Bacu_RYR2            2.03%    passed     89.91%
   2  Barn_RYR2           37.41%    passed     74.01%
   3  Bbai76728_RYR2      21.53%    passed     63.46%
   4  BbonAUS_RYR2        12.98%    passed     69.25%
   5  Bbor_RYR2            9.53%    passed     98.25%
   6  Bede66737_RYR2       8.44%    passed     98.90%
   7  BedeAUS_RYR2        11.36%    passed     93.74%
   8  Bmus_RYR2            0.06%    passed     92.74%
   9  Bmys_RYR2           66.55%    failed      1.62%
  10  Bphy_RYR2           14.55%    passed     75.74%
  11  Bphy_baits_RYR2     15.68%    passed     78.26%
  12  Bric_RYR2            0.08%    passed     92.49%
  13  Ccom40_RYR2         19.26%    passed     96.19%
  14  Chea7320_RYR2        9.67%    passed     93.29%
  15  Cmar59905_RYR2      15.24%    passed     65.67%
  16  Dcap108471_RYR2      9.33%    passed     99.83%
  17  Dcap79929_RYR2      14.41%    passed     49.55%
  18  DdelSJR_RYR2         7.70%    passed     98.91%
  19  Ddel_RYR2            0.44%    passed     92.33%
  20  Ddeltrop4525_RYR2   10.19%    passed     98.68%
  21  Dleu_RYR2            0.42%    passed     92.57%
  22  EausAUS_RYR2         8.30%    passed     95.10%
  23  Egla13086_RYR2      12.70%    passed     95.78%
  24  Ejap43864_RYR2      10.69%    passed     95.20%
  25  Erob133443_RYR2     10.97%    passed     98.17%
  26  Fatt_RYR2            7.94%    passed     99.75%
  27  Ggri_RYR2            7.68%    passed     99.04%
  28  Gmac39091_RYR2       8.08%    passed     99.43%
  29  Gmel_RYR2            0.44%    passed     93.52%
  30  Hamp_RYR2            8.44%    passed     84.72%
  31  Igeo_RYR2           29.21%    passed     94.85%
  32  Kbre_RYR2            0.52%    passed     96.60%
  33  Ksim_RYR2           13.49%    passed     96.82%
  34  Lacu_RYR2           10.63%    passed     97.37%
  35  Lalb_RYR2            0.42%    passed     90.91%
  36  Laus_RYR2            7.50%    passed     99.52%
  37  Lbor_RYR2           15.40%    passed     94.82%
  38  Lhos30470_RYR2      17.49%    passed     41.00%
  39  Lhos452_RYR2         9.09%    passed     98.83%
  40  Lobl_RYR2            0.28%    passed     94.00%
  41  Lobs_RYR2           10.39%    passed     97.63%
  42  LperAUS_RYR2        10.77%    passed     99.64%
  43  Mbid_RYR2           27.12%    passed     36.49%
  44  Mbow_RYR2           11.12%    passed     54.45%
  45  Mcar_RYR2            8.78%    passed     62.32%
  46  Mden_RYR2            0.00%    passed     79.27%
  47  Meur_RYR2           10.33%    passed     94.98%
  48  Mgin_RYR2            8.98%    passed     80.08%
  49  MgraAUS_RYR2        37.21%    passed     56.31%
  50  Mhec_RYR2           13.87%    passed     86.88%
  51  MlayAUS_RYR2         8.32%    passed     76.20%
  52  Mmir_RYR2           18.19%    passed     91.10%
  53  Mmon_RYR2            0.68%    passed     95.26%
  54  Mper_RYR2           10.65%    passed     80.27%
  55  Mpni_RYR2           11.82%    passed     97.52%
  56  Mste_RYR2           11.16%    passed     86.78%
  57  Naasi_RYR2           0.28%    passed     92.07%
  58  Npho_RYR2            7.64%    passed     96.87%
  59  Obre_RYR2            7.52%    passed     99.75%
  60  Ohei_RYR2            9.23%    passed     98.69%
  61  Oorc_RYR2            0.44%    passed     95.45%
  62  Pbla7349_RYR2       14.01%    passed     99.34%
  63  Pcat_RYR2            0.40%    passed     91.70%
  64  Pcra123188_RYR2      9.59%    passed     91.69%
  65  Pdal_RYR2           36.20%    passed     72.54%
  66  Pdio_RYR2            9.29%    passed     99.86%
  67  Pele_RYR2            9.43%    passed     99.07%
  68  Pmac_RYR2           43.14%    failed      0.00%
  69  Ppho_RYR2           13.91%    passed     96.04%
  70  Psin_RYR2            0.30%    passed     95.55%
  71  Pspi_RYR2           17.03%    passed     96.73%
  72  Satt18473_RYR2       9.45%    passed     97.65%
  73  Satt38219_RYR2      11.64%    passed     98.62%
  74  Sbre116871_RYR2      7.62%    passed     99.47%
  75  Sbre18437_RYR2       9.43%    passed     99.98%
  76  Schi_RYR2            9.25%    passed     99.95%
  77  Scly1724_RYR2       29.99%    passed     10.67%
  78  Scly1726_RYR2        8.08%    passed     96.55%
  79  Scoe_RYR2           13.29%    passed     88.44%
  80  Sflu9837_RYR2       10.55%    passed     97.25%
  81  Sfro7782_RYR2       18.47%    passed     77.13%
  82  Sfro7784_RYR2        8.12%    passed     98.05%
  83  Slon16012_RYR2       8.94%    passed     98.21%
  84  Slon24923_RYR2       7.18%    passed     99.13%
  85  Tadu79924_RYR2      10.99%    passed     89.92%
  86  Tshe_RYR2            9.35%    passed     87.73%
  87  Ttru_RYR2            0.60%    passed     89.56%
  88  Zcav_RYR2           20.68%    passed     85.42%
WARNING: 1 sequences contain more than 50% gaps/ambiguity
****  TOTAL               11.79%  2 sequences failed composition chi2 test (p-value<5%; df=3)
Checking for duplicate sequences: done in 0.00309046 secs using 148% CPU

Create initial parsimony tree by phylogenetic likelihood library (PLL)... 0.005 seconds

NOTE: 25 MB RAM (0 GB) is required!
Estimate model parameters (epsilon = 0.100)
1. Initial log-likelihood: -74288.440
2. Current log-likelihood: -63943.469
3. Current log-likelihood: -60621.448
4. Current log-likelihood: -60489.714
5. Current log-likelihood: -60486.330
6. Current log-likelihood: -60485.892
Optimal log-likelihood: -60485.872
Rate parameters:  A-C: 1.54133  A-G: 6.59720  A-T: 0.43334  C-G: 1.56456  C-T: 10.41236  G-T: 1.00000
Base frequencies:  A: 0.278  C: 0.224  G: 0.254  T: 0.244
Gamma shape alpha: 0.095
Parameters optimization took 6 rounds (5.782 sec)
Wrote distance file to... 
Computing ML distances based on estimated model parameters...
Calculating distance matrix: done in 0.0555095 secs using 403.6% CPU
Computing ML distances took 0.058255 sec (of wall-clock time) 0.224115 sec (of CPU time)
Setting up auxiliary I and S matrices: done in 0.000884224 secs using 275.6% CPU
Constructing RapidNJ tree: done in 0.060001 secs using 57.23% CPU
Computing RapidNJ tree took 0.061078 sec (of wall-clock time) 0.036892 sec (of CPU time)
ERROR: Alignment sequence Bacu_RYR2 does not appear in the tree
ERROR: Alignment sequence Barn_RYR2 does not appear in the tree
ERROR: Alignment sequence Bbai76728_RYR2 does not appear in the tree
ERROR: Alignment sequence BbonAUS_RYR2 does not appear in the tree
ERROR: Alignment sequence Bbor_RYR2 does not appear in the tree
ERROR: Alignment sequence Bede66737_RYR2 does not appear in the tree
ERROR: Alignment sequence BedeAUS_RYR2 does not appear in the tree
ERROR: Alignment sequence Bmus_RYR2 does not appear in the tree
ERROR: Alignment sequence Bmys_RYR2 does not appear in the tree
ERROR: Alignment sequence Bphy_RYR2 does not appear in the tree
ERROR: Alignment sequence Bphy_baits_RYR2 does not appear in the tree
ERROR: Alignment sequence Bric_RYR2 does not appear in the tree
ERROR: Alignment sequence Ccom40_RYR2 does not appear in the tree
ERROR: Alignment sequence Chea7320_RYR2 does not appear in the tree
ERROR: Alignment sequence Cmar59905_RYR2 does not appear in the tree
ERROR: Alignment sequence Dleu_RYR2 does not appear in the tree
ERROR: Alignment sequence EausAUS_RYR2 does not appear in the tree
ERROR: Alignment sequence Egla13086_RYR2 does not appear in the tree
ERROR: Alignment sequence Ejap43864_RYR2 does not appear in the tree
ERROR: Alignment sequence Erob133443_RYR2 does not appear in the tree
ERROR: Alignment sequence Fatt_RYR2 does not appear in the tree
ERROR: Alignment sequence Ggri_RYR2 does not appear in the tree
ERROR: Alignment sequence Gmac39091_RYR2 does not appear in the tree
ERROR: Alignment sequence Gmel_RYR2 does not appear in the tree
ERROR: Alignment sequence Hamp_RYR2 does not appear in the tree
ERROR: Alignment sequence Igeo_RYR2 does not appear in the tree
ERROR: Alignment sequence Kbre_RYR2 does not appear in the tree
ERROR: Alignment sequence Ksim_RYR2 does not appear in the tree
ERROR: Alignment sequence Lacu_RYR2 does not appear in the tree
ERROR: Alignment sequence Lalb_RYR2 does not appear in the tree
ERROR: Alignment sequence Laus_RYR2 does not appear in the tree
ERROR: Alignment sequence Lbor_RYR2 does not appear in the tree
ERROR: Alignment sequence Lobl_RYR2 does not appear in the tree
ERROR: Alignment sequence Lobs_RYR2 does not appear in the tree
ERROR: Alignment sequence LperAUS_RYR2 does not appear in the tree
ERROR: Alignment sequence Mbid_RYR2 does not appear in the tree
ERROR: Alignment sequence Mbow_RYR2 does not appear in the tree
ERROR: Alignment sequence Mcar_RYR2 does not appear in the tree
ERROR: Alignment sequence Mden_RYR2 does not appear in the tree
ERROR: Alignment sequence Meur_RYR2 does not appear in the tree
ERROR: Alignment sequence Mgin_RYR2 does not appear in the tree
ERROR: Alignment sequence MgraAUS_RYR2 does not appear in the tree
ERROR: Alignment sequence Mhec_RYR2 does not appear in the tree
ERROR: Alignment sequence MlayAUS_RYR2 does not appear in the tree
ERROR: Alignment sequence Mmir_RYR2 does not appear in the tree
ERROR: Alignment sequence Mmon_RYR2 does not appear in the tree
ERROR: Alignment sequence Mper_RYR2 does not appear in the tree
ERROR: Alignment sequence Mpni_RYR2 does not appear in the tree
ERROR: Alignment sequence Mste_RYR2 does not appear in the tree
ERROR: Alignment sequence Naasi_RYR2 does not appear in the tree
ERROR: Alignment sequence Npho_RYR2 does not appear in the tree
ERROR: Alignment sequence Obre_RYR2 does not appear in the tree
ERROR: Alignment sequence Ohei_RYR2 does not appear in the tree
ERROR: Alignment sequence Oorc_RYR2 does not appear in the tree
ERROR: Alignment sequence Pbla7349_RYR2 does not appear in the tree
ERROR: Alignment sequence Pcat_RYR2 does not appear in the tree
ERROR: Alignment sequence Pcra123188_RYR2 does not appear in the tree
ERROR: Alignment sequence Pdal_RYR2 does not appear in the tree
ERROR: Alignment sequence Pdio_RYR2 does not appear in the tree
ERROR: Alignment sequence Pele_RYR2 does not appear in the tree
ERROR: Alignment sequence Pmac_RYR2 does not appear in the tree
ERROR: Alignment sequence Ppho_RYR2 does not appear in the tree
ERROR: Alignment sequence Psin_RYR2 does not appear in the tree
ERROR: Alignment sequence Pspi_RYR2 does not appear in the tree
ERROR: Alignment sequence Sbre116871_RYR2 does not appear in the tree
ERROR: Alignment sequence Sbre18437_RYR2 does not appear in the tree
ERROR: Alignment sequence Schi_RYR2 does not appear in the tree
ERROR: Alignment sequence Sflu9837_RYR2 does not appear in the tree
ERROR: Alignment sequence Tshe_RYR2 does not appear in the tree
ERROR: Alignment sequence Zcav_RYR2 does not appear in the tree
(Tadu79924_RYR2,Ttru_RYR2,((Scoe_RYR2,(((Scly1724_RYR2,Slon24923_RYR2),(Slon16012_RYR2,Scly1726_RYR2)),(Lhos30470_RYR2,Lhos452_RYR2))),(((Satt18473_RYR2,(Sfro7782_RYR2,Sfro7784_RYR2)),Satt38219_RYR2),((((Dcap108471_RYR2,Ddel_RYR2),Dcap79929_RYR2),DdelSJR_RYR2),Ddeltrop4525_RYR2))));
ERROR: Tree taxa and alignment sequence do not match (see above)
