IQ-TREE multicore version 2.2.0-beta COVID-edition for Linux 64-bit built Dec 21 2021 built Dec 21 2021
Developed by Bui Quang Minh, James Barbetti, Nguyen Lam Tung,
Olga Chernomor, Heiko Schmidt, Dominik Schrempf, Michael Woodhams, Ly Trong Nhan.

Host:    awarnach22 (AVX2, FMA3, 251 GB RAM)
Command: iqtree -s ../NRXN1_codon_aligned.fasta -st CODON -m MFP -pre NRXN1_codon -nt 4
Seed:    465012 (Using SPRNG - Scalable Parallel Random Number Generator)
Time:    Tue Jun 25 16:08:50 2024
Kernel:  AVX+FMA - 4 threads (36 CPU cores detected)

Reading alignment file ../NRXN1_codon_aligned.fasta ... Fasta format detected
Reading fasta file: done in 0.00138902 secs using 49.96% CPU
Alignment most likely contains DNA/RNA sequences
Converting to codon sequences with genetic code  ...
Constructing alignment: done in 0.0016058 secs using 162.9% CPU
Alignment has 16 sequences with 1529 columns, 310 distinct patterns
78 parsimony-informative, 123 singleton sites, 1328 constant sites
       Gap/Ambiguity  Composition  p-value
Analyzing sequences: done in 1.36383e-05 secs using 95.32% CPU
   1  Oorc     1.31%    passed    100.00%
   2  Pcat     0.00%    passed    100.00%
   3  Bacu     1.31%    passed    100.00%
   4  Dleu     1.05%    passed    100.00%
   5  Naasi    0.00%    passed    100.00%
   6  Lobl    20.54%    passed     99.97%
   7  Mmon     1.50%    passed    100.00%
   8  Gmel     1.31%    passed    100.00%
   9  Psin     0.00%    passed    100.00%
  10  Bmus     1.05%    passed    100.00%
  11  Kbre     0.00%    passed    100.00%
  12  Bric     0.00%    passed    100.00%
  13  Ddel     0.00%    passed    100.00%
  14  Mden     1.05%    passed    100.00%
  15  Lalb     1.31%    passed    100.00%
  16  Egla     1.31%    passed    100.00%
****  TOTAL    1.98%  0 sequences failed composition chi2 test (p-value<5%; df=60)
Checking for duplicate sequences: done in 5.68517e-05 secs using 98.5% CPU

NOTE: Restoring information from model checkpoint file NRXN1_codon.model.gz

CHECKPOINT: Initial tree restored
Perform fast likelihood tree search using GY+F3X4+I+G model...
Estimate model parameters (epsilon = 5.000)
Perform nearest neighbor interchange...
Optimizing NNI: done in 0.21314 secs using 390.6% CPU
Estimate model parameters (epsilon = 1.000)
1. Initial log-likelihood: -8299.700
Optimal log-likelihood: -8299.471
Nonsynonymous/synonymous ratio (omega): 0.099
Transition/transversion ratio (kappa): 2.812
Proportion of invariable sites: 0.406
Gamma shape alpha: 0.232
Parameters optimization took 1 rounds (0.364 sec)
Time for fast ML tree search: 2.394 seconds

NOTE: ModelFinder requires 28 MB RAM!
ModelFinder will test up to 195 codon models (sample size: 1529) ...
 No. Model         -LnL         df  AIC          AICc         BIC
  1  GY+F3X4       8432.141     40  16944.282    16946.487    17157.577
  2  GY+F3X4+I     8291.815     41  16665.630    16667.946    16884.258
  3  GY+F3X4+G4    8297.945     41  16677.890    16680.206    16896.517
  4  GY+F3X4+I+G4  8279.033     42  16642.067    16644.498    16866.026
  5  GY+F3X4+R2    8205.389     42  16494.779    16497.209    16718.738
  6  GY+F3X4+R3    8191.635     44  16471.270    16473.939    16705.894
  7  GY+F3X4+R4    8170.980     46  16433.961    16436.878    16679.250
  8  GY+F3X4+R5    8165.359     48  16426.718    16429.897    16682.672
 20  GY+F1X4+R4    8221.599     40  16523.198    16525.402    16736.492
 21  GY+F1X4+R5    8215.760     42  16515.520    16517.951    16739.480
 33  GY+F+R4       8061.357     97  16316.714    16330.000    16833.954
 34  GY+F+R5       8055.275     99  16308.551    16322.406    16836.455
 46  MGK+F3X4+R4   8152.765     46  16397.530    16400.448    16642.819
 47  MGK+F3X4+R5   8150.051     48  16396.103    16399.281    16652.056
 59  MGK+F1X4+R4   8220.193     40  16520.386    16522.591    16733.681
 60  MGK+F1X4+R5   8214.138     42  16512.275    16514.706    16736.235
 72  MG+F3X4+R4    8152.751     45  16395.502    16398.294    16635.458
 73  MG+F3X4+R5    8150.186     47  16394.372    16397.418    16644.993
 85  MG+F1X4+R4    8220.177     39  16518.354    16520.449    16726.316
 86  MG+F1X4+R5    8214.123     41  16510.245    16512.561    16728.872
 98  KOSI07+F3X4+R4 8198.796     44  16485.593    16488.261    16720.217
 99  KOSI07+F3X4+R5 8190.651     46  16473.303    16476.220    16718.591
111  KOSI07+F1X4+R4 8265.706     38  16607.412    16609.401    16810.042
112  KOSI07+F1X4+R5 8255.519     40  16591.039    16593.243    16804.334
124  KOSI07+F+R4   8086.823     95  16363.646    16376.375    16870.221
125  KOSI07+F+R5   8079.682     97  16353.364    16366.649    16870.603
137  KOSI07+FU+R4  8172.334     35  16414.668    16416.356    16601.301
138  KOSI07+FU+R5  8162.876     37  16399.753    16401.639    16597.050
150  SCHN05+F3X4+R4 8200.388     44  16488.775    16491.444    16723.399
151  SCHN05+F3X4+R5 8189.966     46  16471.931    16474.849    16717.220
163  SCHN05+F1X4+R4 8264.794     38  16605.587    16607.577    16808.217
164  SCHN05+F1X4+R5 8252.489     40  16584.977    16587.181    16798.272
176  SCHN05+F+R4   8083.880     95  16357.761    16370.489    16864.336
177  SCHN05+F+R5   8072.661     97  16339.322    16352.607    16856.561
189  SCHN05+FU+R4  8166.987     35  16403.974    16405.662    16590.607
190  SCHN05+FU+R5  8101.443     37  16276.886    16278.771    16474.183
Akaike Information Criterion:           SCHN05+FU+R5
Corrected Akaike Information Criterion: SCHN05+FU+R5
Bayesian Information Criterion:         SCHN05+FU+R5
Best-fit model: SCHN05+FU+R5 chosen according to BIC

All model information printed to NRXN1_codon.model.gz
CPU time for ModelFinder: 1812.080 seconds (0h:30m:12s)
Wall-clock time for ModelFinder: 458.634 seconds (0h:7m:38s)

NOTE: 14 MB RAM (0 GB) is required!
Estimate model parameters (epsilon = 0.100)
1. Initial log-likelihood: -8101.443
Optimal log-likelihood: -8101.337
Nonsynonymous/synonymous ratio (omega): 0.075
Transition/transversion ratio (kappa): 3.158
Site proportion and rates:  (0.508,0.003) (0.205,0.022) (0.194,0.089) (0.082,0.245) (0.011,84.636)
Parameters optimization took 1 rounds (0.856 sec)
Wrote distance file to... 
Computing ML distances based on estimated model parameters...
Calculating distance matrix: done in 0.264737 secs using 393.2% CPU
Computing ML distances took 0.264893 sec (of wall-clock time) 1.041213 sec (of CPU time)
Setting up auxiliary I and S matrices: done in 0.00030021 secs using 260.8% CPU
Constructing RapidNJ tree: done in 0.00301071 secs using 245.6% CPU
Computing RapidNJ tree took 0.003901 sec (of wall-clock time) 0.008939 sec (of CPU time)
Log-likelihood of RapidNJ tree: -8103.026
--------------------------------------------------------------------
|             INITIALIZING CANDIDATE TREE SET                      |
--------------------------------------------------------------------
Generating 98 parsimony trees... 0.062 second
Computing log-likelihood of 98 initial trees ... 7.097 seconds
Current best score: -8101.337

Do NNI search on 20 best initial trees
Optimizing NNI: done in 0.270812 secs using 392.9% CPU
Estimate model parameters (epsilon = 0.100)
BETTER TREE FOUND at iteration 1: -8101.252
Optimizing NNI: done in 0.403621 secs using 395% CPU
Optimizing NNI: done in 0.711467 secs using 396.3% CPU
Optimizing NNI: done in 0.71899 secs using 396.3% CPU
Optimizing NNI: done in 0.721312 secs using 393.7% CPU
Optimizing NNI: done in 0.770066 secs using 394.1% CPU
Optimizing NNI: done in 0.421677 secs using 397.6% CPU
Optimizing NNI: done in 0.767525 secs using 395.5% CPU
Optimizing NNI: done in 0.487485 secs using 391.9% CPU
Optimizing NNI: done in 0.646251 secs using 395.5% CPU
UPDATE BEST LOG-LIKELIHOOD: -8101.252
Iteration 10 / LogL: -8101.252 / Time: 0h:0m:15s
Optimizing NNI: done in 0.9478 secs using 395.1% CPU
Optimizing NNI: done in 0.758668 secs using 394% CPU
Optimizing NNI: done in 0.711599 secs using 396.7% CPU
Optimizing NNI: done in 0.721433 secs using 393.8% CPU
Optimizing NNI: done in 0.760244 secs using 395% CPU
Optimizing NNI: done in 0.771901 secs using 394.5% CPU
Optimizing NNI: done in 0.755132 secs using 396% CPU
Optimizing NNI: done in 0.753704 secs using 395.5% CPU
Optimizing NNI: done in 0.640774 secs using 395.2% CPU
Optimizing NNI: done in 0.481992 secs using 397% CPU
Iteration 20 / LogL: -8101.287 / Time: 0h:0m:23s
Finish initializing candidate tree set (5)
Current best tree score: -8101.252 / CPU time: 21.603
Number of iterations: 20
--------------------------------------------------------------------
|               OPTIMIZING CANDIDATE TREE SET                      |
--------------------------------------------------------------------
Optimizing NNI: done in 0.898077 secs using 396.8% CPU
Optimizing NNI: done in 0.82402 secs using 395.5% CPU
Optimizing NNI: done in 1.30008 secs using 396% CPU
Optimizing NNI: done in 1.08412 secs using 395.5% CPU
Optimizing NNI: done in 0.556673 secs using 395.2% CPU
Optimizing NNI: done in 1.17917 secs using 396.8% CPU
Optimizing NNI: done in 1.17103 secs using 394.5% CPU
Optimizing NNI: done in 0.504049 secs using 395.1% CPU
Optimizing NNI: done in 0.809341 secs using 397.2% CPU
Optimizing NNI: done in 0.68818 secs using 394.6% CPU
Iteration 30 / LogL: -8101.573 / Time: 0h:0m:32s (0h:1m:18s left)
Optimizing NNI: done in 1.31676 secs using 395% CPU
Optimizing NNI: done in 0.796682 secs using 394.6% CPU
Optimizing NNI: done in 1.11599 secs using 395.9% CPU
Optimizing NNI: done in 0.757962 secs using 396.9% CPU
Optimizing NNI: done in 0.918315 secs using 398% CPU
Optimizing NNI: done in 0.870328 secs using 394% CPU
Optimizing NNI: done in 1.05994 secs using 396.3% CPU
Optimizing NNI: done in 0.858513 secs using 395.5% CPU
Optimizing NNI: done in 1.12021 secs using 394.9% CPU
Optimizing NNI: done in 0.784753 secs using 395.5% CPU
Iteration 40 / LogL: -8101.574 / Time: 0h:0m:41s (0h:1m:5s left)
Optimizing NNI: done in 0.769872 secs using 397.7% CPU
Optimizing NNI: done in 0.823261 secs using 395.7% CPU
Optimizing NNI: done in 1.10812 secs using 396.4% CPU
Optimizing NNI: done in 0.837812 secs using 397.1% CPU
Optimizing NNI: done in 1.06994 secs using 396% CPU
Optimizing NNI: done in 0.774461 secs using 393.2% CPU
Optimizing NNI: done in 0.529323 secs using 397.9% CPU
Optimizing NNI: done in 0.745833 secs using 394.6% CPU
Optimizing NNI: done in 1.07868 secs using 397.1% CPU
Optimizing NNI: done in 1.19519 secs using 396.2% CPU
Iteration 50 / LogL: -8101.692 / Time: 0h:0m:51s (0h:0m:53s left)
Optimizing NNI: done in 1.33947 secs using 395.3% CPU
Optimizing NNI: done in 1.05086 secs using 396.5% CPU
Optimizing NNI: done in 1.11726 secs using 395.5% CPU
Optimizing NNI: done in 0.894386 secs using 396.9% CPU
UPDATE BEST LOG-LIKELIHOOD: -8101.252
Optimizing NNI: done in 0.679471 secs using 393.7% CPU
Optimizing NNI: done in 0.860184 secs using 395.4% CPU
Optimizing NNI: done in 0.709682 secs using 395.3% CPU
Optimizing NNI: done in 0.964965 secs using 395.1% CPU
Optimizing NNI: done in 0.962692 secs using 397.3% CPU
Optimizing NNI: done in 1.25263 secs using 395.6% CPU
Iteration 60 / LogL: -8101.692 / Time: 0h:1m:1s (0h:0m:42s left)
Optimizing NNI: done in 1.00346 secs using 395.9% CPU
Optimizing NNI: done in 0.81808 secs using 396% CPU
Optimizing NNI: done in 1.01695 secs using 394.7% CPU
Optimizing NNI: done in 0.732845 secs using 395.7% CPU
Optimizing NNI: done in 0.970752 secs using 395.2% CPU
Optimizing NNI: done in 1.33072 secs using 394.7% CPU
Optimizing NNI: done in 0.919008 secs using 396.2% CPU
Optimizing NNI: done in 1.22178 secs using 396% CPU
Optimizing NNI: done in 0.802119 secs using 395.4% CPU
Optimizing NNI: done in 1.20711 secs using 397% CPU
Iteration 70 / LogL: -8101.255 / Time: 0h:1m:11s (0h:0m:32s left)
Optimizing NNI: done in 1.32858 secs using 397.3% CPU
Optimizing NNI: done in 0.931188 secs using 395.1% CPU
Optimizing NNI: done in 0.841528 secs using 396.2% CPU
Optimizing NNI: done in 1.17059 secs using 396.7% CPU
Optimizing NNI: done in 1.32119 secs using 395.2% CPU
Optimizing NNI: done in 1.22747 secs using 394.5% CPU
Optimizing NNI: done in 1.08701 secs using 395.4% CPU
Optimizing NNI: done in 0.789275 secs using 393% CPU
Optimizing NNI: done in 1.03897 secs using 396.3% CPU
Optimizing NNI: done in 1.10583 secs using 396.3% CPU
Iteration 80 / LogL: -8101.266 / Time: 0h:1m:22s (0h:0m:21s left)
Optimizing NNI: done in 1.39482 secs using 394.6% CPU
Optimizing NNI: done in 0.962675 secs using 396.3% CPU
Optimizing NNI: done in 0.760636 secs using 395.7% CPU
Optimizing NNI: done in 1.04502 secs using 394% CPU
Optimizing NNI: done in 1.17181 secs using 396.1% CPU
Optimizing NNI: done in 0.831559 secs using 396.7% CPU
Optimizing NNI: done in 1.26415 secs using 396.6% CPU
Optimizing NNI: done in 0.809096 secs using 395% CPU
Optimizing NNI: done in 0.807943 secs using 395.6% CPU
Optimizing NNI: done in 1.02 secs using 397.1% CPU
Iteration 90 / LogL: -8101.692 / Time: 0h:1m:32s (0h:0m:11s left)
Optimizing NNI: done in 1.0642 secs using 397% CPU
Optimizing NNI: done in 1.37138 secs using 397.2% CPU
Optimizing NNI: done in 1.64724 secs using 396.4% CPU
Optimizing NNI: done in 0.608896 secs using 394.7% CPU
Optimizing NNI: done in 0.975665 secs using 396.1% CPU
Optimizing NNI: done in 1.2268 secs using 396.2% CPU
Optimizing NNI: done in 1.15275 secs using 397.7% CPU
Optimizing NNI: done in 0.765248 secs using 394.9% CPU
Optimizing NNI: done in 1.60874 secs using 396.5% CPU
Optimizing NNI: done in 1.37462 secs using 396% CPU
Iteration 100 / LogL: -8101.255 / Time: 0h:1m:44s (0h:0m:1s left)
Optimizing NNI: done in 1.21012 secs using 396.5% CPU
Optimizing NNI: done in 0.924391 secs using 397% CPU
TREE SEARCH COMPLETED AFTER 102 ITERATIONS / Time: 0h:1m:46s

--------------------------------------------------------------------
|                    FINALIZING TREE SEARCH                        |
--------------------------------------------------------------------
Performs final model parameters optimization
Estimate model parameters (epsilon = 0.010)
1. Initial log-likelihood: -8101.252
2. Current log-likelihood: -8101.201
3. Current log-likelihood: -8101.150
4. Current log-likelihood: -8101.106
5. Current log-likelihood: -8101.069
6. Current log-likelihood: -8101.036
7. Current log-likelihood: -8101.007
8. Current log-likelihood: -8100.982
9. Current log-likelihood: -8100.961
10. Current log-likelihood: -8100.943
11. Current log-likelihood: -8100.927
12. Current log-likelihood: -8100.913
13. Current log-likelihood: -8100.901
14. Current log-likelihood: -8100.890
Optimal log-likelihood: -8100.881
Nonsynonymous/synonymous ratio (omega): 0.075
Transition/transversion ratio (kappa): 3.158
Site proportion and rates:  (0.523,0.003) (0.203,0.011) (0.180,0.117) (0.083,0.187) (0.011,85.337)
Parameters optimization took 14 rounds (12.203 sec)
BEST SCORE FOUND : -8100.881
Total tree length: 3.922

Total number of iterations: 102
CPU time used for tree search: 415.316 sec (0h:6m:55s)
Wall-clock time used for tree search: 105.145 sec (0h:1m:45s)
Total CPU time used: 469.544 sec (0h:7m:49s)
Total wall-clock time used: 118.809 sec (0h:1m:58s)

Analysis results written to: 
  IQ-TREE report:                NRXN1_codon.iqtree
  Maximum-likelihood tree:       NRXN1_codon.treefile
  Likelihood distances:          NRXN1_codon.mldist
  Screen log file:               NRXN1_codon.log

Date and Time: Tue Jun 25 16:18:27 2024
