IQ-TREE multicore version 2.2.0-beta COVID-edition for Linux 64-bit built Dec 21 2021 built Dec 21 2021
Developed by Bui Quang Minh, James Barbetti, Nguyen Lam Tung,
Olga Chernomor, Heiko Schmidt, Dominik Schrempf, Michael Woodhams, Ly Trong Nhan.

Host:    awarnach20 (AVX, FMA3, 251 GB RAM)
Command: iqtree -s codon_align_fasta/CASQ1_codon_aligned.fasta -st CODON -m MFP -pre CASQ1_fasta -nt AUTO
Seed:    880889 (Using SPRNG - Scalable Parallel Random Number Generator)
Time:    Tue Oct  1 17:14:11 2024
Kernel:  AVX+FMA - auto-detect threads (48 CPU cores detected)

Reading alignment file codon_align_fasta/CASQ1_codon_aligned.fasta ... Fasta format detected
Reading fasta file: done in 0.00352473 secs using 24.4% CPU
Alignment most likely contains DNA/RNA sequences
Converting to codon sequences with genetic code  ...
WARNING: Sequence Naasi has ambiguous character NNG at site 664
Constructing alignment: done in 0.00263793 secs using 3604% CPU
Alignment has 84 sequences with 393 columns, 292 distinct patterns
62 parsimony-informative, 51 singleton sites, 280 constant sites
            Gap/Ambiguity  Composition  p-value
Analyzing sequences: done in 0.00127252 secs using 4835% CPU
   1  Bacu          0.00%    passed    100.00%
   2  Barn         38.42%    passed    100.00%
   3  Bbai         17.81%    passed    100.00%
   4  Bbon         10.43%    passed    100.00%
   5  Bbor         19.08%    passed    100.00%
   6  Bede66737    25.45%    passed    100.00%
   7  BedeAUS      10.43%    passed    100.00%
   8  Bmus          0.00%    passed    100.00%
   9  Bmys          6.36%    passed    100.00%
  10  Bphy         11.20%    passed    100.00%
  11  Ccom         17.81%    passed    100.00%
  12  Chea          4.83%    passed    100.00%
  13  Cmar         10.43%    passed    100.00%
  14  Dcap108471   12.21%    passed    100.00%
  15  Dcap79929     4.07%    passed    100.00%
  16  Ddel         11.20%    passed    100.00%
  17  Ddeltrop      0.00%    passed    100.00%
  18  Dleu          0.00%    passed    100.00%
  19  Eaus         25.45%    passed    100.00%
  20  Egla         15.27%    passed    100.00%
  21  Ejap          6.36%    passed    100.00%
  22  Erob          6.36%    passed    100.00%
  23  Fatt         11.20%    passed    100.00%
  24  Ggri          4.83%    passed    100.00%
  25  Gmac          4.83%    passed    100.00%
  26  Gmel          0.00%    passed    100.00%
  27  Hamp         17.56%    passed    100.00%
  28  Igeo         32.57%    passed    100.00%
  29  Kbre         12.72%    passed    100.00%
  30  Ksim         17.56%    passed    100.00%
  31  Lacu         21.63%    passed    100.00%
  32  Lalb          8.91%    passed    100.00%
  33  Laus          6.36%    passed    100.00%
  34  Lbor         16.28%    passed    100.00%
  35  Lhos30470     8.91%    passed    100.00%
  36  Lhos452       0.00%    passed    100.00%
  37  Lobl          0.00%    passed     99.99%
  38  Lobs          4.83%    passed     99.98%
  39  Lper          6.62%    passed    100.00%
  40  Lvex          0.00%    passed    100.00%
  41  Mbid         25.45%    passed    100.00%
  42  Mbow         15.27%    passed    100.00%
  43  Mcar         17.56%    passed    100.00%
  44  Mden         18.07%    passed    100.00%
  45  Meur         11.70%    passed    100.00%
  46  Mgin         11.20%    passed     98.73%
  47  Mhec         29.01%    passed    100.00%
  48  Mlay         15.27%    passed    100.00%
  49  Mmir         20.61%    passed    100.00%
  50  Mmon          0.00%    passed    100.00%
  51  Mper         17.56%    passed    100.00%
  52  Mpni         15.27%    passed    100.00%
  53  Mste         16.79%    passed    100.00%
  54  Naasi         1.27%    passed    100.00%
  55  Npho         14.50%    passed    100.00%
  56  Obre          4.83%    passed    100.00%
  57  Ohei          4.07%    passed    100.00%
  58  Oorc          0.00%    passed    100.00%
  59  Pbla         21.63%    passed    100.00%
  60  Pcat          0.00%    passed    100.00%
  61  Pcra          4.83%    passed    100.00%
  62  Pdal         48.35%    passed    100.00%
  63  Pdio         15.27%    passed    100.00%
  64  Pele          6.36%    passed    100.00%
  65  Pmac         12.72%    passed    100.00%
  66  Ppho         16.79%    passed    100.00%
  67  Psin          0.00%    passed    100.00%
  68  Pspi         26.21%    passed    100.00%
  69  Satt18473     0.00%    passed    100.00%
  70  Satt38219    10.43%    passed    100.00%
  71  Sbre116871    4.83%    passed    100.00%
  72  Sbre18437     0.00%    passed    100.00%
  73  Schi          0.00%    passed    100.00%
  74  Scly1726      0.00%    passed    100.00%
  75  Scoe         10.43%    passed    100.00%
  76  Sflu          4.83%    passed    100.00%
  77  Sfro7782     16.79%    passed    100.00%
  78  Sfro7784      4.83%    passed    100.00%
  79  Slon16012     4.83%    passed    100.00%
  80  Slon24923     4.83%    passed    100.00%
  81  Tadu         16.03%    passed    100.00%
  82  Tshe         11.20%    passed    100.00%
  83  Ttru          0.00%    passed    100.00%
  84  Zcav         12.98%    passed    100.00%
****  TOTAL        10.96%  0 sequences failed composition chi2 test (p-value<5%; df=60)
NOTE: Scly1726 is identical to Ddeltrop but kept for subsequent analysis
NOTE: Scoe is identical to Satt38219 but kept for subsequent analysis
NOTE: Slon24923 is identical to Sfro7784 but kept for subsequent analysis
Checking for duplicate sequences: done in 0.00142847 secs using 3655% CPU
Identifying sites to remove: done in 0.0010496 secs using 5412% CPU
NOTE: 1 identical sequences (see below) will be ignored for subsequent analysis
NOTE: Ttru (identical to Ddeltrop) is ignored but added at the end
Alignment was printed to CASQ1_fasta.uniqueseq.phy

For your convenience alignment with unique sequences printed to CASQ1_fasta.uniqueseq.phy

Creating fast initial parsimony tree by random order stepwise addition...
0.560 seconds, parsimony score: 186 (based on 113 sites)
Measuring multi-threading efficiency up to 48 CPU cores
9 trees examined
Threads: 1 / Time: 53.458 sec / Speedup: 1.000 / Efficiency: 100% / LogL: -5869
Threads: 2 / Time: 28.503 sec / Speedup: 1.876 / Efficiency: 94% / LogL: -5869
Threads: 3 / Time: 19.788 sec / Speedup: 2.701 / Efficiency: 90% / LogL: -5869
Threads: 4 / Time: 15.515 sec / Speedup: 3.446 / Efficiency: 86% / LogL: -5869
Threads: 5 / Time: 12.852 sec / Speedup: 4.160 / Efficiency: 83% / LogL: -5869
Threads: 6 / Time: 11.591 sec / Speedup: 4.612 / Efficiency: 77% / LogL: -5869
Threads: 7 / Time: 9.981 sec / Speedup: 5.356 / Efficiency: 77% / LogL: -5869
Threads: 8 / Time: 9.365 sec / Speedup: 5.708 / Efficiency: 71% / LogL: -5869
Threads: 9 / Time: 8.515 sec / Speedup: 6.278 / Efficiency: 70% / LogL: -5869
Threads: 10 / Time: 7.830 sec / Speedup: 6.827 / Efficiency: 68% / LogL: -5869
Threads: 11 / Time: 7.315 sec / Speedup: 7.308 / Efficiency: 66% / LogL: -5869
Threads: 12 / Time: 7.175 sec / Speedup: 7.450 / Efficiency: 62% / LogL: -5869
Threads: 13 / Time: 6.834 sec / Speedup: 7.823 / Efficiency: 60% / LogL: -5869
Threads: 14 / Time: 6.631 sec / Speedup: 8.062 / Efficiency: 58% / LogL: -5869
Threads: 15 / Time: 6.590 sec / Speedup: 8.113 / Efficiency: 54% / LogL: -5869
Threads: 16 / Time: 6.555 sec / Speedup: 8.155 / Efficiency: 51% / LogL: -5869
Threads: 17 / Time: 6.587 sec / Speedup: 8.116 / Efficiency: 48% / LogL: -5869
Determining AUTO threadcount: done in 225.277 secs using 516.8% CPU
BEST NUMBER OF THREADS: 13

Perform fast likelihood tree search using GY+F3X4+I+G model...
Estimate model parameters (epsilon = 5.000)
Perform nearest neighbor interchange...
Optimizing NNI: done in 3.23011 secs using 1117% CPU
Estimate model parameters (epsilon = 1.000)
1. Initial log-likelihood: -2910.303
Optimal log-likelihood: -2910.038
Nonsynonymous/synonymous ratio (omega): 0.324
Transition/transversion ratio (kappa): 4.906
Proportion of invariable sites: 0.293
Gamma shape alpha: 0.663
Parameters optimization took 1 rounds (4.554 sec)
Time for fast ML tree search: 27.658 seconds

NOTE: ModelFinder requires 138 MB RAM!
ModelFinder will test up to 195 codon models (sample size: 393) ...
 No. Model         -LnL         df  AIC          AICc         BIC
Measuring multi-threading efficiency up to 48 CPU cores
Increase to 10 rounds for branch lengths
8 trees examined
Threads: 1 / Time: 57.395 sec / Speedup: 1.000 / Efficiency: 100% / LogL: -6536
Threads: 2 / Time: 30.960 sec / Speedup: 1.854 / Efficiency: 93% / LogL: -6536
Threads: 3 / Time: 21.690 sec / Speedup: 2.646 / Efficiency: 88% / LogL: -6536
Threads: 4 / Time: 17.230 sec / Speedup: 3.331 / Efficiency: 83% / LogL: -6536
Threads: 5 / Time: 14.237 sec / Speedup: 4.031 / Efficiency: 81% / LogL: -6536
Threads: 6 / Time: 12.908 sec / Speedup: 4.446 / Efficiency: 74% / LogL: -6536
Threads: 7 / Time: 11.217 sec / Speedup: 5.117 / Efficiency: 73% / LogL: -6536
Threads: 8 / Time: 10.534 sec / Speedup: 5.449 / Efficiency: 68% / LogL: -6536
Threads: 9 / Time: 9.836 sec / Speedup: 5.835 / Efficiency: 65% / LogL: -6536
Threads: 10 / Time: 9.029 sec / Speedup: 6.357 / Efficiency: 64% / LogL: -6536
Threads: 11 / Time: 8.455 sec / Speedup: 6.788 / Efficiency: 62% / LogL: -6536
Threads: 12 / Time: 8.464 sec / Speedup: 6.781 / Efficiency: 57% / LogL: -6536
Threads: 13 / Time: 7.945 sec / Speedup: 7.224 / Efficiency: 56% / LogL: -6536
Threads: 14 / Time: 7.804 sec / Speedup: 7.354 / Efficiency: 53% / LogL: -6536
Threads: 15 / Time: 7.800 sec / Speedup: 7.358 / Efficiency: 49% / LogL: -6536
Determining AUTO threadcount: done in 235.507 secs using 534.2% CPU
BEST NUMBER OF THREADS: 13

  1  GY+F3X4       2949.915     174 6247.829     6527.187     6939.272
Measuring multi-threading efficiency up to 48 CPU cores
Increase to 10 rounds for branch lengths
8 trees examined
Threads: 1 / Time: 51.118 sec / Speedup: 1.000 / Efficiency: 100% / LogL: -5689
Threads: 2 / Time: 27.658 sec / Speedup: 1.848 / Efficiency: 92% / LogL: -5689
Threads: 3 / Time: 19.344 sec / Speedup: 2.643 / Efficiency: 88% / LogL: -5689
Threads: 4 / Time: 15.263 sec / Speedup: 3.349 / Efficiency: 84% / LogL: -5689
Threads: 5 / Time: 12.737 sec / Speedup: 4.013 / Efficiency: 80% / LogL: -5689
Threads: 6 / Time: 11.293 sec / Speedup: 4.527 / Efficiency: 75% / LogL: -5689
Threads: 7 / Time: 10.035 sec / Speedup: 5.094 / Efficiency: 73% / LogL: -5689
Threads: 8 / Time: 9.395 sec / Speedup: 5.441 / Efficiency: 68% / LogL: -5689
Threads: 9 / Time: 8.833 sec / Speedup: 5.787 / Efficiency: 64% / LogL: -5689
Threads: 10 / Time: 8.156 sec / Speedup: 6.268 / Efficiency: 63% / LogL: -5689
Threads: 11 / Time: 7.639 sec / Speedup: 6.692 / Efficiency: 61% / LogL: -5689
Threads: 12 / Time: 7.537 sec / Speedup: 6.782 / Efficiency: 57% / LogL: -5689
Threads: 13 / Time: 7.138 sec / Speedup: 7.161 / Efficiency: 55% / LogL: -5689
Threads: 14 / Time: 7.099 sec / Speedup: 7.200 / Efficiency: 51% / LogL: -5689
Threads: 15 / Time: 7.136 sec / Speedup: 7.163 / Efficiency: 48% / LogL: -5689
Determining AUTO threadcount: done in 210.387 secs using 536.6% CPU
BEST NUMBER OF THREADS: 13

  2  GY+F3X4+I     2915.267     175 6180.533     6464.404     6875.950
Measuring multi-threading efficiency up to 48 CPU cores
9 trees examined
Threads: 1 / Time: 53.648 sec / Speedup: 1.000 / Efficiency: 100% / LogL: -5753
Threads: 2 / Time: 28.579 sec / Speedup: 1.877 / Efficiency: 94% / LogL: -5753
Threads: 3 / Time: 20.920 sec / Speedup: 2.564 / Efficiency: 85% / LogL: -5753
Threads: 4 / Time: 15.717 sec / Speedup: 3.413 / Efficiency: 85% / LogL: -5753
Threads: 5 / Time: 13.045 sec / Speedup: 4.112 / Efficiency: 82% / LogL: -5753
Threads: 6 / Time: 11.585 sec / Speedup: 4.631 / Efficiency: 77% / LogL: -5753
Threads: 7 / Time: 10.076 sec / Speedup: 5.324 / Efficiency: 76% / LogL: -5753
Threads: 8 / Time: 9.405 sec / Speedup: 5.704 / Efficiency: 71% / LogL: -5753
Threads: 9 / Time: 8.602 sec / Speedup: 6.237 / Efficiency: 69% / LogL: -5753
Threads: 10 / Time: 7.940 sec / Speedup: 6.757 / Efficiency: 68% / LogL: -5753
Threads: 11 / Time: 7.319 sec / Speedup: 7.330 / Efficiency: 67% / LogL: -5753
Threads: 12 / Time: 7.297 sec / Speedup: 7.352 / Efficiency: 61% / LogL: -5753
Threads: 13 / Time: 6.989 sec / Speedup: 7.676 / Efficiency: 59% / LogL: -5753
Threads: 14 / Time: 6.736 sec / Speedup: 7.964 / Efficiency: 57% / LogL: -5753
Threads: 15 / Time: 6.658 sec / Speedup: 8.058 / Efficiency: 54% / LogL: -5753
Threads: 16 / Time: 6.678 sec / Speedup: 8.033 / Efficiency: 50% / LogL: -5753
Threads: 17 / Time: 6.639 sec / Speedup: 8.081 / Efficiency: 48% / LogL: -5753
Determining AUTO threadcount: done in 227.967 secs using 515.6% CPU
BEST NUMBER OF THREADS: 14

  3  GY+F3X4+G4    2906.050     175 6162.099     6445.970     6857.516
Measuring multi-threading efficiency up to 48 CPU cores
9 trees examined
Threads: 1 / Time: 52.745 sec / Speedup: 1.000 / Efficiency: 100% / LogL: -5654
Threads: 2 / Time: 28.481 sec / Speedup: 1.852 / Efficiency: 93% / LogL: -5654
Threads: 3 / Time: 19.772 sec / Speedup: 2.668 / Efficiency: 89% / LogL: -5654
Threads: 4 / Time: 15.689 sec / Speedup: 3.362 / Efficiency: 84% / LogL: -5654
Threads: 5 / Time: 12.821 sec / Speedup: 4.114 / Efficiency: 82% / LogL: -5654
Threads: 6 / Time: 11.368 sec / Speedup: 4.640 / Efficiency: 77% / LogL: -5654
Threads: 7 / Time: 9.853 sec / Speedup: 5.353 / Efficiency: 76% / LogL: -5654
Threads: 8 / Time: 9.233 sec / Speedup: 5.713 / Efficiency: 71% / LogL: -5654
Threads: 9 / Time: 8.420 sec / Speedup: 6.264 / Efficiency: 70% / LogL: -5654
Threads: 10 / Time: 7.806 sec / Speedup: 6.757 / Efficiency: 68% / LogL: -5654
Threads: 11 / Time: 7.272 sec / Speedup: 7.253 / Efficiency: 66% / LogL: -5654
Threads: 12 / Time: 7.156 sec / Speedup: 7.371 / Efficiency: 61% / LogL: -5654
Threads: 13 / Time: 6.837 sec / Speedup: 7.715 / Efficiency: 59% / LogL: -5654
Threads: 14 / Time: 6.638 sec / Speedup: 7.946 / Efficiency: 57% / LogL: -5654
Threads: 15 / Time: 6.526 sec / Speedup: 8.082 / Efficiency: 54% / LogL: -5654
Threads: 16 / Time: 6.492 sec / Speedup: 8.125 / Efficiency: 51% / LogL: -5654
Threads: 17 / Time: 6.559 sec / Speedup: 8.042 / Efficiency: 47% / LogL: -5654
Determining AUTO threadcount: done in 223.816 secs using 516.1% CPU
BEST NUMBER OF THREADS: 16

  4  GY+F3X4+I+G4  2904.973     176 6161.946     6450.390     6861.336
Measuring multi-threading efficiency up to 48 CPU cores
Increase to 10 rounds for branch lengths
16 trees examined
Threads: 1 / Time: 50.144 sec / Speedup: 1.000 / Efficiency: 100% / LogL: -5867
Threads: 2 / Time: 25.808 sec / Speedup: 1.943 / Efficiency: 97% / LogL: -5867
Threads: 3 / Time: 18.045 sec / Speedup: 2.779 / Efficiency: 93% / LogL: -5867
Threads: 4 / Time: 14.141 sec / Speedup: 3.546 / Efficiency: 89% / LogL: -5867
Threads: 5 / Time: 11.685 sec / Speedup: 4.291 / Efficiency: 86% / LogL: -5867
Threads: 6 / Time: 10.500 sec / Speedup: 4.776 / Efficiency: 80% / LogL: -5867
Threads: 7 / Time: 9.135 sec / Speedup: 5.489 / Efficiency: 78% / LogL: -5867
Threads: 8 / Time: 8.561 sec / Speedup: 5.857 / Efficiency: 73% / LogL: -5867
Threads: 9 / Time: 7.912 sec / Speedup: 6.338 / Efficiency: 70% / LogL: -5867
Threads: 10 / Time: 7.375 sec / Speedup: 6.799 / Efficiency: 68% / LogL: -5867
Threads: 11 / Time: 6.998 sec / Speedup: 7.166 / Efficiency: 65% / LogL: -5867
Threads: 12 / Time: 6.936 sec / Speedup: 7.230 / Efficiency: 60% / LogL: -5867
Threads: 13 / Time: 6.624 sec / Speedup: 7.570 / Efficiency: 58% / LogL: -5867
Threads: 14 / Time: 6.380 sec / Speedup: 7.859 / Efficiency: 56% / LogL: -5867
Threads: 15 / Time: 6.283 sec / Speedup: 7.980 / Efficiency: 53% / LogL: -5867
Threads: 16 / Time: 6.420 sec / Speedup: 7.811 / Efficiency: 49% / LogL: -5867
Determining AUTO threadcount: done in 202.954 secs using 529.8% CPU
BEST NUMBER OF THREADS: 15

  5  GY+F3X4+R2    2899.426     176 6150.853     6439.297     6850.243
Measuring multi-threading efficiency up to 48 CPU cores
Increase to 10 rounds for branch lengths
3 trees examined
Threads: 1 / Time: 56.164 sec / Speedup: 1.000 / Efficiency: 100% / LogL: -5680
Threads: 2 / Time: 29.956 sec / Speedup: 1.875 / Efficiency: 94% / LogL: -5680
Threads: 3 / Time: 21.249 sec / Speedup: 2.643 / Efficiency: 88% / LogL: -5680
Threads: 4 / Time: 16.744 sec / Speedup: 3.354 / Efficiency: 84% / LogL: -5680
Threads: 5 / Time: 13.960 sec / Speedup: 4.023 / Efficiency: 80% / LogL: -5680
Threads: 6 / Time: 12.433 sec / Speedup: 4.517 / Efficiency: 75% / LogL: -5680
Threads: 7 / Time: 10.993 sec / Speedup: 5.109 / Efficiency: 73% / LogL: -5680
Threads: 8 / Time: 10.320 sec / Speedup: 5.443 / Efficiency: 68% / LogL: -5680
Threads: 9 / Time: 9.512 sec / Speedup: 5.905 / Efficiency: 66% / LogL: -5680
Threads: 10 / Time: 8.814 sec / Speedup: 6.372 / Efficiency: 64% / LogL: -5680
Threads: 11 / Time: 8.103 sec / Speedup: 6.931 / Efficiency: 63% / LogL: -5680
Threads: 12 / Time: 8.126 sec / Speedup: 6.912 / Efficiency: 58% / LogL: -5680
Threads: 13 / Time: 7.598 sec / Speedup: 7.392 / Efficiency: 57% / LogL: -5680
Threads: 14 / Time: 7.507 sec / Speedup: 7.481 / Efficiency: 53% / LogL: -5680
Threads: 15 / Time: 7.496 sec / Speedup: 7.492 / Efficiency: 50% / LogL: -5680
Determining AUTO threadcount: done in 229.052 secs using 485.6% CPU
BEST NUMBER OF THREADS: 13

  6  GY+F3X4+R3    2899.358     178 6154.717     6452.493     6862.055
Measuring multi-threading efficiency up to 48 CPU cores
9 trees examined
Threads: 1 / Time: 53.573 sec / Speedup: 1.000 / Efficiency: 100% / LogL: -5722
Threads: 2 / Time: 28.918 sec / Speedup: 1.853 / Efficiency: 93% / LogL: -5722
Threads: 3 / Time: 20.166 sec / Speedup: 2.657 / Efficiency: 89% / LogL: -5722
Threads: 4 / Time: 15.712 sec / Speedup: 3.410 / Efficiency: 85% / LogL: -5722
Threads: 5 / Time: 13.049 sec / Speedup: 4.106 / Efficiency: 82% / LogL: -5722
Threads: 6 / Time: 11.569 sec / Speedup: 4.631 / Efficiency: 77% / LogL: -5722
Threads: 7 / Time: 10.036 sec / Speedup: 5.338 / Efficiency: 76% / LogL: -5722
Threads: 8 / Time: 9.386 sec / Speedup: 5.708 / Efficiency: 71% / LogL: -5722
Threads: 9 / Time: 8.650 sec / Speedup: 6.193 / Efficiency: 69% / LogL: -5722
Threads: 10 / Time: 7.837 sec / Speedup: 6.836 / Efficiency: 68% / LogL: -5722
Threads: 11 / Time: 7.307 sec / Speedup: 7.332 / Efficiency: 67% / LogL: -5722
Threads: 12 / Time: 7.247 sec / Speedup: 7.393 / Efficiency: 62% / LogL: -5722
Threads: 13 / Time: 6.745 sec / Speedup: 7.942 / Efficiency: 61% / LogL: -5722
Threads: 14 / Time: 6.646 sec / Speedup: 8.061 / Efficiency: 58% / LogL: -5722
Threads: 15 / Time: 6.637 sec / Speedup: 8.072 / Efficiency: 54% / LogL: -5722
Threads: 16 / Time: 6.643 sec / Speedup: 8.065 / Efficiency: 50% / LogL: -5722
Threads: 17 / Time: 6.663 sec / Speedup: 8.040 / Efficiency: 47% / LogL: -5722
Determining AUTO threadcount: done in 226.912 secs using 514.4% CPU
BEST NUMBER OF THREADS: 13

 16  GY+F1X4+G4    2978.083     169 6294.167     6551.835     6965.741
Measuring multi-threading efficiency up to 48 CPU cores
Increase to 10 rounds for branch lengths
16 trees examined
Threads: 1 / Time: 49.297 sec / Speedup: 1.000 / Efficiency: 100% / LogL: -5456
Threads: 2 / Time: 25.092 sec / Speedup: 1.965 / Efficiency: 98% / LogL: -5456
Threads: 3 / Time: 17.634 sec / Speedup: 2.796 / Efficiency: 93% / LogL: -5456
Threads: 4 / Time: 13.910 sec / Speedup: 3.544 / Efficiency: 89% / LogL: -5456
Threads: 5 / Time: 11.467 sec / Speedup: 4.299 / Efficiency: 86% / LogL: -5456
Threads: 6 / Time: 10.284 sec / Speedup: 4.794 / Efficiency: 80% / LogL: -5456
Threads: 7 / Time: 8.968 sec / Speedup: 5.497 / Efficiency: 79% / LogL: -5456
Threads: 8 / Time: 8.347 sec / Speedup: 5.906 / Efficiency: 74% / LogL: -5456
Threads: 9 / Time: 7.834 sec / Speedup: 6.293 / Efficiency: 70% / LogL: -5456
Threads: 10 / Time: 7.181 sec / Speedup: 6.865 / Efficiency: 69% / LogL: -5456
Threads: 11 / Time: 6.651 sec / Speedup: 7.412 / Efficiency: 67% / LogL: -5456
Threads: 12 / Time: 6.634 sec / Speedup: 7.431 / Efficiency: 62% / LogL: -5456
Threads: 13 / Time: 6.279 sec / Speedup: 7.852 / Efficiency: 60% / LogL: -5456
Threads: 14 / Time: 6.159 sec / Speedup: 8.004 / Efficiency: 57% / LogL: -5456
Threads: 15 / Time: 6.145 sec / Speedup: 8.022 / Efficiency: 53% / LogL: -5456
Threads: 16 / Time: 6.038 sec / Speedup: 8.164 / Efficiency: 51% / LogL: -5456
Threads: 17 / Time: 6.292 sec / Speedup: 7.835 / Efficiency: 46% / LogL: -5456
Determining AUTO threadcount: done in 204.245 secs using 556.3% CPU
BEST NUMBER OF THREADS: 13

 18  GY+F1X4+R2    2974.345     170 6288.690     6550.582     6964.238
Measuring multi-threading efficiency up to 48 CPU cores
9 trees examined
Threads: 1 / Time: 53.270 sec / Speedup: 1.000 / Efficiency: 100% / LogL: -5692
Threads: 2 / Time: 28.817 sec / Speedup: 1.849 / Efficiency: 92% / LogL: -5692
Threads: 3 / Time: 19.988 sec / Speedup: 2.665 / Efficiency: 89% / LogL: -5692
Threads: 4 / Time: 15.598 sec / Speedup: 3.415 / Efficiency: 85% / LogL: -5692
Threads: 5 / Time: 12.926 sec / Speedup: 4.121 / Efficiency: 82% / LogL: -5692
Threads: 6 / Time: 11.540 sec / Speedup: 4.616 / Efficiency: 77% / LogL: -5692
Threads: 7 / Time: 10.057 sec / Speedup: 5.297 / Efficiency: 76% / LogL: -5692
Threads: 8 / Time: 9.411 sec / Speedup: 5.661 / Efficiency: 71% / LogL: -5692
Threads: 9 / Time: 8.551 sec / Speedup: 6.229 / Efficiency: 69% / LogL: -5692
Threads: 10 / Time: 7.832 sec / Speedup: 6.802 / Efficiency: 68% / LogL: -5692
Threads: 11 / Time: 7.320 sec / Speedup: 7.278 / Efficiency: 66% / LogL: -5692
Threads: 12 / Time: 7.172 sec / Speedup: 7.427 / Efficiency: 62% / LogL: -5692
Threads: 13 / Time: 6.842 sec / Speedup: 7.786 / Efficiency: 60% / LogL: -5692
Threads: 14 / Time: 6.752 sec / Speedup: 7.890 / Efficiency: 56% / LogL: -5692
Threads: 15 / Time: 6.661 sec / Speedup: 7.998 / Efficiency: 53% / LogL: -5692
Threads: 16 / Time: 6.489 sec / Speedup: 8.209 / Efficiency: 51% / LogL: -5692
Threads: 17 / Time: 6.621 sec / Speedup: 8.045 / Efficiency: 47% / LogL: -5692
Determining AUTO threadcount: done in 225.977 secs using 515.7% CPU
BEST NUMBER OF THREADS: 16

 29  GY+F+G4       2831.091     226 6114.182     6732.278     7012.263
Measuring multi-threading efficiency up to 48 CPU cores
Increase to 10 rounds for branch lengths
16 trees examined
Threads: 1 / Time: 49.486 sec / Speedup: 1.000 / Efficiency: 100% / LogL: -5725
Threads: 2 / Time: 25.323 sec / Speedup: 1.954 / Efficiency: 98% / LogL: -5725
Threads: 3 / Time: 17.736 sec / Speedup: 2.790 / Efficiency: 93% / LogL: -5725
Threads: 4 / Time: 13.957 sec / Speedup: 3.546 / Efficiency: 89% / LogL: -5725
Threads: 5 / Time: 11.458 sec / Speedup: 4.319 / Efficiency: 86% / LogL: -5725
Threads: 6 / Time: 10.265 sec / Speedup: 4.821 / Efficiency: 80% / LogL: -5725
Threads: 7 / Time: 8.952 sec / Speedup: 5.528 / Efficiency: 79% / LogL: -5725
Threads: 8 / Time: 8.331 sec / Speedup: 5.940 / Efficiency: 74% / LogL: -5725
Threads: 9 / Time: 7.852 sec / Speedup: 6.303 / Efficiency: 70% / LogL: -5725
Threads: 10 / Time: 7.206 sec / Speedup: 6.867 / Efficiency: 69% / LogL: -5725
Threads: 11 / Time: 6.712 sec / Speedup: 7.373 / Efficiency: 67% / LogL: -5725
Threads: 12 / Time: 6.679 sec / Speedup: 7.409 / Efficiency: 62% / LogL: -5725
Threads: 13 / Time: 6.305 sec / Speedup: 7.849 / Efficiency: 60% / LogL: -5725
Threads: 14 / Time: 6.218 sec / Speedup: 7.958 / Efficiency: 57% / LogL: -5725
Threads: 15 / Time: 6.177 sec / Speedup: 8.012 / Efficiency: 53% / LogL: -5725
Threads: 16 / Time: 6.201 sec / Speedup: 7.980 / Efficiency: 50% / LogL: -5725
Determining AUTO threadcount: done in 198.876 secs using 526.9% CPU
BEST NUMBER OF THREADS: 13

 31  GY+F+R2       2824.289     227 6102.577     6729.923     7004.632
Measuring multi-threading efficiency up to 48 CPU cores
9 trees examined
Threads: 1 / Time: 53.133 sec / Speedup: 1.000 / Efficiency: 100% / LogL: -5449
Threads: 2 / Time: 28.698 sec / Speedup: 1.851 / Efficiency: 93% / LogL: -5449
Threads: 3 / Time: 19.806 sec / Speedup: 2.683 / Efficiency: 89% / LogL: -5449
Threads: 4 / Time: 15.609 sec / Speedup: 3.404 / Efficiency: 85% / LogL: -5449
Threads: 5 / Time: 12.907 sec / Speedup: 4.117 / Efficiency: 82% / LogL: -5449
Threads: 6 / Time: 11.423 sec / Speedup: 4.651 / Efficiency: 78% / LogL: -5449
Threads: 7 / Time: 9.941 sec / Speedup: 5.345 / Efficiency: 76% / LogL: -5449
Threads: 8 / Time: 9.325 sec / Speedup: 5.698 / Efficiency: 71% / LogL: -5449
Threads: 9 / Time: 8.552 sec / Speedup: 6.213 / Efficiency: 69% / LogL: -5449
Threads: 10 / Time: 7.821 sec / Speedup: 6.793 / Efficiency: 68% / LogL: -5449
Threads: 11 / Time: 7.368 sec / Speedup: 7.212 / Efficiency: 66% / LogL: -5449
Threads: 12 / Time: 7.227 sec / Speedup: 7.352 / Efficiency: 61% / LogL: -5449
Threads: 13 / Time: 6.781 sec / Speedup: 7.836 / Efficiency: 60% / LogL: -5449
Threads: 14 / Time: 6.636 sec / Speedup: 8.006 / Efficiency: 57% / LogL: -5449
Threads: 15 / Time: 6.657 sec / Speedup: 7.982 / Efficiency: 53% / LogL: -5449
Threads: 16 / Time: 6.538 sec / Speedup: 8.126 / Efficiency: 51% / LogL: -5449
Threads: 17 / Time: 6.487 sec / Speedup: 8.191 / Efficiency: 48% / LogL: -5449
Determining AUTO threadcount: done in 225.042 secs using 517.1% CPU
BEST NUMBER OF THREADS: 13

 42  MGK+F3X4+G4   2881.677     175 6113.353     6397.224     6808.770
Measuring multi-threading efficiency up to 48 CPU cores
Increase to 10 rounds for branch lengths
16 trees examined
Threads: 1 / Time: 49.013 sec / Speedup: 1.000 / Efficiency: 100% / LogL: -5461
Threads: 2 / Time: 25.170 sec / Speedup: 1.947 / Efficiency: 97% / LogL: -5461
Threads: 3 / Time: 17.709 sec / Speedup: 2.768 / Efficiency: 92% / LogL: -5461
Threads: 4 / Time: 13.775 sec / Speedup: 3.558 / Efficiency: 89% / LogL: -5461
Threads: 5 / Time: 11.428 sec / Speedup: 4.289 / Efficiency: 86% / LogL: -5461
Threads: 6 / Time: 10.204 sec / Speedup: 4.803 / Efficiency: 80% / LogL: -5461
Threads: 7 / Time: 8.851 sec / Speedup: 5.538 / Efficiency: 79% / LogL: -5461
Threads: 8 / Time: 8.300 sec / Speedup: 5.905 / Efficiency: 74% / LogL: -5461
Threads: 9 / Time: 7.690 sec / Speedup: 6.374 / Efficiency: 71% / LogL: -5461
Threads: 10 / Time: 7.119 sec / Speedup: 6.885 / Efficiency: 69% / LogL: -5461
Threads: 11 / Time: 6.564 sec / Speedup: 7.467 / Efficiency: 68% / LogL: -5461
Threads: 12 / Time: 6.527 sec / Speedup: 7.509 / Efficiency: 63% / LogL: -5461
Threads: 13 / Time: 6.243 sec / Speedup: 7.851 / Efficiency: 60% / LogL: -5461
Threads: 14 / Time: 6.122 sec / Speedup: 8.007 / Efficiency: 57% / LogL: -5461
Threads: 15 / Time: 6.215 sec / Speedup: 7.886 / Efficiency: 53% / LogL: -5461
Threads: 16 / Time: 6.021 sec / Speedup: 8.140 / Efficiency: 51% / LogL: -5461
Threads: 17 / Time: 6.232 sec / Speedup: 7.864 / Efficiency: 46% / LogL: -5461
Determining AUTO threadcount: done in 203.189 secs using 556% CPU
BEST NUMBER OF THREADS: 14

 44  MGK+F3X4+R2   2877.426     176 6106.852     6395.296     6806.242
Measuring multi-threading efficiency up to 48 CPU cores
9 trees examined
Threads: 1 / Time: 52.671 sec / Speedup: 1.000 / Efficiency: 100% / LogL: -5902
Threads: 2 / Time: 28.558 sec / Speedup: 1.844 / Efficiency: 92% / LogL: -5902
Threads: 3 / Time: 19.718 sec / Speedup: 2.671 / Efficiency: 89% / LogL: -5902
Threads: 4 / Time: 15.667 sec / Speedup: 3.362 / Efficiency: 84% / LogL: -5902
Threads: 5 / Time: 12.862 sec / Speedup: 4.095 / Efficiency: 82% / LogL: -5902
Threads: 6 / Time: 11.339 sec / Speedup: 4.645 / Efficiency: 77% / LogL: -5902
Threads: 7 / Time: 9.921 sec / Speedup: 5.309 / Efficiency: 76% / LogL: -5902
Threads: 8 / Time: 9.264 sec / Speedup: 5.685 / Efficiency: 71% / LogL: -5902
Threads: 9 / Time: 8.456 sec / Speedup: 6.228 / Efficiency: 69% / LogL: -5902
Threads: 10 / Time: 7.841 sec / Speedup: 6.718 / Efficiency: 67% / LogL: -5902
Threads: 11 / Time: 7.312 sec / Speedup: 7.204 / Efficiency: 65% / LogL: -5902
Threads: 12 / Time: 7.203 sec / Speedup: 7.312 / Efficiency: 61% / LogL: -5902
Threads: 13 / Time: 6.831 sec / Speedup: 7.711 / Efficiency: 59% / LogL: -5902
Threads: 14 / Time: 6.608 sec / Speedup: 7.971 / Efficiency: 57% / LogL: -5902
Threads: 15 / Time: 6.594 sec / Speedup: 7.988 / Efficiency: 53% / LogL: -5902
Threads: 16 / Time: 6.562 sec / Speedup: 8.027 / Efficiency: 50% / LogL: -5902
Threads: 17 / Time: 6.596 sec / Speedup: 7.986 / Efficiency: 47% / LogL: -5902
Determining AUTO threadcount: done in 224.144 secs using 517.6% CPU
BEST NUMBER OF THREADS: 13

 55  MGK+F1X4+G4   2979.095     169 6296.189     6553.857     6967.763
Measuring multi-threading efficiency up to 48 CPU cores
Increase to 10 rounds for branch lengths
16 trees examined
Threads: 1 / Time: 48.953 sec / Speedup: 1.000 / Efficiency: 100% / LogL: -5673
Threads: 2 / Time: 25.014 sec / Speedup: 1.957 / Efficiency: 98% / LogL: -5673
Threads: 3 / Time: 17.626 sec / Speedup: 2.777 / Efficiency: 93% / LogL: -5673
Threads: 4 / Time: 13.798 sec / Speedup: 3.548 / Efficiency: 89% / LogL: -5673
Threads: 5 / Time: 11.369 sec / Speedup: 4.306 / Efficiency: 86% / LogL: -5673
Threads: 6 / Time: 10.197 sec / Speedup: 4.801 / Efficiency: 80% / LogL: -5673
Threads: 7 / Time: 9.050 sec / Speedup: 5.409 / Efficiency: 77% / LogL: -5673
Threads: 8 / Time: 8.326 sec / Speedup: 5.880 / Efficiency: 73% / LogL: -5673
Threads: 9 / Time: 7.736 sec / Speedup: 6.328 / Efficiency: 70% / LogL: -5673
Threads: 10 / Time: 7.067 sec / Speedup: 6.927 / Efficiency: 69% / LogL: -5673
Threads: 11 / Time: 6.702 sec / Speedup: 7.304 / Efficiency: 66% / LogL: -5673
Threads: 12 / Time: 6.606 sec / Speedup: 7.411 / Efficiency: 62% / LogL: -5673
Threads: 13 / Time: 6.291 sec / Speedup: 7.781 / Efficiency: 60% / LogL: -5673
Threads: 14 / Time: 6.186 sec / Speedup: 7.914 / Efficiency: 57% / LogL: -5673
Threads: 15 / Time: 6.036 sec / Speedup: 8.110 / Efficiency: 54% / LogL: -5673
Threads: 16 / Time: 6.109 sec / Speedup: 8.013 / Efficiency: 50% / LogL: -5673
Threads: 17 / Time: 6.147 sec / Speedup: 7.964 / Efficiency: 47% / LogL: -5673
Determining AUTO threadcount: done in 203.221 secs using 557.4% CPU
BEST NUMBER OF THREADS: 13

 57  MGK+F1X4+R2   2975.137     170 6290.273     6552.165     6965.821
Measuring multi-threading efficiency up to 48 CPU cores
9 trees examined
Threads: 1 / Time: 53.116 sec / Speedup: 1.000 / Efficiency: 100% / LogL: -5706
Threads: 2 / Time: 28.172 sec / Speedup: 1.885 / Efficiency: 94% / LogL: -5706
Threads: 3 / Time: 19.853 sec / Speedup: 2.676 / Efficiency: 89% / LogL: -5706
Threads: 4 / Time: 15.613 sec / Speedup: 3.402 / Efficiency: 85% / LogL: -5706
Threads: 5 / Time: 12.908 sec / Speedup: 4.115 / Efficiency: 82% / LogL: -5706
Threads: 6 / Time: 11.464 sec / Speedup: 4.633 / Efficiency: 77% / LogL: -5706
Threads: 7 / Time: 9.950 sec / Speedup: 5.338 / Efficiency: 76% / LogL: -5706
Threads: 8 / Time: 9.283 sec / Speedup: 5.722 / Efficiency: 72% / LogL: -5706
Threads: 9 / Time: 8.600 sec / Speedup: 6.177 / Efficiency: 69% / LogL: -5706
Threads: 10 / Time: 7.861 sec / Speedup: 6.757 / Efficiency: 68% / LogL: -5706
Threads: 11 / Time: 7.335 sec / Speedup: 7.242 / Efficiency: 66% / LogL: -5706
Threads: 12 / Time: 7.184 sec / Speedup: 7.394 / Efficiency: 62% / LogL: -5706
Threads: 13 / Time: 6.852 sec / Speedup: 7.752 / Efficiency: 60% / LogL: -5706
Threads: 14 / Time: 6.694 sec / Speedup: 7.934 / Efficiency: 57% / LogL: -5706
Threads: 15 / Time: 6.627 sec / Speedup: 8.016 / Efficiency: 53% / LogL: -5706
Threads: 16 / Time: 6.661 sec / Speedup: 7.975 / Efficiency: 50% / LogL: -5706
Determining AUTO threadcount: done in 218.293 secs using 492.3% CPU
BEST NUMBER OF THREADS: 13

 68  MG+F3X4+G4    2881.290     174 6110.580     6389.938     6802.023
Measuring multi-threading efficiency up to 48 CPU cores
Increase to 10 rounds for branch lengths
16 trees examined
Threads: 1 / Time: 49.347 sec / Speedup: 1.000 / Efficiency: 100% / LogL: -5373
Threads: 2 / Time: 25.336 sec / Speedup: 1.948 / Efficiency: 97% / LogL: -5373
Threads: 3 / Time: 17.677 sec / Speedup: 2.792 / Efficiency: 93% / LogL: -5373
Threads: 4 / Time: 13.881 sec / Speedup: 3.555 / Efficiency: 89% / LogL: -5373
Threads: 5 / Time: 11.458 sec / Speedup: 4.307 / Efficiency: 86% / LogL: -5373
Threads: 6 / Time: 10.341 sec / Speedup: 4.772 / Efficiency: 80% / LogL: -5373
Threads: 7 / Time: 9.008 sec / Speedup: 5.478 / Efficiency: 78% / LogL: -5373
Threads: 8 / Time: 8.377 sec / Speedup: 5.891 / Efficiency: 74% / LogL: -5373
Threads: 9 / Time: 7.895 sec / Speedup: 6.251 / Efficiency: 69% / LogL: -5373
Threads: 10 / Time: 7.192 sec / Speedup: 6.861 / Efficiency: 69% / LogL: -5373
Threads: 11 / Time: 6.631 sec / Speedup: 7.442 / Efficiency: 68% / LogL: -5373
Threads: 12 / Time: 6.661 sec / Speedup: 7.408 / Efficiency: 62% / LogL: -5373
Threads: 13 / Time: 6.255 sec / Speedup: 7.889 / Efficiency: 61% / LogL: -5373
Threads: 14 / Time: 6.199 sec / Speedup: 7.960 / Efficiency: 57% / LogL: -5373
Threads: 15 / Time: 6.152 sec / Speedup: 8.022 / Efficiency: 53% / LogL: -5373
Threads: 16 / Time: 6.139 sec / Speedup: 8.038 / Efficiency: 50% / LogL: -5373
Threads: 17 / Time: 6.302 sec / Speedup: 7.831 / Efficiency: 46% / LogL: -5373
Determining AUTO threadcount: done in 204.855 secs using 558.3% CPU
BEST NUMBER OF THREADS: 13

 70  MG+F3X4+R2    2877.426     175 6104.852     6388.723     6800.268
Measuring multi-threading efficiency up to 48 CPU cores
9 trees examined
Threads: 1 / Time: 52.943 sec / Speedup: 1.000 / Efficiency: 100% / LogL: -5792
Threads: 2 / Time: 28.299 sec / Speedup: 1.871 / Efficiency: 94% / LogL: -5792
Threads: 3 / Time: 19.821 sec / Speedup: 2.671 / Efficiency: 89% / LogL: -5792
Threads: 4 / Time: 15.572 sec / Speedup: 3.400 / Efficiency: 85% / LogL: -5792
Threads: 5 / Time: 12.806 sec / Speedup: 4.134 / Efficiency: 83% / LogL: -5792
Threads: 6 / Time: 11.378 sec / Speedup: 4.653 / Efficiency: 78% / LogL: -5792
Threads: 7 / Time: 9.984 sec / Speedup: 5.303 / Efficiency: 76% / LogL: -5792
Threads: 8 / Time: 9.388 sec / Speedup: 5.639 / Efficiency: 70% / LogL: -5792
Threads: 9 / Time: 8.562 sec / Speedup: 6.184 / Efficiency: 69% / LogL: -5792
Threads: 10 / Time: 7.925 sec / Speedup: 6.680 / Efficiency: 67% / LogL: -5792
Threads: 11 / Time: 7.349 sec / Speedup: 7.204 / Efficiency: 65% / LogL: -5792
Threads: 12 / Time: 7.238 sec / Speedup: 7.315 / Efficiency: 61% / LogL: -5792
Threads: 13 / Time: 6.769 sec / Speedup: 7.821 / Efficiency: 60% / LogL: -5792
Threads: 14 / Time: 6.888 sec / Speedup: 7.686 / Efficiency: 55% / LogL: -5792
Threads: 15 / Time: 6.577 sec / Speedup: 8.050 / Efficiency: 54% / LogL: -5792
Threads: 16 / Time: 6.588 sec / Speedup: 8.036 / Efficiency: 50% / LogL: -5792
Threads: 17 / Time: 6.564 sec / Speedup: 8.065 / Efficiency: 47% / LogL: -5792
Determining AUTO threadcount: done in 224.803 secs using 518.4% CPU
BEST NUMBER OF THREADS: 13

 81  MG+F1X4+G4    2979.193     168 6294.387     6547.887     6961.987
Measuring multi-threading efficiency up to 48 CPU cores
Increase to 10 rounds for branch lengths
16 trees examined
Threads: 1 / Time: 49.072 sec / Speedup: 1.000 / Efficiency: 100% / LogL: -5723
Threads: 2 / Time: 25.172 sec / Speedup: 1.949 / Efficiency: 97% / LogL: -5723
Threads: 3 / Time: 17.624 sec / Speedup: 2.784 / Efficiency: 93% / LogL: -5723
Threads: 4 / Time: 13.775 sec / Speedup: 3.562 / Efficiency: 89% / LogL: -5723
Threads: 5 / Time: 11.367 sec / Speedup: 4.317 / Efficiency: 86% / LogL: -5723
Threads: 6 / Time: 10.256 sec / Speedup: 4.785 / Efficiency: 80% / LogL: -5723
Threads: 7 / Time: 8.892 sec / Speedup: 5.519 / Efficiency: 79% / LogL: -5723
Threads: 8 / Time: 8.318 sec / Speedup: 5.900 / Efficiency: 74% / LogL: -5723
Threads: 9 / Time: 7.753 sec / Speedup: 6.329 / Efficiency: 70% / LogL: -5723
Threads: 10 / Time: 7.034 sec / Speedup: 6.977 / Efficiency: 70% / LogL: -5723
Threads: 11 / Time: 6.642 sec / Speedup: 7.388 / Efficiency: 67% / LogL: -5723
Threads: 12 / Time: 6.598 sec / Speedup: 7.438 / Efficiency: 62% / LogL: -5723
Threads: 13 / Time: 6.256 sec / Speedup: 7.845 / Efficiency: 60% / LogL: -5723
Threads: 14 / Time: 6.145 sec / Speedup: 7.986 / Efficiency: 57% / LogL: -5723
Threads: 15 / Time: 6.096 sec / Speedup: 8.050 / Efficiency: 54% / LogL: -5723
Threads: 16 / Time: 6.112 sec / Speedup: 8.029 / Efficiency: 50% / LogL: -5723
Threads: 17 / Time: 6.220 sec / Speedup: 7.890 / Efficiency: 46% / LogL: -5723
Determining AUTO threadcount: done in 203.345 secs using 556.8% CPU
BEST NUMBER OF THREADS: 13

 83  MG+F1X4+R2    2975.262     169 6288.524     6546.192     6960.098
Measuring multi-threading efficiency up to 48 CPU cores
9 trees examined
Threads: 1 / Time: 52.883 sec / Speedup: 1.000 / Efficiency: 100% / LogL: -5786
Threads: 2 / Time: 28.620 sec / Speedup: 1.848 / Efficiency: 92% / LogL: -5786
Threads: 3 / Time: 20.055 sec / Speedup: 2.637 / Efficiency: 88% / LogL: -5786
Threads: 4 / Time: 15.614 sec / Speedup: 3.387 / Efficiency: 85% / LogL: -5786
Threads: 5 / Time: 12.946 sec / Speedup: 4.085 / Efficiency: 82% / LogL: -5786
Threads: 6 / Time: 11.510 sec / Speedup: 4.595 / Efficiency: 77% / LogL: -5786
Threads: 7 / Time: 9.973 sec / Speedup: 5.302 / Efficiency: 76% / LogL: -5786
Threads: 8 / Time: 9.308 sec / Speedup: 5.681 / Efficiency: 71% / LogL: -5786
Threads: 9 / Time: 8.539 sec / Speedup: 6.193 / Efficiency: 69% / LogL: -5786
Threads: 10 / Time: 7.889 sec / Speedup: 6.703 / Efficiency: 67% / LogL: -5786
Threads: 11 / Time: 7.297 sec / Speedup: 7.248 / Efficiency: 66% / LogL: -5786
Threads: 12 / Time: 7.175 sec / Speedup: 7.370 / Efficiency: 61% / LogL: -5786
Threads: 13 / Time: 6.884 sec / Speedup: 7.682 / Efficiency: 59% / LogL: -5786
Threads: 14 / Time: 6.645 sec / Speedup: 7.958 / Efficiency: 57% / LogL: -5786
Threads: 15 / Time: 6.651 sec / Speedup: 7.951 / Efficiency: 53% / LogL: -5786
Threads: 16 / Time: 6.519 sec / Speedup: 8.112 / Efficiency: 51% / LogL: -5786
Threads: 17 / Time: 6.590 sec / Speedup: 8.024 / Efficiency: 47% / LogL: -5786
Determining AUTO threadcount: done in 225.222 secs using 515.9% CPU
BEST NUMBER OF THREADS: 16

 94  KOSI07+F3X4+G4 2983.013     173 6312.027     6586.931     6999.496
Measuring multi-threading efficiency up to 48 CPU cores
Increase to 10 rounds for branch lengths
16 trees examined
Threads: 1 / Time: 49.257 sec / Speedup: 1.000 / Efficiency: 100% / LogL: -5986
Threads: 2 / Time: 25.181 sec / Speedup: 1.956 / Efficiency: 98% / LogL: -5986
Threads: 3 / Time: 17.710 sec / Speedup: 2.781 / Efficiency: 93% / LogL: -5986
Threads: 4 / Time: 13.861 sec / Speedup: 3.554 / Efficiency: 89% / LogL: -5986
Threads: 5 / Time: 11.482 sec / Speedup: 4.290 / Efficiency: 86% / LogL: -5986
Threads: 6 / Time: 10.305 sec / Speedup: 4.780 / Efficiency: 80% / LogL: -5986
Threads: 7 / Time: 8.939 sec / Speedup: 5.511 / Efficiency: 79% / LogL: -5986
Threads: 8 / Time: 8.353 sec / Speedup: 5.897 / Efficiency: 74% / LogL: -5986
Threads: 9 / Time: 7.742 sec / Speedup: 6.362 / Efficiency: 71% / LogL: -5986
Threads: 10 / Time: 7.130 sec / Speedup: 6.908 / Efficiency: 69% / LogL: -5986
Threads: 11 / Time: 6.640 sec / Speedup: 7.418 / Efficiency: 67% / LogL: -5986
Threads: 12 / Time: 6.668 sec / Speedup: 7.387 / Efficiency: 62% / LogL: -5986
Threads: 13 / Time: 6.239 sec / Speedup: 7.895 / Efficiency: 61% / LogL: -5986
Threads: 14 / Time: 6.162 sec / Speedup: 7.994 / Efficiency: 57% / LogL: -5986
Threads: 15 / Time: 6.071 sec / Speedup: 8.113 / Efficiency: 54% / LogL: -5986
Threads: 16 / Time: 6.084 sec / Speedup: 8.097 / Efficiency: 51% / LogL: -5986
Threads: 17 / Time: 6.243 sec / Speedup: 7.890 / Efficiency: 46% / LogL: -5986
Determining AUTO threadcount: done in 204.072 secs using 556.3% CPU
BEST NUMBER OF THREADS: 13

 96  KOSI07+F3X4+R2 2976.141     174 6300.281     6579.639     6991.724
Measuring multi-threading efficiency up to 48 CPU cores
9 trees examined
Threads: 1 / Time: 52.466 sec / Speedup: 1.000 / Efficiency: 100% / LogL: -6184
Threads: 2 / Time: 28.275 sec / Speedup: 1.856 / Efficiency: 93% / LogL: -6184
Threads: 3 / Time: 19.790 sec / Speedup: 2.651 / Efficiency: 88% / LogL: -6184
Threads: 4 / Time: 15.460 sec / Speedup: 3.394 / Efficiency: 85% / LogL: -6184
Threads: 5 / Time: 12.730 sec / Speedup: 4.122 / Efficiency: 82% / LogL: -6184
Threads: 6 / Time: 11.369 sec / Speedup: 4.615 / Efficiency: 77% / LogL: -6184
Threads: 7 / Time: 9.873 sec / Speedup: 5.314 / Efficiency: 76% / LogL: -6184
Threads: 8 / Time: 9.247 sec / Speedup: 5.674 / Efficiency: 71% / LogL: -6184
Threads: 9 / Time: 8.489 sec / Speedup: 6.180 / Efficiency: 69% / LogL: -6184
Threads: 10 / Time: 7.768 sec / Speedup: 6.754 / Efficiency: 68% / LogL: -6184
Threads: 11 / Time: 7.241 sec / Speedup: 7.246 / Efficiency: 66% / LogL: -6184
Threads: 12 / Time: 7.130 sec / Speedup: 7.358 / Efficiency: 61% / LogL: -6184
Threads: 13 / Time: 6.747 sec / Speedup: 7.776 / Efficiency: 60% / LogL: -6184
Threads: 14 / Time: 6.621 sec / Speedup: 7.924 / Efficiency: 57% / LogL: -6184
Threads: 15 / Time: 6.499 sec / Speedup: 8.073 / Efficiency: 54% / LogL: -6184
Threads: 16 / Time: 6.664 sec / Speedup: 7.873 / Efficiency: 49% / LogL: -6184
Determining AUTO threadcount: done in 216.502 secs using 492.6% CPU
BEST NUMBER OF THREADS: 13

107  KOSI07+F1X4+G4 3071.571     167 6477.143     6726.530     7140.769
Measuring multi-threading efficiency up to 48 CPU cores
Increase to 10 rounds for branch lengths
16 trees examined
Threads: 1 / Time: 49.453 sec / Speedup: 1.000 / Efficiency: 100% / LogL: -6286
Threads: 2 / Time: 25.204 sec / Speedup: 1.962 / Efficiency: 98% / LogL: -6286
Threads: 3 / Time: 17.713 sec / Speedup: 2.792 / Efficiency: 93% / LogL: -6286
Threads: 4 / Time: 14.122 sec / Speedup: 3.502 / Efficiency: 88% / LogL: -6286
Threads: 5 / Time: 11.511 sec / Speedup: 4.296 / Efficiency: 86% / LogL: -6286
Threads: 6 / Time: 10.284 sec / Speedup: 4.809 / Efficiency: 80% / LogL: -6286
Threads: 7 / Time: 9.002 sec / Speedup: 5.494 / Efficiency: 78% / LogL: -6286
Threads: 8 / Time: 8.427 sec / Speedup: 5.868 / Efficiency: 73% / LogL: -6286
Threads: 9 / Time: 7.772 sec / Speedup: 6.363 / Efficiency: 71% / LogL: -6286
Threads: 10 / Time: 7.246 sec / Speedup: 6.825 / Efficiency: 68% / LogL: -6286
Threads: 11 / Time: 6.562 sec / Speedup: 7.536 / Efficiency: 69% / LogL: -6286
Threads: 12 / Time: 6.651 sec / Speedup: 7.435 / Efficiency: 62% / LogL: -6286
Threads: 13 / Time: 6.256 sec / Speedup: 7.905 / Efficiency: 61% / LogL: -6286
Threads: 14 / Time: 6.221 sec / Speedup: 7.950 / Efficiency: 57% / LogL: -6286
Threads: 15 / Time: 6.095 sec / Speedup: 8.114 / Efficiency: 54% / LogL: -6286
Threads: 16 / Time: 6.280 sec / Speedup: 7.874 / Efficiency: 49% / LogL: -6286
Determining AUTO threadcount: done in 198.82 secs using 527.2% CPU
BEST NUMBER OF THREADS: 14

109  KOSI07+F1X4+R2 3063.301     168 6462.601     6716.101     7130.201
Measuring multi-threading efficiency up to 48 CPU cores
9 trees examined
Threads: 1 / Time: 53.462 sec / Speedup: 1.000 / Efficiency: 100% / LogL: -6195
Threads: 2 / Time: 28.474 sec / Speedup: 1.878 / Efficiency: 94% / LogL: -6195
Threads: 3 / Time: 20.087 sec / Speedup: 2.662 / Efficiency: 89% / LogL: -6195
Threads: 4 / Time: 15.850 sec / Speedup: 3.373 / Efficiency: 84% / LogL: -6195
Threads: 5 / Time: 12.926 sec / Speedup: 4.136 / Efficiency: 83% / LogL: -6195
Threads: 6 / Time: 11.516 sec / Speedup: 4.642 / Efficiency: 77% / LogL: -6195
Threads: 7 / Time: 10.061 sec / Speedup: 5.314 / Efficiency: 76% / LogL: -6195
Threads: 8 / Time: 9.322 sec / Speedup: 5.735 / Efficiency: 72% / LogL: -6195
Threads: 9 / Time: 8.633 sec / Speedup: 6.193 / Efficiency: 69% / LogL: -6195
Threads: 10 / Time: 7.801 sec / Speedup: 6.853 / Efficiency: 69% / LogL: -6195
Threads: 11 / Time: 7.358 sec / Speedup: 7.266 / Efficiency: 66% / LogL: -6195
Threads: 12 / Time: 7.161 sec / Speedup: 7.466 / Efficiency: 62% / LogL: -6195
Threads: 13 / Time: 6.853 sec / Speedup: 7.802 / Efficiency: 60% / LogL: -6195
Threads: 14 / Time: 6.673 sec / Speedup: 8.011 / Efficiency: 57% / LogL: -6195
Threads: 15 / Time: 6.715 sec / Speedup: 7.961 / Efficiency: 53% / LogL: -6195
Threads: 16 / Time: 6.650 sec / Speedup: 8.039 / Efficiency: 50% / LogL: -6195
Threads: 17 / Time: 6.646 sec / Speedup: 8.044 / Efficiency: 47% / LogL: -6195
Determining AUTO threadcount: done in 226.323 secs using 516.4% CPU
BEST NUMBER OF THREADS: 13

120  KOSI07+F+G4   2910.936     224 6269.871     6869.871     7160.005
Measuring multi-threading efficiency up to 48 CPU cores
Increase to 10 rounds for branch lengths
16 trees examined
Threads: 1 / Time: 49.226 sec / Speedup: 1.000 / Efficiency: 100% / LogL: -5824
Threads: 2 / Time: 25.151 sec / Speedup: 1.957 / Efficiency: 98% / LogL: -5824
Threads: 3 / Time: 17.665 sec / Speedup: 2.787 / Efficiency: 93% / LogL: -5824
Threads: 4 / Time: 13.799 sec / Speedup: 3.567 / Efficiency: 89% / LogL: -5824
Threads: 5 / Time: 11.404 sec / Speedup: 4.317 / Efficiency: 86% / LogL: -5824
Threads: 6 / Time: 10.211 sec / Speedup: 4.821 / Efficiency: 80% / LogL: -5824
Threads: 7 / Time: 8.903 sec / Speedup: 5.529 / Efficiency: 79% / LogL: -5824
Threads: 8 / Time: 8.278 sec / Speedup: 5.946 / Efficiency: 74% / LogL: -5824
Threads: 9 / Time: 7.777 sec / Speedup: 6.330 / Efficiency: 70% / LogL: -5824
Threads: 10 / Time: 7.122 sec / Speedup: 6.912 / Efficiency: 69% / LogL: -5824
Threads: 11 / Time: 6.638 sec / Speedup: 7.416 / Efficiency: 67% / LogL: -5824
Threads: 12 / Time: 6.573 sec / Speedup: 7.489 / Efficiency: 62% / LogL: -5824
Threads: 13 / Time: 6.184 sec / Speedup: 7.960 / Efficiency: 61% / LogL: -5824
Threads: 14 / Time: 6.187 sec / Speedup: 7.956 / Efficiency: 57% / LogL: -5824
Threads: 15 / Time: 6.128 sec / Speedup: 8.032 / Efficiency: 54% / LogL: -5824
Threads: 16 / Time: 6.173 sec / Speedup: 7.974 / Efficiency: 50% / LogL: -5824
Determining AUTO threadcount: done in 197.426 secs using 527.7% CPU
BEST NUMBER OF THREADS: 13

122  KOSI07+F+R2   2904.663     225 6259.326     6868.308     7153.433
Measuring multi-threading efficiency up to 48 CPU cores
9 trees examined
Threads: 1 / Time: 53.505 sec / Speedup: 1.000 / Efficiency: 100% / LogL: -6139
Threads: 2 / Time: 28.381 sec / Speedup: 1.885 / Efficiency: 94% / LogL: -6139
Threads: 3 / Time: 20.045 sec / Speedup: 2.669 / Efficiency: 89% / LogL: -6139
Threads: 4 / Time: 15.725 sec / Speedup: 3.403 / Efficiency: 85% / LogL: -6139
Threads: 5 / Time: 12.954 sec / Speedup: 4.130 / Efficiency: 83% / LogL: -6139
Threads: 6 / Time: 11.548 sec / Speedup: 4.633 / Efficiency: 77% / LogL: -6139
Threads: 7 / Time: 10.094 sec / Speedup: 5.301 / Efficiency: 76% / LogL: -6139
Threads: 8 / Time: 9.374 sec / Speedup: 5.708 / Efficiency: 71% / LogL: -6139
Threads: 9 / Time: 8.604 sec / Speedup: 6.218 / Efficiency: 69% / LogL: -6139
Threads: 10 / Time: 7.898 sec / Speedup: 6.774 / Efficiency: 68% / LogL: -6139
Threads: 11 / Time: 7.369 sec / Speedup: 7.261 / Efficiency: 66% / LogL: -6139
Threads: 12 / Time: 7.262 sec / Speedup: 7.368 / Efficiency: 61% / LogL: -6139
Threads: 13 / Time: 6.806 sec / Speedup: 7.861 / Efficiency: 60% / LogL: -6139
Threads: 14 / Time: 6.785 sec / Speedup: 7.886 / Efficiency: 56% / LogL: -6139
Threads: 15 / Time: 6.610 sec / Speedup: 8.095 / Efficiency: 54% / LogL: -6139
Threads: 16 / Time: 6.568 sec / Speedup: 8.146 / Efficiency: 51% / LogL: -6139
Threads: 17 / Time: 6.667 sec / Speedup: 8.025 / Efficiency: 47% / LogL: -6139
Determining AUTO threadcount: done in 226.348 secs using 515.7% CPU
BEST NUMBER OF THREADS: 13

133  KOSI07+FU+G4  2992.334     164 6312.668     6550.036     6964.373
Measuring multi-threading efficiency up to 48 CPU cores
Increase to 10 rounds for branch lengths
16 trees examined
Threads: 1 / Time: 49.397 sec / Speedup: 1.000 / Efficiency: 100% / LogL: -6251
Threads: 2 / Time: 25.271 sec / Speedup: 1.955 / Efficiency: 98% / LogL: -6251
Threads: 3 / Time: 17.716 sec / Speedup: 2.788 / Efficiency: 93% / LogL: -6251
Threads: 4 / Time: 13.871 sec / Speedup: 3.561 / Efficiency: 89% / LogL: -6251
Threads: 5 / Time: 11.527 sec / Speedup: 4.286 / Efficiency: 86% / LogL: -6251
Threads: 6 / Time: 10.193 sec / Speedup: 4.846 / Efficiency: 81% / LogL: -6251
Threads: 7 / Time: 8.968 sec / Speedup: 5.508 / Efficiency: 79% / LogL: -6251
Threads: 8 / Time: 8.456 sec / Speedup: 5.841 / Efficiency: 73% / LogL: -6251
Threads: 9 / Time: 7.880 sec / Speedup: 6.269 / Efficiency: 70% / LogL: -6251
Threads: 10 / Time: 7.211 sec / Speedup: 6.851 / Efficiency: 69% / LogL: -6251
Threads: 11 / Time: 6.730 sec / Speedup: 7.340 / Efficiency: 67% / LogL: -6251
Threads: 12 / Time: 6.623 sec / Speedup: 7.458 / Efficiency: 62% / LogL: -6251
Threads: 13 / Time: 6.323 sec / Speedup: 7.813 / Efficiency: 60% / LogL: -6251
Threads: 14 / Time: 6.224 sec / Speedup: 7.936 / Efficiency: 57% / LogL: -6251
Threads: 15 / Time: 6.193 sec / Speedup: 7.976 / Efficiency: 53% / LogL: -6251
Threads: 16 / Time: 6.185 sec / Speedup: 7.986 / Efficiency: 50% / LogL: -6251
Determining AUTO threadcount: done in 198.776 secs using 527.2% CPU
BEST NUMBER OF THREADS: 13

135  KOSI07+FU+R2  2988.493     165 6306.987     6548.308     6962.665
Measuring multi-threading efficiency up to 48 CPU cores
9 trees examined
Threads: 1 / Time: 52.868 sec / Speedup: 1.000 / Efficiency: 100% / LogL: -6339
Threads: 2 / Time: 28.331 sec / Speedup: 1.866 / Efficiency: 93% / LogL: -6339
Threads: 3 / Time: 19.815 sec / Speedup: 2.668 / Efficiency: 89% / LogL: -6339
Threads: 4 / Time: 15.623 sec / Speedup: 3.384 / Efficiency: 85% / LogL: -6339
Threads: 5 / Time: 12.845 sec / Speedup: 4.116 / Efficiency: 82% / LogL: -6339
Threads: 6 / Time: 11.449 sec / Speedup: 4.618 / Efficiency: 77% / LogL: -6339
Threads: 7 / Time: 9.912 sec / Speedup: 5.334 / Efficiency: 76% / LogL: -6339
Threads: 8 / Time: 9.298 sec / Speedup: 5.686 / Efficiency: 71% / LogL: -6339
Threads: 9 / Time: 8.465 sec / Speedup: 6.246 / Efficiency: 69% / LogL: -6339
Threads: 10 / Time: 7.872 sec / Speedup: 6.716 / Efficiency: 67% / LogL: -6339
Threads: 11 / Time: 7.269 sec / Speedup: 7.274 / Efficiency: 66% / LogL: -6339
Threads: 12 / Time: 7.185 sec / Speedup: 7.358 / Efficiency: 61% / LogL: -6339
Threads: 13 / Time: 6.793 sec / Speedup: 7.782 / Efficiency: 60% / LogL: -6339
Threads: 14 / Time: 6.598 sec / Speedup: 8.012 / Efficiency: 57% / LogL: -6339
Threads: 15 / Time: 6.613 sec / Speedup: 7.994 / Efficiency: 53% / LogL: -6339
Threads: 16 / Time: 6.484 sec / Speedup: 8.153 / Efficiency: 51% / LogL: -6339
Threads: 17 / Time: 6.576 sec / Speedup: 8.040 / Efficiency: 47% / LogL: -6339
Determining AUTO threadcount: done in 224.133 secs using 516.2% CPU
BEST NUMBER OF THREADS: 13

146  SCHN05+F3X4+G4 2996.991     173 6339.983     6614.887     7027.452
Measuring multi-threading efficiency up to 48 CPU cores
Increase to 10 rounds for branch lengths
16 trees examined
Threads: 1 / Time: 49.618 sec / Speedup: 1.000 / Efficiency: 100% / LogL: -6256
Threads: 2 / Time: 25.365 sec / Speedup: 1.956 / Efficiency: 98% / LogL: -6256
Threads: 3 / Time: 17.823 sec / Speedup: 2.784 / Efficiency: 93% / LogL: -6256
Threads: 4 / Time: 13.930 sec / Speedup: 3.562 / Efficiency: 89% / LogL: -6256
Threads: 5 / Time: 11.481 sec / Speedup: 4.322 / Efficiency: 86% / LogL: -6256
Threads: 6 / Time: 10.299 sec / Speedup: 4.818 / Efficiency: 80% / LogL: -6256
Threads: 7 / Time: 9.061 sec / Speedup: 5.476 / Efficiency: 78% / LogL: -6256
Threads: 8 / Time: 8.383 sec / Speedup: 5.919 / Efficiency: 74% / LogL: -6256
Threads: 9 / Time: 7.868 sec / Speedup: 6.306 / Efficiency: 70% / LogL: -6256
Threads: 10 / Time: 7.188 sec / Speedup: 6.903 / Efficiency: 69% / LogL: -6256
Threads: 11 / Time: 6.657 sec / Speedup: 7.453 / Efficiency: 68% / LogL: -6256
Threads: 12 / Time: 6.662 sec / Speedup: 7.448 / Efficiency: 62% / LogL: -6256
Threads: 13 / Time: 6.279 sec / Speedup: 7.902 / Efficiency: 61% / LogL: -6256
Threads: 14 / Time: 6.222 sec / Speedup: 7.974 / Efficiency: 57% / LogL: -6256
Threads: 15 / Time: 6.172 sec / Speedup: 8.039 / Efficiency: 54% / LogL: -6256
Threads: 16 / Time: 6.166 sec / Speedup: 8.048 / Efficiency: 50% / LogL: -6256
Threads: 17 / Time: 6.264 sec / Speedup: 7.921 / Efficiency: 47% / LogL: -6256
Determining AUTO threadcount: done in 205.446 secs using 556.6% CPU
BEST NUMBER OF THREADS: 13

148  SCHN05+F3X4+R2 2988.094     174 6324.187     6603.545     7015.630
Measuring multi-threading efficiency up to 48 CPU cores
9 trees examined
Threads: 1 / Time: 53.097 sec / Speedup: 1.000 / Efficiency: 100% / LogL: -6426
Threads: 2 / Time: 28.409 sec / Speedup: 1.869 / Efficiency: 93% / LogL: -6426
Threads: 3 / Time: 19.876 sec / Speedup: 2.671 / Efficiency: 89% / LogL: -6426
Threads: 4 / Time: 15.706 sec / Speedup: 3.381 / Efficiency: 85% / LogL: -6426
Threads: 5 / Time: 12.756 sec / Speedup: 4.163 / Efficiency: 83% / LogL: -6426
Threads: 6 / Time: 11.499 sec / Speedup: 4.617 / Efficiency: 77% / LogL: -6426
Threads: 7 / Time: 9.969 sec / Speedup: 5.326 / Efficiency: 76% / LogL: -6426
Threads: 8 / Time: 9.368 sec / Speedup: 5.668 / Efficiency: 71% / LogL: -6426
Threads: 9 / Time: 8.508 sec / Speedup: 6.241 / Efficiency: 69% / LogL: -6426
Threads: 10 / Time: 7.834 sec / Speedup: 6.777 / Efficiency: 68% / LogL: -6426
Threads: 11 / Time: 7.362 sec / Speedup: 7.212 / Efficiency: 66% / LogL: -6426
Threads: 12 / Time: 7.214 sec / Speedup: 7.360 / Efficiency: 61% / LogL: -6426
Threads: 13 / Time: 6.836 sec / Speedup: 7.767 / Efficiency: 60% / LogL: -6426
Threads: 14 / Time: 6.709 sec / Speedup: 7.914 / Efficiency: 57% / LogL: -6426
Threads: 15 / Time: 6.582 sec / Speedup: 8.067 / Efficiency: 54% / LogL: -6426
Threads: 16 / Time: 6.554 sec / Speedup: 8.101 / Efficiency: 51% / LogL: -6426
Threads: 17 / Time: 6.615 sec / Speedup: 8.027 / Efficiency: 47% / LogL: -6426
Determining AUTO threadcount: done in 225.028 secs using 517.1% CPU
BEST NUMBER OF THREADS: 13

159  SCHN05+F1X4+G4 3084.321     167 6502.642     6752.029     7166.268
Measuring multi-threading efficiency up to 48 CPU cores
Increase to 10 rounds for branch lengths
16 trees examined
Threads: 1 / Time: 49.002 sec / Speedup: 1.000 / Efficiency: 100% / LogL: -6258
Threads: 2 / Time: 25.236 sec / Speedup: 1.942 / Efficiency: 97% / LogL: -6258
Threads: 3 / Time: 17.603 sec / Speedup: 2.784 / Efficiency: 93% / LogL: -6258
Threads: 4 / Time: 13.821 sec / Speedup: 3.545 / Efficiency: 89% / LogL: -6258
Threads: 5 / Time: 11.365 sec / Speedup: 4.311 / Efficiency: 86% / LogL: -6258
Threads: 6 / Time: 10.186 sec / Speedup: 4.811 / Efficiency: 80% / LogL: -6258
Threads: 7 / Time: 8.881 sec / Speedup: 5.517 / Efficiency: 79% / LogL: -6258
Threads: 8 / Time: 8.363 sec / Speedup: 5.859 / Efficiency: 73% / LogL: -6258
Threads: 9 / Time: 7.813 sec / Speedup: 6.272 / Efficiency: 70% / LogL: -6258
Threads: 10 / Time: 7.080 sec / Speedup: 6.921 / Efficiency: 69% / LogL: -6258
Threads: 11 / Time: 6.615 sec / Speedup: 7.408 / Efficiency: 67% / LogL: -6258
Threads: 12 / Time: 6.623 sec / Speedup: 7.399 / Efficiency: 62% / LogL: -6258
Threads: 13 / Time: 6.290 sec / Speedup: 7.790 / Efficiency: 60% / LogL: -6258
Threads: 14 / Time: 6.192 sec / Speedup: 7.914 / Efficiency: 57% / LogL: -6258
Threads: 15 / Time: 6.139 sec / Speedup: 7.982 / Efficiency: 53% / LogL: -6258
Threads: 16 / Time: 6.177 sec / Speedup: 7.933 / Efficiency: 50% / LogL: -6258
Determining AUTO threadcount: done in 197.418 secs using 527.4% CPU
BEST NUMBER OF THREADS: 14

161  SCHN05+F1X4+R2 3073.260     168 6482.520     6736.020     7150.120
Measuring multi-threading efficiency up to 48 CPU cores
9 trees examined
Threads: 1 / Time: 52.968 sec / Speedup: 1.000 / Efficiency: 100% / LogL: -6242
Threads: 2 / Time: 28.604 sec / Speedup: 1.852 / Efficiency: 93% / LogL: -6242
Threads: 3 / Time: 19.945 sec / Speedup: 2.656 / Efficiency: 89% / LogL: -6242
Threads: 4 / Time: 15.810 sec / Speedup: 3.350 / Efficiency: 84% / LogL: -6242
Threads: 5 / Time: 12.874 sec / Speedup: 4.114 / Efficiency: 82% / LogL: -6242
Threads: 6 / Time: 11.436 sec / Speedup: 4.632 / Efficiency: 77% / LogL: -6242
Threads: 7 / Time: 9.936 sec / Speedup: 5.331 / Efficiency: 76% / LogL: -6242
Threads: 8 / Time: 9.297 sec / Speedup: 5.697 / Efficiency: 71% / LogL: -6242
Threads: 9 / Time: 8.510 sec / Speedup: 6.224 / Efficiency: 69% / LogL: -6242
Threads: 10 / Time: 7.855 sec / Speedup: 6.743 / Efficiency: 67% / LogL: -6242
Threads: 11 / Time: 7.383 sec / Speedup: 7.174 / Efficiency: 65% / LogL: -6242
Threads: 12 / Time: 7.194 sec / Speedup: 7.362 / Efficiency: 61% / LogL: -6242
Threads: 13 / Time: 6.819 sec / Speedup: 7.768 / Efficiency: 60% / LogL: -6242
Threads: 14 / Time: 6.686 sec / Speedup: 7.922 / Efficiency: 57% / LogL: -6242
Threads: 15 / Time: 6.563 sec / Speedup: 8.071 / Efficiency: 54% / LogL: -6242
Threads: 16 / Time: 6.553 sec / Speedup: 8.083 / Efficiency: 51% / LogL: -6242
Threads: 17 / Time: 6.609 sec / Speedup: 8.014 / Efficiency: 47% / LogL: -6242
Determining AUTO threadcount: done in 225.182 secs using 515.5% CPU
BEST NUMBER OF THREADS: 13

172  SCHN05+F+G4   2919.851     224 6287.703     6887.703     7177.836
Measuring multi-threading efficiency up to 48 CPU cores
Increase to 10 rounds for branch lengths
16 trees examined
Threads: 1 / Time: 49.304 sec / Speedup: 1.000 / Efficiency: 100% / LogL: -5945
Threads: 2 / Time: 25.210 sec / Speedup: 1.956 / Efficiency: 98% / LogL: -5945
Threads: 3 / Time: 17.699 sec / Speedup: 2.786 / Efficiency: 93% / LogL: -5945
Threads: 4 / Time: 13.886 sec / Speedup: 3.551 / Efficiency: 89% / LogL: -5945
Threads: 5 / Time: 11.472 sec / Speedup: 4.298 / Efficiency: 86% / LogL: -5945
Threads: 6 / Time: 10.361 sec / Speedup: 4.759 / Efficiency: 79% / LogL: -5945
Threads: 7 / Time: 9.011 sec / Speedup: 5.471 / Efficiency: 78% / LogL: -5945
Threads: 8 / Time: 8.376 sec / Speedup: 5.886 / Efficiency: 74% / LogL: -5945
Threads: 9 / Time: 7.801 sec / Speedup: 6.320 / Efficiency: 70% / LogL: -5945
Threads: 10 / Time: 7.153 sec / Speedup: 6.893 / Efficiency: 69% / LogL: -5945
Threads: 11 / Time: 6.646 sec / Speedup: 7.419 / Efficiency: 67% / LogL: -5945
Threads: 12 / Time: 6.610 sec / Speedup: 7.459 / Efficiency: 62% / LogL: -5945
Threads: 13 / Time: 6.252 sec / Speedup: 7.886 / Efficiency: 61% / LogL: -5945
Threads: 14 / Time: 6.212 sec / Speedup: 7.937 / Efficiency: 57% / LogL: -5945
Threads: 15 / Time: 6.146 sec / Speedup: 8.022 / Efficiency: 53% / LogL: -5945
Threads: 16 / Time: 6.233 sec / Speedup: 7.910 / Efficiency: 49% / LogL: -5945
Determining AUTO threadcount: done in 198.377 secs using 527.4% CPU
BEST NUMBER OF THREADS: 13

174  SCHN05+F+R2   2912.347     225 6274.694     6883.676     7168.801
Measuring multi-threading efficiency up to 48 CPU cores
9 trees examined
Threads: 1 / Time: 53.014 sec / Speedup: 1.000 / Efficiency: 100% / LogL: -6193
Threads: 2 / Time: 28.294 sec / Speedup: 1.874 / Efficiency: 94% / LogL: -6193
Threads: 3 / Time: 19.845 sec / Speedup: 2.671 / Efficiency: 89% / LogL: -6193
Threads: 4 / Time: 15.691 sec / Speedup: 3.379 / Efficiency: 84% / LogL: -6193
Threads: 5 / Time: 12.975 sec / Speedup: 4.086 / Efficiency: 82% / LogL: -6193
Threads: 6 / Time: 11.464 sec / Speedup: 4.624 / Efficiency: 77% / LogL: -6193
Threads: 7 / Time: 9.996 sec / Speedup: 5.303 / Efficiency: 76% / LogL: -6193
Threads: 8 / Time: 9.348 sec / Speedup: 5.671 / Efficiency: 71% / LogL: -6193
Threads: 9 / Time: 8.536 sec / Speedup: 6.210 / Efficiency: 69% / LogL: -6193
Threads: 10 / Time: 7.856 sec / Speedup: 6.748 / Efficiency: 67% / LogL: -6193
Threads: 11 / Time: 7.370 sec / Speedup: 7.194 / Efficiency: 65% / LogL: -6193
Threads: 12 / Time: 7.193 sec / Speedup: 7.370 / Efficiency: 61% / LogL: -6193
Threads: 13 / Time: 6.850 sec / Speedup: 7.739 / Efficiency: 60% / LogL: -6193
Threads: 14 / Time: 6.706 sec / Speedup: 7.906 / Efficiency: 56% / LogL: -6193
Threads: 15 / Time: 6.570 sec / Speedup: 8.069 / Efficiency: 54% / LogL: -6193
Threads: 16 / Time: 6.552 sec / Speedup: 8.091 / Efficiency: 51% / LogL: -6193
Threads: 17 / Time: 6.666 sec / Speedup: 7.952 / Efficiency: 47% / LogL: -6193
Determining AUTO threadcount: done in 225.066 secs using 517.2% CPU
BEST NUMBER OF THREADS: 13

185  SCHN05+FU+G4  2989.482     164 6306.964     6544.333     6958.669
Measuring multi-threading efficiency up to 48 CPU cores
Increase to 10 rounds for branch lengths
16 trees examined
Threads: 1 / Time: 49.101 sec / Speedup: 1.000 / Efficiency: 100% / LogL: -6032
Threads: 2 / Time: 25.176 sec / Speedup: 1.950 / Efficiency: 98% / LogL: -6032
Threads: 3 / Time: 17.631 sec / Speedup: 2.785 / Efficiency: 93% / LogL: -6032
Threads: 4 / Time: 13.946 sec / Speedup: 3.521 / Efficiency: 88% / LogL: -6032
Threads: 5 / Time: 11.436 sec / Speedup: 4.293 / Efficiency: 86% / LogL: -6032
Threads: 6 / Time: 10.323 sec / Speedup: 4.757 / Efficiency: 79% / LogL: -6032
Threads: 7 / Time: 8.964 sec / Speedup: 5.477 / Efficiency: 78% / LogL: -6032
Threads: 8 / Time: 8.384 sec / Speedup: 5.856 / Efficiency: 73% / LogL: -6032
Threads: 9 / Time: 7.813 sec / Speedup: 6.285 / Efficiency: 70% / LogL: -6032
Threads: 10 / Time: 7.172 sec / Speedup: 6.846 / Efficiency: 68% / LogL: -6032
Threads: 11 / Time: 6.560 sec / Speedup: 7.485 / Efficiency: 68% / LogL: -6032
Threads: 12 / Time: 6.543 sec / Speedup: 7.504 / Efficiency: 63% / LogL: -6032
Threads: 13 / Time: 6.213 sec / Speedup: 7.903 / Efficiency: 61% / LogL: -6032
Threads: 14 / Time: 6.063 sec / Speedup: 8.099 / Efficiency: 58% / LogL: -6032
Threads: 15 / Time: 6.126 sec / Speedup: 8.015 / Efficiency: 53% / LogL: -6032
Threads: 16 / Time: 6.064 sec / Speedup: 8.097 / Efficiency: 51% / LogL: -6032
Threads: 17 / Time: 6.046 sec / Speedup: 8.121 / Efficiency: 48% / LogL: -6032
Determining AUTO threadcount: done in 203.579 secs using 555.4% CPU
BEST NUMBER OF THREADS: 13

187  SCHN05+FU+R2  2985.133     165 6300.266     6541.588     6955.945
Akaike Information Criterion:           GY+F+R2
Corrected Akaike Information Criterion: MG+F3X4+R2
Bayesian Information Criterion:         MG+F3X4+R2
Best-fit model: MG+F3X4+R2 chosen according to BIC

All model information printed to CASQ1_fasta.model.gz
CPU time for ModelFinder: 41825.287 seconds (11h:37m:5s)
Wall-clock time for ModelFinder: 7713.022 seconds (2h:8m:33s)
WARNING: States(s) CGC, TGC, TGT rarely appear in alignment and may cause numerical problems

NOTE: 27 MB RAM (0 GB) is required!
Measuring multi-threading efficiency up to 48 CPU cores
Increase to 10 rounds for branch lengths
15 trees examined
Threads: 1 / Time: 48.274 sec / Speedup: 1.000 / Efficiency: 100% / LogL: -6234
Threads: 2 / Time: 24.587 sec / Speedup: 1.963 / Efficiency: 98% / LogL: -6234
Threads: 3 / Time: 17.215 sec / Speedup: 2.804 / Efficiency: 93% / LogL: -6234
Threads: 4 / Time: 13.613 sec / Speedup: 3.546 / Efficiency: 89% / LogL: -6234
Threads: 5 / Time: 11.157 sec / Speedup: 4.327 / Efficiency: 87% / LogL: -6234
Threads: 6 / Time: 10.018 sec / Speedup: 4.819 / Efficiency: 80% / LogL: -6234
Threads: 7 / Time: 8.732 sec / Speedup: 5.529 / Efficiency: 79% / LogL: -6234
Threads: 8 / Time: 8.218 sec / Speedup: 5.874 / Efficiency: 73% / LogL: -6234
Threads: 9 / Time: 7.749 sec / Speedup: 6.230 / Efficiency: 69% / LogL: -6234
Threads: 10 / Time: 7.128 sec / Speedup: 6.772 / Efficiency: 68% / LogL: -6234
Threads: 11 / Time: 6.570 sec / Speedup: 7.347 / Efficiency: 67% / LogL: -6234
Threads: 12 / Time: 6.605 sec / Speedup: 7.308 / Efficiency: 61% / LogL: -6234
Threads: 13 / Time: 6.328 sec / Speedup: 7.628 / Efficiency: 59% / LogL: -6234
Threads: 14 / Time: 6.275 sec / Speedup: 7.693 / Efficiency: 55% / LogL: -6234
Threads: 15 / Time: 6.186 sec / Speedup: 7.803 / Efficiency: 52% / LogL: -6234
Threads: 16 / Time: 6.239 sec / Speedup: 7.737 / Efficiency: 48% / LogL: -6234
Determining AUTO threadcount: done in 194.902 secs using 533.3% CPU
BEST NUMBER OF THREADS: 15

Estimate model parameters (epsilon = 0.100)
1. Initial log-likelihood: -2877.426
Optimal log-likelihood: -2877.426
Nonsynonymous/synonymous ratio (omega): 0.302
Transition/transversion ratio (kappa): 5.233
Site proportion and rates:  (0.866,0.447) (0.134,4.588)
Parameters optimization took 1 rounds (1.418 sec)
Wrote distance file to... 
Computing ML distances based on estimated model parameters...
Calculating distance matrix: done in 2.30573 secs using 1472% CPU
Computing ML distances took 2.306292 sec (of wall-clock time) 33.951688 sec (of CPU time)
Setting up auxiliary I and S matrices: done in 0.0100663 secs using 548.9% CPU
Constructing RapidNJ tree: done in 0.753734 secs using 786.7% CPU
Computing RapidNJ tree took 0.764006 sec (of wall-clock time) 5.987910 sec (of CPU time)
Log-likelihood of RapidNJ tree: -2916.704
--------------------------------------------------------------------
|             INITIALIZING CANDIDATE TREE SET                      |
--------------------------------------------------------------------
Generating 98 parsimony trees... 0.448 second
Computing log-likelihood of 98 initial trees ... 33.715 seconds
Current best score: -2854.018

Do NNI search on 20 best initial trees
Optimizing NNI: done in 1.60697 secs using 1407% CPU
Estimate model parameters (epsilon = 0.100)
BETTER TREE FOUND at iteration 1: -2852.839
Optimizing NNI: done in 1.60756 secs using 1418% CPU
Optimizing NNI: done in 1.59815 secs using 1409% CPU
Optimizing NNI: done in 1.56794 secs using 1415% CPU
Optimizing NNI: done in 1.64112 secs using 1406% CPU
Optimizing NNI: done in 1.61315 secs using 1411% CPU
Optimizing NNI: done in 1.64244 secs using 1408% CPU
Optimizing NNI: done in 2.12277 secs using 1416% CPU
Optimizing NNI: done in 2.0961 secs using 1418% CPU
Optimizing NNI: done in 2.03425 secs using 1416% CPU
Iteration 10 / LogL: -2864.517 / Time: 0h:4m:17s
Optimizing NNI: done in 1.55674 secs using 1419% CPU
Optimizing NNI: done in 2.289 secs using 1402% CPU
Optimizing NNI: done in 2.10451 secs using 1415% CPU
Optimizing NNI: done in 2.1551 secs using 1412% CPU
Optimizing NNI: done in 2.12963 secs using 1412% CPU
Optimizing NNI: done in 2.713 secs using 1414% CPU
Optimizing NNI: done in 1.56462 secs using 1417% CPU
Optimizing NNI: done in 1.54263 secs using 1417% CPU
Optimizing NNI: done in 1.5594 secs using 1419% CPU
Optimizing NNI: done in 1.57367 secs using 1414% CPU
Iteration 20 / LogL: -2867.041 / Time: 0h:4m:37s
Finish initializing candidate tree set (20)
Current best tree score: -2852.839 / CPU time: 77.300
Number of iterations: 20
--------------------------------------------------------------------
|               OPTIMIZING CANDIDATE TREE SET                      |
--------------------------------------------------------------------
Optimizing NNI: done in 2.84933 secs using 1429% CPU
Optimizing NNI: done in 4.29719 secs using 1420% CPU
Optimizing NNI: done in 2.89839 secs using 1428% CPU
Optimizing NNI: done in 3.46681 secs using 1417% CPU
Optimizing NNI: done in 4.14347 secs using 1423% CPU
Optimizing NNI: done in 4.45563 secs using 1421% CPU
Optimizing NNI: done in 3.54857 secs using 1423% CPU
Optimizing NNI: done in 3.25088 secs using 1417% CPU
Optimizing NNI: done in 3.98461 secs using 1399% CPU
Optimizing NNI: done in 2.69943 secs using 1416% CPU
Iteration 30 / LogL: -3070.362 / Time: 0h:5m:13s (0h:12m:47s left)
Optimizing NNI: done in 4.75538 secs using 1417% CPU
Optimizing NNI: done in 2.57372 secs using 1422% CPU
Optimizing NNI: done in 3.31716 secs using 1419% CPU
Optimizing NNI: done in 4.97893 secs using 1411% CPU
Optimizing NNI: done in 6.60664 secs using 1424% CPU
Optimizing NNI: done in 4.09937 secs using 1423% CPU
Optimizing NNI: done in 3.92901 secs using 1421% CPU
Optimizing NNI: done in 3.94394 secs using 1420% CPU
Optimizing NNI: done in 3.69386 secs using 1418% CPU
Optimizing NNI: done in 2.46872 secs using 1411% CPU
Iteration 40 / LogL: -3032.499 / Time: 0h:5m:54s (0h:9m:14s left)
Optimizing NNI: done in 2.88149 secs using 1427% CPU
Optimizing NNI: done in 3.33674 secs using 1417% CPU
Optimizing NNI: done in 3.65431 secs using 1415% CPU
Optimizing NNI: done in 4.03688 secs using 1423% CPU
Optimizing NNI: done in 3.40216 secs using 1412% CPU
Optimizing NNI: done in 5.94245 secs using 1419% CPU
Optimizing NNI: done in 3.43231 secs using 1415% CPU
Optimizing NNI: done in 4.59008 secs using 1416% CPU
Optimizing NNI: done in 4.99759 secs using 1416% CPU
Optimizing NNI: done in 4.32396 secs using 1419% CPU
Iteration 50 / LogL: -2996.988 / Time: 0h:6m:35s (0h:6m:51s left)
Optimizing NNI: done in 3.49132 secs using 1426% CPU
Optimizing NNI: done in 4.06801 secs using 1423% CPU
Optimizing NNI: done in 4.54297 secs using 1420% CPU
Optimizing NNI: done in 2.85145 secs using 1420% CPU
Optimizing NNI: done in 4.27382 secs using 1425% CPU
Optimizing NNI: done in 3.91008 secs using 1420% CPU
Optimizing NNI: done in 3.57048 secs using 1421% CPU
Optimizing NNI: done in 4.55064 secs using 1419% CPU
Optimizing NNI: done in 3.59283 secs using 1417% CPU
Optimizing NNI: done in 3.19189 secs using 1416% CPU
Iteration 60 / LogL: -2969.083 / Time: 0h:7m:14s (0h:5m:1s left)
Optimizing NNI: done in 6.67982 secs using 1421% CPU
Optimizing NNI: done in 3.927 secs using 1421% CPU
Optimizing NNI: done in 4.92108 secs using 1419% CPU
Optimizing NNI: done in 3.22534 secs using 1424% CPU
Optimizing NNI: done in 3.36124 secs using 1417% CPU
Optimizing NNI: done in 4.52289 secs using 1416% CPU
Optimizing NNI: done in 4.5069 secs using 1417% CPU
Optimizing NNI: done in 4.61027 secs using 1419% CPU
Optimizing NNI: done in 4.04877 secs using 1425% CPU
Optimizing NNI: done in 4.10138 secs using 1425% CPU
Iteration 70 / LogL: -2942.377 / Time: 0h:7m:58s (0h:3m:34s left)
Optimizing NNI: done in 3.32177 secs using 1428% CPU
Optimizing NNI: done in 4.51259 secs using 1419% CPU
Optimizing NNI: done in 3.75848 secs using 1419% CPU
Optimizing NNI: done in 3.63641 secs using 1415% CPU
Optimizing NNI: done in 3.79844 secs using 1412% CPU
Optimizing NNI: done in 3.69649 secs using 1422% CPU
Optimizing NNI: done in 3.60342 secs using 1422% CPU
Optimizing NNI: done in 5.91714 secs using 1425% CPU
Optimizing NNI: done in 3.82858 secs using 1418% CPU
Optimizing NNI: done in 3.32185 secs using 1427% CPU
Iteration 80 / LogL: -3017.524 / Time: 0h:8m:38s (0h:2m:17s left)
Optimizing NNI: done in 3.39979 secs using 1427% CPU
Optimizing NNI: done in 2.67746 secs using 1427% CPU
Optimizing NNI: done in 4.34016 secs using 1411% CPU
Optimizing NNI: done in 3.49578 secs using 1419% CPU
Optimizing NNI: done in 4.29745 secs using 1421% CPU
Optimizing NNI: done in 4.91249 secs using 1414% CPU
Optimizing NNI: done in 3.20912 secs using 1424% CPU
Optimizing NNI: done in 3.42416 secs using 1422% CPU
Optimizing NNI: done in 4.37949 secs using 1425% CPU
Optimizing NNI: done in 4.61457 secs using 1419% CPU
Iteration 90 / LogL: -3044.738 / Time: 0h:9m:17s (0h:1m:8s left)
Optimizing NNI: done in 3.17838 secs using 1428% CPU
Optimizing NNI: done in 4.45281 secs using 1420% CPU
Optimizing NNI: done in 2.82112 secs using 1416% CPU
Optimizing NNI: done in 2.90978 secs using 1429% CPU
Optimizing NNI: done in 3.80417 secs using 1415% CPU
Optimizing NNI: done in 3.35781 secs using 1429% CPU
Optimizing NNI: done in 4.4896 secs using 1418% CPU
Optimizing NNI: done in 3.5676 secs using 1420% CPU
Optimizing NNI: done in 5.912 secs using 1423% CPU
Optimizing NNI: done in 3.25759 secs using 1427% CPU
Iteration 100 / LogL: -2953.656 / Time: 0h:9m:55s (0h:0m:6s left)
Optimizing NNI: done in 5.27695 secs using 1426% CPU
Optimizing NNI: done in 3.93218 secs using 1431% CPU
TREE SEARCH COMPLETED AFTER 102 ITERATIONS / Time: 0h:10m:5s

--------------------------------------------------------------------
|                    FINALIZING TREE SEARCH                        |
--------------------------------------------------------------------
Performs final model parameters optimization
Estimate model parameters (epsilon = 0.010)
1. Initial log-likelihood: -2852.839
2. Current log-likelihood: -2852.776
3. Current log-likelihood: -2852.736
4. Current log-likelihood: -2852.712
5. Current log-likelihood: -2852.697
Optimal log-likelihood: -2852.689
Nonsynonymous/synonymous ratio (omega): 0.300
Transition/transversion ratio (kappa): 5.233
Site proportion and rates:  (0.887,0.491) (0.113,4.998)
Parameters optimization took 5 rounds (8.426 sec)
BEST SCORE FOUND : -2852.689
Total tree length: 0.529

Total number of iterations: 102
CPU time used for tree search: 5715.952 sec (1h:35m:15s)
Wall-clock time used for tree search: 405.425 sec (0h:6m:45s)
Total CPU time used: 6926.463 sec (1h:55m:26s)
Total wall-clock time used: 613.771 sec (0h:10m:13s)

Analysis results written to: 
  IQ-TREE report:                CASQ1_fasta.iqtree
  Maximum-likelihood tree:       CASQ1_fasta.treefile
  Likelihood distances:          CASQ1_fasta.mldist
  Screen log file:               CASQ1_fasta.log

Date and Time: Tue Oct  1 19:32:58 2024
