IQ-TREE multicore version 2.2.0-beta COVID-edition for Linux 64-bit built Dec 21 2021 built Dec 21 2021
Developed by Bui Quang Minh, James Barbetti, Nguyen Lam Tung,
Olga Chernomor, Heiko Schmidt, Dominik Schrempf, Michael Woodhams, Ly Trong Nhan.

Host:    awarnach20 (AVX, FMA3, 251 GB RAM)
Command: iqtree -s codon_align_fasta/OTOF_codon_aligned.fasta -st CODON -m MFP -pre OTOF_fasta -nt AUTO
Seed:    765109 (Using SPRNG - Scalable Parallel Random Number Generator)
Time:    Tue Oct  1 12:31:30 2024
Kernel:  AVX+FMA - auto-detect threads (48 CPU cores detected)

Reading alignment file codon_align_fasta/OTOF_codon_aligned.fasta ... Fasta format detected
Reading fasta file: done in 0.00994062 secs using 42.12% CPU
Alignment most likely contains DNA/RNA sequences
Converting to codon sequences with genetic code  ...
WARNING: Sequence Meur has ambiguous character CNN at site 499
WARNING: Sequence Meur has ambiguous character NNG at site 619
WARNING: Sequence Meur has ambiguous character NAC at site 721
WARNING: Sequence Mste has ambiguous character TNN at site 1702
WARNING: Sequence Lacu has ambiguous character AAN at site 1873
WARNING: Sequence Scly1726 has ambiguous character AAN at site 1873
WARNING: Sequence Bmys has ambiguous character AAN at site 3031
WARNING: Sequence Mbow has ambiguous character ATN at site 3130
WARNING: Sequence Mcar has ambiguous character ATN at site 3130
WARNING: Sequence Tshe has ambiguous character ATN at site 3130
WARNING: Sequence Mste has ambiguous character AAN at site 3133
WARNING: Sequence Mbid has ambiguous character GNN at site 3184
WARNING: Sequence Mgin has ambiguous character GAN at site 3214
WARNING: Sequence Hamp has ambiguous character -TC at site 3232
WARNING: Sequence Mbid has ambiguous character NNG at site 3235
WARNING: Sequence Mbow has ambiguous character NGC at site 3238
WARNING: Sequence Mcar has ambiguous character NGC at site 3238
WARNING: Sequence Mper has ambiguous character NGC at site 3238
WARNING: Sequence Mpni has ambiguous character NGC at site 3238
WARNING: Sequence Tshe has ambiguous character NGC at site 3238
WARNING: Sequence Mgin has ambiguous character NNC at site 3376
Constructing alignment: done in 0.0150767 secs using 549.7% CPU
Alignment has 77 sequences with 1380 columns, 1130 distinct patterns
297 parsimony-informative, 240 singleton sites, 843 constant sites
            Gap/Ambiguity  Composition  p-value
Analyzing sequences: done in 0.00199262 secs using 8943% CPU
   1  Bacu          0.00%    passed    100.00%
   2  Bbai          7.83%    passed    100.00%
   3  Bbon         18.99%    passed    100.00%
   4  Bbor          9.49%    passed    100.00%
   5  Bede66737     8.48%    passed    100.00%
   6  BedeAUS      13.33%    passed    100.00%
   7  Bmus          0.00%    passed    100.00%
   8  Bmys         11.16%    passed     81.83%
   9  Bphy          1.88%    passed    100.00%
  10  Bphy_baits   12.46%    passed    100.00%
  11  Chea         17.97%    passed    100.00%
  12  Cmar          7.25%    passed    100.00%
  13  Dcap108471    4.20%    passed    100.00%
  14  Dcap79929    14.49%    passed    100.00%
  15  Ddel         13.91%    passed    100.00%
  16  Ddeltrop      0.65%    passed    100.00%
  17  Dleu          0.00%    passed    100.00%
  18  Eaus         30.65%    passed     99.97%
  19  Egla          6.52%    passed    100.00%
  20  Ejap         15.14%    passed    100.00%
  21  Erob         28.91%    passed    100.00%
  22  Fatt         16.38%    passed    100.00%
  23  Ggri         10.58%    passed    100.00%
  24  Gmac          4.86%    passed    100.00%
  25  Gmel          0.00%    passed    100.00%
  26  Hamp          8.12%    passed    100.00%
  27  Igeo         15.00%    passed    100.00%
  28  Kbre         11.38%    passed    100.00%
  29  Ksim         19.64%    passed    100.00%
  30  Lacu         25.87%    passed    100.00%
  31  Lalb         10.94%    passed    100.00%
  32  Laus         13.99%    passed    100.00%
  33  Lhos30470    10.07%    passed    100.00%
  34  Lhos452      13.33%    passed    100.00%
  35  Lobl          0.00%    passed    100.00%
  36  Lobs         12.97%    passed    100.00%
  37  Lper         16.67%    passed    100.00%
  38  Lvex          0.65%    passed    100.00%
  39  Mbid         28.19%    passed    100.00%
  40  Mbow         13.62%    passed    100.00%
  41  Mcar         27.03%    passed    100.00%
  42  Meur         17.10%    passed    100.00%
  43  Mgin         15.43%    passed    100.00%
  44  Mlay         18.91%    passed    100.00%
  45  Mmon          0.00%    passed    100.00%
  46  Mper         13.41%    passed    100.00%
  47  Mpni         25.58%    passed     99.99%
  48  Mste          9.35%    passed    100.00%
  49  Naasi         0.00%    passed    100.00%
  50  Npho          9.86%    passed    100.00%
  51  Obre          8.77%    passed    100.00%
  52  Ohei          7.10%    passed    100.00%
  53  Oorc          0.00%    passed    100.00%
  54  Pbla         16.23%    passed     73.19%
  55  Pcra         13.99%    passed    100.00%
  56  Pdio         14.78%    passed    100.00%
  57  Pele         12.90%    passed    100.00%
  58  Pcat          0.00%    passed    100.00%
  59  Pmac         34.35%    passed     97.93%
  60  Ppho         17.32%    passed    100.00%
  61  Psin          0.00%    passed    100.00%
  62  Pspi         38.70%    passed    100.00%
  63  Satt18473     6.45%    passed    100.00%
  64  Sbre116871    4.35%    passed    100.00%
  65  Sbre18437    11.88%    passed    100.00%
  66  Schi          8.33%    passed    100.00%
  67  Scly1726      8.19%    passed    100.00%
  68  Scoe         11.52%    passed    100.00%
  69  Sflu         12.75%    passed    100.00%
  70  Sfro7782     14.64%    passed    100.00%
  71  Sfro7784     12.17%    passed    100.00%
  72  Slon16012     5.00%    passed    100.00%
  73  Slon24923    14.49%    passed    100.00%
  74  Tadu         33.33%    passed    100.00%
  75  Tshe         21.52%    passed    100.00%
  76  Ttru          0.00%    passed    100.00%
  77  Zcav         23.48%    passed    100.00%
****  TOTAL        12.27%  0 sequences failed composition chi2 test (p-value<5%; df=60)
Checking for duplicate sequences: done in 0.00141625 secs using 2778% CPU

Creating fast initial parsimony tree by random order stepwise addition...
0.499 seconds, parsimony score: 933 (based on 537 sites)
Measuring multi-threading efficiency up to 48 CPU cores
3 trees examined
Threads: 1 / Time: 62.480 sec / Speedup: 1.000 / Efficiency: 100% / LogL: -23252
Threads: 2 / Time: 31.835 sec / Speedup: 1.963 / Efficiency: 98% / LogL: -23252
Threads: 3 / Time: 21.535 sec / Speedup: 2.901 / Efficiency: 97% / LogL: -23252
Threads: 4 / Time: 16.744 sec / Speedup: 3.732 / Efficiency: 93% / LogL: -23252
Threads: 5 / Time: 13.563 sec / Speedup: 4.607 / Efficiency: 92% / LogL: -23252
Threads: 6 / Time: 11.643 sec / Speedup: 5.366 / Efficiency: 89% / LogL: -23252
Threads: 7 / Time: 9.937 sec / Speedup: 6.288 / Efficiency: 90% / LogL: -23252
Threads: 8 / Time: 8.806 sec / Speedup: 7.095 / Efficiency: 89% / LogL: -23252
Threads: 9 / Time: 7.944 sec / Speedup: 7.865 / Efficiency: 87% / LogL: -23252
Threads: 10 / Time: 7.233 sec / Speedup: 8.639 / Efficiency: 86% / LogL: -23252
Threads: 11 / Time: 6.749 sec / Speedup: 9.257 / Efficiency: 84% / LogL: -23252
Threads: 12 / Time: 6.220 sec / Speedup: 10.045 / Efficiency: 84% / LogL: -23252
Threads: 13 / Time: 5.980 sec / Speedup: 10.448 / Efficiency: 80% / LogL: -23252
Threads: 14 / Time: 5.479 sec / Speedup: 11.404 / Efficiency: 81% / LogL: -23252
Threads: 15 / Time: 5.141 sec / Speedup: 12.154 / Efficiency: 81% / LogL: -23252
Threads: 16 / Time: 5.070 sec / Speedup: 12.324 / Efficiency: 77% / LogL: -23252
Threads: 17 / Time: 5.011 sec / Speedup: 12.470 / Efficiency: 73% / LogL: -23252
Threads: 18 / Time: 4.756 sec / Speedup: 13.136 / Efficiency: 73% / LogL: -23252
Threads: 19 / Time: 4.549 sec / Speedup: 13.735 / Efficiency: 72% / LogL: -23252
Threads: 20 / Time: 4.547 sec / Speedup: 13.742 / Efficiency: 69% / LogL: -23252
Threads: 21 / Time: 4.386 sec / Speedup: 14.244 / Efficiency: 68% / LogL: -23252
Threads: 22 / Time: 4.311 sec / Speedup: 14.495 / Efficiency: 66% / LogL: -23252
Threads: 23 / Time: 4.356 sec / Speedup: 14.342 / Efficiency: 62% / LogL: -23252
Threads: 24 / Time: 4.044 sec / Speedup: 15.450 / Efficiency: 64% / LogL: -23252
Threads: 25 / Time: 3.935 sec / Speedup: 15.877 / Efficiency: 64% / LogL: -23252
Threads: 26 / Time: 3.848 sec / Speedup: 16.238 / Efficiency: 62% / LogL: -23252
Threads: 27 / Time: 3.809 sec / Speedup: 16.402 / Efficiency: 61% / LogL: -23252
Threads: 28 / Time: 3.768 sec / Speedup: 16.583 / Efficiency: 59% / LogL: -23252
Threads: 29 / Time: 3.728 sec / Speedup: 16.759 / Efficiency: 58% / LogL: -23252
Threads: 30 / Time: 3.722 sec / Speedup: 16.788 / Efficiency: 56% / LogL: -23252
Threads: 31 / Time: 3.631 sec / Speedup: 17.210 / Efficiency: 56% / LogL: -23252
Threads: 32 / Time: 3.615 sec / Speedup: 17.285 / Efficiency: 54% / LogL: -23252
Threads: 33 / Time: 3.695 sec / Speedup: 16.909 / Efficiency: 51% / LogL: -23252
Threads: 34 / Time: 3.605 sec / Speedup: 17.329 / Efficiency: 51% / LogL: -23252
Threads: 35 / Time: 3.500 sec / Speedup: 17.853 / Efficiency: 51% / LogL: -23252
Threads: 36 / Time: 3.332 sec / Speedup: 18.754 / Efficiency: 52% / LogL: -23252
Threads: 37 / Time: 3.281 sec / Speedup: 19.042 / Efficiency: 51% / LogL: -23252
Threads: 38 / Time: 3.409 sec / Speedup: 18.327 / Efficiency: 48% / LogL: -23252
Determining AUTO threadcount: done in 314.204 secs using 1004% CPU
BEST NUMBER OF THREADS: 36

Perform fast likelihood tree search using GY+F3X4+I+G model...
Estimate model parameters (epsilon = 5.000)
Perform nearest neighbor interchange...
Optimizing NNI: done in 3.86032 secs using 3314% CPU
Estimate model parameters (epsilon = 1.000)
1. Initial log-likelihood: -12310.381
2. Current log-likelihood: -12308.051
3. Current log-likelihood: -12306.374
4. Current log-likelihood: -12305.139
Optimal log-likelihood: -12304.201
Nonsynonymous/synonymous ratio (omega): 0.092
Transition/transversion ratio (kappa): 4.909
Proportion of invariable sites: 0.196
Gamma shape alpha: 0.808
Parameters optimization took 4 rounds (24.131 sec)
Time for fast ML tree search: 42.994 seconds

NOTE: ModelFinder requires 430 MB RAM!
ModelFinder will test up to 195 codon models (sample size: 1380) ...
 No. Model         -LnL         df  AIC          AICc         BIC
Measuring multi-threading efficiency up to 48 CPU cores
Increase to 10 rounds for branch lengths
3 trees examined
Threads: 1 / Time: 76.987 sec / Speedup: 1.000 / Efficiency: 100% / LogL: -22628
Threads: 2 / Time: 39.361 sec / Speedup: 1.956 / Efficiency: 98% / LogL: -22628
Threads: 3 / Time: 26.707 sec / Speedup: 2.883 / Efficiency: 96% / LogL: -22628
Threads: 4 / Time: 20.434 sec / Speedup: 3.768 / Efficiency: 94% / LogL: -22628
Threads: 5 / Time: 16.662 sec / Speedup: 4.620 / Efficiency: 92% / LogL: -22628
Threads: 6 / Time: 14.260 sec / Speedup: 5.399 / Efficiency: 90% / LogL: -22628
Threads: 7 / Time: 12.341 sec / Speedup: 6.238 / Efficiency: 89% / LogL: -22628
Threads: 8 / Time: 10.989 sec / Speedup: 7.006 / Efficiency: 88% / LogL: -22628
Threads: 9 / Time: 9.995 sec / Speedup: 7.703 / Efficiency: 86% / LogL: -22628
Threads: 10 / Time: 9.128 sec / Speedup: 8.434 / Efficiency: 84% / LogL: -22628
Threads: 11 / Time: 8.469 sec / Speedup: 9.090 / Efficiency: 83% / LogL: -22628
Threads: 12 / Time: 7.809 sec / Speedup: 9.858 / Efficiency: 82% / LogL: -22628
Threads: 13 / Time: 7.654 sec / Speedup: 10.058 / Efficiency: 77% / LogL: -22628
Threads: 14 / Time: 7.010 sec / Speedup: 10.983 / Efficiency: 78% / LogL: -22628
Threads: 15 / Time: 6.735 sec / Speedup: 11.431 / Efficiency: 76% / LogL: -22628
Threads: 16 / Time: 6.550 sec / Speedup: 11.754 / Efficiency: 73% / LogL: -22628
Threads: 17 / Time: 6.492 sec / Speedup: 11.859 / Efficiency: 70% / LogL: -22628
Threads: 18 / Time: 6.259 sec / Speedup: 12.300 / Efficiency: 68% / LogL: -22628
Threads: 19 / Time: 5.971 sec / Speedup: 12.894 / Efficiency: 68% / LogL: -22628
Threads: 20 / Time: 5.948 sec / Speedup: 12.943 / Efficiency: 65% / LogL: -22628
Threads: 21 / Time: 5.775 sec / Speedup: 13.331 / Efficiency: 63% / LogL: -22628
Threads: 22 / Time: 5.708 sec / Speedup: 13.488 / Efficiency: 61% / LogL: -22628
Threads: 23 / Time: 5.712 sec / Speedup: 13.479 / Efficiency: 59% / LogL: -22628
Threads: 24 / Time: 5.266 sec / Speedup: 14.620 / Efficiency: 61% / LogL: -22628
Threads: 25 / Time: 5.164 sec / Speedup: 14.907 / Efficiency: 60% / LogL: -22628
Threads: 26 / Time: 5.220 sec / Speedup: 14.749 / Efficiency: 57% / LogL: -22628
Threads: 27 / Time: 5.038 sec / Speedup: 15.281 / Efficiency: 57% / LogL: -22628
Threads: 28 / Time: 4.977 sec / Speedup: 15.467 / Efficiency: 55% / LogL: -22628
Threads: 29 / Time: 4.982 sec / Speedup: 15.452 / Efficiency: 53% / LogL: -22628
Threads: 30 / Time: 4.893 sec / Speedup: 15.734 / Efficiency: 52% / LogL: -22628
Threads: 31 / Time: 4.909 sec / Speedup: 15.681 / Efficiency: 51% / LogL: -22628
Threads: 32 / Time: 4.848 sec / Speedup: 15.880 / Efficiency: 50% / LogL: -22628
Determining AUTO threadcount: done in 368.436 secs using 951.8% CPU
BEST NUMBER OF THREADS: 28

  1  GY+F3X4       12444.944    162 25213.889    25257.284    26061.123
Measuring multi-threading efficiency up to 48 CPU cores
Increase to 10 rounds for branch lengths
3 trees examined
Threads: 1 / Time: 70.392 sec / Speedup: 1.000 / Efficiency: 100% / LogL: -21131
Threads: 2 / Time: 36.129 sec / Speedup: 1.948 / Efficiency: 97% / LogL: -21131
Threads: 3 / Time: 24.587 sec / Speedup: 2.863 / Efficiency: 95% / LogL: -21131
Threads: 4 / Time: 19.155 sec / Speedup: 3.675 / Efficiency: 92% / LogL: -21131
Threads: 5 / Time: 15.370 sec / Speedup: 4.580 / Efficiency: 92% / LogL: -21131
Threads: 6 / Time: 13.517 sec / Speedup: 5.208 / Efficiency: 87% / LogL: -21131
Threads: 7 / Time: 11.276 sec / Speedup: 6.243 / Efficiency: 89% / LogL: -21131
Threads: 8 / Time: 10.048 sec / Speedup: 7.005 / Efficiency: 88% / LogL: -21131
Threads: 9 / Time: 9.133 sec / Speedup: 7.707 / Efficiency: 86% / LogL: -21131
Threads: 10 / Time: 8.335 sec / Speedup: 8.445 / Efficiency: 84% / LogL: -21131
Threads: 11 / Time: 7.808 sec / Speedup: 9.015 / Efficiency: 82% / LogL: -21131
Threads: 12 / Time: 7.185 sec / Speedup: 9.797 / Efficiency: 82% / LogL: -21131
Threads: 13 / Time: 6.893 sec / Speedup: 10.211 / Efficiency: 79% / LogL: -21131
Threads: 14 / Time: 6.529 sec / Speedup: 10.782 / Efficiency: 77% / LogL: -21131
Threads: 15 / Time: 6.101 sec / Speedup: 11.538 / Efficiency: 77% / LogL: -21131
Threads: 16 / Time: 6.210 sec / Speedup: 11.336 / Efficiency: 71% / LogL: -21131
Threads: 17 / Time: 6.129 sec / Speedup: 11.486 / Efficiency: 68% / LogL: -21131
Threads: 18 / Time: 5.739 sec / Speedup: 12.265 / Efficiency: 68% / LogL: -21131
Threads: 19 / Time: 5.548 sec / Speedup: 12.687 / Efficiency: 67% / LogL: -21131
Threads: 20 / Time: 5.464 sec / Speedup: 12.883 / Efficiency: 64% / LogL: -21131
Threads: 21 / Time: 5.275 sec / Speedup: 13.344 / Efficiency: 64% / LogL: -21131
Threads: 22 / Time: 5.253 sec / Speedup: 13.400 / Efficiency: 61% / LogL: -21131
Threads: 23 / Time: 5.183 sec / Speedup: 13.582 / Efficiency: 59% / LogL: -21131
Threads: 24 / Time: 4.805 sec / Speedup: 14.650 / Efficiency: 61% / LogL: -21131
Threads: 25 / Time: 4.823 sec / Speedup: 14.595 / Efficiency: 58% / LogL: -21131
Threads: 26 / Time: 4.721 sec / Speedup: 14.909 / Efficiency: 57% / LogL: -21131
Threads: 27 / Time: 4.760 sec / Speedup: 14.789 / Efficiency: 55% / LogL: -21131
Threads: 28 / Time: 4.638 sec / Speedup: 15.176 / Efficiency: 54% / LogL: -21131
Threads: 29 / Time: 4.608 sec / Speedup: 15.277 / Efficiency: 53% / LogL: -21131
Threads: 30 / Time: 4.495 sec / Speedup: 15.659 / Efficiency: 52% / LogL: -21131
Threads: 31 / Time: 4.552 sec / Speedup: 15.465 / Efficiency: 50% / LogL: -21131
Determining AUTO threadcount: done in 334.765 secs using 923.5% CPU
BEST NUMBER OF THREADS: 30

  2  GY+F3X4+I     12310.370    163 24946.740    24990.707    25799.204
Measuring multi-threading efficiency up to 48 CPU cores
3 trees examined
Threads: 1 / Time: 61.968 sec / Speedup: 1.000 / Efficiency: 100% / LogL: -20999
Threads: 2 / Time: 31.626 sec / Speedup: 1.959 / Efficiency: 98% / LogL: -20999
Threads: 3 / Time: 21.433 sec / Speedup: 2.891 / Efficiency: 96% / LogL: -20999
Threads: 4 / Time: 16.468 sec / Speedup: 3.763 / Efficiency: 94% / LogL: -20999
Threads: 5 / Time: 13.505 sec / Speedup: 4.589 / Efficiency: 92% / LogL: -20999
Threads: 6 / Time: 11.470 sec / Speedup: 5.402 / Efficiency: 90% / LogL: -20999
Threads: 7 / Time: 9.887 sec / Speedup: 6.268 / Efficiency: 90% / LogL: -20999
Threads: 8 / Time: 8.739 sec / Speedup: 7.091 / Efficiency: 89% / LogL: -20999
Threads: 9 / Time: 7.765 sec / Speedup: 7.981 / Efficiency: 89% / LogL: -20999
Threads: 10 / Time: 7.150 sec / Speedup: 8.667 / Efficiency: 87% / LogL: -20999
Threads: 11 / Time: 6.647 sec / Speedup: 9.322 / Efficiency: 85% / LogL: -20999
Threads: 12 / Time: 6.116 sec / Speedup: 10.131 / Efficiency: 84% / LogL: -20999
Threads: 13 / Time: 5.944 sec / Speedup: 10.426 / Efficiency: 80% / LogL: -20999
Threads: 14 / Time: 5.513 sec / Speedup: 11.240 / Efficiency: 80% / LogL: -20999
Threads: 15 / Time: 5.186 sec / Speedup: 11.949 / Efficiency: 80% / LogL: -20999
Threads: 16 / Time: 5.039 sec / Speedup: 12.297 / Efficiency: 77% / LogL: -20999
Threads: 17 / Time: 4.992 sec / Speedup: 12.414 / Efficiency: 73% / LogL: -20999
Threads: 18 / Time: 4.735 sec / Speedup: 13.087 / Efficiency: 73% / LogL: -20999
Threads: 19 / Time: 4.549 sec / Speedup: 13.621 / Efficiency: 72% / LogL: -20999
Threads: 20 / Time: 4.538 sec / Speedup: 13.657 / Efficiency: 68% / LogL: -20999
Threads: 21 / Time: 4.432 sec / Speedup: 13.982 / Efficiency: 67% / LogL: -20999
Threads: 22 / Time: 4.292 sec / Speedup: 14.438 / Efficiency: 66% / LogL: -20999
Threads: 23 / Time: 4.235 sec / Speedup: 14.633 / Efficiency: 64% / LogL: -20999
Threads: 24 / Time: 3.895 sec / Speedup: 15.909 / Efficiency: 66% / LogL: -20999
Threads: 25 / Time: 3.855 sec / Speedup: 16.074 / Efficiency: 64% / LogL: -20999
Threads: 26 / Time: 3.809 sec / Speedup: 16.268 / Efficiency: 63% / LogL: -20999
Threads: 27 / Time: 3.691 sec / Speedup: 16.791 / Efficiency: 62% / LogL: -20999
Threads: 28 / Time: 3.682 sec / Speedup: 16.828 / Efficiency: 60% / LogL: -20999
Threads: 29 / Time: 3.674 sec / Speedup: 16.865 / Efficiency: 58% / LogL: -20999
Threads: 30 / Time: 3.513 sec / Speedup: 17.639 / Efficiency: 59% / LogL: -20999
Threads: 31 / Time: 3.509 sec / Speedup: 17.659 / Efficiency: 57% / LogL: -20999
Threads: 32 / Time: 3.520 sec / Speedup: 17.607 / Efficiency: 55% / LogL: -20999
Threads: 33 / Time: 3.496 sec / Speedup: 17.727 / Efficiency: 54% / LogL: -20999
Threads: 34 / Time: 3.522 sec / Speedup: 17.593 / Efficiency: 52% / LogL: -20999
Threads: 35 / Time: 3.327 sec / Speedup: 18.623 / Efficiency: 53% / LogL: -20999
Threads: 36 / Time: 3.151 sec / Speedup: 19.666 / Efficiency: 55% / LogL: -20999
Threads: 37 / Time: 3.174 sec / Speedup: 19.525 / Efficiency: 53% / LogL: -20999
Threads: 38 / Time: 3.151 sec / Speedup: 19.665 / Efficiency: 52% / LogL: -20999
Threads: 39 / Time: 3.199 sec / Speedup: 19.369 / Efficiency: 50% / LogL: -20999
Determining AUTO threadcount: done in 313.288 secs using 1019% CPU
BEST NUMBER OF THREADS: 36

  3  GY+F3X4+G4    12254.586    163 24835.171    24879.138    25687.635
Measuring multi-threading efficiency up to 48 CPU cores
3 trees examined
Threads: 1 / Time: 61.605 sec / Speedup: 1.000 / Efficiency: 100% / LogL: -21190
Threads: 2 / Time: 31.502 sec / Speedup: 1.956 / Efficiency: 98% / LogL: -21190
Threads: 3 / Time: 21.383 sec / Speedup: 2.881 / Efficiency: 96% / LogL: -21190
Threads: 4 / Time: 16.401 sec / Speedup: 3.756 / Efficiency: 94% / LogL: -21190
Threads: 5 / Time: 13.378 sec / Speedup: 4.605 / Efficiency: 92% / LogL: -21190
Threads: 6 / Time: 11.150 sec / Speedup: 5.525 / Efficiency: 92% / LogL: -21190
Threads: 7 / Time: 9.744 sec / Speedup: 6.322 / Efficiency: 90% / LogL: -21190
Threads: 8 / Time: 8.658 sec / Speedup: 7.115 / Efficiency: 89% / LogL: -21190
Threads: 9 / Time: 7.895 sec / Speedup: 7.803 / Efficiency: 87% / LogL: -21190
Threads: 10 / Time: 7.238 sec / Speedup: 8.511 / Efficiency: 85% / LogL: -21190
Threads: 11 / Time: 6.528 sec / Speedup: 9.437 / Efficiency: 86% / LogL: -21190
Threads: 12 / Time: 5.991 sec / Speedup: 10.282 / Efficiency: 86% / LogL: -21190
Threads: 13 / Time: 5.722 sec / Speedup: 10.766 / Efficiency: 83% / LogL: -21190
Threads: 14 / Time: 5.371 sec / Speedup: 11.470 / Efficiency: 82% / LogL: -21190
Threads: 15 / Time: 5.095 sec / Speedup: 12.090 / Efficiency: 81% / LogL: -21190
Threads: 16 / Time: 4.910 sec / Speedup: 12.547 / Efficiency: 78% / LogL: -21190
Threads: 17 / Time: 4.949 sec / Speedup: 12.448 / Efficiency: 73% / LogL: -21190
Threads: 18 / Time: 4.614 sec / Speedup: 13.351 / Efficiency: 74% / LogL: -21190
Threads: 19 / Time: 4.525 sec / Speedup: 13.615 / Efficiency: 72% / LogL: -21190
Threads: 20 / Time: 4.454 sec / Speedup: 13.830 / Efficiency: 69% / LogL: -21190
Threads: 21 / Time: 4.240 sec / Speedup: 14.530 / Efficiency: 69% / LogL: -21190
Threads: 22 / Time: 4.213 sec / Speedup: 14.624 / Efficiency: 66% / LogL: -21190
Threads: 23 / Time: 4.220 sec / Speedup: 14.597 / Efficiency: 63% / LogL: -21190
Threads: 24 / Time: 3.831 sec / Speedup: 16.082 / Efficiency: 67% / LogL: -21190
Threads: 25 / Time: 3.819 sec / Speedup: 16.131 / Efficiency: 65% / LogL: -21190
Threads: 26 / Time: 3.735 sec / Speedup: 16.493 / Efficiency: 63% / LogL: -21190
Threads: 27 / Time: 3.625 sec / Speedup: 16.993 / Efficiency: 63% / LogL: -21190
Threads: 28 / Time: 3.606 sec / Speedup: 17.084 / Efficiency: 61% / LogL: -21190
Threads: 29 / Time: 3.585 sec / Speedup: 17.183 / Efficiency: 59% / LogL: -21190
Threads: 30 / Time: 3.493 sec / Speedup: 17.636 / Efficiency: 59% / LogL: -21190
Threads: 31 / Time: 3.450 sec / Speedup: 17.855 / Efficiency: 58% / LogL: -21190
Threads: 32 / Time: 3.454 sec / Speedup: 17.837 / Efficiency: 56% / LogL: -21190
Threads: 33 / Time: 3.496 sec / Speedup: 17.623 / Efficiency: 53% / LogL: -21190
Threads: 34 / Time: 3.456 sec / Speedup: 17.823 / Efficiency: 52% / LogL: -21190
Threads: 35 / Time: 3.270 sec / Speedup: 18.839 / Efficiency: 54% / LogL: -21190
Threads: 36 / Time: 3.086 sec / Speedup: 19.966 / Efficiency: 55% / LogL: -21190
Threads: 37 / Time: 3.109 sec / Speedup: 19.818 / Efficiency: 54% / LogL: -21190
Threads: 38 / Time: 3.131 sec / Speedup: 19.675 / Efficiency: 52% / LogL: -21190
Threads: 39 / Time: 3.123 sec / Speedup: 19.726 / Efficiency: 51% / LogL: -21190
Threads: 40 / Time: 3.173 sec / Speedup: 19.418 / Efficiency: 49% / LogL: -21190
Determining AUTO threadcount: done in 313.137 secs using 1042% CPU
BEST NUMBER OF THREADS: 36

  4  GY+F3X4+I+G4  12251.452    164 24830.903    24875.446    25688.597
Measuring multi-threading efficiency up to 48 CPU cores
5 trees examined
Threads: 1 / Time: 51.504 sec / Speedup: 1.000 / Efficiency: 100% / LogL: -21490
Threads: 2 / Time: 26.344 sec / Speedup: 1.955 / Efficiency: 98% / LogL: -21490
Threads: 3 / Time: 17.829 sec / Speedup: 2.889 / Efficiency: 96% / LogL: -21490
Threads: 4 / Time: 13.559 sec / Speedup: 3.798 / Efficiency: 95% / LogL: -21490
Threads: 5 / Time: 11.136 sec / Speedup: 4.625 / Efficiency: 92% / LogL: -21490
Threads: 6 / Time: 9.363 sec / Speedup: 5.501 / Efficiency: 92% / LogL: -21490
Threads: 7 / Time: 8.256 sec / Speedup: 6.238 / Efficiency: 89% / LogL: -21490
Threads: 8 / Time: 7.402 sec / Speedup: 6.958 / Efficiency: 87% / LogL: -21490
Threads: 9 / Time: 6.589 sec / Speedup: 7.816 / Efficiency: 87% / LogL: -21490
Threads: 10 / Time: 6.117 sec / Speedup: 8.419 / Efficiency: 84% / LogL: -21490
Threads: 11 / Time: 5.617 sec / Speedup: 9.170 / Efficiency: 83% / LogL: -21490
Threads: 12 / Time: 5.145 sec / Speedup: 10.010 / Efficiency: 83% / LogL: -21490
Threads: 13 / Time: 4.978 sec / Speedup: 10.345 / Efficiency: 80% / LogL: -21490
Threads: 14 / Time: 4.752 sec / Speedup: 10.839 / Efficiency: 77% / LogL: -21490
Threads: 15 / Time: 4.392 sec / Speedup: 11.728 / Efficiency: 78% / LogL: -21490
Threads: 16 / Time: 4.231 sec / Speedup: 12.173 / Efficiency: 76% / LogL: -21490
Threads: 17 / Time: 4.203 sec / Speedup: 12.255 / Efficiency: 72% / LogL: -21490
Threads: 18 / Time: 4.029 sec / Speedup: 12.784 / Efficiency: 71% / LogL: -21490
Threads: 19 / Time: 3.891 sec / Speedup: 13.235 / Efficiency: 70% / LogL: -21490
Threads: 20 / Time: 3.951 sec / Speedup: 13.035 / Efficiency: 65% / LogL: -21490
Threads: 21 / Time: 3.748 sec / Speedup: 13.741 / Efficiency: 65% / LogL: -21490
Threads: 22 / Time: 3.784 sec / Speedup: 13.612 / Efficiency: 62% / LogL: -21490
Threads: 23 / Time: 3.671 sec / Speedup: 14.028 / Efficiency: 61% / LogL: -21490
Threads: 24 / Time: 3.422 sec / Speedup: 15.052 / Efficiency: 63% / LogL: -21490
Threads: 25 / Time: 3.453 sec / Speedup: 14.917 / Efficiency: 60% / LogL: -21490
Threads: 26 / Time: 3.467 sec / Speedup: 14.854 / Efficiency: 57% / LogL: -21490
Threads: 27 / Time: 3.366 sec / Speedup: 15.302 / Efficiency: 57% / LogL: -21490
Threads: 28 / Time: 3.377 sec / Speedup: 15.253 / Efficiency: 54% / LogL: -21490
Threads: 29 / Time: 3.379 sec / Speedup: 15.244 / Efficiency: 53% / LogL: -21490
Threads: 30 / Time: 3.309 sec / Speedup: 15.566 / Efficiency: 52% / LogL: -21490
Threads: 31 / Time: 3.322 sec / Speedup: 15.504 / Efficiency: 50% / LogL: -21490
Threads: 32 / Time: 3.334 sec / Speedup: 15.449 / Efficiency: 48% / LogL: -21490
Determining AUTO threadcount: done in 245.324 secs using 914.8% CPU
BEST NUMBER OF THREADS: 24

  5  GY+F3X4+R2    12237.419    164 24802.837    24847.380    25660.531
Measuring multi-threading efficiency up to 48 CPU cores
4 trees examined
Threads: 1 / Time: 48.958 sec / Speedup: 1.000 / Efficiency: 100% / LogL: -20707
Threads: 2 / Time: 25.211 sec / Speedup: 1.942 / Efficiency: 97% / LogL: -20707
Threads: 3 / Time: 16.993 sec / Speedup: 2.881 / Efficiency: 96% / LogL: -20707
Threads: 4 / Time: 13.090 sec / Speedup: 3.740 / Efficiency: 94% / LogL: -20707
Threads: 5 / Time: 10.545 sec / Speedup: 4.643 / Efficiency: 93% / LogL: -20707
Threads: 6 / Time: 8.955 sec / Speedup: 5.467 / Efficiency: 91% / LogL: -20707
Threads: 7 / Time: 7.814 sec / Speedup: 6.266 / Efficiency: 90% / LogL: -20707
Threads: 8 / Time: 6.973 sec / Speedup: 7.021 / Efficiency: 88% / LogL: -20707
Threads: 9 / Time: 6.189 sec / Speedup: 7.911 / Efficiency: 88% / LogL: -20707
Threads: 10 / Time: 5.715 sec / Speedup: 8.566 / Efficiency: 86% / LogL: -20707
Threads: 11 / Time: 5.288 sec / Speedup: 9.258 / Efficiency: 84% / LogL: -20707
Threads: 12 / Time: 4.970 sec / Speedup: 9.851 / Efficiency: 82% / LogL: -20707
Threads: 13 / Time: 4.646 sec / Speedup: 10.538 / Efficiency: 81% / LogL: -20707
Threads: 14 / Time: 4.573 sec / Speedup: 10.706 / Efficiency: 76% / LogL: -20707
Threads: 15 / Time: 4.129 sec / Speedup: 11.856 / Efficiency: 79% / LogL: -20707
Threads: 16 / Time: 3.999 sec / Speedup: 12.241 / Efficiency: 77% / LogL: -20707
Threads: 17 / Time: 4.053 sec / Speedup: 12.080 / Efficiency: 71% / LogL: -20707
Threads: 18 / Time: 3.769 sec / Speedup: 12.990 / Efficiency: 72% / LogL: -20707
Threads: 19 / Time: 3.688 sec / Speedup: 13.274 / Efficiency: 70% / LogL: -20707
Threads: 20 / Time: 3.643 sec / Speedup: 13.439 / Efficiency: 67% / LogL: -20707
Threads: 21 / Time: 3.468 sec / Speedup: 14.118 / Efficiency: 67% / LogL: -20707
Threads: 22 / Time: 3.458 sec / Speedup: 14.156 / Efficiency: 64% / LogL: -20707
Threads: 23 / Time: 3.472 sec / Speedup: 14.101 / Efficiency: 61% / LogL: -20707
Threads: 24 / Time: 3.145 sec / Speedup: 15.567 / Efficiency: 65% / LogL: -20707
Threads: 25 / Time: 3.179 sec / Speedup: 15.400 / Efficiency: 62% / LogL: -20707
Threads: 26 / Time: 3.091 sec / Speedup: 15.839 / Efficiency: 61% / LogL: -20707
Threads: 27 / Time: 3.097 sec / Speedup: 15.806 / Efficiency: 59% / LogL: -20707
Threads: 28 / Time: 3.078 sec / Speedup: 15.908 / Efficiency: 57% / LogL: -20707
Threads: 29 / Time: 3.000 sec / Speedup: 16.319 / Efficiency: 56% / LogL: -20707
Threads: 30 / Time: 2.918 sec / Speedup: 16.778 / Efficiency: 56% / LogL: -20707
Threads: 31 / Time: 2.903 sec / Speedup: 16.866 / Efficiency: 54% / LogL: -20707
Threads: 32 / Time: 2.897 sec / Speedup: 16.900 / Efficiency: 53% / LogL: -20707
Threads: 33 / Time: 2.912 sec / Speedup: 16.815 / Efficiency: 51% / LogL: -20707
Threads: 34 / Time: 2.926 sec / Speedup: 16.734 / Efficiency: 49% / LogL: -20707
Determining AUTO threadcount: done in 237.302 secs using 928.5% CPU
BEST NUMBER OF THREADS: 30

  6  GY+F3X4+R3    12235.708    166 24803.416    24849.124    25671.570
Measuring multi-threading efficiency up to 48 CPU cores
5 trees examined
Threads: 1 / Time: 50.792 sec / Speedup: 1.000 / Efficiency: 100% / LogL: -21875
Threads: 2 / Time: 26.041 sec / Speedup: 1.950 / Efficiency: 98% / LogL: -21875
Threads: 3 / Time: 17.655 sec / Speedup: 2.877 / Efficiency: 96% / LogL: -21875
Threads: 4 / Time: 13.367 sec / Speedup: 3.800 / Efficiency: 95% / LogL: -21875
Threads: 5 / Time: 10.937 sec / Speedup: 4.644 / Efficiency: 93% / LogL: -21875
Threads: 6 / Time: 9.224 sec / Speedup: 5.507 / Efficiency: 92% / LogL: -21875
Threads: 7 / Time: 8.288 sec / Speedup: 6.129 / Efficiency: 88% / LogL: -21875
Threads: 8 / Time: 7.184 sec / Speedup: 7.070 / Efficiency: 88% / LogL: -21875
Threads: 9 / Time: 6.499 sec / Speedup: 7.816 / Efficiency: 87% / LogL: -21875
Threads: 10 / Time: 5.913 sec / Speedup: 8.589 / Efficiency: 86% / LogL: -21875
Threads: 11 / Time: 5.604 sec / Speedup: 9.064 / Efficiency: 82% / LogL: -21875
Threads: 12 / Time: 5.061 sec / Speedup: 10.037 / Efficiency: 84% / LogL: -21875
Threads: 13 / Time: 4.886 sec / Speedup: 10.395 / Efficiency: 80% / LogL: -21875
Threads: 14 / Time: 4.614 sec / Speedup: 11.007 / Efficiency: 79% / LogL: -21875
Threads: 15 / Time: 4.273 sec / Speedup: 11.888 / Efficiency: 79% / LogL: -21875
Threads: 16 / Time: 4.322 sec / Speedup: 11.751 / Efficiency: 73% / LogL: -21875
Threads: 17 / Time: 4.266 sec / Speedup: 11.906 / Efficiency: 70% / LogL: -21875
Threads: 18 / Time: 3.962 sec / Speedup: 12.819 / Efficiency: 71% / LogL: -21875
Threads: 19 / Time: 3.959 sec / Speedup: 12.831 / Efficiency: 68% / LogL: -21875
Threads: 20 / Time: 3.816 sec / Speedup: 13.312 / Efficiency: 67% / LogL: -21875
Threads: 21 / Time: 3.750 sec / Speedup: 13.546 / Efficiency: 65% / LogL: -21875
Threads: 22 / Time: 3.645 sec / Speedup: 13.936 / Efficiency: 63% / LogL: -21875
Threads: 23 / Time: 3.602 sec / Speedup: 14.101 / Efficiency: 61% / LogL: -21875
Threads: 24 / Time: 3.303 sec / Speedup: 15.379 / Efficiency: 64% / LogL: -21875
Threads: 25 / Time: 3.303 sec / Speedup: 15.378 / Efficiency: 62% / LogL: -21875
Threads: 26 / Time: 3.380 sec / Speedup: 15.026 / Efficiency: 58% / LogL: -21875
Threads: 27 / Time: 3.292 sec / Speedup: 15.428 / Efficiency: 57% / LogL: -21875
Threads: 28 / Time: 3.305 sec / Speedup: 15.367 / Efficiency: 55% / LogL: -21875
Threads: 29 / Time: 3.301 sec / Speedup: 15.389 / Efficiency: 53% / LogL: -21875
Threads: 30 / Time: 3.220 sec / Speedup: 15.776 / Efficiency: 53% / LogL: -21875
Threads: 31 / Time: 3.287 sec / Speedup: 15.453 / Efficiency: 50% / LogL: -21875
Determining AUTO threadcount: done in 238.47 secs using 883.5% CPU
BEST NUMBER OF THREADS: 24

 18  GY+F1X4+R2    12494.164    158 25304.327    25345.477    26130.642
Measuring multi-threading efficiency up to 48 CPU cores
5 trees examined
Threads: 1 / Time: 51.279 sec / Speedup: 1.000 / Efficiency: 100% / LogL: -20339
Threads: 2 / Time: 26.343 sec / Speedup: 1.947 / Efficiency: 97% / LogL: -20339
Threads: 3 / Time: 17.782 sec / Speedup: 2.884 / Efficiency: 96% / LogL: -20339
Threads: 4 / Time: 13.473 sec / Speedup: 3.806 / Efficiency: 95% / LogL: -20339
Threads: 5 / Time: 11.115 sec / Speedup: 4.613 / Efficiency: 92% / LogL: -20339
Threads: 6 / Time: 9.301 sec / Speedup: 5.513 / Efficiency: 92% / LogL: -20339
Threads: 7 / Time: 8.258 sec / Speedup: 6.210 / Efficiency: 89% / LogL: -20339
Threads: 8 / Time: 7.218 sec / Speedup: 7.104 / Efficiency: 89% / LogL: -20339
Threads: 9 / Time: 6.562 sec / Speedup: 7.815 / Efficiency: 87% / LogL: -20339
Threads: 10 / Time: 6.086 sec / Speedup: 8.425 / Efficiency: 84% / LogL: -20339
Threads: 11 / Time: 5.721 sec / Speedup: 8.964 / Efficiency: 81% / LogL: -20339
Threads: 12 / Time: 5.095 sec / Speedup: 10.064 / Efficiency: 84% / LogL: -20339
Threads: 13 / Time: 4.987 sec / Speedup: 10.283 / Efficiency: 79% / LogL: -20339
Threads: 14 / Time: 4.594 sec / Speedup: 11.162 / Efficiency: 80% / LogL: -20339
Threads: 15 / Time: 4.398 sec / Speedup: 11.661 / Efficiency: 78% / LogL: -20339
Threads: 16 / Time: 4.326 sec / Speedup: 11.854 / Efficiency: 74% / LogL: -20339
Threads: 17 / Time: 4.257 sec / Speedup: 12.046 / Efficiency: 71% / LogL: -20339
Threads: 18 / Time: 3.994 sec / Speedup: 12.840 / Efficiency: 71% / LogL: -20339
Threads: 19 / Time: 3.971 sec / Speedup: 12.913 / Efficiency: 68% / LogL: -20339
Threads: 20 / Time: 3.935 sec / Speedup: 13.030 / Efficiency: 65% / LogL: -20339
Threads: 21 / Time: 3.780 sec / Speedup: 13.567 / Efficiency: 65% / LogL: -20339
Threads: 22 / Time: 3.706 sec / Speedup: 13.838 / Efficiency: 63% / LogL: -20339
Threads: 23 / Time: 3.715 sec / Speedup: 13.802 / Efficiency: 60% / LogL: -20339
Threads: 24 / Time: 3.393 sec / Speedup: 15.114 / Efficiency: 63% / LogL: -20339
Threads: 25 / Time: 3.429 sec / Speedup: 14.955 / Efficiency: 60% / LogL: -20339
Threads: 26 / Time: 3.435 sec / Speedup: 14.927 / Efficiency: 57% / LogL: -20339
Threads: 27 / Time: 3.282 sec / Speedup: 15.626 / Efficiency: 58% / LogL: -20339
Threads: 28 / Time: 3.257 sec / Speedup: 15.745 / Efficiency: 56% / LogL: -20339
Threads: 29 / Time: 3.242 sec / Speedup: 15.817 / Efficiency: 55% / LogL: -20339
Threads: 30 / Time: 3.209 sec / Speedup: 15.979 / Efficiency: 53% / LogL: -20339
Threads: 31 / Time: 3.208 sec / Speedup: 15.985 / Efficiency: 52% / LogL: -20339
Threads: 32 / Time: 3.178 sec / Speedup: 16.134 / Efficiency: 50% / LogL: -20339
Threads: 33 / Time: 3.234 sec / Speedup: 15.856 / Efficiency: 48% / LogL: -20339
Determining AUTO threadcount: done in 247.182 secs using 937.8% CPU
BEST NUMBER OF THREADS: 30

 31  GY+F+R2       12116.244    215 24662.488    24742.282    25786.904
Measuring multi-threading efficiency up to 48 CPU cores
5 trees examined
Threads: 1 / Time: 50.994 sec / Speedup: 1.000 / Efficiency: 100% / LogL: -20750
Threads: 2 / Time: 26.086 sec / Speedup: 1.955 / Efficiency: 98% / LogL: -20750
Threads: 3 / Time: 17.851 sec / Speedup: 2.857 / Efficiency: 95% / LogL: -20750
Threads: 4 / Time: 13.344 sec / Speedup: 3.821 / Efficiency: 96% / LogL: -20750
Threads: 5 / Time: 11.083 sec / Speedup: 4.601 / Efficiency: 92% / LogL: -20750
Threads: 6 / Time: 9.287 sec / Speedup: 5.491 / Efficiency: 92% / LogL: -20750
Threads: 7 / Time: 8.078 sec / Speedup: 6.313 / Efficiency: 90% / LogL: -20750
Threads: 8 / Time: 7.107 sec / Speedup: 7.175 / Efficiency: 90% / LogL: -20750
Threads: 9 / Time: 6.441 sec / Speedup: 7.917 / Efficiency: 88% / LogL: -20750
Threads: 10 / Time: 6.017 sec / Speedup: 8.475 / Efficiency: 85% / LogL: -20750
Threads: 11 / Time: 5.580 sec / Speedup: 9.139 / Efficiency: 83% / LogL: -20750
Threads: 12 / Time: 5.171 sec / Speedup: 9.862 / Efficiency: 82% / LogL: -20750
Threads: 13 / Time: 4.848 sec / Speedup: 10.518 / Efficiency: 81% / LogL: -20750
Threads: 14 / Time: 4.600 sec / Speedup: 11.085 / Efficiency: 79% / LogL: -20750
Threads: 15 / Time: 4.292 sec / Speedup: 11.881 / Efficiency: 79% / LogL: -20750
Threads: 16 / Time: 4.283 sec / Speedup: 11.905 / Efficiency: 74% / LogL: -20750
Threads: 17 / Time: 4.238 sec / Speedup: 12.033 / Efficiency: 71% / LogL: -20750
Threads: 18 / Time: 3.984 sec / Speedup: 12.800 / Efficiency: 71% / LogL: -20750
Threads: 19 / Time: 3.924 sec / Speedup: 12.994 / Efficiency: 68% / LogL: -20750
Threads: 20 / Time: 3.812 sec / Speedup: 13.376 / Efficiency: 67% / LogL: -20750
Threads: 21 / Time: 3.711 sec / Speedup: 13.742 / Efficiency: 65% / LogL: -20750
Threads: 22 / Time: 3.641 sec / Speedup: 14.007 / Efficiency: 64% / LogL: -20750
Threads: 23 / Time: 3.675 sec / Speedup: 13.877 / Efficiency: 60% / LogL: -20750
Threads: 24 / Time: 3.356 sec / Speedup: 15.196 / Efficiency: 63% / LogL: -20750
Threads: 25 / Time: 3.395 sec / Speedup: 15.022 / Efficiency: 60% / LogL: -20750
Threads: 26 / Time: 3.393 sec / Speedup: 15.031 / Efficiency: 58% / LogL: -20750
Threads: 27 / Time: 3.245 sec / Speedup: 15.716 / Efficiency: 58% / LogL: -20750
Threads: 28 / Time: 3.228 sec / Speedup: 15.799 / Efficiency: 56% / LogL: -20750
Threads: 29 / Time: 3.221 sec / Speedup: 15.831 / Efficiency: 55% / LogL: -20750
Threads: 30 / Time: 3.210 sec / Speedup: 15.885 / Efficiency: 53% / LogL: -20750
Threads: 31 / Time: 3.168 sec / Speedup: 16.098 / Efficiency: 52% / LogL: -20750
Threads: 32 / Time: 3.198 sec / Speedup: 15.945 / Efficiency: 50% / LogL: -20750
Determining AUTO threadcount: done in 241.863 secs using 906.6% CPU
BEST NUMBER OF THREADS: 31

 44  MGK+F3X4+R2   12136.001    164 24600.003    24644.546    25457.696
Measuring multi-threading efficiency up to 48 CPU cores
5 trees examined
Threads: 1 / Time: 51.149 sec / Speedup: 1.000 / Efficiency: 100% / LogL: -21071
Threads: 2 / Time: 26.129 sec / Speedup: 1.958 / Efficiency: 98% / LogL: -21071
Threads: 3 / Time: 17.653 sec / Speedup: 2.897 / Efficiency: 97% / LogL: -21071
Threads: 4 / Time: 13.420 sec / Speedup: 3.811 / Efficiency: 95% / LogL: -21071
Threads: 5 / Time: 10.930 sec / Speedup: 4.680 / Efficiency: 94% / LogL: -21071
Threads: 6 / Time: 9.753 sec / Speedup: 5.244 / Efficiency: 87% / LogL: -21071
Threads: 7 / Time: 8.155 sec / Speedup: 6.272 / Efficiency: 90% / LogL: -21071
Threads: 8 / Time: 7.245 sec / Speedup: 7.060 / Efficiency: 88% / LogL: -21071
Threads: 9 / Time: 6.551 sec / Speedup: 7.808 / Efficiency: 87% / LogL: -21071
Threads: 10 / Time: 6.070 sec / Speedup: 8.427 / Efficiency: 84% / LogL: -21071
Threads: 11 / Time: 5.571 sec / Speedup: 9.181 / Efficiency: 83% / LogL: -21071
Threads: 12 / Time: 5.156 sec / Speedup: 9.921 / Efficiency: 83% / LogL: -21071
Threads: 13 / Time: 4.879 sec / Speedup: 10.484 / Efficiency: 81% / LogL: -21071
Threads: 14 / Time: 4.612 sec / Speedup: 11.091 / Efficiency: 79% / LogL: -21071
Threads: 15 / Time: 4.287 sec / Speedup: 11.931 / Efficiency: 80% / LogL: -21071
Threads: 16 / Time: 4.333 sec / Speedup: 11.806 / Efficiency: 74% / LogL: -21071
Threads: 17 / Time: 4.226 sec / Speedup: 12.104 / Efficiency: 71% / LogL: -21071
Threads: 18 / Time: 3.998 sec / Speedup: 12.792 / Efficiency: 71% / LogL: -21071
Threads: 19 / Time: 3.947 sec / Speedup: 12.957 / Efficiency: 68% / LogL: -21071
Threads: 20 / Time: 3.843 sec / Speedup: 13.309 / Efficiency: 67% / LogL: -21071
Threads: 21 / Time: 3.739 sec / Speedup: 13.682 / Efficiency: 65% / LogL: -21071
Threads: 22 / Time: 3.692 sec / Speedup: 13.854 / Efficiency: 63% / LogL: -21071
Threads: 23 / Time: 3.648 sec / Speedup: 14.021 / Efficiency: 61% / LogL: -21071
Threads: 24 / Time: 3.381 sec / Speedup: 15.127 / Efficiency: 63% / LogL: -21071
Threads: 25 / Time: 3.412 sec / Speedup: 14.993 / Efficiency: 60% / LogL: -21071
Threads: 26 / Time: 3.351 sec / Speedup: 15.262 / Efficiency: 59% / LogL: -21071
Threads: 27 / Time: 3.258 sec / Speedup: 15.700 / Efficiency: 58% / LogL: -21071
Threads: 28 / Time: 3.298 sec / Speedup: 15.510 / Efficiency: 55% / LogL: -21071
Threads: 29 / Time: 3.301 sec / Speedup: 15.494 / Efficiency: 53% / LogL: -21071
Threads: 30 / Time: 3.199 sec / Speedup: 15.991 / Efficiency: 53% / LogL: -21071
Threads: 31 / Time: 3.225 sec / Speedup: 15.858 / Efficiency: 51% / LogL: -21071
Threads: 32 / Time: 3.183 sec / Speedup: 16.068 / Efficiency: 50% / LogL: -21071
Threads: 33 / Time: 3.307 sec / Speedup: 15.469 / Efficiency: 47% / LogL: -21071
Determining AUTO threadcount: done in 246.336 secs using 939.1% CPU
BEST NUMBER OF THREADS: 30

 57  MGK+F1X4+R2   12468.310    158 25252.619    25293.769    26078.934
Measuring multi-threading efficiency up to 48 CPU cores
5 trees examined
Threads: 1 / Time: 50.511 sec / Speedup: 1.000 / Efficiency: 100% / LogL: -20549
Threads: 2 / Time: 26.142 sec / Speedup: 1.932 / Efficiency: 97% / LogL: -20549
Threads: 3 / Time: 17.592 sec / Speedup: 2.871 / Efficiency: 96% / LogL: -20549
Threads: 4 / Time: 13.337 sec / Speedup: 3.787 / Efficiency: 95% / LogL: -20549
Threads: 5 / Time: 10.943 sec / Speedup: 4.616 / Efficiency: 92% / LogL: -20549
Threads: 6 / Time: 9.144 sec / Speedup: 5.524 / Efficiency: 92% / LogL: -20549
Threads: 7 / Time: 8.034 sec / Speedup: 6.287 / Efficiency: 90% / LogL: -20549
Threads: 8 / Time: 7.042 sec / Speedup: 7.173 / Efficiency: 90% / LogL: -20549
Threads: 9 / Time: 6.428 sec / Speedup: 7.858 / Efficiency: 87% / LogL: -20549
Threads: 10 / Time: 6.019 sec / Speedup: 8.392 / Efficiency: 84% / LogL: -20549
Threads: 11 / Time: 5.616 sec / Speedup: 8.995 / Efficiency: 82% / LogL: -20549
Threads: 12 / Time: 5.151 sec / Speedup: 9.805 / Efficiency: 82% / LogL: -20549
Threads: 13 / Time: 4.819 sec / Speedup: 10.481 / Efficiency: 81% / LogL: -20549
Threads: 14 / Time: 4.497 sec / Speedup: 11.233 / Efficiency: 80% / LogL: -20549
Threads: 15 / Time: 4.331 sec / Speedup: 11.664 / Efficiency: 78% / LogL: -20549
Threads: 16 / Time: 4.152 sec / Speedup: 12.167 / Efficiency: 76% / LogL: -20549
Threads: 17 / Time: 4.163 sec / Speedup: 12.134 / Efficiency: 71% / LogL: -20549
Threads: 18 / Time: 3.905 sec / Speedup: 12.936 / Efficiency: 72% / LogL: -20549
Threads: 19 / Time: 3.821 sec / Speedup: 13.221 / Efficiency: 70% / LogL: -20549
Threads: 20 / Time: 3.828 sec / Speedup: 13.194 / Efficiency: 66% / LogL: -20549
Threads: 21 / Time: 3.682 sec / Speedup: 13.719 / Efficiency: 65% / LogL: -20549
Threads: 22 / Time: 3.601 sec / Speedup: 14.027 / Efficiency: 64% / LogL: -20549
Threads: 23 / Time: 3.608 sec / Speedup: 13.998 / Efficiency: 61% / LogL: -20549
Threads: 24 / Time: 3.287 sec / Speedup: 15.369 / Efficiency: 64% / LogL: -20549
Threads: 25 / Time: 3.313 sec / Speedup: 15.247 / Efficiency: 61% / LogL: -20549
Threads: 26 / Time: 3.322 sec / Speedup: 15.205 / Efficiency: 58% / LogL: -20549
Threads: 27 / Time: 3.233 sec / Speedup: 15.622 / Efficiency: 58% / LogL: -20549
Threads: 28 / Time: 3.273 sec / Speedup: 15.435 / Efficiency: 55% / LogL: -20549
Threads: 29 / Time: 3.261 sec / Speedup: 15.490 / Efficiency: 53% / LogL: -20549
Threads: 30 / Time: 3.167 sec / Speedup: 15.948 / Efficiency: 53% / LogL: -20549
Threads: 31 / Time: 3.135 sec / Speedup: 16.112 / Efficiency: 52% / LogL: -20549
Threads: 32 / Time: 3.153 sec / Speedup: 16.019 / Efficiency: 50% / LogL: -20549
Threads: 33 / Time: 3.123 sec / Speedup: 16.173 / Efficiency: 49% / LogL: -20549
Determining AUTO threadcount: done in 243.054 secs using 934.9% CPU
BEST NUMBER OF THREADS: 24

 70  MG+F3X4+R2    12136.000    163 24598.001    24641.968    25450.465
Measuring multi-threading efficiency up to 48 CPU cores
5 trees examined
Threads: 1 / Time: 51.038 sec / Speedup: 1.000 / Efficiency: 100% / LogL: -21346
Threads: 2 / Time: 26.040 sec / Speedup: 1.960 / Efficiency: 98% / LogL: -21346
Threads: 3 / Time: 17.707 sec / Speedup: 2.882 / Efficiency: 96% / LogL: -21346
Threads: 4 / Time: 13.331 sec / Speedup: 3.829 / Efficiency: 96% / LogL: -21346
Threads: 5 / Time: 10.989 sec / Speedup: 4.645 / Efficiency: 93% / LogL: -21346
Threads: 6 / Time: 9.218 sec / Speedup: 5.537 / Efficiency: 92% / LogL: -21346
Threads: 7 / Time: 8.027 sec / Speedup: 6.358 / Efficiency: 91% / LogL: -21346
Threads: 8 / Time: 7.324 sec / Speedup: 6.968 / Efficiency: 87% / LogL: -21346
Threads: 9 / Time: 6.512 sec / Speedup: 7.837 / Efficiency: 87% / LogL: -21346
Threads: 10 / Time: 6.043 sec / Speedup: 8.446 / Efficiency: 84% / LogL: -21346
Threads: 11 / Time: 5.583 sec / Speedup: 9.141 / Efficiency: 83% / LogL: -21346
Threads: 12 / Time: 5.050 sec / Speedup: 10.107 / Efficiency: 84% / LogL: -21346
Threads: 13 / Time: 4.875 sec / Speedup: 10.470 / Efficiency: 81% / LogL: -21346
Threads: 14 / Time: 4.558 sec / Speedup: 11.197 / Efficiency: 80% / LogL: -21346
Threads: 15 / Time: 4.394 sec / Speedup: 11.617 / Efficiency: 77% / LogL: -21346
Threads: 16 / Time: 4.317 sec / Speedup: 11.821 / Efficiency: 74% / LogL: -21346
Threads: 17 / Time: 4.270 sec / Speedup: 11.952 / Efficiency: 70% / LogL: -21346
Threads: 18 / Time: 4.011 sec / Speedup: 12.725 / Efficiency: 71% / LogL: -21346
Threads: 19 / Time: 3.890 sec / Speedup: 13.120 / Efficiency: 69% / LogL: -21346
Threads: 20 / Time: 3.826 sec / Speedup: 13.340 / Efficiency: 67% / LogL: -21346
Threads: 21 / Time: 3.691 sec / Speedup: 13.829 / Efficiency: 66% / LogL: -21346
Threads: 22 / Time: 3.679 sec / Speedup: 13.871 / Efficiency: 63% / LogL: -21346
Threads: 23 / Time: 3.596 sec / Speedup: 14.192 / Efficiency: 62% / LogL: -21346
Threads: 24 / Time: 3.329 sec / Speedup: 15.333 / Efficiency: 64% / LogL: -21346
Threads: 25 / Time: 3.386 sec / Speedup: 15.073 / Efficiency: 60% / LogL: -21346
Threads: 26 / Time: 3.346 sec / Speedup: 15.255 / Efficiency: 59% / LogL: -21346
Threads: 27 / Time: 3.254 sec / Speedup: 15.683 / Efficiency: 58% / LogL: -21346
Threads: 28 / Time: 3.261 sec / Speedup: 15.653 / Efficiency: 56% / LogL: -21346
Threads: 29 / Time: 3.292 sec / Speedup: 15.502 / Efficiency: 53% / LogL: -21346
Threads: 30 / Time: 3.195 sec / Speedup: 15.974 / Efficiency: 53% / LogL: -21346
Threads: 31 / Time: 3.109 sec / Speedup: 16.417 / Efficiency: 53% / LogL: -21346
Threads: 32 / Time: 3.147 sec / Speedup: 16.217 / Efficiency: 51% / LogL: -21346
Threads: 33 / Time: 3.177 sec / Speedup: 16.067 / Efficiency: 49% / LogL: -21346
Determining AUTO threadcount: done in 244.875 secs using 936.2% CPU
BEST NUMBER OF THREADS: 31

 83  MG+F1X4+R2    12477.858    157 25269.715    25310.314    26090.800
Measuring multi-threading efficiency up to 48 CPU cores
5 trees examined
Threads: 1 / Time: 50.900 sec / Speedup: 1.000 / Efficiency: 100% / LogL: -21431
Threads: 2 / Time: 26.495 sec / Speedup: 1.921 / Efficiency: 96% / LogL: -21431
Threads: 3 / Time: 17.664 sec / Speedup: 2.882 / Efficiency: 96% / LogL: -21431
Threads: 4 / Time: 13.528 sec / Speedup: 3.763 / Efficiency: 94% / LogL: -21431
Threads: 5 / Time: 11.033 sec / Speedup: 4.614 / Efficiency: 92% / LogL: -21431
Threads: 6 / Time: 9.265 sec / Speedup: 5.494 / Efficiency: 92% / LogL: -21431
Threads: 7 / Time: 8.146 sec / Speedup: 6.248 / Efficiency: 89% / LogL: -21431
Threads: 8 / Time: 7.151 sec / Speedup: 7.118 / Efficiency: 89% / LogL: -21431
Threads: 9 / Time: 6.453 sec / Speedup: 7.887 / Efficiency: 88% / LogL: -21431
Threads: 10 / Time: 5.962 sec / Speedup: 8.537 / Efficiency: 85% / LogL: -21431
Threads: 11 / Time: 5.510 sec / Speedup: 9.238 / Efficiency: 84% / LogL: -21431
Threads: 12 / Time: 5.123 sec / Speedup: 9.937 / Efficiency: 83% / LogL: -21431
Threads: 13 / Time: 4.960 sec / Speedup: 10.261 / Efficiency: 79% / LogL: -21431
Threads: 14 / Time: 4.627 sec / Speedup: 11.000 / Efficiency: 79% / LogL: -21431
Threads: 15 / Time: 4.420 sec / Speedup: 11.516 / Efficiency: 77% / LogL: -21431
Threads: 16 / Time: 4.210 sec / Speedup: 12.089 / Efficiency: 76% / LogL: -21431
Threads: 17 / Time: 4.190 sec / Speedup: 12.148 / Efficiency: 71% / LogL: -21431
Threads: 18 / Time: 4.120 sec / Speedup: 12.354 / Efficiency: 69% / LogL: -21431
Threads: 19 / Time: 3.848 sec / Speedup: 13.228 / Efficiency: 70% / LogL: -21431
Threads: 20 / Time: 3.829 sec / Speedup: 13.292 / Efficiency: 66% / LogL: -21431
Threads: 21 / Time: 3.691 sec / Speedup: 13.790 / Efficiency: 66% / LogL: -21431
Threads: 22 / Time: 3.732 sec / Speedup: 13.639 / Efficiency: 62% / LogL: -21431
Threads: 23 / Time: 3.724 sec / Speedup: 13.667 / Efficiency: 59% / LogL: -21431
Threads: 24 / Time: 3.385 sec / Speedup: 15.035 / Efficiency: 63% / LogL: -21431
Threads: 25 / Time: 3.405 sec / Speedup: 14.948 / Efficiency: 60% / LogL: -21431
Threads: 26 / Time: 3.363 sec / Speedup: 15.135 / Efficiency: 58% / LogL: -21431
Threads: 27 / Time: 3.248 sec / Speedup: 15.669 / Efficiency: 58% / LogL: -21431
Threads: 28 / Time: 3.289 sec / Speedup: 15.478 / Efficiency: 55% / LogL: -21431
Threads: 29 / Time: 3.230 sec / Speedup: 15.761 / Efficiency: 54% / LogL: -21431
Threads: 30 / Time: 3.147 sec / Speedup: 16.172 / Efficiency: 54% / LogL: -21431
Threads: 31 / Time: 3.118 sec / Speedup: 16.325 / Efficiency: 53% / LogL: -21431
Threads: 32 / Time: 3.217 sec / Speedup: 15.820 / Efficiency: 49% / LogL: -21431
Determining AUTO threadcount: done in 242.4 secs using 906.5% CPU
BEST NUMBER OF THREADS: 30

 96  KOSI07+F3X4+R2 12398.973    162 25121.946    25165.341    25969.180
Measuring multi-threading efficiency up to 48 CPU cores
5 trees examined
Threads: 1 / Time: 51.177 sec / Speedup: 1.000 / Efficiency: 100% / LogL: -22623
Threads: 2 / Time: 26.117 sec / Speedup: 1.960 / Efficiency: 98% / LogL: -22623
Threads: 3 / Time: 17.702 sec / Speedup: 2.891 / Efficiency: 96% / LogL: -22623
Threads: 4 / Time: 13.465 sec / Speedup: 3.801 / Efficiency: 95% / LogL: -22623
Threads: 5 / Time: 10.943 sec / Speedup: 4.677 / Efficiency: 94% / LogL: -22623
Threads: 6 / Time: 9.255 sec / Speedup: 5.530 / Efficiency: 92% / LogL: -22623
Threads: 7 / Time: 8.121 sec / Speedup: 6.302 / Efficiency: 90% / LogL: -22623
Threads: 8 / Time: 7.192 sec / Speedup: 7.116 / Efficiency: 89% / LogL: -22623
Threads: 9 / Time: 6.481 sec / Speedup: 7.897 / Efficiency: 88% / LogL: -22623
Threads: 10 / Time: 5.987 sec / Speedup: 8.547 / Efficiency: 85% / LogL: -22623
Threads: 11 / Time: 5.562 sec / Speedup: 9.201 / Efficiency: 84% / LogL: -22623
Threads: 12 / Time: 5.104 sec / Speedup: 10.027 / Efficiency: 84% / LogL: -22623
Threads: 13 / Time: 4.905 sec / Speedup: 10.433 / Efficiency: 80% / LogL: -22623
Threads: 14 / Time: 4.595 sec / Speedup: 11.138 / Efficiency: 80% / LogL: -22623
Threads: 15 / Time: 4.578 sec / Speedup: 11.179 / Efficiency: 75% / LogL: -22623
Threads: 16 / Time: 4.306 sec / Speedup: 11.886 / Efficiency: 74% / LogL: -22623
Threads: 17 / Time: 4.357 sec / Speedup: 11.745 / Efficiency: 69% / LogL: -22623
Threads: 18 / Time: 4.048 sec / Speedup: 12.644 / Efficiency: 70% / LogL: -22623
Threads: 19 / Time: 3.908 sec / Speedup: 13.094 / Efficiency: 69% / LogL: -22623
Threads: 20 / Time: 3.824 sec / Speedup: 13.384 / Efficiency: 67% / LogL: -22623
Threads: 21 / Time: 3.712 sec / Speedup: 13.786 / Efficiency: 66% / LogL: -22623
Threads: 22 / Time: 3.700 sec / Speedup: 13.832 / Efficiency: 63% / LogL: -22623
Threads: 23 / Time: 3.644 sec / Speedup: 14.044 / Efficiency: 61% / LogL: -22623
Threads: 24 / Time: 3.381 sec / Speedup: 15.136 / Efficiency: 63% / LogL: -22623
Threads: 25 / Time: 3.383 sec / Speedup: 15.127 / Efficiency: 61% / LogL: -22623
Threads: 26 / Time: 3.356 sec / Speedup: 15.247 / Efficiency: 59% / LogL: -22623
Threads: 27 / Time: 3.278 sec / Speedup: 15.612 / Efficiency: 58% / LogL: -22623
Threads: 28 / Time: 3.302 sec / Speedup: 15.501 / Efficiency: 55% / LogL: -22623
Threads: 29 / Time: 3.315 sec / Speedup: 15.437 / Efficiency: 53% / LogL: -22623
Threads: 30 / Time: 3.194 sec / Speedup: 16.023 / Efficiency: 53% / LogL: -22623
Threads: 31 / Time: 3.224 sec / Speedup: 15.874 / Efficiency: 51% / LogL: -22623
Threads: 32 / Time: 3.232 sec / Speedup: 15.835 / Efficiency: 49% / LogL: -22623
Determining AUTO threadcount: done in 242.757 secs using 911.5% CPU
BEST NUMBER OF THREADS: 30

109  KOSI07+F1X4+R2 12835.958    156 25983.916    26023.968    26799.771
Measuring multi-threading efficiency up to 48 CPU cores
5 trees examined
Threads: 1 / Time: 50.776 sec / Speedup: 1.000 / Efficiency: 100% / LogL: -21453
Threads: 2 / Time: 26.113 sec / Speedup: 1.945 / Efficiency: 97% / LogL: -21453
Threads: 3 / Time: 17.722 sec / Speedup: 2.865 / Efficiency: 96% / LogL: -21453
Threads: 4 / Time: 13.315 sec / Speedup: 3.814 / Efficiency: 95% / LogL: -21453
Threads: 5 / Time: 10.883 sec / Speedup: 4.666 / Efficiency: 93% / LogL: -21453
Threads: 6 / Time: 9.217 sec / Speedup: 5.509 / Efficiency: 92% / LogL: -21453
Threads: 7 / Time: 8.112 sec / Speedup: 6.259 / Efficiency: 89% / LogL: -21453
Threads: 8 / Time: 7.107 sec / Speedup: 7.144 / Efficiency: 89% / LogL: -21453
Threads: 9 / Time: 6.453 sec / Speedup: 7.869 / Efficiency: 87% / LogL: -21453
Threads: 10 / Time: 5.965 sec / Speedup: 8.513 / Efficiency: 85% / LogL: -21453
Threads: 11 / Time: 5.530 sec / Speedup: 9.182 / Efficiency: 83% / LogL: -21453
Threads: 12 / Time: 5.092 sec / Speedup: 9.972 / Efficiency: 83% / LogL: -21453
Threads: 13 / Time: 4.852 sec / Speedup: 10.464 / Efficiency: 80% / LogL: -21453
Threads: 14 / Time: 4.545 sec / Speedup: 11.172 / Efficiency: 80% / LogL: -21453
Threads: 15 / Time: 4.209 sec / Speedup: 12.065 / Efficiency: 80% / LogL: -21453
Threads: 16 / Time: 4.173 sec / Speedup: 12.168 / Efficiency: 76% / LogL: -21453
Threads: 17 / Time: 4.124 sec / Speedup: 12.313 / Efficiency: 72% / LogL: -21453
Threads: 18 / Time: 3.974 sec / Speedup: 12.777 / Efficiency: 71% / LogL: -21453
Threads: 19 / Time: 3.915 sec / Speedup: 12.970 / Efficiency: 68% / LogL: -21453
Threads: 20 / Time: 3.873 sec / Speedup: 13.110 / Efficiency: 66% / LogL: -21453
Threads: 21 / Time: 3.671 sec / Speedup: 13.831 / Efficiency: 66% / LogL: -21453
Threads: 22 / Time: 3.684 sec / Speedup: 13.784 / Efficiency: 63% / LogL: -21453
Threads: 23 / Time: 3.602 sec / Speedup: 14.097 / Efficiency: 61% / LogL: -21453
Threads: 24 / Time: 3.358 sec / Speedup: 15.120 / Efficiency: 63% / LogL: -21453
Threads: 25 / Time: 3.304 sec / Speedup: 15.368 / Efficiency: 61% / LogL: -21453
Threads: 26 / Time: 3.326 sec / Speedup: 15.268 / Efficiency: 59% / LogL: -21453
Threads: 27 / Time: 3.323 sec / Speedup: 15.278 / Efficiency: 57% / LogL: -21453
Threads: 28 / Time: 3.264 sec / Speedup: 15.558 / Efficiency: 56% / LogL: -21453
Threads: 29 / Time: 3.248 sec / Speedup: 15.634 / Efficiency: 54% / LogL: -21453
Threads: 30 / Time: 3.169 sec / Speedup: 16.022 / Efficiency: 53% / LogL: -21453
Threads: 31 / Time: 3.175 sec / Speedup: 15.993 / Efficiency: 52% / LogL: -21453
Threads: 32 / Time: 3.170 sec / Speedup: 16.017 / Efficiency: 50% / LogL: -21453
Threads: 33 / Time: 3.211 sec / Speedup: 15.815 / Efficiency: 48% / LogL: -21453
Determining AUTO threadcount: done in 243.864 secs using 938.2% CPU
BEST NUMBER OF THREADS: 30

122  KOSI07+F+R2   12264.464    213 24954.928    25033.114    26068.884
Measuring multi-threading efficiency up to 48 CPU cores
5 trees examined
Threads: 1 / Time: 51.309 sec / Speedup: 1.000 / Efficiency: 100% / LogL: -22223
Threads: 2 / Time: 26.445 sec / Speedup: 1.940 / Efficiency: 97% / LogL: -22223
Threads: 3 / Time: 17.711 sec / Speedup: 2.897 / Efficiency: 97% / LogL: -22223
Threads: 4 / Time: 13.447 sec / Speedup: 3.816 / Efficiency: 95% / LogL: -22223
Threads: 5 / Time: 11.017 sec / Speedup: 4.657 / Efficiency: 93% / LogL: -22223
Threads: 6 / Time: 9.451 sec / Speedup: 5.429 / Efficiency: 90% / LogL: -22223
Threads: 7 / Time: 8.170 sec / Speedup: 6.280 / Efficiency: 90% / LogL: -22223
Threads: 8 / Time: 7.205 sec / Speedup: 7.121 / Efficiency: 89% / LogL: -22223
Threads: 9 / Time: 6.510 sec / Speedup: 7.882 / Efficiency: 88% / LogL: -22223
Threads: 10 / Time: 6.077 sec / Speedup: 8.442 / Efficiency: 84% / LogL: -22223
Threads: 11 / Time: 5.575 sec / Speedup: 9.203 / Efficiency: 84% / LogL: -22223
Threads: 12 / Time: 5.114 sec / Speedup: 10.033 / Efficiency: 84% / LogL: -22223
Threads: 13 / Time: 4.978 sec / Speedup: 10.307 / Efficiency: 79% / LogL: -22223
Threads: 14 / Time: 4.702 sec / Speedup: 10.913 / Efficiency: 78% / LogL: -22223
Threads: 15 / Time: 4.357 sec / Speedup: 11.777 / Efficiency: 79% / LogL: -22223
Threads: 16 / Time: 4.236 sec / Speedup: 12.113 / Efficiency: 76% / LogL: -22223
Threads: 17 / Time: 4.260 sec / Speedup: 12.044 / Efficiency: 71% / LogL: -22223
Threads: 18 / Time: 4.007 sec / Speedup: 12.803 / Efficiency: 71% / LogL: -22223
Threads: 19 / Time: 3.942 sec / Speedup: 13.016 / Efficiency: 69% / LogL: -22223
Threads: 20 / Time: 3.885 sec / Speedup: 13.206 / Efficiency: 66% / LogL: -22223
Threads: 21 / Time: 3.740 sec / Speedup: 13.719 / Efficiency: 65% / LogL: -22223
Threads: 22 / Time: 3.733 sec / Speedup: 13.744 / Efficiency: 62% / LogL: -22223
Threads: 23 / Time: 3.666 sec / Speedup: 13.997 / Efficiency: 61% / LogL: -22223
Threads: 24 / Time: 3.421 sec / Speedup: 14.999 / Efficiency: 62% / LogL: -22223
Threads: 25 / Time: 3.385 sec / Speedup: 15.158 / Efficiency: 61% / LogL: -22223
Threads: 26 / Time: 3.396 sec / Speedup: 15.107 / Efficiency: 58% / LogL: -22223
Threads: 27 / Time: 3.299 sec / Speedup: 15.552 / Efficiency: 58% / LogL: -22223
Threads: 28 / Time: 3.313 sec / Speedup: 15.486 / Efficiency: 55% / LogL: -22223
Threads: 29 / Time: 3.334 sec / Speedup: 15.389 / Efficiency: 53% / LogL: -22223
Threads: 30 / Time: 3.236 sec / Speedup: 15.855 / Efficiency: 53% / LogL: -22223
Threads: 31 / Time: 3.225 sec / Speedup: 15.911 / Efficiency: 51% / LogL: -22223
Threads: 32 / Time: 3.244 sec / Speedup: 15.818 / Efficiency: 49% / LogL: -22223
Determining AUTO threadcount: done in 243.784 secs using 910.5% CPU
BEST NUMBER OF THREADS: 30

135  KOSI07+FU+R2  12751.051    153 25808.102    25846.540    26608.268
Measuring multi-threading efficiency up to 48 CPU cores
5 trees examined
Threads: 1 / Time: 50.983 sec / Speedup: 1.000 / Efficiency: 100% / LogL: -21647
Threads: 2 / Time: 26.191 sec / Speedup: 1.947 / Efficiency: 97% / LogL: -21647
Threads: 3 / Time: 17.635 sec / Speedup: 2.891 / Efficiency: 96% / LogL: -21647
Threads: 4 / Time: 13.397 sec / Speedup: 3.806 / Efficiency: 95% / LogL: -21647
Threads: 5 / Time: 10.973 sec / Speedup: 4.646 / Efficiency: 93% / LogL: -21647
Threads: 6 / Time: 9.329 sec / Speedup: 5.465 / Efficiency: 91% / LogL: -21647
Threads: 7 / Time: 8.183 sec / Speedup: 6.230 / Efficiency: 89% / LogL: -21647
Threads: 8 / Time: 7.135 sec / Speedup: 7.145 / Efficiency: 89% / LogL: -21647
Threads: 9 / Time: 6.524 sec / Speedup: 7.815 / Efficiency: 87% / LogL: -21647
Threads: 10 / Time: 6.056 sec / Speedup: 8.418 / Efficiency: 84% / LogL: -21647
Threads: 11 / Time: 5.570 sec / Speedup: 9.153 / Efficiency: 83% / LogL: -21647
Threads: 12 / Time: 5.124 sec / Speedup: 9.949 / Efficiency: 83% / LogL: -21647
Threads: 13 / Time: 4.897 sec / Speedup: 10.410 / Efficiency: 80% / LogL: -21647
Threads: 14 / Time: 4.678 sec / Speedup: 10.899 / Efficiency: 78% / LogL: -21647
Threads: 15 / Time: 4.285 sec / Speedup: 11.898 / Efficiency: 79% / LogL: -21647
Threads: 16 / Time: 4.180 sec / Speedup: 12.197 / Efficiency: 76% / LogL: -21647
Threads: 17 / Time: 4.163 sec / Speedup: 12.246 / Efficiency: 72% / LogL: -21647
Threads: 18 / Time: 3.975 sec / Speedup: 12.827 / Efficiency: 71% / LogL: -21647
Threads: 19 / Time: 3.837 sec / Speedup: 13.286 / Efficiency: 70% / LogL: -21647
Threads: 20 / Time: 3.790 sec / Speedup: 13.451 / Efficiency: 67% / LogL: -21647
Threads: 21 / Time: 3.695 sec / Speedup: 13.799 / Efficiency: 66% / LogL: -21647
Threads: 22 / Time: 3.649 sec / Speedup: 13.972 / Efficiency: 64% / LogL: -21647
Threads: 23 / Time: 3.586 sec / Speedup: 14.218 / Efficiency: 62% / LogL: -21647
Threads: 24 / Time: 3.362 sec / Speedup: 15.164 / Efficiency: 63% / LogL: -21647
Threads: 25 / Time: 3.362 sec / Speedup: 15.165 / Efficiency: 61% / LogL: -21647
Threads: 26 / Time: 3.301 sec / Speedup: 15.444 / Efficiency: 59% / LogL: -21647
Threads: 27 / Time: 3.234 sec / Speedup: 15.762 / Efficiency: 58% / LogL: -21647
Threads: 28 / Time: 3.225 sec / Speedup: 15.807 / Efficiency: 56% / LogL: -21647
Threads: 29 / Time: 3.292 sec / Speedup: 15.487 / Efficiency: 53% / LogL: -21647
Threads: 30 / Time: 3.179 sec / Speedup: 16.039 / Efficiency: 53% / LogL: -21647
Threads: 31 / Time: 3.216 sec / Speedup: 15.855 / Efficiency: 51% / LogL: -21647
Threads: 32 / Time: 3.226 sec / Speedup: 15.801 / Efficiency: 49% / LogL: -21647
Determining AUTO threadcount: done in 241.647 secs using 907% CPU
BEST NUMBER OF THREADS: 30

148  SCHN05+F3X4+R2 12390.119    162 25104.238    25147.633    25951.472
Measuring multi-threading efficiency up to 48 CPU cores
5 trees examined
Threads: 1 / Time: 51.456 sec / Speedup: 1.000 / Efficiency: 100% / LogL: -23322
Threads: 2 / Time: 26.298 sec / Speedup: 1.957 / Efficiency: 98% / LogL: -23322
Threads: 3 / Time: 17.831 sec / Speedup: 2.886 / Efficiency: 96% / LogL: -23322
Threads: 4 / Time: 13.613 sec / Speedup: 3.780 / Efficiency: 95% / LogL: -23322
Threads: 5 / Time: 11.111 sec / Speedup: 4.631 / Efficiency: 93% / LogL: -23322
Threads: 6 / Time: 9.302 sec / Speedup: 5.531 / Efficiency: 92% / LogL: -23322
Threads: 7 / Time: 8.127 sec / Speedup: 6.331 / Efficiency: 90% / LogL: -23322
Threads: 8 / Time: 7.205 sec / Speedup: 7.142 / Efficiency: 89% / LogL: -23322
Threads: 9 / Time: 6.686 sec / Speedup: 7.696 / Efficiency: 86% / LogL: -23322
Threads: 10 / Time: 6.007 sec / Speedup: 8.565 / Efficiency: 86% / LogL: -23322
Threads: 11 / Time: 5.625 sec / Speedup: 9.148 / Efficiency: 83% / LogL: -23322
Threads: 12 / Time: 5.217 sec / Speedup: 9.862 / Efficiency: 82% / LogL: -23322
Threads: 13 / Time: 4.963 sec / Speedup: 10.369 / Efficiency: 80% / LogL: -23322
Threads: 14 / Time: 4.685 sec / Speedup: 10.982 / Efficiency: 78% / LogL: -23322
Threads: 15 / Time: 4.379 sec / Speedup: 11.751 / Efficiency: 78% / LogL: -23322
Threads: 16 / Time: 4.246 sec / Speedup: 12.119 / Efficiency: 76% / LogL: -23322
Threads: 17 / Time: 4.247 sec / Speedup: 12.114 / Efficiency: 71% / LogL: -23322
Threads: 18 / Time: 3.999 sec / Speedup: 12.867 / Efficiency: 71% / LogL: -23322
Threads: 19 / Time: 3.908 sec / Speedup: 13.165 / Efficiency: 69% / LogL: -23322
Threads: 20 / Time: 3.860 sec / Speedup: 13.330 / Efficiency: 67% / LogL: -23322
Threads: 21 / Time: 3.735 sec / Speedup: 13.778 / Efficiency: 66% / LogL: -23322
Threads: 22 / Time: 3.744 sec / Speedup: 13.744 / Efficiency: 62% / LogL: -23322
Threads: 23 / Time: 3.661 sec / Speedup: 14.055 / Efficiency: 61% / LogL: -23322
Threads: 24 / Time: 3.372 sec / Speedup: 15.260 / Efficiency: 64% / LogL: -23322
Threads: 25 / Time: 3.410 sec / Speedup: 15.088 / Efficiency: 60% / LogL: -23322
Threads: 26 / Time: 3.359 sec / Speedup: 15.317 / Efficiency: 59% / LogL: -23322
Threads: 27 / Time: 3.282 sec / Speedup: 15.677 / Efficiency: 58% / LogL: -23322
Threads: 28 / Time: 3.267 sec / Speedup: 15.748 / Efficiency: 56% / LogL: -23322
Threads: 29 / Time: 3.290 sec / Speedup: 15.638 / Efficiency: 54% / LogL: -23322
Threads: 30 / Time: 3.198 sec / Speedup: 16.088 / Efficiency: 54% / LogL: -23322
Threads: 31 / Time: 3.190 sec / Speedup: 16.128 / Efficiency: 52% / LogL: -23322
Threads: 32 / Time: 3.206 sec / Speedup: 16.049 / Efficiency: 50% / LogL: -23322
Threads: 33 / Time: 3.308 sec / Speedup: 15.553 / Efficiency: 47% / LogL: -23322
Determining AUTO threadcount: done in 247.204 secs using 935.8% CPU
BEST NUMBER OF THREADS: 30

161  SCHN05+F1X4+R2 12911.135    156 26134.270    26174.322    26950.125
Measuring multi-threading efficiency up to 48 CPU cores
5 trees examined
Threads: 1 / Time: 50.987 sec / Speedup: 1.000 / Efficiency: 100% / LogL: -21061
Threads: 2 / Time: 26.021 sec / Speedup: 1.959 / Efficiency: 98% / LogL: -21061
Threads: 3 / Time: 17.576 sec / Speedup: 2.901 / Efficiency: 97% / LogL: -21061
Threads: 4 / Time: 13.567 sec / Speedup: 3.758 / Efficiency: 94% / LogL: -21061
Threads: 5 / Time: 10.992 sec / Speedup: 4.638 / Efficiency: 93% / LogL: -21061
Threads: 6 / Time: 9.209 sec / Speedup: 5.537 / Efficiency: 92% / LogL: -21061
Threads: 7 / Time: 8.137 sec / Speedup: 6.266 / Efficiency: 90% / LogL: -21061
Threads: 8 / Time: 7.207 sec / Speedup: 7.075 / Efficiency: 88% / LogL: -21061
Threads: 9 / Time: 6.479 sec / Speedup: 7.869 / Efficiency: 87% / LogL: -21061
Threads: 10 / Time: 6.092 sec / Speedup: 8.369 / Efficiency: 84% / LogL: -21061
Threads: 11 / Time: 5.655 sec / Speedup: 9.017 / Efficiency: 82% / LogL: -21061
Threads: 12 / Time: 5.102 sec / Speedup: 9.994 / Efficiency: 83% / LogL: -21061
Threads: 13 / Time: 4.884 sec / Speedup: 10.440 / Efficiency: 80% / LogL: -21061
Threads: 14 / Time: 4.611 sec / Speedup: 11.057 / Efficiency: 79% / LogL: -21061
Threads: 15 / Time: 4.271 sec / Speedup: 11.937 / Efficiency: 80% / LogL: -21061
Threads: 16 / Time: 4.282 sec / Speedup: 11.907 / Efficiency: 74% / LogL: -21061
Threads: 17 / Time: 4.160 sec / Speedup: 12.257 / Efficiency: 72% / LogL: -21061
Threads: 18 / Time: 3.945 sec / Speedup: 12.926 / Efficiency: 72% / LogL: -21061
Threads: 19 / Time: 3.863 sec / Speedup: 13.200 / Efficiency: 69% / LogL: -21061
Threads: 20 / Time: 3.828 sec / Speedup: 13.321 / Efficiency: 67% / LogL: -21061
Threads: 21 / Time: 3.633 sec / Speedup: 14.035 / Efficiency: 67% / LogL: -21061
Threads: 22 / Time: 3.648 sec / Speedup: 13.976 / Efficiency: 64% / LogL: -21061
Threads: 23 / Time: 3.593 sec / Speedup: 14.192 / Efficiency: 62% / LogL: -21061
Threads: 24 / Time: 3.312 sec / Speedup: 15.394 / Efficiency: 64% / LogL: -21061
Threads: 25 / Time: 3.289 sec / Speedup: 15.501 / Efficiency: 62% / LogL: -21061
Threads: 26 / Time: 3.309 sec / Speedup: 15.410 / Efficiency: 59% / LogL: -21061
Threads: 27 / Time: 3.241 sec / Speedup: 15.733 / Efficiency: 58% / LogL: -21061
Threads: 28 / Time: 3.258 sec / Speedup: 15.651 / Efficiency: 56% / LogL: -21061
Threads: 29 / Time: 3.242 sec / Speedup: 15.729 / Efficiency: 54% / LogL: -21061
Threads: 30 / Time: 3.159 sec / Speedup: 16.141 / Efficiency: 54% / LogL: -21061
Threads: 31 / Time: 3.223 sec / Speedup: 15.820 / Efficiency: 51% / LogL: -21061
Threads: 32 / Time: 3.187 sec / Speedup: 15.996 / Efficiency: 50% / LogL: -21061
Determining AUTO threadcount: done in 241.388 secs using 905.7% CPU
BEST NUMBER OF THREADS: 24

174  SCHN05+F+R2   12222.619    213 24871.237    24949.422    25985.193
Measuring multi-threading efficiency up to 48 CPU cores
5 trees examined
Threads: 1 / Time: 50.736 sec / Speedup: 1.000 / Efficiency: 100% / LogL: -22539
Threads: 2 / Time: 26.151 sec / Speedup: 1.940 / Efficiency: 97% / LogL: -22539
Threads: 3 / Time: 17.640 sec / Speedup: 2.876 / Efficiency: 96% / LogL: -22539
Threads: 4 / Time: 13.406 sec / Speedup: 3.785 / Efficiency: 95% / LogL: -22539
Threads: 5 / Time: 11.057 sec / Speedup: 4.588 / Efficiency: 92% / LogL: -22539
Threads: 6 / Time: 9.358 sec / Speedup: 5.422 / Efficiency: 90% / LogL: -22539
Threads: 7 / Time: 8.110 sec / Speedup: 6.256 / Efficiency: 89% / LogL: -22539
Threads: 8 / Time: 7.141 sec / Speedup: 7.104 / Efficiency: 89% / LogL: -22539
Threads: 9 / Time: 6.584 sec / Speedup: 7.706 / Efficiency: 86% / LogL: -22539
Threads: 10 / Time: 6.050 sec / Speedup: 8.386 / Efficiency: 84% / LogL: -22539
Threads: 11 / Time: 5.555 sec / Speedup: 9.133 / Efficiency: 83% / LogL: -22539
Threads: 12 / Time: 5.051 sec / Speedup: 10.045 / Efficiency: 84% / LogL: -22539
Threads: 13 / Time: 4.914 sec / Speedup: 10.326 / Efficiency: 79% / LogL: -22539
Threads: 14 / Time: 4.566 sec / Speedup: 11.112 / Efficiency: 79% / LogL: -22539
Threads: 15 / Time: 4.326 sec / Speedup: 11.727 / Efficiency: 78% / LogL: -22539
Threads: 16 / Time: 4.205 sec / Speedup: 12.065 / Efficiency: 75% / LogL: -22539
Threads: 17 / Time: 4.260 sec / Speedup: 11.911 / Efficiency: 70% / LogL: -22539
Threads: 18 / Time: 3.985 sec / Speedup: 12.731 / Efficiency: 71% / LogL: -22539
Threads: 19 / Time: 3.879 sec / Speedup: 13.080 / Efficiency: 69% / LogL: -22539
Threads: 20 / Time: 3.822 sec / Speedup: 13.274 / Efficiency: 66% / LogL: -22539
Threads: 21 / Time: 3.710 sec / Speedup: 13.676 / Efficiency: 65% / LogL: -22539
Threads: 22 / Time: 3.647 sec / Speedup: 13.912 / Efficiency: 63% / LogL: -22539
Threads: 23 / Time: 3.590 sec / Speedup: 14.134 / Efficiency: 61% / LogL: -22539
Threads: 24 / Time: 3.412 sec / Speedup: 14.868 / Efficiency: 62% / LogL: -22539
Threads: 25 / Time: 3.320 sec / Speedup: 15.282 / Efficiency: 61% / LogL: -22539
Threads: 26 / Time: 3.345 sec / Speedup: 15.170 / Efficiency: 58% / LogL: -22539
Threads: 27 / Time: 3.232 sec / Speedup: 15.700 / Efficiency: 58% / LogL: -22539
Threads: 28 / Time: 3.263 sec / Speedup: 15.548 / Efficiency: 56% / LogL: -22539
Threads: 29 / Time: 3.260 sec / Speedup: 15.565 / Efficiency: 54% / LogL: -22539
Threads: 30 / Time: 3.233 sec / Speedup: 15.694 / Efficiency: 52% / LogL: -22539
Threads: 31 / Time: 3.228 sec / Speedup: 15.717 / Efficiency: 51% / LogL: -22539
Threads: 32 / Time: 3.291 sec / Speedup: 15.418 / Efficiency: 48% / LogL: -22539
Determining AUTO threadcount: done in 241.739 secs using 909.5% CPU
BEST NUMBER OF THREADS: 27

187  SCHN05+FU+R2  12722.481    153 25750.962    25789.399    26551.127
Akaike Information Criterion:           MG+F3X4+R2
Corrected Akaike Information Criterion: MG+F3X4+R2
Bayesian Information Criterion:         MG+F3X4+R2
Best-fit model: MG+F3X4+R2 chosen according to BIC

All model information printed to OTOF_fasta.model.gz
CPU time for ModelFinder: 61014.314 seconds (16h:56m:54s)
Wall-clock time for ModelFinder: 5863.602 seconds (1h:37m:43s)
WARNING: States(s) AGA, TTA rarely appear in alignment and may cause numerical problems

NOTE: 86 MB RAM (0 GB) is required!
Measuring multi-threading efficiency up to 48 CPU cores
5 trees examined
Threads: 1 / Time: 53.305 sec / Speedup: 1.000 / Efficiency: 100% / LogL: -23793
Threads: 2 / Time: 27.474 sec / Speedup: 1.940 / Efficiency: 97% / LogL: -23793
Threads: 3 / Time: 18.415 sec / Speedup: 2.895 / Efficiency: 96% / LogL: -23793
Threads: 4 / Time: 13.960 sec / Speedup: 3.818 / Efficiency: 95% / LogL: -23793
Threads: 5 / Time: 11.389 sec / Speedup: 4.680 / Efficiency: 94% / LogL: -23793
Threads: 6 / Time: 9.637 sec / Speedup: 5.531 / Efficiency: 92% / LogL: -23793
Threads: 7 / Time: 8.489 sec / Speedup: 6.279 / Efficiency: 90% / LogL: -23793
Threads: 8 / Time: 7.489 sec / Speedup: 7.118 / Efficiency: 89% / LogL: -23793
Threads: 9 / Time: 6.860 sec / Speedup: 7.770 / Efficiency: 86% / LogL: -23793
Threads: 10 / Time: 6.301 sec / Speedup: 8.460 / Efficiency: 85% / LogL: -23793
Threads: 11 / Time: 5.770 sec / Speedup: 9.238 / Efficiency: 84% / LogL: -23793
Threads: 12 / Time: 5.332 sec / Speedup: 9.996 / Efficiency: 83% / LogL: -23793
Threads: 13 / Time: 5.150 sec / Speedup: 10.351 / Efficiency: 80% / LogL: -23793
Threads: 14 / Time: 4.892 sec / Speedup: 10.896 / Efficiency: 78% / LogL: -23793
Threads: 15 / Time: 4.563 sec / Speedup: 11.683 / Efficiency: 78% / LogL: -23793
Threads: 16 / Time: 4.419 sec / Speedup: 12.062 / Efficiency: 75% / LogL: -23793
Threads: 17 / Time: 4.507 sec / Speedup: 11.827 / Efficiency: 70% / LogL: -23793
Threads: 18 / Time: 4.225 sec / Speedup: 12.615 / Efficiency: 70% / LogL: -23793
Threads: 19 / Time: 4.165 sec / Speedup: 12.797 / Efficiency: 67% / LogL: -23793
Threads: 20 / Time: 4.130 sec / Speedup: 12.906 / Efficiency: 65% / LogL: -23793
Threads: 21 / Time: 4.006 sec / Speedup: 13.307 / Efficiency: 63% / LogL: -23793
Threads: 22 / Time: 3.952 sec / Speedup: 13.488 / Efficiency: 61% / LogL: -23793
Threads: 23 / Time: 3.852 sec / Speedup: 13.838 / Efficiency: 60% / LogL: -23793
Threads: 24 / Time: 3.661 sec / Speedup: 14.558 / Efficiency: 61% / LogL: -23793
Threads: 25 / Time: 3.619 sec / Speedup: 14.730 / Efficiency: 59% / LogL: -23793
Threads: 26 / Time: 3.654 sec / Speedup: 14.587 / Efficiency: 56% / LogL: -23793
Threads: 27 / Time: 3.560 sec / Speedup: 14.974 / Efficiency: 55% / LogL: -23793
Threads: 28 / Time: 3.624 sec / Speedup: 14.708 / Efficiency: 53% / LogL: -23793
Threads: 29 / Time: 3.678 sec / Speedup: 14.493 / Efficiency: 50% / LogL: -23793
Determining AUTO threadcount: done in 244.468 secs using 838.1% CPU
BEST NUMBER OF THREADS: 24

Estimate model parameters (epsilon = 0.100)
1. Initial log-likelihood: -12136.000
Optimal log-likelihood: -12136.000
Nonsynonymous/synonymous ratio (omega): 0.127
Transition/transversion ratio (kappa): 5.615
Site proportion and rates:  (0.830,0.440) (0.170,3.742)
Parameters optimization took 1 rounds (3.571 sec)
Wrote distance file to... 
Computing ML distances based on estimated model parameters...
Calculating distance matrix: done in 1.06737 secs using 2269% CPU
Computing ML distances took 1.069049 sec (of wall-clock time) 24.224724 sec (of CPU time)
Setting up auxiliary I and S matrices: done in 0.0162587 secs using 1188% CPU
Constructing RapidNJ tree: done in 0.997735 secs using 1134% CPU
Computing RapidNJ tree took 1.014227 sec (of wall-clock time) 11.519791 sec (of CPU time)
Log-likelihood of RapidNJ tree: -12222.970
--------------------------------------------------------------------
|             INITIALIZING CANDIDATE TREE SET                      |
--------------------------------------------------------------------
Generating 98 parsimony trees... 0.513 second
Computing log-likelihood of 98 initial trees ... 67.004 seconds
Current best score: -12136.000

Do NNI search on 20 best initial trees
Optimizing NNI: done in 2.46231 secs using 2336% CPU
Estimate model parameters (epsilon = 0.100)
BETTER TREE FOUND at iteration 1: -12136.000
Optimizing NNI: done in 2.41036 secs using 2350% CPU
Optimizing NNI: done in 2.38443 secs using 2349% CPU
Optimizing NNI: done in 2.43422 secs using 2346% CPU
Optimizing NNI: done in 2.3748 secs using 2351% CPU
Optimizing NNI: done in 2.39092 secs using 2350% CPU
Optimizing NNI: done in 2.37573 secs using 2346% CPU
Optimizing NNI: done in 2.39973 secs using 2349% CPU
Optimizing NNI: done in 2.38077 secs using 2346% CPU
Optimizing NNI: done in 2.41208 secs using 2349% CPU
Iteration 10 / LogL: -12171.413 / Time: 0h:5m:46s
Optimizing NNI: done in 2.36781 secs using 2350% CPU
Optimizing NNI: done in 2.3574 secs using 2351% CPU
Optimizing NNI: done in 2.46868 secs using 2346% CPU
Optimizing NNI: done in 2.44527 secs using 2349% CPU
Optimizing NNI: done in 2.39725 secs using 2348% CPU
Optimizing NNI: done in 2.3809 secs using 2348% CPU
Optimizing NNI: done in 2.43502 secs using 2351% CPU
Optimizing NNI: done in 2.37225 secs using 2346% CPU
Optimizing NNI: done in 2.38163 secs using 2350% CPU
Optimizing NNI: done in 2.46193 secs using 2351% CPU
Iteration 20 / LogL: -12181.121 / Time: 0h:6m:11s
Finish initializing candidate tree set (20)
Current best tree score: -12136.000 / CPU time: 121.075
Number of iterations: 20
--------------------------------------------------------------------
|               OPTIMIZING CANDIDATE TREE SET                      |
--------------------------------------------------------------------
Optimizing NNI: done in 4.65417 secs using 2342% CPU
Optimizing NNI: done in 6.07748 secs using 2336% CPU
Optimizing NNI: done in 5.5696 secs using 2351% CPU
Optimizing NNI: done in 7.00783 secs using 2338% CPU
Optimizing NNI: done in 8.07634 secs using 2349% CPU
Optimizing NNI: done in 7.95089 secs using 2342% CPU
Optimizing NNI: done in 7.35179 secs using 2341% CPU
Optimizing NNI: done in 4.88611 secs using 2344% CPU
Optimizing NNI: done in 8.29961 secs using 2339% CPU
Optimizing NNI: done in 9.60642 secs using 2342% CPU
Iteration 30 / LogL: -12455.165 / Time: 0h:7m:22s (0h:18m:3s left)
Optimizing NNI: done in 6.73109 secs using 2349% CPU
Optimizing NNI: done in 6.88878 secs using 2353% CPU
Optimizing NNI: done in 5.74471 secs using 2349% CPU
Optimizing NNI: done in 5.2212 secs using 2347% CPU
Optimizing NNI: done in 5.53829 secs using 2351% CPU
Optimizing NNI: done in 7.43268 secs using 2347% CPU
Optimizing NNI: done in 4.0992 secs using 2354% CPU
Optimizing NNI: done in 12.6753 secs using 2343% CPU
Optimizing NNI: done in 4.9485 secs using 2347% CPU
Optimizing NNI: done in 8.42899 secs using 2346% CPU
Iteration 40 / LogL: -12562.766 / Time: 0h:8m:31s (0h:13m:19s left)
Optimizing NNI: done in 7.4266 secs using 2351% CPU
Optimizing NNI: done in 6.6032 secs using 2352% CPU
Optimizing NNI: done in 8.99706 secs using 2347% CPU
Optimizing NNI: done in 4.03451 secs using 2356% CPU
Optimizing NNI: done in 8.93578 secs using 2335% CPU
Optimizing NNI: done in 7.46044 secs using 2350% CPU
Optimizing NNI: done in 5.79596 secs using 2346% CPU
Optimizing NNI: done in 5.83573 secs using 2346% CPU
Optimizing NNI: done in 6.68789 secs using 2343% CPU
Optimizing NNI: done in 7.79528 secs using 2348% CPU
Iteration 50 / LogL: -12540.348 / Time: 0h:9m:41s (0h:10m:5s left)
Optimizing NNI: done in 6.4195 secs using 2348% CPU
Optimizing NNI: done in 8.54424 secs using 2346% CPU
Optimizing NNI: done in 5.37063 secs using 2352% CPU
Optimizing NNI: done in 9.65616 secs using 2345% CPU
Optimizing NNI: done in 6.73092 secs using 2351% CPU
Optimizing NNI: done in 9.72603 secs using 2346% CPU
Optimizing NNI: done in 5.95671 secs using 2340% CPU
Optimizing NNI: done in 10.1938 secs using 2338% CPU
Optimizing NNI: done in 5.14068 secs using 2351% CPU
Optimizing NNI: done in 9.35605 secs using 2343% CPU
Iteration 60 / LogL: -12475.602 / Time: 0h:10m:59s (0h:7m:38s left)
Optimizing NNI: done in 5.91158 secs using 2346% CPU
Optimizing NNI: done in 7.7934 secs using 2346% CPU
Optimizing NNI: done in 7.74193 secs using 2351% CPU
Optimizing NNI: done in 6.93001 secs using 2345% CPU
Optimizing NNI: done in 4.47167 secs using 2348% CPU
Optimizing NNI: done in 6.79435 secs using 2345% CPU
Optimizing NNI: done in 6.80499 secs using 2350% CPU
Optimizing NNI: done in 8.9862 secs using 2346% CPU
Optimizing NNI: done in 7.47602 secs using 2348% CPU
Optimizing NNI: done in 6.37298 secs using 2351% CPU
Iteration 70 / LogL: -12441.908 / Time: 0h:12m:9s (0h:5m:27s left)
Optimizing NNI: done in 4.79033 secs using 2344% CPU
Optimizing NNI: done in 7.77581 secs using 2350% CPU
Optimizing NNI: done in 6.77131 secs using 2343% CPU
Optimizing NNI: done in 8.0118 secs using 2342% CPU
Optimizing NNI: done in 8.14042 secs using 2334% CPU
Optimizing NNI: done in 3.75795 secs using 2350% CPU
Optimizing NNI: done in 5.27832 secs using 2350% CPU
Optimizing NNI: done in 12.1412 secs using 2347% CPU
Optimizing NNI: done in 8.05716 secs using 2332% CPU
Optimizing NNI: done in 6.00971 secs using 2347% CPU
Iteration 80 / LogL: -12489.805 / Time: 0h:13m:21s (0h:3m:33s left)
Optimizing NNI: done in 7.49385 secs using 2344% CPU
Optimizing NNI: done in 6.278 secs using 2353% CPU
Optimizing NNI: done in 6.93683 secs using 2343% CPU
Optimizing NNI: done in 4.83861 secs using 2350% CPU
Optimizing NNI: done in 8.34935 secs using 2342% CPU
Optimizing NNI: done in 8.77272 secs using 2338% CPU
Optimizing NNI: done in 5.50292 secs using 2344% CPU
Optimizing NNI: done in 6.78381 secs using 2341% CPU
Optimizing NNI: done in 8.6071 secs using 2345% CPU
Optimizing NNI: done in 7.84351 secs using 2346% CPU
Iteration 90 / LogL: -12436.076 / Time: 0h:14m:34s (0h:1m:48s left)
Optimizing NNI: done in 6.52906 secs using 2339% CPU
Optimizing NNI: done in 6.85202 secs using 2344% CPU
Optimizing NNI: done in 4.96634 secs using 2348% CPU
Optimizing NNI: done in 6.66777 secs using 2353% CPU
Optimizing NNI: done in 5.58963 secs using 2340% CPU
Optimizing NNI: done in 7.23896 secs using 2344% CPU
Optimizing NNI: done in 7.86794 secs using 2352% CPU
Optimizing NNI: done in 6.87067 secs using 2342% CPU
Optimizing NNI: done in 5.6983 secs using 2341% CPU
Optimizing NNI: done in 6.00114 secs using 2347% CPU
Iteration 100 / LogL: -12427.326 / Time: 0h:15m:39s (0h:0m:9s left)
Optimizing NNI: done in 7.75478 secs using 2349% CPU
Optimizing NNI: done in 5.34819 secs using 2347% CPU
TREE SEARCH COMPLETED AFTER 102 ITERATIONS / Time: 0h:15m:52s

--------------------------------------------------------------------
|                    FINALIZING TREE SEARCH                        |
--------------------------------------------------------------------
Performs final model parameters optimization
Estimate model parameters (epsilon = 0.010)
1. Initial log-likelihood: -12136.000
Optimal log-likelihood: -12136.000
Nonsynonymous/synonymous ratio (omega): 0.127
Transition/transversion ratio (kappa): 5.615
Site proportion and rates:  (0.830,0.440) (0.170,3.737)
Parameters optimization took 1 rounds (2.827 sec)
BEST SCORE FOUND : -12136.000
Total tree length: 0.860

Total number of iterations: 102
CPU time used for tree search: 16408.160 sec (4h:33m:28s)
Wall-clock time used for tree search: 701.747 sec (0h:11m:41s)
Total CPU time used: 18656.874 sec (5h:10m:56s)
Total wall-clock time used: 955.564 sec (0h:15m:55s)

Analysis results written to: 
  IQ-TREE report:                OTOF_fasta.iqtree
  Maximum-likelihood tree:       OTOF_fasta.treefile
  Likelihood distances:          OTOF_fasta.mldist
  Screen log file:               OTOF_fasta.log

Date and Time: Tue Oct  1 14:25:10 2024
