IQ-TREE multicore version 2.2.0-beta COVID-edition for Linux 64-bit built Dec 21 2021 built Dec 21 2021
Developed by Bui Quang Minh, James Barbetti, Nguyen Lam Tung,
Olga Chernomor, Heiko Schmidt, Dominik Schrempf, Michael Woodhams, Ly Trong Nhan.

Host:    awarnach (SSE3, 15 GB RAM)
Command: iqtree -s codon_alignments_v4_Jan24/MYH2_codon_aligned_v2.phy -st CODON -m TEST -pre MYH2_MF -nt 4
Seed:    653239 (Using SPRNG - Scalable Parallel Random Number Generator)
Time:    Wed Feb  7 16:27:56 2024
Kernel:  SSE2 - 4 threads (4 CPU cores detected)

Reading alignment file codon_alignments_v4_Jan24/MYH2_codon_aligned_v2.phy ... Fasta format detected
Reading fasta file: done in 0.0104643 secs using 64.7% CPU
Alignment most likely contains DNA/RNA sequences
Converting to codon sequences with genetic code  ...
Constructing alignment: done in 0.0065834 secs using 70.75% CPU
Alignment has 80 sequences with 899 columns, 731 distinct patterns
193 parsimony-informative, 128 singleton sites, 578 constant sites
                   Gap/Ambiguity  Composition  p-value
Analyzing sequences: done in 0.00119599 secs using 207.1% CPU
   1  Bacu_MYH2            0.67%    passed    100.00%
   2  Barn_MYH2           55.73%    passed     99.98%
   3  Bbai76728_MYH2      22.69%    passed    100.00%
   4  BbonAUS_MYH2        30.81%    passed    100.00%
   5  Bbor_MYH2           27.70%    passed    100.00%
   6  Bede66737_MYH2      36.26%    passed    100.00%
   7  BedeAUS_MYH2        37.04%    passed    100.00%
   8  Bmus49099_MYH2      15.35%    passed    100.00%
   9  Bmys_MYH2            0.44%    passed    100.00%
  10  Bphy_MYH2            0.44%    passed    100.00%
  11  Bphy_baits_MYH2     33.26%    passed    100.00%
  12  Ccom40_MYH2         33.04%    passed    100.00%
  13  Chea7320_MYH2       36.71%    passed    100.00%
  14  Cmar59905_MYH2      28.03%    passed    100.00%
  15  Dcap108471_MYH2     29.92%    passed     87.33%
  16  Dcap79929_MYH2      19.80%    passed     98.68%
  17  DdelSJR_MYH2        36.48%    passed    100.00%
  18  Ddeltrop4525_MYH2   30.37%    passed    100.00%
  19  Dleu_MYH2           33.93%    passed    100.00%
  20  EausAUS_MYH2        33.26%    passed     99.99%
  21  Egla13086_MYH2      19.69%    passed    100.00%
  22  Ejap43864_MYH2      37.49%    passed     97.67%
  23  Erob133443_MYH2     27.14%    passed    100.00%
  24  Fatt_MYH2           32.15%    passed    100.00%
  25  Ggri_MYH2           46.83%    passed    100.00%
  26  Gmac39091_MYH2      26.81%    passed    100.00%
  27  Gmel_MYH2           27.59%    passed    100.00%
  28  Hamp_MYH2           22.80%    passed    100.00%
  29  Igeo_MYH2           56.06%    passed     99.99%
  30  Kbre_MYH2           44.16%    passed    100.00%
  31  Ksim_MYH2           28.36%    passed    100.00%
  32  Lacu_MYH2           30.14%    passed    100.00%
  33  Lalb_MYH2           44.38%    passed    100.00%
  34  Laus_MYH2           31.70%    passed    100.00%
  35  Lbor_MYH2           32.04%    passed    100.00%
  36  Lhos30470_MYH2      24.69%    passed    100.00%
  37  Lhos452_MYH2        29.25%    passed    100.00%
  38  Lobl_MYH2           26.92%    passed    100.00%
  39  Lobs_MYH2           27.36%    passed    100.00%
  40  LperAUS_MYH2        30.37%    passed    100.00%
  41  Mbid_MYH2           39.49%    passed     99.05%
  42  Mbow_MYH2           44.27%    passed     99.98%
  43  Mcar_MYH2           31.59%    passed    100.00%
  44  Mden_MYH2           39.93%    passed     96.89%
  45  Meur_MYH2           25.25%    passed    100.00%
  46  Mgin_MYH2           47.94%    passed     98.84%
  47  MgraAUS_MYH2        54.73%    passed     24.99%
  48  Mhec_MYH2           39.15%    passed    100.00%
  49  MlayAUS_MYH2        34.48%    passed    100.00%
  50  Mmir_MYH2           46.94%    passed     81.66%
  51  Mmon_MYH2           48.94%    passed    100.00%
  52  Mper_MYH2           42.27%    passed     99.25%
  53  Mpni_MYH2           27.47%    passed    100.00%
  54  Mste_MYH2           28.48%    passed    100.00%
  55  Npho_MYH2            0.11%    passed    100.00%
  56  Obre_MYH2           25.36%    passed    100.00%
  57  Ohei_MYH2           34.37%    passed    100.00%
  58  Pbla7349_MYH2       25.58%    passed    100.00%
  59  Pcra123188_MYH2     33.70%    passed    100.00%
  60  Pdio_MYH2           27.81%    passed    100.00%
  61  Pele_MYH2           40.49%    passed    100.00%
  62  Pmac_MYH2            6.56%    passed     99.97%
  63  Ppho_MYH2           21.47%    passed    100.00%
  64  Pspi_MYH2           43.49%    passed     65.05%
  65  Satt18473_MYH2      28.36%    passed    100.00%
  66  Satt38219_MYH2      49.39%    passed    100.00%
  67  Sbre116871_MYH2     29.81%    passed    100.00%
  68  Sbre18437_MYH2      31.03%    passed    100.00%
  69  Schi_MYH2           36.04%    passed    100.00%
  70  Scly1724_MYH2       68.19%    passed     77.41%
  71  Scly1726_MYH2       17.80%    passed    100.00%
  72  Scoe_MYH2           34.48%    passed    100.00%
  73  Sflu9837_MYH2       30.26%    passed    100.00%
  74  Sfro7782_MYH2       55.06%    passed     99.98%
  75  Sfro7784_MYH2       38.93%    passed     99.99%
  76  Slon16012_MYH2      32.04%    passed    100.00%
  77  Slon24923_MYH2      25.92%    passed    100.00%
  78  Tadu79924_MYH2      37.15%    passed    100.00%
  79  Tshe_MYH2           17.80%    passed     99.95%
  80  Zcav_MYH2           26.81%    passed    100.00%
WARNING: 5 sequences contain more than 50% gaps/ambiguity
****  TOTAL               31.96%  0 sequences failed composition chi2 test (p-value<5%; df=60)
Checking for duplicate sequences: done in 0.00125954 secs using 214.6% CPU

Creating fast initial parsimony tree by random order stepwise addition...
0.051 seconds, parsimony score: 784 (based on 321 sites)
Perform fast likelihood tree search using GY+F3X4+I+G model...
Estimate model parameters (epsilon = 5.000)
Perform nearest neighbor interchange...
Optimizing NNI: done in 17.7584 secs using 358.6% CPU
Estimate model parameters (epsilon = 1.000)
1. Initial log-likelihood: -9508.791
2. Current log-likelihood: -9506.287
3. Current log-likelihood: -9504.417
4. Current log-likelihood: -9502.979
5. Current log-likelihood: -9501.846
Optimal log-likelihood: -9500.936
Nonsynonymous/synonymous ratio (omega): 0.117
Transition/transversion ratio (kappa): 2.187
Proportion of invariable sites: 0.134
Gamma shape alpha: 0.287
Parameters optimization took 5 rounds (158.852 sec)
Time for fast ML tree search: 330.063 seconds

NOTE: ModelFinder requires 118 MB RAM!
ModelFinder will test up to 60 codon models (sample size: 899) ...
 No. Model         -LnL         df  AIC          AICc         BIC
  1  GY+F3X4       9893.266     168 20122.532    20200.318    20929.148
  2  GY+F3X4+I     9511.291     169 19360.582    19439.402    20171.999
  3  GY+F3X4+G4    9383.117     169 19104.235    19183.055    19915.652
  4  GY+F3X4+I+G4  9364.037     170 19068.074    19147.937    19884.292
  8  GY+F1X4+I+G4  9599.064     164 19526.128    19599.861    20313.538
 12  GY+F+I+G4     9275.608     221 18993.215    19138.155    20054.299
 16  MGK+F3X4+I+G4 9251.791     170 18843.583    18923.445    19659.801
 20  MGK+F1X4+I+G4 9559.573     164 19447.146    19520.879    20234.557
 24  MG+F3X4+I+G4  9251.790     169 18841.581    18920.401    19652.998
 28  MG+F1X4+I+G4  9564.510     163 19455.021    19527.761    20237.630
 32  KOSI07+F3X4+I+G4 9171.958     168 18679.916    18757.702    19486.531
 36  KOSI07+F1X4+I+G4 9528.705     162 19381.410    19453.166    20159.218
 40  KOSI07+F+I+G4 8998.861     219 18435.722    18577.637    19487.203
 44  KOSI07+FU+I+G4 9353.341     159 19024.681    19093.531    19788.085
 48  SCHN05+F3X4+I+G4 9268.617     168 18873.234    18951.020    19679.849
 52  SCHN05+F1X4+I+G4 9685.866     162 19695.731    19767.487    20473.539
 56  SCHN05+F+I+G4 9086.110     219 18610.219    18752.134    19661.700
 60  SCHN05+FU+I+G4 9410.486     159 19138.973    19207.823    19902.377
Akaike Information Criterion:           KOSI07+F+I+G4
Corrected Akaike Information Criterion: KOSI07+F+I+G4
Bayesian Information Criterion:         KOSI07+F3X4+I+G4
Best-fit model: KOSI07+F3X4+I+G4 chosen according to BIC

All model information printed to MYH2_MF.model.gz
CPU time for ModelFinder: 5494.883 seconds (1h:31m:34s)
Wall-clock time for ModelFinder: 3002.891 seconds (0h:50m:2s)
WARNING: States(s) TTA rarely appear in alignment and may cause numerical problems

NOTE: 118 MB RAM (0 GB) is required!
Estimate model parameters (epsilon = 0.100)
Thoroughly optimizing +I+G parameters from 10 start values...
Init pinv, alpha: 0.000, 0.363 / Estimate: 0.000, 0.303 / LogL: -9180.804
Init pinv, alpha: 0.071, 0.363 / Estimate: 0.070, 0.335 / LogL: -9175.490
Init pinv, alpha: 0.143, 0.363 / Estimate: 0.137, 0.372 / LogL: -9170.360
Init pinv, alpha: 0.214, 0.363 / Estimate: 0.188, 0.408 / LogL: -9165.183
Init pinv, alpha: 0.286, 0.363 / Estimate: 0.228, 0.440 / LogL: -9160.155
Init pinv, alpha: 0.357, 0.363 / Estimate: 0.272, 0.482 / LogL: -9155.897
Init pinv, alpha: 0.429, 0.363 / Estimate: 0.320, 0.538 / LogL: -9152.871
Init pinv, alpha: 0.500, 0.363 / Estimate: 0.371, 0.616 / LogL: -9151.754
Init pinv, alpha: 0.571, 0.363 / Estimate: 0.416, 0.697 / LogL: -9153.356
Init pinv, alpha: 0.643, 0.363 / Estimate: 0.458, 0.769 / LogL: -9159.323
Optimal pinv,alpha: 0.371, 0.616 / LogL: -9151.754

Parameters optimization took 2286.549 sec
Wrote distance file to... 
Computing ML distances based on estimated model parameters...
Calculating distance matrix: done in 48.0642 secs using 220.3% CPU
Computing ML distances took 48.067369 sec (of wall-clock time) 105.902716 sec (of CPU time)
Setting up auxiliary I and S matrices: done in 0.0119588 secs using 26.8% CPU
Constructing RapidNJ tree: done in 0.455134 secs using 39.71% CPU
Computing RapidNJ tree took 0.467874 sec (of wall-clock time) 0.184228 sec (of CPU time)
Log-likelihood of RapidNJ tree: -9527.494
--------------------------------------------------------------------
|             INITIALIZING CANDIDATE TREE SET                      |
--------------------------------------------------------------------
Generating 98 parsimony trees... 2.689 second
Computing log-likelihood of 98 initial trees ... 1280.226 seconds
Current best score: -9151.754

Do NNI search on 20 best initial trees
Optimizing NNI: done in 61.2717 secs using 154.8% CPU
Estimate model parameters (epsilon = 0.100)
BETTER TREE FOUND at iteration 1: -9151.554
Optimizing NNI: done in 79.7665 secs using 145.9% CPU
Optimizing NNI: done in 75.1463 secs using 150.5% CPU
Optimizing NNI: done in 80.146 secs using 144.4% CPU
Optimizing NNI: done in 59.7873 secs using 151.8% CPU
Optimizing NNI: done in 60.0217 secs using 149.2% CPU
Optimizing NNI: done in 61.1993 secs using 153.5% CPU
Optimizing NNI: done in 49.1037 secs using 139.4% CPU
Optimizing NNI: done in 45.0325 secs using 150.6% CPU
Optimizing NNI: done in 69.7945 secs using 164.6% CPU
Iteration 10 / LogL: -9259.197 / Time: 1h:12m:6s
Optimizing NNI: done in 65.9088 secs using 147.1% CPU
Optimizing NNI: done in 79.55 secs using 144.4% CPU
Optimizing NNI: done in 66.9811 secs using 143.6% CPU
Optimizing NNI: done in 68.9916 secs using 145.8% CPU
Optimizing NNI: done in 57.0435 secs using 157.4% CPU
Optimizing NNI: done in 65.1507 secs using 142.5% CPU
Optimizing NNI: done in 59.3717 secs using 162.3% CPU
Optimizing NNI: done in 45.2981 secs using 154.8% CPU
Optimizing NNI: done in 60.5014 secs using 149.5% CPU
Optimizing NNI: done in 64.3079 secs using 142.6% CPU
Iteration 20 / LogL: -9298.335 / Time: 1h:22m:55s
Finish initializing candidate tree set (20)
Current best tree score: -9151.554 / CPU time: 2627.477
Number of iterations: 20
--------------------------------------------------------------------
|               OPTIMIZING CANDIDATE TREE SET                      |
--------------------------------------------------------------------
Optimizing NNI: done in 188.988 secs using 146.1% CPU
Optimizing NNI: done in 133.539 secs using 152.3% CPU
Optimizing NNI: done in 98.3996 secs using 149.8% CPU
Optimizing NNI: done in 194.579 secs using 150.9% CPU
Optimizing NNI: done in 139.082 secs using 149.6% CPU
Optimizing NNI: done in 125.128 secs using 150.3% CPU
Optimizing NNI: done in 103.397 secs using 152% CPU
Optimizing NNI: done in 106.323 secs using 151.4% CPU
Optimizing NNI: done in 362.576 secs using 148% CPU
Optimizing NNI: done in 158.887 secs using 148.4% CPU
Iteration 30 / LogL: -9230.663 / Time: 1h:50m:1s (4h:29m:22s left)
Optimizing NNI: done in 127.954 secs using 148.1% CPU
Optimizing NNI: done in 170.304 secs using 151.6% CPU
Optimizing NNI: done in 104.79 secs using 151.3% CPU
Optimizing NNI: done in 161.511 secs using 146.8% CPU
Optimizing NNI: done in 227.38 secs using 151.5% CPU
Optimizing NNI: done in 153.397 secs using 141.9% CPU
Optimizing NNI: done in 198.663 secs using 155.2% CPU
Optimizing NNI: done in 136.858 secs using 148.6% CPU
Optimizing NNI: done in 186.847 secs using 147.3% CPU
Optimizing NNI: done in 121.41 secs using 150.6% CPU
Iteration 40 / LogL: -9624.494 / Time: 2h:16m:47s (3h:33m:56s left)
Optimizing NNI: done in 158.417 secs using 151.4% CPU
Optimizing NNI: done in 157.854 secs using 150.6% CPU
Optimizing NNI: done in 157.066 secs using 148.6% CPU
Optimizing NNI: done in 174.622 secs using 151.1% CPU
Optimizing NNI: done in 128.193 secs using 145.6% CPU
Optimizing NNI: done in 196.594 secs using 152.8% CPU
Optimizing NNI: done in 189.367 secs using 149.6% CPU
Optimizing NNI: done in 131.048 secs using 148.7% CPU
Optimizing NNI: done in 129.803 secs using 150.8% CPU
Optimizing NNI: done in 106.438 secs using 144.9% CPU
Iteration 50 / LogL: -9511.923 / Time: 2h:42m:32s (2h:49m:10s left)
Optimizing NNI: done in 174.157 secs using 151.2% CPU
Optimizing NNI: done in 199.523 secs using 150.2% CPU
Optimizing NNI: done in 108.031 secs using 148.8% CPU
Optimizing NNI: done in 163.805 secs using 149.7% CPU
Optimizing NNI: done in 130.104 secs using 152.5% CPU
Optimizing NNI: done in 98.9164 secs using 144.7% CPU
Optimizing NNI: done in 108.727 secs using 157.4% CPU
Optimizing NNI: done in 284.127 secs using 150.9% CPU
Optimizing NNI: done in 138.426 secs using 151.6% CPU
Optimizing NNI: done in 171.375 secs using 149.3% CPU
Iteration 60 / LogL: -9498.647 / Time: 3h:9m:5s (2h:11m:24s left)
Optimizing NNI: done in 238.173 secs using 150.4% CPU
Optimizing NNI: done in 169.68 secs using 149.4% CPU
Optimizing NNI: done in 123.747 secs using 150.1% CPU
Optimizing NNI: done in 242.615 secs using 149% CPU
Optimizing NNI: done in 201.458 secs using 153.1% CPU
Optimizing NNI: done in 125.928 secs using 145% CPU
Optimizing NNI: done in 118.638 secs using 158.3% CPU
Optimizing NNI: done in 161.406 secs using 144.9% CPU
Optimizing NNI: done in 131.058 secs using 146% CPU
Optimizing NNI: done in 179.708 secs using 148.9% CPU
Iteration 70 / LogL: -9470.054 / Time: 3h:37m:35s (1h:37m:45s left)
Optimizing NNI: done in 96.1822 secs using 146.8% CPU
Optimizing NNI: done in 99.5058 secs using 146.6% CPU
Optimizing NNI: done in 158.355 secs using 147.6% CPU
Optimizing NNI: done in 162.421 secs using 147.6% CPU
Optimizing NNI: done in 171.429 secs using 148.4% CPU
Optimizing NNI: done in 145.234 secs using 151.5% CPU
Optimizing NNI: done in 121.307 secs using 149.5% CPU
Optimizing NNI: done in 212.799 secs using 148.4% CPU
Optimizing NNI: done in 122.425 secs using 148.7% CPU
Optimizing NNI: done in 240.372 secs using 153.4% CPU
Iteration 80 / LogL: -9346.484 / Time: 4h:3m:21s (1h:4m:41s left)
Optimizing NNI: done in 143.079 secs using 149.2% CPU
Optimizing NNI: done in 136.454 secs using 150.5% CPU
Optimizing NNI: done in 223.972 secs using 150.5% CPU
Optimizing NNI: done in 126.261 secs using 146.4% CPU
Optimizing NNI: done in 95.5733 secs using 147.5% CPU
Optimizing NNI: done in 200.469 secs using 151.7% CPU
Optimizing NNI: done in 139.642 secs using 149.7% CPU
Optimizing NNI: done in 142.505 secs using 146.9% CPU
Optimizing NNI: done in 154.259 secs using 149% CPU
Optimizing NNI: done in 137.869 secs using 146.5% CPU
Iteration 90 / LogL: -9228.735 / Time: 4h:28m:38s (0h:33m:12s left)
Optimizing NNI: done in 131.852 secs using 150.6% CPU
Optimizing NNI: done in 173.08 secs using 153.2% CPU
Optimizing NNI: done in 179.601 secs using 150.4% CPU
Optimizing NNI: done in 161.946 secs using 155.7% CPU
Optimizing NNI: done in 124.854 secs using 147.2% CPU
Optimizing NNI: done in 152.332 secs using 146.4% CPU
Optimizing NNI: done in 63.6088 secs using 162.1% CPU
Optimizing NNI: done in 146.614 secs using 149.1% CPU
Optimizing NNI: done in 124.986 secs using 148% CPU
Optimizing NNI: done in 153.649 secs using 150.4% CPU
Iteration 100 / LogL: -9299.955 / Time: 4h:52m:27s (0h:2m:57s left)
Optimizing NNI: done in 101.662 secs using 144.2% CPU
Optimizing NNI: done in 138.14 secs using 150.8% CPU
TREE SEARCH COMPLETED AFTER 102 ITERATIONS / Time: 4h:56m:30s

--------------------------------------------------------------------
|                    FINALIZING TREE SEARCH                        |
--------------------------------------------------------------------
Performs final model parameters optimization
Estimate model parameters (epsilon = 0.010)
1. Initial log-likelihood: -9151.554
2. Current log-likelihood: -9151.489
3. Current log-likelihood: -9151.446
4. Current log-likelihood: -9151.417
5. Current log-likelihood: -9151.397
6. Current log-likelihood: -9151.384
Optimal log-likelihood: -9151.375
Nonsynonymous/synonymous ratio (omega): 0.151
Transition/transversion ratio (kappa): 2.619
Proportion of invariable sites: 0.350
Gamma shape alpha: 0.579
Parameters optimization took 6 rounds (160.554 sec)
BEST SCORE FOUND : -9151.375
Total tree length: 2.012

Total number of iterations: 102
CPU time used for tree search: 23195.022 sec (6h:26m:35s)
Wall-clock time used for tree search: 15442.832 sec (4h:17m:22s)
Total CPU time used: 27678.068 sec (7h:41m:18s)
Total wall-clock time used: 17952.830 sec (4h:59m:12s)

Analysis results written to: 
  IQ-TREE report:                MYH2_MF.iqtree
  Maximum-likelihood tree:       MYH2_MF.treefile
  Likelihood distances:          MYH2_MF.mldist
  Screen log file:               MYH2_MF.log

Date and Time: Wed Feb  7 22:17:12 2024
