IQ-TREE multicore version 2.2.0-beta COVID-edition for Linux 64-bit built Dec 21 2021 built Dec 21 2021
Developed by Bui Quang Minh, James Barbetti, Nguyen Lam Tung,
Olga Chernomor, Heiko Schmidt, Dominik Schrempf, Michael Woodhams, Ly Trong Nhan.

Host:    awarnach (SSE3, 15 GB RAM)
Command: iqtree -s codon_alignments_v4_Jan24/MYO7A_codon_aligned.phy -st CODON -m TEST -pre MYO7A_MF -nt 4
Seed:    793894 (Using SPRNG - Scalable Parallel Random Number Generator)
Time:    Thu Jan 25 22:25:58 2024
Kernel:  SSE2 - 4 threads (4 CPU cores detected)

Reading alignment file codon_alignments_v4_Jan24/MYO7A_codon_aligned.phy ... Fasta format detected
Reading fasta file: done in 0.0264419 secs using 95.12% CPU
Alignment most likely contains DNA/RNA sequences
Converting to codon sequences with genetic code  ...
Constructing alignment: done in 0.0144251 secs using 94.02% CPU
Alignment has 84 sequences with 2177 columns, 1361 distinct patterns
260 parsimony-informative, 327 singleton sites, 1590 constant sites
                    Gap/Ambiguity  Composition  p-value
Analyzing sequences: done in 0.000945633 secs using 99.51% CPU
   1  Bacu_MYO7A           33.30%    passed    100.00%
   2  Barn_MYO7A           65.59%    passed    100.00%
   3  Bbai76728_MYO7A      43.18%    passed    100.00%
   4  BbonAUS_MYO7A        44.10%    passed    100.00%
   5  Bbor_MYO7A           40.51%    passed    100.00%
   6  Bede66737_MYO7A      36.52%    passed    100.00%
   7  BedeAUS_MYO7A        39.73%    passed    100.00%
   8  Bmus_MYO7A            0.00%    passed     80.05%
   9  Bmys_MYO7A           36.06%    passed    100.00%
  10  Bphy_MYO7A           33.30%    passed    100.00%
  11  Bphy_baits_MYO7A     44.60%    passed    100.00%
  12  Ccom40_MYO7A         68.40%    passed    100.00%
  13  Chea7320_MYO7A       46.44%    passed    100.00%
  14  Cmar59905_MYO7A      42.77%    passed    100.00%
  15  Dcap108471_MYO7A     38.86%    passed    100.00%
  16  Dcap79929_MYO7A      36.66%    passed    100.00%
  17  DdelSJR_MYO7A        41.62%    passed    100.00%
  18  Ddeltrop4525_MYO7A   46.03%    passed    100.00%
  19  Dleu_MYO7A            0.00%    passed     82.54%
  20  EausAUS_MYO7A        55.08%    passed    100.00%
  21  Egla13086_MYO7A      40.93%    passed    100.00%
  22  Ejap43864_MYO7A      41.30%    passed    100.00%
  23  Erob133443_MYO7A     47.50%    passed    100.00%
  24  Fatt_MYO7A           45.02%    passed    100.00%
  25  Ggri_MYO7A           41.07%    passed    100.00%
  26  Gmac39091_MYO7A      38.45%    passed    100.00%
  27  Gmel_MYO7A            0.00%    passed     98.99%
  28  Hamp_MYO7A           39.50%    passed    100.00%
  29  Igeo_MYO7A           54.66%    passed    100.00%
  30  Kbre_MYO7A           41.34%    passed    100.00%
  31  Ksim_MYO7A           52.37%    passed    100.00%
  32  Lacu_MYO7A           50.16%    passed    100.00%
  33  Lalb_MYO7A           42.21%    passed    100.00%
  34  Laus_MYO7A           44.24%    passed    100.00%
  35  Lbor_MYO7A           60.63%    passed    100.00%
  36  Lhos30470_MYO7A      43.13%    passed    100.00%
  37  Lhos452_MYO7A        33.90%    passed    100.00%
  38  Lobl_MYO7A           36.24%    passed    100.00%
  39  Lobs_MYO7A           45.38%    passed    100.00%
  40  LperAUS_MYO7A        52.78%    passed    100.00%
  41  Lvex_MYO7A            0.00%    passed     98.97%
  42  Mbid_MYO7A           51.03%    passed    100.00%
  43  Mbow_MYO7A           44.60%    passed    100.00%
  44  Mcar_MYO7A           47.86%    passed    100.00%
  45  Mden_MYO7A           59.16%    passed    100.00%
  46  Meur_MYO7A           49.24%    passed    100.00%
  47  Mgin_MYO7A           46.21%    passed    100.00%
  48  Mhec_MYO7A           53.79%    passed    100.00%
  49  MlayAUS_MYO7A        54.85%    passed    100.00%
  50  Mmir_MYO7A           65.00%    passed    100.00%
  51  Mmon_MYO7A            0.00%    passed     97.85%
  52  Mper_MYO7A           48.23%    passed    100.00%
  53  Mpni_MYO7A           54.89%    passed    100.00%
  54  Mste_MYO7A           45.02%    passed    100.00%
  55  Naasi_MYO7A           0.00%    passed     79.29%
  56  Npho_MYO7A           35.32%    passed    100.00%
  57  Obre_MYO7A           41.20%    passed    100.00%
  58  Ohei_MYO7A           45.71%    passed    100.00%
  59  Oorc_MYO7A            0.00%    passed     97.96%
  60  Pbla7349_MYO7A       46.85%    passed    100.00%
  61  Pcra123188_MYO7A     44.24%    passed    100.00%
  62  Pdio_MYO7A           45.98%    passed    100.00%
  63  Pele_MYO7A           44.51%    passed    100.00%
  64  Pmac_MYO7A           61.51%    passed     99.46%
  65  Pcat_MYO7A           36.75%    passed    100.00%
  66  Ppho_MYO7A           44.46%    passed    100.00%
  67  Pspi_MYO7A           59.03%    passed    100.00%
  68  Psin_MYO7A            0.00%    passed     99.05%
  69  Satt18473_MYO7A      39.69%    passed    100.00%
  70  Satt38219_MYO7A      60.91%    passed    100.00%
  71  Sbre116871_MYO7A     41.71%    passed    100.00%
  72  Sbre18437_MYO7A      49.29%    passed    100.00%
  73  Schi_MYO7A           43.18%    passed    100.00%
  74  Scly1726_MYO7A       41.11%    passed    100.00%
  75  Scoe_MYO7A           39.46%    passed    100.00%
  76  Sflu9837_MYO7A       41.48%    passed    100.00%
  77  Sfro7782_MYO7A       47.54%    passed    100.00%
  78  Sfro7784_MYO7A       47.08%    passed    100.00%
  79  Slon16012_MYO7A      50.34%    passed    100.00%
  80  Slon24923_MYO7A      35.65%    passed    100.00%
  81  Tadu79924_MYO7A      51.63%    passed    100.00%
  82  Tshe_MYO7A           45.84%    passed    100.00%
  83  Ttru_MYO7A           38.59%    passed    100.00%
  84  Zcav_MYO7A           55.21%    passed    100.00%
WARNING: 20 sequences contain more than 50% gaps/ambiguity
****  TOTAL                41.64%  0 sequences failed composition chi2 test (p-value<5%; df=60)
Checking for duplicate sequences: done in 0.00208171 secs using 581.2% CPU

Creating fast initial parsimony tree by random order stepwise addition...
0.083 seconds, parsimony score: 966 (based on 587 sites)
Perform fast likelihood tree search using GY+F3X4+I+G model...
Estimate model parameters (epsilon = 5.000)
Perform nearest neighbor interchange...
Optimizing NNI: done in 31.93 secs using 363.6% CPU
Estimate model parameters (epsilon = 1.000)
1. Initial log-likelihood: -17050.223
2. Current log-likelihood: -17046.178
3. Current log-likelihood: -17043.076
4. Current log-likelihood: -17040.537
5. Current log-likelihood: -17038.282
6. Current log-likelihood: -17036.459
7. Current log-likelihood: -17034.852
8. Current log-likelihood: -17033.416
9. Current log-likelihood: -17032.210
10. Current log-likelihood: -17031.116
Optimal log-likelihood: -17030.169
Nonsynonymous/synonymous ratio (omega): 0.001
Transition/transversion ratio (kappa): 5.472
Proportion of invariable sites: 0.080
Gamma shape alpha: 0.350
Parameters optimization took 10 rounds (810.108 sec)
Time for fast ML tree search: 1439.382 seconds

NOTE: ModelFinder requires 223 MB RAM!
ModelFinder will test up to 60 codon models (sample size: 2177) ...
 No. Model         -LnL         df  AIC          AICc         BIC
  1  GY+F3X4       17176.222    176 34704.444    34735.596    35705.128
  2  GY+F3X4+I     15940.298    177 32234.596    32266.118    33240.965
  3  GY+F3X4+G4    15876.802    177 32107.604    32139.126    33113.974
  4  GY+F3X4+I+G4  15874.096    178 32104.192    32136.086    33116.247
  7  GY+F1X4+G4    16364.169    171 33070.337    33099.676    34042.593
  8  GY+F1X4+I+G4  16359.828    172 33063.657    33093.354    34041.598
 11  GY+F+G4       15696.325    228 31848.650    31902.256    33144.991
 12  GY+F+I+G4     15693.991    229 31845.982    31900.085    33148.008
 15  MGK+F3X4+G4   15805.326    177 31964.652    31996.174    32971.022
 16  MGK+F3X4+I+G4 15803.214    178 31962.428    31994.321    32974.483
 19  MGK+F1X4+G4   16316.166    171 32974.333    33003.672    33946.588
 20  MGK+F1X4+I+G4 16313.861    172 32971.722    33001.418    33949.663
 23  MG+F3X4+G4    15805.326    176 31962.652    31993.804    32963.336
 24  MG+F3X4+I+G4  15803.214    177 31960.428    31991.949    32966.797
 27  MG+F1X4+G4    16326.190    170 32992.379    33021.362    33958.949
 28  MG+F1X4+I+G4  16323.970    171 32989.941    33019.279    33962.196
 31  KOSI07+F3X4+G4 15757.841    175 31865.682    31896.467    32860.680
 32  KOSI07+F3X4+I+G4 15756.033    176 31864.066    31895.218    32864.750
 35  KOSI07+F1X4+G4 16370.072    169 33078.145    33106.774    34039.028
 36  KOSI07+F1X4+I+G4 16358.496    170 33056.992    33085.975    34023.562
 39  KOSI07+F+G4   15553.398    226 31558.796    31611.413    32843.764
 40  KOSI07+F+I+G4 15551.984    227 31557.969    31611.079    32848.624
 43  KOSI07+FU+G4  16150.545    166 32633.090    32660.674    33576.917
 44  KOSI07+FU+I+G4 16148.703    167 32631.405    32659.335    33580.917
 47  SCHN05+F3X4+G4 15789.290    175 31928.579    31959.364    32923.577
 48  SCHN05+F3X4+I+G4 15787.599    176 31927.198    31958.350    32927.882
 51  SCHN05+F1X4+G4 16481.956    169 33301.912    33330.542    34262.796
 52  SCHN05+F1X4+I+G4 16469.357    170 33278.714    33307.697    34245.284
 55  SCHN05+F+G4   15561.735    226 31575.470    31628.087    32860.439
 56  SCHN05+F+I+G4 15560.515    227 31575.030    31628.141    32865.685
 59  SCHN05+FU+G4  16120.318    166 32572.636    32600.220    33516.462
 60  SCHN05+FU+I+G4 16118.944    167 32571.887    32599.817    33521.399
Akaike Information Criterion:           KOSI07+F+I+G4
Corrected Akaike Information Criterion: KOSI07+F+I+G4
Bayesian Information Criterion:         KOSI07+F+G4
Best-fit model: KOSI07+F+G4 chosen according to BIC

All model information printed to MYO7A_MF.model.gz
CPU time for ModelFinder: 20822.364 seconds (5h:47m:2s)
Wall-clock time for ModelFinder: 5721.147 seconds (1h:35m:21s)

NOTE: 223 MB RAM (0 GB) is required!
Estimate model parameters (epsilon = 0.100)
1. Initial log-likelihood: -15553.398
Optimal log-likelihood: -15553.398
Nonsynonymous/synonymous ratio (omega): 0.096
Transition/transversion ratio (kappa): 4.037
Gamma shape alpha: 0.467
Parameters optimization took 1 rounds (26.171 sec)
Wrote distance file to... 
Computing ML distances based on estimated model parameters...
Calculating distance matrix: done in 30.8702 secs using 383.4% CPU
Computing ML distances took 30.872404 sec (of wall-clock time) 118.370632 sec (of CPU time)
Setting up auxiliary I and S matrices: done in 0.00295457 secs using 255.4% CPU
Constructing RapidNJ tree: done in 0.163533 secs using 71.04% CPU
Computing RapidNJ tree took 0.166705 sec (of wall-clock time) 0.123781 sec (of CPU time)
Log-likelihood of RapidNJ tree: -15690.553
--------------------------------------------------------------------
|             INITIALIZING CANDIDATE TREE SET                      |
--------------------------------------------------------------------
Generating 98 parsimony trees... 2.456 second
Computing log-likelihood of 98 initial trees ... 910.091 seconds
Current best score: -15553.398

Do NNI search on 20 best initial trees
Optimizing NNI: done in 31.8563 secs using 362.3% CPU
Estimate model parameters (epsilon = 0.100)
BETTER TREE FOUND at iteration 1: -15553.398
Optimizing NNI: done in 34.6729 secs using 364.1% CPU
Optimizing NNI: done in 34.1911 secs using 363.3% CPU
Optimizing NNI: done in 35.0587 secs using 362.2% CPU
Optimizing NNI: done in 34.5444 secs using 364.2% CPU
Optimizing NNI: done in 35.8449 secs using 363.9% CPU
Optimizing NNI: done in 34.5859 secs using 364.8% CPU
Optimizing NNI: done in 35.1687 secs using 365.3% CPU
Optimizing NNI: done in 34.8582 secs using 363.2% CPU
Optimizing NNI: done in 35.5904 secs using 362.9% CPU
Iteration 10 / LogL: -15626.256 / Time: 0h:22m:46s
Optimizing NNI: done in 34.895 secs using 365% CPU
Optimizing NNI: done in 34.9576 secs using 365.1% CPU
Optimizing NNI: done in 36.296 secs using 364.7% CPU
Optimizing NNI: done in 34.3581 secs using 364.7% CPU
Optimizing NNI: done in 32.8324 secs using 363.8% CPU
Optimizing NNI: done in 36.8797 secs using 363.7% CPU
Optimizing NNI: done in 35.0033 secs using 365.1% CPU
Optimizing NNI: done in 35.6762 secs using 365.2% CPU
Optimizing NNI: done in 35.0197 secs using 363.1% CPU
Optimizing NNI: done in 34.4086 secs using 360.1% CPU
Iteration 20 / LogL: -15638.687 / Time: 0h:28m:53s
Finish initializing candidate tree set (20)
Current best tree score: -15553.398 / CPU time: 1666.899
Number of iterations: 20
--------------------------------------------------------------------
|               OPTIMIZING CANDIDATE TREE SET                      |
--------------------------------------------------------------------
Optimizing NNI: done in 80.9305 secs using 362.3% CPU
Optimizing NNI: done in 134.596 secs using 361.1% CPU
Optimizing NNI: done in 70.3399 secs using 361.5% CPU
Optimizing NNI: done in 50.625 secs using 362.2% CPU
Optimizing NNI: done in 80.2474 secs using 361.8% CPU
Optimizing NNI: done in 52.4975 secs using 363.6% CPU
Optimizing NNI: done in 98.3907 secs using 360.6% CPU
Optimizing NNI: done in 89.7296 secs using 360.5% CPU
Optimizing NNI: done in 55.8153 secs using 362.1% CPU
Optimizing NNI: done in 73.6658 secs using 360.5% CPU
Iteration 30 / LogL: -16012.837 / Time: 0h:42m:16s (1h:43m:29s left)
Optimizing NNI: done in 96.9052 secs using 361.3% CPU
Optimizing NNI: done in 92.9096 secs using 361.8% CPU
Optimizing NNI: done in 77.2215 secs using 360.8% CPU
Optimizing NNI: done in 86.9428 secs using 361.7% CPU
Optimizing NNI: done in 90.6858 secs using 360.9% CPU
Optimizing NNI: done in 68.7899 secs using 361.9% CPU
Optimizing NNI: done in 59.6212 secs using 361.7% CPU
Optimizing NNI: done in 108.93 secs using 360.8% CPU
Optimizing NNI: done in 112.43 secs using 361.7% CPU
Optimizing NNI: done in 96.6501 secs using 362% CPU
Iteration 40 / LogL: -16155.179 / Time: 0h:57m:23s (1h:29m:45s left)
Optimizing NNI: done in 183.23 secs using 360.2% CPU
Optimizing NNI: done in 134.751 secs using 361.3% CPU
Optimizing NNI: done in 136.485 secs using 361% CPU
Optimizing NNI: done in 55.1437 secs using 362.4% CPU
Optimizing NNI: done in 139.293 secs using 360.5% CPU
Optimizing NNI: done in 78.0247 secs using 360.9% CPU
Optimizing NNI: done in 64.4464 secs using 362.8% CPU
Optimizing NNI: done in 56.6913 secs using 363.7% CPU
Optimizing NNI: done in 90.6153 secs using 362.7% CPU
Optimizing NNI: done in 77.2674 secs using 361.4% CPU
Iteration 50 / LogL: -15889.337 / Time: 1h:14m:35s (1h:17m:37s left)
Optimizing NNI: done in 80.4462 secs using 362.5% CPU
Optimizing NNI: done in 119.674 secs using 361.6% CPU
Optimizing NNI: done in 86.9195 secs using 362.1% CPU
Optimizing NNI: done in 91.7734 secs using 361.2% CPU
Optimizing NNI: done in 53.2759 secs using 362.7% CPU
Optimizing NNI: done in 82.8877 secs using 360.8% CPU
Optimizing NNI: done in 68.0035 secs using 361.7% CPU
Optimizing NNI: done in 69.7924 secs using 362.1% CPU
Optimizing NNI: done in 122.753 secs using 361.5% CPU
Optimizing NNI: done in 99.8497 secs using 360.3% CPU
Iteration 60 / LogL: -16023.549 / Time: 1h:29m:25s (1h:2m:8s left)
Optimizing NNI: done in 103.483 secs using 360.6% CPU
Optimizing NNI: done in 135.635 secs using 362% CPU
Optimizing NNI: done in 85.3447 secs using 361.4% CPU
Optimizing NNI: done in 88.6548 secs using 362.5% CPU
Optimizing NNI: done in 47.7879 secs using 363.1% CPU
Optimizing NNI: done in 77.2791 secs using 361.5% CPU
Optimizing NNI: done in 82.0874 secs using 363.1% CPU
Optimizing NNI: done in 46.4067 secs using 363.7% CPU
Optimizing NNI: done in 63.5634 secs using 361.8% CPU
Optimizing NNI: done in 56.6439 secs using 363.5% CPU
Iteration 70 / LogL: -16020.419 / Time: 1h:42m:48s (0h:46m:11s left)
Optimizing NNI: done in 83.9412 secs using 361.6% CPU
Optimizing NNI: done in 73.5229 secs using 361.5% CPU
Optimizing NNI: done in 85.4652 secs using 361.6% CPU
Optimizing NNI: done in 79.9324 secs using 361.4% CPU
Optimizing NNI: done in 101.599 secs using 361.6% CPU
Optimizing NNI: done in 74.2299 secs using 361.2% CPU
Optimizing NNI: done in 88.7978 secs using 362.6% CPU
Optimizing NNI: done in 65.6269 secs using 361.8% CPU
Optimizing NNI: done in 66.8146 secs using 362.9% CPU
Optimizing NNI: done in 73.9155 secs using 362.7% CPU
Iteration 80 / LogL: -16071.169 / Time: 1h:56m:18s (0h:30m:54s left)
Optimizing NNI: done in 71.2953 secs using 361% CPU
Optimizing NNI: done in 102.67 secs using 363.1% CPU
Optimizing NNI: done in 70.9146 secs using 361.9% CPU
Optimizing NNI: done in 80.5765 secs using 361.5% CPU
Optimizing NNI: done in 72.2799 secs using 360.2% CPU
Optimizing NNI: done in 64.1627 secs using 361.7% CPU
Optimizing NNI: done in 91.2955 secs using 361.9% CPU
Optimizing NNI: done in 79.4233 secs using 362.8% CPU
Optimizing NNI: done in 55.2863 secs using 360.3% CPU
Optimizing NNI: done in 89.4347 secs using 361.9% CPU
Iteration 90 / LogL: -15924.821 / Time: 2h:9m:31s (0h:16m:0s left)
Optimizing NNI: done in 67.7807 secs using 362.9% CPU
Optimizing NNI: done in 78.0125 secs using 363% CPU
Optimizing NNI: done in 99.6056 secs using 361.4% CPU
Optimizing NNI: done in 68.238 secs using 362.7% CPU
Optimizing NNI: done in 94.7903 secs using 361.4% CPU
Optimizing NNI: done in 87.2268 secs using 361.3% CPU
Optimizing NNI: done in 79.6672 secs using 360.1% CPU
Optimizing NNI: done in 70.1941 secs using 362.2% CPU
Optimizing NNI: done in 76.7347 secs using 362.6% CPU
Optimizing NNI: done in 78.7564 secs using 361.5% CPU
Iteration 100 / LogL: -15982.891 / Time: 2h:23m:8s (0h:1m:26s left)
Optimizing NNI: done in 54.8965 secs using 362.4% CPU
Optimizing NNI: done in 52.6705 secs using 362.5% CPU
TREE SEARCH COMPLETED AFTER 102 ITERATIONS / Time: 2h:24m:58s

--------------------------------------------------------------------
|                    FINALIZING TREE SEARCH                        |
--------------------------------------------------------------------
Performs final model parameters optimization
Estimate model parameters (epsilon = 0.010)
1. Initial log-likelihood: -15553.398
Optimal log-likelihood: -15553.398
Nonsynonymous/synonymous ratio (omega): 0.096
Transition/transversion ratio (kappa): 4.037
Gamma shape alpha: 0.467
Parameters optimization took 1 rounds (26.133 sec)
BEST SCORE FOUND : -15553.398
Total tree length: 0.878

Total number of iterations: 102
CPU time used for tree search: 31189.983 sec (8h:39m:49s)
Wall-clock time used for tree search: 8632.073 sec (2h:23m:52s)
Total CPU time used: 31530.983 sec (8h:45m:30s)
Total wall-clock time used: 8725.014 sec (2h:25m:25s)

Analysis results written to: 
  IQ-TREE report:                MYO7A_MF.iqtree
  Maximum-likelihood tree:       MYO7A_MF.treefile
  Likelihood distances:          MYO7A_MF.mldist
  Screen log file:               MYO7A_MF.log

Date and Time: Fri Jan 26 02:26:45 2024
