IQ-TREE multicore version 2.2.0-beta COVID-edition for Linux 64-bit built Dec 21 2021 built Dec 21 2021
Developed by Bui Quang Minh, James Barbetti, Nguyen Lam Tung,
Olga Chernomor, Heiko Schmidt, Dominik Schrempf, Michael Woodhams, Ly Trong Nhan.

Host:    awarnach (SSE3, 15 GB RAM)
Command: iqtree -s codon_alignments_v4_Jan24/PCDH15_codon_aligned.phy -st CODON -m TEST -pre PCDH15_MF -nt 4
Seed:    868035 (Using SPRNG - Scalable Parallel Random Number Generator)
Time:    Wed Jan 24 21:32:17 2024
Kernel:  SSE2 - 4 threads (4 CPU cores detected)

Reading alignment file codon_alignments_v4_Jan24/PCDH15_codon_aligned.phy ... Fasta format detected
Reading fasta file: done in 0.0206041 secs using 94.19% CPU
Alignment most likely contains DNA/RNA sequences
Converting to codon sequences with genetic code  ...
WARNING: Sequence Psin_PCDH15 has ambiguous character NAA at site 3961
Constructing alignment: done in 0.0131708 secs using 142.2% CPU
Alignment has 85 sequences with 1784 columns, 1367 distinct patterns
492 parsimony-informative, 267 singleton sites, 1025 constant sites
                     Gap/Ambiguity  Composition  p-value
Analyzing sequences: done in 0.000992563 secs using 915.9% CPU
   1  Bacu_PCDH15            2.19%    passed     79.95%
   2  Barn_PCDH15           45.96%    passed    100.00%
   3  Bbai76728_PCDH15      35.65%    passed    100.00%
   4  BbonAUS_PCDH15        23.71%    passed    100.00%
   5  Bbor_PCDH15           25.11%    passed    100.00%
   6  Bede66737_PCDH15      25.11%    passed    100.00%
   7  BedeAUS_PCDH15        25.11%    passed    100.00%
   8  Bmus_PCDH15            2.19%    passed     72.06%
   9  Bphy_baits_PCDH15     30.27%    passed    100.00%
  10  Ccom40_PCDH15         30.66%    passed    100.00%
  11  Chea7320_PCDH15       29.88%    passed    100.00%
  12  Cmar59905_PCDH15      26.01%    passed    100.00%
  13  Dcap108471_PCDH15     23.32%    passed    100.00%
  14  Dcap79929_PCDH15      34.92%    passed    100.00%
  15  DdelSJR_PCDH15        23.26%    passed    100.00%
  16  Ddeltrop4525_PCDH15   25.67%    passed    100.00%
  17  Dleu_PCDH15            0.50%    passed     38.94%
  18  EausAUS_PCDH15        23.71%    passed    100.00%
  19  Egla13086_PCDH15      27.35%    passed    100.00%
  20  Ejap43864_PCDH15      23.71%    passed    100.00%
  21  Erob133443_PCDH15     25.84%    passed    100.00%
  22  Fatt_PCDH15           23.26%    passed    100.00%
  23  Ggri_PCDH15           23.26%    passed    100.00%
  24  Gmac39091_PCDH15      23.26%    passed    100.00%
  25  Gmel_PCDH15            0.28%    passed     36.53%
  26  Hamp_PCDH15           23.54%    passed    100.00%
  27  Igeo_PCDH15           48.99%    passed    100.00%
  28  Kbre_PCDH15           24.94%    passed    100.00%
  29  Ksim_PCDH15           31.89%    passed    100.00%
  30  Lacu_PCDH15           24.78%    passed    100.00%
  31  Lalb_PCDH15           23.26%    passed    100.00%
  32  Laus_PCDH15           26.18%    passed    100.00%
  33  Lbor_PCDH15           32.17%    passed    100.00%
  34  Lhos30470_PCDH15      34.98%    passed    100.00%
  35  Lhos452_PCDH15        23.26%    passed    100.00%
  36  Lobl_PCDH15            2.30%    passed     64.83%
  37  Lobs_PCDH15           25.39%    passed    100.00%
  38  LperAUS_PCDH15        23.32%    passed    100.00%
  39  Lvex_PCDH15           18.89%    failed      0.07%
  40  Mbid_PCDH15           41.82%    passed    100.00%
  41  Mbow_PCDH15           23.54%    passed    100.00%
  42  Mcar_PCDH15           23.54%    passed    100.00%
  43  Mden_PCDH15           28.14%    passed    100.00%
  44  Meur_PCDH15           23.54%    passed    100.00%
  45  Mgin_PCDH15           23.60%    passed    100.00%
  46  MgraAUS_PCDH15        38.68%    passed    100.00%
  47  Mhec_PCDH15           23.54%    passed    100.00%
  48  MlayAUS_PCDH15        23.54%    passed    100.00%
  49  Mmir_PCDH15           26.35%    passed    100.00%
  50  Mmon_PCDH15            0.11%    passed     28.41%
  51  Mper_PCDH15           23.54%    passed    100.00%
  52  Mpni_PCDH15           23.65%    passed    100.00%
  53  Mste_PCDH15           23.54%    passed    100.00%
  54  Naasi_PCDH15           0.39%    passed      9.42%
  55  Npho_PCDH15           30.89%    passed    100.00%
  56  Obre_PCDH15           23.26%    passed    100.00%
  57  Ohei_PCDH15           27.69%    passed    100.00%
  58  Oorc_PCDH15            1.74%    passed     36.37%
  59  Pbla7349_PCDH15       32.34%    passed    100.00%
  60  Pcat_PCDH15            2.24%    passed     71.80%
  61  Pcra123188_PCDH15     25.34%    passed    100.00%
  62  Pdal_PCDH15           52.02%    passed     99.94%
  63  Pdio_PCDH15           26.18%    passed    100.00%
  64  Pele_PCDH15           25.34%    passed    100.00%
  65  Pmac_PCDH15           25.28%    passed    100.00%
  66  Ppho_PCDH15           29.88%    passed    100.00%
  67  Psin_PCDH15            0.78%    passed     23.44%
  68  Pspi_PCDH15           29.93%    passed    100.00%
  69  Satt18473_PCDH15      26.85%    passed    100.00%
  70  Satt38219_PCDH15      25.39%    passed    100.00%
  71  Sbre116871_PCDH15     23.26%    passed    100.00%
  72  Sbre18437_PCDH15      25.45%    passed    100.00%
  73  Schi_PCDH15           23.21%    passed    100.00%
  74  Scly1724_PCDH15       42.99%    passed    100.00%
  75  Scly1726_PCDH15       25.45%    passed    100.00%
  76  Scoe_PCDH15           31.45%    passed    100.00%
  77  Sflu9837_PCDH15       23.32%    passed    100.00%
  78  Sfro7782_PCDH15       37.56%    passed    100.00%
  79  Sfro7784_PCDH15       23.26%    passed    100.00%
  80  Slon16012_PCDH15      23.26%    passed    100.00%
  81  Slon24923_PCDH15      23.26%    passed    100.00%
  82  Tadu79924_PCDH15      23.26%    passed    100.00%
  83  Tshe_PCDH15           23.54%    passed    100.00%
  84  Ttru_PCDH15            0.22%    passed     35.13%
  85  Zcav_PCDH15           31.73%    passed    100.00%
WARNING: 1 sequences contain more than 50% gaps/ambiguity
****  TOTAL                 24.21%  1 sequences failed composition chi2 test (p-value<5%; df=60)
NOTE: BedeAUS_PCDH15 is identical to Bede66737_PCDH15 but kept for subsequent analysis
Checking for duplicate sequences: done in 0.00217145 secs using 288% CPU

Creating fast initial parsimony tree by random order stepwise addition...
0.101 seconds, parsimony score: 1250 (based on 759 sites)
Perform fast likelihood tree search using GY+F3X4+I+G model...
Estimate model parameters (epsilon = 5.000)
Perform nearest neighbor interchange...
Optimizing NNI: done in 33.5211 secs using 364.4% CPU
Estimate model parameters (epsilon = 1.000)
1. Initial log-likelihood: -17323.013
2. Current log-likelihood: -17319.556
3. Current log-likelihood: -17316.793
4. Current log-likelihood: -17314.546
5. Current log-likelihood: -17312.694
6. Current log-likelihood: -17311.151
7. Current log-likelihood: -17309.853
8. Current log-likelihood: -17308.752
Optimal log-likelihood: -17307.813
Nonsynonymous/synonymous ratio (omega): 0.470
Transition/transversion ratio (kappa): 1.965
Proportion of invariable sites: 0.034
Gamma shape alpha: 0.297
Parameters optimization took 8 rounds (312.473 sec)
Time for fast ML tree search: 753.375 seconds

NOTE: ModelFinder requires 227 MB RAM!
ModelFinder will test up to 60 codon models (sample size: 1784) ...
 No. Model         -LnL         df  AIC          AICc         BIC
  1  GY+F3X4       17715.708    178 35787.415    35827.119    36764.033
  2  GY+F3X4+I     17171.813    179 34701.625    34741.800    35683.729
  3  GY+F3X4+G4    17050.265    179 34458.530    34498.704    35440.634
  4  GY+F3X4+I+G4  17047.858    180 34455.715    34496.364    35443.306
  7  GY+F1X4+G4    17122.594    173 34591.187    34628.581    35540.371
  8  GY+F1X4+I+G4  17121.162    174 34590.325    34628.174    35544.995
 11  GY+F+G4       16905.981    230 34271.962    34340.384    35533.883
 12  GY+F+I+G4     16904.065    231 34270.130    34339.192    35537.538
 15  MGK+F3X4+G4   17031.091    179 34420.182    34460.357    35402.286
 16  MGK+F3X4+I+G4 17029.385    180 34418.769    34459.418    35406.360
 19  MGK+F1X4+G4   17136.154    173 34618.307    34655.701    35567.491
 20  MGK+F1X4+I+G4 17134.421    174 34616.841    34654.691    35571.512
 23  MG+F3X4+G4    17031.091    178 34418.182    34457.886    35394.799
 24  MG+F3X4+I+G4  17029.386    179 34416.771    34456.946    35398.875
 27  MG+F1X4+G4    17136.224    172 34616.448    34653.390    35560.146
 28  MG+F1X4+I+G4  17134.495    173 34614.990    34652.384    35564.174
 31  KOSI07+F3X4+G4 16988.326    177 34330.651    34369.887    35301.782
 32  KOSI07+F3X4+I+G4 16987.434    178 34330.868    34370.572    35307.486
 35  KOSI07+F1X4+G4 17107.424    171 34556.847    34593.339    35495.058
 36  KOSI07+F1X4+I+G4 17106.761    172 34557.523    34594.464    35501.220
 39  KOSI07+F+G4   16849.787    228 34155.574    34222.728    35406.522
 40  KOSI07+F+I+G4 16849.025    229 34156.051    34223.837    35412.485
 43  KOSI07+FU+G4  17025.581    168 34387.162    34422.322    35308.913
 44  KOSI07+FU+I+G4 17024.680    169 34387.360    34422.961    35314.598
 47  SCHN05+F3X4+G4 17253.484    177 34860.968    34900.203    35832.099
 48  SCHN05+F3X4+I+G4 17252.043    178 34860.086    34899.790    35836.703
 51  SCHN05+F1X4+G4 17359.767    171 35061.533    35098.025    35999.744
 52  SCHN05+F1X4+I+G4 17358.600    172 35061.200    35098.141    36004.898
 55  SCHN05+F+G4   17081.961    228 34619.923    34687.077    35870.871
 56  SCHN05+F+I+G4 17080.627    229 34619.254    34687.040    35875.688
 59  SCHN05+FU+G4  17217.471    168 34770.942    34806.102    35692.693
 60  SCHN05+FU+I+G4 17216.343    169 34770.686    34806.287    35697.923
Akaike Information Criterion:           KOSI07+F+G4
Corrected Akaike Information Criterion: KOSI07+F+G4
Bayesian Information Criterion:         KOSI07+F3X4+G4
Best-fit model: KOSI07+F3X4+G4 chosen according to BIC

All model information printed to PCDH15_MF.model.gz
CPU time for ModelFinder: 12033.725 seconds (3h:20m:33s)
Wall-clock time for ModelFinder: 3334.055 seconds (0h:55m:34s)

NOTE: 227 MB RAM (0 GB) is required!
Estimate model parameters (epsilon = 0.100)
1. Initial log-likelihood: -16988.326
Optimal log-likelihood: -16988.326
Nonsynonymous/synonymous ratio (omega): 0.437
Transition/transversion ratio (kappa): 2.011
Gamma shape alpha: 0.388
Parameters optimization took 1 rounds (26.534 sec)
Wrote distance file to... 
Computing ML distances based on estimated model parameters...
Calculating distance matrix: done in 40.7143 secs using 383.1% CPU
Computing ML distances took 40.715986 sec (of wall-clock time) 155.991437 sec (of CPU time)
Setting up auxiliary I and S matrices: done in 0.00436838 secs using 207.1% CPU
Constructing RapidNJ tree: done in 0.244205 secs using 85.01% CPU
Computing RapidNJ tree took 0.248848 sec (of wall-clock time) 0.216875 sec (of CPU time)
Log-likelihood of RapidNJ tree: -18509.593
--------------------------------------------------------------------
|             INITIALIZING CANDIDATE TREE SET                      |
--------------------------------------------------------------------
Generating 98 parsimony trees... 3.160 second
Computing log-likelihood of 98 initial trees ... 913.802 seconds
Current best score: -16988.326

Do NNI search on 20 best initial trees
Optimizing NNI: done in 33.0868 secs using 364.7% CPU
Estimate model parameters (epsilon = 0.100)
BETTER TREE FOUND at iteration 1: -16988.326
Optimizing NNI: done in 32.2581 secs using 363% CPU
Optimizing NNI: done in 34.6903 secs using 363.1% CPU
Optimizing NNI: done in 34.3277 secs using 364.7% CPU
Optimizing NNI: done in 32.6582 secs using 363.4% CPU
Optimizing NNI: done in 34.6022 secs using 364.2% CPU
Optimizing NNI: done in 35.2833 secs using 363.9% CPU
Optimizing NNI: done in 35.0822 secs using 364.7% CPU
Optimizing NNI: done in 33.8056 secs using 365.5% CPU
Optimizing NNI: done in 33.0205 secs using 363.8% CPU
Iteration 10 / LogL: -17134.353 / Time: 0h:22m:53s
Optimizing NNI: done in 33.1032 secs using 365.8% CPU
Optimizing NNI: done in 35.2611 secs using 364.4% CPU
Optimizing NNI: done in 32.9981 secs using 364.3% CPU
Optimizing NNI: done in 34.0337 secs using 365.3% CPU
Optimizing NNI: done in 34.6885 secs using 364.8% CPU
Optimizing NNI: done in 33.5455 secs using 366.9% CPU
Optimizing NNI: done in 34.4079 secs using 367% CPU
Optimizing NNI: done in 34.5208 secs using 365.8% CPU
Optimizing NNI: done in 33.9585 secs using 364.5% CPU
Optimizing NNI: done in 33.568 secs using 364.8% CPU
Iteration 20 / LogL: -17141.804 / Time: 0h:28m:49s
Finish initializing candidate tree set (20)
Current best tree score: -16988.326 / CPU time: 1651.947
Number of iterations: 20
--------------------------------------------------------------------
|               OPTIMIZING CANDIDATE TREE SET                      |
--------------------------------------------------------------------
Optimizing NNI: done in 79.3891 secs using 363.5% CPU
Optimizing NNI: done in 46.8193 secs using 364.4% CPU
Optimizing NNI: done in 86.5095 secs using 362.6% CPU
Optimizing NNI: done in 112.489 secs using 363.2% CPU
Optimizing NNI: done in 62.5511 secs using 364.1% CPU
Optimizing NNI: done in 53.5501 secs using 364.5% CPU
Optimizing NNI: done in 35.1631 secs using 364.8% CPU
Optimizing NNI: done in 48.6375 secs using 365.3% CPU
Optimizing NNI: done in 73.1461 secs using 362.9% CPU
Optimizing NNI: done in 42.603 secs using 363.7% CPU
Iteration 30 / LogL: -17559.361 / Time: 0h:39m:45s (1h:37m:20s left)
Optimizing NNI: done in 119.695 secs using 363.5% CPU
Optimizing NNI: done in 107.813 secs using 363.4% CPU
Optimizing NNI: done in 75.5909 secs using 364.2% CPU
Optimizing NNI: done in 61.4123 secs using 364.4% CPU
Optimizing NNI: done in 59.1019 secs using 361.6% CPU
Optimizing NNI: done in 74.8128 secs using 363.5% CPU
Optimizing NNI: done in 82.0532 secs using 364.1% CPU
Optimizing NNI: done in 34.6588 secs using 365% CPU
Optimizing NNI: done in 46.409 secs using 363.7% CPU
Optimizing NNI: done in 49.7394 secs using 364.8% CPU
Iteration 40 / LogL: -18572.175 / Time: 0h:51m:52s (1h:21m:8s left)
Optimizing NNI: done in 46.5263 secs using 363.8% CPU
Optimizing NNI: done in 80.0843 secs using 364.9% CPU
Optimizing NNI: done in 74.9154 secs using 363.1% CPU
Optimizing NNI: done in 55.6003 secs using 364.1% CPU
Optimizing NNI: done in 55.5738 secs using 363.9% CPU
Optimizing NNI: done in 81.6961 secs using 364.7% CPU
Optimizing NNI: done in 73.1448 secs using 364.3% CPU
Optimizing NNI: done in 59.2651 secs using 364.5% CPU
Optimizing NNI: done in 116.948 secs using 363.6% CPU
Optimizing NNI: done in 95.4493 secs using 364.2% CPU
Iteration 50 / LogL: -17568.625 / Time: 1h:4m:27s (1h:7m:5s left)
Optimizing NNI: done in 33.6179 secs using 364.5% CPU
Optimizing NNI: done in 134.405 secs using 365.3% CPU
Optimizing NNI: done in 46.4757 secs using 362.4% CPU
Optimizing NNI: done in 80.9063 secs using 364% CPU
Optimizing NNI: done in 75.8539 secs using 362.5% CPU
Optimizing NNI: done in 75.7501 secs using 363.3% CPU
Optimizing NNI: done in 54.4186 secs using 365.6% CPU
Optimizing NNI: done in 46.163 secs using 364.3% CPU
Optimizing NNI: done in 44.0863 secs using 363.8% CPU
Optimizing NNI: done in 54.2256 secs using 364.4% CPU
Iteration 60 / LogL: -18582.496 / Time: 1h:15m:28s (0h:52m:27s left)
Optimizing NNI: done in 90.6653 secs using 363.9% CPU
Optimizing NNI: done in 54.491 secs using 365.4% CPU
Optimizing NNI: done in 56.1635 secs using 365.5% CPU
Optimizing NNI: done in 44.8913 secs using 364.5% CPU
Optimizing NNI: done in 60.6849 secs using 364.7% CPU
Optimizing NNI: done in 76.2906 secs using 364.2% CPU
Optimizing NNI: done in 55.6219 secs using 365.3% CPU
Optimizing NNI: done in 50.5734 secs using 364.9% CPU
Optimizing NNI: done in 73.5928 secs using 362.8% CPU
Optimizing NNI: done in 74.682 secs using 363.3% CPU
Iteration 70 / LogL: -18409.606 / Time: 1h:26m:21s (0h:38m:48s left)
Optimizing NNI: done in 50.375 secs using 363.7% CPU
Optimizing NNI: done in 66.2025 secs using 363.7% CPU
Optimizing NNI: done in 54.3382 secs using 362.8% CPU
Optimizing NNI: done in 79.427 secs using 362% CPU
Optimizing NNI: done in 101.374 secs using 350.2% CPU
Optimizing NNI: done in 63.9057 secs using 348.4% CPU
Optimizing NNI: done in 71.8792 secs using 362.9% CPU
Optimizing NNI: done in 57.6436 secs using 364.5% CPU
Optimizing NNI: done in 64.4736 secs using 363.8% CPU
Optimizing NNI: done in 50.4922 secs using 363.9% CPU
Iteration 80 / LogL: -18397.025 / Time: 1h:37m:38s (0h:25m:57s left)
Optimizing NNI: done in 55.7358 secs using 362.8% CPU
Optimizing NNI: done in 85.4561 secs using 363.5% CPU
Optimizing NNI: done in 87.965 secs using 365.4% CPU
Optimizing NNI: done in 60.0379 secs using 365% CPU
Optimizing NNI: done in 56.7296 secs using 362.9% CPU
Optimizing NNI: done in 57.6571 secs using 365.1% CPU
Optimizing NNI: done in 68.285 secs using 363.2% CPU
Optimizing NNI: done in 58.2992 secs using 364.2% CPU
Optimizing NNI: done in 64.4824 secs using 363.6% CPU
Optimizing NNI: done in 53.3517 secs using 364.5% CPU
Iteration 90 / LogL: -17760.777 / Time: 1h:48m:41s (0h:13m:26s left)
Optimizing NNI: done in 48.9561 secs using 363.9% CPU
Optimizing NNI: done in 86.2288 secs using 364.1% CPU
Optimizing NNI: done in 58.9446 secs using 363.2% CPU
Optimizing NNI: done in 82.5939 secs using 362.8% CPU
Optimizing NNI: done in 78.5212 secs using 363.1% CPU
Optimizing NNI: done in 62.4363 secs using 363.2% CPU
Optimizing NNI: done in 62.187 secs using 362.3% CPU
Optimizing NNI: done in 88.0554 secs using 363.4% CPU
Optimizing NNI: done in 69.5478 secs using 363.7% CPU
Optimizing NNI: done in 59.5034 secs using 362.8% CPU
Iteration 100 / LogL: -18248.260 / Time: 2h:0m:33s (0h:1m:13s left)
Optimizing NNI: done in 61.9149 secs using 362.9% CPU
Optimizing NNI: done in 103.997 secs using 362% CPU
TREE SEARCH COMPLETED AFTER 102 ITERATIONS / Time: 2h:3m:22s

--------------------------------------------------------------------
|                    FINALIZING TREE SEARCH                        |
--------------------------------------------------------------------
Performs final model parameters optimization
Estimate model parameters (epsilon = 0.010)
1. Initial log-likelihood: -16988.326
Optimal log-likelihood: -16988.326
Nonsynonymous/synonymous ratio (omega): 0.437
Transition/transversion ratio (kappa): 2.011
Gamma shape alpha: 0.388
Parameters optimization took 1 rounds (26.133 sec)
BEST SCORE FOUND : -16988.326
Total tree length: 1.342

Total number of iterations: 102
CPU time used for tree search: 26610.248 sec (7h:23m:30s)
Wall-clock time used for tree search: 7325.788 sec (2h:2m:5s)
Total CPU time used: 26991.546 sec (7h:29m:51s)
Total wall-clock time used: 7429.008 sec (2h:3m:49s)

Analysis results written to: 
  IQ-TREE report:                PCDH15_MF.iqtree
  Maximum-likelihood tree:       PCDH15_MF.treefile
  Likelihood distances:          PCDH15_MF.mldist
  Screen log file:               PCDH15_MF.log

Date and Time: Thu Jan 25 00:31:41 2024
