IQ-TREE multicore version 2.2.0-beta COVID-edition for Linux 64-bit built Dec 21 2021 built Dec 21 2021
Developed by Bui Quang Minh, James Barbetti, Nguyen Lam Tung,
Olga Chernomor, Heiko Schmidt, Dominik Schrempf, Michael Woodhams, Ly Trong Nhan.

Host:    awarnach (SSE3, 15 GB RAM)
Command: iqtree -s codon_alignments_v4_Jan24/RYR2_codon_aligned.phy -st CODON -m TEST -pre RYR2_MF -nt 4
Seed:    660996 (Using SPRNG - Scalable Parallel Random Number Generator)
Time:    Thu Jan 25 09:01:35 2024
Kernel:  SSE2 - 4 threads (4 CPU cores detected)

Reading alignment file codon_alignments_v4_Jan24/RYR2_codon_aligned.phy ... Fasta format detected
Reading fasta file: done in 0.057048 secs using 98.69% CPU
Alignment most likely contains DNA/RNA sequences
Converting to codon sequences with genetic code  ...
WARNING: Sequence Bmus_RYR2 has ambiguous character NTT at site 9106
WARNING: Sequence Bmus_RYR2 has ambiguous character NNT at site 9280
Constructing alignment: done in 0.0358708 secs using 49.79% CPU
Alignment has 88 sequences with 4975 columns, 3461 distinct patterns
844 parsimony-informative, 581 singleton sites, 3550 constant sites
                   Gap/Ambiguity  Composition  p-value
Analyzing sequences: done in 0.00294507 secs using 294% CPU
   1  Bacu_RYR2            2.03%    passed    100.00%
   2  Barn_RYR2           37.41%    passed    100.00%
   3  Bbai76728_RYR2      21.53%    passed    100.00%
   4  BbonAUS_RYR2        12.98%    passed    100.00%
   5  Bbor_RYR2            9.53%    passed    100.00%
   6  Bede66737_RYR2       8.44%    passed    100.00%
   7  BedeAUS_RYR2        11.36%    passed    100.00%
   8  Bmus_RYR2            0.08%    passed    100.00%
   9  Bmys_RYR2           66.55%    passed     43.06%
  10  Bphy_RYR2           14.55%    passed    100.00%
  11  Bphy_baits_RYR2     15.68%    passed    100.00%
  12  Bric_RYR2            0.08%    passed    100.00%
  13  Ccom40_RYR2         19.26%    passed    100.00%
  14  Chea7320_RYR2        9.67%    passed    100.00%
  15  Cmar59905_RYR2      15.24%    passed    100.00%
  16  Dcap108471_RYR2      9.33%    passed    100.00%
  17  Dcap79929_RYR2      14.41%    passed    100.00%
  18  DdelSJR_RYR2         7.70%    passed    100.00%
  19  Ddel_RYR2            0.44%    passed    100.00%
  20  Ddeltrop4525_RYR2   10.19%    passed    100.00%
  21  Dleu_RYR2            0.42%    passed    100.00%
  22  EausAUS_RYR2         8.30%    passed    100.00%
  23  Egla13086_RYR2      12.70%    passed    100.00%
  24  Ejap43864_RYR2      10.69%    passed    100.00%
  25  Erob133443_RYR2     10.97%    passed    100.00%
  26  Fatt_RYR2            7.94%    passed    100.00%
  27  Ggri_RYR2            7.68%    passed    100.00%
  28  Gmac39091_RYR2       8.08%    passed    100.00%
  29  Gmel_RYR2            0.44%    passed    100.00%
  30  Hamp_RYR2            8.44%    passed    100.00%
  31  Igeo_RYR2           29.21%    passed    100.00%
  32  Kbre_RYR2            0.52%    passed    100.00%
  33  Ksim_RYR2           13.49%    passed    100.00%
  34  Lacu_RYR2           10.63%    passed    100.00%
  35  Lalb_RYR2            0.42%    passed    100.00%
  36  Laus_RYR2            7.50%    passed    100.00%
  37  Lbor_RYR2           15.40%    passed    100.00%
  38  Lhos30470_RYR2      17.49%    passed    100.00%
  39  Lhos452_RYR2         9.09%    passed    100.00%
  40  Lobl_RYR2            0.28%    passed    100.00%
  41  Lobs_RYR2           10.39%    passed    100.00%
  42  LperAUS_RYR2        10.77%    passed    100.00%
  43  Mbid_RYR2           27.12%    passed    100.00%
  44  Mbow_RYR2           11.12%    passed    100.00%
  45  Mcar_RYR2            8.78%    passed    100.00%
  46  Mden_RYR2            0.00%    passed    100.00%
  47  Meur_RYR2           10.33%    passed    100.00%
  48  Mgin_RYR2            8.98%    passed    100.00%
  49  MgraAUS_RYR2        37.21%    passed    100.00%
  50  Mhec_RYR2           13.87%    passed    100.00%
  51  MlayAUS_RYR2         8.32%    passed    100.00%
  52  Mmir_RYR2           18.19%    passed    100.00%
  53  Mmon_RYR2            0.68%    passed    100.00%
  54  Mper_RYR2           10.65%    passed    100.00%
  55  Mpni_RYR2           11.82%    passed    100.00%
  56  Mste_RYR2           11.16%    passed    100.00%
  57  Naasi_RYR2           0.28%    passed    100.00%
  58  Npho_RYR2            7.64%    passed    100.00%
  59  Obre_RYR2            7.52%    passed    100.00%
  60  Ohei_RYR2            9.23%    passed    100.00%
  61  Oorc_RYR2            0.44%    passed    100.00%
  62  Pbla7349_RYR2       14.01%    passed    100.00%
  63  Pcat_RYR2            0.40%    passed    100.00%
  64  Pcra123188_RYR2      9.59%    passed    100.00%
  65  Pdal_RYR2           36.20%    passed    100.00%
  66  Pdio_RYR2            9.29%    passed    100.00%
  67  Pele_RYR2            9.43%    passed    100.00%
  68  Pmac_RYR2           43.14%    passed     75.86%
  69  Ppho_RYR2           13.91%    passed    100.00%
  70  Psin_RYR2            0.30%    passed    100.00%
  71  Pspi_RYR2           17.03%    passed    100.00%
  72  Satt18473_RYR2       9.45%    passed    100.00%
  73  Satt38219_RYR2      11.64%    passed    100.00%
  74  Sbre116871_RYR2      7.62%    passed    100.00%
  75  Sbre18437_RYR2       9.43%    passed    100.00%
  76  Schi_RYR2            9.25%    passed    100.00%
  77  Scly1724_RYR2       29.99%    passed    100.00%
  78  Scly1726_RYR2        8.08%    passed    100.00%
  79  Scoe_RYR2           13.29%    passed    100.00%
  80  Sflu9837_RYR2       10.55%    passed    100.00%
  81  Sfro7782_RYR2       18.47%    passed    100.00%
  82  Sfro7784_RYR2        8.12%    passed    100.00%
  83  Slon16012_RYR2       8.94%    passed    100.00%
  84  Slon24923_RYR2       7.18%    passed    100.00%
  85  Tadu79924_RYR2      10.99%    passed    100.00%
  86  Tshe_RYR2            9.35%    passed    100.00%
  87  Ttru_RYR2            0.60%    passed    100.00%
  88  Zcav_RYR2           20.68%    passed    100.00%
WARNING: 1 sequences contain more than 50% gaps/ambiguity
****  TOTAL               11.79%  0 sequences failed composition chi2 test (p-value<5%; df=60)
Checking for duplicate sequences: done in 0.0059655 secs using 145.1% CPU

Creating fast initial parsimony tree by random order stepwise addition...
0.192 seconds, parsimony score: 2534 (based on 1425 sites)
Perform fast likelihood tree search using GY+F3X4+I+G model...
Estimate model parameters (epsilon = 5.000)
Perform nearest neighbor interchange...
Optimizing NNI: done in 86.1753 secs using 365.5% CPU
Estimate model parameters (epsilon = 1.000)
1. Initial log-likelihood: -39698.413
2. Current log-likelihood: -39694.798
3. Current log-likelihood: -39692.065
4. Current log-likelihood: -39689.951
5. Current log-likelihood: -39688.300
6. Current log-likelihood: -39686.989
7. Current log-likelihood: -39685.938
Optimal log-likelihood: -39685.088
Nonsynonymous/synonymous ratio (omega): 0.110
Transition/transversion ratio (kappa): 3.326
Proportion of invariable sites: 0.242
Gamma shape alpha: 0.447
Parameters optimization took 7 rounds (965.525 sec)
Time for fast ML tree search: 1680.789 seconds

NOTE: ModelFinder requires 579 MB RAM!
ModelFinder will test up to 60 codon models (sample size: 4975) ...
 No. Model         -LnL         df  AIC          AICc         BIC
  1  GY+F3X4       40507.575    184 81383.150    81397.363    82581.391
  2  GY+F3X4+I     39723.810    185 79817.619    79831.990    81022.373
  3  GY+F3X4+G4    39568.103    185 79506.206    79520.576    80710.959
  4  GY+F3X4+I+G4  39519.762    186 79411.524    79426.053    80622.790
  8  GY+F1X4+I+G4  39645.042    180 79650.085    79663.677    80822.277
 12  GY+F+I+G4     39204.815    237 78883.630    78907.446    80427.017
 16  MGK+F3X4+I+G4 39425.927    186 79223.854    79238.383    80435.120
 20  MGK+F1X4+I+G4 39628.916    180 79617.832    79631.424    80790.025
 24  MG+F3X4+I+G4  39428.613    185 79227.225    79241.596    80431.979
 28  MG+F1X4+I+G4  39632.045    179 79622.090    79635.529    80787.770
 32  KOSI07+F3X4+I+G4 39541.490    184 79450.980    79465.193    80649.221
 36  KOSI07+F1X4+I+G4 39770.740    178 79897.480    79910.767    81056.648
 40  KOSI07+F+I+G4 39182.548    235 78835.096    78858.501    80365.458
 44  KOSI07+FU+I+G4 39304.554    175 78959.108    78971.944    80098.740
 48  SCHN05+F3X4+I+G4 39517.437    184 79402.874    79417.087    80601.115
 52  SCHN05+F1X4+I+G4 39739.511    178 79835.022    79848.309    80994.190
 56  SCHN05+F+I+G4 39080.572    235 78631.145    78654.551    80161.507
 60  SCHN05+FU+I+G4 39137.058    175 78624.117    78636.953    79763.749
Akaike Information Criterion:           SCHN05+FU+I+G4
Corrected Akaike Information Criterion: SCHN05+FU+I+G4
Bayesian Information Criterion:         SCHN05+FU+I+G4
Best-fit model: SCHN05+FU+I+G4 chosen according to BIC

All model information printed to RYR2_MF.model.gz
CPU time for ModelFinder: 29851.108 seconds (8h:17m:31s)
Wall-clock time for ModelFinder: 8198.461 seconds (2h:16m:38s)

NOTE: 579 MB RAM (0 GB) is required!
Estimate model parameters (epsilon = 0.100)
Thoroughly optimizing +I+G parameters from 10 start values...
Init pinv, alpha: 0.000, 0.644 / Estimate: 0.000, 0.363 / LogL: -39162.649
Init pinv, alpha: 0.079, 0.644 / Estimate: 0.082, 0.420 / LogL: -39153.627
Init pinv, alpha: 0.159, 0.644 / Estimate: 0.166, 0.498 / LogL: -39145.451
Init pinv, alpha: 0.238, 0.644 / Estimate: 0.242, 0.595 / LogL: -39139.143
Init pinv, alpha: 0.317, 0.644 / Estimate: 0.319, 0.735 / LogL: -39134.811
Init pinv, alpha: 0.396, 0.644 / Estimate: 0.395, 0.942 / LogL: -39134.095
Init pinv, alpha: 0.476, 0.644 / Estimate: 0.459, 1.213 / LogL: -39139.687
Init pinv, alpha: 0.555, 0.644 / Estimate: 0.515, 1.536 / LogL: -39157.914
Init pinv, alpha: 0.634, 0.644 / Estimate: 0.561, 1.774 / LogL: -39203.106
Init pinv, alpha: 0.714, 0.644 / Estimate: 0.591, 1.590 / LogL: -39301.631
Optimal pinv,alpha: 0.395, 0.942 / LogL: -39134.095

Parameters optimization took 3515.957 sec
Wrote distance file to... 
Computing ML distances based on estimated model parameters...
Calculating distance matrix: done in 45.8349 secs using 381.9% CPU
Computing ML distances took 45.838212 sec (of wall-clock time) 175.036720 sec (of CPU time)
Setting up auxiliary I and S matrices: done in 0.00506198 secs using 107.9% CPU
Constructing RapidNJ tree: done in 0.268297 secs using 76.41% CPU
Computing RapidNJ tree took 0.273606 sec (of wall-clock time) 0.210698 sec (of CPU time)
Log-likelihood of RapidNJ tree: -39655.142
--------------------------------------------------------------------
|             INITIALIZING CANDIDATE TREE SET                      |
--------------------------------------------------------------------
Generating 98 parsimony trees... 5.844 second
Computing log-likelihood of 98 initial trees ... 2344.034 seconds
Current best score: -39134.095

Do NNI search on 20 best initial trees
Optimizing NNI: done in 85.5437 secs using 365.7% CPU
Estimate model parameters (epsilon = 0.100)
BETTER TREE FOUND at iteration 1: -39134.086
Optimizing NNI: done in 84.5709 secs using 365.7% CPU
Optimizing NNI: done in 86.6326 secs using 365.8% CPU
Optimizing NNI: done in 86.665 secs using 365.7% CPU
Optimizing NNI: done in 86.066 secs using 366.6% CPU
Optimizing NNI: done in 83.4311 secs using 367.4% CPU
Optimizing NNI: done in 86.767 secs using 367.1% CPU
Optimizing NNI: done in 86.6083 secs using 364.4% CPU
Optimizing NNI: done in 84.9837 secs using 367.2% CPU
Optimizing NNI: done in 85.5109 secs using 366.9% CPU
Iteration 10 / LogL: -39223.677 / Time: 1h:55m:9s
Optimizing NNI: done in 87.2676 secs using 366.3% CPU
Optimizing NNI: done in 85.5095 secs using 365.9% CPU
Optimizing NNI: done in 87.0857 secs using 365.5% CPU
Optimizing NNI: done in 85.5573 secs using 366.8% CPU
Optimizing NNI: done in 86.5798 secs using 366.5% CPU
Optimizing NNI: done in 86.5649 secs using 367.5% CPU
Optimizing NNI: done in 86.6242 secs using 366.9% CPU
Optimizing NNI: done in 87.5263 secs using 365.4% CPU
Optimizing NNI: done in 87.3304 secs using 365.8% CPU
Optimizing NNI: done in 87.9426 secs using 366.7% CPU
Iteration 20 / LogL: -39251.323 / Time: 2h:10m:18s
Finish initializing candidate tree set (20)
Current best tree score: -39134.086 / CPU time: 4232.069
Number of iterations: 20
--------------------------------------------------------------------
|               OPTIMIZING CANDIDATE TREE SET                      |
--------------------------------------------------------------------
Optimizing NNI: done in 266.713 secs using 365.1% CPU
Optimizing NNI: done in 163.866 secs using 365.6% CPU
Optimizing NNI: done in 131.849 secs using 365.2% CPU
Optimizing NNI: done in 142 secs using 365.8% CPU
Optimizing NNI: done in 199.529 secs using 365% CPU
Optimizing NNI: done in 242.672 secs using 366.8% CPU
Optimizing NNI: done in 139.318 secs using 364.3% CPU
Optimizing NNI: done in 124.189 secs using 366.5% CPU
Optimizing NNI: done in 172.26 secs using 365.2% CPU
Optimizing NNI: done in 175.098 secs using 366% CPU
Iteration 30 / LogL: -40054.381 / Time: 2h:40m:15s (6h:32m:21s left)
Optimizing NNI: done in 219.046 secs using 364.9% CPU
Optimizing NNI: done in 169.215 secs using 366.1% CPU
Optimizing NNI: done in 184.165 secs using 365.5% CPU
Optimizing NNI: done in 240.069 secs using 365.8% CPU
Optimizing NNI: done in 146.021 secs using 366.3% CPU
Optimizing NNI: done in 135.498 secs using 366.2% CPU
Optimizing NNI: done in 131.604 secs using 366.4% CPU
Optimizing NNI: done in 193.635 secs using 365% CPU
Optimizing NNI: done in 205.038 secs using 365% CPU
Optimizing NNI: done in 224.545 secs using 366% CPU
Iteration 40 / LogL: -39940.170 / Time: 3h:11m:44s (4h:59m:54s left)
Optimizing NNI: done in 214.399 secs using 365% CPU
Optimizing NNI: done in 205.506 secs using 365.3% CPU
Optimizing NNI: done in 182.256 secs using 365.9% CPU
Optimizing NNI: done in 186.103 secs using 365.6% CPU
Optimizing NNI: done in 258.874 secs using 365.7% CPU
Optimizing NNI: done in 211.021 secs using 365.7% CPU
Optimizing NNI: done in 203.047 secs using 365.6% CPU
Optimizing NNI: done in 225.084 secs using 365.5% CPU
Optimizing NNI: done in 225.515 secs using 365.4% CPU
Optimizing NNI: done in 197.584 secs using 366.1% CPU
Iteration 50 / LogL: -39822.961 / Time: 3h:47m:35s (3h:56m:52s left)
Optimizing NNI: done in 206.642 secs using 365.4% CPU
Optimizing NNI: done in 311.914 secs using 365.1% CPU
Optimizing NNI: done in 203.298 secs using 365.8% CPU
Optimizing NNI: done in 216.098 secs using 365.3% CPU
Optimizing NNI: done in 168.853 secs using 366% CPU
Optimizing NNI: done in 160.239 secs using 365.5% CPU
Optimizing NNI: done in 162.109 secs using 366% CPU
Optimizing NNI: done in 183.347 secs using 366% CPU
Optimizing NNI: done in 233.042 secs using 365.1% CPU
Optimizing NNI: done in 208.772 secs using 365.5% CPU
Iteration 60 / LogL: -40260.215 / Time: 4h:22m:29s (3h:2m:24s left)
Optimizing NNI: done in 216.891 secs using 365.2% CPU
Optimizing NNI: done in 233.701 secs using 364.8% CPU
Optimizing NNI: done in 177.264 secs using 366% CPU
Optimizing NNI: done in 134.309 secs using 366.4% CPU
Optimizing NNI: done in 290.032 secs using 365.5% CPU
Optimizing NNI: done in 186.316 secs using 366.4% CPU
Optimizing NNI: done in 179.608 secs using 365.6% CPU
Optimizing NNI: done in 172.459 secs using 365.6% CPU
Optimizing NNI: done in 247.778 secs using 365.1% CPU
Optimizing NNI: done in 170.97 secs using 365.9% CPU
Iteration 70 / LogL: -39828.094 / Time: 4h:56m:39s (2h:13m:16s left)
Optimizing NNI: done in 201.891 secs using 365.7% CPU
Optimizing NNI: done in 178.643 secs using 365.6% CPU
Optimizing NNI: done in 271.162 secs using 365.3% CPU
Optimizing NNI: done in 267.98 secs using 364.5% CPU
Optimizing NNI: done in 234.53 secs using 365.1% CPU
Optimizing NNI: done in 142.169 secs using 365.4% CPU
Optimizing NNI: done in 212.368 secs using 365% CPU
Optimizing NNI: done in 252.952 secs using 365.1% CPU
Optimizing NNI: done in 177.571 secs using 366.4% CPU
Optimizing NNI: done in 161.116 secs using 366.1% CPU
Iteration 80 / LogL: -39988.490 / Time: 5h:32m:20s (1h:28m:20s left)
Optimizing NNI: done in 252.378 secs using 365.1% CPU
Optimizing NNI: done in 235.737 secs using 366.4% CPU
Optimizing NNI: done in 155.136 secs using 366% CPU
Optimizing NNI: done in 211.038 secs using 365.4% CPU
Optimizing NNI: done in 213.038 secs using 364.8% CPU
Optimizing NNI: done in 175.52 secs using 365% CPU
Optimizing NNI: done in 210.087 secs using 364.2% CPU
Optimizing NNI: done in 155.68 secs using 365.1% CPU
Optimizing NNI: done in 171.201 secs using 365.2% CPU
Optimizing NNI: done in 240.718 secs using 365.5% CPU
Iteration 90 / LogL: -39802.201 / Time: 6h:6m:40s (0h:45m:19s left)
Optimizing NNI: done in 169.316 secs using 365.9% CPU
Optimizing NNI: done in 166.829 secs using 365.3% CPU
Optimizing NNI: done in 193.408 secs using 365.2% CPU
Optimizing NNI: done in 200.421 secs using 366.4% CPU
Optimizing NNI: done in 214.433 secs using 365.4% CPU
Optimizing NNI: done in 231.798 secs using 365.4% CPU
Optimizing NNI: done in 254.691 secs using 364.4% CPU
Optimizing NNI: done in 165.556 secs using 365.8% CPU
Optimizing NNI: done in 264.976 secs using 364.5% CPU
Optimizing NNI: done in 212.174 secs using 365.7% CPU
Iteration 100 / LogL: -40100.598 / Time: 6h:41m:54s (0h:4m:3s left)
Optimizing NNI: done in 190.113 secs using 366% CPU
Optimizing NNI: done in 185.823 secs using 366.4% CPU
TREE SEARCH COMPLETED AFTER 102 ITERATIONS / Time: 6h:48m:18s

--------------------------------------------------------------------
|                    FINALIZING TREE SEARCH                        |
--------------------------------------------------------------------
Performs final model parameters optimization
Estimate model parameters (epsilon = 0.010)
1. Initial log-likelihood: -39134.086
Optimal log-likelihood: -39134.080
Nonsynonymous/synonymous ratio (omega): 0.107
Transition/transversion ratio (kappa): 3.200
Proportion of invariable sites: 0.393
Gamma shape alpha: 0.938
Parameters optimization took 1 rounds (80.179 sec)
BEST SCORE FOUND : -39134.080
Total tree length: 0.653

Total number of iterations: 102
CPU time used for tree search: 76400.789 sec (21h:13m:20s)
Wall-clock time used for tree search: 20912.748 sec (5h:48m:32s)
Total CPU time used: 89802.743 sec (24h:56m:42s)
Total wall-clock time used: 24582.928 sec (6h:49m:42s)

Analysis results written to: 
  IQ-TREE report:                RYR2_MF.iqtree
  Maximum-likelihood tree:       RYR2_MF.treefile
  Likelihood distances:          RYR2_MF.mldist
  Screen log file:               RYR2_MF.log

Date and Time: Thu Jan 25 18:07:57 2024
