IQ-TREE multicore version 2.2.0-beta COVID-edition for Linux 64-bit built Dec 21 2021 built Dec 21 2021
Developed by Bui Quang Minh, James Barbetti, Nguyen Lam Tung,
Olga Chernomor, Heiko Schmidt, Dominik Schrempf, Michael Woodhams, Ly Trong Nhan.

Host:    awarnach (SSE3, 15 GB RAM)
Command: iqtree -s codon_alignments_v3_Jan24/HTT_codon_aligned.phy -m GTR+G4 -pre HTT_GTR -nt 4
Seed:    557642 (Using SPRNG - Scalable Parallel Random Number Generator)
Time:    Mon Jan 29 16:50:02 2024
Kernel:  SSE2 - 4 threads (4 CPU cores detected)

Reading alignment file codon_alignments_v3_Jan24/HTT_codon_aligned.phy ... Fasta format detected
Reading fasta file: done in 0.0413667 secs using 91.5% CPU
Alignment most likely contains DNA/RNA sequences
Constructing alignment: done in 0.0493861 secs using 75.09% CPU
Alignment has 92 sequences with 9390 columns, 3440 distinct patterns
1637 parsimony-informative, 1175 singleton sites, 6578 constant sites
                  Gap/Ambiguity  Composition  p-value
Analyzing sequences: done in 0.00293851 secs using 228.6% CPU
   1  Bacu_HTT            0.06%    passed     60.62%
   2  Barn_HTT           54.31%    failed      0.05%
   3  Bbai76728_HTT      19.49%    passed     82.89%
   4  BbonAUS_HTT        18.91%    passed     88.06%
   5  Bbor_HTT           25.91%    passed     78.53%
   6  Bede66737_HTT      22.84%    passed     98.84%
   7  BedeAUS_HTT        25.11%    passed     99.93%
   8  Bmus_HTT            0.03%    passed     63.98%
   9  Bmys_HTT            2.68%    passed     64.57%
  10  Bphy_HTT           12.43%    passed     90.44%
  11  Bphy_baits_HTT     23.16%    passed     83.48%
  12  Btau_HTT            0.16%    failed      0.00%
  13  Ccom40_HTT         34.12%    failed      1.76%
  14  Cela_HTT            0.06%    failed      0.00%
  15  Chea7320_HTT       21.21%    passed     82.77%
  16  Cmar59905_HTT      21.85%    passed     98.15%
  17  Dcap108471_HTT     16.68%    passed     86.11%
  18  Dcap79929_HTT      16.45%    passed     94.52%
  19  DdelSJR_HTT        18.34%    passed     79.00%
  20  Ddeltrop4525_HTT   16.74%    passed     70.24%
  21  Dleu_HTT            0.26%    passed     85.76%
  22  EausAUS_HTT        21.34%    passed     62.36%
  23  Egla13086_HTT      11.34%    passed     90.86%
  24  Ejap43864_HTT      17.16%    passed     68.80%
  25  Erob133443_HTT     26.26%    passed     33.84%
  26  Fatt_HTT           18.59%    passed     91.83%
  27  Ggri_HTT           15.69%    passed     89.93%
  28  Gmac39091_HTT      18.18%    passed     93.95%
  29  Gmel_HTT            0.22%    passed     77.54%
  30  Hamp_HTT           18.91%    passed     87.63%
  31  Hippo_HTT           0.32%    passed     15.53%
  32  Igeo_HTT           30.70%    passed     81.75%
  33  Kbre_HTT           15.11%    passed     89.77%
  34  Ksim_HTT           18.85%    passed     91.97%
  35  Lacu_HTT           21.09%    passed     97.77%
  36  Lalb_HTT           17.80%    passed     93.66%
  37  Laus_HTT           20.83%    passed     77.68%
  38  Lbor_HTT           28.08%    passed     21.26%
  39  Lhos30470_HTT      14.47%    passed     89.41%
  40  Lhos452_HTT        18.82%    passed     83.64%
  41  Lobl_HTT            0.22%    passed     76.63%
  42  Lobs_HTT           17.54%    passed     97.22%
  43  LperAUS_HTT        24.44%    passed     32.53%
  44  Lvex_HTT            0.86%    passed     82.52%
  45  Mbid_HTT           29.74%    passed     10.86%
  46  Mbow_HTT           22.88%    passed     59.35%
  47  Mcar_HTT           29.84%    passed     25.93%
  48  Mden_HTT           32.01%    failed      3.51%
  49  Meur_HTT           22.94%    passed     48.39%
  50  Mgin_HTT           21.47%    passed     99.73%
  51  MgraAUS_HTT        54.89%    failed      0.95%
  52  Mhec_HTT           27.80%    passed     20.71%
  53  MlayAUS_HTT        29.94%    passed     11.03%
  54  Mmir_HTT           28.98%    failed      2.88%
  55  Mmon_HTT            0.29%    passed     84.86%
  56  Mnov_HTT           17.92%    passed     75.55%
  57  Mper_HTT           20.45%    passed     64.83%
  58  Mpni_HTT           23.74%    passed     29.79%
  59  Mste_HTT           17.12%    passed     78.32%
  60  Naasi_HTT           0.84%    passed     81.93%
  61  Npho_HTT            4.19%    passed     87.75%
  62  Oari_HTT            0.19%    failed      0.00%
  63  Obre_HTT           19.49%    passed     92.09%
  64  Ohei_HTT           16.23%    passed     88.13%
  65  Oorc_HTT            0.26%    passed     81.56%
  66  Pbla7349_HTT       22.72%    passed     80.42%
  67  Pcra123188_HTT     23.58%    passed     84.39%
  68  Pdal_HTT           56.90%    passed     46.92%
  69  Pdio_HTT           16.07%    passed     96.74%
  70  Pele_HTT           21.12%    passed     96.81%
  71  Pcat_HTT            0.10%    passed     65.48%
  72  Pmac_HTT           58.31%    failed      4.31%
  73  Ppho_HTT           24.60%    passed     76.44%
  74  Psin_HTT            0.22%    passed     73.56%
  75  Pspi_HTT           33.61%    passed     20.86%
  76  Satt18473_HTT      18.08%    passed     97.55%
  77  Satt38219_HTT      30.64%    passed     44.44%
  78  Sbre116871_HTT     17.73%    passed     96.46%
  79  Sbre18437_HTT      20.77%    passed     88.39%
  80  Schi_HTT           17.09%    passed     73.84%
  81  Scly1724_HTT       65.30%    failed      0.00%
  82  Scly1726_HTT       17.19%    passed     89.10%
  83  Scoe_HTT           20.10%    passed     96.67%
  84  Sflu9837_HTT       18.27%    passed     94.85%
  85  Sfro7782_HTT       19.87%    passed     81.42%
  86  Sfro7784_HTT       15.02%    passed     91.07%
  87  Slon16012_HTT      22.27%    passed     61.23%
  88  Slon24923_HTT      19.39%    passed     95.88%
  89  Tadu79924_HTT      22.04%    passed     90.34%
  90  Tshe_HTT           20.89%    passed     36.27%
  91  Ttru_HTT            0.29%    passed     83.21%
  92  Zcav_HTT           28.47%    passed     11.95%
WARNING: 5 sequences contain more than 50% gaps/ambiguity
****  TOTAL              19.34%  10 sequences failed composition chi2 test (p-value<5%; df=3)
Checking for duplicate sequences: done in 0.00626181 secs using 122.3% CPU

Create initial parsimony tree by phylogenetic likelihood library (PLL)... 0.007 seconds

NOTE: 41 MB RAM (0 GB) is required!
Estimate model parameters (epsilon = 0.100)
1. Initial log-likelihood: -76617.718
2. Current log-likelihood: -65814.942
3. Current log-likelihood: -63720.785
4. Current log-likelihood: -63405.773
5. Current log-likelihood: -63368.591
6. Current log-likelihood: -63336.546
7. Current log-likelihood: -63334.281
8. Current log-likelihood: -63333.908
Optimal log-likelihood: -63333.793
Rate parameters:  A-C: 0.97968  A-G: 6.78638  A-T: 0.31775  C-G: 1.27298  C-T: 6.85940  G-T: 1.00000
Base frequencies:  A: 0.215  C: 0.288  G: 0.276  T: 0.220
Gamma shape alpha: 0.138
Parameters optimization took 8 rounds (12.774 sec)
Wrote distance file to... 
Computing ML distances based on estimated model parameters...
Calculating distance matrix: done in 0.0826127 secs using 408.5% CPU
Computing ML distances took 0.085763 sec (of wall-clock time) 0.341088 sec (of CPU time)
Setting up auxiliary I and S matrices: done in 0.00208506 secs using 161.8% CPU
Constructing RapidNJ tree: done in 0.287799 secs using 85.07% CPU
Computing RapidNJ tree took 0.290152 sec (of wall-clock time) 0.248311 sec (of CPU time)
Log-likelihood of RapidNJ tree: -43947.164
--------------------------------------------------------------------
|             INITIALIZING CANDIDATE TREE SET                      |
--------------------------------------------------------------------
Generating 98 parsimony trees... 2.235 second
Computing log-likelihood of 98 initial trees ... 24.244 seconds
Current best score: -43947.164

Do NNI search on 20 best initial trees
Optimizing NNI: done in 3.57577 secs using 383.6% CPU
Estimate model parameters (epsilon = 0.100)
BETTER TREE FOUND at iteration 1: -43331.844
Optimizing NNI: done in 28.1623 secs using 377.3% CPU
Optimizing NNI: done in 28.5616 secs using 377% CPU
Optimizing NNI: done in 26.996 secs using 377.1% CPU
Optimizing NNI: done in 25.5536 secs using 375.8% CPU
Optimizing NNI: done in 25.6014 secs using 376.1% CPU
Optimizing NNI: done in 29.8023 secs using 378.1% CPU
Optimizing NNI: done in 28.7387 secs using 377.8% CPU
Optimizing NNI: done in 30.3324 secs using 376.1% CPU
Optimizing NNI: done in 28.969 secs using 374.9% CPU
Iteration 10 / LogL: -43976.389 / Time: 0h:5m:3s
Optimizing NNI: done in 25.3593 secs using 375.1% CPU
Optimizing NNI: done in 29.6039 secs using 377.7% CPU
Optimizing NNI: done in 26.4431 secs using 375% CPU
Optimizing NNI: done in 27.6915 secs using 376% CPU
Optimizing NNI: done in 28.666 secs using 378% CPU
Optimizing NNI: done in 29.4489 secs using 378.9% CPU
Optimizing NNI: done in 28.9982 secs using 378% CPU
Optimizing NNI: done in 27.9152 secs using 376.4% CPU
Optimizing NNI: done in 26.9129 secs using 378.3% CPU
Optimizing NNI: done in 28.4564 secs using 376.3% CPU
Iteration 20 / LogL: -43871.306 / Time: 0h:9m:43s
Finish initializing candidate tree set (20)
Current best tree score: -43331.844 / CPU time: 568.221
Number of iterations: 20
--------------------------------------------------------------------
|               OPTIMIZING CANDIDATE TREE SET                      |
--------------------------------------------------------------------
Optimizing NNI: done in 3.63933 secs using 386.7% CPU
Optimizing NNI: done in 4.42095 secs using 372.8% CPU
Optimizing NNI: done in 3.68163 secs using 360.6% CPU
Optimizing NNI: done in 3.3922 secs using 382.3% CPU
Optimizing NNI: done in 4.30351 secs using 372.8% CPU
Optimizing NNI: done in 3.32186 secs using 379.5% CPU
Optimizing NNI: done in 3.89013 secs using 368.6% CPU
Optimizing NNI: done in 4.50046 secs using 371.8% CPU
Optimizing NNI: done in 4.7079 secs using 377.8% CPU
Optimizing NNI: done in 3.34773 secs using 381.8% CPU
Iteration 30 / LogL: -43535.713 / Time: 0h:10m:23s (0h:25m:25s left)
Optimizing NNI: done in 3.99938 secs using 374.6% CPU
Optimizing NNI: done in 4.13153 secs using 368% CPU
Optimizing NNI: done in 5.1132 secs using 378.5% CPU
Optimizing NNI: done in 4.75813 secs using 374.7% CPU
Estimate model parameters (epsilon = 0.100)
BETTER TREE FOUND at iteration 34: -43321.062
Optimizing NNI: done in 4.1424 secs using 378% CPU
Optimizing NNI: done in 4.31904 secs using 374.3% CPU
Optimizing NNI: done in 5.61373 secs using 379.6% CPU
Optimizing NNI: done in 3.81224 secs using 369.9% CPU
Optimizing NNI: done in 3.62685 secs using 380.4% CPU
Estimate model parameters (epsilon = 0.100)
BETTER TREE FOUND at iteration 39: -43308.813
Optimizing NNI: done in 3.29719 secs using 382.4% CPU
Estimate model parameters (epsilon = 0.100)
BETTER TREE FOUND at iteration 40: -43308.787
Iteration 40 / LogL: -43308.787 / Time: 0h:11m:9s (0h:28m:35s left)
Optimizing NNI: done in 3.73602 secs using 385.4% CPU
Optimizing NNI: done in 4.32057 secs using 373.6% CPU
Optimizing NNI: done in 6.5976 secs using 375.7% CPU
Estimate model parameters (epsilon = 0.100)
BETTER TREE FOUND at iteration 43: -43108.121
Optimizing NNI: done in 3.69963 secs using 384.4% CPU
Optimizing NNI: done in 4.9579 secs using 376.1% CPU
Optimizing NNI: done in 4.74377 secs using 378.3% CPU
Optimizing NNI: done in 4.36073 secs using 373.3% CPU
Optimizing NNI: done in 4.42621 secs using 380.1% CPU
Optimizing NNI: done in 3.00519 secs using 383.3% CPU
Estimate model parameters (epsilon = 0.100)
BETTER TREE FOUND at iteration 49: -43082.972
Optimizing NNI: done in 3.74306 secs using 387.6% CPU
Iteration 50 / LogL: -43296.329 / Time: 0h:11m:56s (0h:24m:6s left)
Optimizing NNI: done in 3.91767 secs using 371.1% CPU
Optimizing NNI: done in 3.69546 secs using 386.2% CPU
Optimizing NNI: done in 3.86309 secs using 373.9% CPU
Optimizing NNI: done in 4.36157 secs using 373.5% CPU
Optimizing NNI: done in 3.21554 secs using 381.3% CPU
Optimizing NNI: done in 4.58391 secs using 375.1% CPU
Optimizing NNI: done in 4.52596 secs using 375.5% CPU
Optimizing NNI: done in 3.84056 secs using 372.3% CPU
Optimizing NNI: done in 3.49372 secs using 378.4% CPU
Optimizing NNI: done in 3.64148 secs using 371.5% CPU
Iteration 60 / LogL: -43082.991 / Time: 0h:12m:35s (0h:18m:59s left)
Optimizing NNI: done in 3.58469 secs using 382.6% CPU
Estimate model parameters (epsilon = 0.100)
BETTER TREE FOUND at iteration 61: -43057.006
Optimizing NNI: done in 3.28374 secs using 382.5% CPU
Optimizing NNI: done in 3.34837 secs using 371% CPU
Optimizing NNI: done in 4.01514 secs using 386.2% CPU
Optimizing NNI: done in 4.22161 secs using 374.5% CPU
Estimate model parameters (epsilon = 0.100)
BETTER TREE FOUND at iteration 65: -43053.670
Optimizing NNI: done in 4.87662 secs using 376.5% CPU
Optimizing NNI: done in 3.93179 secs using 374.1% CPU
Optimizing NNI: done in 4.01524 secs using 373.4% CPU
Optimizing NNI: done in 3.48924 secs using 382.4% CPU
Optimizing NNI: done in 5.67547 secs using 370.2% CPU
Iteration 70 / LogL: -43056.154 / Time: 0h:13m:18s (0h:18m:19s left)
Optimizing NNI: done in 3.60837 secs using 382% CPU
Optimizing NNI: done in 4.75101 secs using 376.7% CPU
Optimizing NNI: done in 3.75337 secs using 370.4% CPU
Optimizing NNI: done in 5.35238 secs using 377.7% CPU
Optimizing NNI: done in 4.10842 secs using 374.9% CPU
Optimizing NNI: done in 5.31407 secs using 378.5% CPU
Optimizing NNI: done in 4.80501 secs using 374.6% CPU
Optimizing NNI: done in 4.63478 secs using 376.5% CPU
Estimate model parameters (epsilon = 0.100)
BETTER TREE FOUND at iteration 78: -43051.342
Optimizing NNI: done in 4.50452 secs using 374.6% CPU
Optimizing NNI: done in 4.90538 secs using 380% CPU
Estimate model parameters (epsilon = 0.100)
BETTER TREE FOUND at iteration 80: -43030.199
Iteration 80 / LogL: -43030.199 / Time: 0h:14m:6s (0h:17m:50s left)
Optimizing NNI: done in 5.46472 secs using 370.2% CPU
Optimizing NNI: done in 5.25835 secs using 381% CPU
Optimizing NNI: done in 3.46842 secs using 382.8% CPU
Optimizing NNI: done in 4.50839 secs using 376.9% CPU
Optimizing NNI: done in 3.905 secs using 371.6% CPU
Optimizing NNI: done in 3.98505 secs using 375.3% CPU
Optimizing NNI: done in 4.00206 secs using 385.7% CPU
Estimate model parameters (epsilon = 0.100)
BETTER TREE FOUND at iteration 87: -43029.320
Optimizing NNI: done in 5.77189 secs using 380.3% CPU
Optimizing NNI: done in 4.23768 secs using 374.8% CPU
Optimizing NNI: done in 4.22681 secs using 373.7% CPU
Iteration 90 / LogL: -43031.484 / Time: 0h:14m:51s (0h:16m:12s left)
Optimizing NNI: done in 3.98367 secs using 384.2% CPU
Optimizing NNI: done in 4.30215 secs using 374.1% CPU
Optimizing NNI: done in 4.00813 secs using 372.9% CPU
Optimizing NNI: done in 3.92288 secs using 382.4% CPU
Optimizing NNI: done in 4.573 secs using 379.6% CPU
Optimizing NNI: done in 4.50542 secs using 376.5% CPU
Optimizing NNI: done in 4.31155 secs using 370.9% CPU
Optimizing NNI: done in 3.88027 secs using 372.4% CPU
Optimizing NNI: done in 3.13484 secs using 381.5% CPU
Optimizing NNI: done in 4.27422 secs using 376.4% CPU
Iteration 100 / LogL: -43031.493 / Time: 0h:15m:33s (0h:13m:40s left)
Optimizing NNI: done in 4.71735 secs using 377.4% CPU
Optimizing NNI: done in 4.5945 secs using 378.2% CPU
Optimizing NNI: done in 3.98074 secs using 382.2% CPU
Optimizing NNI: done in 4.55257 secs using 376.2% CPU
Optimizing NNI: done in 3.43777 secs using 367.5% CPU
Optimizing NNI: done in 5.23547 secs using 379.2% CPU
Optimizing NNI: done in 3.35751 secs using 385.9% CPU
UPDATE BEST LOG-LIKELIHOOD: -43029.320
Optimizing NNI: done in 4.53957 secs using 373.1% CPU
Optimizing NNI: done in 4.66697 secs using 375.6% CPU
Optimizing NNI: done in 3.8892 secs using 372.4% CPU
Iteration 110 / LogL: -43029.330 / Time: 0h:16m:16s (0h:11m:29s left)
Optimizing NNI: done in 5.04636 secs using 376.9% CPU
Optimizing NNI: done in 4.68909 secs using 376.9% CPU
Optimizing NNI: done in 3.31917 secs using 382.4% CPU
Optimizing NNI: done in 4.15952 secs using 376.4% CPU
Optimizing NNI: done in 4.04245 secs using 373.6% CPU
Optimizing NNI: done in 4.65729 secs using 376.6% CPU
Optimizing NNI: done in 5.1679 secs using 378.6% CPU
Optimizing NNI: done in 5.10659 secs using 376.8% CPU
Optimizing NNI: done in 3.49734 secs using 373.2% CPU
Optimizing NNI: done in 4.12081 secs using 383% CPU
Iteration 120 / LogL: -43029.410 / Time: 0h:17m:0s (0h:9m:34s left)
Optimizing NNI: done in 4.59107 secs using 377.6% CPU
Optimizing NNI: done in 4.21182 secs using 372.3% CPU
Optimizing NNI: done in 3.80256 secs using 371.8% CPU
Optimizing NNI: done in 5.59305 secs using 377.9% CPU
Optimizing NNI: done in 3.77791 secs using 375% CPU
Optimizing NNI: done in 4.35026 secs using 387.9% CPU
Optimizing NNI: done in 4.16162 secs using 375.4% CPU
Optimizing NNI: done in 4.54456 secs using 378.9% CPU
Optimizing NNI: done in 4.38292 secs using 373% CPU
Optimizing NNI: done in 3.6369 secs using 383% CPU
Iteration 130 / LogL: -43029.433 / Time: 0h:17m:44s (0h:7m:50s left)
Optimizing NNI: done in 5.39288 secs using 370.9% CPU
Optimizing NNI: done in 4.59112 secs using 377.7% CPU
Optimizing NNI: done in 3.36731 secs using 382.8% CPU
Optimizing NNI: done in 4.92123 secs using 374.3% CPU
Optimizing NNI: done in 4.70261 secs using 377.9% CPU
Optimizing NNI: done in 3.71792 secs using 372.4% CPU
Optimizing NNI: done in 4.57663 secs using 376.5% CPU
UPDATE BEST LOG-LIKELIHOOD: -43029.316
Optimizing NNI: done in 3.8662 secs using 382.9% CPU
Optimizing NNI: done in 3.5599 secs using 370.4% CPU
Optimizing NNI: done in 4.07871 secs using 384.1% CPU
Iteration 140 / LogL: -43029.518 / Time: 0h:18m:27s (0h:6m:14s left)
Optimizing NNI: done in 4.45178 secs using 380.2% CPU
Optimizing NNI: done in 4.52664 secs using 375.7% CPU
Optimizing NNI: done in 4.89485 secs using 375.9% CPU
Optimizing NNI: done in 4.80033 secs using 378.1% CPU
Optimizing NNI: done in 5.59541 secs using 370.7% CPU
Optimizing NNI: done in 4.1434 secs using 388.3% CPU
Optimizing NNI: done in 3.84058 secs using 366.4% CPU
Optimizing NNI: done in 3.70049 secs using 372.9% CPU
Optimizing NNI: done in 4.81631 secs using 373.1% CPU
Optimizing NNI: done in 4.85723 secs using 376.7% CPU
Iteration 150 / LogL: -43232.819 / Time: 0h:19m:13s (0h:4m:46s left)
Optimizing NNI: done in 4.7732 secs using 379.2% CPU
Optimizing NNI: done in 3.68948 secs using 386.1% CPU
Optimizing NNI: done in 4.60913 secs using 377.2% CPU
Optimizing NNI: done in 4.63105 secs using 376% CPU
Optimizing NNI: done in 4.45182 secs using 375.3% CPU
Optimizing NNI: done in 4.16492 secs using 375% CPU
Optimizing NNI: done in 3.80628 secs using 383.6% CPU
UPDATE BEST LOG-LIKELIHOOD: -43029.314
Optimizing NNI: done in 4.74743 secs using 378.7% CPU
Optimizing NNI: done in 3.56645 secs using 370% CPU
Optimizing NNI: done in 3.47792 secs using 383.7% CPU
Iteration 160 / LogL: -43029.492 / Time: 0h:19m:55s (0h:3m:23s left)
Optimizing NNI: done in 4.29277 secs using 376% CPU
Optimizing NNI: done in 4.25307 secs using 377.1% CPU
Optimizing NNI: done in 4.56641 secs using 377% CPU
Optimizing NNI: done in 4.55637 secs using 376.3% CPU
Optimizing NNI: done in 4.66085 secs using 377.9% CPU
Optimizing NNI: done in 3.98147 secs using 382.4% CPU
Optimizing NNI: done in 4.57228 secs using 374.5% CPU
Optimizing NNI: done in 3.77265 secs using 369.4% CPU
Optimizing NNI: done in 3.05364 secs using 382.2% CPU
Optimizing NNI: done in 4.04484 secs using 374.6% CPU
Iteration 170 / LogL: -43032.188 / Time: 0h:20m:37s (0h:2m:4s left)
Optimizing NNI: done in 4.86755 secs using 374% CPU
Optimizing NNI: done in 4.18505 secs using 374.2% CPU
Optimizing NNI: done in 4.15052 secs using 384.1% CPU
Optimizing NNI: done in 4.32714 secs using 376.7% CPU
Optimizing NNI: done in 3.66152 secs using 375% CPU
Optimizing NNI: done in 4.27628 secs using 373.1% CPU
Optimizing NNI: done in 3.44633 secs using 383.4% CPU
Optimizing NNI: done in 4.26319 secs using 376.1% CPU
Optimizing NNI: done in 5.02443 secs using 373.8% CPU
Optimizing NNI: done in 3.94615 secs using 375.1% CPU
Iteration 180 / LogL: -43029.315 / Time: 0h:21m:20s (0h:0m:50s left)
Optimizing NNI: done in 5.81625 secs using 380.5% CPU
Optimizing NNI: done in 5.14261 secs using 379.6% CPU
Optimizing NNI: done in 3.71641 secs using 373.9% CPU
Optimizing NNI: done in 3.78294 secs using 385.9% CPU
Optimizing NNI: done in 4.55759 secs using 377.9% CPU
Optimizing NNI: done in 4.74122 secs using 377.3% CPU
Optimizing NNI: done in 4.46442 secs using 377% CPU
Optimizing NNI: done in 4.22923 secs using 377.4% CPU
TREE SEARCH COMPLETED AFTER 188 ITERATIONS / Time: 0h:21m:56s

--------------------------------------------------------------------
|                    FINALIZING TREE SEARCH                        |
--------------------------------------------------------------------
Performs final model parameters optimization
Estimate model parameters (epsilon = 0.010)
1. Initial log-likelihood: -43029.314
Optimal log-likelihood: -43029.314
Rate parameters:  A-C: 1.21058  A-G: 5.20382  A-T: 0.49976  C-G: 1.50897  C-T: 5.15300  G-T: 1.00000
Base frequencies:  A: 0.215  C: 0.288  G: 0.276  T: 0.220
Gamma shape alpha: 0.327
Parameters optimization took 1 rounds (0.660 sec)
BEST SCORE FOUND : -43029.314
Total tree length: 0.650

Total number of iterations: 188
CPU time used for tree search: 4893.257 sec (1h:21m:33s)
Wall-clock time used for tree search: 1301.645 sec (0h:21m:41s)
Total CPU time used: 4951.384 sec (1h:22m:31s)
Total wall-clock time used: 1317.561 sec (0h:21m:57s)

Analysis results written to: 
  IQ-TREE report:                HTT_GTR.iqtree
  Maximum-likelihood tree:       HTT_GTR.treefile
  Likelihood distances:          HTT_GTR.mldist
  Screen log file:               HTT_GTR.log

Date and Time: Mon Jan 29 17:12:00 2024
