IQ-TREE multicore version 2.2.0-beta COVID-edition for Linux 64-bit built Dec 21 2021 built Dec 21 2021
Developed by Bui Quang Minh, James Barbetti, Nguyen Lam Tung,
Olga Chernomor, Heiko Schmidt, Dominik Schrempf, Michael Woodhams, Ly Trong Nhan.

Host:    awarnach (SSE3, 15 GB RAM)
Command: iqtree -s codon_alignments_v3_Jan24/MYO7A_codon_aligned.phy -m GTR+G4 -pre MYO7A_GTR -nt 4
Seed:    609570 (Using SPRNG - Scalable Parallel Random Number Generator)
Time:    Mon Jan 29 17:48:47 2024
Kernel:  SSE2 - 4 threads (4 CPU cores detected)

Reading alignment file codon_alignments_v3_Jan24/MYO7A_codon_aligned.phy ... Fasta format detected
Reading fasta file: done in 0.0320724 secs using 82.32% CPU
Alignment most likely contains DNA/RNA sequences
Constructing alignment: done in 0.0307735 secs using 47.87% CPU
Alignment has 89 sequences with 6531 columns, 1404 distinct patterns
553 parsimony-informative, 618 singleton sites, 5360 constant sites
                    Gap/Ambiguity  Composition  p-value
Analyzing sequences: done in 0.00119488 secs using 838.3% CPU
   1  Bacu_MYO7A           33.30%    passed     76.42%
   2  Barn_MYO7A           65.59%    passed     55.23%
   3  Bbai76728_MYO7A      43.18%    passed     99.28%
   4  BbonAUS_MYO7A        44.10%    passed     79.02%
   5  Bbor_MYO7A           40.51%    passed     81.36%
   6  Bede66737_MYO7A      36.52%    passed     90.02%
   7  BedeAUS_MYO7A        39.73%    passed     76.79%
   8  Bmus_MYO7A            0.00%    passed     98.27%
   9  Bmys_MYO7A           36.06%    passed     70.85%
  10  Bphy_MYO7A           33.30%    passed     74.12%
  11  Bphy_baits_MYO7A     44.60%    passed     73.71%
  12  Btau_MYO7A            0.00%    passed     89.38%
  13  Ccom40_MYO7A         68.40%    passed      9.36%
  14  Chea7320_MYO7A       46.44%    passed     78.36%
  15  Chir_MYO7A            0.00%    passed     96.21%
  16  Cmar59905_MYO7A      42.77%    passed     89.50%
  17  Dcap108471_MYO7A     38.86%    passed     98.74%
  18  Dcap79929_MYO7A      36.66%    passed     89.98%
  19  DdelSJR_MYO7A        41.62%    passed     96.48%
  20  Ddeltrop4525_MYO7A   46.03%    passed     97.63%
  21  Dleu_MYO7A            0.00%    passed     97.54%
  22  EausAUS_MYO7A        55.08%    passed     77.30%
  23  Egla13086_MYO7A      40.93%    passed     81.90%
  24  Ejap43864_MYO7A      41.30%    passed     96.47%
  25  Erob133443_MYO7A     47.50%    passed     87.95%
  26  Fatt_MYO7A           45.02%    passed     98.62%
  27  Ggri_MYO7A           41.07%    passed     89.94%
  28  Gmac39091_MYO7A      38.45%    passed     97.02%
  29  Gmel_MYO7A            0.00%    passed     87.23%
  30  Hamp_MYO7A           39.50%    passed     91.52%
  31  Hippo_MYO7A           0.00%    passed     96.12%
  32  Igeo_MYO7A           54.66%    passed     41.10%
  33  Kbre_MYO7A           41.34%    passed     87.79%
  34  Ksim_MYO7A           52.37%    passed     79.56%
  35  Lacu_MYO7A           50.16%    passed     76.42%
  36  Lalb_MYO7A           42.21%    passed     99.75%
  37  Laus_MYO7A           44.24%    passed     84.26%
  38  Lbor_MYO7A           60.63%    passed     52.65%
  39  Lhos30470_MYO7A      43.13%    passed     96.39%
  40  Lhos452_MYO7A        33.90%    passed     87.66%
  41  Lobl_MYO7A           36.24%    passed     74.80%
  42  Lobs_MYO7A           45.38%    passed     99.29%
  43  LperAUS_MYO7A        52.78%    passed     67.32%
  44  Lvex_MYO7A            0.00%    passed     98.12%
  45  Mbid_MYO7A           51.03%    passed     98.53%
  46  Mbow_MYO7A           44.60%    passed     84.60%
  47  Mcar_MYO7A           47.86%    passed     60.34%
  48  Mden_MYO7A           59.16%    passed     79.88%
  49  Meur_MYO7A           49.24%    passed     93.99%
  50  Mgin_MYO7A           46.21%    passed     76.55%
  51  Mhec_MYO7A           53.79%    passed     81.00%
  52  MlayAUS_MYO7A        54.85%    passed     74.96%
  53  Mmir_MYO7A           65.00%    passed     30.88%
  54  Mmon_MYO7A            0.00%    passed     97.11%
  55  Mper_MYO7A           48.23%    passed     97.65%
  56  Mpni_MYO7A           54.89%    passed     69.00%
  57  Mste_MYO7A           45.02%    passed     94.45%
  58  Naasi_MYO7A           0.00%    passed     96.05%
  59  Npho_MYO7A           35.32%    passed     95.31%
  60  Oari_MYO7A            0.00%    passed     93.62%
  61  Obre_MYO7A           41.20%    passed     97.74%
  62  Ohei_MYO7A           45.71%    passed     84.64%
  63  Oorc_MYO7A            0.00%    passed     82.07%
  64  Pbla7349_MYO7A       46.85%    passed     80.76%
  65  Pcra123188_MYO7A     44.24%    passed     86.22%
  66  Pdio_MYO7A           45.98%    passed     92.42%
  67  Pele_MYO7A           44.51%    passed     69.37%
  68  Pmac_MYO7A           61.51%    passed     59.08%
  69  Pcat_MYO7A           36.75%    passed     63.94%
  70  Ppho_MYO7A           44.46%    passed     99.29%
  71  Pspi_MYO7A           59.03%    passed     60.84%
  72  Psin_MYO7A            0.00%    passed     98.05%
  73  Satt18473_MYO7A      39.69%    passed     90.93%
  74  Satt38219_MYO7A      60.91%    passed     67.40%
  75  Sbre116871_MYO7A     41.71%    passed     97.37%
  76  Sbre18437_MYO7A      49.29%    passed     98.88%
  77  Schi_MYO7A           43.18%    passed     99.57%
  78  Scly1726_MYO7A       41.11%    passed     90.99%
  79  Scoe_MYO7A           39.46%    passed     94.54%
  80  Sflu9837_MYO7A       41.48%    passed     89.62%
  81  Sfro7782_MYO7A       47.54%    passed     98.24%
  82  Sfro7784_MYO7A       47.08%    passed     82.39%
  83  Slon16012_MYO7A      50.34%    passed     74.87%
  84  Slon24923_MYO7A      35.65%    passed     95.89%
  85  Sscr_MYO7A            0.40%    passed     12.65%
  86  Tadu79924_MYO7A      51.63%    passed     74.81%
  87  Tshe_MYO7A           45.84%    passed     95.55%
  88  Ttru_MYO7A           38.59%    passed     52.87%
  89  Zcav_MYO7A           55.21%    passed     52.05%
WARNING: 20 sequences contain more than 50% gaps/ambiguity
****  TOTAL                39.30%  0 sequences failed composition chi2 test (p-value<5%; df=3)
Checking for duplicate sequences: done in 0.00222068 secs using 255.9% CPU

Create initial parsimony tree by phylogenetic likelihood library (PLL)... 0.003 seconds

NOTE: 16 MB RAM (0 GB) is required!
Estimate model parameters (epsilon = 0.100)
1. Initial log-likelihood: -33540.013
2. Current log-likelihood: -29138.872
3. Current log-likelihood: -28182.842
4. Current log-likelihood: -28161.568
5. Current log-likelihood: -28153.201
6. Current log-likelihood: -28145.671
7. Current log-likelihood: -28143.895
8. Current log-likelihood: -28143.445
Optimal log-likelihood: -28143.341
Rate parameters:  A-C: 0.63202  A-G: 5.34785  A-T: 0.54974  C-G: 0.90792  C-T: 8.35858  G-T: 1.00000
Base frequencies:  A: 0.230  C: 0.299  G: 0.291  T: 0.180
Gamma shape alpha: 0.127
Parameters optimization took 8 rounds (5.823 sec)
Wrote distance file to... 
Computing ML distances based on estimated model parameters...
Calculating distance matrix: done in 0.0508468 secs using 404.4% CPU
Computing ML distances took 0.054220 sec (of wall-clock time) 0.208755 sec (of CPU time)
Setting up auxiliary I and S matrices: done in 0.00284046 secs
Constructing RapidNJ tree: done in 0.20224 secs using 67.17% CPU
Computing RapidNJ tree took 0.205279 sec (of wall-clock time) 0.135967 sec (of CPU time)
ERROR: Alignment sequence Bacu_MYO7A does not appear in the tree
(Ttru_MYO7A,Lhos452_MYO7A,((((((((((((((((((((Barn_MYO7A,Bbai76728_MYO7A),Mhec_MYO7A),Mper_MYO7A),Mpni_MYO7A),(Tshe_MYO7A,Hamp_MYO7A)),((((Mbow_MYO7A,Mden_MYO7A),Mcar_MYO7A),Mgin_MYO7A),Mste_MYO7A)),Meur_MYO7A),Mbid_MYO7A),Zcav_MYO7A),((Igeo_MYO7A,Mmir_MYO7A),MlayAUS_MYO7A)),(((((BbonAUS_MYO7A,((((Bbor_MYO7A,(Bede66737_MYO7A,BedeAUS_MYO7A)),Bmus_MYO7A),Erob133443_MYO7A),(Bphy_MYO7A,Bphy_baits_MYO7A))),Cmar59905_MYO7A),(((Bmys_MYO7A,Ejap43864_MYO7A),Egla13086_MYO7A),EausAUS_MYO7A)),((Btau_MYO7A,(Chir_MYO7A,Oari_MYO7A)),(Hippo_MYO7A,Sscr_MYO7A))),((Kbre_MYO7A,Ksim_MYO7A),(Pmac_MYO7A,Pcat_MYO7A)))),((Lvex_MYO7A,(Dleu_MYO7A,Mmon_MYO7A)),((((Psin_MYO7A,(Naasi_MYO7A,Pspi_MYO7A)),Npho_MYO7A),Pdio_MYO7A),Ppho_MYO7A))),Pbla7349_MYO7A),Lacu_MYO7A),Ccom40_MYO7A),((Sbre18437_MYO7A,Sbre116871_MYO7A),((((Fatt_MYO7A,Pcra123188_MYO7A),Ggri_MYO7A),Pele_MYO7A),(Gmac39091_MYO7A,Gmel_MYO7A)))),((Oorc_MYO7A,Lalb_MYO7A),(Ohei_MYO7A,Obre_MYO7A))),(((Lobl_MYO7A,Lobs_MYO7A),(Chea7320_MYO7A,Laus_MYO7A)),(LperAUS_MYO7A,Lbor_MYO7A))),Tadu79924_MYO7A),(((Satt38219_MYO7A,(Scoe_MYO7A,Satt18473_MYO7A)),(((Sfro7784_MYO7A,Sflu9837_MYO7A),(((Slon24923_MYO7A,Scly1726_MYO7A),Slon16012_MYO7A),Lhos30470_MYO7A)),((Dcap108471_MYO7A,(Dcap79929_MYO7A,DdelSJR_MYO7A)),Sfro7782_MYO7A))),(Ddeltrop4525_MYO7A,Schi_MYO7A))));
ERROR: Tree taxa and alignment sequence do not match (see above)
