IQ-TREE multicore version 2.2.0-beta COVID-edition for Linux 64-bit built Dec 21 2021 built Dec 21 2021
Developed by Bui Quang Minh, James Barbetti, Nguyen Lam Tung,
Olga Chernomor, Heiko Schmidt, Dominik Schrempf, Michael Woodhams, Ly Trong Nhan.

Host:    awarnach (SSE3, 15 GB RAM)
Command: iqtree -s codon_alignments_v3_Jan24/PCDH15_codon_aligned.phy -m GTR+G4 -pre PCDH15_GTR -nt 4
Seed:    519141 (Using SPRNG - Scalable Parallel Random Number Generator)
Time:    Mon Jan 29 16:07:18 2024
Kernel:  SSE2 - 4 threads (4 CPU cores detected)

Reading alignment file codon_alignments_v3_Jan24/PCDH15_codon_aligned.phy ... Fasta format detected
Reading fasta file: done in 0.021084 secs using 89.56% CPU
Alignment most likely contains DNA/RNA sequences
Constructing alignment: done in 0.0260186 secs using 61.94% CPU
Alignment has 90 sequences with 5352 columns, 1521 distinct patterns
1011 parsimony-informative, 698 singleton sites, 3643 constant sites
                     Gap/Ambiguity  Composition  p-value
Analyzing sequences: done in 0.00125039 secs using 97.65% CPU
   1  Bacu_PCDH15            2.19%    passed     37.71%
   2  Barn_PCDH15           45.96%    passed     72.47%
   3  Bbai76728_PCDH15      35.65%    passed     64.13%
   4  BbonAUS_PCDH15        23.71%    passed     95.90%
   5  Bbor_PCDH15           25.11%    passed     93.38%
   6  Bede66737_PCDH15      25.11%    passed     92.52%
   7  BedeAUS_PCDH15        25.11%    passed     92.52%
   8  Bmus_PCDH15            2.19%    passed     43.34%
   9  Bphy_baits_PCDH15     30.27%    passed     88.91%
  10  Btau_PCDH15            0.50%    failed      4.55%
  11  Ccom40_PCDH15         30.66%    passed     78.74%
  12  Cela_PCDH15            8.74%    passed     87.21%
  13  Chea7320_PCDH15       29.88%    passed     97.13%
  14  Cmar59905_PCDH15      26.01%    passed     80.53%
  15  Dcap108471_PCDH15     23.32%    passed     95.90%
  16  Dcap79929_PCDH15      34.92%    passed     85.56%
  17  DdelSJR_PCDH15        23.26%    passed     96.55%
  18  Ddeltrop4525_PCDH15   25.67%    passed     89.82%
  19  Dleu_PCDH15            0.50%    failed      0.94%
  20  EausAUS_PCDH15        23.71%    passed     95.31%
  21  Egla13086_PCDH15      27.35%    passed     88.92%
  22  Ejap43864_PCDH15      23.71%    passed     95.82%
  23  Erob133443_PCDH15     25.84%    passed     89.74%
  24  Fatt_PCDH15           23.26%    passed     95.78%
  25  Ggri_PCDH15           23.26%    passed     97.84%
  26  Gmac39091_PCDH15      23.26%    passed     97.19%
  27  Gmel_PCDH15            0.28%    failed      1.31%
  28  Hamp_PCDH15           23.54%    passed     94.87%
  29  Hippo_PCDH15           2.19%    passed     23.49%
  30  Igeo_PCDH15           48.99%    passed     87.79%
  31  Kbre_PCDH15           24.94%    passed     87.29%
  32  Ksim_PCDH15           31.89%    passed     80.29%
  33  Lacu_PCDH15           24.78%    passed     89.24%
  34  Lalb_PCDH15           23.26%    passed     98.32%
  35  Laus_PCDH15           26.18%    passed     67.94%
  36  Lbor_PCDH15           32.17%    passed     57.32%
  37  Lhos30470_PCDH15      34.98%    passed     60.69%
  38  Lhos452_PCDH15        23.26%    passed     96.92%
  39  Lobl_PCDH15            2.30%    passed     34.63%
  40  Lobs_PCDH15           25.39%    passed     97.61%
  41  LperAUS_PCDH15        23.32%    passed     98.15%
  42  Lvex_PCDH15           18.89%    failed      0.09%
  43  Mbid_PCDH15           41.82%    passed     87.90%
  44  Mbow_PCDH15           23.54%    passed     92.78%
  45  Mcar_PCDH15           23.54%    passed     93.99%
  46  Mden_PCDH15           28.14%    passed     89.45%
  47  Meur_PCDH15           23.54%    passed     93.51%
  48  Mgin_PCDH15           23.60%    passed     93.01%
  49  MgraAUS_PCDH15        38.68%    passed     94.95%
  50  Mhec_PCDH15           23.54%    passed     93.99%
  51  MlayAUS_PCDH15        23.54%    passed     94.10%
  52  Mmir_PCDH15           26.35%    passed     91.80%
  53  Mmon_PCDH15            0.11%    failed      0.79%
  54  Mper_PCDH15           23.54%    passed     92.77%
  55  Mpni_PCDH15           23.65%    passed     92.82%
  56  Mste_PCDH15           23.54%    passed     93.36%
  57  Naasi_PCDH15           0.39%    failed      2.08%
  58  Npho_PCDH15           30.89%    passed     97.84%
  59  Oari_PCDH15            0.56%    passed      8.43%
  60  Obre_PCDH15           23.26%    passed     98.86%
  61  Ohei_PCDH15           27.69%    passed     96.19%
  62  Oorc_PCDH15            1.74%    failed      2.06%
  63  Pbla7349_PCDH15       32.34%    passed     93.19%
  64  Pcat_PCDH15            2.24%    passed     45.34%
  65  Pcra123188_PCDH15     25.34%    passed     96.96%
  66  Pdal_PCDH15           52.02%    passed     20.80%
  67  Pdio_PCDH15           26.18%    passed     70.02%
  68  Pele_PCDH15           25.34%    passed     96.96%
  69  Pmac_PCDH15           25.28%    passed     86.43%
  70  Ppho_PCDH15           29.88%    passed     59.88%
  71  Psin_PCDH15            0.75%    failed      0.67%
  72  Pspi_PCDH15           29.93%    passed     77.25%
  73  Satt18473_PCDH15      26.85%    passed     92.43%
  74  Satt38219_PCDH15      25.39%    passed     95.26%
  75  Sbre116871_PCDH15     23.26%    passed     96.83%
  76  Sbre18437_PCDH15      25.45%    passed     96.89%
  77  Schi_PCDH15           23.21%    passed     95.28%
  78  Scly1724_PCDH15       42.99%    passed     98.18%
  79  Scly1726_PCDH15       25.45%    passed     96.56%
  80  Scoe_PCDH15           31.45%    passed     98.24%
  81  Sflu9837_PCDH15       23.32%    passed     97.23%
  82  Sfro7782_PCDH15       37.56%    passed     85.02%
  83  Sfro7784_PCDH15       23.26%    passed     95.78%
  84  Slon16012_PCDH15      23.26%    passed     97.38%
  85  Slon24923_PCDH15      23.26%    passed     96.00%
  86  Sscr_PCDH15            0.11%    failed      4.96%
  87  Tadu79924_PCDH15      23.26%    passed     97.21%
  88  Tshe_PCDH15           23.54%    passed     93.97%
  89  Ttru_PCDH15            0.22%    failed      1.33%
  90  Zcav_PCDH15           31.73%    passed     93.95%
WARNING: 1 sequences contain more than 50% gaps/ambiguity
****  TOTAL                 23.00%  10 sequences failed composition chi2 test (p-value<5%; df=3)
NOTE: BedeAUS_PCDH15 is identical to Bede66737_PCDH15 but kept for subsequent analysis
Checking for duplicate sequences: done in 0.00262327 secs using 406.7% CPU

Create initial parsimony tree by phylogenetic likelihood library (PLL)... 0.004 seconds

NOTE: 17 MB RAM (0 GB) is required!
Estimate model parameters (epsilon = 0.100)
1. Initial log-likelihood: -43868.800
2. Current log-likelihood: -37474.883
3. Current log-likelihood: -36378.700
4. Current log-likelihood: -36337.505
5. Current log-likelihood: -36332.275
6. Current log-likelihood: -36331.581
Optimal log-likelihood: -36331.462
Rate parameters:  A-C: 1.23323  A-G: 3.20232  A-T: 0.83927  C-G: 1.10329  C-T: 3.76230  G-T: 1.00000
Base frequencies:  A: 0.292  C: 0.223  G: 0.229  T: 0.256
Gamma shape alpha: 0.124
Parameters optimization took 6 rounds (4.194 sec)
Wrote distance file to... 
Computing ML distances based on estimated model parameters...
Calculating distance matrix: done in 0.0534304 secs using 387.5% CPU
Computing ML distances took 0.056270 sec (of wall-clock time) 0.216733 sec (of CPU time)
Setting up auxiliary I and S matrices: done in 0.00484053 secs using 200.4% CPU
Constructing RapidNJ tree: done in 0.21009 secs using 50.37% CPU
Computing RapidNJ tree took 0.215214 sec (of wall-clock time) 0.115709 sec (of CPU time)
Log-likelihood of RapidNJ tree: -24550.745
--------------------------------------------------------------------
|             INITIALIZING CANDIDATE TREE SET                      |
--------------------------------------------------------------------
Generating 98 parsimony trees... 1.270 second
Computing log-likelihood of 98 initial trees ... 11.418 seconds
Current best score: -24550.745

Do NNI search on 20 best initial trees
Optimizing NNI: done in 5.80388 secs using 373.6% CPU
Estimate model parameters (epsilon = 0.100)
BETTER TREE FOUND at iteration 1: -23926.617
Optimizing NNI: done in 13.2002 secs using 378.6% CPU
Optimizing NNI: done in 21.4614 secs using 376% CPU
WARNING: NNI search needs unusual large number of steps (90) to converge!
Optimizing NNI: done in 14.5433 secs using 378.1% CPU
Optimizing NNI: done in 14.244 secs using 376.9% CPU
Optimizing NNI: done in 16.8382 secs using 375.5% CPU
Optimizing NNI: done in 15.1529 secs using 373.1% CPU
Optimizing NNI: done in 13.0583 secs using 379.7% CPU
Optimizing NNI: done in 16.3614 secs using 376.1% CPU
Optimizing NNI: done in 10.5367 secs using 377.5% CPU
Iteration 10 / LogL: -24972.956 / Time: 0h:2m:44s
Optimizing NNI: done in 14.8846 secs using 373.2% CPU
Optimizing NNI: done in 11.9461 secs using 374.9% CPU
Optimizing NNI: done in 16.0381 secs using 379.1% CPU
Optimizing NNI: done in 19.8933 secs using 375.7% CPU
Optimizing NNI: done in 18.4405 secs using 378.9% CPU
Optimizing NNI: done in 16.1588 secs using 376.2% CPU
Optimizing NNI: done in 14.753 secs using 378.7% CPU
Optimizing NNI: done in 18.3926 secs using 375.9% CPU
Optimizing NNI: done in 17.4029 secs using 376% CPU
Optimizing NNI: done in 14.8425 secs using 378.1% CPU
Iteration 20 / LogL: -26473.812 / Time: 0h:5m:26s
Finish initializing candidate tree set (20)
Current best tree score: -23926.617 / CPU time: 319.511
Number of iterations: 20
--------------------------------------------------------------------
|               OPTIMIZING CANDIDATE TREE SET                      |
--------------------------------------------------------------------
Optimizing NNI: done in 3.27964 secs using 369.9% CPU
Optimizing NNI: done in 3.59981 secs using 381.8% CPU
Optimizing NNI: done in 3.67835 secs using 372.3% CPU
Optimizing NNI: done in 5.44833 secs using 378.9% CPU
Optimizing NNI: done in 3.77895 secs using 368.3% CPU
Estimate model parameters (epsilon = 0.100)
BETTER TREE FOUND at iteration 25: -23908.953
Optimizing NNI: done in 4.98872 secs using 377.9% CPU
Optimizing NNI: done in 3.34741 secs using 384.4% CPU
Optimizing NNI: done in 2.59729 secs using 378.7% CPU
Optimizing NNI: done in 5.5618 secs using 369.4% CPU
Optimizing NNI: done in 4.97253 secs using 378.8% CPU
Iteration 30 / LogL: -23923.862 / Time: 0h:6m:8s (0h:20m:7s left)
Optimizing NNI: done in 2.1465 secs using 377.4% CPU
Optimizing NNI: done in 2.76162 secs using 379.4% CPU
Optimizing NNI: done in 4.79541 secs using 377.3% CPU
Optimizing NNI: done in 2.59043 secs using 375.5% CPU
Optimizing NNI: done in 4.47379 secs using 374% CPU
Optimizing NNI: done in 3.02653 secs using 382% CPU
Optimizing NNI: done in 3.90069 secs using 374.5% CPU
Optimizing NNI: done in 4.3756 secs using 378.6% CPU
Optimizing NNI: done in 2.54853 secs using 374.4% CPU
Estimate model parameters (epsilon = 0.100)
BETTER TREE FOUND at iteration 39: -23908.781
Optimizing NNI: done in 3.81198 secs using 384.8% CPU
Iteration 40 / LogL: -23911.083 / Time: 0h:6m:43s (0h:17m:4s left)
Optimizing NNI: done in 4.48969 secs using 374.7% CPU
Optimizing NNI: done in 2.76055 secs using 379.5% CPU
Estimate model parameters (epsilon = 0.100)
BETTER TREE FOUND at iteration 42: -23908.588
Optimizing NNI: done in 3.19367 secs using 381.7% CPU
Optimizing NNI: done in 3.48659 secs using 385.8% CPU
Estimate model parameters (epsilon = 0.100)
BETTER TREE FOUND at iteration 44: -23906.554
Optimizing NNI: done in 3.54523 secs using 384.2% CPU
Estimate model parameters (epsilon = 0.100)
BETTER TREE FOUND at iteration 45: -23905.140
Optimizing NNI: done in 2.77788 secs using 383.1% CPU
Optimizing NNI: done in 5.41235 secs using 373.7% CPU
Optimizing NNI: done in 3.08978 secs using 379.5% CPU
Optimizing NNI: done in 3.10238 secs using 380.9% CPU
Optimizing NNI: done in 3.24586 secs using 370.8% CPU
BETTER TREE FOUND at iteration 50: -23905.138
Iteration 50 / LogL: -23905.138 / Time: 0h:7m:20s (0h:14m:58s left)
Optimizing NNI: done in 3.05289 secs using 380.9% CPU
Optimizing NNI: done in 3.2561 secs using 384.6% CPU
Optimizing NNI: done in 3.71126 secs using 373.1% CPU
Optimizing NNI: done in 2.83567 secs using 381.5% CPU
Optimizing NNI: done in 3.26248 secs using 384.9% CPU
Optimizing NNI: done in 3.55611 secs using 373.5% CPU
Optimizing NNI: done in 2.56017 secs using 376.3% CPU
Estimate model parameters (epsilon = 0.100)
BETTER TREE FOUND at iteration 57: -23903.383
Optimizing NNI: done in 3.01817 secs using 379% CPU
Optimizing NNI: done in 3.45755 secs using 370.6% CPU
Optimizing NNI: done in 3.93162 secs using 377.8% CPU
Iteration 60 / LogL: -23907.886 / Time: 0h:7m:53s (0h:12m:58s left)
Optimizing NNI: done in 3.00656 secs using 370.3% CPU
Optimizing NNI: done in 3.06356 secs using 378.7% CPU
Optimizing NNI: done in 3.04106 secs using 375.2% CPU
Optimizing NNI: done in 3.77747 secs using 363.9% CPU
Estimate model parameters (epsilon = 0.100)
BETTER TREE FOUND at iteration 64: -23903.300
Optimizing NNI: done in 2.80609 secs using 378.5% CPU
Optimizing NNI: done in 3.69717 secs using 369.1% CPU
BETTER TREE FOUND at iteration 66: -23903.296
Optimizing NNI: done in 3.35205 secs using 386.3% CPU
Optimizing NNI: done in 4.06297 secs using 376.6% CPU
Optimizing NNI: done in 3.64918 secs using 382.2% CPU
Optimizing NNI: done in 3.61233 secs using 371.6% CPU
Iteration 70 / LogL: -23910.551 / Time: 0h:8m:27s (0h:11m:46s left)
Optimizing NNI: done in 2.59114 secs using 381.1% CPU
Optimizing NNI: done in 2.96292 secs using 377.3% CPU
Optimizing NNI: done in 2.47995 secs using 379.6% CPU
Optimizing NNI: done in 3.74795 secs using 373.8% CPU
Optimizing NNI: done in 3.33239 secs using 383.3% CPU
Optimizing NNI: done in 3.97237 secs using 375.3% CPU
Optimizing NNI: done in 3.10127 secs using 381.2% CPU
Optimizing NNI: done in 2.29553 secs using 369.4% CPU
Optimizing NNI: done in 2.58929 secs using 378.5% CPU
Optimizing NNI: done in 3.6259 secs using 370.6% CPU
BETTER TREE FOUND at iteration 80: -23903.294
Iteration 80 / LogL: -23903.294 / Time: 0h:8m:58s (0h:11m:22s left)
Optimizing NNI: done in 3.75611 secs using 385.5% CPU
Optimizing NNI: done in 3.17892 secs using 359.1% CPU
Optimizing NNI: done in 2.97834 secs using 381.7% CPU
Optimizing NNI: done in 3.03652 secs using 382% CPU
Optimizing NNI: done in 3.94496 secs using 365.4% CPU
Optimizing NNI: done in 4.07055 secs using 376.9% CPU
Optimizing NNI: done in 2.60885 secs using 379.5% CPU
Optimizing NNI: done in 5.54823 secs using 381.2% CPU
Estimate model parameters (epsilon = 0.100)
BETTER TREE FOUND at iteration 88: -23642.447
Optimizing NNI: done in 2.77217 secs using 379.7% CPU
Optimizing NNI: done in 3.16868 secs using 382.3% CPU
Iteration 90 / LogL: -23910.850 / Time: 0h:9m:35s (0h:10m:33s left)
Optimizing NNI: done in 2.65072 secs using 378.3% CPU
Optimizing NNI: done in 4.13973 secs using 372.5% CPU
Optimizing NNI: done in 7.03848 secs using 376.1% CPU
Estimate model parameters (epsilon = 0.100)
BETTER TREE FOUND at iteration 93: -23640.254
Optimizing NNI: done in 7.18744 secs using 376.2% CPU
Optimizing NNI: done in 3.19483 secs using 383.7% CPU
Optimizing NNI: done in 2.38129 secs using 377.4% CPU
Optimizing NNI: done in 6.94823 secs using 374.8% CPU
Optimizing NNI: done in 7.94162 secs using 374.7% CPU
Optimizing NNI: done in 6.37106 secs using 380.8% CPU
Optimizing NNI: done in 4.43845 secs using 376% CPU
Iteration 100 / LogL: -23640.256 / Time: 0h:10m:28s (0h:9m:50s left)
Optimizing NNI: done in 5.90159 secs using 375.2% CPU
Optimizing NNI: done in 5.48168 secs using 377.8% CPU
Optimizing NNI: done in 5.87872 secs using 380.3% CPU
Optimizing NNI: done in 6.40548 secs using 377.6% CPU
Optimizing NNI: done in 4.89173 secs using 380.5% CPU
Optimizing NNI: done in 6.55958 secs using 375.8% CPU
Optimizing NNI: done in 5.63939 secs using 378.7% CPU
Optimizing NNI: done in 4.58385 secs using 377.3% CPU
Optimizing NNI: done in 2.98553 secs using 377.9% CPU
Optimizing NNI: done in 6.08116 secs using 373.8% CPU
Iteration 110 / LogL: -23646.665 / Time: 0h:11m:22s (0h:8m:39s left)
Optimizing NNI: done in 11.512 secs using 377.1% CPU
Optimizing NNI: done in 6.21964 secs using 383% CPU
Optimizing NNI: done in 6.21415 secs using 374.5% CPU
Optimizing NNI: done in 5.20968 secs using 380.6% CPU
Optimizing NNI: done in 6.66019 secs using 376.6% CPU
Optimizing NNI: done in 2.98673 secs using 381.9% CPU
Optimizing NNI: done in 4.61842 secs using 375.7% CPU
Optimizing NNI: done in 4.24669 secs using 373.3% CPU
Optimizing NNI: done in 5.34007 secs using 378.9% CPU
Optimizing NNI: done in 2.61972 secs using 380.7% CPU
Estimate model parameters (epsilon = 0.100)
BETTER TREE FOUND at iteration 120: -23638.260
Iteration 120 / LogL: -23638.260 / Time: 0h:12m:18s (0h:10m:20s left)
Optimizing NNI: done in 5.23842 secs using 369.8% CPU
Optimizing NNI: done in 1.5607 secs using 398.8% CPU
Optimizing NNI: done in 2.73949 secs using 379% CPU
Optimizing NNI: done in 6.94923 secs using 378.1% CPU
Optimizing NNI: done in 3.77919 secs using 376.1% CPU
Optimizing NNI: done in 4.35058 secs using 376.1% CPU
Optimizing NNI: done in 3.93139 secs using 384.4% CPU
Estimate model parameters (epsilon = 0.100)
BETTER TREE FOUND at iteration 127: -23635.326
Optimizing NNI: done in 5.50101 secs using 380.8% CPU
Optimizing NNI: done in 4.78684 secs using 373.7% CPU
Optimizing NNI: done in 4.89849 secs using 377.3% CPU
Iteration 130 / LogL: -23639.105 / Time: 0h:13m:3s (0h:9m:49s left)
Optimizing NNI: done in 7.79162 secs using 379.6% CPU
Optimizing NNI: done in 4.58792 secs using 377.5% CPU
Optimizing NNI: done in 4.38709 secs using 371.8% CPU
Optimizing NNI: done in 3.82369 secs using 376.7% CPU
Optimizing NNI: done in 3.42369 secs using 378.7% CPU
Optimizing NNI: done in 3.11316 secs using 381.4% CPU
Optimizing NNI: done in 4.7241 secs using 377% CPU
Estimate model parameters (epsilon = 0.100)
BETTER TREE FOUND at iteration 137: -23632.975
Optimizing NNI: done in 4.71144 secs using 377.3% CPU
Optimizing NNI: done in 3.7355 secs using 374.8% CPU
Optimizing NNI: done in 3.02082 secs using 381.9% CPU
Iteration 140 / LogL: -23647.742 / Time: 0h:13m:47s (0h:9m:37s left)
Optimizing NNI: done in 3.31354 secs using 372.3% CPU
Optimizing NNI: done in 3.55009 secs using 384.5% CPU
Optimizing NNI: done in 4.74084 secs using 378.1% CPU
Optimizing NNI: done in 4.49047 secs using 378.2% CPU
Optimizing NNI: done in 4.20571 secs using 374% CPU
Optimizing NNI: done in 4.06131 secs using 384.3% CPU
Estimate model parameters (epsilon = 0.100)
BETTER TREE FOUND at iteration 146: -23171.988
Optimizing NNI: done in 4.24704 secs using 375% CPU
Optimizing NNI: done in 3.30044 secs using 384% CPU
Optimizing NNI: done in 4.02711 secs using 376.5% CPU
Optimizing NNI: done in 3.26587 secs using 381.8% CPU
Iteration 150 / LogL: -23655.982 / Time: 0h:14m:28s (0h:9m:19s left)
Optimizing NNI: done in 4.07049 secs using 374.3% CPU
Optimizing NNI: done in 3.04926 secs using 381.3% CPU
Optimizing NNI: done in 3.20683 secs using 368.7% CPU
BETTER TREE FOUND at iteration 153: -23171.985
Optimizing NNI: done in 3.27737 secs using 383.5% CPU
Optimizing NNI: done in 3.33094 secs using 382.5% CPU
Optimizing NNI: done in 4.44009 secs using 375.2% CPU
Optimizing NNI: done in 4.3703 secs using 378.9% CPU
BETTER TREE FOUND at iteration 157: -23171.980
Optimizing NNI: done in 5.43011 secs using 379.3% CPU
Optimizing NNI: done in 5.31457 secs using 375% CPU
Optimizing NNI: done in 3.06088 secs using 379.4% CPU
Iteration 160 / LogL: -23185.992 / Time: 0h:15m:7s (0h:9m:13s left)
Optimizing NNI: done in 3.17613 secs using 383.7% CPU
Estimate model parameters (epsilon = 0.100)
BETTER TREE FOUND at iteration 161: -23156.962
Optimizing NNI: done in 3.56464 secs using 383.8% CPU
Estimate model parameters (epsilon = 0.100)
BETTER TREE FOUND at iteration 162: -23151.786
Optimizing NNI: done in 3.96122 secs using 376.5% CPU
Optimizing NNI: done in 2.79371 secs using 382.3% CPU
Optimizing NNI: done in 4.02343 secs using 372.9% CPU
Optimizing NNI: done in 3.08987 secs using 380.4% CPU
Optimizing NNI: done in 4.07775 secs using 374.3% CPU
Optimizing NNI: done in 2.73064 secs using 381.6% CPU
Optimizing NNI: done in 2.0752 secs using 376.4% CPU
Optimizing NNI: done in 3.47658 secs using 383.3% CPU
Iteration 170 / LogL: -23171.849 / Time: 0h:15m:42s (0h:8m:32s left)
Optimizing NNI: done in 2.6964 secs using 380.3% CPU
Optimizing NNI: done in 2.99217 secs using 364% CPU
Optimizing NNI: done in 2.74196 secs using 382.3% CPU
Optimizing NNI: done in 3.7146 secs using 387.4% CPU
Optimizing NNI: done in 3.62756 secs using 372.4% CPU
Optimizing NNI: done in 4.67522 secs using 378.4% CPU
Optimizing NNI: done in 3.08794 secs using 381.1% CPU
Optimizing NNI: done in 2.52502 secs using 379.3% CPU
Estimate model parameters (epsilon = 0.100)
BETTER TREE FOUND at iteration 178: -23151.734
Optimizing NNI: done in 4.24127 secs using 375.6% CPU
Optimizing NNI: done in 2.08001 secs using 375.7% CPU
Iteration 180 / LogL: -23156.964 / Time: 0h:16m:15s (0h:8m:53s left)
Optimizing NNI: done in 4.27594 secs using 376.4% CPU
Optimizing NNI: done in 3.48582 secs using 387.2% CPU
Optimizing NNI: done in 3.30029 secs using 369.5% CPU
Optimizing NNI: done in 2.85517 secs using 379.6% CPU
Optimizing NNI: done in 3.43134 secs using 385.8% CPU
Optimizing NNI: done in 4.79487 secs using 378.9% CPU
Optimizing NNI: done in 3.86587 secs using 372.9% CPU
Optimizing NNI: done in 3.134 secs using 382% CPU
Optimizing NNI: done in 3.31461 secs using 371.4% CPU
Optimizing NNI: done in 2.60018 secs using 380.6% CPU
Iteration 190 / LogL: -23152.075 / Time: 0h:16m:50s (0h:7m:50s left)
Optimizing NNI: done in 2.72641 secs using 382.3% CPU
Estimate model parameters (epsilon = 0.100)
BETTER TREE FOUND at iteration 191: -23151.495
Optimizing NNI: done in 2.29472 secs using 373.3% CPU
Optimizing NNI: done in 3.01842 secs using 381.6% CPU
Optimizing NNI: done in 3.80843 secs using 374.3% CPU
Optimizing NNI: done in 5.1032 secs using 374.3% CPU
Optimizing NNI: done in 5.48971 secs using 381.5% CPU
Optimizing NNI: done in 3.38074 secs using 367.8% CPU
Estimate model parameters (epsilon = 0.100)
BETTER TREE FOUND at iteration 197: -23151.219
Optimizing NNI: done in 5.13781 secs using 380.5% CPU
Optimizing NNI: done in 4.60695 secs using 374.7% CPU
Optimizing NNI: done in 4.23311 secs using 377% CPU
Iteration 200 / LogL: -23153.806 / Time: 0h:17m:30s (0h:8m:32s left)
Optimizing NNI: done in 3.7229 secs using 383.4% CPU
Optimizing NNI: done in 4.34222 secs using 374.8% CPU
Optimizing NNI: done in 4.97572 secs using 378.7% CPU
Optimizing NNI: done in 4.71248 secs using 378.3% CPU
Optimizing NNI: done in 4.16857 secs using 374.4% CPU
Optimizing NNI: done in 5.50624 secs using 380.4% CPU
Optimizing NNI: done in 3.78779 secs using 373% CPU
Optimizing NNI: done in 3.45696 secs using 384.7% CPU
Optimizing NNI: done in 3.49419 secs using 372.5% CPU
Optimizing NNI: done in 2.50342 secs using 380.1% CPU
Iteration 210 / LogL: -23152.354 / Time: 0h:18m:11s (0h:7m:34s left)
Optimizing NNI: done in 3.84761 secs using 384.4% CPU
Estimate model parameters (epsilon = 0.100)
BETTER TREE FOUND at iteration 211: -23150.926
Optimizing NNI: done in 3.57335 secs using 371.3% CPU
Optimizing NNI: done in 2.90022 secs using 383.4% CPU
Optimizing NNI: done in 4.79763 secs using 377.9% CPU
Optimizing NNI: done in 3.83258 secs using 366.9% CPU
Optimizing NNI: done in 2.87804 secs using 383% CPU
Optimizing NNI: done in 3.05038 secs using 383.3% CPU
Optimizing NNI: done in 4.98888 secs using 378% CPU
Optimizing NNI: done in 3.99483 secs using 372.6% CPU
Optimizing NNI: done in 4.88386 secs using 379.6% CPU
Iteration 220 / LogL: -23151.737 / Time: 0h:18m:51s (0h:7m:49s left)
Optimizing NNI: done in 2.80243 secs using 382.9% CPU
Optimizing NNI: done in 3.92135 secs using 371.4% CPU
Optimizing NNI: done in 3.58155 secs using 386.1% CPU
Optimizing NNI: done in 2.64892 secs using 379% CPU
Optimizing NNI: done in 3.53911 secs using 374.6% CPU
Optimizing NNI: done in 4.23469 secs using 375.6% CPU
Optimizing NNI: done in 3.46048 secs using 381.8% CPU
Optimizing NNI: done in 3.50155 secs using 364.8% CPU
Optimizing NNI: done in 5.26739 secs using 381.3% CPU
Optimizing NNI: done in 2.99459 secs using 380.6% CPU
Iteration 230 / LogL: -23150.995 / Time: 0h:19m:27s (0h:6m:52s left)
Optimizing NNI: done in 3.35447 secs using 376.6% CPU
Optimizing NNI: done in 3.2597 secs using 380.1% CPU
Optimizing NNI: done in 3.58394 secs using 384.8% CPU
Optimizing NNI: done in 4.74754 secs using 378.7% CPU
Optimizing NNI: done in 2.80468 secs using 362.9% CPU
Optimizing NNI: done in 2.95439 secs using 377.6% CPU
Optimizing NNI: done in 2.72547 secs using 382.9% CPU
Optimizing NNI: done in 5.05347 secs using 373.6% CPU
Optimizing NNI: done in 3.87771 secs using 368.2% CPU
Estimate model parameters (epsilon = 0.100)
BETTER TREE FOUND at iteration 239: -23148.268
Optimizing NNI: done in 8.8651 secs using 377.9% CPU
Iteration 240 / LogL: -23164.116 / Time: 0h:20m:9s (0h:8m:20s left)
Optimizing NNI: done in 2.49566 secs using 380.4% CPU
Optimizing NNI: done in 2.27955 secs using 376% CPU
Optimizing NNI: done in 3.03052 secs using 381.7% CPU
Optimizing NNI: done in 2.25192 secs using 379.5% CPU
Optimizing NNI: done in 3.44397 secs using 382.9% CPU
Optimizing NNI: done in 2.39396 secs using 378.2% CPU
Estimate model parameters (epsilon = 0.100)
BETTER TREE FOUND at iteration 246: -23147.260
Optimizing NNI: done in 1.54171 secs using 397.9% CPU
Optimizing NNI: done in 3.65741 secs using 371.7% CPU
Optimizing NNI: done in 3.22528 secs using 379.5% CPU
Optimizing NNI: done in 2.99504 secs using 383.7% CPU
Iteration 250 / LogL: -23150.938 / Time: 0h:20m:37s (0h:7m:56s left)
Optimizing NNI: done in 3.69561 secs using 373.7% CPU
Optimizing NNI: done in 4.38656 secs using 374.4% CPU
Optimizing NNI: done in 2.22514 secs using 374.8% CPU
Optimizing NNI: done in 3.65587 secs using 385.9% CPU
Optimizing NNI: done in 3.2924 secs using 369.5% CPU
Optimizing NNI: done in 2.95478 secs using 382.4% CPU
Optimizing NNI: done in 2.82556 secs using 382% CPU
Optimizing NNI: done in 2.96618 secs using 381.5% CPU
Optimizing NNI: done in 3.23733 secs using 370.6% CPU
Optimizing NNI: done in 2.9292 secs using 381.9% CPU
Iteration 260 / LogL: -23148.276 / Time: 0h:21m:9s (0h:7m:1s left)
Optimizing NNI: done in 8.04032 secs using 380.2% CPU
Optimizing NNI: done in 2.95412 secs using 376.8% CPU
Optimizing NNI: done in 4.26788 secs using 381.6% CPU
Optimizing NNI: done in 3.71821 secs using 373.7% CPU
Optimizing NNI: done in 4.60256 secs using 376.3% CPU
Optimizing NNI: done in 3.1469 secs using 383.8% CPU
Optimizing NNI: done in 2.65577 secs using 382.5% CPU
Optimizing NNI: done in 3.8665 secs using 371.6% CPU
Optimizing NNI: done in 2.89686 secs using 382.2% CPU
Optimizing NNI: done in 5.18537 secs using 380.8% CPU
Iteration 270 / LogL: -23154.363 / Time: 0h:21m:51s (0h:6m:10s left)
Optimizing NNI: done in 2.68623 secs using 381.2% CPU
Estimate model parameters (epsilon = 0.100)
BETTER TREE FOUND at iteration 271: -23147.072
Optimizing NNI: done in 3.74029 secs using 383% CPU
Optimizing NNI: done in 4.68397 secs using 377.3% CPU
Estimate model parameters (epsilon = 0.100)
BETTER TREE FOUND at iteration 273: -23147.044
Optimizing NNI: done in 3.19632 secs using 370% CPU
Optimizing NNI: done in 2.8351 secs using 380.1% CPU
Optimizing NNI: done in 2.36187 secs using 380.6% CPU
Optimizing NNI: done in 4.41764 secs using 374.7% CPU
Optimizing NNI: done in 3.64328 secs using 386.2% CPU
Optimizing NNI: done in 3.40084 secs using 369.7% CPU
Optimizing NNI: done in 3.23326 secs using 383.6% CPU
Iteration 280 / LogL: -23147.074 / Time: 0h:22m:26s (0h:7m:28s left)
Optimizing NNI: done in 3.98373 secs using 376% CPU
Optimizing NNI: done in 2.67682 secs using 378.9% CPU
BETTER TREE FOUND at iteration 282: -23147.042
Optimizing NNI: done in 2.71801 secs using 379.3% CPU
Optimizing NNI: done in 3.04274 secs using 383.1% CPU
Optimizing NNI: done in 2.70155 secs using 380.4% CPU
Optimizing NNI: done in 6.25781 secs using 375.4% CPU
Estimate model parameters (epsilon = 0.100)
BETTER TREE FOUND at iteration 286: -23146.303
Optimizing NNI: done in 3.70127 secs using 374.8% CPU
Optimizing NNI: done in 5.05815 secs using 376.2% CPU
Optimizing NNI: done in 3.35736 secs using 380% CPU
Optimizing NNI: done in 2.99913 secs using 380.9% CPU
Iteration 290 / LogL: -23149.052 / Time: 0h:23m:3s (0h:7m:39s left)
Optimizing NNI: done in 4.36003 secs using 378.4% CPU
Optimizing NNI: done in 2.77104 secs using 378.6% CPU
BETTER TREE FOUND at iteration 292: -23146.301
Optimizing NNI: done in 3.9291 secs using 369.3% CPU
Optimizing NNI: done in 2.76792 secs using 380.3% CPU
Optimizing NNI: done in 5.77503 secs using 374.4% CPU
Optimizing NNI: done in 5.21384 secs using 379.6% CPU
Optimizing NNI: done in 2.85881 secs using 382.7% CPU
Optimizing NNI: done in 4.81648 secs using 376.8% CPU
Optimizing NNI: done in 2.94568 secs using 384.2% CPU
Optimizing NNI: done in 5.72645 secs using 373.9% CPU
Iteration 300 / LogL: -23153.524 / Time: 0h:23m:44s (0h:7m:18s left)
Optimizing NNI: done in 4.18568 secs using 383.5% CPU
Optimizing NNI: done in 4.86712 secs using 379.4% CPU
Estimate model parameters (epsilon = 0.100)
BETTER TREE FOUND at iteration 302: -23144.879
Optimizing NNI: done in 3.53334 secs using 385.8% CPU
Optimizing NNI: done in 4.3106 secs using 375.6% CPU
Optimizing NNI: done in 2.65172 secs using 380.8% CPU
Optimizing NNI: done in 3.86519 secs using 374.2% CPU
Optimizing NNI: done in 2.20336 secs using 373.6% CPU
Optimizing NNI: done in 2.51908 secs using 380.8% CPU
Optimizing NNI: done in 2.69709 secs using 377.6% CPU
Estimate model parameters (epsilon = 0.100)
BETTER TREE FOUND at iteration 309: -23144.143
Optimizing NNI: done in 5.6788 secs using 378.4% CPU
Iteration 310 / LogL: -23150.858 / Time: 0h:24m:22s (0h:7m:48s left)
Optimizing NNI: done in 5.95618 secs using 374.6% CPU
Optimizing NNI: done in 3.31742 secs using 382.4% CPU
Optimizing NNI: done in 5.7722 secs using 375.4% CPU
Optimizing NNI: done in 5.03071 secs using 375.4% CPU
Optimizing NNI: done in 4.79086 secs using 378.3% CPU
Optimizing NNI: done in 3.7864 secs using 383.5% CPU
Optimizing NNI: done in 3.67345 secs using 374.6% CPU
Optimizing NNI: done in 3.58541 secs using 382.5% CPU
Optimizing NNI: done in 4.24571 secs using 371.9% CPU
Optimizing NNI: done in 3.52849 secs using 370.9% CPU
Estimate model parameters (epsilon = 0.100)
BETTER TREE FOUND at iteration 320: -23142.909
Iteration 320 / LogL: -23142.909 / Time: 0h:25m:6s (0h:7m:52s left)
Optimizing NNI: done in 3.27882 secs using 383.7% CPU
Optimizing NNI: done in 2.90826 secs using 377.9% CPU
Optimizing NNI: done in 5.8666 secs using 373.4% CPU
Optimizing NNI: done in 2.33408 secs using 375.7% CPU
Optimizing NNI: done in 4.4546 secs using 378% CPU
Optimizing NNI: done in 5.24039 secs using 380.7% CPU
Optimizing NNI: done in 2.55262 secs using 375.1% CPU
Optimizing NNI: done in 4.26712 secs using 376.2% CPU
Optimizing NNI: done in 2.89769 secs using 383.7% CPU
Estimate model parameters (epsilon = 0.100)
BETTER TREE FOUND at iteration 329: -23142.713
Optimizing NNI: done in 3.99941 secs using 370.8% CPU
Iteration 330 / LogL: -23158.866 / Time: 0h:25m:44s (0h:7m:44s left)
Optimizing NNI: done in 3.06856 secs using 383.1% CPU
Optimizing NNI: done in 4.53885 secs using 371.4% CPU
Optimizing NNI: done in 2.43623 secs using 379.3% CPU
Estimate model parameters (epsilon = 0.100)
BETTER TREE FOUND at iteration 333: -23142.384
Optimizing NNI: done in 2.57614 secs using 376.4% CPU
Optimizing NNI: done in 3.53801 secs using 372.1% CPU
Optimizing NNI: done in 3.48111 secs using 386.2% CPU
Optimizing NNI: done in 4.61856 secs using 377.2% CPU
Optimizing NNI: done in 3.15471 secs using 381.8% CPU
Optimizing NNI: done in 5.16392 secs using 373.3% CPU
Optimizing NNI: done in 5.89939 secs using 378.2% CPU
Iteration 340 / LogL: -23144.884 / Time: 0h:26m:23s (0h:7m:14s left)
Optimizing NNI: done in 4.91302 secs using 376.9% CPU
Optimizing NNI: done in 3.96964 secs using 374.2% CPU
Optimizing NNI: done in 3.5695 secs using 385.8% CPU
Optimizing NNI: done in 4.22492 secs using 370.7% CPU
Optimizing NNI: done in 4.2357 secs using 373.8% CPU
Optimizing NNI: done in 2.32701 secs using 379.2% CPU
Optimizing NNI: done in 3.08391 secs using 382.1% CPU
Optimizing NNI: done in 4.22934 secs using 374% CPU
Optimizing NNI: done in 3.57398 secs using 385.9% CPU
Optimizing NNI: done in 3.0479 secs using 367.5% CPU
Iteration 350 / LogL: -23142.915 / Time: 0h:27m:1s (0h:6m:25s left)
Optimizing NNI: done in 3.78843 secs using 386.1% CPU
Optimizing NNI: done in 4.29906 secs using 377.1% CPU
Optimizing NNI: done in 2.89471 secs using 379% CPU
BETTER TREE FOUND at iteration 353: -23142.383
Optimizing NNI: done in 3.50314 secs using 370.6% CPU
Optimizing NNI: done in 2.77783 secs using 379% CPU
Optimizing NNI: done in 2.79752 secs using 379.9% CPU
Optimizing NNI: done in 3.05214 secs using 384.1% CPU
Optimizing NNI: done in 3.57234 secs using 372.4% CPU
Optimizing NNI: done in 4.54684 secs using 376.2% CPU
Optimizing NNI: done in 3.36764 secs using 385.4% CPU
BETTER TREE FOUND at iteration 360: -23142.383
Iteration 360 / LogL: -23142.383 / Time: 0h:27m:35s (0h:7m:41s left)
Optimizing NNI: done in 3.6166 secs using 372.6% CPU
Optimizing NNI: done in 3.9557 secs using 382.5% CPU
Optimizing NNI: done in 5.57895 secs using 370.7% CPU
Optimizing NNI: done in 4.77656 secs using 376.7% CPU
Optimizing NNI: done in 2.6766 secs using 382.1% CPU
Optimizing NNI: done in 5.88505 secs using 380.6% CPU
Optimizing NNI: done in 3.82417 secs using 374.2% CPU
Optimizing NNI: done in 4.4365 secs using 374% CPU
Optimizing NNI: done in 3.3505 secs using 384.1% CPU
Optimizing NNI: done in 2.57991 secs using 375.6% CPU
Iteration 370 / LogL: -23142.747 / Time: 0h:28m:16s (0h:6m:53s left)
Optimizing NNI: done in 4.57547 secs using 377.1% CPU
Optimizing NNI: done in 3.78593 secs using 373.9% CPU
Optimizing NNI: done in 3.22119 secs using 382.7% CPU
Optimizing NNI: done in 3.04186 secs using 383.1% CPU
Optimizing NNI: done in 6.31414 secs using 376.5% CPU
BETTER TREE FOUND at iteration 375: -23142.383
Optimizing NNI: done in 2.25002 secs using 378% CPU
BETTER TREE FOUND at iteration 376: -23142.382
Optimizing NNI: done in 4.32273 secs using 372.6% CPU
Optimizing NNI: done in 4.85329 secs using 380.4% CPU
Optimizing NNI: done in 2.38929 secs using 376.8% CPU
Optimizing NNI: done in 2.48237 secs using 381.3% CPU
Iteration 380 / LogL: -23142.383 / Time: 0h:28m:54s (0h:7m:19s left)
Optimizing NNI: done in 2.68371 secs using 380.8% CPU
Optimizing NNI: done in 4.20762 secs using 375.9% CPU
Optimizing NNI: done in 4.49233 secs using 377.1% CPU
Optimizing NNI: done in 3.77915 secs using 381.8% CPU
Optimizing NNI: done in 2.62204 secs using 380.7% CPU
Optimizing NNI: done in 4.34076 secs using 376.8% CPU
Optimizing NNI: done in 4.5973 secs using 377.3% CPU
Optimizing NNI: done in 4.10947 secs using 376.4% CPU
Optimizing NNI: done in 5.50077 secs using 380.5% CPU
Optimizing NNI: done in 3.06436 secs using 382.4% CPU
Iteration 390 / LogL: -23142.383 / Time: 0h:29m:33s (0h:6m:32s left)
Optimizing NNI: done in 2.41963 secs using 380.3% CPU
Optimizing NNI: done in 3.33976 secs using 369.1% CPU
Optimizing NNI: done in 4.2101 secs using 371.4% CPU
Optimizing NNI: done in 3.84084 secs using 386.4% CPU
Optimizing NNI: done in 2.86468 secs using 377.8% CPU
Optimizing NNI: done in 3.6782 secs using 373% CPU
Optimizing NNI: done in 4.73318 secs using 378.7% CPU
Optimizing NNI: done in 5.34535 secs using 379% CPU
Optimizing NNI: done in 5.01755 secs using 380.7% CPU
Optimizing NNI: done in 4.17065 secs using 371.8% CPU
Iteration 400 / LogL: -23145.069 / Time: 0h:30m:13s (0h:5m:45s left)
Optimizing NNI: done in 4.97055 secs using 379.1% CPU
Optimizing NNI: done in 4.33711 secs using 373.8% CPU
Optimizing NNI: done in 4.82856 secs using 380% CPU
Optimizing NNI: done in 2.77589 secs using 381.8% CPU
Optimizing NNI: done in 4.87651 secs using 380.3% CPU
Optimizing NNI: done in 4.18412 secs using 375.8% CPU
Optimizing NNI: done in 2.99947 secs using 381.5% CPU
Optimizing NNI: done in 4.82795 secs using 374.1% CPU
Optimizing NNI: done in 4.38675 secs using 377.1% CPU
Optimizing NNI: done in 2.51922 secs using 381.4% CPU
Iteration 410 / LogL: -23142.571 / Time: 0h:30m:54s (0h:4m:59s left)
Optimizing NNI: done in 4.49574 secs using 376.8% CPU
Optimizing NNI: done in 4.28901 secs using 375.5% CPU
Optimizing NNI: done in 3.52025 secs using 385% CPU
Optimizing NNI: done in 3.74597 secs using 372.8% CPU
Optimizing NNI: done in 3.54986 secs using 381.4% CPU
Optimizing NNI: done in 3.81118 secs using 373% CPU
Optimizing NNI: done in 2.94562 secs using 382.5% CPU
Optimizing NNI: done in 4.15215 secs using 377% CPU
Optimizing NNI: done in 4.21947 secs using 377.2% CPU
Optimizing NNI: done in 4.0288 secs using 384.1% CPU
Iteration 420 / LogL: -23142.746 / Time: 0h:31m:33s (0h:4m:13s left)
Optimizing NNI: done in 5.7508 secs using 372.5% CPU
Optimizing NNI: done in 3.82777 secs using 385.4% CPU
Optimizing NNI: done in 3.41759 secs using 370.3% CPU
Optimizing NNI: done in 5.09804 secs using 371.4% CPU
Optimizing NNI: done in 3.24027 secs using 383.2% CPU
Optimizing NNI: done in 3.62898 secs using 370.7% CPU
Optimizing NNI: done in 3.54773 secs using 382.2% CPU
Optimizing NNI: done in 5.70496 secs using 372.7% CPU
Optimizing NNI: done in 4.9825 secs using 379.7% CPU
Optimizing NNI: done in 3.56966 secs using 385.5% CPU
Iteration 430 / LogL: -23142.385 / Time: 0h:32m:16s (0h:3m:27s left)
Optimizing NNI: done in 4.29166 secs using 376.8% CPU
Optimizing NNI: done in 4.35092 secs using 375.7% CPU
Optimizing NNI: done in 5.25537 secs using 381.9% CPU
Optimizing NNI: done in 5.98238 secs using 376.2% CPU
Optimizing NNI: done in 3.54313 secs using 382.3% CPU
Optimizing NNI: done in 2.77503 secs using 381.1% CPU
Optimizing NNI: done in 6.03662 secs using 373.9% CPU
Optimizing NNI: done in 4.65774 secs using 377.9% CPU
Optimizing NNI: done in 3.34766 secs using 383.4% CPU
Optimizing NNI: done in 2.68403 secs using 378.4% CPU
Iteration 440 / LogL: -23146.550 / Time: 0h:32m:59s (0h:2m:42s left)
Optimizing NNI: done in 4.44874 secs using 377.2% CPU
Optimizing NNI: done in 2.58661 secs using 378.5% CPU
Optimizing NNI: done in 4.27461 secs using 374.4% CPU
Optimizing NNI: done in 4.03929 secs using 371.9% CPU
Optimizing NNI: done in 4.40953 secs using 377.2% CPU
Optimizing NNI: done in 2.91868 secs using 377.7% CPU
Optimizing NNI: done in 2.46813 secs using 382% CPU
Optimizing NNI: done in 3.27006 secs using 382.7% CPU
Optimizing NNI: done in 9.84239 secs using 379.6% CPU
Optimizing NNI: done in 2.98562 secs using 361.6% CPU
Iteration 450 / LogL: -23142.570 / Time: 0h:33m:40s (0h:1m:57s left)
Optimizing NNI: done in 4.1696 secs using 386.7% CPU
Optimizing NNI: done in 4.12139 secs using 376% CPU
Optimizing NNI: done in 4.14773 secs using 374.2% CPU
Optimizing NNI: done in 4.43519 secs using 377.3% CPU
Optimizing NNI: done in 3.65318 secs using 383.3% CPU
Optimizing NNI: done in 6.0477 secs using 374.7% CPU
Optimizing NNI: done in 4.49058 secs using 375.6% CPU
Optimizing NNI: done in 3.52097 secs using 384.5% CPU
Optimizing NNI: done in 2.81513 secs using 381.8% CPU
BETTER TREE FOUND at iteration 459: -23142.381
Optimizing NNI: done in 3.35572 secs using 365.7% CPU
Iteration 460 / LogL: -23147.777 / Time: 0h:34m:21s (0h:7m:24s left)
Optimizing NNI: done in 4.4955 secs using 375.9% CPU
Optimizing NNI: done in 3.10732 secs using 381.1% CPU
Optimizing NNI: done in 4.11756 secs using 373% CPU
Optimizing NNI: done in 3.12275 secs using 383.8% CPU
Optimizing NNI: done in 4.4498 secs using 375.8% CPU
Optimizing NNI: done in 4.33141 secs using 376.3% CPU
Optimizing NNI: done in 4.93926 secs using 375.8% CPU
Optimizing NNI: done in 4.70797 secs using 379.1% CPU
Optimizing NNI: done in 4.83101 secs using 378.4% CPU
Optimizing NNI: done in 3.18724 secs using 383.1% CPU
Iteration 470 / LogL: -23392.712 / Time: 0h:35m:3s (0h:6m:39s left)
Optimizing NNI: done in 6.26004 secs using 375.6% CPU
Optimizing NNI: done in 5.10466 secs using 379.1% CPU
Optimizing NNI: done in 3.21886 secs using 383.7% CPU
Optimizing NNI: done in 4.14751 secs using 365.2% CPU
Optimizing NNI: done in 3.04117 secs using 380.6% CPU
Optimizing NNI: done in 3.83413 secs using 375.1% CPU
Optimizing NNI: done in 4.69231 secs using 378.7% CPU
Optimizing NNI: done in 2.64155 secs using 378.2% CPU
Optimizing NNI: done in 4.43352 secs using 378.6% CPU
Optimizing NNI: done in 2.75307 secs using 379.7% CPU
Iteration 480 / LogL: -23142.383 / Time: 0h:35m:43s (0h:5m:53s left)
Optimizing NNI: done in 2.99331 secs using 384.6% CPU
Optimizing NNI: done in 3.7545 secs using 375.8% CPU
Optimizing NNI: done in 3.48961 secs using 383.3% CPU
Optimizing NNI: done in 3.7025 secs using 374.9% CPU
Optimizing NNI: done in 3.38124 secs using 384.3% CPU
Optimizing NNI: done in 4.75033 secs using 378.4% CPU
Optimizing NNI: done in 2.13781 secs using 375.1% CPU
Optimizing NNI: done in 4.51575 secs using 377% CPU
Optimizing NNI: done in 2.97497 secs using 373.9% CPU
Optimizing NNI: done in 2.72761 secs using 383.3% CPU
BETTER TREE FOUND at iteration 490: -23142.381
Iteration 490 / LogL: -23142.381 / Time: 0h:36m:18s (0h:7m:25s left)
Optimizing NNI: done in 3.53663 secs using 369.5% CPU
Optimizing NNI: done in 4.62867 secs using 379.2% CPU
Optimizing NNI: done in 3.95016 secs using 386.1% CPU
Optimizing NNI: done in 4.20925 secs using 371.6% CPU
Optimizing NNI: done in 3.5152 secs using 372.4% CPU
Optimizing NNI: done in 4.721 secs using 379.6% CPU
Optimizing NNI: done in 3.58014 secs using 385.9% CPU
Optimizing NNI: done in 3.84902 secs using 375.3% CPU
Optimizing NNI: done in 3.53383 secs using 384.7% CPU
Optimizing NNI: done in 2.85795 secs using 383.7% CPU
Iteration 500 / LogL: -23189.769 / Time: 0h:36m:56s (0h:6m:39s left)
Optimizing NNI: done in 4.71145 secs using 377.2% CPU
Optimizing NNI: done in 2.26883 secs using 379.8% CPU
Optimizing NNI: done in 3.19855 secs using 367.4% CPU
Optimizing NNI: done in 4.77582 secs using 377.5% CPU
Optimizing NNI: done in 3.45385 secs using 385.7% CPU
Optimizing NNI: done in 4.10003 secs using 376% CPU
Optimizing NNI: done in 3.50983 secs using 382.5% CPU
Optimizing NNI: done in 4.35914 secs using 378.3% CPU
Optimizing NNI: done in 4.10807 secs using 366.4% CPU
Optimizing NNI: done in 2.531 secs using 378% CPU
Iteration 510 / LogL: -23142.382 / Time: 0h:37m:33s (0h:5m:54s left)
Optimizing NNI: done in 3.56859 secs using 382.3% CPU
Optimizing NNI: done in 3.58104 secs using 345.9% CPU
Optimizing NNI: done in 4.22473 secs using 372.8% CPU
Optimizing NNI: done in 3.89835 secs using 386.8% CPU
Optimizing NNI: done in 4.31222 secs using 375.7% CPU
Optimizing NNI: done in 4.90166 secs using 380.5% CPU
Optimizing NNI: done in 4.19606 secs using 375.1% CPU
Optimizing NNI: done in 5.67713 secs using 380.7% CPU
Optimizing NNI: done in 3.61808 secs using 367.6% CPU
Optimizing NNI: done in 4.70956 secs using 375.8% CPU
Iteration 520 / LogL: -23142.680 / Time: 0h:38m:16s (0h:5m:9s left)
Optimizing NNI: done in 3.89593 secs using 383% CPU
Optimizing NNI: done in 2.93914 secs using 364.5% CPU
Optimizing NNI: done in 3.6552 secs using 385.8% CPU
Optimizing NNI: done in 2.62297 secs using 379.3% CPU
Optimizing NNI: done in 3.96345 secs using 372.6% CPU
Optimizing NNI: done in 4.19824 secs using 374.4% CPU
Optimizing NNI: done in 3.36683 secs using 384.5% CPU
Optimizing NNI: done in 4.7431 secs using 378.9% CPU
Optimizing NNI: done in 4.2905 secs using 376% CPU
Optimizing NNI: done in 5.30968 secs using 381.3% CPU
Iteration 530 / LogL: -23147.178 / Time: 0h:38m:55s (0h:4m:24s left)
Optimizing NNI: done in 4.2404 secs using 373.9% CPU
Optimizing NNI: done in 4.3117 secs using 377.2% CPU
Optimizing NNI: done in 1.37231 secs using 399% CPU
Optimizing NNI: done in 3.8333 secs using 375.3% CPU
Optimizing NNI: done in 2.21834 secs using 370.9% CPU
Optimizing NNI: done in 4.6921 secs using 379.3% CPU
Optimizing NNI: done in 2.48249 secs using 379.8% CPU
Optimizing NNI: done in 5.59743 secs using 381.4% CPU
Optimizing NNI: done in 4.05772 secs using 373.4% CPU
Optimizing NNI: done in 2.57338 secs using 377.5% CPU
Iteration 540 / LogL: -23142.384 / Time: 0h:39m:31s (0h:3m:39s left)
Optimizing NNI: done in 3.33315 secs using 385.1% CPU
Optimizing NNI: done in 4.55074 secs using 375.8% CPU
Optimizing NNI: done in 2.66415 secs using 380.6% CPU
Optimizing NNI: done in 3.2593 secs using 370.3% CPU
Optimizing NNI: done in 4.0209 secs using 387.8% CPU
Optimizing NNI: done in 4.12961 secs using 375.2% CPU
Optimizing NNI: done in 3.72193 secs using 375.1% CPU
Optimizing NNI: done in 2.60538 secs using 376.1% CPU
Optimizing NNI: done in 5.39939 secs using 381.6% CPU
Optimizing NNI: done in 2.87469 secs using 384% CPU
Iteration 550 / LogL: -23142.383 / Time: 0h:40m:8s (0h:2m:55s left)
Optimizing NNI: done in 3.4249 secs using 369.6% CPU
Optimizing NNI: done in 2.15624 secs using 375.1% CPU
Optimizing NNI: done in 4.13413 secs using 388% CPU
Optimizing NNI: done in 2.3494 secs using 378.1% CPU
Optimizing NNI: done in 3.00517 secs using 364.9% CPU
Optimizing NNI: done in 3.53444 secs using 385% CPU
Optimizing NNI: done in 3.6313 secs using 370.3% CPU
Optimizing NNI: done in 3.05517 secs using 381.6% CPU
Optimizing NNI: done in 3.50175 secs using 383.9% CPU
Optimizing NNI: done in 5.33966 secs using 372.9% CPU
Iteration 560 / LogL: -23142.381 / Time: 0h:40m:42s (0h:2m:11s left)
Optimizing NNI: done in 3.03035 secs using 382.9% CPU
Optimizing NNI: done in 4.71548 secs using 380.9% CPU
Optimizing NNI: done in 4.27351 secs using 374% CPU
Optimizing NNI: done in 3.89766 secs using 385.6% CPU
Optimizing NNI: done in 4.00365 secs using 374.3% CPU
Optimizing NNI: done in 4.29095 secs using 376.9% CPU
Optimizing NNI: done in 3.66031 secs using 383.2% CPU
Optimizing NNI: done in 4.11316 secs using 375.6% CPU
Optimizing NNI: done in 4.00865 secs using 375.3% CPU
Optimizing NNI: done in 3.79682 secs using 386% CPU
Iteration 570 / LogL: -23146.236 / Time: 0h:41m:22s (0h:1m:27s left)
Optimizing NNI: done in 2.44765 secs using 381.2% CPU
Optimizing NNI: done in 3.86204 secs using 372.9% CPU
Optimizing NNI: done in 3.49457 secs using 384.7% CPU
Optimizing NNI: done in 5.1049 secs using 375.9% CPU
Optimizing NNI: done in 4.94115 secs using 375.7% CPU
Optimizing NNI: done in 3.37377 secs using 384.5% CPU
Optimizing NNI: done in 2.41299 secs using 379.2% CPU
Optimizing NNI: done in 6.70031 secs using 375.6% CPU
Optimizing NNI: done in 2.4367 secs using 379.6% CPU
Optimizing NNI: done in 4.23935 secs using 374.9% CPU
Iteration 580 / LogL: -23147.587 / Time: 0h:42m:1s (0h:0m:43s left)
Optimizing NNI: done in 3.40508 secs using 384.3% CPU
Optimizing NNI: done in 3.96232 secs using 376.9% CPU
Optimizing NNI: done in 2.5738 secs using 377.5% CPU
Optimizing NNI: done in 3.47907 secs using 381.9% CPU
Optimizing NNI: done in 3.76916 secs using 375.1% CPU
Optimizing NNI: done in 4.22091 secs using 374.6% CPU
Optimizing NNI: done in 2.8522 secs using 383.1% CPU
Optimizing NNI: done in 5.4927 secs using 381.7% CPU
Optimizing NNI: done in 4.45237 secs using 377.3% CPU
Optimizing NNI: done in 3.36209 secs using 382.7% CPU
Iteration 590 / LogL: -23142.575 / Time: 0h:42m:39s (0h:0m:0s left)
Optimizing NNI: done in 4.0894 secs using 376.7% CPU
TREE SEARCH COMPLETED AFTER 591 ITERATIONS / Time: 0h:42m:43s

--------------------------------------------------------------------
|                    FINALIZING TREE SEARCH                        |
--------------------------------------------------------------------
Performs final model parameters optimization
Estimate model parameters (epsilon = 0.010)
1. Initial log-likelihood: -23142.381
Optimal log-likelihood: -23142.380
Rate parameters:  A-C: 1.11593  A-G: 2.77547  A-T: 0.82969  C-G: 1.05556  C-T: 2.89880  G-T: 1.00000
Base frequencies:  A: 0.292  C: 0.223  G: 0.229  T: 0.256
Gamma shape alpha: 0.315
Parameters optimization took 1 rounds (0.278 sec)
BEST SCORE FOUND : -23142.380
Total tree length: 0.702

Total number of iterations: 591
CPU time used for tree search: 9635.737 sec (2h:40m:35s)
Wall-clock time used for tree search: 2556.196 sec (0h:42m:36s)
Total CPU time used: 9663.818 sec (2h:41m:3s)
Total wall-clock time used: 2563.919 sec (0h:42m:43s)

Analysis results written to: 
  IQ-TREE report:                PCDH15_GTR.iqtree
  Maximum-likelihood tree:       PCDH15_GTR.treefile
  Likelihood distances:          PCDH15_GTR.mldist
  Screen log file:               PCDH15_GTR.log

Date and Time: Mon Jan 29 16:50:02 2024
