IQ-TREE multicore version 2.2.0-beta COVID-edition for Linux 64-bit built Dec 21 2021 built Dec 21 2021
Developed by Bui Quang Minh, James Barbetti, Nguyen Lam Tung,
Olga Chernomor, Heiko Schmidt, Dominik Schrempf, Michael Woodhams, Ly Trong Nhan.

Host:    awarnach14 (SSE3, 3 GB RAM)
Command: iqtree -s translated/CASQ2_codon_aligned.translated.fasta -st AA -m WAG+G4 -pre CASQ2_WAG -nt 4
Seed:    801918 (Using SPRNG - Scalable Parallel Random Number Generator)
Time:    Sat Jan 27 07:37:38 2024
Kernel:  SSE2 - 4 threads (4 CPU cores detected)

Reading alignment file translated/CASQ2_codon_aligned.translated.fasta ... Fasta format detected
Reading fasta file: done in 0.00206068 secs using 10.43% CPU
Alignment most likely contains protein sequences
Constructing alignment: done in 0.0026158 secs using 25.5% CPU
Alignment has 93 sequences with 410 columns, 285 distinct patterns
40 parsimony-informative, 55 singleton sites, 315 constant sites
                    Gap/Ambiguity  Composition  p-value
Analyzing sequences: done in 8.3534e-05 secs using 95.77% CPU
   1  Bacu_CASQ2            0.24%    passed    100.00%
   2  Barn_CASQ2           43.41%    passed     99.79%
   3  Bbai76728_CASQ2      17.07%    passed    100.00%
   4  BbonAUS_CASQ2        11.71%    passed    100.00%
   5  Bbor_CASQ2            7.56%    passed    100.00%
   6  Bede66737_CASQ2       7.80%    passed    100.00%
   7  BedeAUS_CASQ2        11.71%    passed    100.00%
   8  Bmus_CASQ2            0.00%    passed    100.00%
   9  Bmys_CASQ2           43.90%    passed     57.99%
  10  Bphy_CASQ2           29.27%    passed     89.51%
  11  Btau_CASQ1            1.22%    passed    100.00%
  12  Ccom40_CASQ2         41.22%    passed     99.95%
  13  Chea7320_CASQ2       18.54%    passed    100.00%
  14  Chir_CASQ1            1.46%    passed    100.00%
  15  Cmar59905_CASQ2      22.20%    passed    100.00%
  16  Dcap108471_CASQ2      7.80%    passed    100.00%
  17  Dcap79929_CASQ2      11.95%    passed    100.00%
  18  DdelSJR_CASQ2         7.80%    passed    100.00%
  19  Ddeltrop4525_CASQ2   18.54%    passed    100.00%
  20  Dleu_CASQ2            1.22%    passed    100.00%
  21  EausAUS_CASQ2         8.05%    passed    100.00%
  22  Ecab_CASQ1            1.46%    passed     99.95%
  23  Egla13086_CASQ2      25.12%    passed     73.74%
  24  Ejap43864_CASQ2      11.95%    passed    100.00%
  25  Erob133443_CASQ2     23.17%    passed    100.00%
  26  Fatt_CASQ2            8.29%    passed    100.00%
  27  Ggri_CASQ2            7.80%    passed    100.00%
  28  Gmac39091_CASQ2      22.20%    passed    100.00%
  29  Gmel_CASQ2            0.73%    passed    100.00%
  30  Hamp_CASQ2           10.98%    passed    100.00%
  31  Hippo_CASQ2           8.54%    passed    100.00%
  32  Igeo_CASQ2           29.27%    passed     99.80%
  33  Kbre_CASQ2            8.29%    passed    100.00%
  34  Ksim_CASQ2           11.46%    passed    100.00%
  35  Lacu_CASQ2           11.71%    passed    100.00%
  36  Lalb_CASQ2            8.29%    passed    100.00%
  37  Laus_CASQ2            7.80%    passed    100.00%
  38  Lbor_CASQ2           29.02%    passed     99.96%
  39  Lhos30470_CASQ2      22.20%    passed    100.00%
  40  Lhos452_CASQ2        11.71%    passed    100.00%
  41  Lobl_CASQ2            0.73%    passed    100.00%
  42  Lobs_CASQ2           11.71%    passed    100.00%
  43  LperAUS_CASQ2         7.80%    passed    100.00%
  44  Lvex_CASQ1            0.00%    passed    100.00%
  45  Mbid_CASQ2           33.66%    passed     96.68%
  46  Mbow_CASQ2           10.98%    passed    100.00%
  47  Mcar_CASQ2            7.07%    passed    100.00%
  48  Mden_CASQ2           34.15%    passed     63.14%
  49  Meur_CASQ2            7.07%    passed    100.00%
  50  Mgin_CASQ2            7.07%    passed    100.00%
  51  MgraAUS_CASQ2        52.93%    passed     93.79%
  52  Mhec_CASQ2           21.46%    passed    100.00%
  53  MlayAUS_CASQ2         8.78%    passed    100.00%
  54  Mmir_CASQ2           35.61%    passed     97.24%
  55  Mmon_CASQ2            1.22%    passed    100.00%
  56  Mper_CASQ2           15.37%    passed    100.00%
  57  Mpni_CASQ2           25.37%    passed    100.00%
  58  Mste_CASQ2           17.80%    passed    100.00%
  59  Naasi_CASQ1           0.49%    passed    100.00%
  60  Npho_CASQ2           11.46%    passed    100.00%
  61  Oari_CASQ1            1.22%    passed    100.00%
  62  Obre_CASQ2            7.80%    passed    100.00%
  63  Ohei_CASQ2            7.80%    passed    100.00%
  64  Oorc_CASQ2            0.73%    passed    100.00%
  65  Ovtex_CASQ1           1.22%    passed    100.00%
  66  Pbla7349_CASQ2       20.98%    passed    100.00%
  67  Pcat_CASQ1            0.24%    passed    100.00%
  68  Pcra123188_CASQ2     12.93%    passed    100.00%
  69  Pdal_CASQ2           67.80%    passed     86.29%
  70  Pdio_CASQ2           29.76%    passed     99.99%
  71  Pele_CASQ2            7.80%    passed    100.00%
  72  Pmac_CASQ2            7.80%    passed    100.00%
  73  Ppho_CASQ2           11.22%    passed    100.00%
  74  Psin_CASQ1            0.24%    passed    100.00%
  75  Pspi_CASQ2           39.02%    passed     99.87%
  76  Satt18473_CASQ2      22.20%    passed    100.00%
  77  Satt38219_CASQ2      37.32%    passed     99.95%
  78  Sbre116871_CASQ2      7.80%    passed    100.00%
  79  Sbre18437_CASQ2      18.54%    passed    100.00%
  80  Schi_CASQ2           14.15%    passed    100.00%
  81  Scly1724_CASQ2       55.37%    passed     96.53%
  82  Scly1726_CASQ2        7.80%    passed    100.00%
  83  Scoe_CASQ2           11.71%    passed    100.00%
  84  Sflu9837_CASQ2        7.80%    passed    100.00%
  85  Sfro7782_CASQ2       30.24%    passed    100.00%
  86  Sfro7784_CASQ2       11.95%    passed    100.00%
  87  Slon16012_CASQ2      18.54%    passed    100.00%
  88  Slon24923_CASQ2       7.80%    passed    100.00%
  89  Sscr_CASQ1            0.49%    passed    100.00%
  90  Tadu79924_CASQ2       9.51%    passed    100.00%
  91  Tshe_CASQ2           10.98%    passed    100.00%
  92  Ttru_CASQ2            0.73%    passed    100.00%
  93  Zcav_CASQ2           21.71%    passed    100.00%
WARNING: 3 sequences contain more than 50% gaps/ambiguity
****  TOTAL                15.00%  0 sequences failed composition chi2 test (p-value<5%; df=19)
NOTE: DdelSJR_CASQ2 is identical to Dcap108471_CASQ2 but kept for subsequent analysis
NOTE: Slon16012_CASQ2 is identical to Ddeltrop4525_CASQ2 but kept for subsequent analysis
NOTE: Mmon_CASQ2 is identical to Dleu_CASQ2 but kept for subsequent analysis
NOTE: Mbow_CASQ2 is identical to Hamp_CASQ2 but kept for subsequent analysis
NOTE: LperAUS_CASQ2 is identical to Laus_CASQ2 but kept for subsequent analysis
NOTE: Mgin_CASQ2 is identical to Meur_CASQ2 but kept for subsequent analysis
Checking for duplicate sequences: done in 0.000668548 secs using 99.62% CPU
Identifying sites to remove: done in 0.00216489 secs using 245.2% CPU
NOTE: 5 identical sequences (see below) will be ignored for subsequent analysis
NOTE: Ggri_CASQ2 (identical to Dcap108471_CASQ2) is ignored but added at the end
NOTE: Sbre116871_CASQ2 (identical to Dcap108471_CASQ2) is ignored but added at the end
NOTE: Sflu9837_CASQ2 (identical to Dcap108471_CASQ2) is ignored but added at the end
NOTE: Slon24923_CASQ2 (identical to Dcap108471_CASQ2) is ignored but added at the end
NOTE: Tshe_CASQ2 (identical to Hamp_CASQ2) is ignored but added at the end
Alignment was printed to CASQ2_WAG.uniqueseq.phy

For your convenience alignment with unique sequences printed to CASQ2_WAG.uniqueseq.phy

Create initial parsimony tree by phylogenetic likelihood library (PLL)... 0.003 seconds

NOTE: 16 MB RAM (0 GB) is required!
Estimate model parameters (epsilon = 0.100)
1. Initial log-likelihood: -3544.241
2. Current log-likelihood: -3351.206
3. Current log-likelihood: -3323.368
4. Current log-likelihood: -3322.394
Optimal log-likelihood: -3322.378
Gamma shape alpha: 0.167
Parameters optimization took 4 rounds (3.452 sec)
Wrote distance file to... 
Computing ML distances based on estimated model parameters...
Calculating distance matrix: done in 1.36338 secs using 398.4% CPU
Computing ML distances took 1.364170 sec (of wall-clock time) 5.431847 sec (of CPU time)
Setting up auxiliary I and S matrices: done in 0.000894282 secs using 166.4% CPU
Constructing RapidNJ tree: done in 0.0611585 secs using 43.06% CPU
Computing RapidNJ tree took 0.062247 sec (of wall-clock time) 0.028056 sec (of CPU time)
Log-likelihood of RapidNJ tree: -2366.351
--------------------------------------------------------------------
|             INITIALIZING CANDIDATE TREE SET                      |
--------------------------------------------------------------------
Generating 98 parsimony trees... 0.472 second
Computing log-likelihood of 98 initial trees ... 16.254 seconds
Current best score: -2366.351

Do NNI search on 20 best initial trees
Optimizing NNI: done in 4.87743 secs using 399.5% CPU
Estimate model parameters (epsilon = 0.100)
BETTER TREE FOUND at iteration 1: -2329.573
Optimizing NNI: done in 32.9199 secs using 399.6% CPU
Optimizing NNI: done in 39.6212 secs using 399.3% CPU
Optimizing NNI: done in 35.9099 secs using 399.4% CPU
Optimizing NNI: done in 32.1588 secs using 399.5% CPU
Optimizing NNI: done in 43.5458 secs using 399.6% CPU
Optimizing NNI: done in 37.6546 secs using 399.5% CPU
Optimizing NNI: done in 50.4904 secs using 399.6% CPU
Optimizing NNI: done in 45.2958 secs using 399.6% CPU
Optimizing NNI: done in 36.4899 secs using 399.6% CPU
Iteration 10 / LogL: -2559.705 / Time: 0h:6m:24s
Optimizing NNI: done in 31.281 secs using 399.7% CPU
Optimizing NNI: done in 58.1701 secs using 399.6% CPU
Optimizing NNI: done in 29.8049 secs using 399.6% CPU
Optimizing NNI: done in 39.2763 secs using 399.6% CPU
Optimizing NNI: done in 48.2137 secs using 399.5% CPU
Optimizing NNI: done in 34.0734 secs using 399.6% CPU
Optimizing NNI: done in 38.3488 secs using 399.6% CPU
Optimizing NNI: done in 31.4036 secs using 399.4% CPU
Optimizing NNI: done in 31.8853 secs using 399.5% CPU
Optimizing NNI: done in 44.3886 secs using 399.7% CPU
Iteration 20 / LogL: -2492.658 / Time: 0h:12m:51s
Finish initializing candidate tree set (20)
Current best tree score: -2329.573 / CPU time: 765.852
Number of iterations: 20
--------------------------------------------------------------------
|               OPTIMIZING CANDIDATE TREE SET                      |
--------------------------------------------------------------------
Optimizing NNI: done in 7.30097 secs using 399.7% CPU
Optimizing NNI: done in 4.60043 secs using 399.8% CPU
Optimizing NNI: done in 5.47503 secs using 399.7% CPU
Estimate model parameters (epsilon = 0.100)
BETTER TREE FOUND at iteration 23: -2329.334
Optimizing NNI: done in 6.58907 secs using 399.9% CPU
Estimate model parameters (epsilon = 0.100)
BETTER TREE FOUND at iteration 24: -2327.904
Optimizing NNI: done in 9.24926 secs using 399.5% CPU
Optimizing NNI: done in 7.34603 secs using 399.7% CPU
BETTER TREE FOUND at iteration 26: -2327.904
Optimizing NNI: done in 4.90386 secs using 399.3% CPU
Optimizing NNI: done in 5.56639 secs using 399.9% CPU
Optimizing NNI: done in 5.25307 secs using 399.6% CPU
Optimizing NNI: done in 5.42933 secs using 399.7% CPU
BETTER TREE FOUND at iteration 30: -2327.900
Iteration 30 / LogL: -2327.900 / Time: 0h:13m:54s (0h:47m:58s left)
Optimizing NNI: done in 6.41449 secs using 399.7% CPU
Optimizing NNI: done in 5.40268 secs using 399.7% CPU
Optimizing NNI: done in 5.53294 secs using 399.8% CPU
Optimizing NNI: done in 5.02365 secs using 399.6% CPU
Optimizing NNI: done in 5.14046 secs using 399.7% CPU
Optimizing NNI: done in 5.48012 secs using 399.6% CPU
Optimizing NNI: done in 5.94769 secs using 399.5% CPU
Optimizing NNI: done in 5.85915 secs using 399.7% CPU
Optimizing NNI: done in 7.13314 secs using 399.6% CPU
Optimizing NNI: done in 5.31512 secs using 399.7% CPU
Iteration 40 / LogL: -2327.906 / Time: 0h:14m:52s (0h:34m:19s left)
Optimizing NNI: done in 7.21129 secs using 399.6% CPU
Optimizing NNI: done in 5.42346 secs using 399.8% CPU
Optimizing NNI: done in 5.05427 secs using 399.5% CPU
Optimizing NNI: done in 5.28695 secs using 399.1% CPU
Optimizing NNI: done in 6.71383 secs using 399.2% CPU
Optimizing NNI: done in 4.78785 secs using 399.3% CPU
Optimizing NNI: done in 7.11522 secs using 399.8% CPU
Optimizing NNI: done in 5.37391 secs using 399.7% CPU
Optimizing NNI: done in 5.6765 secs using 399.2% CPU
Optimizing NNI: done in 6.15149 secs using 399.5% CPU
BETTER TREE FOUND at iteration 50: -2327.898
Iteration 50 / LogL: -2327.898 / Time: 0h:15m:51s (0h:32m:22s left)
Optimizing NNI: done in 5.23511 secs using 399.7% CPU
Optimizing NNI: done in 3.6001 secs using 399.4% CPU
Optimizing NNI: done in 5.25337 secs using 399.6% CPU
Optimizing NNI: done in 3.87766 secs using 399.6% CPU
Optimizing NNI: done in 6.46371 secs using 399.7% CPU
Optimizing NNI: done in 5.89546 secs using 399.5% CPU
BETTER TREE FOUND at iteration 56: -2327.898
Optimizing NNI: done in 5.30969 secs using 399.7% CPU
Optimizing NNI: done in 5.50279 secs using 399.9% CPU
Optimizing NNI: done in 5.1699 secs using 399.9% CPU
Optimizing NNI: done in 7.17052 secs using 399.5% CPU
Iteration 60 / LogL: -2327.899 / Time: 0h:16m:45s (0h:27m:16s left)
Optimizing NNI: done in 5.45379 secs using 399.6% CPU
Optimizing NNI: done in 4.46704 secs using 399.7% CPU
Optimizing NNI: done in 8.18697 secs using 399.6% CPU
Optimizing NNI: done in 4.75291 secs using 399.7% CPU
Optimizing NNI: done in 4.97564 secs using 399.6% CPU
Optimizing NNI: done in 7.60566 secs using 399.8% CPU
Estimate model parameters (epsilon = 0.100)
BETTER TREE FOUND at iteration 66: -2327.700
Optimizing NNI: done in 5.80818 secs using 399.4% CPU
Optimizing NNI: done in 6.8247 secs using 399.4% CPU
Optimizing NNI: done in 4.27766 secs using 399.6% CPU
Optimizing NNI: done in 6.88124 secs using 399.7% CPU
Iteration 70 / LogL: -2327.898 / Time: 0h:17m:45s (0h:24m:42s left)
Optimizing NNI: done in 6.57573 secs using 399.4% CPU
Optimizing NNI: done in 6.17865 secs using 399.6% CPU
Optimizing NNI: done in 4.72527 secs using 399.5% CPU
Optimizing NNI: done in 5.75516 secs using 399.7% CPU
Optimizing NNI: done in 7.46634 secs using 399.5% CPU
BETTER TREE FOUND at iteration 75: -2327.700
Optimizing NNI: done in 4.85865 secs using 399.7% CPU
Optimizing NNI: done in 6.67981 secs using 399.6% CPU
Optimizing NNI: done in 6.73777 secs using 399.5% CPU
BETTER TREE FOUND at iteration 78: -2327.700
Optimizing NNI: done in 5.3288 secs using 399.5% CPU
Optimizing NNI: done in 6.16555 secs using 399.4% CPU
Iteration 80 / LogL: -2327.700 / Time: 0h:18m:46s (0h:23m:17s left)
Optimizing NNI: done in 6.1518 secs using 399.7% CPU
Optimizing NNI: done in 5.66449 secs using 400% CPU
Optimizing NNI: done in 3.63839 secs using 399.6% CPU
Optimizing NNI: done in 6.00742 secs using 399.6% CPU
Optimizing NNI: done in 4.2961 secs using 399.7% CPU
Optimizing NNI: done in 5.10657 secs using 399.9% CPU
Optimizing NNI: done in 5.0357 secs using 399.4% CPU
Optimizing NNI: done in 5.78023 secs using 399.6% CPU
Optimizing NNI: done in 5.69364 secs using 398.6% CPU
Optimizing NNI: done in 5.93727 secs using 399.6% CPU
Iteration 90 / LogL: -2327.706 / Time: 0h:19m:40s (0h:19m:27s left)
Optimizing NNI: done in 3.5456 secs using 399.6% CPU
Optimizing NNI: done in 6.59467 secs using 399.4% CPU
Optimizing NNI: done in 5.2808 secs using 399.7% CPU
Optimizing NNI: done in 4.3656 secs using 398.9% CPU
Optimizing NNI: done in 5.85851 secs using 399.7% CPU
Optimizing NNI: done in 5.69874 secs using 399.9% CPU
Optimizing NNI: done in 6.23257 secs using 399.7% CPU
Optimizing NNI: done in 5.96611 secs using 399.2% CPU
Optimizing NNI: done in 6.04061 secs using 399.7% CPU
Optimizing NNI: done in 6.23337 secs using 399.8% CPU
Iteration 100 / LogL: -2327.701 / Time: 0h:20m:36s (0h:16m:14s left)
Optimizing NNI: done in 5.75911 secs using 399.6% CPU
Optimizing NNI: done in 4.51261 secs using 399.5% CPU
Optimizing NNI: done in 7.08106 secs using 399.8% CPU
Optimizing NNI: done in 3.64392 secs using 399.5% CPU
Optimizing NNI: done in 6.61247 secs using 399.6% CPU
Optimizing NNI: done in 5.62361 secs using 399.6% CPU
Optimizing NNI: done in 6.22981 secs using 399.7% CPU
Optimizing NNI: done in 7.11596 secs using 399.4% CPU
Optimizing NNI: done in 7.08961 secs using 399% CPU
Optimizing NNI: done in 6.58448 secs using 399.4% CPU
Iteration 110 / LogL: -2335.669 / Time: 0h:21m:37s (0h:13m:29s left)
Optimizing NNI: done in 5.18353 secs using 399.7% CPU
Optimizing NNI: done in 5.61814 secs using 399.3% CPU
Optimizing NNI: done in 4.25687 secs using 399.4% CPU
Optimizing NNI: done in 4.94358 secs using 399.6% CPU
Optimizing NNI: done in 6.8637 secs using 399.4% CPU
Optimizing NNI: done in 3.48385 secs using 399.7% CPU
Optimizing NNI: done in 6.31177 secs using 399.8% CPU
Optimizing NNI: done in 5.96607 secs using 399.5% CPU
Optimizing NNI: done in 6.77384 secs using 399.5% CPU
Optimizing NNI: done in 4.13417 secs using 399.5% CPU
Iteration 120 / LogL: -2328.934 / Time: 0h:22m:31s (0h:10m:58s left)
Optimizing NNI: done in 6.10294 secs using 399.8% CPU
Optimizing NNI: done in 4.30037 secs using 399.6% CPU
Optimizing NNI: done in 4.50178 secs using 399.8% CPU
Optimizing NNI: done in 4.48252 secs using 399.5% CPU
Optimizing NNI: done in 5.50994 secs using 399.5% CPU
Optimizing NNI: done in 7.09379 secs using 399.5% CPU
Optimizing NNI: done in 4.96655 secs using 399.5% CPU
Optimizing NNI: done in 5.93846 secs using 399.7% CPU
Optimizing NNI: done in 7.04755 secs using 399.1% CPU
Optimizing NNI: done in 5.76868 secs using 399.2% CPU
Iteration 130 / LogL: -2327.700 / Time: 0h:23m:27s (0h:8m:43s left)
Optimizing NNI: done in 6.03317 secs using 399.3% CPU
Optimizing NNI: done in 6.77824 secs using 399.6% CPU
Optimizing NNI: done in 6.10541 secs using 399.7% CPU
Optimizing NNI: done in 6.35296 secs using 399.6% CPU
Optimizing NNI: done in 4.60813 secs using 399.4% CPU
Optimizing NNI: done in 5.29477 secs using 399% CPU
Optimizing NNI: done in 6.29426 secs using 399.7% CPU
Optimizing NNI: done in 4.49829 secs using 399.6% CPU
Optimizing NNI: done in 5.04065 secs using 400% CPU
Optimizing NNI: done in 5.32171 secs using 399.5% CPU
Iteration 140 / LogL: -2328.868 / Time: 0h:24m:24s (0h:6m:40s left)
Optimizing NNI: done in 5.01025 secs using 399.3% CPU
Optimizing NNI: done in 5.11569 secs using 399.6% CPU
Optimizing NNI: done in 4.38261 secs using 399.4% CPU
Optimizing NNI: done in 4.92259 secs using 399.9% CPU
Optimizing NNI: done in 5.14494 secs using 399.6% CPU
Optimizing NNI: done in 5.21355 secs using 399.7% CPU
Optimizing NNI: done in 3.93396 secs using 399.4% CPU
BETTER TREE FOUND at iteration 147: -2327.700
Optimizing NNI: done in 6.17674 secs using 399.4% CPU
Optimizing NNI: done in 5.09586 secs using 399.4% CPU
Optimizing NNI: done in 5.11905 secs using 399.4% CPU
Iteration 150 / LogL: -2327.705 / Time: 0h:25m:14s (0h:16m:26s left)
Optimizing NNI: done in 5.2476 secs using 399.9% CPU
Optimizing NNI: done in 5.06284 secs using 399.5% CPU
Optimizing NNI: done in 4.49591 secs using 399.6% CPU
Optimizing NNI: done in 5.29084 secs using 399.5% CPU
Optimizing NNI: done in 2.53674 secs using 398.8% CPU
Optimizing NNI: done in 5.50776 secs using 399.2% CPU
Optimizing NNI: done in 6.03102 secs using 399.6% CPU
Optimizing NNI: done in 3.65284 secs using 399.2% CPU
Optimizing NNI: done in 5.56482 secs using 399.3% CPU
Optimizing NNI: done in 6.94404 secs using 399.2% CPU
Iteration 160 / LogL: -2328.869 / Time: 0h:26m:5s (0h:14m:16s left)
Optimizing NNI: done in 4.22978 secs using 399.4% CPU
Optimizing NNI: done in 6.95101 secs using 399.3% CPU
Optimizing NNI: done in 4.39385 secs using 399.4% CPU
Optimizing NNI: done in 6.08263 secs using 399.6% CPU
Optimizing NNI: done in 6.20069 secs using 399.5% CPU
Optimizing NNI: done in 7.77356 secs using 399.4% CPU
Optimizing NNI: done in 3.76143 secs using 399.6% CPU
Optimizing NNI: done in 5.05826 secs using 399.4% CPU
Optimizing NNI: done in 4.0148 secs using 399.4% CPU
Optimizing NNI: done in 5.82213 secs using 399.7% CPU
Iteration 170 / LogL: -2335.213 / Time: 0h:27m:0s (0h:12m:18s left)
Optimizing NNI: done in 6.44527 secs using 399.5% CPU
Optimizing NNI: done in 4.98331 secs using 399.6% CPU
Optimizing NNI: done in 4.97507 secs using 399.6% CPU
Optimizing NNI: done in 4.54568 secs using 399.3% CPU
Optimizing NNI: done in 6.31101 secs using 399.4% CPU
Optimizing NNI: done in 4.50558 secs using 399.4% CPU
Optimizing NNI: done in 6.59945 secs using 399.5% CPU
Optimizing NNI: done in 5.5869 secs using 399.7% CPU
Optimizing NNI: done in 4.48259 secs using 399.4% CPU
Optimizing NNI: done in 5.17048 secs using 399.6% CPU
Iteration 180 / LogL: -2333.885 / Time: 0h:27m:54s (0h:10m:26s left)
Optimizing NNI: done in 3.22276 secs using 399.5% CPU
Optimizing NNI: done in 6.46213 secs using 399.8% CPU
Estimate model parameters (epsilon = 0.100)
BETTER TREE FOUND at iteration 182: -2327.438
Optimizing NNI: done in 6.01908 secs using 399.3% CPU
Optimizing NNI: done in 5.60026 secs using 399.5% CPU
Optimizing NNI: done in 5.18016 secs using 399.6% CPU
Optimizing NNI: done in 4.28118 secs using 399.6% CPU
Optimizing NNI: done in 5.66378 secs using 399.7% CPU
Estimate model parameters (epsilon = 0.100)
BETTER TREE FOUND at iteration 187: -2325.363
Optimizing NNI: done in 4.39015 secs using 399.8% CPU
Optimizing NNI: done in 3.99536 secs using 398.9% CPU
Optimizing NNI: done in 5.54538 secs using 399.5% CPU
Iteration 190 / LogL: -2325.424 / Time: 0h:28m:46s (0h:14m:45s left)
Optimizing NNI: done in 3.50982 secs using 399.1% CPU
Optimizing NNI: done in 6.10973 secs using 399.3% CPU
Optimizing NNI: done in 5.27629 secs using 399.5% CPU
Optimizing NNI: done in 6.00609 secs using 399.5% CPU
BETTER TREE FOUND at iteration 194: -2325.363
Optimizing NNI: done in 3.47758 secs using 399.2% CPU
Optimizing NNI: done in 4.31313 secs using 399.5% CPU
Estimate model parameters (epsilon = 0.100)
BETTER TREE FOUND at iteration 196: -2324.177
Optimizing NNI: done in 6.12764 secs using 399% CPU
Optimizing NNI: done in 3.44234 secs using 398.9% CPU
Optimizing NNI: done in 4.39779 secs using 399.4% CPU
Optimizing NNI: done in 4.24744 secs using 399.7% CPU
Iteration 200 / LogL: -2325.358 / Time: 0h:29m:33s (0h:14m:15s left)
Optimizing NNI: done in 4.37729 secs using 398.9% CPU
Optimizing NNI: done in 5.74441 secs using 399.4% CPU
Optimizing NNI: done in 4.0803 secs using 399.5% CPU
Optimizing NNI: done in 4.49144 secs using 399.6% CPU
Optimizing NNI: done in 3.94271 secs using 399.9% CPU
Optimizing NNI: done in 5.21491 secs using 399.5% CPU
Optimizing NNI: done in 4.49145 secs using 399.3% CPU
Optimizing NNI: done in 4.61107 secs using 399.9% CPU
BETTER TREE FOUND at iteration 208: -2324.172
Optimizing NNI: done in 4.19449 secs using 399.5% CPU
Optimizing NNI: done in 4.23969 secs using 399.7% CPU
Iteration 210 / LogL: -2334.431 / Time: 0h:30m:19s (0h:14m:13s left)
Optimizing NNI: done in 5.23464 secs using 398.9% CPU
Optimizing NNI: done in 5.8013 secs using 399.6% CPU
Optimizing NNI: done in 4.91706 secs using 399.3% CPU
Optimizing NNI: done in 3.55726 secs using 399.9% CPU
Optimizing NNI: done in 5.11974 secs using 399.6% CPU
Optimizing NNI: done in 3.85955 secs using 399.8% CPU
Optimizing NNI: done in 5.48684 secs using 399.3% CPU
Optimizing NNI: done in 4.93936 secs using 399.8% CPU
Optimizing NNI: done in 5.27013 secs using 399.7% CPU
Optimizing NNI: done in 5.06894 secs using 399.5% CPU
Iteration 220 / LogL: -2324.177 / Time: 0h:31m:9s (0h:12m:31s left)
Optimizing NNI: done in 5.52098 secs using 399.2% CPU
Optimizing NNI: done in 5.03973 secs using 399.6% CPU
Optimizing NNI: done in 5.7326 secs using 399.3% CPU
Optimizing NNI: done in 5.11941 secs using 398.9% CPU
Optimizing NNI: done in 5.66632 secs using 399.8% CPU
Optimizing NNI: done in 6.01134 secs using 399.6% CPU
Optimizing NNI: done in 4.77951 secs using 399.8% CPU
Optimizing NNI: done in 5.00349 secs using 399.6% CPU
Optimizing NNI: done in 4.09145 secs using 399.4% CPU
Optimizing NNI: done in 5.26884 secs using 399.3% CPU
Iteration 230 / LogL: -2324.178 / Time: 0h:32m:2s (0h:10m:54s left)
Optimizing NNI: done in 4.501 secs using 399.6% CPU
Optimizing NNI: done in 5.70053 secs using 399.7% CPU
Optimizing NNI: done in 3.59885 secs using 399.3% CPU
Optimizing NNI: done in 5.22522 secs using 399.4% CPU
Optimizing NNI: done in 6.73312 secs using 399.6% CPU
Optimizing NNI: done in 5.93652 secs using 399.6% CPU
Optimizing NNI: done in 6.51378 secs using 399.5% CPU
Optimizing NNI: done in 4.34527 secs using 399.7% CPU
Optimizing NNI: done in 5.96179 secs using 399.7% CPU
Optimizing NNI: done in 5.32998 secs using 399.5% CPU
Iteration 240 / LogL: -2324.177 / Time: 0h:32m:56s (0h:9m:22s left)
Optimizing NNI: done in 4.33401 secs using 399.1% CPU
Optimizing NNI: done in 4.74872 secs using 399.5% CPU
BETTER TREE FOUND at iteration 242: -2324.171
Optimizing NNI: done in 5.59076 secs using 399.2% CPU
Optimizing NNI: done in 5.0109 secs using 399.3% CPU
Optimizing NNI: done in 5.43379 secs using 399.7% CPU
Optimizing NNI: done in 5.05452 secs using 398.2% CPU
Optimizing NNI: done in 3.94868 secs using 399.5% CPU
Optimizing NNI: done in 4.81008 secs using 399.5% CPU
Optimizing NNI: done in 5.25996 secs using 399.7% CPU
Optimizing NNI: done in 5.06905 secs using 399.6% CPU
Iteration 250 / LogL: -2324.172 / Time: 0h:33m:46s (0h:12m:28s left)
Optimizing NNI: done in 4.29019 secs using 399.5% CPU
Optimizing NNI: done in 3.34142 secs using 399.6% CPU
Optimizing NNI: done in 5.98288 secs using 399.5% CPU
Optimizing NNI: done in 5.33003 secs using 399.4% CPU
Optimizing NNI: done in 5.21786 secs using 399.6% CPU
Optimizing NNI: done in 5.81784 secs using 399.6% CPU
Optimizing NNI: done in 5.69804 secs using 399.4% CPU
Optimizing NNI: done in 4.12024 secs using 399.4% CPU
Optimizing NNI: done in 3.8709 secs using 399.9% CPU
Optimizing NNI: done in 4.64338 secs using 399.7% CPU
Iteration 260 / LogL: -2324.172 / Time: 0h:34m:34s (0h:10m:56s left)
Optimizing NNI: done in 4.86188 secs using 399.4% CPU
Optimizing NNI: done in 4.45945 secs using 399.4% CPU
Optimizing NNI: done in 6.35845 secs using 399.8% CPU
Optimizing NNI: done in 5.01185 secs using 399.7% CPU
Optimizing NNI: done in 4.29049 secs using 399.4% CPU
Optimizing NNI: done in 5.54241 secs using 399.7% CPU
Optimizing NNI: done in 5.05875 secs using 399.5% CPU
Optimizing NNI: done in 5.09885 secs using 399.4% CPU
Optimizing NNI: done in 3.90164 secs using 398.8% CPU
Optimizing NNI: done in 4.4035 secs using 399.4% CPU
Iteration 270 / LogL: -2324.177 / Time: 0h:35m:24s (0h:9m:28s left)
Optimizing NNI: done in 6.9496 secs using 398.6% CPU
Optimizing NNI: done in 4.07299 secs using 399.7% CPU
Optimizing NNI: done in 4.92481 secs using 398.9% CPU
Optimizing NNI: done in 6.17222 secs using 399.3% CPU
Optimizing NNI: done in 4.7705 secs using 399.3% CPU
Optimizing NNI: done in 4.84228 secs using 399.8% CPU
Optimizing NNI: done in 4.99045 secs using 399.4% CPU
Optimizing NNI: done in 4.97668 secs using 399.5% CPU
Optimizing NNI: done in 5.94363 secs using 399.6% CPU
Optimizing NNI: done in 5.23781 secs using 399.6% CPU
Iteration 280 / LogL: -2327.439 / Time: 0h:36m:17s (0h:8m:3s left)
Optimizing NNI: done in 5.61274 secs using 399.7% CPU
Optimizing NNI: done in 5.39486 secs using 399.8% CPU
Optimizing NNI: done in 4.83492 secs using 399.5% CPU
Optimizing NNI: done in 3.19455 secs using 399.3% CPU
Optimizing NNI: done in 4.79107 secs using 399.5% CPU
Optimizing NNI: done in 4.82329 secs using 399.8% CPU
Optimizing NNI: done in 4.42976 secs using 399.4% CPU
Optimizing NNI: done in 3.95666 secs using 399.4% CPU
Optimizing NNI: done in 6.02535 secs using 399.8% CPU
Optimizing NNI: done in 4.10011 secs using 399.6% CPU
Iteration 290 / LogL: -2324.171 / Time: 0h:37m:5s (0h:6m:40s left)
Optimizing NNI: done in 4.99994 secs using 399.7% CPU
Optimizing NNI: done in 6.005 secs using 399.7% CPU
Optimizing NNI: done in 5.36983 secs using 399.8% CPU
Optimizing NNI: done in 5.01828 secs using 399.1% CPU
Optimizing NNI: done in 6.03987 secs using 399.6% CPU
Optimizing NNI: done in 5.06874 secs using 399.5% CPU
Optimizing NNI: done in 7.63661 secs using 399.1% CPU
Optimizing NNI: done in 3.6796 secs using 399.8% CPU
Optimizing NNI: done in 4.24815 secs using 399.8% CPU
Optimizing NNI: done in 4.61601 secs using 399.3% CPU
Iteration 300 / LogL: -2324.177 / Time: 0h:37m:58s (0h:5m:20s left)
Optimizing NNI: done in 6.06333 secs using 399.4% CPU
Optimizing NNI: done in 5.12645 secs using 399.3% CPU
Optimizing NNI: done in 6.50077 secs using 399.5% CPU
Optimizing NNI: done in 5.27529 secs using 399.5% CPU
Optimizing NNI: done in 3.32491 secs using 399.4% CPU
Optimizing NNI: done in 6.31718 secs using 399.6% CPU
Optimizing NNI: done in 3.60933 secs using 400.1% CPU
Optimizing NNI: done in 5.07729 secs using 399.6% CPU
Optimizing NNI: done in 3.84007 secs using 399.7% CPU
Optimizing NNI: done in 5.01869 secs using 399.3% CPU
Iteration 310 / LogL: -2324.178 / Time: 0h:38m:48s (0h:4m:1s left)
Optimizing NNI: done in 5.96692 secs using 399.7% CPU
Optimizing NNI: done in 5.91355 secs using 399.5% CPU
Optimizing NNI: done in 5.87364 secs using 399.6% CPU
Optimizing NNI: done in 4.41902 secs using 399.8% CPU
BETTER TREE FOUND at iteration 314: -2324.171
Optimizing NNI: done in 5.53743 secs using 400% CPU
Optimizing NNI: done in 2.9592 secs using 399.6% CPU
Optimizing NNI: done in 4.27407 secs using 398.8% CPU
Optimizing NNI: done in 5.49681 secs using 398.9% CPU
Optimizing NNI: done in 5.02884 secs using 399% CPU
Optimizing NNI: done in 5.83584 secs using 399.3% CPU
Iteration 320 / LogL: -2324.176 / Time: 0h:39m:40s (0h:11m:41s left)
Optimizing NNI: done in 4.23471 secs using 398.6% CPU
Optimizing NNI: done in 5.96705 secs using 399.3% CPU
Optimizing NNI: done in 5.03206 secs using 399.5% CPU
Optimizing NNI: done in 4.5273 secs using 399.4% CPU
Optimizing NNI: done in 5.19708 secs using 399.3% CPU
BETTER TREE FOUND at iteration 325: -2324.171
Optimizing NNI: done in 5.41247 secs using 399.8% CPU
Optimizing NNI: done in 5.32921 secs using 399.4% CPU
Optimizing NNI: done in 4.71744 secs using 399.3% CPU
Optimizing NNI: done in 6.71331 secs using 399.7% CPU
Optimizing NNI: done in 4.83501 secs using 399.6% CPU
Iteration 330 / LogL: -2325.423 / Time: 0h:40m:32s (0h:11m:42s left)
Optimizing NNI: done in 4.77766 secs using 399.9% CPU
Optimizing NNI: done in 6.29628 secs using 399.5% CPU
Optimizing NNI: done in 4.07961 secs using 399.7% CPU
Optimizing NNI: done in 5.58738 secs using 399.6% CPU
Optimizing NNI: done in 4.79451 secs using 399.6% CPU
Optimizing NNI: done in 6.09911 secs using 399.5% CPU
Optimizing NNI: done in 5.2589 secs using 399.4% CPU
Optimizing NNI: done in 6.84714 secs using 399.6% CPU
Optimizing NNI: done in 4.85067 secs using 399.5% CPU
Optimizing NNI: done in 4.18614 secs using 399.5% CPU
Iteration 340 / LogL: -2324.176 / Time: 0h:41m:26s (0h:10m:23s left)
Optimizing NNI: done in 4.20771 secs using 398.9% CPU
Optimizing NNI: done in 5.67798 secs using 399.6% CPU
Optimizing NNI: done in 5.44677 secs using 399.4% CPU
Optimizing NNI: done in 3.96167 secs using 399.9% CPU
Optimizing NNI: done in 4.82868 secs using 399.5% CPU
Optimizing NNI: done in 4.87204 secs using 399.5% CPU
Optimizing NNI: done in 4.9534 secs using 399.5% CPU
Optimizing NNI: done in 6.42364 secs using 399.5% CPU
Optimizing NNI: done in 4.30775 secs using 399.5% CPU
Optimizing NNI: done in 5.34552 secs using 399.6% CPU
Iteration 350 / LogL: -2324.172 / Time: 0h:42m:16s (0h:9m:5s left)
Optimizing NNI: done in 6.38615 secs using 399.7% CPU
Optimizing NNI: done in 4.15934 secs using 399.2% CPU
Optimizing NNI: done in 5.29612 secs using 400% CPU
Optimizing NNI: done in 6.09995 secs using 399.4% CPU
Optimizing NNI: done in 6.29052 secs using 399.6% CPU
Optimizing NNI: done in 4.14028 secs using 399.7% CPU
Optimizing NNI: done in 5.90771 secs using 399.6% CPU
Optimizing NNI: done in 6.63033 secs using 399.8% CPU
Optimizing NNI: done in 2.72258 secs using 399.7% CPU
Optimizing NNI: done in 5.83207 secs using 399.6% CPU
Iteration 360 / LogL: -2324.176 / Time: 0h:43m:10s (0h:7m:49s left)
Optimizing NNI: done in 2.57359 secs using 398.9% CPU
Optimizing NNI: done in 4.95229 secs using 399.5% CPU
Optimizing NNI: done in 4.31807 secs using 399.6% CPU
Optimizing NNI: done in 5.89225 secs using 399.2% CPU
Optimizing NNI: done in 3.39439 secs using 399.8% CPU
Optimizing NNI: done in 5.54097 secs using 399.5% CPU
Optimizing NNI: done in 3.00311 secs using 399.1% CPU
Optimizing NNI: done in 6.34546 secs using 399.4% CPU
Optimizing NNI: done in 5.0821 secs using 399.8% CPU
Optimizing NNI: done in 6.17455 secs using 399.6% CPU
Iteration 370 / LogL: -2330.819 / Time: 0h:43m:58s (0h:6m:33s left)
Optimizing NNI: done in 6.00384 secs using 399.6% CPU
Optimizing NNI: done in 3.57072 secs using 399.3% CPU
Optimizing NNI: done in 5.78722 secs using 399.5% CPU
Optimizing NNI: done in 4.91231 secs using 399.5% CPU
BETTER TREE FOUND at iteration 374: -2324.170
Optimizing NNI: done in 6.69462 secs using 399.4% CPU
Optimizing NNI: done in 3.58441 secs using 399.7% CPU
Optimizing NNI: done in 4.97096 secs using 399.8% CPU
Optimizing NNI: done in 5.46832 secs using 399.3% CPU
Optimizing NNI: done in 5.75615 secs using 399.6% CPU
Optimizing NNI: done in 4.30253 secs using 399.2% CPU
Iteration 380 / LogL: -2325.357 / Time: 0h:44m:49s (0h:11m:7s left)
Optimizing NNI: done in 5.80881 secs using 399.6% CPU
Optimizing NNI: done in 5.26544 secs using 399.6% CPU
Optimizing NNI: done in 4.22026 secs using 399.9% CPU
Optimizing NNI: done in 5.14396 secs using 399.7% CPU
Optimizing NNI: done in 4.95473 secs using 398.7% CPU
Optimizing NNI: done in 6.71404 secs using 399.7% CPU
Optimizing NNI: done in 5.08306 secs using 399.6% CPU
Optimizing NNI: done in 4.03423 secs using 399.5% CPU
Optimizing NNI: done in 5.18835 secs using 399.5% CPU
Optimizing NNI: done in 4.73441 secs using 399.7% CPU
Iteration 390 / LogL: -2324.171 / Time: 0h:45m:41s (0h:9m:51s left)
Optimizing NNI: done in 5.02555 secs using 399.6% CPU
Optimizing NNI: done in 6.01618 secs using 399.7% CPU
Optimizing NNI: done in 5.39523 secs using 399.7% CPU
Optimizing NNI: done in 3.56879 secs using 399.3% CPU
BETTER TREE FOUND at iteration 394: -2324.170
Optimizing NNI: done in 5.79577 secs using 399.5% CPU
Optimizing NNI: done in 3.96182 secs using 399.8% CPU
Optimizing NNI: done in 5.82033 secs using 399.5% CPU
Optimizing NNI: done in 4.31925 secs using 399.8% CPU
Optimizing NNI: done in 5.44142 secs using 399.6% CPU
Optimizing NNI: done in 4.5611 secs using 399.8% CPU
Iteration 400 / LogL: -2330.991 / Time: 0h:46m:31s (0h:10m:57s left)
Optimizing NNI: done in 4.96849 secs using 399.8% CPU
Optimizing NNI: done in 4.38616 secs using 399.6% CPU
Optimizing NNI: done in 4.34515 secs using 399.8% CPU
Optimizing NNI: done in 5.03549 secs using 399.7% CPU
Optimizing NNI: done in 5.29343 secs using 399.5% CPU
Optimizing NNI: done in 5.54227 secs using 399.7% CPU
Optimizing NNI: done in 4.39376 secs using 399.4% CPU
Optimizing NNI: done in 4.30544 secs using 399.7% CPU
Optimizing NNI: done in 4.2127 secs using 399.7% CPU
Optimizing NNI: done in 6.31296 secs using 399.5% CPU
Iteration 410 / LogL: -2327.437 / Time: 0h:47m:20s (0h:9m:43s left)
Optimizing NNI: done in 5.25513 secs using 399.1% CPU
Optimizing NNI: done in 5.2763 secs using 399.8% CPU
Optimizing NNI: done in 4.92571 secs using 399% CPU
Optimizing NNI: done in 4.29231 secs using 399.3% CPU
Optimizing NNI: done in 4.47242 secs using 399.6% CPU
Optimizing NNI: done in 6.71626 secs using 398.7% CPU
Optimizing NNI: done in 5.05809 secs using 399.3% CPU
Optimizing NNI: done in 4.97964 secs using 399.7% CPU
Optimizing NNI: done in 4.24491 secs using 399.5% CPU
Optimizing NNI: done in 4.00473 secs using 399.3% CPU
Iteration 420 / LogL: -2331.187 / Time: 0h:48m:10s (0h:8m:30s left)
Optimizing NNI: done in 4.31993 secs using 399.5% CPU
Optimizing NNI: done in 5.11415 secs using 399.6% CPU
Optimizing NNI: done in 4.6505 secs using 399.7% CPU
Optimizing NNI: done in 4.81926 secs using 399.3% CPU
Optimizing NNI: done in 3.54747 secs using 399.8% CPU
Optimizing NNI: done in 5.49642 secs using 399.6% CPU
Optimizing NNI: done in 5.70676 secs using 399.4% CPU
Optimizing NNI: done in 3.49187 secs using 399.3% CPU
Optimizing NNI: done in 5.95743 secs using 399.8% CPU
Optimizing NNI: done in 5.34 secs using 399.8% CPU
Iteration 430 / LogL: -2326.130 / Time: 0h:48m:59s (0h:7m:18s left)
Optimizing NNI: done in 5.47432 secs using 399.6% CPU
Optimizing NNI: done in 5.26202 secs using 399.7% CPU
Optimizing NNI: done in 4.30372 secs using 399.7% CPU
Optimizing NNI: done in 6.07318 secs using 399.8% CPU
Optimizing NNI: done in 5.08336 secs using 399.7% CPU
Optimizing NNI: done in 5.68002 secs using 399.6% CPU
Optimizing NNI: done in 4.26068 secs using 399.6% CPU
Optimizing NNI: done in 3.45511 secs using 399.5% CPU
Optimizing NNI: done in 5.7706 secs using 399.7% CPU
Optimizing NNI: done in 5.72938 secs using 399.5% CPU
Iteration 440 / LogL: -2324.171 / Time: 0h:49m:50s (0h:6m:7s left)
Optimizing NNI: done in 5.37837 secs using 399.7% CPU
Optimizing NNI: done in 4.29168 secs using 399.5% CPU
Optimizing NNI: done in 5.29195 secs using 399.7% CPU
Optimizing NNI: done in 6.79111 secs using 399.5% CPU
Optimizing NNI: done in 5.12472 secs using 399.4% CPU
Optimizing NNI: done in 5.5967 secs using 399.3% CPU
Optimizing NNI: done in 5.56356 secs using 399.7% CPU
Optimizing NNI: done in 5.03775 secs using 399.6% CPU
Optimizing NNI: done in 4.7423 secs using 399.5% CPU
Optimizing NNI: done in 5.33695 secs using 399.8% CPU
Iteration 450 / LogL: -2324.170 / Time: 0h:50m:44s (0h:4m:58s left)
Optimizing NNI: done in 5.30613 secs using 399.8% CPU
Optimizing NNI: done in 4.97998 secs using 399.2% CPU
Optimizing NNI: done in 6.21369 secs using 399.4% CPU
Optimizing NNI: done in 5.82845 secs using 399.7% CPU
Optimizing NNI: done in 5.59735 secs using 399.5% CPU
Optimizing NNI: done in 5.8241 secs using 399.7% CPU
Optimizing NNI: done in 4.22234 secs using 399.8% CPU
Optimizing NNI: done in 5.29769 secs using 399.3% CPU
Optimizing NNI: done in 5.76278 secs using 399.7% CPU
Optimizing NNI: done in 5.80462 secs using 399.5% CPU
Iteration 460 / LogL: -2335.948 / Time: 0h:51m:39s (0h:3m:49s left)
Optimizing NNI: done in 4.86658 secs using 399.8% CPU
Optimizing NNI: done in 5.4323 secs using 399.4% CPU
Optimizing NNI: done in 5.22444 secs using 399.3% CPU
Optimizing NNI: done in 4.1325 secs using 398.8% CPU
Optimizing NNI: done in 4.25369 secs using 399.7% CPU
Optimizing NNI: done in 4.42554 secs using 399.5% CPU
Optimizing NNI: done in 5.86581 secs using 399.7% CPU
Optimizing NNI: done in 3.97814 secs using 399.2% CPU
Optimizing NNI: done in 4.98669 secs using 399.4% CPU
Optimizing NNI: done in 7.46276 secs using 399.6% CPU
Iteration 470 / LogL: -2324.175 / Time: 0h:52m:30s (0h:2m:41s left)
Optimizing NNI: done in 4.82272 secs using 399.4% CPU
Optimizing NNI: done in 4.97279 secs using 399.5% CPU
Optimizing NNI: done in 5.74507 secs using 399.9% CPU
BETTER TREE FOUND at iteration 473: -2324.170
Optimizing NNI: done in 5.64075 secs using 399.7% CPU
Optimizing NNI: done in 4.227 secs using 399.8% CPU
Optimizing NNI: done in 7.87145 secs using 399.5% CPU
Optimizing NNI: done in 6.50912 secs using 399.7% CPU
Optimizing NNI: done in 4.30428 secs using 399.5% CPU
Optimizing NNI: done in 4.85134 secs using 399.8% CPU
Optimizing NNI: done in 6.35318 secs using 399.5% CPU
Iteration 480 / LogL: -2324.171 / Time: 0h:53m:26s (0h:10m:22s left)
Optimizing NNI: done in 5.02469 secs using 399.6% CPU
Optimizing NNI: done in 3.48383 secs using 399.5% CPU
Optimizing NNI: done in 5.39027 secs using 399.7% CPU
Optimizing NNI: done in 5.72069 secs using 399.6% CPU
Optimizing NNI: done in 3.81223 secs using 399.5% CPU
Optimizing NNI: done in 5.57535 secs using 399.3% CPU
Optimizing NNI: done in 4.17888 secs using 399% CPU
Optimizing NNI: done in 5.42751 secs using 399.4% CPU
Optimizing NNI: done in 4.20489 secs using 399.8% CPU
Optimizing NNI: done in 4.21225 secs using 399.6% CPU
Iteration 490 / LogL: -2327.601 / Time: 0h:54m:13s (0h:9m:12s left)
Optimizing NNI: done in 5.20373 secs using 399.6% CPU
Optimizing NNI: done in 4.7984 secs using 399.6% CPU
Optimizing NNI: done in 5.05812 secs using 399.5% CPU
Optimizing NNI: done in 6.00341 secs using 399.6% CPU
Optimizing NNI: done in 4.06927 secs using 399.3% CPU
Optimizing NNI: done in 5.7155 secs using 399.6% CPU
Optimizing NNI: done in 6.27933 secs using 399.5% CPU
Optimizing NNI: done in 5.59577 secs using 399.8% CPU
Optimizing NNI: done in 4.9131 secs using 399.3% CPU
Optimizing NNI: done in 4.32342 secs using 399.8% CPU
Iteration 500 / LogL: -2324.176 / Time: 0h:55m:6s (0h:8m:3s left)
Optimizing NNI: done in 4.82016 secs using 399.8% CPU
Optimizing NNI: done in 5.10318 secs using 399.5% CPU
Optimizing NNI: done in 5.05923 secs using 399.5% CPU
Optimizing NNI: done in 4.41177 secs using 399.6% CPU
Optimizing NNI: done in 6.45186 secs using 399.7% CPU
Optimizing NNI: done in 5.46807 secs using 399.6% CPU
Optimizing NNI: done in 7.51782 secs using 399.5% CPU
Optimizing NNI: done in 5.25951 secs using 399.7% CPU
Optimizing NNI: done in 5.33802 secs using 399.6% CPU
Optimizing NNI: done in 4.88046 secs using 399.1% CPU
Iteration 510 / LogL: -2333.601 / Time: 0h:56m:0s (0h:6m:55s left)
Optimizing NNI: done in 4.3236 secs using 399.8% CPU
Optimizing NNI: done in 3.8794 secs using 399.7% CPU
Optimizing NNI: done in 3.55035 secs using 399.7% CPU
Optimizing NNI: done in 4.25809 secs using 399.7% CPU
Optimizing NNI: done in 5.93698 secs using 399.8% CPU
Optimizing NNI: done in 3.53802 secs using 399.8% CPU
Optimizing NNI: done in 5.16034 secs using 399.7% CPU
Optimizing NNI: done in 6.00109 secs using 399.7% CPU
Optimizing NNI: done in 4.69727 secs using 399.7% CPU
Optimizing NNI: done in 6.14594 secs using 399.7% CPU
Iteration 520 / LogL: -2326.134 / Time: 0h:56m:48s (0h:5m:48s left)
Optimizing NNI: done in 4.19838 secs using 399.1% CPU
Optimizing NNI: done in 3.95856 secs using 399.6% CPU
Optimizing NNI: done in 5.37365 secs using 399.8% CPU
Optimizing NNI: done in 4.19968 secs using 399.6% CPU
Optimizing NNI: done in 6.4356 secs using 399.7% CPU
Optimizing NNI: done in 5.25781 secs using 399.5% CPU
Optimizing NNI: done in 4.90794 secs using 399% CPU
Optimizing NNI: done in 6.67556 secs using 399.7% CPU
Optimizing NNI: done in 4.87061 secs using 399.7% CPU
Optimizing NNI: done in 6.4565 secs using 399.3% CPU
Iteration 530 / LogL: -2324.171 / Time: 0h:57m:41s (0h:4m:41s left)
Optimizing NNI: done in 5.71753 secs using 399.7% CPU
Optimizing NNI: done in 4.93854 secs using 399.7% CPU
Optimizing NNI: done in 3.59474 secs using 399.3% CPU
Optimizing NNI: done in 5.1985 secs using 399.6% CPU
Optimizing NNI: done in 4.12178 secs using 399.7% CPU
Optimizing NNI: done in 4.83808 secs using 399.4% CPU
Optimizing NNI: done in 4.94304 secs using 398.3% CPU
BETTER TREE FOUND at iteration 537: -2324.169
Optimizing NNI: done in 5.29586 secs using 399.8% CPU
Optimizing NNI: done in 4.81319 secs using 399.6% CPU
Optimizing NNI: done in 4.22997 secs using 399.6% CPU
Iteration 540 / LogL: -2324.171 / Time: 0h:58m:29s (0h:10m:31s left)
Optimizing NNI: done in 7.05626 secs using 399.4% CPU
Optimizing NNI: done in 5.75788 secs using 399.6% CPU
Optimizing NNI: done in 6.96018 secs using 399.8% CPU
Optimizing NNI: done in 5.83703 secs using 399.7% CPU
Optimizing NNI: done in 6.10737 secs using 399.8% CPU
Optimizing NNI: done in 6.13305 secs using 399.6% CPU
Optimizing NNI: done in 4.3064 secs using 399.3% CPU
Optimizing NNI: done in 6.18325 secs using 399.5% CPU
Optimizing NNI: done in 5.10557 secs using 399.5% CPU
Optimizing NNI: done in 5.3509 secs using 399.8% CPU
Iteration 550 / LogL: -2324.175 / Time: 0h:59m:28s (0h:9m:25s left)
Optimizing NNI: done in 5.06857 secs using 399.8% CPU
Optimizing NNI: done in 5.47595 secs using 399.7% CPU
Optimizing NNI: done in 5.66448 secs using 399.8% CPU
Optimizing NNI: done in 6.14459 secs using 399.6% CPU
Optimizing NNI: done in 4.10331 secs using 399.8% CPU
Optimizing NNI: done in 6.23594 secs using 399.4% CPU
Optimizing NNI: done in 7.37773 secs using 399.6% CPU
Optimizing NNI: done in 5.19658 secs using 399.5% CPU
Optimizing NNI: done in 5.35801 secs using 399.6% CPU
Optimizing NNI: done in 3.94827 secs using 399.8% CPU
Iteration 560 / LogL: -2324.170 / Time: 1h:0m:23s (0h:8m:19s left)
Optimizing NNI: done in 5.16073 secs using 399.7% CPU
Optimizing NNI: done in 6.98683 secs using 399.5% CPU
Optimizing NNI: done in 5.39557 secs using 399.5% CPU
Optimizing NNI: done in 5.81016 secs using 399.6% CPU
Optimizing NNI: done in 4.18171 secs using 399.3% CPU
Optimizing NNI: done in 5.81629 secs using 399.7% CPU
Optimizing NNI: done in 4.63428 secs using 399.7% CPU
Optimizing NNI: done in 5.7652 secs using 399.6% CPU
Optimizing NNI: done in 5.80406 secs using 399.8% CPU
Optimizing NNI: done in 5.87504 secs using 399.5% CPU
Iteration 570 / LogL: -2324.171 / Time: 1h:1m:19s (0h:7m:13s left)
Optimizing NNI: done in 4.19107 secs using 399.8% CPU
Optimizing NNI: done in 2.95033 secs using 399.4% CPU
Optimizing NNI: done in 5.33448 secs using 399.7% CPU
Optimizing NNI: done in 4.94814 secs using 399.4% CPU
Optimizing NNI: done in 6.26847 secs using 399.6% CPU
Optimizing NNI: done in 4.95486 secs using 399.5% CPU
Optimizing NNI: done in 5.79195 secs using 398.7% CPU
Optimizing NNI: done in 4.7947 secs using 399.8% CPU
Optimizing NNI: done in 4.97943 secs using 399.7% CPU
Optimizing NNI: done in 5.44079 secs using 399.7% CPU
Iteration 580 / LogL: -2324.225 / Time: 1h:2m:9s (0h:6m:7s left)
Optimizing NNI: done in 6.25163 secs using 399.6% CPU
Optimizing NNI: done in 4.59486 secs using 399.8% CPU
Optimizing NNI: done in 5.99684 secs using 399.4% CPU
Optimizing NNI: done in 4.21914 secs using 399.8% CPU
Optimizing NNI: done in 5.53628 secs using 399.4% CPU
Optimizing NNI: done in 5.28642 secs using 399.5% CPU
Optimizing NNI: done in 4.1769 secs using 399.5% CPU
Optimizing NNI: done in 5.30677 secs using 399.8% CPU
Optimizing NNI: done in 6.2907 secs using 399.6% CPU
Optimizing NNI: done in 5.31198 secs using 399.3% CPU
Iteration 590 / LogL: -2342.242 / Time: 1h:3m:3s (0h:5m:1s left)
Optimizing NNI: done in 5.67716 secs using 399.7% CPU
Optimizing NNI: done in 4.51813 secs using 399.7% CPU
Optimizing NNI: done in 4.71989 secs using 399.5% CPU
Optimizing NNI: done in 6.82306 secs using 399.6% CPU
Optimizing NNI: done in 4.01037 secs using 399.7% CPU
Optimizing NNI: done in 5.97219 secs using 399.4% CPU
Optimizing NNI: done in 6.27333 secs using 399.8% CPU
Optimizing NNI: done in 5.49683 secs using 399.6% CPU
Optimizing NNI: done in 4.65182 secs using 399.3% CPU
Optimizing NNI: done in 4.34704 secs using 399.7% CPU
Iteration 600 / LogL: -2331.230 / Time: 1h:3m:56s (0h:3m:56s left)
Optimizing NNI: done in 5.38273 secs using 399.6% CPU
Optimizing NNI: done in 4.21359 secs using 399.7% CPU
Optimizing NNI: done in 5.42225 secs using 399.6% CPU
Optimizing NNI: done in 5.25398 secs using 399.9% CPU
Optimizing NNI: done in 4.88436 secs using 399.6% CPU
Optimizing NNI: done in 5.64341 secs using 399.2% CPU
Optimizing NNI: done in 5.10636 secs using 399.8% CPU
Optimizing NNI: done in 4.64418 secs using 399.6% CPU
Optimizing NNI: done in 5.00176 secs using 399.8% CPU
Optimizing NNI: done in 6.81487 secs using 399.7% CPU
Iteration 610 / LogL: -2330.812 / Time: 1h:4m:48s (0h:2m:52s left)
Optimizing NNI: done in 3.46841 secs using 399.3% CPU
Optimizing NNI: done in 5.39463 secs using 399.6% CPU
Optimizing NNI: done in 5.95823 secs using 399.8% CPU
Optimizing NNI: done in 5.81888 secs using 399.6% CPU
Optimizing NNI: done in 5.06311 secs using 399.7% CPU
Optimizing NNI: done in 4.23919 secs using 399.7% CPU
Optimizing NNI: done in 6.86494 secs using 399.6% CPU
Optimizing NNI: done in 5.40471 secs using 399.9% CPU
Optimizing NNI: done in 6.46962 secs using 399.7% CPU
Optimizing NNI: done in 5.48176 secs using 399.5% CPU
Iteration 620 / LogL: -2330.992 / Time: 1h:5m:43s (0h:1m:48s left)
Optimizing NNI: done in 4.71652 secs using 399.4% CPU
Optimizing NNI: done in 3.56348 secs using 399.8% CPU
Optimizing NNI: done in 6.05926 secs using 399.6% CPU
Optimizing NNI: done in 4.31362 secs using 399.2% CPU
Optimizing NNI: done in 4.24721 secs using 399.4% CPU
Optimizing NNI: done in 6.20953 secs using 399.5% CPU
Optimizing NNI: done in 4.23149 secs using 399.7% CPU
Optimizing NNI: done in 5.81711 secs using 399.7% CPU
Optimizing NNI: done in 4.99535 secs using 399.7% CPU
Optimizing NNI: done in 6.17958 secs using 399.6% CPU
Iteration 630 / LogL: -2335.438 / Time: 1h:6m:34s (0h:0m:44s left)
Optimizing NNI: done in 4.16745 secs using 399.4% CPU
Optimizing NNI: done in 5.51862 secs using 399.6% CPU
Optimizing NNI: done in 5.80497 secs using 399.5% CPU
Optimizing NNI: done in 5.01602 secs using 399.6% CPU
Optimizing NNI: done in 5.87862 secs using 399.9% CPU
Optimizing NNI: done in 5.46777 secs using 399.6% CPU
Optimizing NNI: done in 5.65686 secs using 399.8% CPU
Optimizing NNI: done in 6.19009 secs using 399.6% CPU
TREE SEARCH COMPLETED AFTER 638 ITERATIONS / Time: 1h:7m:18s

--------------------------------------------------------------------
|                    FINALIZING TREE SEARCH                        |
--------------------------------------------------------------------
Performs final model parameters optimization
Estimate model parameters (epsilon = 0.010)
1. Initial log-likelihood: -2324.169
Optimal log-likelihood: -2324.169
Gamma shape alpha: 0.270
Parameters optimization took 1 rounds (0.526 sec)
BEST SCORE FOUND : -2324.169
Total tree length: 0.458

Total number of iterations: 638
CPU time used for tree search: 16099.946 sec (4h:28m:19s)
Wall-clock time used for tree search: 4032.502 sec (1h:7m:12s)
Total CPU time used: 16124.478 sec (4h:28m:44s)
Total wall-clock time used: 4038.775 sec (1h:7m:18s)

Analysis results written to: 
  IQ-TREE report:                CASQ2_WAG.iqtree
  Maximum-likelihood tree:       CASQ2_WAG.treefile
  Likelihood distances:          CASQ2_WAG.mldist
  Screen log file:               CASQ2_WAG.log

Date and Time: Sat Jan 27 08:44:57 2024
