IQ-TREE multicore version 2.2.0-beta COVID-edition for Linux 64-bit built Dec 21 2021 built Dec 21 2021
Developed by Bui Quang Minh, James Barbetti, Nguyen Lam Tung,
Olga Chernomor, Heiko Schmidt, Dominik Schrempf, Michael Woodhams, Ly Trong Nhan.

Host:    awarnach14 (SSE3, 3 GB RAM)
Command: iqtree -s translated/MYH2_codon_aligned.translated.fasta -st AA -m WAG+G4 -pre MYH2_WAG -nt 4
Seed:    795485 (Using SPRNG - Scalable Parallel Random Number Generator)
Time:    Fri Jan 26 18:00:44 2024
Kernel:  SSE2 - 4 threads (4 CPU cores detected)

Reading alignment file translated/MYH2_codon_aligned.translated.fasta ... Fasta format detected
Reading fasta file: done in 0.00381991 secs using 56.23% CPU
Alignment most likely contains protein sequences
Constructing alignment: done in 0.00563166 secs using 140.5% CPU
Alignment has 84 sequences with 899 columns, 613 distinct patterns
194 parsimony-informative, 53 singleton sites, 652 constant sites
                   Gap/Ambiguity  Composition  p-value
Analyzing sequences: done in 0.000227133 secs using 98.62% CPU
   1  Bacu_MYH2            0.67%    passed    100.00%
   2  Barn_MYH2           55.73%    passed     94.65%
   3  Bbai76728_MYH2      22.69%    passed    100.00%
   4  BbonAUS_MYH2        30.81%    passed    100.00%
   5  Bbor_MYH2           27.70%    passed    100.00%
   6  Bede66737_MYH2      36.26%    passed    100.00%
   7  BedeAUS_MYH2        37.04%    passed     99.98%
   8  Bmus49099_MYH2      15.35%    passed     99.88%
   9  Bmys_MYH2            0.44%    passed    100.00%
  10  Bphy_MYH2            0.44%    passed    100.00%
  11  Bphy_baits_MYH2     33.26%    passed     99.95%
  12  Ccom40_MYH2         33.04%    passed     99.95%
  13  Chea7320_MYH2       36.71%    passed    100.00%
  14  Cmar59905_MYH2      28.03%    passed    100.00%
  15  Dcap108471_MYH2     29.92%    passed    100.00%
  16  Dcap79929_MYH2      19.80%    passed    100.00%
  17  DdelSJR_MYH2        36.48%    passed    100.00%
  18  Ddeltrop4525_MYH2   30.37%    passed    100.00%
  19  Dleu_MYH2           33.93%    passed    100.00%
  20  EausAUS_MYH2        33.26%    passed     99.98%
  21  Egla13086_MYH2      19.69%    passed    100.00%
  22  Ejap43864_MYH2      37.49%    passed     99.57%
  23  Erob133443_MYH2     27.14%    passed    100.00%
  24  Fatt_MYH2           32.15%    passed    100.00%
  25  Ggri_MYH2           46.83%    passed     99.24%
  26  Gmac39091_MYH2      26.81%    passed    100.00%
  27  Gmel_MYH2           27.59%    passed     99.95%
  28  Hamp_MYH2           22.80%    passed    100.00%
  29  Hippo_MYH2          36.48%    passed     99.84%
  30  Igeo_MYH2           56.06%    passed     99.23%
  31  Kbre_MYH2           44.16%    passed     99.94%
  32  Ksim_MYH2           28.36%    passed    100.00%
  33  Lacu_MYH2           30.14%    passed    100.00%
  34  Lalb_MYH2           44.38%    passed    100.00%
  35  Laus_MYH2           31.70%    passed     99.87%
  36  Lbor_MYH2           32.04%    passed     99.97%
  37  Lhos30470_MYH2      24.69%    passed    100.00%
  38  Lhos452_MYH2        29.25%    passed    100.00%
  39  Lobl_MYH2           26.92%    passed    100.00%
  40  Lobs_MYH2           27.36%    passed    100.00%
  41  LperAUS_MYH2        30.37%    passed     99.50%
  42  Lvex_MYH2            0.00%    passed     77.87%
  43  Mbid_MYH2           39.49%    passed     99.50%
  44  Mbow_MYH2           44.27%    passed     99.99%
  45  Mcar_MYH2           31.59%    passed    100.00%
  46  Mden_MYH2           39.93%    passed     99.81%
  47  Meur_MYH2           25.25%    passed    100.00%
  48  Mgin_MYH2           47.94%    passed     99.99%
  49  MgraAUS_MYH2        54.73%    passed     99.47%
  50  Mhec_MYH2           39.15%    passed    100.00%
  51  MlayAUS_MYH2        34.48%    passed    100.00%
  52  Mmir_MYH2           46.94%    passed     98.78%
  53  Mmon_MYH2           48.94%    passed     95.76%
  54  Mper_MYH2           42.27%    passed     99.51%
  55  Mpni_MYH2           27.47%    passed     99.92%
  56  Mste_MYH2           28.48%    passed    100.00%
  57  Npho_MYH2            0.11%    passed    100.00%
  58  Obre_MYH2           25.36%    passed    100.00%
  59  Ohei_MYH2           34.37%    passed     99.99%
  60  Oorc_MYH2            0.00%    passed     82.40%
  61  Pbla7349_MYH2       25.58%    passed     99.53%
  62  Pcra123188_MYH2     33.70%    passed    100.00%
  63  Pdio_MYH2           27.81%    passed    100.00%
  64  Pele_MYH2           40.49%    passed    100.00%
  65  Pmac_MYH2            6.56%    passed     99.87%
  66  Ppho_MYH2           21.47%    passed     99.94%
  67  Pspi_MYH2           43.49%    passed     81.35%
  68  Satt18473_MYH2      28.36%    passed     99.99%
  69  Satt38219_MYH2      49.39%    passed     99.43%
  70  Sbre116871_MYH2     29.81%    passed    100.00%
  71  Sbre18437_MYH2      31.03%    passed    100.00%
  72  Schi_MYH2           36.04%    passed    100.00%
  73  Scly1724_MYH2       68.19%    passed     95.87%
  74  Scly1726_MYH2       17.80%    passed    100.00%
  75  Scoe_MYH2           34.48%    passed    100.00%
  76  Sflu9837_MYH2       30.26%    passed     94.48%
  77  Sfro7782_MYH2       55.06%    passed     95.60%
  78  Sfro7784_MYH2       38.93%    passed     99.41%
  79  Slon16012_MYH2      32.04%    passed    100.00%
  80  Slon24923_MYH2      25.92%    passed    100.00%
  81  Tadu79924_MYH2      37.15%    passed     99.97%
  82  Ttru_MYH2            0.00%    passed     81.78%
  83  Tshe_MYH2           17.80%    passed    100.00%
  84  Zcav_MYH2           26.81%    passed     99.95%
WARNING: 5 sequences contain more than 50% gaps/ambiguity
****  TOTAL               30.87%  0 sequences failed composition chi2 test (p-value<5%; df=19)
Checking for duplicate sequences: done in 0.000869138 secs using 77.66% CPU

Create initial parsimony tree by phylogenetic likelihood library (PLL)... 0.003 seconds

NOTE: 32 MB RAM (0 GB) is required!
Estimate model parameters (epsilon = 0.100)
1. Initial log-likelihood: -8631.151
2. Current log-likelihood: -8043.611
3. Current log-likelihood: -8027.150
4. Current log-likelihood: -8020.221
5. Current log-likelihood: -8008.272
6. Current log-likelihood: -7993.926
7. Current log-likelihood: -7983.677
8. Current log-likelihood: -7979.600
9. Current log-likelihood: -7978.447
10. Current log-likelihood: -7978.176
Optimal log-likelihood: -7978.085
Gamma shape alpha: 0.155
Parameters optimization took 10 rounds (18.320 sec)
Wrote distance file to... 
Computing ML distances based on estimated model parameters...
Calculating distance matrix: done in 1.63823 secs using 399.5% CPU
Computing ML distances took 1.639747 sec (of wall-clock time) 6.546669 sec (of CPU time)
Setting up auxiliary I and S matrices: done in 0.000837289 secs using 168.5% CPU
Constructing RapidNJ tree: done in 0.061125 secs using 49.17% CPU
Computing RapidNJ tree took 0.062192 sec (of wall-clock time) 0.035493 sec (of CPU time)
Log-likelihood of RapidNJ tree: -5875.165
--------------------------------------------------------------------
|             INITIALIZING CANDIDATE TREE SET                      |
--------------------------------------------------------------------
Generating 98 parsimony trees... 0.508 second
Computing log-likelihood of 98 initial trees ... 32.253 seconds
Current best score: -5875.165

Do NNI search on 20 best initial trees
Optimizing NNI: done in 19.8246 secs using 399.6% CPU
Estimate model parameters (epsilon = 0.100)
BETTER TREE FOUND at iteration 1: -5793.548
Optimizing NNI: done in 62.3174 secs using 399.6% CPU
Optimizing NNI: done in 39.8551 secs using 399.6% CPU
Optimizing NNI: done in 75.6512 secs using 399.6% CPU
Optimizing NNI: done in 47.7025 secs using 399.6% CPU
Optimizing NNI: done in 53.9113 secs using 399.7% CPU
Optimizing NNI: done in 72.407 secs using 399.6% CPU
Optimizing NNI: done in 49.7302 secs using 399.6% CPU
Optimizing NNI: done in 63.2556 secs using 399.7% CPU
Optimizing NNI: done in 35.4212 secs using 399.6% CPU
Iteration 10 / LogL: -7402.489 / Time: 0h:9m:43s
Optimizing NNI: done in 62.8721 secs using 399.7% CPU
Optimizing NNI: done in 57.3371 secs using 399.7% CPU
Optimizing NNI: done in 42.8193 secs using 399.6% CPU
Optimizing NNI: done in 49.7291 secs using 399.6% CPU
Optimizing NNI: done in 55.1858 secs using 399.6% CPU
Optimizing NNI: done in 59.3746 secs using 399.5% CPU
Optimizing NNI: done in 55.0498 secs using 399.7% CPU
Optimizing NNI: done in 52.2416 secs using 399.5% CPU
Optimizing NNI: done in 46.8705 secs using 399.6% CPU
Optimizing NNI: done in 67.0207 secs using 399.5% CPU
Iteration 20 / LogL: -6074.992 / Time: 0h:18m:52s
Finish initializing candidate tree set (20)
Current best tree score: -5793.548 / CPU time: 1106.846
Number of iterations: 20
--------------------------------------------------------------------
|               OPTIMIZING CANDIDATE TREE SET                      |
--------------------------------------------------------------------
Optimizing NNI: done in 16.2271 secs using 399.8% CPU
Optimizing NNI: done in 12.1601 secs using 399.7% CPU
Optimizing NNI: done in 18.8283 secs using 399.6% CPU
Optimizing NNI: done in 27.0395 secs using 399.6% CPU
Optimizing NNI: done in 18.4669 secs using 399.7% CPU
Optimizing NNI: done in 11.788 secs using 399.7% CPU
Optimizing NNI: done in 15.7549 secs using 399.7% CPU
Optimizing NNI: done in 8.65791 secs using 399.4% CPU
Optimizing NNI: done in 12.9558 secs using 399.8% CPU
Optimizing NNI: done in 10.8758 secs using 399.7% CPU
Iteration 30 / LogL: -5932.054 / Time: 0h:21m:25s (0h:52m:28s left)
Optimizing NNI: done in 13.2008 secs using 399.7% CPU
Optimizing NNI: done in 17.7252 secs using 399.6% CPU
Estimate model parameters (epsilon = 0.100)
BETTER TREE FOUND at iteration 32: -5777.445
Optimizing NNI: done in 14.0505 secs using 399.6% CPU
Optimizing NNI: done in 10.07 secs using 399.6% CPU
Optimizing NNI: done in 13.7151 secs using 399.6% CPU
Estimate model parameters (epsilon = 0.100)
BETTER TREE FOUND at iteration 35: -5776.206
Optimizing NNI: done in 12.1791 secs using 399.8% CPU
Optimizing NNI: done in 11.1093 secs using 399.6% CPU
Optimizing NNI: done in 8.69865 secs using 399.7% CPU
Optimizing NNI: done in 10.551 secs using 399.5% CPU
Optimizing NNI: done in 12.1623 secs using 399.7% CPU
Iteration 40 / LogL: -5883.226 / Time: 0h:23m:32s (0h:57m:19s left)
Optimizing NNI: done in 14.3612 secs using 399.6% CPU
Optimizing NNI: done in 17.0148 secs using 399.8% CPU
Optimizing NNI: done in 12.7501 secs using 399.5% CPU
Optimizing NNI: done in 16.8261 secs using 399.6% CPU
Estimate model parameters (epsilon = 0.100)
BETTER TREE FOUND at iteration 44: -5769.731
Optimizing NNI: done in 13.5645 secs using 399.6% CPU
Estimate model parameters (epsilon = 0.100)
BETTER TREE FOUND at iteration 45: -5761.996
Optimizing NNI: done in 18.6658 secs using 399.7% CPU
Estimate model parameters (epsilon = 0.100)
BETTER TREE FOUND at iteration 46: -5758.267
Optimizing NNI: done in 26.9764 secs using 399.5% CPU
Estimate model parameters (epsilon = 0.100)
BETTER TREE FOUND at iteration 47: -5748.472
Optimizing NNI: done in 13.0067 secs using 399.7% CPU
Optimizing NNI: done in 10.8469 secs using 399.6% CPU
Optimizing NNI: done in 11.499 secs using 399.6% CPU
Estimate model parameters (epsilon = 0.100)
BETTER TREE FOUND at iteration 50: -5743.405
Iteration 50 / LogL: -5743.405 / Time: 0h:26m:13s (0h:53m:30s left)
Optimizing NNI: done in 11.6096 secs using 399.7% CPU
Optimizing NNI: done in 10.7145 secs using 399.7% CPU
Optimizing NNI: done in 15.4504 secs using 399.6% CPU
Optimizing NNI: done in 11.5217 secs using 399.7% CPU
Optimizing NNI: done in 10.06 secs using 399.6% CPU
Optimizing NNI: done in 15.7353 secs using 399.7% CPU
Optimizing NNI: done in 18.0357 secs using 399.4% CPU
Optimizing NNI: done in 13.8839 secs using 399.8% CPU
Estimate model parameters (epsilon = 0.100)
BETTER TREE FOUND at iteration 58: -5738.067
Optimizing NNI: done in 11.9014 secs using 399.7% CPU
Optimizing NNI: done in 14.9024 secs using 399.6% CPU
Iteration 60 / LogL: -5742.635 / Time: 0h:28m:28s (0h:47m:18s left)
Optimizing NNI: done in 14.9049 secs using 399.6% CPU
Optimizing NNI: done in 8.13932 secs using 399.6% CPU
Optimizing NNI: done in 16.5388 secs using 399.6% CPU
Optimizing NNI: done in 23.0358 secs using 399.7% CPU
Optimizing NNI: done in 10.079 secs using 399.6% CPU
Optimizing NNI: done in 12.4935 secs using 399.3% CPU
Optimizing NNI: done in 9.65605 secs using 399.6% CPU
Optimizing NNI: done in 11.4732 secs using 399.6% CPU
BETTER TREE FOUND at iteration 68: -5738.064
Optimizing NNI: done in 10.1027 secs using 399.6% CPU
Optimizing NNI: done in 10.0148 secs using 399.6% CPU
Estimate model parameters (epsilon = 0.100)
BETTER TREE FOUND at iteration 70: -5737.953
Iteration 70 / LogL: -5737.953 / Time: 0h:30m:37s (0h:44m:22s left)
Optimizing NNI: done in 13.6215 secs using 399.6% CPU
Optimizing NNI: done in 15.5118 secs using 399.5% CPU
Optimizing NNI: done in 15.3088 secs using 399.7% CPU
Optimizing NNI: done in 11.3853 secs using 399.6% CPU
Optimizing NNI: done in 14.6599 secs using 399.3% CPU
Estimate model parameters (epsilon = 0.100)
BETTER TREE FOUND at iteration 75: -5735.501
Optimizing NNI: done in 12.6307 secs using 399.7% CPU
Optimizing NNI: done in 17.9602 secs using 399.6% CPU
Optimizing NNI: done in 10.7067 secs using 399.7% CPU
Optimizing NNI: done in 14.487 secs using 399.6% CPU
Optimizing NNI: done in 11.634 secs using 399.7% CPU
Iteration 80 / LogL: -5737.811 / Time: 0h:32m:56s (0h:39m:37s left)
Optimizing NNI: done in 8.08116 secs using 399.5% CPU
Optimizing NNI: done in 11.5453 secs using 399.8% CPU
Optimizing NNI: done in 10.941 secs using 399.6% CPU
Optimizing NNI: done in 11.8144 secs using 399.3% CPU
Optimizing NNI: done in 18.6792 secs using 399.7% CPU
Optimizing NNI: done in 10.064 secs using 399.6% CPU
Optimizing NNI: done in 11.9909 secs using 399.3% CPU
Optimizing NNI: done in 11.6082 secs using 399.5% CPU
Optimizing NNI: done in 13.7244 secs using 399.6% CPU
Optimizing NNI: done in 13.5987 secs using 399.7% CPU
Iteration 90 / LogL: -5741.685 / Time: 0h:34m:59s (0h:33m:25s left)
Optimizing NNI: done in 12.627 secs using 399.6% CPU
Optimizing NNI: done in 11.7064 secs using 399.6% CPU
Optimizing NNI: done in 23.0885 secs using 399.4% CPU
Optimizing NNI: done in 9.43165 secs using 399.5% CPU
Estimate model parameters (epsilon = 0.100)
BETTER TREE FOUND at iteration 94: -5734.448
Optimizing NNI: done in 15.8507 secs using 399.7% CPU
Optimizing NNI: done in 13.0652 secs using 399.7% CPU
Optimizing NNI: done in 8.74907 secs using 399.5% CPU
Optimizing NNI: done in 18.5305 secs using 399.7% CPU
Optimizing NNI: done in 22.9438 secs using 399.6% CPU
Optimizing NNI: done in 8.82875 secs using 399.5% CPU
Iteration 100 / LogL: -5734.963 / Time: 0h:37m:26s (0h:35m:32s left)
Optimizing NNI: done in 24.7442 secs using 399.6% CPU
Optimizing NNI: done in 14.6591 secs using 399.4% CPU
Optimizing NNI: done in 15.5943 secs using 399.6% CPU
Optimizing NNI: done in 19.4895 secs using 399.7% CPU
Optimizing NNI: done in 10.2523 secs using 399.8% CPU
Optimizing NNI: done in 14.0871 secs using 399.6% CPU
Estimate model parameters (epsilon = 0.100)
BETTER TREE FOUND at iteration 106: -5734.041
Optimizing NNI: done in 12.3982 secs using 399.6% CPU
Optimizing NNI: done in 13.3814 secs using 399.7% CPU
Estimate model parameters (epsilon = 0.100)
BETTER TREE FOUND at iteration 108: -5733.465
Optimizing NNI: done in 10.0739 secs using 399.6% CPU
Optimizing NNI: done in 10.9304 secs using 399.7% CPU
Estimate model parameters (epsilon = 0.100)
BETTER TREE FOUND at iteration 110: -5729.816
Iteration 110 / LogL: -5729.816 / Time: 0h:39m:55s (0h:36m:37s left)
Optimizing NNI: done in 10.8204 secs using 399.5% CPU
Optimizing NNI: done in 12.0791 secs using 399.7% CPU
Optimizing NNI: done in 11.2302 secs using 399.7% CPU
Optimizing NNI: done in 9.39589 secs using 399.5% CPU
Optimizing NNI: done in 10.1223 secs using 399.6% CPU
Optimizing NNI: done in 9.69205 secs using 399.6% CPU
Optimizing NNI: done in 9.68829 secs using 399.8% CPU
Optimizing NNI: done in 13.2688 secs using 399.5% CPU
Optimizing NNI: done in 10.3117 secs using 399.7% CPU
Optimizing NNI: done in 11.1265 secs using 399.7% CPU
Iteration 120 / LogL: -5737.952 / Time: 0h:41m:43s (0h:31m:33s left)
Optimizing NNI: done in 15.2285 secs using 399.7% CPU
Optimizing NNI: done in 11.948 secs using 399.8% CPU
Optimizing NNI: done in 12.8688 secs using 399.4% CPU
Estimate model parameters (epsilon = 0.100)
BETTER TREE FOUND at iteration 123: -5728.828
Optimizing NNI: done in 12.1402 secs using 399.8% CPU
Optimizing NNI: done in 10.3958 secs using 399.8% CPU
Optimizing NNI: done in 11.6831 secs using 399.7% CPU
Optimizing NNI: done in 14.8832 secs using 399.6% CPU
Optimizing NNI: done in 10.5652 secs using 399.6% CPU
Estimate model parameters (epsilon = 0.100)
BETTER TREE FOUND at iteration 128: -5724.818
Optimizing NNI: done in 12.0506 secs using 399.4% CPU
Optimizing NNI: done in 13.9884 secs using 399.7% CPU
Iteration 130 / LogL: -5737.447 / Time: 0h:43m:52s (0h:33m:19s left)
Optimizing NNI: done in 11.1262 secs using 399.6% CPU
Optimizing NNI: done in 10.4019 secs using 399.5% CPU
Optimizing NNI: done in 12.9974 secs using 399.4% CPU
Optimizing NNI: done in 12.0121 secs using 399.4% CPU
Optimizing NNI: done in 18.3578 secs using 399.5% CPU
Optimizing NNI: done in 18.011 secs using 399.6% CPU
Optimizing NNI: done in 9.52125 secs using 399.5% CPU
Optimizing NNI: done in 12.7971 secs using 399.6% CPU
Optimizing NNI: done in 14.9711 secs using 399.6% CPU
Optimizing NNI: done in 13.1524 secs using 399.6% CPU
Iteration 140 / LogL: -5725.965 / Time: 0h:46m:6s (0h:29m:11s left)
Optimizing NNI: done in 13.6426 secs using 399.6% CPU
Optimizing NNI: done in 15.5554 secs using 399.7% CPU
Optimizing NNI: done in 8.4015 secs using 399.5% CPU
Optimizing NNI: done in 13.0216 secs using 399.7% CPU
Optimizing NNI: done in 14.84 secs using 399.7% CPU
Optimizing NNI: done in 13.5463 secs using 399.5% CPU
Optimizing NNI: done in 13.7783 secs using 399.7% CPU
Optimizing NNI: done in 15.1805 secs using 399.6% CPU
Optimizing NNI: done in 15.0443 secs using 399.7% CPU
Estimate model parameters (epsilon = 0.100)
BETTER TREE FOUND at iteration 149: -5712.792
Optimizing NNI: done in 9.96218 secs using 399.6% CPU
Iteration 150 / LogL: -5735.246 / Time: 0h:48m:21s (0h:32m:7s left)
Optimizing NNI: done in 15.5377 secs using 399.5% CPU
Optimizing NNI: done in 12.821 secs using 399.7% CPU
Optimizing NNI: done in 10.0081 secs using 399.6% CPU
Optimizing NNI: done in 13.1615 secs using 399.6% CPU
Optimizing NNI: done in 12.8354 secs using 399.7% CPU
Optimizing NNI: done in 15.0993 secs using 399.2% CPU
Estimate model parameters (epsilon = 0.100)
BETTER TREE FOUND at iteration 156: -5711.287
Optimizing NNI: done in 13.747 secs using 399.7% CPU
Optimizing NNI: done in 12.2287 secs using 399.6% CPU
Estimate model parameters (epsilon = 0.100)
BETTER TREE FOUND at iteration 158: -5704.822
Optimizing NNI: done in 9.64003 secs using 399.7% CPU
Optimizing NNI: done in 9.57298 secs using 399.5% CPU
Iteration 160 / LogL: -5715.412 / Time: 0h:50m:28s (0h:31m:6s left)
Optimizing NNI: done in 12.512 secs using 399.5% CPU
Optimizing NNI: done in 14.4519 secs using 399.7% CPU
Optimizing NNI: done in 11.2483 secs using 399.7% CPU
Optimizing NNI: done in 11.4715 secs using 399.7% CPU
Optimizing NNI: done in 15.3416 secs using 399.7% CPU
Optimizing NNI: done in 12.4793 secs using 399.7% CPU
Optimizing NNI: done in 10.9966 secs using 399.6% CPU
Optimizing NNI: done in 11.9194 secs using 399.8% CPU
Optimizing NNI: done in 9.95959 secs using 399.7% CPU
Optimizing NNI: done in 15.1013 secs using 399.8% CPU
Iteration 170 / LogL: -5723.901 / Time: 0h:52m:34s (0h:27m:22s left)
Optimizing NNI: done in 11.8815 secs using 399.7% CPU
Optimizing NNI: done in 11.1489 secs using 399.6% CPU
Estimate model parameters (epsilon = 0.100)
BETTER TREE FOUND at iteration 172: -5704.566
Optimizing NNI: done in 12.774 secs using 399.7% CPU
Optimizing NNI: done in 11.6741 secs using 399.8% CPU
Optimizing NNI: done in 19.776 secs using 399.6% CPU
Optimizing NNI: done in 15.3667 secs using 399.5% CPU
Optimizing NNI: done in 11.7659 secs using 399.6% CPU
Optimizing NNI: done in 11.894 secs using 399.1% CPU
Optimizing NNI: done in 15.1303 secs using 399.6% CPU
Estimate model parameters (epsilon = 0.100)
BETTER TREE FOUND at iteration 179: -5699.758
Optimizing NNI: done in 11.1523 secs using 399.6% CPU
Iteration 180 / LogL: -5720.418 / Time: 0h:54m:50s (0h:30m:19s left)
Optimizing NNI: done in 14.6081 secs using 399.7% CPU
Optimizing NNI: done in 8.14612 secs using 399.7% CPU
Optimizing NNI: done in 16.8023 secs using 399.7% CPU
Optimizing NNI: done in 10.414 secs using 399.8% CPU
Optimizing NNI: done in 14.3337 secs using 399.7% CPU
Optimizing NNI: done in 19.2064 secs using 399.7% CPU
Optimizing NNI: done in 14.1465 secs using 399.7% CPU
Optimizing NNI: done in 15.6586 secs using 399.7% CPU
Optimizing NNI: done in 10.6707 secs using 399.5% CPU
Optimizing NNI: done in 12.4154 secs using 399.6% CPU
Iteration 190 / LogL: -5728.715 / Time: 0h:57m:7s (0h:26m:53s left)
Optimizing NNI: done in 14.1972 secs using 399.7% CPU
Optimizing NNI: done in 13.1428 secs using 399.5% CPU
Optimizing NNI: done in 9.20973 secs using 399.6% CPU
Optimizing NNI: done in 11.8077 secs using 399.7% CPU
Optimizing NNI: done in 15.2166 secs using 399.5% CPU
Optimizing NNI: done in 11.605 secs using 399.5% CPU
Optimizing NNI: done in 19.766 secs using 399.6% CPU
Optimizing NNI: done in 10.6678 secs using 399.6% CPU
Optimizing NNI: done in 10.9413 secs using 399.5% CPU
Optimizing NNI: done in 12.6924 secs using 399.6% CPU
Iteration 200 / LogL: -5699.762 / Time: 0h:59m:17s (0h:23m:32s left)
Optimizing NNI: done in 11.9452 secs using 399.6% CPU
Optimizing NNI: done in 12.1769 secs using 399.7% CPU
Optimizing NNI: done in 11.7235 secs using 399.7% CPU
Optimizing NNI: done in 9.57507 secs using 399.6% CPU
Optimizing NNI: done in 13.9304 secs using 399.6% CPU
Optimizing NNI: done in 10.8566 secs using 399.8% CPU
Optimizing NNI: done in 15.5799 secs using 399.7% CPU
Estimate model parameters (epsilon = 0.100)
BETTER TREE FOUND at iteration 207: -5691.840
Optimizing NNI: done in 15.7123 secs using 399.6% CPU
Optimizing NNI: done in 15.5204 secs using 399.4% CPU
Optimizing NNI: done in 10.9912 secs using 399.7% CPU
Iteration 210 / LogL: -5696.609 / Time: 1h:1m:27s (0h:28m:31s left)
Optimizing NNI: done in 14.1939 secs using 399.6% CPU
Optimizing NNI: done in 13.6594 secs using 399.6% CPU
Optimizing NNI: done in 14.6414 secs using 399.7% CPU
Optimizing NNI: done in 14.7289 secs using 399.6% CPU
Optimizing NNI: done in 16.0037 secs using 399.7% CPU
Optimizing NNI: done in 15.9976 secs using 399.7% CPU
Optimizing NNI: done in 9.23089 secs using 399.7% CPU
Optimizing NNI: done in 8.61703 secs using 399.1% CPU
Optimizing NNI: done in 11.9927 secs using 399.7% CPU
Optimizing NNI: done in 12.3042 secs using 399.7% CPU
Iteration 220 / LogL: -5704.080 / Time: 1h:3m:39s (0h:25m:17s left)
Optimizing NNI: done in 14.7526 secs using 399.6% CPU
Optimizing NNI: done in 9.94166 secs using 399.6% CPU
Optimizing NNI: done in 14.4381 secs using 399.5% CPU
Optimizing NNI: done in 17.3005 secs using 399.7% CPU
Optimizing NNI: done in 16.5819 secs using 399.7% CPU
Optimizing NNI: done in 7.95772 secs using 399.6% CPU
Optimizing NNI: done in 14.1616 secs using 399.6% CPU
Optimizing NNI: done in 10.0496 secs using 399.5% CPU
Optimizing NNI: done in 12.7787 secs using 399.7% CPU
Optimizing NNI: done in 14.9109 secs using 399.8% CPU
Estimate model parameters (epsilon = 0.100)
BETTER TREE FOUND at iteration 230: -5690.030
Iteration 230 / LogL: -5690.030 / Time: 1h:5m:53s (0h:28m:46s left)
Optimizing NNI: done in 12.7946 secs using 399.6% CPU
Optimizing NNI: done in 11.6325 secs using 399.6% CPU
Optimizing NNI: done in 12.664 secs using 399.6% CPU
Optimizing NNI: done in 13.2107 secs using 399.7% CPU
Optimizing NNI: done in 14.3469 secs using 399.8% CPU
Estimate model parameters (epsilon = 0.100)
BETTER TREE FOUND at iteration 235: -5689.766
Optimizing NNI: done in 12.5351 secs using 399.7% CPU
Optimizing NNI: done in 10.4331 secs using 399.7% CPU
Optimizing NNI: done in 13.351 secs using 399.2% CPU
Optimizing NNI: done in 14.9634 secs using 399.7% CPU
Optimizing NNI: done in 11.9399 secs using 399.7% CPU
Iteration 240 / LogL: -5690.356 / Time: 1h:8m:3s (0h:27m:3s left)
Optimizing NNI: done in 9.69742 secs using 399.5% CPU
Optimizing NNI: done in 12.6241 secs using 399.5% CPU
Optimizing NNI: done in 11.2784 secs using 399.6% CPU
Optimizing NNI: done in 13.2231 secs using 399.7% CPU
Optimizing NNI: done in 14.3073 secs using 399.6% CPU
Optimizing NNI: done in 11.2611 secs using 399.5% CPU
Optimizing NNI: done in 17.8972 secs using 399.7% CPU
Optimizing NNI: done in 14.5689 secs using 399.5% CPU
Optimizing NNI: done in 10.8607 secs using 399.7% CPU
Optimizing NNI: done in 14.2441 secs using 399.7% CPU
Iteration 250 / LogL: -5698.318 / Time: 1h:10m:14s (0h:23m:58s left)
Optimizing NNI: done in 8.68363 secs using 399.6% CPU
Optimizing NNI: done in 13.2196 secs using 399.6% CPU
Optimizing NNI: done in 18.7621 secs using 399.5% CPU
Optimizing NNI: done in 12.0929 secs using 399.6% CPU
Optimizing NNI: done in 9.54751 secs using 399.5% CPU
Optimizing NNI: done in 15.9647 secs using 399.7% CPU
Optimizing NNI: done in 14.1052 secs using 399.5% CPU
Optimizing NNI: done in 9.75503 secs using 399.7% CPU
Optimizing NNI: done in 11.357 secs using 399.7% CPU
Optimizing NNI: done in 12.8093 secs using 399.5% CPU
Iteration 260 / LogL: -5705.478 / Time: 1h:12m:21s (0h:20m:57s left)
Optimizing NNI: done in 14.3514 secs using 399.7% CPU
Optimizing NNI: done in 11.8311 secs using 399.5% CPU
Optimizing NNI: done in 13.6129 secs using 399.6% CPU
Optimizing NNI: done in 7.20934 secs using 399.7% CPU
Optimizing NNI: done in 10.816 secs using 399.5% CPU
Optimizing NNI: done in 14.6614 secs using 399.7% CPU
Optimizing NNI: done in 13.248 secs using 399% CPU
Optimizing NNI: done in 13.8111 secs using 399.6% CPU
Optimizing NNI: done in 15.0724 secs using 399.5% CPU
Optimizing NNI: done in 11.0979 secs using 399.7% CPU
Iteration 270 / LogL: -5693.371 / Time: 1h:14m:27s (0h:17m:59s left)
Optimizing NNI: done in 13.7867 secs using 399.7% CPU
Optimizing NNI: done in 12.418 secs using 399.5% CPU
Optimizing NNI: done in 14.6 secs using 399.7% CPU
Optimizing NNI: done in 12.8145 secs using 399.6% CPU
Optimizing NNI: done in 15.0144 secs using 399.7% CPU
Optimizing NNI: done in 11.7543 secs using 399.6% CPU
Optimizing NNI: done in 12.2827 secs using 399.5% CPU
Optimizing NNI: done in 12.7085 secs using 399.5% CPU
Optimizing NNI: done in 14.4227 secs using 399.3% CPU
Optimizing NNI: done in 14.9524 secs using 399.7% CPU
Iteration 280 / LogL: -5691.643 / Time: 1h:16m:43s (0h:15m:7s left)
Optimizing NNI: done in 13.223 secs using 399.7% CPU
Optimizing NNI: done in 9.74761 secs using 399.7% CPU
Optimizing NNI: done in 9.74647 secs using 399.8% CPU
Optimizing NNI: done in 11.3579 secs using 399.6% CPU
Optimizing NNI: done in 17.2772 secs using 399.6% CPU
BETTER TREE FOUND at iteration 285: -5689.764
Optimizing NNI: done in 11.1314 secs using 399.6% CPU
Optimizing NNI: done in 14.1968 secs using 399.7% CPU
Optimizing NNI: done in 11.9923 secs using 399.6% CPU
Optimizing NNI: done in 23.4272 secs using 399.4% CPU
Optimizing NNI: done in 12.8291 secs using 399.1% CPU
Iteration 290 / LogL: -5704.249 / Time: 1h:18m:59s (0h:25m:57s left)
Optimizing NNI: done in 11.4414 secs using 399.7% CPU
Optimizing NNI: done in 9.67642 secs using 399.2% CPU
Optimizing NNI: done in 11.0092 secs using 399.7% CPU
Optimizing NNI: done in 14.5686 secs using 399.7% CPU
Estimate model parameters (epsilon = 0.100)
BETTER TREE FOUND at iteration 294: -5685.468
Optimizing NNI: done in 10.2288 secs using 399.4% CPU
Optimizing NNI: done in 12.0837 secs using 399.4% CPU
Optimizing NNI: done in 14.2638 secs using 399.6% CPU
Optimizing NNI: done in 9.58164 secs using 399.8% CPU
Optimizing NNI: done in 14.5481 secs using 399.7% CPU
BETTER TREE FOUND at iteration 299: -5685.467
Optimizing NNI: done in 10.205 secs using 399.4% CPU
Iteration 300 / LogL: -5687.340 / Time: 1h:20m:58s (0h:26m:48s left)
Optimizing NNI: done in 17.3482 secs using 399.7% CPU
Optimizing NNI: done in 8.23253 secs using 398.9% CPU
Optimizing NNI: done in 11.3789 secs using 399.7% CPU
Optimizing NNI: done in 11.7451 secs using 399.7% CPU
Optimizing NNI: done in 7.68831 secs using 399.6% CPU
Optimizing NNI: done in 10.8904 secs using 399.5% CPU
Optimizing NNI: done in 10.4991 secs using 399.7% CPU
Optimizing NNI: done in 15.3566 secs using 399.7% CPU
Optimizing NNI: done in 13.0352 secs using 399.7% CPU
Optimizing NNI: done in 9.49904 secs using 399.6% CPU
Iteration 310 / LogL: -5687.135 / Time: 1h:22m:54s (0h:23m:52s left)
Optimizing NNI: done in 16.3683 secs using 399.7% CPU
BETTER TREE FOUND at iteration 311: -5685.466
Optimizing NNI: done in 12.4679 secs using 399.7% CPU
Optimizing NNI: done in 12.388 secs using 399.7% CPU
Optimizing NNI: done in 12.4414 secs using 399.2% CPU
Optimizing NNI: done in 11.108 secs using 399.5% CPU
Optimizing NNI: done in 11.0636 secs using 399.5% CPU
Optimizing NNI: done in 14.8166 secs using 399.4% CPU
Optimizing NNI: done in 12.2475 secs using 399.6% CPU
Optimizing NNI: done in 9.55211 secs using 399.7% CPU
Optimizing NNI: done in 12.4093 secs using 399.5% CPU
Iteration 320 / LogL: -5685.550 / Time: 1h:25m:0s (0h:24m:14s left)
Optimizing NNI: done in 13.1506 secs using 399.5% CPU
Optimizing NNI: done in 13.8424 secs using 399.4% CPU
Optimizing NNI: done in 12.6438 secs using 399.6% CPU
Optimizing NNI: done in 9.83971 secs using 399.6% CPU
Optimizing NNI: done in 13.976 secs using 399.7% CPU
Optimizing NNI: done in 14.9907 secs using 399.3% CPU
Optimizing NNI: done in 12.1051 secs using 399.6% CPU
Optimizing NNI: done in 14.1777 secs using 399.7% CPU
Optimizing NNI: done in 13.3528 secs using 399.6% CPU
Optimizing NNI: done in 11.6769 secs using 399.6% CPU
Iteration 330 / LogL: -5687.340 / Time: 1h:27m:11s (0h:21m:27s left)
Optimizing NNI: done in 14.8518 secs using 399.8% CPU
Optimizing NNI: done in 15.3127 secs using 399.5% CPU
Optimizing NNI: done in 14.3955 secs using 399.6% CPU
Optimizing NNI: done in 12.9432 secs using 399.8% CPU
Optimizing NNI: done in 13.7825 secs using 399.5% CPU
Optimizing NNI: done in 12.3127 secs using 399.7% CPU
Optimizing NNI: done in 11.1938 secs using 399.8% CPU
Optimizing NNI: done in 11.0816 secs using 399.7% CPU
Optimizing NNI: done in 11.5428 secs using 399.7% CPU
Optimizing NNI: done in 10.1173 secs using 399.7% CPU
Iteration 340 / LogL: -5692.255 / Time: 1h:29m:19s (0h:18m:42s left)
Optimizing NNI: done in 12.712 secs using 399.6% CPU
Optimizing NNI: done in 15.8894 secs using 399.7% CPU
Optimizing NNI: done in 11.6458 secs using 399.7% CPU
Optimizing NNI: done in 16.1364 secs using 399.6% CPU
Optimizing NNI: done in 10.1791 secs using 399.5% CPU
Optimizing NNI: done in 15.4467 secs using 399.4% CPU
Optimizing NNI: done in 12.0656 secs using 399.6% CPU
Optimizing NNI: done in 8.93025 secs using 399.6% CPU
Optimizing NNI: done in 13.554 secs using 399.6% CPU
Optimizing NNI: done in 8.33705 secs using 399.5% CPU
Iteration 350 / LogL: -5711.856 / Time: 1h:31m:25s (0h:15m:58s left)
Optimizing NNI: done in 14.0195 secs using 399.6% CPU
Optimizing NNI: done in 16.7256 secs using 399.6% CPU
Optimizing NNI: done in 8.59334 secs using 399.7% CPU
Optimizing NNI: done in 12.398 secs using 399.6% CPU
Optimizing NNI: done in 14.6388 secs using 399.6% CPU
Optimizing NNI: done in 15.3814 secs using 399.5% CPU
Optimizing NNI: done in 13.9494 secs using 399.7% CPU
Optimizing NNI: done in 12.1167 secs using 399.5% CPU
Optimizing NNI: done in 12.4912 secs using 399.7% CPU
Optimizing NNI: done in 12.9378 secs using 399.7% CPU
Iteration 360 / LogL: -5690.049 / Time: 1h:33m:39s (0h:13m:18s left)
Optimizing NNI: done in 11.6024 secs using 399.6% CPU
Optimizing NNI: done in 10.177 secs using 399.2% CPU
Optimizing NNI: done in 16.6409 secs using 399.5% CPU
Optimizing NNI: done in 17.8648 secs using 399.7% CPU
Optimizing NNI: done in 11.8458 secs using 399.7% CPU
Optimizing NNI: done in 17.578 secs using 399.5% CPU
Optimizing NNI: done in 16.2441 secs using 399.4% CPU
Optimizing NNI: done in 10.7956 secs using 399.5% CPU
Optimizing NNI: done in 14.1479 secs using 399.4% CPU
Optimizing NNI: done in 13.5985 secs using 399% CPU
Iteration 370 / LogL: -5685.467 / Time: 1h:36m:0s (0h:10m:40s left)
Optimizing NNI: done in 13.651 secs using 399.6% CPU
Optimizing NNI: done in 14.2974 secs using 399.5% CPU
Optimizing NNI: done in 13.2694 secs using 399.6% CPU
Optimizing NNI: done in 14.1289 secs using 399.5% CPU
Optimizing NNI: done in 17.3895 secs using 399.3% CPU
Optimizing NNI: done in 11.7715 secs using 399.7% CPU
Optimizing NNI: done in 13.1571 secs using 399.7% CPU
Optimizing NNI: done in 9.89448 secs using 399.7% CPU
Optimizing NNI: done in 12.2398 secs using 399.7% CPU
Optimizing NNI: done in 13.308 secs using 399.6% CPU
Iteration 380 / LogL: -5692.348 / Time: 1h:38m:14s (0h:8m:2s left)
Optimizing NNI: done in 15.4203 secs using 399.5% CPU
Optimizing NNI: done in 11.8702 secs using 399.6% CPU
Optimizing NNI: done in 12.6032 secs using 399.5% CPU
Optimizing NNI: done in 10.0038 secs using 399.8% CPU
Optimizing NNI: done in 8.51263 secs using 399.5% CPU
Optimizing NNI: done in 18.4967 secs using 399.4% CPU
Optimizing NNI: done in 13.206 secs using 399.5% CPU
Optimizing NNI: done in 18.3347 secs using 399.6% CPU
Optimizing NNI: done in 17.3755 secs using 399.7% CPU
Optimizing NNI: done in 12.4321 secs using 399.5% CPU
Iteration 390 / LogL: -5685.599 / Time: 1h:40m:33s (0h:5m:25s left)
Optimizing NNI: done in 13.4305 secs using 399.7% CPU
Optimizing NNI: done in 11.7935 secs using 399.7% CPU
Optimizing NNI: done in 10.0902 secs using 399.7% CPU
Optimizing NNI: done in 12.0903 secs using 399.7% CPU
Optimizing NNI: done in 16.3686 secs using 399.6% CPU
Optimizing NNI: done in 13.516 secs using 398.8% CPU
Optimizing NNI: done in 11.4931 secs using 399.6% CPU
Optimizing NNI: done in 6.47645 secs using 399.6% CPU
Optimizing NNI: done in 9.95768 secs using 399.4% CPU
Optimizing NNI: done in 15.6188 secs using 399.6% CPU
Iteration 400 / LogL: -5691.612 / Time: 1h:42m:34s (0h:2m:49s left)
Optimizing NNI: done in 13.3165 secs using 399.7% CPU
Optimizing NNI: done in 11.6184 secs using 398.9% CPU
Optimizing NNI: done in 11.6161 secs using 399.6% CPU
Optimizing NNI: done in 12.2549 secs using 399.6% CPU
Optimizing NNI: done in 14.2785 secs using 399.7% CPU
Optimizing NNI: done in 11.2229 secs using 399.6% CPU
Optimizing NNI: done in 14.7332 secs using 399.5% CPU
Optimizing NNI: done in 12.6117 secs using 399.5% CPU
Optimizing NNI: done in 11.8413 secs using 399.6% CPU
Optimizing NNI: done in 10.1021 secs using 399.6% CPU
Iteration 410 / LogL: -5685.468 / Time: 1h:44m:39s (0h:0m:15s left)
Optimizing NNI: done in 15.5206 secs using 399.5% CPU
Optimizing NNI: done in 10.0378 secs using 399.7% CPU
TREE SEARCH COMPLETED AFTER 412 ITERATIONS / Time: 1h:45m:4s

--------------------------------------------------------------------
|                    FINALIZING TREE SEARCH                        |
--------------------------------------------------------------------
Performs final model parameters optimization
Estimate model parameters (epsilon = 0.010)
1. Initial log-likelihood: -5685.466
Optimal log-likelihood: -5685.466
Gamma shape alpha: 0.264
Parameters optimization took 1 rounds (0.995 sec)
BEST SCORE FOUND : -5685.466
Total tree length: 0.792

Total number of iterations: 412
CPU time used for tree search: 25082.528 sec (6h:58m:2s)
Wall-clock time used for tree search: 6279.426 sec (1h:44m:39s)
Total CPU time used: 25187.297 sec (6h:59m:47s)
Total wall-clock time used: 6305.919 sec (1h:45m:5s)

Analysis results written to: 
  IQ-TREE report:                MYH2_WAG.iqtree
  Maximum-likelihood tree:       MYH2_WAG.treefile
  Likelihood distances:          MYH2_WAG.mldist
  Screen log file:               MYH2_WAG.log

Date and Time: Fri Jan 26 19:45:50 2024
