IQ-TREE multicore version 2.2.0-beta COVID-edition for Linux 64-bit built Dec 21 2021 built Dec 21 2021
Developed by Bui Quang Minh, James Barbetti, Nguyen Lam Tung,
Olga Chernomor, Heiko Schmidt, Dominik Schrempf, Michael Woodhams, Ly Trong Nhan.

Host:    awarnach (SSE3, 15 GB RAM)
Command: iqtree -s translated/OTOF_codon_aligned.translated.fasta -st AA -m WAG+G4 -pre OTOF_WAG -nt 4
Seed:    674054 (Using SPRNG - Scalable Parallel Random Number Generator)
Time:    Mon Feb  5 23:30:02 2024
Kernel:  SSE2 - 4 threads (4 CPU cores detected)

Reading alignment file translated/OTOF_codon_aligned.translated.fasta ... Fasta format detected
Reading fasta file: done in 0.00894089 secs using 94.03% CPU
Alignment most likely contains protein sequences
Constructing alignment: done in 0.0124465 secs using 93.83% CPU
Alignment has 90 sequences with 2000 columns, 1478 distinct patterns
312 parsimony-informative, 325 singleton sites, 1363 constant sites
                   Gap/Ambiguity  Composition  p-value
Analyzing sequences: done in 0.00125396 secs using 99.52% CPU
   1  Bacu_OTOF            0.00%    passed     99.98%
   2  Barn_OTOF           66.50%    passed     40.98%
   3  Bbai76728_OTOF      31.45%    passed     99.93%
   4  BbonAUS_OTOF        33.70%    passed     99.69%
   5  Bbor_OTOF           29.65%    passed    100.00%
   6  Bede66737_OTOF      30.60%    passed     99.30%
   7  BedeAUS_OTOF        34.30%    passed     99.84%
   8  Bmus_OTOF            0.00%    passed     99.97%
   9  Bmys_OTOF           18.30%    passed     99.31%
  10  Bphy_OTOF            2.00%    passed     99.99%
  11  Bphy_baits_OTOF     30.15%    passed     99.24%
  12  Btau_OTOF            0.10%    passed    100.00%
  13  Ccom40_OTOF         54.90%    passed     98.71%
  14  Chea7320_OTOF       35.65%    passed     99.88%
  15  Cmar59905_OTOF      21.70%    passed     99.91%
  16  Dcap108471_OTOF     24.70%    passed    100.00%
  17  Dcap79929_OTOF      30.20%    passed    100.00%
  18  DdelSJR_OTOF        32.70%    passed     99.96%
  19  Ddeltrop4525_OTOF   20.60%    passed    100.00%
  20  Dleu_OTOF            0.00%    passed    100.00%
  21  EausAUS_OTOF        43.70%    passed     98.05%
  22  Ecab_OTOF            0.25%    passed     99.84%
  23  Egla13086_OTOF      27.05%    passed    100.00%
  24  Ejap43864_OTOF      32.70%    passed     99.96%
  25  Erob133443_OTOF     38.25%    passed     99.97%
  26  Fatt_OTOF           35.80%    passed     99.99%
  27  Ggri_OTOF           25.25%    passed    100.00%
  28  Gmac39091_OTOF      21.85%    passed     99.98%
  29  Gmel_OTOF            0.00%    passed     99.97%
  30  Hamp_OTOF           22.90%    passed    100.00%
  31  Hippo_OTOF           0.10%    passed     99.56%
  32  Igeo_OTOF           30.50%    passed    100.00%
  33  Kbre_OTOF           31.25%    passed     99.98%
  34  Ksim_OTOF           32.80%    passed     99.94%
  35  Lacu_OTOF           38.15%    passed    100.00%
  36  Lalb_OTOF           30.10%    passed    100.00%
  37  Laus_OTOF           29.10%    passed     99.77%
  38  Lbor_OTOF           55.10%    passed    100.00%
  39  Lhos30470_OTOF      24.00%    passed    100.00%
  40  Lhos452_OTOF        28.70%    passed    100.00%
  41  Lobl_OTOF            0.00%    passed     99.98%
  42  Lobs_OTOF           32.80%    passed     99.96%
  43  LperAUS_OTOF        34.85%    passed     98.01%
  44  Lvex_OTOF            0.50%    passed     99.99%
  45  Mbid_OTOF           38.80%    passed     99.99%
  46  Mbow_OTOF           26.95%    passed     99.97%
  47  Mcar_OTOF           39.35%    passed     97.37%
  48  Mden_OTOF           51.60%    passed     98.45%
  49  Meur_OTOF           36.20%    passed     99.27%
  50  Mgin_OTOF           34.45%    passed     99.94%
  51  Mhec_OTOF           51.80%    passed     98.42%
  52  MlayAUS_OTOF        40.65%    passed     95.90%
  53  Mmir_OTOF           54.20%    passed     99.58%
  54  Mmon_OTOF            0.00%    passed    100.00%
  55  Mper_OTOF           31.30%    passed     99.82%
  56  Mpni_OTOF           43.75%    passed     99.01%
  57  Mste_OTOF           22.35%    passed     99.99%
  58  Naasi_OTOF           0.00%    passed    100.00%
  59  Npho_OTOF            7.50%    passed     99.96%
  60  Oari_OTOF            0.10%    passed    100.00%
  61  Obre_OTOF           25.95%    passed     99.98%
  62  Ohei_OTOF           23.20%    passed    100.00%
  63  Oorc_OTOF            0.10%    passed     99.97%
  64  Ovtex_OTOF           0.10%    passed    100.00%
  65  Pbla7349_OTOF       29.00%    passed     99.99%
  66  Pcra123188_OTOF     31.80%    passed    100.00%
  67  Pdio_OTOF           31.30%    passed    100.00%
  68  Pele_OTOF           26.55%    passed     99.94%
  69  Pcat_OTOF            0.00%    passed    100.00%
  70  Pmac_OTOF           43.20%    passed     95.23%
  71  Ppho_OTOF           32.60%    passed     99.99%
  72  Psin_OTOF            0.00%    passed    100.00%
  73  Pspi_OTOF           49.55%    passed     99.86%
  74  Satt18473_OTOF      29.85%    passed    100.00%
  75  Satt38219_OTOF      54.80%    passed     97.37%
  76  Sbre116871_OTOF     22.95%    passed    100.00%
  77  Sbre18437_OTOF      31.00%    passed    100.00%
  78  Schi_OTOF           26.90%    passed    100.00%
  79  Scly1726_OTOF       23.75%    passed    100.00%
  80  Scoe_OTOF           29.45%    passed    100.00%
  81  Sflu9837_OTOF       30.55%    passed    100.00%
  82  Sfro7782_OTOF       32.90%    passed    100.00%
  83  Sfro7784_OTOF       27.85%    passed     99.99%
  84  Slon16012_OTOF      22.55%    passed    100.00%
  85  Slon24923_OTOF      30.10%    passed    100.00%
  86  Sscr_OTOF            1.15%    passed     99.98%
  87  Tadu79924_OTOF      47.00%    passed     99.93%
  88  Tshe_OTOF           37.85%    passed     96.06%
  89  Ttru_OTOF            0.00%    passed     99.98%
  90  Zcav_OTOF           35.95%    passed     96.11%
WARNING: 7 sequences contain more than 50% gaps/ambiguity
****  TOTAL               26.33%  0 sequences failed composition chi2 test (p-value<5%; df=19)
Checking for duplicate sequences: done in 0.00237006 secs using 254.5% CPU

Create initial parsimony tree by phylogenetic likelihood library (PLL)... 0.004 seconds

NOTE: 83 MB RAM (0 GB) is required!
Estimate model parameters (epsilon = 0.100)
1. Initial log-likelihood: -23707.796
2. Current log-likelihood: -22041.169
3. Current log-likelihood: -21908.948
4. Current log-likelihood: -21907.298
Optimal log-likelihood: -21907.278
Gamma shape alpha: 0.171
Parameters optimization took 4 rounds (19.664 sec)
Wrote distance file to... 
Computing ML distances based on estimated model parameters...
Calculating distance matrix: done in 1.93739 secs using 379.2% CPU
Computing ML distances took 1.940316 sec (of wall-clock time) 7.354579 sec (of CPU time)
Setting up auxiliary I and S matrices: done in 0.00196934 secs using 121.2% CPU
Constructing RapidNJ tree: done in 0.198464 secs using 66.27% CPU
Computing RapidNJ tree took 0.200723 sec (of wall-clock time) 0.134403 sec (of CPU time)
Log-likelihood of RapidNJ tree: -14589.224
--------------------------------------------------------------------
|             INITIALIZING CANDIDATE TREE SET                      |
--------------------------------------------------------------------
Generating 98 parsimony trees... 0.829 second
Computing log-likelihood of 98 initial trees ... 99.014 seconds
Current best score: -14589.224

Do NNI search on 20 best initial trees
Optimizing NNI: done in 40.6684 secs using 375.4% CPU
Estimate model parameters (epsilon = 0.100)
BETTER TREE FOUND at iteration 1: -14352.601
Optimizing NNI: done in 131.21 secs using 374.5% CPU
Optimizing NNI: done in 241.829 secs using 374.7% CPU
Optimizing NNI: done in 233.925 secs using 375.1% CPU
Optimizing NNI: done in 222.97 secs using 374.6% CPU
Optimizing NNI: done in 214.121 secs using 374.9% CPU
Optimizing NNI: done in 151.905 secs using 375% CPU
Optimizing NNI: done in 262.444 secs using 375.2% CPU
Optimizing NNI: done in 175.944 secs using 374.3% CPU
Optimizing NNI: done in 190.461 secs using 374.6% CPU
Iteration 10 / LogL: -14436.748 / Time: 0h:33m:37s
Optimizing NNI: done in 194.746 secs using 375% CPU
Optimizing NNI: done in 176.804 secs using 375% CPU
Optimizing NNI: done in 219.388 secs using 375% CPU
Optimizing NNI: done in 277.37 secs using 375.2% CPU
Optimizing NNI: done in 177.043 secs using 374.9% CPU
Optimizing NNI: done in 223.515 secs using 374.6% CPU
Optimizing NNI: done in 158.211 secs using 374.9% CPU
Optimizing NNI: done in 184.524 secs using 374.9% CPU
Optimizing NNI: done in 217.875 secs using 375.3% CPU
Optimizing NNI: done in 171.755 secs using 375.1% CPU
Iteration 20 / LogL: -16363.478 / Time: 1h:7m:0s
Finish initializing candidate tree set (20)
Current best tree score: -14352.601 / CPU time: 3985.336
Number of iterations: 20
--------------------------------------------------------------------
|               OPTIMIZING CANDIDATE TREE SET                      |
--------------------------------------------------------------------
Optimizing NNI: done in 31.378 secs using 374.1% CPU
Optimizing NNI: done in 44.0172 secs using 376.1% CPU
Estimate model parameters (epsilon = 0.100)
BETTER TREE FOUND at iteration 22: -14336.392
Optimizing NNI: done in 39.3154 secs using 374.5% CPU
Optimizing NNI: done in 37.1326 secs using 374.8% CPU
Optimizing NNI: done in 28.5935 secs using 375% CPU
Optimizing NNI: done in 17.7765 secs using 373.9% CPU
Optimizing NNI: done in 26.786 secs using 374.6% CPU
Optimizing NNI: done in 35.9426 secs using 374.9% CPU
Optimizing NNI: done in 31.923 secs using 375.9% CPU
Optimizing NNI: done in 35.3376 secs using 374.9% CPU
Iteration 30 / LogL: -14342.145 / Time: 1h:12m:34s (3h:50m:13s left)
Optimizing NNI: done in 51.6756 secs using 374.7% CPU
Optimizing NNI: done in 59.5815 secs using 374.3% CPU
Optimizing NNI: done in 34.3155 secs using 376% CPU
Optimizing NNI: done in 52.6219 secs using 375.4% CPU
Optimizing NNI: done in 26.0112 secs using 374.5% CPU
Optimizing NNI: done in 35.7392 secs using 375% CPU
Optimizing NNI: done in 34.1813 secs using 375.3% CPU
Optimizing NNI: done in 32.4822 secs using 373.5% CPU
Optimizing NNI: done in 41.8017 secs using 374.7% CPU
Optimizing NNI: done in 48.489 secs using 375% CPU
BETTER TREE FOUND at iteration 40: -14336.391
Iteration 40 / LogL: -14336.391 / Time: 1h:19m:33s (3h:23m:58s left)
Optimizing NNI: done in 30.8787 secs using 374.1% CPU
Optimizing NNI: done in 22.738 secs using 376.6% CPU
Optimizing NNI: done in 33.9496 secs using 374.9% CPU
Optimizing NNI: done in 35.1107 secs using 376.1% CPU
BETTER TREE FOUND at iteration 44: -14336.390
Optimizing NNI: done in 36.2542 secs using 375.4% CPU
Optimizing NNI: done in 40.6206 secs using 375.4% CPU
Optimizing NNI: done in 35.7073 secs using 375.3% CPU
Optimizing NNI: done in 30.6444 secs using 375.7% CPU
Optimizing NNI: done in 50.6806 secs using 375.4% CPU
BETTER TREE FOUND at iteration 49: -14336.389
Optimizing NNI: done in 38.4774 secs using 374.5% CPU
Iteration 50 / LogL: -14337.576 / Time: 1h:25m:30s (2h:52m:45s left)
Optimizing NNI: done in 37.8673 secs using 376% CPU
Optimizing NNI: done in 44.2788 secs using 374.5% CPU
Optimizing NNI: done in 37.3046 secs using 375.5% CPU
Optimizing NNI: done in 29.0247 secs using 375.3% CPU
Optimizing NNI: done in 29.7827 secs using 375.6% CPU
Optimizing NNI: done in 43.3113 secs using 375.3% CPU
Optimizing NNI: done in 40.2931 secs using 375% CPU
Optimizing NNI: done in 37.0104 secs using 374.3% CPU
Optimizing NNI: done in 36.9521 secs using 375.7% CPU
Optimizing NNI: done in 38.7008 secs using 375.1% CPU
BETTER TREE FOUND at iteration 60: -14336.389
Iteration 60 / LogL: -14336.389 / Time: 1h:31m:47s (2h:35m:34s left)
Optimizing NNI: done in 33.9941 secs using 375.6% CPU
Optimizing NNI: done in 30.8185 secs using 376.9% CPU
BETTER TREE FOUND at iteration 62: -14336.388
Optimizing NNI: done in 31.4103 secs using 375.7% CPU
Optimizing NNI: done in 26.0271 secs using 374.9% CPU
Optimizing NNI: done in 38.9589 secs using 375.4% CPU
BETTER TREE FOUND at iteration 65: -14336.386
Optimizing NNI: done in 28.201 secs using 375.1% CPU
Optimizing NNI: done in 22.9155 secs using 375.9% CPU
Optimizing NNI: done in 30.264 secs using 374.8% CPU
Optimizing NNI: done in 35.0538 secs using 374.2% CPU
Optimizing NNI: done in 30.1921 secs using 376% CPU
Iteration 70 / LogL: -14346.692 / Time: 1h:36m:57s (2h:13m:29s left)
Optimizing NNI: done in 33.0848 secs using 374.9% CPU
Optimizing NNI: done in 32.7579 secs using 373.7% CPU
Optimizing NNI: done in 39.3289 secs using 375.2% CPU
Estimate model parameters (epsilon = 0.100)
BETTER TREE FOUND at iteration 73: -14322.136
Optimizing NNI: done in 36.9348 secs using 374.5% CPU
Optimizing NNI: done in 33.7125 secs using 375% CPU
Optimizing NNI: done in 36.576 secs using 373.3% CPU
Optimizing NNI: done in 29.6221 secs using 375.6% CPU
Optimizing NNI: done in 29.7356 secs using 375.5% CPU
Optimizing NNI: done in 39.9282 secs using 374.8% CPU
Optimizing NNI: done in 41.7226 secs using 374.6% CPU
Iteration 80 / LogL: -14322.746 / Time: 1h:42m:56s (2h:1m:10s left)
Optimizing NNI: done in 32.6604 secs using 375% CPU
Optimizing NNI: done in 34.2888 secs using 375% CPU
Optimizing NNI: done in 34.5029 secs using 376.1% CPU
Optimizing NNI: done in 40.1122 secs using 374.6% CPU
Estimate model parameters (epsilon = 0.100)
BETTER TREE FOUND at iteration 84: -14304.497
Optimizing NNI: done in 30.4751 secs using 373.8% CPU
Optimizing NNI: done in 34.3343 secs using 375.5% CPU
Optimizing NNI: done in 39.6384 secs using 374.7% CPU
BETTER TREE FOUND at iteration 87: -14304.496
Optimizing NNI: done in 37.7577 secs using 374.2% CPU
Optimizing NNI: done in 31.9838 secs using 375.9% CPU
Optimizing NNI: done in 33.7244 secs using 375.8% CPU
Iteration 90 / LogL: -14306.727 / Time: 1h:48m:53s (1h:58m:40s left)
Optimizing NNI: done in 39.0861 secs using 375.3% CPU
Estimate model parameters (epsilon = 0.100)
BETTER TREE FOUND at iteration 91: -14301.641
Optimizing NNI: done in 43.3701 secs using 375.4% CPU
Optimizing NNI: done in 32.4039 secs using 373.9% CPU
Estimate model parameters (epsilon = 0.100)
BETTER TREE FOUND at iteration 93: -14301.165
Optimizing NNI: done in 27.0779 secs using 374% CPU
Optimizing NNI: done in 36.277 secs using 374.7% CPU
Optimizing NNI: done in 36.4426 secs using 375.1% CPU
Optimizing NNI: done in 32.5578 secs using 375.6% CPU
Optimizing NNI: done in 35.0059 secs using 375% CPU
Optimizing NNI: done in 33.8888 secs using 375.2% CPU
Estimate model parameters (epsilon = 0.100)
BETTER TREE FOUND at iteration 99: -14299.083
Optimizing NNI: done in 45.1026 secs using 375% CPU
Iteration 100 / LogL: -14303.080 / Time: 1h:55m:5s (1h:55m:5s left)
Optimizing NNI: done in 28.7175 secs using 375.2% CPU
BETTER TREE FOUND at iteration 101: -14299.081
Optimizing NNI: done in 36.0583 secs using 375% CPU
Optimizing NNI: done in 35.8061 secs using 375.3% CPU
Optimizing NNI: done in 29.9121 secs using 376.6% CPU
Estimate model parameters (epsilon = 0.100)
BETTER TREE FOUND at iteration 104: -14295.456
Optimizing NNI: done in 30.5066 secs using 373.9% CPU
Optimizing NNI: done in 33.0124 secs using 375.3% CPU
Optimizing NNI: done in 27.3905 secs using 375.6% CPU
Optimizing NNI: done in 36.3106 secs using 374% CPU
Optimizing NNI: done in 47.8726 secs using 374.7% CPU
Estimate model parameters (epsilon = 0.100)
BETTER TREE FOUND at iteration 109: -14295.431
Optimizing NNI: done in 36.4636 secs using 374.3% CPU
Iteration 110 / LogL: -14463.983 / Time: 2h:0m:55s (1h:49m:49s left)
Optimizing NNI: done in 36.4828 secs using 375.6% CPU
Optimizing NNI: done in 29.7105 secs using 374.3% CPU
Optimizing NNI: done in 33.856 secs using 374.6% CPU
Optimizing NNI: done in 27.9772 secs using 374.9% CPU
Optimizing NNI: done in 47.7387 secs using 374.1% CPU
BETTER TREE FOUND at iteration 115: -14295.429
Optimizing NNI: done in 34.7985 secs using 375.1% CPU
Optimizing NNI: done in 35.4726 secs using 374.6% CPU
Optimizing NNI: done in 35.5405 secs using 373.5% CPU
Optimizing NNI: done in 36.7539 secs using 374.1% CPU
Optimizing NNI: done in 36.1994 secs using 375% CPU
Iteration 120 / LogL: -14313.285 / Time: 2h:6m:52s (1h:41m:16s left)
Optimizing NNI: done in 36.2188 secs using 375.2% CPU
BETTER TREE FOUND at iteration 121: -14295.428
Optimizing NNI: done in 32.2462 secs using 376.2% CPU
Optimizing NNI: done in 30.4943 secs using 374.7% CPU
Optimizing NNI: done in 39.4155 secs using 374.5% CPU
Optimizing NNI: done in 35.4478 secs using 375.9% CPU
Optimizing NNI: done in 33.1597 secs using 375.8% CPU
Optimizing NNI: done in 52.793 secs using 375.3% CPU
Optimizing NNI: done in 33.1311 secs using 374.6% CPU
Optimizing NNI: done in 35.6854 secs using 374.7% CPU
Optimizing NNI: done in 30.1277 secs using 373.8% CPU
Iteration 130 / LogL: -14295.429 / Time: 2h:12m:53s (1h:33m:44s left)
Optimizing NNI: done in 35.7384 secs using 375% CPU
Optimizing NNI: done in 31.9437 secs using 376.2% CPU
Optimizing NNI: done in 37.3047 secs using 374% CPU
Optimizing NNI: done in 28.5886 secs using 374.5% CPU
Optimizing NNI: done in 34.2904 secs using 375.3% CPU
Optimizing NNI: done in 31.6746 secs using 375.6% CPU
Optimizing NNI: done in 34.8039 secs using 374.6% CPU
Optimizing NNI: done in 46.0104 secs using 375.5% CPU
Optimizing NNI: done in 27.2545 secs using 373.9% CPU
Optimizing NNI: done in 28.2487 secs using 376% CPU
Iteration 140 / LogL: -14297.358 / Time: 2h:18m:31s (1h:20m:43s left)
Optimizing NNI: done in 28.8441 secs using 375.1% CPU
Optimizing NNI: done in 30.5919 secs using 376.2% CPU
Optimizing NNI: done in 31.0142 secs using 375.7% CPU
BETTER TREE FOUND at iteration 143: -14295.427
Optimizing NNI: done in 35.3281 secs using 376.2% CPU
Optimizing NNI: done in 38.3596 secs using 375.9% CPU
Optimizing NNI: done in 24.2817 secs using 373.7% CPU
Optimizing NNI: done in 25.2836 secs using 375.5% CPU
Optimizing NNI: done in 42.9588 secs using 374.5% CPU
Optimizing NNI: done in 34.3779 secs using 374.6% CPU
Optimizing NNI: done in 29.7048 secs using 375.7% CPU
Iteration 150 / LogL: -14297.332 / Time: 2h:23m:54s (1h:29m:49s left)
Optimizing NNI: done in 39.9768 secs using 375.4% CPU
BETTER TREE FOUND at iteration 151: -14295.427
Optimizing NNI: done in 33.3506 secs using 373.8% CPU
Optimizing NNI: done in 32.5475 secs using 376.2% CPU
Optimizing NNI: done in 30.8451 secs using 375.4% CPU
Optimizing NNI: done in 35.4807 secs using 374.3% CPU
Optimizing NNI: done in 30.0063 secs using 373.7% CPU
Optimizing NNI: done in 33.4384 secs using 374.7% CPU
Estimate model parameters (epsilon = 0.100)
BETTER TREE FOUND at iteration 157: -14255.041
Optimizing NNI: done in 32.6327 secs using 375.3% CPU
Optimizing NNI: done in 36.6053 secs using 375.7% CPU
Optimizing NNI: done in 35.9816 secs using 375.9% CPU
Iteration 160 / LogL: -14324.031 / Time: 2h:29m:40s (1h:31m:18s left)
Optimizing NNI: done in 33.6991 secs using 375.5% CPU
Optimizing NNI: done in 28.8085 secs using 374.9% CPU
Optimizing NNI: done in 33.0252 secs using 375% CPU
Optimizing NNI: done in 35.2389 secs using 374.9% CPU
Estimate model parameters (epsilon = 0.100)
BETTER TREE FOUND at iteration 164: -14255.015
Optimizing NNI: done in 27.2156 secs using 376.2% CPU
Optimizing NNI: done in 28.4308 secs using 375.1% CPU
Optimizing NNI: done in 36.5888 secs using 374% CPU
Optimizing NNI: done in 32.861 secs using 375.7% CPU
Optimizing NNI: done in 35.0814 secs using 375.7% CPU
Optimizing NNI: done in 29.7129 secs using 374.6% CPU
Iteration 170 / LogL: -14274.445 / Time: 2h:35m:5s (1h:26m:15s left)
Optimizing NNI: done in 34.5741 secs using 376.5% CPU
Optimizing NNI: done in 32.8247 secs using 374.8% CPU
Optimizing NNI: done in 28.5511 secs using 374.6% CPU
Optimizing NNI: done in 26.8755 secs using 375.4% CPU
Optimizing NNI: done in 27.7125 secs using 374.3% CPU
Optimizing NNI: done in 42.9056 secs using 375% CPU
Optimizing NNI: done in 34.2366 secs using 375.1% CPU
Optimizing NNI: done in 31.9937 secs using 375.7% CPU
Optimizing NNI: done in 44.2216 secs using 375% CPU
Optimizing NNI: done in 25.0255 secs using 376.9% CPU
BETTER TREE FOUND at iteration 180: -14255.013
Iteration 180 / LogL: -14255.013 / Time: 2h:40m:36s (1h:29m:43s left)
Optimizing NNI: done in 29.2789 secs using 375.2% CPU
UPDATE BEST LOG-LIKELIHOOD: -14255.007
Optimizing NNI: done in 33.0966 secs using 375% CPU
Optimizing NNI: done in 29.3788 secs using 376.2% CPU
Optimizing NNI: done in 34.484 secs using 375.5% CPU
Optimizing NNI: done in 36.8596 secs using 374.4% CPU
Optimizing NNI: done in 35.8583 secs using 374.3% CPU
Optimizing NNI: done in 31.8905 secs using 375.5% CPU
Optimizing NNI: done in 32.6442 secs using 374.7% CPU
Optimizing NNI: done in 37.0562 secs using 376% CPU
Optimizing NNI: done in 36.8209 secs using 374.8% CPU
Iteration 190 / LogL: -14256.422 / Time: 2h:46m:16s (1h:19m:10s left)
Optimizing NNI: done in 31.1957 secs using 375.9% CPU
Optimizing NNI: done in 28.7211 secs using 375.5% CPU
Optimizing NNI: done in 31.7279 secs using 376% CPU
Estimate model parameters (epsilon = 0.100)
BETTER TREE FOUND at iteration 193: -14254.509
Optimizing NNI: done in 32.1305 secs using 374.7% CPU
Optimizing NNI: done in 37.8176 secs using 374.7% CPU
Optimizing NNI: done in 27.0988 secs using 375.5% CPU
Optimizing NNI: done in 28.5143 secs using 375.7% CPU
Optimizing NNI: done in 44.2037 secs using 375.2% CPU
Optimizing NNI: done in 38.8899 secs using 376% CPU
Optimizing NNI: done in 36.2501 secs using 375.3% CPU
Iteration 200 / LogL: -14255.009 / Time: 2h:51m:57s (1h:20m:21s left)
Optimizing NNI: done in 40.8093 secs using 375.1% CPU
Optimizing NNI: done in 39.4491 secs using 374.6% CPU
Optimizing NNI: done in 30.9639 secs using 374.9% CPU
Optimizing NNI: done in 31.0373 secs using 374.8% CPU
Optimizing NNI: done in 27.5651 secs using 376.1% CPU
Optimizing NNI: done in 32.0399 secs using 374.4% CPU
Optimizing NNI: done in 32.7897 secs using 375.9% CPU
Optimizing NNI: done in 34.7547 secs using 375.2% CPU
Optimizing NNI: done in 44.7269 secs using 374.9% CPU
Optimizing NNI: done in 33.5525 secs using 375.7% CPU
Iteration 210 / LogL: -14266.313 / Time: 2h:57m:47s (1h:10m:36s left)
Optimizing NNI: done in 32.0299 secs using 375.9% CPU
Optimizing NNI: done in 33.0094 secs using 374.2% CPU
Optimizing NNI: done in 35.9352 secs using 375.2% CPU
Optimizing NNI: done in 37.0245 secs using 373.8% CPU
Optimizing NNI: done in 31.0019 secs using 375% CPU
Optimizing NNI: done in 30.2316 secs using 376.4% CPU
Optimizing NNI: done in 43.4813 secs using 374.7% CPU
Optimizing NNI: done in 30.9244 secs using 376% CPU
Optimizing NNI: done in 28.1825 secs using 375.6% CPU
Optimizing NNI: done in 37.1114 secs using 375.5% CPU
Iteration 220 / LogL: -14254.594 / Time: 3h:3m:28s (1h:1m:9s left)
Optimizing NNI: done in 23.5036 secs using 374.9% CPU
Optimizing NNI: done in 33.2812 secs using 375.4% CPU
Optimizing NNI: done in 31.0184 secs using 375.2% CPU
Optimizing NNI: done in 25.276 secs using 376.2% CPU
BETTER TREE FOUND at iteration 224: -14254.501
Optimizing NNI: done in 39.0776 secs using 374.5% CPU
Optimizing NNI: done in 33.4734 secs using 374.9% CPU
Optimizing NNI: done in 31.5509 secs using 374.8% CPU
Optimizing NNI: done in 30.8822 secs using 375.4% CPU
Optimizing NNI: done in 29.7693 secs using 376.4% CPU
Optimizing NNI: done in 23.7107 secs using 374.8% CPU
Iteration 230 / LogL: -14255.864 / Time: 3h:8m:32s (1h:17m:23s left)
Optimizing NNI: done in 34.4845 secs using 374.1% CPU
Optimizing NNI: done in 29.6875 secs using 376.3% CPU
Optimizing NNI: done in 37.2365 secs using 373.8% CPU
Optimizing NNI: done in 27.3758 secs using 375.5% CPU
Optimizing NNI: done in 34.9297 secs using 374.5% CPU
Optimizing NNI: done in 26.0006 secs using 374.9% CPU
Optimizing NNI: done in 33.526 secs using 375.3% CPU
Optimizing NNI: done in 34.5954 secs using 375% CPU
Optimizing NNI: done in 27.5171 secs using 375.1% CPU
Optimizing NNI: done in 30.4807 secs using 374.4% CPU
Iteration 240 / LogL: -14258.227 / Time: 3h:13m:50s (1h:8m:7s left)
Optimizing NNI: done in 33.7198 secs using 374.5% CPU
Optimizing NNI: done in 33.1558 secs using 375.2% CPU
Optimizing NNI: done in 28.1545 secs using 374.9% CPU
Optimizing NNI: done in 35.7846 secs using 374.8% CPU
Optimizing NNI: done in 28.5986 secs using 375.9% CPU
Optimizing NNI: done in 39.9206 secs using 375.5% CPU
Optimizing NNI: done in 26.6438 secs using 375.1% CPU
Optimizing NNI: done in 28.08 secs using 375.9% CPU
Optimizing NNI: done in 30.3689 secs using 373.8% CPU
Optimizing NNI: done in 30.5434 secs using 374.4% CPU
Iteration 250 / LogL: -14256.878 / Time: 3h:19m:7s (0h:59m:10s left)
Optimizing NNI: done in 23.8424 secs using 374.7% CPU
Optimizing NNI: done in 29.0532 secs using 375.2% CPU
Optimizing NNI: done in 24.5686 secs using 374.9% CPU
Optimizing NNI: done in 31.206 secs using 375.3% CPU
Optimizing NNI: done in 24.9778 secs using 373% CPU
Optimizing NNI: done in 34.0895 secs using 374.9% CPU
Optimizing NNI: done in 37.1071 secs using 375% CPU
Optimizing NNI: done in 30.2612 secs using 376.2% CPU
Optimizing NNI: done in 34.8938 secs using 374.7% CPU
Optimizing NNI: done in 30.6756 secs using 375% CPU
Iteration 260 / LogL: -14255.309 / Time: 3h:24m:10s (0h:50m:27s left)
Optimizing NNI: done in 37.0783 secs using 375.2% CPU
Optimizing NNI: done in 32.6144 secs using 375% CPU
Optimizing NNI: done in 38.1832 secs using 375.3% CPU
Optimizing NNI: done in 28.2413 secs using 375.7% CPU
Optimizing NNI: done in 31.7808 secs using 375.7% CPU
Optimizing NNI: done in 37.3998 secs using 374.4% CPU
Optimizing NNI: done in 27.4753 secs using 375.7% CPU
Optimizing NNI: done in 29.2939 secs using 373.2% CPU
Optimizing NNI: done in 40.6726 secs using 374.4% CPU
Optimizing NNI: done in 33.9295 secs using 375.6% CPU
Iteration 270 / LogL: -14254.501 / Time: 3h:29m:49s (0h:42m:7s left)
Optimizing NNI: done in 34.2892 secs using 374.8% CPU
Optimizing NNI: done in 39.6297 secs using 374.9% CPU
Optimizing NNI: done in 35.7664 secs using 374.7% CPU
Optimizing NNI: done in 28.6959 secs using 374.3% CPU
Optimizing NNI: done in 31.8506 secs using 375.4% CPU
BETTER TREE FOUND at iteration 275: -14254.501
Optimizing NNI: done in 36.5763 secs using 374.7% CPU
Optimizing NNI: done in 37.6293 secs using 376.3% CPU
Optimizing NNI: done in 29.6974 secs using 374.4% CPU
Optimizing NNI: done in 29.4708 secs using 374.9% CPU
Optimizing NNI: done in 31.3743 secs using 374.5% CPU
Iteration 280 / LogL: -14256.462 / Time: 3h:35m:26s (1h:13m:21s left)
Optimizing NNI: done in 38.4719 secs using 375.3% CPU
Optimizing NNI: done in 31.9669 secs using 375.3% CPU
Optimizing NNI: done in 34.3205 secs using 376.2% CPU
BETTER TREE FOUND at iteration 283: -14254.498
Optimizing NNI: done in 29.0745 secs using 375.5% CPU
Optimizing NNI: done in 32.553 secs using 375.6% CPU
Optimizing NNI: done in 23.5772 secs using 374.5% CPU
Optimizing NNI: done in 27.3805 secs using 373.9% CPU
Optimizing NNI: done in 26.7218 secs using 376% CPU
Optimizing NNI: done in 29.7881 secs using 375.5% CPU
BETTER TREE FOUND at iteration 289: -14254.497
Optimizing NNI: done in 22.809 secs using 374% CPU
BETTER TREE FOUND at iteration 290: -14254.496
Iteration 290 / LogL: -14254.496 / Time: 3h:40m:25s (1h:16m:16s left)
Optimizing NNI: done in 34.3655 secs using 374.7% CPU
Optimizing NNI: done in 35.902 secs using 375.2% CPU
Optimizing NNI: done in 39.7979 secs using 373.9% CPU
Estimate model parameters (epsilon = 0.100)
BETTER TREE FOUND at iteration 293: -14253.013
Optimizing NNI: done in 31.4708 secs using 374.8% CPU
Optimizing NNI: done in 27.3381 secs using 374.2% CPU
Optimizing NNI: done in 26.1672 secs using 374.1% CPU
Optimizing NNI: done in 30.5052 secs using 375.2% CPU
Optimizing NNI: done in 31.6907 secs using 375.1% CPU
Optimizing NNI: done in 26.1583 secs using 375.4% CPU
Optimizing NNI: done in 29.1975 secs using 375.1% CPU
Iteration 300 / LogL: -14260.600 / Time: 3h:45m:42s (1h:10m:12s left)
Optimizing NNI: done in 32.9373 secs using 374.2% CPU
Optimizing NNI: done in 33.1163 secs using 374.8% CPU
Optimizing NNI: done in 24.5728 secs using 375.6% CPU
Optimizing NNI: done in 29.0072 secs using 375.3% CPU
Optimizing NNI: done in 32.0841 secs using 373.8% CPU
Optimizing NNI: done in 28.972 secs using 374.5% CPU
Optimizing NNI: done in 28.614 secs using 375% CPU
Optimizing NNI: done in 39.6574 secs using 375.7% CPU
Optimizing NNI: done in 27.9935 secs using 373.6% CPU
Optimizing NNI: done in 35.7617 secs using 374.1% CPU
Iteration 310 / LogL: -14254.520 / Time: 3h:50m:57s (1h:2m:2s left)
Optimizing NNI: done in 38.9063 secs using 375.6% CPU
Optimizing NNI: done in 34.9773 secs using 374.3% CPU
Optimizing NNI: done in 34.1544 secs using 375% CPU
Optimizing NNI: done in 31.0126 secs using 375.4% CPU
Optimizing NNI: done in 31.9377 secs using 376.1% CPU
Optimizing NNI: done in 51.8545 secs using 375.1% CPU
Optimizing NNI: done in 30.6583 secs using 376.9% CPU
Optimizing NNI: done in 22.4776 secs using 373.7% CPU
Optimizing NNI: done in 32.6428 secs using 375.5% CPU
Optimizing NNI: done in 39.1909 secs using 375.5% CPU
Iteration 320 / LogL: -14253.031 / Time: 3h:56m:47s (0h:54m:11s left)
Optimizing NNI: done in 28.484 secs using 374.8% CPU
Optimizing NNI: done in 33.98 secs using 376.4% CPU
Optimizing NNI: done in 36.0605 secs using 374.7% CPU
BETTER TREE FOUND at iteration 323: -14253.012
Optimizing NNI: done in 31.2749 secs using 375.4% CPU
Optimizing NNI: done in 32.8453 secs using 375.2% CPU
Optimizing NNI: done in 34.5758 secs using 373.2% CPU
Optimizing NNI: done in 29.2754 secs using 375.5% CPU
Optimizing NNI: done in 33.5356 secs using 375.1% CPU
Optimizing NNI: done in 29.1558 secs using 376% CPU
Optimizing NNI: done in 36.4503 secs using 375.3% CPU
Iteration 330 / LogL: -14303.940 / Time: 4h:2m:15s (1h:8m:28s left)
Optimizing NNI: done in 28.4319 secs using 374.2% CPU
BETTER TREE FOUND at iteration 331: -14253.012
Optimizing NNI: done in 26.8314 secs using 373% CPU
Optimizing NNI: done in 32.7105 secs using 375.7% CPU
Optimizing NNI: done in 30.2119 secs using 374.4% CPU
Optimizing NNI: done in 35.9791 secs using 375.5% CPU
Optimizing NNI: done in 33.4461 secs using 374.5% CPU
Optimizing NNI: done in 29.8178 secs using 375.1% CPU
Optimizing NNI: done in 42.1892 secs using 375.1% CPU
Optimizing NNI: done in 35.6983 secs using 375.4% CPU
BETTER TREE FOUND at iteration 339: -14253.012
Optimizing NNI: done in 30.0825 secs using 373.9% CPU
Iteration 340 / LogL: -14258.634 / Time: 4h:7m:43s (1h:12m:20s left)
Optimizing NNI: done in 31.6246 secs using 374.3% CPU
Optimizing NNI: done in 32.7086 secs using 373.8% CPU
Optimizing NNI: done in 32.6831 secs using 373.7% CPU
BETTER TREE FOUND at iteration 343: -14253.008
Optimizing NNI: done in 41.3985 secs using 374.8% CPU
Optimizing NNI: done in 25.9462 secs using 373.8% CPU
Optimizing NNI: done in 50.3661 secs using 375.5% CPU
Optimizing NNI: done in 40.9039 secs using 374.9% CPU
Optimizing NNI: done in 29.582 secs using 376.3% CPU
Optimizing NNI: done in 30.7978 secs using 374.5% CPU
Optimizing NNI: done in 35.9785 secs using 374% CPU
Iteration 350 / LogL: -14304.480 / Time: 4h:13m:37s (1h:7m:35s left)
Optimizing NNI: done in 32.923 secs using 374.6% CPU
Optimizing NNI: done in 38.8879 secs using 375.3% CPU
Optimizing NNI: done in 42.6089 secs using 373.7% CPU
Optimizing NNI: done in 38.2024 secs using 374.4% CPU
Optimizing NNI: done in 37.6698 secs using 375.6% CPU
Optimizing NNI: done in 35.2135 secs using 373.8% CPU
Optimizing NNI: done in 37.352 secs using 375.5% CPU
Optimizing NNI: done in 32.545 secs using 374% CPU
Optimizing NNI: done in 36.2475 secs using 375.2% CPU
Optimizing NNI: done in 33.1742 secs using 374.1% CPU
Iteration 360 / LogL: -14261.024 / Time: 4h:19m:44s (1h:0m:3s left)
Optimizing NNI: done in 33.8339 secs using 374.8% CPU
Optimizing NNI: done in 30.4642 secs using 374.6% CPU
Optimizing NNI: done in 26.3331 secs using 374.3% CPU
Optimizing NNI: done in 29.2592 secs using 375.7% CPU
Optimizing NNI: done in 51.1516 secs using 373.4% CPU
Optimizing NNI: done in 35.5492 secs using 374.7% CPU
Optimizing NNI: done in 30.1995 secs using 374.8% CPU
Optimizing NNI: done in 59.3537 secs using 374.3% CPU
Optimizing NNI: done in 28.2572 secs using 374.5% CPU
Optimizing NNI: done in 30.5888 secs using 374.2% CPU
Iteration 370 / LogL: -14418.108 / Time: 4h:25m:41s (0h:52m:33s left)
Optimizing NNI: done in 34.0364 secs using 374.4% CPU
Optimizing NNI: done in 36.4994 secs using 375.1% CPU
Optimizing NNI: done in 40.4105 secs using 374.5% CPU
Optimizing NNI: done in 28.952 secs using 374.9% CPU
Optimizing NNI: done in 27.9143 secs using 374.3% CPU
Optimizing NNI: done in 35.3277 secs using 375.2% CPU
Optimizing NNI: done in 29.2109 secs using 375.3% CPU
Optimizing NNI: done in 28.8788 secs using 374.6% CPU
Optimizing NNI: done in 33.5744 secs using 375.3% CPU
Optimizing NNI: done in 32.0789 secs using 374.5% CPU
Iteration 380 / LogL: -14257.922 / Time: 4h:31m:10s (0h:45m:4s left)
Optimizing NNI: done in 32.3222 secs using 374.9% CPU
Optimizing NNI: done in 35.726 secs using 374.7% CPU
Optimizing NNI: done in 32.9877 secs using 375% CPU
Optimizing NNI: done in 27.253 secs using 375.8% CPU
Optimizing NNI: done in 33.8144 secs using 374.1% CPU
Optimizing NNI: done in 26.3114 secs using 375.4% CPU
Optimizing NNI: done in 37.116 secs using 376.1% CPU
Optimizing NNI: done in 35.4238 secs using 373.3% CPU
Optimizing NNI: done in 34.677 secs using 375.6% CPU
BETTER TREE FOUND at iteration 389: -14253.008
Optimizing NNI: done in 30.0242 secs using 375.2% CPU
Iteration 390 / LogL: -14253.763 / Time: 4h:36m:38s (1h:10m:24s left)
Optimizing NNI: done in 44.6886 secs using 374.4% CPU
Optimizing NNI: done in 35.8731 secs using 374.4% CPU
Optimizing NNI: done in 29.3619 secs using 376% CPU
Optimizing NNI: done in 49.1811 secs using 373.9% CPU
Optimizing NNI: done in 33.7121 secs using 375.8% CPU
Optimizing NNI: done in 30.8346 secs using 374.3% CPU
Optimizing NNI: done in 26.7649 secs using 374.8% CPU
Optimizing NNI: done in 28.1558 secs using 374.4% CPU
Optimizing NNI: done in 24.7751 secs using 375.3% CPU
Optimizing NNI: done in 34.2689 secs using 374.7% CPU
Iteration 400 / LogL: -14253.049 / Time: 4h:42m:17s (1h:2m:58s left)
Optimizing NNI: done in 30.5898 secs using 376.8% CPU
Optimizing NNI: done in 30.8523 secs using 375.5% CPU
Optimizing NNI: done in 34.2 secs using 374.7% CPU
Optimizing NNI: done in 34.9526 secs using 376.1% CPU
Optimizing NNI: done in 36.1412 secs using 375% CPU
Optimizing NNI: done in 25.9412 secs using 376.9% CPU
Optimizing NNI: done in 30.875 secs using 374.4% CPU
Optimizing NNI: done in 37.8254 secs using 374.5% CPU
Optimizing NNI: done in 29.8691 secs using 373.8% CPU
Optimizing NNI: done in 30.7107 secs using 375.5% CPU
Iteration 410 / LogL: -14255.404 / Time: 4h:47m:42s (0h:55m:34s left)
Optimizing NNI: done in 29.1492 secs using 375.9% CPU
Optimizing NNI: done in 41.057 secs using 375.3% CPU
Optimizing NNI: done in 32.8554 secs using 374.1% CPU
Optimizing NNI: done in 34.7977 secs using 374.9% CPU
Optimizing NNI: done in 29.0884 secs using 374.5% CPU
Optimizing NNI: done in 32.1976 secs using 375.2% CPU
Optimizing NNI: done in 28.1127 secs using 374.3% CPU
Optimizing NNI: done in 58.9954 secs using 375.6% CPU
Optimizing NNI: done in 24.9444 secs using 374.2% CPU
Optimizing NNI: done in 32.1204 secs using 375.2% CPU
Iteration 420 / LogL: -14253.027 / Time: 4h:53m:27s (0h:48m:19s left)
Optimizing NNI: done in 31.0591 secs using 375.4% CPU
Optimizing NNI: done in 26.8773 secs using 373.4% CPU
Optimizing NNI: done in 40.6024 secs using 373.6% CPU
Optimizing NNI: done in 29.2655 secs using 376.1% CPU
Optimizing NNI: done in 29.726 secs using 374.5% CPU
Optimizing NNI: done in 36.5151 secs using 374% CPU
Optimizing NNI: done in 34.3609 secs using 375.6% CPU
Optimizing NNI: done in 23.6617 secs using 374.8% CPU
Optimizing NNI: done in 27.1031 secs using 375.4% CPU
Optimizing NNI: done in 29.7135 secs using 374.1% CPU
Iteration 430 / LogL: -14253.012 / Time: 4h:58m:38s (0h:41m:4s left)
Optimizing NNI: done in 42.694 secs using 374.9% CPU
Optimizing NNI: done in 32.2501 secs using 375.3% CPU
Optimizing NNI: done in 32.5204 secs using 373.9% CPU
Optimizing NNI: done in 28.386 secs using 374.7% CPU
Optimizing NNI: done in 29.9869 secs using 374.9% CPU
Optimizing NNI: done in 33.4411 secs using 375.6% CPU
Optimizing NNI: done in 34.1598 secs using 374.6% CPU
Optimizing NNI: done in 27.7984 secs using 375.4% CPU
Optimizing NNI: done in 34.6468 secs using 374.8% CPU
Optimizing NNI: done in 24.8191 secs using 375.7% CPU
Iteration 440 / LogL: -14253.009 / Time: 5h:4m:1s (0h:33m:56s left)
Optimizing NNI: done in 36.5581 secs using 374% CPU
Optimizing NNI: done in 29.0413 secs using 374.3% CPU
Optimizing NNI: done in 33.9966 secs using 375.7% CPU
Optimizing NNI: done in 38.7143 secs using 375.6% CPU
Optimizing NNI: done in 30.6613 secs using 375.5% CPU
Optimizing NNI: done in 39.2942 secs using 374.1% CPU
Optimizing NNI: done in 38.2487 secs using 375.2% CPU
Optimizing NNI: done in 27.9417 secs using 376% CPU
Optimizing NNI: done in 37.0732 secs using 373.4% CPU
Optimizing NNI: done in 41.1736 secs using 375.8% CPU
Iteration 450 / LogL: -14255.161 / Time: 5h:9m:56s (0h:26m:55s left)
Optimizing NNI: done in 30.3139 secs using 374% CPU
Optimizing NNI: done in 33.2921 secs using 374.8% CPU
Optimizing NNI: done in 31.9902 secs using 375.9% CPU
Optimizing NNI: done in 29.5971 secs using 374.6% CPU
Optimizing NNI: done in 36.0887 secs using 374.1% CPU
Optimizing NNI: done in 33.5394 secs using 375.6% CPU
Optimizing NNI: done in 35.0116 secs using 375.9% CPU
Optimizing NNI: done in 29.7798 secs using 375.8% CPU
Optimizing NNI: done in 28.8809 secs using 375.8% CPU
BETTER TREE FOUND at iteration 459: -14253.007
Optimizing NNI: done in 25.2671 secs using 373.1% CPU
Iteration 460 / LogL: -14253.011 / Time: 5h:15m:12s (1h:7m:59s left)
Optimizing NNI: done in 28.0675 secs using 375.1% CPU
Optimizing NNI: done in 39.2004 secs using 374.8% CPU
Optimizing NNI: done in 28.3521 secs using 374.3% CPU
Optimizing NNI: done in 43.3464 secs using 374.7% CPU
Optimizing NNI: done in 36.9376 secs using 375.2% CPU
Optimizing NNI: done in 36.8491 secs using 375.1% CPU
Optimizing NNI: done in 40.2647 secs using 374.5% CPU
Optimizing NNI: done in 26.5226 secs using 375% CPU
Optimizing NNI: done in 41.3558 secs using 375.8% CPU
Optimizing NNI: done in 36.1618 secs using 375.1% CPU
BETTER TREE FOUND at iteration 470: -14253.006
Iteration 470 / LogL: -14253.006 / Time: 5h:21m:11s (1h:8m:29s left)
Optimizing NNI: done in 28.7059 secs using 375.5% CPU
Optimizing NNI: done in 32.6365 secs using 374.8% CPU
Optimizing NNI: done in 26.7304 secs using 375.4% CPU
Optimizing NNI: done in 39.3075 secs using 375.2% CPU
Optimizing NNI: done in 38.8735 secs using 374.4% CPU
Optimizing NNI: done in 33.319 secs using 374.4% CPU
Optimizing NNI: done in 27.951 secs using 374.4% CPU
Optimizing NNI: done in 37.3614 secs using 375.1% CPU
Optimizing NNI: done in 33.3976 secs using 374.2% CPU
Optimizing NNI: done in 31.0234 secs using 374.9% CPU
Iteration 480 / LogL: -14269.899 / Time: 5h:26m:43s (1h:1m:23s left)
Optimizing NNI: done in 31.7738 secs using 375.2% CPU
Optimizing NNI: done in 39.6517 secs using 376% CPU
Optimizing NNI: done in 29.2119 secs using 375.2% CPU
Optimizing NNI: done in 29.089 secs using 374.2% CPU
Optimizing NNI: done in 36.4672 secs using 375.5% CPU
Optimizing NNI: done in 40.749 secs using 374.8% CPU
Optimizing NNI: done in 31.491 secs using 375.7% CPU
Optimizing NNI: done in 25.9846 secs using 373% CPU
Optimizing NNI: done in 31.8207 secs using 375.3% CPU
Optimizing NNI: done in 24.6433 secs using 373.6% CPU
Iteration 490 / LogL: -14254.363 / Time: 5h:32m:6s (0h:54m:19s left)
Optimizing NNI: done in 32.4569 secs using 376.3% CPU
Optimizing NNI: done in 33.9443 secs using 374.4% CPU
Optimizing NNI: done in 35.8016 secs using 375.4% CPU
Optimizing NNI: done in 26.7853 secs using 373.8% CPU
Optimizing NNI: done in 30.8221 secs using 375% CPU
Optimizing NNI: done in 30.6362 secs using 376.1% CPU
Optimizing NNI: done in 30.4604 secs using 375.6% CPU
Optimizing NNI: done in 33.1013 secs using 374.1% CPU
Optimizing NNI: done in 28.6944 secs using 374.5% CPU
Optimizing NNI: done in 39.9289 secs using 374.5% CPU
Iteration 500 / LogL: -14258.037 / Time: 5h:37m:31s (0h:47m:20s left)
Optimizing NNI: done in 35.472 secs using 374.8% CPU
Optimizing NNI: done in 31.4787 secs using 374.8% CPU
BETTER TREE FOUND at iteration 502: -14253.006
Optimizing NNI: done in 26.0461 secs using 374.4% CPU
Optimizing NNI: done in 33.1047 secs using 375.2% CPU
Optimizing NNI: done in 38.1918 secs using 374.8% CPU
Optimizing NNI: done in 35.992 secs using 375.2% CPU
Optimizing NNI: done in 49.6804 secs using 375.7% CPU
Optimizing NNI: done in 28.4354 secs using 376% CPU
Optimizing NNI: done in 27.1135 secs using 375% CPU
Optimizing NNI: done in 35.3741 secs using 375.1% CPU
Iteration 510 / LogL: -14253.007 / Time: 5h:43m:14s (1h:2m:2s left)
Optimizing NNI: done in 26.3908 secs using 375.1% CPU
Optimizing NNI: done in 29.0357 secs using 375.8% CPU
Optimizing NNI: done in 38.7296 secs using 375.4% CPU
Optimizing NNI: done in 44.5358 secs using 374.4% CPU
Optimizing NNI: done in 27.9449 secs using 376.1% CPU
Optimizing NNI: done in 32.9622 secs using 375.6% CPU
Optimizing NNI: done in 29.9065 secs using 373.9% CPU
Optimizing NNI: done in 33.7275 secs using 375.6% CPU
Optimizing NNI: done in 40.8638 secs using 375.3% CPU
Optimizing NNI: done in 35.4026 secs using 375.4% CPU
Iteration 520 / LogL: -14254.975 / Time: 5h:48m:55s (0h:55m:7s left)
Optimizing NNI: done in 29.6151 secs using 375.9% CPU
Optimizing NNI: done in 31.2203 secs using 375.3% CPU
Optimizing NNI: done in 31.9908 secs using 373.9% CPU
Optimizing NNI: done in 34.8531 secs using 375.3% CPU
Optimizing NNI: done in 28.8029 secs using 374.7% CPU
Optimizing NNI: done in 29.6797 secs using 373.8% CPU
Optimizing NNI: done in 36.1648 secs using 374.4% CPU
Optimizing NNI: done in 30.4399 secs using 372.9% CPU
Optimizing NNI: done in 27.7831 secs using 374.9% CPU
BETTER TREE FOUND at iteration 529: -14253.004
Optimizing NNI: done in 33.8781 secs using 374% CPU
BETTER TREE FOUND at iteration 530: -14253.004
Iteration 530 / LogL: -14253.004 / Time: 5h:54m:12s (1h:6m:57s left)
Optimizing NNI: done in 34.5751 secs using 373.9% CPU
Optimizing NNI: done in 26.6323 secs using 373% CPU
Optimizing NNI: done in 33.1679 secs using 374% CPU
Optimizing NNI: done in 40.2522 secs using 374.3% CPU
Optimizing NNI: done in 29.501 secs using 375.4% CPU
Optimizing NNI: done in 34.8974 secs using 375.6% CPU
Optimizing NNI: done in 26.9403 secs using 374.9% CPU
Optimizing NNI: done in 32.2788 secs using 374.6% CPU
Optimizing NNI: done in 29.5952 secs using 375.4% CPU
Optimizing NNI: done in 41.7819 secs using 370.5% CPU
Iteration 540 / LogL: -14253.007 / Time: 5h:59m:44s (1h:0m:4s left)
Optimizing NNI: done in 36.9533 secs using 370.7% CPU
Optimizing NNI: done in 25.6474 secs using 373.8% CPU
Optimizing NNI: done in 28.6443 secs using 374.7% CPU
Optimizing NNI: done in 31.3454 secs using 374.3% CPU
Optimizing NNI: done in 33.3061 secs using 374.3% CPU
Optimizing NNI: done in 27.6304 secs using 373.5% CPU
Optimizing NNI: done in 36.4554 secs using 374.1% CPU
Optimizing NNI: done in 35.1517 secs using 374.4% CPU
Optimizing NNI: done in 31.5084 secs using 375.7% CPU
Optimizing NNI: done in 27.659 secs using 373.7% CPU
Iteration 550 / LogL: -14261.988 / Time: 6h:5m:0s (0h:53m:11s left)
Optimizing NNI: done in 33.1706 secs using 375% CPU
Optimizing NNI: done in 34.8139 secs using 375.8% CPU
Optimizing NNI: done in 32.6465 secs using 373.4% CPU
Optimizing NNI: done in 35.0595 secs using 375.1% CPU
Optimizing NNI: done in 28.817 secs using 374.6% CPU
Optimizing NNI: done in 28.6834 secs using 375.3% CPU
Optimizing NNI: done in 31.6224 secs using 375.5% CPU
Optimizing NNI: done in 36.9721 secs using 374.3% CPU
Optimizing NNI: done in 43.9101 secs using 373.1% CPU
Optimizing NNI: done in 28.9411 secs using 374.6% CPU
Iteration 560 / LogL: -14253.006 / Time: 6h:10m:37s (0h:46m:24s left)
Optimizing NNI: done in 20.2664 secs using 374.5% CPU
Optimizing NNI: done in 40.9908 secs using 374.7% CPU
Optimizing NNI: done in 43.1504 secs using 375.3% CPU
Optimizing NNI: done in 29.149 secs using 375.4% CPU
Optimizing NNI: done in 26.498 secs using 375% CPU
Optimizing NNI: done in 36.5727 secs using 374.8% CPU
Optimizing NNI: done in 35.659 secs using 375.6% CPU
Optimizing NNI: done in 28.7296 secs using 375.4% CPU
Optimizing NNI: done in 27.2623 secs using 374.9% CPU
Optimizing NNI: done in 33.6257 secs using 374.9% CPU
Iteration 570 / LogL: -14267.514 / Time: 6h:16m:1s (0h:39m:39s left)
Optimizing NNI: done in 30.2887 secs using 374.4% CPU
Optimizing NNI: done in 19.6431 secs using 375.5% CPU
Optimizing NNI: done in 34.9422 secs using 374.3% CPU
Optimizing NNI: done in 34.3271 secs using 376% CPU
Optimizing NNI: done in 40.2227 secs using 375.1% CPU
Optimizing NNI: done in 40.7783 secs using 375% CPU
Optimizing NNI: done in 38.2244 secs using 374.5% CPU
Optimizing NNI: done in 31.7003 secs using 376% CPU
Optimizing NNI: done in 32.6224 secs using 374.4% CPU
Optimizing NNI: done in 37.9104 secs using 374.5% CPU
Iteration 580 / LogL: -14253.006 / Time: 6h:21m:44s (0h:32m:57s left)
Optimizing NNI: done in 41.2318 secs using 376.1% CPU
Optimizing NNI: done in 26.9505 secs using 375.5% CPU
Optimizing NNI: done in 32.6615 secs using 375% CPU
Optimizing NNI: done in 34.2997 secs using 375.2% CPU
Optimizing NNI: done in 30.9856 secs using 375.8% CPU
Optimizing NNI: done in 31.9349 secs using 373.6% CPU
Optimizing NNI: done in 31.8583 secs using 375.6% CPU
Optimizing NNI: done in 29.7533 secs using 373.5% CPU
Optimizing NNI: done in 32.3778 secs using 375.8% CPU
Optimizing NNI: done in 40.4751 secs using 374.5% CPU
Iteration 590 / LogL: -14257.841 / Time: 6h:27m:19s (0h:26m:18s left)
Optimizing NNI: done in 33.725 secs using 374.9% CPU
Optimizing NNI: done in 29.9653 secs using 374.3% CPU
Optimizing NNI: done in 38.5616 secs using 375.3% CPU
Optimizing NNI: done in 38.1013 secs using 374.6% CPU
Optimizing NNI: done in 29.6282 secs using 375.8% CPU
Optimizing NNI: done in 29.6079 secs using 372.9% CPU
Optimizing NNI: done in 38.6924 secs using 375.6% CPU
Optimizing NNI: done in 31.3105 secs using 375.4% CPU
Optimizing NNI: done in 30.8611 secs using 374.8% CPU
Optimizing NNI: done in 31.1184 secs using 375.5% CPU
Iteration 600 / LogL: -14253.182 / Time: 6h:32m:53s (0h:19m:40s left)
Optimizing NNI: done in 35.9321 secs using 375% CPU
Optimizing NNI: done in 29.2791 secs using 374.9% CPU
Optimizing NNI: done in 23.5461 secs using 375.9% CPU
Optimizing NNI: done in 36.716 secs using 374.2% CPU
Optimizing NNI: done in 37.3341 secs using 375.3% CPU
Optimizing NNI: done in 28.8023 secs using 376% CPU
Optimizing NNI: done in 30.3318 secs using 375.8% CPU
Optimizing NNI: done in 24.8543 secs using 374.9% CPU
Optimizing NNI: done in 34.5647 secs using 376.4% CPU
Optimizing NNI: done in 36.1317 secs using 375.5% CPU
Iteration 610 / LogL: -14272.779 / Time: 6h:38m:12s (0h:13m:4s left)
Optimizing NNI: done in 26.3167 secs using 374.5% CPU
Optimizing NNI: done in 31.1744 secs using 373.8% CPU
Optimizing NNI: done in 27.5278 secs using 375.4% CPU
Optimizing NNI: done in 36.4851 secs using 376.2% CPU
Optimizing NNI: done in 36.2617 secs using 374.9% CPU
Optimizing NNI: done in 46.6828 secs using 375.1% CPU
Optimizing NNI: done in 33.7086 secs using 375.3% CPU
Optimizing NNI: done in 29.7807 secs using 375.9% CPU
Optimizing NNI: done in 25.7305 secs using 376% CPU
Optimizing NNI: done in 27.4607 secs using 374.1% CPU
Iteration 620 / LogL: -14253.039 / Time: 6h:43m:35s (0h:6m:31s left)
Optimizing NNI: done in 36.4006 secs using 374.7% CPU
Optimizing NNI: done in 35.8242 secs using 374.3% CPU
Optimizing NNI: done in 35.8707 secs using 374.6% CPU
Optimizing NNI: done in 33.9015 secs using 374.2% CPU
Optimizing NNI: done in 26.4545 secs using 375% CPU
Optimizing NNI: done in 35.7023 secs using 374.8% CPU
Optimizing NNI: done in 29.375 secs using 374.8% CPU
Optimizing NNI: done in 32.2693 secs using 375.7% CPU
Optimizing NNI: done in 26.4171 secs using 375.6% CPU
Optimizing NNI: done in 28.874 secs using 374.4% CPU
Iteration 630 / LogL: -14254.366 / Time: 6h:48m:59s (0h:0m:0s left)
Optimizing NNI: done in 40.3518 secs using 374.9% CPU
TREE SEARCH COMPLETED AFTER 631 ITERATIONS / Time: 6h:49m:39s

--------------------------------------------------------------------
|                    FINALIZING TREE SEARCH                        |
--------------------------------------------------------------------
Performs final model parameters optimization
Estimate model parameters (epsilon = 0.010)
1. Initial log-likelihood: -14253.004
Optimal log-likelihood: -14253.003
Gamma shape alpha: 0.470
Parameters optimization took 1 rounds (2.865 sec)
BEST SCORE FOUND : -14253.003
Total tree length: 0.769

Total number of iterations: 631
CPU time used for tree search: 92002.611 sec (25h:33m:22s)
Wall-clock time used for tree search: 24544.324 sec (6h:49m:4s)
Total CPU time used: 92145.283 sec (25h:35m:45s)
Total wall-clock time used: 24582.717 sec (6h:49m:42s)

Analysis results written to: 
  IQ-TREE report:                OTOF_WAG.iqtree
  Maximum-likelihood tree:       OTOF_WAG.treefile
  Likelihood distances:          OTOF_WAG.mldist
  Screen log file:               OTOF_WAG.log

Date and Time: Tue Feb  6 06:19:45 2024
