IQ-TREE multicore version 2.2.0-beta COVID-edition for Linux 64-bit built Dec 21 2021 built Dec 21 2021
Developed by Bui Quang Minh, James Barbetti, Nguyen Lam Tung,
Olga Chernomor, Heiko Schmidt, Dominik Schrempf, Michael Woodhams, Ly Trong Nhan.

Host:    awarnach10 (SSE3, 3 GB RAM)
Command: iqtree -s codon_alignments_v3_Jan24/CNTNAP2_codon_aligned.phy -st CODON -m TEST -pre CNTNAP2_MF -nt 4
Seed:    78377 (Using SPRNG - Scalable Parallel Random Number Generator)
Time:    Wed Jan 24 23:48:59 2024
Kernel:  SSE2 - 4 threads (4 CPU cores detected)

Reading alignment file codon_alignments_v3_Jan24/CNTNAP2_codon_aligned.phy ... Phylip format detected
Alignment most likely contains DNA/RNA sequences
Converting to codon sequences with genetic code  ...
WARNING: Sequence Sscr_CNTNAP2 has ambiguous character NNA at site 2851
WARNING: Sequence Sscr_CNTNAP2 has ambiguous character NCC at site 2914
WARNING: Sequence Sscr_CNTNAP2 has ambiguous character NAC at site 2977
Constructing alignment: done in 0.0121288 secs using 70.54% CPU
Alignment has 90 sequences with 1331 columns, 1180 distinct patterns
457 parsimony-informative, 250 singleton sites, 624 constant sites
                      Gap/Ambiguity  Composition  p-value
Analyzing sequences: done in 0.000548402 secs using 99.38% CPU
   1  Bacu_CNTNAP2            3.98%    passed    100.00%
   2  Barn_CNTNAP2           48.01%    passed     99.84%
   3  Bbai76728_CNTNAP2      10.07%    passed    100.00%
   4  BbonAUS_CNTNAP2         6.09%    passed    100.00%
   5  Bbor_CNTNAP2            0.00%    passed    100.00%
   6  Bede66737_CNTNAP2       0.00%    passed    100.00%
   7  BedeAUS_CNTNAP2         5.86%    passed    100.00%
   8  Bmus_CNTNAP2            0.00%    passed    100.00%
   9  Bphy_baits_CNTNAP2      4.51%    passed    100.00%
  10  Btau_CNTNAP2            0.00%    passed     99.99%
  11  Ccom40_CNTNAP2          4.28%    passed    100.00%
  12  Cela_CNTNAP2            0.00%    passed     89.59%
  13  Chea7320_CNTNAP2        0.00%    passed    100.00%
  14  Chir_CNTNAP2            0.00%    passed     99.83%
  15  Cmar59905_CNTNAP2       3.61%    passed    100.00%
  16  Dcap108471_CNTNAP2      0.15%    passed    100.00%
  17  Dcap79929_CNTNAP2       3.76%    passed    100.00%
  18  DdelSJR_CNTNAP2         0.15%    passed    100.00%
  19  Ddeltrop4525_CNTNAP2    3.38%    passed    100.00%
  20  Dleu_CNTNAP2            0.00%    passed    100.00%
  21  EausAUS_CNTNAP2         0.08%    passed    100.00%
  22  Egla13086_CNTNAP2       0.08%    passed    100.00%
  23  Ejap43864_CNTNAP2       0.08%    passed    100.00%
  24  Erob133443_CNTNAP2      0.00%    passed    100.00%
  25  Fatt_CNTNAP2            0.00%    passed    100.00%
  26  Ggri_CNTNAP2            2.48%    passed    100.00%
  27  Gmac39091_CNTNAP2       0.00%    passed    100.00%
  28  Gmel_CNTNAP2            0.00%    passed    100.00%
  29  Hamp_CNTNAP2            0.15%    passed    100.00%
  30  Hippo_CNTNAP2          10.07%    passed    100.00%
  31  Igeo_CNTNAP2           21.94%    passed    100.00%
  32  Kbre_CNTNAP2            0.08%    passed    100.00%
  33  Ksim_CNTNAP2            3.76%    passed    100.00%
  34  Lacu_CNTNAP2            0.45%    passed    100.00%
  35  Lalb_CNTNAP2            0.00%    passed    100.00%
  36  Laus_CNTNAP2            0.00%    passed    100.00%
  37  Lbor_CNTNAP2            6.61%    passed    100.00%
  38  Lhos30470_CNTNAP2       8.11%    passed    100.00%
  39  Lhos452_CNTNAP2         0.23%    passed    100.00%
  40  Lobl_CNTNAP2            0.00%    passed    100.00%
  41  Lobs_CNTNAP2            2.70%    passed    100.00%
  42  LperAUS_CNTNAP2         0.83%    passed    100.00%
  43  Mbid_CNTNAP2           34.71%    passed     99.84%
  44  Mbow_CNTNAP2            5.03%    passed    100.00%
  45  Mcar_CNTNAP2            2.48%    passed    100.00%
  46  Mden_CNTNAP2           26.15%    passed    100.00%
  47  Meur_CNTNAP2            5.86%    passed    100.00%
  48  Mgin_CNTNAP2            0.15%    passed    100.00%
  49  MgraAUS_CNTNAP2        34.03%    passed     99.99%
  50  Mhec_CNTNAP2           10.67%    passed    100.00%
  51  MlayAUS_CNTNAP2         2.18%    passed    100.00%
  52  Mmir_CNTNAP2           13.37%    passed    100.00%
  53  Mmon_CNTNAP2            0.00%    passed    100.00%
  54  Mper_CNTNAP2            2.63%    passed    100.00%
  55  Mpni_CNTNAP2            0.15%    passed    100.00%
  56  Mste_CNTNAP2            0.15%    passed    100.00%
  57  Naasi_CNTNAP2           0.00%    passed    100.00%
  58  Npho_CNTNAP2            6.76%    passed    100.00%
  59  Oari_CNTNAP2            0.00%    passed     99.53%
  60  Obre_CNTNAP2            0.00%    passed    100.00%
  61  Ohei_CNTNAP2            5.86%    passed    100.00%
  62  Oorc_CNTNAP2            0.00%    passed    100.00%
  63  Pbla7349_CNTNAP2        7.29%    passed    100.00%
  64  Pcat_CNTNAP2            1.58%    passed    100.00%
  65  Pcra123188_CNTNAP2      0.00%    passed    100.00%
  66  Pdal_CNTNAP2           51.92%    passed     99.87%
  67  Pdio_CNTNAP2            0.00%    passed    100.00%
  68  Pele_CNTNAP2            2.48%    passed    100.00%
  69  Pmac_CNTNAP2           30.50%    passed    100.00%
  70  Ppho_CNTNAP2            0.08%    passed    100.00%
  71  Psin_CASQ1              0.00%    passed    100.00%
  72  Pspi_CNTNAP2           16.60%    passed    100.00%
  73  Satt18473_CNTNAP2       0.15%    passed    100.00%
  74  Satt38219_CNTNAP2       6.69%    passed    100.00%
  75  Sbre116871_CNTNAP2      2.63%    passed    100.00%
  76  Sbre18437_CNTNAP2       2.63%    passed    100.00%
  77  Schi_CNTNAP2            0.15%    passed    100.00%
  78  Scly1724_CNTNAP2       32.98%    passed     99.93%
  79  Scly1726_CNTNAP2        0.15%    passed    100.00%
  80  Scoe_CNTNAP2            0.00%    passed    100.00%
  81  Sflu9837_CNTNAP2        0.00%    passed    100.00%
  82  Sfro7782_CNTNAP2        2.10%    passed    100.00%
  83  Sfro7784_CNTNAP2        0.15%    passed    100.00%
  84  Slon16012_CNTNAP2       0.15%    passed    100.00%
  85  Slon24923_CNTNAP2       2.63%    passed    100.00%
  86  Sscr_CNTNAP2            0.30%    passed    100.00%
  87  Tadu79924_CNTNAP2       6.01%    passed    100.00%
  88  Tshe_CNTNAP2            2.48%    passed    100.00%
  89  Ttru_CNTNAP2            0.00%    passed    100.00%
  90  Zcav_CNTNAP2            5.79%    passed    100.00%
WARNING: 1 sequences contain more than 50% gaps/ambiguity
****  TOTAL                   5.30%  0 sequences failed composition chi2 test (p-value<5%; df=60)
Checking for duplicate sequences: done in 0.00166504 secs using 227.9% CPU

Creating fast initial parsimony tree by random order stepwise addition...
0.100 seconds, parsimony score: 1490 (based on 707 sites)
Perform fast likelihood tree search using GY+F3X4+I+G model...
Estimate model parameters (epsilon = 5.000)
Perform nearest neighbor interchange...
Optimizing NNI: done in 26.5443 secs using 388.4% CPU
Estimate model parameters (epsilon = 1.000)
1. Initial log-likelihood: -14745.812
Optimal log-likelihood: -14745.140
Nonsynonymous/synonymous ratio (omega): 0.092
Transition/transversion ratio (kappa): 4.028
Proportion of invariable sites: 0.143
Gamma shape alpha: 1.062
Parameters optimization took 1 rounds (37.071 sec)
Time for fast ML tree search: 447.763 seconds

NOTE: ModelFinder requires 208 MB RAM!
ModelFinder will test up to 60 codon models (sample size: 1331) ...
 No. Model         -LnL         df  AIC          AICc         BIC
  1  GY+F3X4       14972.031    188 30320.062    30382.289    31296.475
  2  GY+F3X4+I     14807.152    189 29992.304    30055.248    30973.910
  3  GY+F3X4+G4    14710.576    189 29799.151    29862.096    30780.758
  4  GY+F3X4+I+G4  14707.722    190 29795.443    29859.110    30782.244
  7  GY+F1X4+G4    14761.954    183 29889.908    29948.621    30840.353
  8  GY+F1X4+I+G4  14758.527    184 29885.054    29944.461    30840.692
 11  GY+F+G4       14659.009    240 29798.018    29904.146    31044.502
 12  GY+F+I+G4     14655.771    241 29793.542    29900.653    31045.220
 15  MGK+F3X4+G4   14671.640    189 29721.279    29784.224    30702.886
 16  MGK+F3X4+I+G4 14670.539    190 29721.077    29784.744    30707.878
 19  MGK+F1X4+G4   14764.442    183 29894.885    29953.598    30845.329
 20  MGK+F1X4+I+G4 14761.459    184 29890.917    29950.324    30846.556
 23  MG+F3X4+G4    14671.640    188 29719.279    29781.507    30695.692
 24  MG+F3X4+I+G4  14670.547    189 29719.095    29782.040    30700.701
 27  MG+F1X4+G4    14764.452    182 29892.904    29950.929    30838.155
 28  MG+F1X4+I+G4  14761.470    183 29888.939    29947.653    30839.384
 31  KOSI07+F3X4+G4 14974.877    187 30323.754    30385.270    31294.974
 32  KOSI07+F3X4+I+G4 14968.783    188 30313.566    30375.794    31289.979
 35  KOSI07+F1X4+G4 15095.242    181 30552.484    30609.824    31492.541
 36  KOSI07+F1X4+I+G4 15076.582    182 30517.164    30575.189    31462.415
 39  KOSI07+F+G4   14926.972    238 30329.944    30434.123    31566.041
 40  KOSI07+F+I+G4 14919.495    239 30316.990    30422.141    31558.280
 43  KOSI07+FU+G4  15019.468    178 30394.937    30450.253    31319.413
 44  KOSI07+FU+I+G4 15016.146    179 30390.293    30446.279    31319.962
 47  SCHN05+F3X4+G4 14943.250    187 30260.499    30322.015    31231.719
 48  SCHN05+F3X4+I+G4 14936.373    188 30248.746    30310.974    31225.159
 51  SCHN05+F1X4+G4 15087.283    181 30536.565    30593.906    31476.623
 52  SCHN05+F1X4+I+G4 15066.573    182 30497.147    30555.171    31442.397
 55  SCHN05+F+G4   14853.115    238 30182.230    30286.410    31418.327
 56  SCHN05+F+I+G4 14849.406    239 30176.811    30281.962    31418.102
 59  SCHN05+FU+G4  14986.647    178 30329.294    30384.610    31253.770
 60  SCHN05+FU+I+G4 14984.574    179 30327.148    30383.134    31256.818
Akaike Information Criterion:           MG+F3X4+I+G4
Corrected Akaike Information Criterion: MG+F3X4+G4
Bayesian Information Criterion:         MG+F3X4+G4
Best-fit model: MG+F3X4+G4 chosen according to BIC

All model information printed to CNTNAP2_MF.model.gz
CPU time for ModelFinder: 24320.584 seconds (6h:45m:20s)
Wall-clock time for ModelFinder: 6238.027 seconds (1h:43m:58s)

NOTE: 209 MB RAM (0 GB) is required!
Estimate model parameters (epsilon = 0.100)
1. Initial log-likelihood: -14671.640
Optimal log-likelihood: -14671.640
Nonsynonymous/synonymous ratio (omega): 0.100
Transition/transversion ratio (kappa): 4.261
Gamma shape alpha: 0.764
Parameters optimization took 1 rounds (31.900 sec)
Wrote distance file to... 
Computing ML distances based on estimated model parameters...
Calculating distance matrix: done in 40.6065 secs using 399.7% CPU
Computing ML distances took 40.607526 sec (of wall-clock time) 162.313107 sec (of CPU time)
Setting up auxiliary I and S matrices: done in 0.000953209 secs using 165% CPU
Constructing RapidNJ tree: done in 0.0598646 secs using 47.25% CPU
Computing RapidNJ tree took 0.061030 sec (of wall-clock time) 0.029974 sec (of CPU time)
Log-likelihood of RapidNJ tree: -14799.739
--------------------------------------------------------------------
|             INITIALIZING CANDIDATE TREE SET                      |
--------------------------------------------------------------------
Generating 98 parsimony trees... 3.116 second
Computing log-likelihood of 98 initial trees ... 716.584 seconds
Current best score: -14671.640

Do NNI search on 20 best initial trees
Optimizing NNI: done in 26.6851 secs using 388.3% CPU
Estimate model parameters (epsilon = 0.100)
BETTER TREE FOUND at iteration 1: -14671.640
Optimizing NNI: done in 27.0025 secs using 388% CPU
Optimizing NNI: done in 26.3292 secs using 387.4% CPU
Optimizing NNI: done in 26.4282 secs using 387.1% CPU
Optimizing NNI: done in 26.8468 secs using 388.4% CPU
Optimizing NNI: done in 26.273 secs using 387.8% CPU
Optimizing NNI: done in 27.3964 secs using 387.7% CPU
Optimizing NNI: done in 26.0531 secs using 386.9% CPU
Optimizing NNI: done in 25.9276 secs using 387.3% CPU
Optimizing NNI: done in 26.6347 secs using 387.7% CPU
Iteration 10 / LogL: -14718.256 / Time: 0h:18m:30s
Optimizing NNI: done in 26.2917 secs using 387% CPU
Optimizing NNI: done in 26.1303 secs using 387.9% CPU
Optimizing NNI: done in 26.3008 secs using 386.9% CPU
Optimizing NNI: done in 26.7554 secs using 387.8% CPU
Optimizing NNI: done in 26.1243 secs using 387.5% CPU
Optimizing NNI: done in 26.3749 secs using 387.1% CPU
Optimizing NNI: done in 26.0305 secs using 387.7% CPU
Optimizing NNI: done in 26.434 secs using 387.5% CPU
Optimizing NNI: done in 26.1503 secs using 388.3% CPU
Optimizing NNI: done in 25.7856 secs using 387.1% CPU
Iteration 20 / LogL: -14724.749 / Time: 0h:23m:4s
Finish initializing candidate tree set (20)
Current best tree score: -14671.640 / CPU time: 1304.607
Number of iterations: 20
--------------------------------------------------------------------
|               OPTIMIZING CANDIDATE TREE SET                      |
--------------------------------------------------------------------
Optimizing NNI: done in 48.1001 secs using 387.1% CPU
Optimizing NNI: done in 50.664 secs using 387.4% CPU
Optimizing NNI: done in 56.2524 secs using 387.9% CPU
Optimizing NNI: done in 67.1876 secs using 386.8% CPU
Optimizing NNI: done in 75.0932 secs using 387.5% CPU
Optimizing NNI: done in 49.0644 secs using 387.4% CPU
Optimizing NNI: done in 48.9279 secs using 387.6% CPU
Optimizing NNI: done in 65.3725 secs using 386.9% CPU
Optimizing NNI: done in 63.529 secs using 387.6% CPU
Optimizing NNI: done in 74.7392 secs using 387.1% CPU
Iteration 30 / LogL: -15135.652 / Time: 0h:33m:15s (1h:21m:26s left)
Optimizing NNI: done in 49.8502 secs using 387.6% CPU
Optimizing NNI: done in 61.9061 secs using 388% CPU
Optimizing NNI: done in 59.8212 secs using 387.1% CPU
Optimizing NNI: done in 62.3477 secs using 387% CPU
Optimizing NNI: done in 42.3608 secs using 387.3% CPU
Optimizing NNI: done in 80.0501 secs using 387.7% CPU
Optimizing NNI: done in 49.8325 secs using 387.4% CPU
Optimizing NNI: done in 39.046 secs using 386.7% CPU
Optimizing NNI: done in 83.6332 secs using 386.3% CPU
Optimizing NNI: done in 61.4606 secs using 387.7% CPU
Iteration 40 / LogL: -14939.047 / Time: 0h:43m:18s (1h:7m:44s left)
Optimizing NNI: done in 81.9444 secs using 387.4% CPU
Optimizing NNI: done in 50.16 secs using 386.8% CPU
Optimizing NNI: done in 53.8744 secs using 387.7% CPU
Optimizing NNI: done in 50.7206 secs using 387.3% CPU
Optimizing NNI: done in 91.0738 secs using 387.9% CPU
Optimizing NNI: done in 46.2487 secs using 387% CPU
Optimizing NNI: done in 50.5971 secs using 387.9% CPU
Optimizing NNI: done in 76.2091 secs using 387.6% CPU
Optimizing NNI: done in 51.5663 secs using 386.6% CPU
Optimizing NNI: done in 46.6557 secs using 387.2% CPU
Iteration 50 / LogL: -15154.194 / Time: 0h:53m:29s (0h:55m:40s left)
Optimizing NNI: done in 56.5054 secs using 386.9% CPU
Optimizing NNI: done in 62.2518 secs using 387.8% CPU
Optimizing NNI: done in 68.1143 secs using 387.6% CPU
Optimizing NNI: done in 43.0145 secs using 388.2% CPU
Optimizing NNI: done in 48.3404 secs using 387.5% CPU
Optimizing NNI: done in 40.1398 secs using 387.9% CPU
Optimizing NNI: done in 37.2075 secs using 387.4% CPU
Optimizing NNI: done in 61.1596 secs using 387.1% CPU
Optimizing NNI: done in 50.7514 secs using 387.1% CPU
Optimizing NNI: done in 53.6937 secs using 387.1% CPU
Iteration 60 / LogL: -15327.178 / Time: 1h:2m:22s (0h:43m:21s left)
Optimizing NNI: done in 77.4092 secs using 387.5% CPU
Optimizing NNI: done in 59.61 secs using 386.8% CPU
Optimizing NNI: done in 66.1531 secs using 387.2% CPU
Optimizing NNI: done in 87.9771 secs using 386% CPU
Optimizing NNI: done in 68.8051 secs using 385.6% CPU
Optimizing NNI: done in 37.8977 secs using 387.2% CPU
Optimizing NNI: done in 37.6475 secs using 387.4% CPU
Optimizing NNI: done in 56.9677 secs using 387% CPU
Optimizing NNI: done in 63.6428 secs using 386.7% CPU
Optimizing NNI: done in 86.9078 secs using 387.5% CPU
Iteration 70 / LogL: -15101.704 / Time: 1h:13m:18s (0h:32m:55s left)
Optimizing NNI: done in 81.5327 secs using 386.2% CPU
Optimizing NNI: done in 68.2401 secs using 387.4% CPU
Optimizing NNI: done in 66.3985 secs using 388.2% CPU
Optimizing NNI: done in 47.2332 secs using 386.9% CPU
Optimizing NNI: done in 63.5357 secs using 387.5% CPU
Optimizing NNI: done in 82.21 secs using 386.3% CPU
Optimizing NNI: done in 64.0835 secs using 387.9% CPU
Optimizing NNI: done in 49.793 secs using 388.1% CPU
Optimizing NNI: done in 41.0163 secs using 387% CPU
Optimizing NNI: done in 72.1758 secs using 387.4% CPU
Iteration 80 / LogL: -15302.926 / Time: 1h:24m:6s (0h:22m:21s left)
Optimizing NNI: done in 61.6261 secs using 387.9% CPU
Optimizing NNI: done in 51.0061 secs using 387.4% CPU
Optimizing NNI: done in 36.1701 secs using 387.4% CPU
Optimizing NNI: done in 61.0043 secs using 388.3% CPU
Optimizing NNI: done in 42.1902 secs using 388% CPU
Optimizing NNI: done in 54.3778 secs using 386.8% CPU
Optimizing NNI: done in 39.8176 secs using 387.1% CPU
Optimizing NNI: done in 37.9058 secs using 388.4% CPU
Optimizing NNI: done in 59.3606 secs using 386.6% CPU
Optimizing NNI: done in 70.621 secs using 387.3% CPU
Iteration 90 / LogL: -15055.029 / Time: 1h:32m:52s (0h:11m:28s left)
Optimizing NNI: done in 50.4909 secs using 386.9% CPU
Optimizing NNI: done in 59.0317 secs using 387.4% CPU
Optimizing NNI: done in 62.8256 secs using 387.8% CPU
Optimizing NNI: done in 59.8697 secs using 386.5% CPU
Optimizing NNI: done in 38.2336 secs using 384.9% CPU
Optimizing NNI: done in 65.2798 secs using 387.3% CPU
Optimizing NNI: done in 75.0587 secs using 386.8% CPU
Optimizing NNI: done in 48.4134 secs using 385.8% CPU
Optimizing NNI: done in 117.895 secs using 387.1% CPU
Optimizing NNI: done in 64.0137 secs using 386.7% CPU
Iteration 100 / LogL: -15116.007 / Time: 1h:43m:46s (0h:1m:2s left)
Optimizing NNI: done in 62.1538 secs using 388% CPU
Optimizing NNI: done in 113.208 secs using 388.5% CPU
TREE SEARCH COMPLETED AFTER 102 ITERATIONS / Time: 1h:46m:43s

--------------------------------------------------------------------
|                    FINALIZING TREE SEARCH                        |
--------------------------------------------------------------------
Performs final model parameters optimization
Estimate model parameters (epsilon = 0.010)
1. Initial log-likelihood: -14671.640
Optimal log-likelihood: -14671.640
Nonsynonymous/synonymous ratio (omega): 0.100
Transition/transversion ratio (kappa): 4.261
Gamma shape alpha: 0.764
Parameters optimization took 1 rounds (33.031 sec)
BEST SCORE FOUND : -14671.640
Total tree length: 1.296

Total number of iterations: 102
CPU time used for tree search: 24477.685 sec (6h:47m:57s)
Wall-clock time used for tree search: 6323.752 sec (1h:45m:23s)
Total CPU time used: 24921.254 sec (6h:55m:21s)
Total wall-clock time used: 6436.914 sec (1h:47m:16s)

Analysis results written to: 
  IQ-TREE report:                CNTNAP2_MF.iqtree
  Maximum-likelihood tree:       CNTNAP2_MF.treefile
  Likelihood distances:          CNTNAP2_MF.mldist
  Screen log file:               CNTNAP2_MF.log

Date and Time: Thu Jan 25 03:20:14 2024
