IQ-TREE multicore version 2.2.0-beta COVID-edition for Linux 64-bit built Dec 21 2021 built Dec 21 2021
Developed by Bui Quang Minh, James Barbetti, Nguyen Lam Tung,
Olga Chernomor, Heiko Schmidt, Dominik Schrempf, Michael Woodhams, Ly Trong Nhan.

Host:    awarnach10 (SSE3, 3 GB RAM)
Command: iqtree -s codon_alignments_v3_Jan24/FOXP2_codon_aligned.phy -st CODON -m TEST -pre FOXP2_MF -nt 4
Seed:    243526 (Using SPRNG - Scalable Parallel Random Number Generator)
Time:    Thu Jan 25 19:20:31 2024
Kernel:  SSE2 - 4 threads (4 CPU cores detected)

Reading alignment file codon_alignments_v3_Jan24/FOXP2_codon_aligned.phy ... Phylip format detected
Alignment most likely contains DNA/RNA sequences
Converting to codon sequences with genetic code  ...
Constructing alignment: done in 0.00384663 secs using 140% CPU
Alignment has 92 sequences with 510 columns, 400 distinct patterns
71 parsimony-informative, 70 singleton sites, 369 constant sites
                    Gap/Ambiguity  Composition  p-value
Analyzing sequences: done in 0.000141362 secs using 97.62% CPU
   1  Bacu_FOXP2            0.00%    passed    100.00%
   2  Barn_FOXP2           25.49%    passed    100.00%
   3  Bbai76728_FOXP2      16.86%    passed    100.00%
   4  BbonAUS_FOXP2         9.80%    passed    100.00%
   5  Bbor_FOXP2            5.10%    passed    100.00%
   6  Bede66737_FOXP2       5.10%    passed    100.00%
   7  BedeAUS_FOXP2         5.10%    passed    100.00%
   8  Bmus_FOXP2            0.00%    passed    100.00%
   9  Bmys_FOXP2           14.51%    passed    100.00%
  10  Bphy_FOXP2           15.69%    passed    100.00%
  11  Bphy_baits_FOXP2      9.80%    passed    100.00%
  12  Btau_FOXP2            0.00%    passed    100.00%
  13  Ccom40_FOXP2         22.55%    passed    100.00%
  14  Chea7320_FOXP2        9.80%    passed    100.00%
  15  Cmar59905_FOXP2       9.80%    passed    100.00%
  16  Dcap108471_FOXP2      5.10%    passed    100.00%
  17  Dcap79929_FOXP2      10.78%    passed    100.00%
  18  DdelSJR_FOXP2         5.10%    passed    100.00%
  19  Ddeltrop4525_FOXP2    5.10%    passed    100.00%
  20  Dleu_FOXP2            0.00%    passed    100.00%
  21  EausAUS_FOXP2         5.10%    passed    100.00%
  22  Egla13086_FOXP2       5.10%    passed    100.00%
  23  Ejap43864_FOXP2       5.10%    passed    100.00%
  24  Erob133443_FOXP2     10.20%    passed    100.00%
  25  Fatt_FOXP2            5.10%    passed    100.00%
  26  Ggri_FOXP2            5.10%    passed    100.00%
  27  Gmac39091_FOXP2       5.10%    passed    100.00%
  28  Gmel_FOXP2            0.00%    passed    100.00%
  29  Hippo_FOXP2           0.00%    passed    100.00%
  30  Hamp_FOXP2            5.10%    passed    100.00%
  31  Igeo_FOXP2           38.63%    passed    100.00%
  32  Kbre_FOXP2            5.10%    passed    100.00%
  33  Ksim_FOXP2           20.39%    passed    100.00%
  34  Lacu_FOXP2            5.10%    passed    100.00%
  35  Lalb_FOXP2            5.10%    passed    100.00%
  36  Laus_FOXP2            5.10%    passed    100.00%
  37  Lbor_FOXP2           11.96%    passed    100.00%
  38  Lhos30470_FOXP2      16.47%    passed    100.00%
  39  Lhos452_FOXP2         9.80%    passed    100.00%
  40  Lobl_FOXP2            0.00%    passed    100.00%
  41  Lobs_FOXP2           10.98%    passed    100.00%
  42  LperAUS_FOXP2         5.10%    passed    100.00%
  43  Lvex_FOXP2           25.10%    passed    100.00%
  44  Mbid_FOXP2           29.80%    passed    100.00%
  45  Mbow_FOXP2            5.10%    passed    100.00%
  46  Mcar_FOXP2            5.10%    passed    100.00%
  47  Mden_FOXP2           36.27%    passed    100.00%
  48  Meur_FOXP2           10.98%    passed    100.00%
  49  Mgin_FOXP2            5.10%    passed    100.00%
  50  MgraAUS_FOXP2        46.08%    passed     99.45%
  51  Mhec_FOXP2            9.80%    passed    100.00%
  52  MlayAUS_FOXP2         5.10%    passed    100.00%
  53  Mmir_FOXP2           23.92%    passed    100.00%
  54  Mmon_FOXP2            0.00%    passed    100.00%
  55  Mper_FOXP2            5.10%    passed    100.00%
  56  Mpni_FOXP2            6.27%    passed    100.00%
  57  Mste_FOXP2            9.80%    passed    100.00%
  58  Naasi_FOXP2           0.00%    passed    100.00%
  59  Npho_FOXP2            5.10%    passed    100.00%
  60  Oari_FOXP2            0.00%    passed    100.00%
  61  Obre_FOXP2            5.10%    passed    100.00%
  62  Ohei_FOXP2            5.10%    passed    100.00%
  63  Oorc_FOXP2            0.00%    passed    100.00%
  64  Ovtex_FOXP2           0.00%    passed    100.00%
  65  Pbla7349_FOXP2       11.37%    passed    100.00%
  66  Pcat_FOXP2            0.00%    passed    100.00%
  67  Pcra123188_FOXP2      9.80%    passed    100.00%
  68  Pdal_FOXP2           52.55%    passed     99.17%
  69  Pdio_FOXP2            5.10%    passed    100.00%
  70  Pele_FOXP2            5.10%    passed    100.00%
  71  Pmac_FOXP2            5.29%    passed    100.00%
  72  Ppho_FOXP2            5.10%    passed    100.00%
  73  Psin_FOXP2            0.00%    passed    100.00%
  74  Pspi_FOXP2           45.49%    passed     99.97%
  75  Satt18473_FOXP2       9.80%    passed    100.00%
  76  Satt38219_FOXP2      15.88%    passed    100.00%
  77  Sbre116871_FOXP2      5.10%    passed    100.00%
  78  Sbre18437_FOXP2       5.10%    passed    100.00%
  79  Schi_FOXP2            9.80%    passed    100.00%
  80  Scly1724_FOXP2       57.84%    passed     58.08%
  81  Scly1726_FOXP2        5.10%    passed    100.00%
  82  Scoe_FOXP2            5.10%    passed    100.00%
  83  Sflu9837_FOXP2        5.10%    passed    100.00%
  84  Sfro7782_FOXP2       15.69%    passed    100.00%
  85  Sfro7784_FOXP2        5.10%    passed    100.00%
  86  Slon16012_FOXP2       5.10%    passed    100.00%
  87  Slon24923_FOXP2       5.10%    passed    100.00%
  88  Sscr_FOXP2            0.00%    passed    100.00%
  89  Tadu79924_FOXP2       5.10%    passed    100.00%
  90  Tshe_FOXP2            5.10%    passed    100.00%
  91  Ttru_FOXP2            0.00%    passed    100.00%
  92  Zcav_FOXP2            9.80%    passed    100.00%
WARNING: 2 sequences contain more than 50% gaps/ambiguity
****  TOTAL                 9.82%  0 sequences failed composition chi2 test (p-value<5%; df=60)
NOTE: BedeAUS_FOXP2 is identical to Bede66737_FOXP2 but kept for subsequent analysis
NOTE: Schi_FOXP2 is identical to Chea7320_FOXP2 but kept for subsequent analysis
NOTE: DdelSJR_FOXP2 is identical to Dcap108471_FOXP2 but kept for subsequent analysis
NOTE: Egla13086_FOXP2 is identical to EausAUS_FOXP2 but kept for subsequent analysis
NOTE: Gmac39091_FOXP2 is identical to Fatt_FOXP2 but kept for subsequent analysis
NOTE: Lobl_FOXP2 is identical to Gmel_FOXP2 but kept for subsequent analysis
NOTE: MlayAUS_FOXP2 is identical to Mbow_FOXP2 but kept for subsequent analysis
NOTE: Mste_FOXP2 is identical to Mhec_FOXP2 but kept for subsequent analysis
NOTE: Psin_FOXP2 is identical to Naasi_FOXP2 but kept for subsequent analysis
NOTE: Pdio_FOXP2 is identical to Npho_FOXP2 but kept for subsequent analysis
NOTE: Sbre18437_FOXP2 is identical to Sbre116871_FOXP2 but kept for subsequent analysis
NOTE: Slon16012_FOXP2 is identical to Scly1726_FOXP2 but kept for subsequent analysis
Checking for duplicate sequences: done in 0.000846209 secs using 99.74% CPU
Identifying sites to remove: done in 0.00229669 secs using 250.3% CPU
NOTE: 10 identical sequences (see below) will be ignored for subsequent analysis
NOTE: Ddeltrop4525_FOXP2 (identical to Dcap108471_FOXP2) is ignored but added at the end
NOTE: Ejap43864_FOXP2 (identical to EausAUS_FOXP2) is ignored but added at the end
NOTE: Lacu_FOXP2 (identical to Fatt_FOXP2) is ignored but added at the end
NOTE: Lalb_FOXP2 (identical to Fatt_FOXP2) is ignored but added at the end
NOTE: LperAUS_FOXP2 (identical to Fatt_FOXP2) is ignored but added at the end
NOTE: Ohei_FOXP2 (identical to Fatt_FOXP2) is ignored but added at the end
NOTE: Pele_FOXP2 (identical to Fatt_FOXP2) is ignored but added at the end
NOTE: Scoe_FOXP2 (identical to Fatt_FOXP2) is ignored but added at the end
NOTE: Slon24923_FOXP2 (identical to Scly1726_FOXP2) is ignored but added at the end
NOTE: Tadu79924_FOXP2 (identical to Scly1726_FOXP2) is ignored but added at the end
Alignment was printed to FOXP2_MF.uniqueseq.phy

For your convenience alignment with unique sequences printed to FOXP2_MF.uniqueseq.phy

Creating fast initial parsimony tree by random order stepwise addition...
0.030 seconds, parsimony score: 192 (based on 141 sites)
Perform fast likelihood tree search using GY+F3X4+I+G model...
Estimate model parameters (epsilon = 5.000)
Perform nearest neighbor interchange...
Optimizing NNI: done in 19.4172 secs using 362.8% CPU
Estimate model parameters (epsilon = 1.000)
1. Initial log-likelihood: -3310.658
2. Current log-likelihood: -3281.705
3. Current log-likelihood: -3276.405
Optimal log-likelihood: -3276.332
Nonsynonymous/synonymous ratio (omega): 0.050
Transition/transversion ratio (kappa): 4.095
Proportion of invariable sites: 0.305
Gamma shape alpha: 1.924
Parameters optimization took 3 rounds (63.990 sec)
Time for fast ML tree search: 182.993 seconds

NOTE: ModelFinder requires 70 MB RAM!
ModelFinder will test up to 60 codon models (sample size: 510) ...
 No. Model         -LnL         df  AIC          AICc         BIC
  1  GY+F3X4       3279.773     172 6903.546     7080.139     7631.864
  2  GY+F3X4+I     3269.963     173 6885.926     7065.105     7618.479
  3  GY+F3X4+G4    3266.422     173 6878.843     7058.022     7611.396
  4  GY+F3X4+I+G4  3266.980     174 6881.959     7063.750     7618.747
  6  GY+F1X4+I     3282.585     167 6899.170     7063.240     7606.316
  7  GY+F1X4+G4    3279.146     167 6892.293     7056.363     7599.439
  8  GY+F1X4+I+G4  3279.591     168 6895.182     7061.704     7606.563
 10  GY+F+I        3212.865     224 6873.730     7227.414     7822.238
 11  GY+F+G4       3208.736     224 6865.471     7219.155     7813.979
 12  GY+F+I+G4     3209.232     225 6868.463     7226.562     7821.206
 14  MGK+F3X4+I    3271.489     173 6888.978     7068.157     7621.531
 15  MGK+F3X4+G4   3267.774     173 6881.548     7060.726     7614.101
 16  MGK+F3X4+I+G4 3268.272     174 6884.543     7066.335     7621.331
 18  MGK+F1X4+I    3281.775     167 6897.550     7061.620     7604.697
 19  MGK+F1X4+G4   3278.011     167 6890.022     7054.092     7597.169
 20  MGK+F1X4+I+G4 3278.531     168 6893.062     7059.584     7604.443
 22  MG+F3X4+I     3271.491     172 6886.983     7063.576     7615.301
 23  MG+F3X4+G4    3267.774     172 6879.548     7056.142     7607.867
 24  MG+F3X4+I+G4  3268.272     173 6882.543     7061.722     7615.097
 26  MG+F1X4+I     3281.776     166 6895.552     7057.196     7598.464
 27  MG+F1X4+G4    3278.011     166 6888.022     7049.667     7590.934
 28  MG+F1X4+I+G4  3278.531     167 6891.062     7055.132     7598.209
 30  KOSI07+F3X4+I 3315.978     171 6973.956     7147.992     7698.040
 31  KOSI07+F3X4+G4 3311.982     171 6965.964     7140.000     7690.049
 32  KOSI07+F3X4+I+G4 3312.097     172 6968.193     7144.786     7696.512
 34  KOSI07+F1X4+I 3334.172     165 6998.345     7157.589     7697.022
 35  KOSI07+F1X4+G4 3331.431     165 6992.862     7152.106     7691.540
 36  KOSI07+F1X4+I+G4 3330.161     166 6992.322     7153.966     7695.234
 38  KOSI07+F+I    3260.231     222 6964.463     7309.453     7904.502
 39  KOSI07+F+G4   3255.593     222 6955.186     7300.175     7895.225
 40  KOSI07+F+I+G4 3255.136     223 6956.272     7305.587     7900.546
 42  KOSI07+FU+I   3333.602     162 6991.205     7143.401     7677.179
 43  KOSI07+FU+G4  3329.294     162 6982.589     7134.785     7668.563
 44  KOSI07+FU+I+G4 3329.681     163 6985.362     7139.882     7675.571
 46  SCHN05+F3X4+I 3297.977     171 6937.955     7111.990     7662.039
 47  SCHN05+F3X4+G4 3295.362     171 6932.724     7106.760     7656.808
 48  SCHN05+F3X4+I+G4 3295.281     172 6934.562     7111.156     7662.881
 50  SCHN05+F1X4+I 3314.024     165 6958.048     7117.292     7656.725
 51  SCHN05+F1X4+G4 3312.151     165 6954.301     7113.546     7652.979
 52  SCHN05+F1X4+I+G4 3310.981     166 6953.962     7115.606     7656.874
 54  SCHN05+F+I    3232.545     222 6909.089     7254.079     7849.128
 55  SCHN05+F+G4   3228.332     222 6900.665     7245.654     7840.704
 56  SCHN05+F+I+G4 3228.687     223 6903.374     7252.688     7847.647
 58  SCHN05+FU+I   3290.390     162 6904.780     7056.976     7590.754
 59  SCHN05+FU+G4  3285.784     162 6895.567     7047.763     7581.542
 60  SCHN05+FU+I+G4 3286.254     163 6898.509     7053.029     7588.718
Akaike Information Criterion:           GY+F+G4
Corrected Akaike Information Criterion: SCHN05+FU+G4
Bayesian Information Criterion:         SCHN05+FU+G4
Best-fit model: SCHN05+FU+G4 chosen according to BIC

All model information printed to FOXP2_MF.model.gz
CPU time for ModelFinder: 3552.286 seconds (0h:59m:12s)
Wall-clock time for ModelFinder: 945.022 seconds (0h:15m:45s)

NOTE: 70 MB RAM (0 GB) is required!
Estimate model parameters (epsilon = 0.100)
1. Initial log-likelihood: -3285.784
Optimal log-likelihood: -3285.784
Nonsynonymous/synonymous ratio (omega): 0.049
Transition/transversion ratio (kappa): 4.371
Gamma shape alpha: 0.669
Parameters optimization took 1 rounds (6.670 sec)
Wrote distance file to... 
Computing ML distances based on estimated model parameters...
Calculating distance matrix: done in 32.3749 secs using 399.7% CPU
Computing ML distances took 32.375455 sec (of wall-clock time) 129.402045 sec (of CPU time)
Setting up auxiliary I and S matrices: done in 0.000855707 secs using 166.8% CPU
Constructing RapidNJ tree: done in 0.0619319 secs using 61.67% CPU
Computing RapidNJ tree took 0.062981 sec (of wall-clock time) 0.039743 sec (of CPU time)
ERROR: Alignment sequence Bacu_FOXP2 does not appear in the tree
(Tshe_FOXP2,Ccom40_FOXP2,((Lobs_FOXP2,Oorc_FOXP2),(Sflu9837_FOXP2,((Mgin_FOXP2,Hamp_FOXP2),(((((Barn_FOXP2,(Bbai76728_FOXP2,MgraAUS_FOXP2)),(Obre_FOXP2,Lvex_FOXP2)),(((((Psin_FOXP2,(((Ppho_FOXP2,Pspi_FOXP2),Pdio_FOXP2),Npho_FOXP2)),Naasi_FOXP2),(Dleu_FOXP2,Mmon_FOXP2)),Ggri_FOXP2),((Kbre_FOXP2,Ksim_FOXP2),((Pcat_FOXP2,Pmac_FOXP2),Pdal_FOXP2)))),Pcra123188_FOXP2),(((((((((((Mbid_FOXP2,(Sbre18437_FOXP2,Sbre116871_FOXP2)),(((Mbow_FOXP2,(MlayAUS_FOXP2,((Mste_FOXP2,Mhec_FOXP2),Mcar_FOXP2))),Mper_FOXP2),Mpni_FOXP2)),(Mmir_FOXP2,Meur_FOXP2)),(((((((((BbonAUS_FOXP2,(Bmus_FOXP2,Erob133443_FOXP2)),(Bbor_FOXP2,(Bede66737_FOXP2,BedeAUS_FOXP2))),Bphy_baits_FOXP2),Bphy_FOXP2),Cmar59905_FOXP2),(Bmys_FOXP2,EausAUS_FOXP2)),Egla13086_FOXP2),((((((Btau_FOXP2,Oari_FOXP2),Ovtex_FOXP2),Sscr_FOXP2),Scly1724_FOXP2),Hippo_FOXP2),Mden_FOXP2)),((Zcav_FOXP2,Lbor_FOXP2),(Igeo_FOXP2,Pbla7349_FOXP2)))),Schi_FOXP2),Chea7320_FOXP2),Lobl_FOXP2),Gmac39091_FOXP2),(Fatt_FOXP2,(Dcap108471_FOXP2,(Dcap79929_FOXP2,DdelSJR_FOXP2)))),(Gmel_FOXP2,Laus_FOXP2)),(((((Slon16012_FOXP2,Lhos30470_FOXP2),Lhos452_FOXP2),Scly1726_FOXP2),(((Satt38219_FOXP2,Satt18473_FOXP2),Sfro7784_FOXP2),Sfro7782_FOXP2)),Ttru_FOXP2)))))));
ERROR: Tree taxa and alignment sequence do not match (see above)
