IQ-TREE multicore version 2.2.0-beta COVID-edition for Linux 64-bit built Dec 21 2021 built Dec 21 2021
Developed by Bui Quang Minh, James Barbetti, Nguyen Lam Tung,
Olga Chernomor, Heiko Schmidt, Dominik Schrempf, Michael Woodhams, Ly Trong Nhan.

Host:    awarnach10 (SSE3, 3 GB RAM)
Command: iqtree -s codon_alignments_v3_Jan24/PCDH15_codon_aligned.phy -st CODON -m TEST -pre PCDH15_MF -nt 4
Seed:    54923 (Using SPRNG - Scalable Parallel Random Number Generator)
Time:    Wed Jan 24 17:09:23 2024
Kernel:  SSE2 - 4 threads (4 CPU cores detected)

Reading alignment file codon_alignments_v3_Jan24/PCDH15_codon_aligned.phy ... Fasta format detected
Reading fasta file: done in 0.0213368 secs using 74.66% CPU
Alignment most likely contains DNA/RNA sequences
Converting to codon sequences with genetic code  ...
WARNING: Sequence Sscr_PCDH15 has ambiguous character NAG at site 2359
WARNING: Sequence Sscr_PCDH15 has ambiguous character NAG at site 2461
WARNING: Sequence Sscr_PCDH15 has ambiguous character NGT at site 2497
WARNING: Sequence Psin_PCDH15 has ambiguous character NAA at site 3961
Constructing alignment: done in 0.0149775 secs using 45.27% CPU
Alignment has 90 sequences with 1784 columns, 1518 distinct patterns
653 parsimony-informative, 394 singleton sites, 737 constant sites
                     Gap/Ambiguity  Composition  p-value
Analyzing sequences: done in 0.000747589 secs using 99.52% CPU
   1  Bacu_PCDH15            2.19%    passed     89.71%
   2  Barn_PCDH15           45.96%    passed    100.00%
   3  Bbai76728_PCDH15      35.65%    passed    100.00%
   4  BbonAUS_PCDH15        23.71%    passed    100.00%
   5  Bbor_PCDH15           25.11%    passed    100.00%
   6  Bede66737_PCDH15      25.11%    passed    100.00%
   7  BedeAUS_PCDH15        25.11%    passed    100.00%
   8  Bmus_PCDH15            2.19%    passed     84.19%
   9  Bphy_baits_PCDH15     30.27%    passed    100.00%
  10  Btau_PCDH15            0.50%    passed     27.86%
  11  Ccom40_PCDH15         30.66%    passed    100.00%
  12  Cela_PCDH15            8.74%    passed    100.00%
  13  Chea7320_PCDH15       29.88%    passed    100.00%
  14  Cmar59905_PCDH15      26.01%    passed    100.00%
  15  Dcap108471_PCDH15     23.32%    passed    100.00%
  16  Dcap79929_PCDH15      34.92%    passed    100.00%
  17  DdelSJR_PCDH15        23.26%    passed    100.00%
  18  Ddeltrop4525_PCDH15   25.67%    passed    100.00%
  19  Dleu_PCDH15            0.50%    passed     61.81%
  20  EausAUS_PCDH15        23.71%    passed    100.00%
  21  Egla13086_PCDH15      27.35%    passed    100.00%
  22  Ejap43864_PCDH15      23.71%    passed    100.00%
  23  Erob133443_PCDH15     25.84%    passed    100.00%
  24  Fatt_PCDH15           23.26%    passed    100.00%
  25  Ggri_PCDH15           23.26%    passed    100.00%
  26  Gmac39091_PCDH15      23.26%    passed    100.00%
  27  Gmel_PCDH15            0.28%    passed     59.24%
  28  Hamp_PCDH15           23.54%    passed    100.00%
  29  Hippo_PCDH15           2.19%    passed     39.21%
  30  Igeo_PCDH15           48.99%    passed    100.00%
  31  Kbre_PCDH15           24.94%    passed    100.00%
  32  Ksim_PCDH15           31.89%    passed    100.00%
  33  Lacu_PCDH15           24.78%    passed    100.00%
  34  Lalb_PCDH15           23.26%    passed    100.00%
  35  Laus_PCDH15           26.18%    passed    100.00%
  36  Lbor_PCDH15           32.17%    passed    100.00%
  37  Lhos30470_PCDH15      34.98%    passed    100.00%
  38  Lhos452_PCDH15        23.26%    passed    100.00%
  39  Lobl_PCDH15            2.30%    passed     79.36%
  40  Lobs_PCDH15           25.39%    passed    100.00%
  41  LperAUS_PCDH15        23.32%    passed    100.00%
  42  Lvex_PCDH15           18.89%    failed      0.30%
  43  Mbid_PCDH15           41.82%    passed    100.00%
  44  Mbow_PCDH15           23.54%    passed    100.00%
  45  Mcar_PCDH15           23.54%    passed    100.00%
  46  Mden_PCDH15           28.14%    passed    100.00%
  47  Meur_PCDH15           23.54%    passed    100.00%
  48  Mgin_PCDH15           23.60%    passed    100.00%
  49  MgraAUS_PCDH15        38.68%    passed    100.00%
  50  Mhec_PCDH15           23.54%    passed    100.00%
  51  MlayAUS_PCDH15        23.54%    passed    100.00%
  52  Mmir_PCDH15           26.35%    passed    100.00%
  53  Mmon_PCDH15            0.11%    passed     51.61%
  54  Mper_PCDH15           23.54%    passed    100.00%
  55  Mpni_PCDH15           23.65%    passed    100.00%
  56  Mste_PCDH15           23.54%    passed    100.00%
  57  Naasi_PCDH15           0.39%    passed     23.98%
  58  Npho_PCDH15           30.89%    passed    100.00%
  59  Oari_PCDH15            0.56%    passed     18.10%
  60  Obre_PCDH15           23.26%    passed    100.00%
  61  Ohei_PCDH15           27.69%    passed    100.00%
  62  Oorc_PCDH15            1.74%    passed     60.01%
  63  Pbla7349_PCDH15       32.34%    passed    100.00%
  64  Pcat_PCDH15            2.24%    passed     84.45%
  65  Pcra123188_PCDH15     25.34%    passed    100.00%
  66  Pdal_PCDH15           52.02%    passed     99.90%
  67  Pdio_PCDH15           26.18%    passed    100.00%
  68  Pele_PCDH15           25.34%    passed    100.00%
  69  Pmac_PCDH15           25.28%    passed    100.00%
  70  Ppho_PCDH15           29.88%    passed    100.00%
  71  Psin_PCDH15            0.78%    passed     45.09%
  72  Pspi_PCDH15           29.93%    passed    100.00%
  73  Satt18473_PCDH15      26.85%    passed    100.00%
  74  Satt38219_PCDH15      25.39%    passed    100.00%
  75  Sbre116871_PCDH15     23.26%    passed    100.00%
  76  Sbre18437_PCDH15      25.45%    passed    100.00%
  77  Schi_PCDH15           23.21%    passed    100.00%
  78  Scly1724_PCDH15       42.99%    passed    100.00%
  79  Scly1726_PCDH15       25.45%    passed    100.00%
  80  Scoe_PCDH15           31.45%    passed    100.00%
  81  Sflu9837_PCDH15       23.32%    passed    100.00%
  82  Sfro7782_PCDH15       37.56%    passed    100.00%
  83  Sfro7784_PCDH15       23.26%    passed    100.00%
  84  Slon16012_PCDH15      23.26%    passed    100.00%
  85  Slon24923_PCDH15      23.26%    passed    100.00%
  86  Sscr_PCDH15            0.22%    passed     10.62%
  87  Tadu79924_PCDH15      23.26%    passed    100.00%
  88  Tshe_PCDH15           23.54%    passed    100.00%
  89  Ttru_PCDH15            0.22%    passed     57.89%
  90  Zcav_PCDH15           31.73%    passed    100.00%
WARNING: 1 sequences contain more than 50% gaps/ambiguity
****  TOTAL                 23.00%  1 sequences failed composition chi2 test (p-value<5%; df=60)
NOTE: BedeAUS_PCDH15 is identical to Bede66737_PCDH15 but kept for subsequent analysis
Checking for duplicate sequences: done in 0.002321 secs using 189.1% CPU

Creating fast initial parsimony tree by random order stepwise addition...
0.155 seconds, parsimony score: 2192 (based on 1047 sites)
Perform fast likelihood tree search using GY+F3X4+I+G model...
Estimate model parameters (epsilon = 5.000)
Perform nearest neighbor interchange...
Optimizing NNI: done in 33.9213 secs using 389% CPU
Estimate model parameters (epsilon = 1.000)
1. Initial log-likelihood: -22803.219
2. Current log-likelihood: -22800.271
3. Current log-likelihood: -22798.013
4. Current log-likelihood: -22796.248
5. Current log-likelihood: -22794.854
6. Current log-likelihood: -22793.742
Optimal log-likelihood: -22792.847
Nonsynonymous/synonymous ratio (omega): 0.309
Transition/transversion ratio (kappa): 2.131
Proportion of invariable sites: 0.013
Gamma shape alpha: 0.470
Parameters optimization took 6 rounds (313.379 sec)
Time for fast ML tree search: 800.192 seconds

NOTE: ModelFinder requires 265 MB RAM!
ModelFinder will test up to 60 codon models (sample size: 1784) ...
 No. Model         -LnL         df  AIC          AICc         BIC
  1  GY+F3X4       23390.366    188 47156.732    47201.286    48188.215
  2  GY+F3X4+I     22844.367    189 46066.735    46111.791    47103.705
  3  GY+F3X4+G4    22490.182    189 45358.363    45403.420    46395.333
  4  GY+F3X4+I+G4  22487.828    190 45355.655    45401.217    46398.112
  7  GY+F1X4+G4    22509.257    183 45384.514    45426.604    46388.564
  8  GY+F1X4+I+G4  22508.742    184 45385.484    45428.061    46395.021
 11  GY+F+G4       22353.293    240 45186.585    45261.556    46503.373
 12  GY+F+I+G4     22351.819    241 45185.638    45261.283    46507.912
 15  MGK+F3X4+G4   22411.037    189 45200.074    45245.130    46237.044
 16  MGK+F3X4+I+G4 22410.071    190 45200.142    45245.704    46242.599
 19  MGK+F1X4+G4   22518.349    183 45402.699    45444.789    46406.749
 20  MGK+F1X4+I+G4 22517.674    184 45403.348    45445.924    46412.885
 23  MG+F3X4+G4    22411.037    188 45198.074    45242.628    46229.557
 24  MG+F3X4+I+G4  22410.071    189 45198.142    45243.199    46235.112
 27  MG+F1X4+G4    22518.407    182 45400.814    45442.420    46399.377
 28  MG+F1X4+I+G4  22517.733    183 45401.466    45443.556    46405.516
 31  KOSI07+F3X4+G4 22442.056    187 45258.112    45302.167    46284.109
 32  KOSI07+F3X4+I+G4 22441.971    188 45259.941    45304.495    46291.424
 35  KOSI07+F1X4+G4 22565.475    181 45492.949    45534.075    46486.026
 36  KOSI07+F1X4+I+G4 22564.593    182 45493.187    45534.793    46491.751
 39  KOSI07+F+G4   22317.025    238 45110.051    45183.684    46415.865
 40  KOSI07+F+I+G4 22317.085    239 45112.169    45186.470    46423.470
 43  KOSI07+FU+G4  22448.548    178 45253.096    45292.799    46229.713
 44  KOSI07+FU+I+G4 22448.643    179 45255.286    45295.460    46237.389
 47  SCHN05+F3X4+G4 22796.466    187 45966.932    46010.987    46992.929
 48  SCHN05+F3X4+I+G4 22794.880    188 45965.760    46010.314    46997.243
 51  SCHN05+F1X4+G4 22899.767    181 46161.535    46202.661    47154.612
 52  SCHN05+F1X4+I+G4 22898.026    182 46160.051    46201.658    47158.615
 55  SCHN05+F+G4   22607.852    238 45691.703    45765.337    46997.517
 56  SCHN05+F+I+G4 22607.497    239 45692.994    45767.295    47004.295
 59  SCHN05+FU+G4  22716.009    178 45788.018    45827.722    46764.636
 60  SCHN05+FU+I+G4 22716.081    179 45790.162    45830.336    46772.266
Akaike Information Criterion:           KOSI07+F+G4
Corrected Akaike Information Criterion: KOSI07+F+G4
Bayesian Information Criterion:         MG+F3X4+G4
Best-fit model: MG+F3X4+G4 chosen according to BIC

All model information printed to PCDH15_MF.model.gz
CPU time for ModelFinder: 17834.309 seconds (4h:57m:14s)
Wall-clock time for ModelFinder: 4583.583 seconds (1h:16m:23s)

NOTE: 265 MB RAM (0 GB) is required!
Estimate model parameters (epsilon = 0.100)
1. Initial log-likelihood: -22411.037
Optimal log-likelihood: -22411.037
Nonsynonymous/synonymous ratio (omega): 0.295
Transition/transversion ratio (kappa): 2.169
Gamma shape alpha: 0.505
Parameters optimization took 1 rounds (39.917 sec)
Wrote distance file to... 
Computing ML distances based on estimated model parameters...
Calculating distance matrix: done in 23.3923 secs using 399.4% CPU
Computing ML distances took 23.393689 sec (of wall-clock time) 93.423935 sec (of CPU time)
Setting up auxiliary I and S matrices: done in 0.00127197 secs using 346.3% CPU
Constructing RapidNJ tree: done in 0.0729175 secs using 60% CPU
Computing RapidNJ tree took 0.074852 sec (of wall-clock time) 0.048461 sec (of CPU time)
Log-likelihood of RapidNJ tree: -24793.937
--------------------------------------------------------------------
|             INITIALIZING CANDIDATE TREE SET                      |
--------------------------------------------------------------------
Generating 98 parsimony trees... 4.634 second
Computing log-likelihood of 98 initial trees ... 904.809 seconds
Current best score: -22411.037

Do NNI search on 20 best initial trees
Optimizing NNI: done in 33.403 secs using 389.3% CPU
Estimate model parameters (epsilon = 0.100)
BETTER TREE FOUND at iteration 1: -22411.037
Optimizing NNI: done in 33.8722 secs using 390.2% CPU
Optimizing NNI: done in 33.7364 secs using 389.7% CPU
Optimizing NNI: done in 36.2441 secs using 390.6% CPU
ERROR: phylokernelnew.h:3332: double PhyloTree::computeLikelihoodFromBufferGenericSIMD() [with VectorClass = Vec2d; bool FMA = false; bool SITE_MODEL = false]: Assertion `std::isfinite(tree_lh) && "Numerical underflow for lh-from-buffer"' failed.
ERROR: STACK TRACE FOR DEBUGGING:
ERROR: 1   funcAbort()
ERROR: 2   ()
ERROR: 3   gsignal()
ERROR: 4   abort()
ERROR: 5   ()
ERROR: 6   double PhyloTree::computeLikelihoodFromBufferGenericSIMD<Vec2d, false, false>()
ERROR: 7   PhyloTree::getBestNNIForBran(PhyloNode*, PhyloNode*, NNIMove*)
ERROR: 8   IQTree::evaluateNNIs(std::map<int, std::pair<Node*, Node*>, std::less<int>, std::allocator<std::pair<int const, std::pair<Node*, Node*> > > >&, std::vector<NNIMove, std::allocator<NNIMove> >&)
ERROR: 9   IQTree::optimizeNNI(bool)
ERROR: 10   IQTree::doNNISearch(bool)
ERROR: 11   IQTree::initCandidateTreeSet(int, int)
ERROR: 12   IQTree::doTreeSearch()
ERROR: 13   runTreeReconstruction(Params&, IQTree*&)
ERROR: 14   runPhyloAnalysis(Params&, Checkpoint*, IQTree*&, Alignment*&)
ERROR: 15   runPhyloAnalysis(Params&, Checkpoint*)
ERROR: 16   main()
ERROR: 17   __libc_start_main()
ERROR: 18   ()
ERROR: 
ERROR: *** IQ-TREE CRASHES WITH SIGNAL ABORTED
ERROR: *** For bug report please send to developers:
ERROR: ***    Log file: PCDH15_MF.log
ERROR: ***    Alignment files (if possible)
