IQ-TREE multicore version 2.2.0-beta COVID-edition for Linux 64-bit built Dec 21 2021 built Dec 21 2021
Developed by Bui Quang Minh, James Barbetti, Nguyen Lam Tung,
Olga Chernomor, Heiko Schmidt, Dominik Schrempf, Michael Woodhams, Ly Trong Nhan.

Host:    awarnach10 (SSE3, 3 GB RAM)
Command: iqtree -s codon_alignments_v3_Jan24/CASQ2_codon_aligned.phy -st CODON -m TEST -pre CASQ2_MF -nt 4
Seed:    16643 (Using SPRNG - Scalable Parallel Random Number Generator)
Time:    Thu Jan 25 18:14:58 2024
Kernel:  SSE2 - 4 threads (4 CPU cores detected)

Reading alignment file codon_alignments_v3_Jan24/CASQ2_codon_aligned.phy ... Phylip format detected
Alignment most likely contains DNA/RNA sequences
Converting to codon sequences with genetic code  ...
WARNING: Sequence Sscr_CASQ1 has ambiguous character NCC at site 79
Constructing alignment: done in 0.00343345 secs using 101.3% CPU
Alignment has 92 sequences with 410 columns, 366 distinct patterns
137 parsimony-informative, 81 singleton sites, 192 constant sites
                    Gap/Ambiguity  Composition  p-value
Analyzing sequences: done in 0.000127951 secs
   1  Bacu_CASQ2            0.24%    passed    100.00%
   2  Barn_CASQ2           43.41%    passed    100.00%
   3  Bbai76728_CASQ2      17.07%    passed    100.00%
   4  BbonAUS_CASQ2        11.71%    passed    100.00%
   5  Bbor_CASQ2            7.56%    passed    100.00%
   6  Bede66737_CASQ2       7.80%    passed    100.00%
   7  BedeAUS_CASQ2        11.71%    passed    100.00%
   8  Bmus_CASQ2            0.00%    passed    100.00%
   9  Bmys_CASQ2           43.90%    passed     99.69%
  10  Bphy_CASQ2           29.27%    passed    100.00%
  11  Btau_CASQ1            1.22%    passed    100.00%
  12  Ccom40_CASQ2         41.22%    passed    100.00%
  13  Chea7320_CASQ2       18.54%    passed    100.00%
  14  Chir_CASQ1            1.46%    passed    100.00%
  15  Cmar59905_CASQ2      22.20%    passed    100.00%
  16  Dcap108471_CASQ2      7.80%    passed    100.00%
  17  Dcap79929_CASQ2      11.95%    passed    100.00%
  18  DdelSJR_CASQ2         7.80%    passed    100.00%
  19  Ddeltrop4525_CASQ2   18.54%    passed    100.00%
  20  Dleu_CASQ2            1.22%    passed    100.00%
  21  EausAUS_CASQ2         8.05%    passed    100.00%
  22  Egla13086_CASQ2      25.12%    passed     99.84%
  23  Ejap43864_CASQ2      11.95%    passed    100.00%
  24  Erob133443_CASQ2     23.17%    passed    100.00%
  25  Fatt_CASQ2            8.29%    passed    100.00%
  26  Ggri_CASQ2            7.80%    passed    100.00%
  27  Gmac39091_CASQ2      22.20%    passed    100.00%
  28  Gmel_CASQ2            0.73%    passed    100.00%
  29  Hamp_CASQ2           10.98%    passed    100.00%
  30  Hippo_CASQ2           8.54%    passed    100.00%
  31  Igeo_CASQ2           29.27%    passed    100.00%
  32  Kbre_CASQ2            8.29%    passed     99.99%
  33  Ksim_CASQ2           11.46%    passed    100.00%
  34  Lacu_CASQ2           11.71%    passed    100.00%
  35  Lalb_CASQ2            8.29%    passed    100.00%
  36  Laus_CASQ2            7.80%    passed    100.00%
  37  Lbor_CASQ2           29.02%    passed    100.00%
  38  Lhos30470_CASQ2      22.20%    passed    100.00%
  39  Lhos452_CASQ2        11.71%    passed    100.00%
  40  Lobl_CASQ2            0.73%    passed    100.00%
  41  Lobs_CASQ2           11.71%    passed    100.00%
  42  LperAUS_CASQ2         7.80%    passed    100.00%
  43  Lvex_CASQ1            0.00%    passed    100.00%
  44  Mbid_CASQ2           33.66%    passed    100.00%
  45  Mbow_CASQ2           10.98%    passed    100.00%
  46  Mcar_CASQ2            7.07%    passed    100.00%
  47  Mden_CASQ2           34.15%    passed     99.54%
  48  Meur_CASQ2            7.07%    failed      1.23%
  49  Mgin_CASQ2            7.07%    passed    100.00%
  50  MgraAUS_CASQ2        52.93%    passed     99.59%
  51  Mhec_CASQ2           21.46%    passed    100.00%
  52  MlayAUS_CASQ2         8.78%    passed    100.00%
  53  Mmir_CASQ2           35.61%    passed    100.00%
  54  Mmon_CASQ2            1.22%    passed    100.00%
  55  Mper_CASQ2           15.37%    passed    100.00%
  56  Mpni_CASQ2           25.37%    passed    100.00%
  57  Mste_CASQ2           17.80%    passed    100.00%
  58  Naasi_CASQ1           0.49%    passed    100.00%
  59  Npho_CASQ2           11.46%    passed    100.00%
  60  Oari_CASQ1            1.22%    passed    100.00%
  61  Obre_CASQ2            7.80%    passed    100.00%
  62  Ohei_CASQ2            7.80%    passed    100.00%
  63  Oorc_CASQ2            0.73%    passed    100.00%
  64  Ovtex_CASQ1           1.22%    passed     98.65%
  65  Pbla7349_CASQ2       20.98%    passed    100.00%
  66  Pcat_CASQ1            0.24%    passed    100.00%
  67  Pcra123188_CASQ2     12.93%    passed    100.00%
  68  Pdal_CASQ2           67.80%    passed     99.17%
  69  Pdio_CASQ2           29.76%    passed    100.00%
  70  Pele_CASQ2            7.80%    passed    100.00%
  71  Pmac_CASQ2            7.80%    passed    100.00%
  72  Ppho_CASQ2           11.22%    passed    100.00%
  73  Psin_CASQ1            0.24%    passed    100.00%
  74  Pspi_CASQ2           39.02%    passed    100.00%
  75  Satt18473_CASQ2      22.20%    passed    100.00%
  76  Satt38219_CASQ2      37.32%    passed    100.00%
  77  Sbre116871_CASQ2      7.80%    passed    100.00%
  78  Sbre18437_CASQ2      18.54%    passed    100.00%
  79  Schi_CASQ2           14.15%    passed    100.00%
  80  Scly1724_CASQ2       55.37%    passed     99.89%
  81  Scly1726_CASQ2        7.80%    passed    100.00%
  82  Scoe_CASQ2           11.71%    passed    100.00%
  83  Sflu9837_CASQ2        7.80%    passed    100.00%
  84  Sfro7782_CASQ2       30.24%    passed    100.00%
  85  Sfro7784_CASQ2       11.95%    passed    100.00%
  86  Slon16012_CASQ2      18.54%    passed    100.00%
  87  Slon24923_CASQ2       7.80%    passed    100.00%
  88  Sscr_CASQ1            0.49%    failed      0.00%
  89  Tadu79924_CASQ2       9.51%    passed    100.00%
  90  Tshe_CASQ2           10.98%    passed    100.00%
  91  Ttru_CASQ2            0.73%    passed    100.00%
  92  Zcav_CASQ2           21.71%    passed    100.00%
WARNING: 3 sequences contain more than 50% gaps/ambiguity
****  TOTAL                15.14%  2 sequences failed composition chi2 test (p-value<5%; df=60)
NOTE: DdelSJR_CASQ2 is identical to Dcap108471_CASQ2 but kept for subsequent analysis
NOTE: Mmon_CASQ2 is identical to Dleu_CASQ2 but kept for subsequent analysis
NOTE: Slon24923_CASQ2 is identical to Sflu9837_CASQ2 but kept for subsequent analysis
Checking for duplicate sequences: done in 0.000698701 secs using 59.83% CPU

Creating fast initial parsimony tree by random order stepwise addition...
0.041 seconds, parsimony score: 455 (based on 218 sites)
Perform fast likelihood tree search using GY+F3X4+I+G model...
Estimate model parameters (epsilon = 5.000)
Perform nearest neighbor interchange...
Optimizing NNI: done in 11.7526 secs using 360% CPU
Estimate model parameters (epsilon = 1.000)
1. Initial log-likelihood: -4370.904
Optimal log-likelihood: -4370.034
Nonsynonymous/synonymous ratio (omega): 0.205
Transition/transversion ratio (kappa): 4.056
Proportion of invariable sites: 0.160
Gamma shape alpha: 1.095
Parameters optimization took 1 rounds (18.901 sec)
Time for fast ML tree search: 84.507 seconds

NOTE: ModelFinder requires 73 MB RAM!
ModelFinder will test up to 60 codon models (sample size: 410) ...
 No. Model         -LnL         df  AIC          AICc         BIC
  1  GY+F3X4       4436.823     192 9257.645     9599.175     10028.748
  2  GY+F3X4+I     4375.348     193 9136.696     9483.382     9911.815
  3  GY+F3X4+G4    4350.927     193 9087.853     9434.538     9862.971
  4  GY+F3X4+I+G4  4350.956     194 9089.912     9441.819     9869.047
  7  GY+F1X4+G4    4451.466     187 9276.931     9593.652     10027.953
  8  GY+F1X4+I+G4  4451.908     188 9279.817     9601.373     10034.854
 11  GY+F+G4       4352.776     244 9193.551     9918.157     10173.494
 12  GY+F+I+G4     4350.480     245 9190.960     9925.960     10174.919
 15  MGK+F3X4+G4   4343.227     193 9072.454     9419.139     9847.573
 16  MGK+F3X4+I+G4 4344.145     194 9076.290     9428.197     9855.424
 19  MGK+F1X4+G4   4458.414     187 9290.828     9607.548     10041.849
 20  MGK+F1X4+I+G4 4458.715     188 9293.431     9614.987     10048.468
 23  MG+F3X4+G4    4343.227     192 9070.454     9411.984     9841.556
 24  MG+F3X4+I+G4  4344.145     193 9074.290     9420.975     9849.408
 27  MG+F1X4+G4    4458.496     186 9288.991     9600.937     10035.996
 28  MG+F1X4+I+G4  4458.811     187 9291.621     9608.342     10042.642
 31  KOSI07+F3X4+G4 4498.828     191 9379.657     9716.097     10146.743
 32  KOSI07+F3X4+I+G4 4497.600     192 9379.200     9720.730     10150.302
 35  KOSI07+F1X4+G4 4621.265     185 9612.529     9919.762     10355.518
 36  KOSI07+F1X4+I+G4 4611.400     186 9594.801     9906.747     10341.806
 39  KOSI07+F+G4   4497.324     242 9478.649     10182.912    10450.559
 40  KOSI07+F+I+G4 4493.823     243 9473.645     10188.007    10449.571
 43  KOSI07+FU+G4  4514.862     182 9393.723     9687.168     10124.664
 44  KOSI07+FU+I+G4 4514.948     183 9395.895     9693.878     10130.852
 47  SCHN05+F3X4+G4 4518.013     191 9418.025     9754.465     10185.111
 48  SCHN05+F3X4+I+G4 4516.031     192 9416.062     9757.592     10187.164
 51  SCHN05+F1X4+G4 4638.782     185 9647.564     9954.796     10390.553
 52  SCHN05+F1X4+I+G4 4629.890     186 9631.781     9943.727     10378.786
 55  SCHN05+F+G4   4503.826     242 9491.651     10195.915    10463.562
 56  SCHN05+F+I+G4 4500.673     243 9487.346     10201.708    10463.272
 59  SCHN05+FU+G4  4522.155     182 9408.310     9701.755     10139.251
 60  SCHN05+FU+I+G4 4521.864     183 9409.729     9707.711     10144.686
Akaike Information Criterion:           MG+F3X4+G4
Corrected Akaike Information Criterion: MG+F3X4+G4
Bayesian Information Criterion:         MG+F3X4+G4
Best-fit model: MG+F3X4+G4 chosen according to BIC

All model information printed to CASQ2_MF.model.gz
CPU time for ModelFinder: 5223.936 seconds (1h:27m:3s)
Wall-clock time for ModelFinder: 1402.836 seconds (0h:23m:22s)
WARNING: States(s) CGA, TTA rarely appear in alignment and may cause numerical problems

NOTE: 73 MB RAM (0 GB) is required!
Estimate model parameters (epsilon = 0.100)
1. Initial log-likelihood: -4343.227
Optimal log-likelihood: -4343.227
Nonsynonymous/synonymous ratio (omega): 0.195
Transition/transversion ratio (kappa): 4.509
Gamma shape alpha: 0.727
Parameters optimization took 1 rounds (12.699 sec)
Wrote distance file to... 
Computing ML distances based on estimated model parameters...
Calculating distance matrix: done in 35.6367 secs using 399.8% CPU
Computing ML distances took 35.637299 sec (of wall-clock time) 142.467639 sec (of CPU time)
Setting up auxiliary I and S matrices: done in 0.000929739 secs using 370.9% CPU
Constructing RapidNJ tree: done in 0.0686569 secs using 55.13% CPU
Computing RapidNJ tree took 0.069789 sec (of wall-clock time) 0.041409 sec (of CPU time)
Log-likelihood of RapidNJ tree: -4481.915
--------------------------------------------------------------------
|             INITIALIZING CANDIDATE TREE SET                      |
--------------------------------------------------------------------
Generating 98 parsimony trees... 1.408 second
Computing log-likelihood of 98 initial trees ... 254.783 seconds
Current best score: -4343.227

Do NNI search on 20 best initial trees
Optimizing NNI: done in 9.35065 secs using 362.1% CPU
Estimate model parameters (epsilon = 0.100)
BETTER TREE FOUND at iteration 1: -4343.227
Optimizing NNI: done in 11.6297 secs using 361.8% CPU
Optimizing NNI: done in 11.7555 secs using 361.3% CPU
Optimizing NNI: done in 11.3298 secs using 361.2% CPU
Optimizing NNI: done in 9.4584 secs using 363.5% CPU
Optimizing NNI: done in 9.31457 secs using 361.3% CPU
Optimizing NNI: done in 11.9294 secs using 363.1% CPU
Optimizing NNI: done in 9.11788 secs using 360.3% CPU
Optimizing NNI: done in 11.514 secs using 361.5% CPU
Optimizing NNI: done in 9.22732 secs using 361% CPU
Iteration 10 / LogL: -4352.402 / Time: 0h:7m:8s
Optimizing NNI: done in 11.769 secs using 362.5% CPU
Optimizing NNI: done in 14.9197 secs using 361.6% CPU
Optimizing NNI: done in 9.17508 secs using 362.3% CPU
Optimizing NNI: done in 11.5481 secs using 361.1% CPU
Optimizing NNI: done in 11.7869 secs using 361.3% CPU
Optimizing NNI: done in 11.6749 secs using 362.5% CPU
Optimizing NNI: done in 9.2312 secs using 360.9% CPU
Optimizing NNI: done in 11.6082 secs using 361.8% CPU
Optimizing NNI: done in 11.548 secs using 361% CPU
Optimizing NNI: done in 11.3849 secs using 360.6% CPU
Iteration 20 / LogL: -4359.357 / Time: 0h:9m:7s
Finish initializing candidate tree set (20)
Current best tree score: -4343.227 / CPU time: 496.748
Number of iterations: 20
--------------------------------------------------------------------
|               OPTIMIZING CANDIDATE TREE SET                      |
--------------------------------------------------------------------
Optimizing NNI: done in 19.6911 secs using 361.5% CPU
Optimizing NNI: done in 25.4054 secs using 364.9% CPU
Optimizing NNI: done in 23.0873 secs using 361.2% CPU
Optimizing NNI: done in 23.8491 secs using 363.7% CPU
Optimizing NNI: done in 17.6251 secs using 364.3% CPU
Optimizing NNI: done in 18.2304 secs using 362.9% CPU
Optimizing NNI: done in 30.6106 secs using 363.7% CPU
Optimizing NNI: done in 23.1212 secs using 365.6% CPU
Optimizing NNI: done in 20.128 secs using 364% CPU
Optimizing NNI: done in 24.4578 secs using 363.5% CPU
Iteration 30 / LogL: -4518.134 / Time: 0h:12m:58s (0h:31m:46s left)
Optimizing NNI: done in 16.3029 secs using 366.7% CPU
Optimizing NNI: done in 21.1148 secs using 364% CPU
Optimizing NNI: done in 26.529 secs using 361.5% CPU
Optimizing NNI: done in 27.6095 secs using 366.2% CPU
Optimizing NNI: done in 19.0368 secs using 364.1% CPU
Optimizing NNI: done in 23.9266 secs using 362.5% CPU
Optimizing NNI: done in 21.9248 secs using 361.7% CPU
Optimizing NNI: done in 23.4583 secs using 364.2% CPU
Optimizing NNI: done in 18.533 secs using 366% CPU
Optimizing NNI: done in 17.3854 secs using 364.1% CPU
Iteration 40 / LogL: -4479.526 / Time: 0h:16m:38s (0h:26m:2s left)
Optimizing NNI: done in 32.3909 secs using 362.9% CPU
Optimizing NNI: done in 29.7481 secs using 363.7% CPU
Optimizing NNI: done in 38.2037 secs using 365.1% CPU
Optimizing NNI: done in 21.2531 secs using 363.9% CPU
Optimizing NNI: done in 23.5821 secs using 365.7% CPU
Optimizing NNI: done in 26.4957 secs using 363.6% CPU
Optimizing NNI: done in 25.0748 secs using 362.7% CPU
Optimizing NNI: done in 20.2038 secs using 364.4% CPU
Optimizing NNI: done in 27.9178 secs using 365.5% CPU
Optimizing NNI: done in 31.4032 secs using 361.9% CPU
Iteration 50 / LogL: -4508.565 / Time: 0h:21m:19s (0h:22m:11s left)
Optimizing NNI: done in 21.4947 secs using 362.6% CPU
Optimizing NNI: done in 32.7786 secs using 363.4% CPU
Optimizing NNI: done in 32.811 secs using 365.1% CPU
Optimizing NNI: done in 26.5801 secs using 362.2% CPU
Optimizing NNI: done in 18.5725 secs using 363% CPU
Optimizing NNI: done in 24.552 secs using 361.8% CPU
Optimizing NNI: done in 17.7807 secs using 362.5% CPU
Optimizing NNI: done in 21.5773 secs using 362.9% CPU
Optimizing NNI: done in 18.5319 secs using 364.1% CPU
Optimizing NNI: done in 23.6491 secs using 364.7% CPU
Iteration 60 / LogL: -4555.043 / Time: 0h:25m:22s (0h:17m:38s left)
Optimizing NNI: done in 14.0866 secs using 365.5% CPU
Optimizing NNI: done in 27.6607 secs using 366.2% CPU
Optimizing NNI: done in 13.9216 secs using 363.1% CPU
Optimizing NNI: done in 30.1322 secs using 363.8% CPU
Optimizing NNI: done in 28.0494 secs using 363.4% CPU
Optimizing NNI: done in 16.308 secs using 364.5% CPU
Optimizing NNI: done in 24.5469 secs using 362.7% CPU
Optimizing NNI: done in 19.9094 secs using 362.7% CPU
Optimizing NNI: done in 31.261 secs using 364.1% CPU
Optimizing NNI: done in 21.5023 secs using 363% CPU
Iteration 70 / LogL: -4567.327 / Time: 0h:29m:14s (0h:13m:8s left)
Optimizing NNI: done in 28.9946 secs using 363.4% CPU
Optimizing NNI: done in 25.7697 secs using 363.1% CPU
Optimizing NNI: done in 19.5525 secs using 364.5% CPU
Optimizing NNI: done in 16.7658 secs using 364% CPU
Optimizing NNI: done in 32.1815 secs using 362.6% CPU
Optimizing NNI: done in 19.0479 secs using 364.8% CPU
Optimizing NNI: done in 18.7096 secs using 363.7% CPU
Optimizing NNI: done in 21.9363 secs using 365.6% CPU
Optimizing NNI: done in 22.4077 secs using 364.7% CPU
Optimizing NNI: done in 21.537 secs using 362.6% CPU
Iteration 80 / LogL: -4531.475 / Time: 0h:33m:5s (0h:8m:47s left)
Optimizing NNI: done in 23.8627 secs using 365.2% CPU
Optimizing NNI: done in 27.9738 secs using 364.2% CPU
Optimizing NNI: done in 25.5621 secs using 362.7% CPU
Optimizing NNI: done in 21.4504 secs using 363.7% CPU
Optimizing NNI: done in 26.3711 secs using 363.7% CPU
Optimizing NNI: done in 23.1447 secs using 364.5% CPU
Optimizing NNI: done in 26.8549 secs using 364.7% CPU
Optimizing NNI: done in 19.7417 secs using 361.4% CPU
Optimizing NNI: done in 22.0736 secs using 364.7% CPU
Optimizing NNI: done in 19.5745 secs using 362.9% CPU
Iteration 90 / LogL: -4573.573 / Time: 0h:37m:6s (0h:4m:35s left)
Optimizing NNI: done in 20.7564 secs using 364.2% CPU
Optimizing NNI: done in 19.3377 secs using 363.4% CPU
Optimizing NNI: done in 32.0466 secs using 363% CPU
Optimizing NNI: done in 29.7074 secs using 361.9% CPU
Optimizing NNI: done in 26.0811 secs using 362.4% CPU
Optimizing NNI: done in 22.3598 secs using 362.1% CPU
Optimizing NNI: done in 21.2228 secs using 360.8% CPU
Optimizing NNI: done in 16.6785 secs using 361.9% CPU
Optimizing NNI: done in 28.8407 secs using 362.9% CPU
Optimizing NNI: done in 15.577 secs using 362.9% CPU
Iteration 100 / LogL: -4565.173 / Time: 0h:41m:3s (0h:0m:24s left)
Optimizing NNI: done in 34.1685 secs using 365.5% CPU
Optimizing NNI: done in 18.6445 secs using 362.8% CPU
TREE SEARCH COMPLETED AFTER 102 ITERATIONS / Time: 0h:41m:57s

--------------------------------------------------------------------
|                    FINALIZING TREE SEARCH                        |
--------------------------------------------------------------------
Performs final model parameters optimization
Estimate model parameters (epsilon = 0.010)
1. Initial log-likelihood: -4343.227
Optimal log-likelihood: -4343.227
Nonsynonymous/synonymous ratio (omega): 0.195
Transition/transversion ratio (kappa): 4.509
Gamma shape alpha: 0.727
Parameters optimization took 1 rounds (12.647 sec)
BEST SCORE FOUND : -4343.227
Total tree length: 1.448

Total number of iterations: 102
CPU time used for tree search: 8965.676 sec (2h:29m:25s)
Wall-clock time used for tree search: 2466.467 sec (0h:41m:6s)
Total CPU time used: 9212.176 sec (2h:33m:32s)
Total wall-clock time used: 2530.333 sec (0h:42m:10s)

Analysis results written to: 
  IQ-TREE report:                CASQ2_MF.iqtree
  Maximum-likelihood tree:       CASQ2_MF.treefile
  Likelihood distances:          CASQ2_MF.mldist
  Screen log file:               CASQ2_MF.log

Date and Time: Thu Jan 25 19:20:31 2024
