IQ-TREE multicore version 2.2.0-beta COVID-edition for Linux 64-bit built Dec 21 2021 built Dec 21 2021
Developed by Bui Quang Minh, James Barbetti, Nguyen Lam Tung,
Olga Chernomor, Heiko Schmidt, Dominik Schrempf, Michael Woodhams, Ly Trong Nhan.

Host:    awarnach10 (SSE3, 3 GB RAM)
Command: iqtree -s codon_alignments_v3_Jan24/HTT_codon_aligned.phy -st CODON -m TEST -pre HTT_MF -nt 4
Seed:    129351 (Using SPRNG - Scalable Parallel Random Number Generator)
Time:    Wed Jan 24 18:45:35 2024
Kernel:  SSE2 - 4 threads (4 CPU cores detected)

Reading alignment file codon_alignments_v3_Jan24/HTT_codon_aligned.phy ... Fasta format detected
Reading fasta file: done in 0.0370885 secs using 94.97% CPU
Alignment most likely contains DNA/RNA sequences
Converting to codon sequences with genetic code  ...
WARNING: Sequence Naasi_HTT has ambiguous character NCC at site 7171
Constructing alignment: done in 0.028773 secs using 82.66% CPU
Alignment has 92 sequences with 3130 columns, 2907 distinct patterns
1320 parsimony-informative, 688 singleton sites, 1122 constant sites
                  Gap/Ambiguity  Composition  p-value
Analyzing sequences: done in 0.00145551 secs using 358.4% CPU
   1  Bacu_HTT            0.06%    passed    100.00%
   2  Barn_HTT           54.31%    passed     62.92%
   3  Bbai76728_HTT      19.49%    passed    100.00%
   4  BbonAUS_HTT        18.91%    passed    100.00%
   5  Bbor_HTT           25.91%    passed    100.00%
   6  Bede66737_HTT      22.84%    passed    100.00%
   7  BedeAUS_HTT        25.11%    passed    100.00%
   8  Bmus_HTT            0.03%    passed    100.00%
   9  Bmys_HTT            2.68%    passed    100.00%
  10  Bphy_HTT           12.43%    passed    100.00%
  11  Bphy_baits_HTT     23.16%    passed    100.00%
  12  Btau_HTT            0.16%    failed      0.00%
  13  Ccom40_HTT         34.12%    passed     98.54%
  14  Cela_HTT            0.06%    failed      0.00%
  15  Chea7320_HTT       21.21%    passed    100.00%
  16  Cmar59905_HTT      21.85%    passed    100.00%
  17  Dcap108471_HTT     16.68%    passed    100.00%
  18  Dcap79929_HTT      16.45%    passed    100.00%
  19  DdelSJR_HTT        18.34%    passed    100.00%
  20  Ddeltrop4525_HTT   16.74%    passed    100.00%
  21  Dleu_HTT            0.26%    passed    100.00%
  22  EausAUS_HTT        21.34%    passed    100.00%
  23  Egla13086_HTT      11.34%    passed    100.00%
  24  Ejap43864_HTT      17.16%    passed    100.00%
  25  Erob133443_HTT     26.26%    passed    100.00%
  26  Fatt_HTT           18.59%    passed    100.00%
  27  Ggri_HTT           15.69%    passed    100.00%
  28  Gmac39091_HTT      18.18%    passed    100.00%
  29  Gmel_HTT            0.22%    passed    100.00%
  30  Hamp_HTT           18.91%    passed    100.00%
  31  Hippo_HTT           0.32%    passed     92.89%
  32  Igeo_HTT           30.70%    passed    100.00%
  33  Kbre_HTT           15.11%    passed    100.00%
  34  Ksim_HTT           18.85%    passed    100.00%
  35  Lacu_HTT           21.09%    passed    100.00%
  36  Lalb_HTT           17.80%    passed    100.00%
  37  Laus_HTT           20.83%    passed    100.00%
  38  Lbor_HTT           28.08%    passed    100.00%
  39  Lhos30470_HTT      14.47%    passed    100.00%
  40  Lhos452_HTT        18.82%    passed    100.00%
  41  Lobl_HTT            0.22%    passed    100.00%
  42  Lobs_HTT           17.54%    passed    100.00%
  43  LperAUS_HTT        24.44%    passed    100.00%
  44  Lvex_HTT            0.86%    passed    100.00%
  45  Mbid_HTT           29.74%    passed     99.99%
  46  Mbow_HTT           22.88%    passed    100.00%
  47  Mcar_HTT           29.84%    passed    100.00%
  48  Mden_HTT           32.01%    passed     99.62%
  49  Meur_HTT           22.94%    passed    100.00%
  50  Mgin_HTT           21.47%    passed    100.00%
  51  MgraAUS_HTT        54.89%    passed     81.61%
  52  Mhec_HTT           27.80%    passed     99.99%
  53  MlayAUS_HTT        29.94%    passed     99.99%
  54  Mmir_HTT           28.98%    passed     99.88%
  55  Mmon_HTT            0.29%    passed    100.00%
  56  Mnov_HTT           17.92%    passed    100.00%
  57  Mper_HTT           20.45%    passed    100.00%
  58  Mpni_HTT           23.74%    passed    100.00%
  59  Mste_HTT           17.12%    passed    100.00%
  60  Naasi_HTT           0.86%    passed    100.00%
  61  Npho_HTT            4.19%    passed    100.00%
  62  Oari_HTT            0.19%    failed      0.00%
  63  Obre_HTT           19.49%    passed    100.00%
  64  Ohei_HTT           16.23%    passed    100.00%
  65  Oorc_HTT            0.26%    passed    100.00%
  66  Pbla7349_HTT       22.72%    passed    100.00%
  67  Pcra123188_HTT     23.58%    passed    100.00%
  68  Pdal_HTT           56.90%    passed     99.99%
  69  Pdio_HTT           16.07%    passed    100.00%
  70  Pele_HTT           21.12%    passed    100.00%
  71  Pcat_HTT            0.10%    passed    100.00%
  72  Pmac_HTT           58.31%    passed     94.45%
  73  Ppho_HTT           24.60%    passed    100.00%
  74  Psin_HTT            0.22%    passed    100.00%
  75  Pspi_HTT           33.61%    passed    100.00%
  76  Satt18473_HTT      18.08%    passed    100.00%
  77  Satt38219_HTT      30.64%    passed    100.00%
  78  Sbre116871_HTT     17.73%    passed    100.00%
  79  Sbre18437_HTT      20.77%    passed    100.00%
  80  Schi_HTT           17.09%    passed    100.00%
  81  Scly1724_HTT       65.30%    passed      5.01%
  82  Scly1726_HTT       17.19%    passed    100.00%
  83  Scoe_HTT           20.10%    passed    100.00%
  84  Sflu9837_HTT       18.27%    passed    100.00%
  85  Sfro7782_HTT       19.87%    passed    100.00%
  86  Sfro7784_HTT       15.02%    passed    100.00%
  87  Slon16012_HTT      22.27%    passed    100.00%
  88  Slon24923_HTT      19.39%    passed    100.00%
  89  Tadu79924_HTT      22.04%    passed    100.00%
  90  Tshe_HTT           20.89%    passed    100.00%
  91  Ttru_HTT            0.29%    passed    100.00%
  92  Zcav_HTT           28.47%    passed    100.00%
WARNING: 5 sequences contain more than 50% gaps/ambiguity
****  TOTAL              19.34%  3 sequences failed composition chi2 test (p-value<5%; df=60)
Checking for duplicate sequences: done in 0.0041098 secs using 150.9% CPU

Creating fast initial parsimony tree by random order stepwise addition...
0.278 seconds, parsimony score: 4438 (based on 2008 sites)
Perform fast likelihood tree search using GY+F3X4+I+G model...
Estimate model parameters (epsilon = 5.000)
Perform nearest neighbor interchange...
Optimizing NNI: done in 109.754 secs using 393.5% CPU
Estimate model parameters (epsilon = 1.000)
1. Initial log-likelihood: -42064.359
2. Current log-likelihood: -42058.575
3. Current log-likelihood: -42054.543
4. Current log-likelihood: -42051.438
5. Current log-likelihood: -42048.981
6. Current log-likelihood: -42047.013
7. Current log-likelihood: -42045.413
8. Current log-likelihood: -42044.097
9. Current log-likelihood: -42043.005
Optimal log-likelihood: -42042.092
Nonsynonymous/synonymous ratio (omega): 0.165
Transition/transversion ratio (kappa): 3.613
Proportion of invariable sites: 0.013
Gamma shape alpha: 0.958
Parameters optimization took 9 rounds (1069.409 sec)
Time for fast ML tree search: 2254.637 seconds

NOTE: ModelFinder requires 510 MB RAM!
ModelFinder will test up to 60 codon models (sample size: 3130) ...
 No. Model         -LnL         df  AIC          AICc         BIC
  1  GY+F3X4       42399.762    192 85183.524    85208.758    86344.891
  2  GY+F3X4+I     42038.613    193 84463.227    84488.732    85630.643
  3  GY+F3X4+G4    41742.529    193 83871.058    83896.563    85038.474
  4  GY+F3X4+I+G4  41741.472    194 83870.944    83896.723    85044.409
  7  GY+F1X4+G4    42023.184    187 84420.369    84444.268    85551.492
  8  GY+F1X4+I+G4  42022.208    188 84420.416    84444.580    85557.589
 11  GY+F+G4       41568.357    244 83624.714    83666.156    85100.618
 12  GY+F+I+G4     41566.765    245 83623.531    83665.327    85105.484
 15  MGK+F3X4+G4   41690.554    193 83767.108    83792.614    84934.524
 16  MGK+F3X4+I+G4 41690.463    194 83768.925    83794.704    84942.390
 19  MGK+F1X4+G4   42069.987    187 84513.974    84537.873    85645.097
 20  MGK+F1X4+I+G4 42070.017    188 84516.034    84540.197    85653.206
 23  MG+F3X4+G4    41690.554    192 83765.108    83790.342    84926.476
 24  MG+F3X4+I+G4  41690.463    193 83766.926    83792.432    84934.342
 27  MG+F1X4+G4    42071.634    186 84515.267    84538.905    85640.342
 28  MG+F1X4+I+G4  42071.662    187 84517.323    84541.223    85648.447
 31  KOSI07+F3X4+G4 41872.795    191 84127.591    84152.555    85282.909
 32  KOSI07+F3X4+I+G4 41872.943    192 84129.886    84155.120    85291.253
 35  KOSI07+F1X4+G4 42462.673    185 85295.347    85318.723    86414.373
 36  KOSI07+F1X4+I+G4 42456.987    186 85285.974    85309.611    86411.048
 39  KOSI07+F+G4   41644.585    242 83773.170    83813.908    85236.976
 40  KOSI07+F+I+G4 41643.800    243 83773.600    83814.689    85243.455
 43  KOSI07+FU+G4  42381.554    182 85127.107    85149.711    86227.987
 44  KOSI07+FU+I+G4 42381.970    183 85129.940    85152.799    86236.868
 47  SCHN05+F3X4+G4 41986.302    191 84354.605    84379.569    85509.923
 48  SCHN05+F3X4+I+G4 41983.948    192 84351.896    84377.130    85513.264
 51  SCHN05+F1X4+G4 42625.969    185 85621.938    85645.315    86740.964
 52  SCHN05+F1X4+I+G4 42619.352    186 85610.704    85634.341    86735.778
 55  SCHN05+F+G4   41571.505    242 83627.010    83667.749    85090.817
 56  SCHN05+F+I+G4 41570.817    243 83627.635    83668.724    85097.490
 59  SCHN05+FU+G4  42397.576    182 85159.152    85181.755    86260.031
 60  SCHN05+FU+I+G4 42398.235    183 85162.470    85185.329    86269.398
Akaike Information Criterion:           GY+F+I+G4
Corrected Akaike Information Criterion: GY+F+I+G4
Bayesian Information Criterion:         MG+F3X4+G4
Best-fit model: MG+F3X4+G4 chosen according to BIC

All model information printed to HTT_MF.model.gz
CPU time for ModelFinder: 47728.242 seconds (13h:15m:28s)
Wall-clock time for ModelFinder: 12098.728 seconds (3h:21m:38s)

NOTE: 510 MB RAM (0 GB) is required!
Estimate model parameters (epsilon = 0.100)
1. Initial log-likelihood: -41690.554
Optimal log-likelihood: -41690.554
Nonsynonymous/synonymous ratio (omega): 0.175
Transition/transversion ratio (kappa): 3.598
Gamma shape alpha: 1.049
Parameters optimization took 1 rounds (83.517 sec)
Wrote distance file to... 
Computing ML distances based on estimated model parameters...
Calculating distance matrix: done in 30.6437 secs using 399.7% CPU
Computing ML distances took 30.646402 sec (of wall-clock time) 122.495291 sec (of CPU time)
Setting up auxiliary I and S matrices: done in 0.00215058 secs using 127.8% CPU
Constructing RapidNJ tree: done in 0.0758713 secs using 59.59% CPU
Computing RapidNJ tree took 0.078232 sec (of wall-clock time) 0.048051 sec (of CPU time)
Log-likelihood of RapidNJ tree: -42352.947
--------------------------------------------------------------------
|             INITIALIZING CANDIDATE TREE SET                      |
--------------------------------------------------------------------
Generating 98 parsimony trees... 8.556 second
Computing log-likelihood of 98 initial trees ... 1789.994 seconds
Current best score: -41690.554

Do NNI search on 20 best initial trees
Optimizing NNI: done in 65.0416 secs using 394.2% CPU
Estimate model parameters (epsilon = 0.100)
BETTER TREE FOUND at iteration 1: -41690.554
ERROR: phylokernelnew.h:3332: double PhyloTree::computeLikelihoodFromBufferGenericSIMD() [with VectorClass = Vec2d; bool FMA = false; bool SITE_MODEL = false]: Assertion `std::isfinite(tree_lh) && "Numerical underflow for lh-from-buffer"' failed.
ERROR: STACK TRACE FOR DEBUGGING:
ERROR: 1   funcAbort()
ERROR: 2   ()
ERROR: 3   gsignal()
ERROR: 4   abort()
ERROR: 5   ()
ERROR: 6   double PhyloTree::computeLikelihoodFromBufferGenericSIMD<Vec2d, false, false>()
ERROR: 7   PhyloTree::getBestNNIForBran(PhyloNode*, PhyloNode*, NNIMove*)
ERROR: 8   IQTree::evaluateNNIs(std::map<int, std::pair<Node*, Node*>, std::less<int>, std::allocator<std::pair<int const, std::pair<Node*, Node*> > > >&, std::vector<NNIMove, std::allocator<NNIMove> >&)
ERROR: 9   IQTree::optimizeNNI(bool)
ERROR: 10   IQTree::doNNISearch(bool)
ERROR: 11   IQTree::initCandidateTreeSet(int, int)
ERROR: 12   IQTree::doTreeSearch()
ERROR: 13   runTreeReconstruction(Params&, IQTree*&)
ERROR: 14   runPhyloAnalysis(Params&, Checkpoint*, IQTree*&, Alignment*&)
ERROR: 15   runPhyloAnalysis(Params&, Checkpoint*)
ERROR: 16   main()
ERROR: 17   __libc_start_main()
ERROR: 18   ()
ERROR: 
ERROR: *** IQ-TREE CRASHES WITH SIGNAL ABORTED
ERROR: *** For bug report please send to developers:
ERROR: ***    Log file: HTT_MF.log
ERROR: ***    Alignment files (if possible)
