IQ-TREE multicore version 2.2.0-beta COVID-edition for Linux 64-bit built Dec 21 2021 built Dec 21 2021
Developed by Bui Quang Minh, James Barbetti, Nguyen Lam Tung,
Olga Chernomor, Heiko Schmidt, Dominik Schrempf, Michael Woodhams, Ly Trong Nhan.

Host:    awarnach10 (SSE3, 3 GB RAM)
Command: iqtree -s codon_alignments_v3_Jan24/RYR2_codon_aligned.phy -st CODON -m TEST -pre RYR2_MF -nt 4
Seed:    420594 (Using SPRNG - Scalable Parallel Random Number Generator)
Time:    Thu Jan 25 05:24:38 2024
Kernel:  SSE2 - 4 threads (4 CPU cores detected)

Reading alignment file codon_alignments_v3_Jan24/RYR2_codon_aligned.phy ... Fasta format detected
Reading fasta file: done in 0.0582663 secs using 85.55% CPU
Alignment most likely contains DNA/RNA sequences
Converting to codon sequences with genetic code  ...
WARNING: Sequence Sscr_RYR2 has ambiguous character NCT at site 217
WARNING: Sequence Sscr_RYR2 has ambiguous character NGC at site 6760
WARNING: Sequence Bmus_RYR2 has ambiguous character NTT at site 9106
WARNING: Sequence Bmus_RYR2 has ambiguous character NNT at site 9280
Constructing alignment: done in 0.0432058 secs using 88.45% CPU
Alignment has 93 sequences with 4975 columns, 4061 distinct patterns
1426 parsimony-informative, 1060 singleton sites, 2489 constant sites
                   Gap/Ambiguity  Composition  p-value
Analyzing sequences: done in 0.00200838 secs using 195.2% CPU
   1  Bacu_RYR2            2.03%    passed    100.00%
   2  Barn_RYR2           37.41%    passed    100.00%
   3  Bbai76728_RYR2      21.53%    passed    100.00%
   4  BbonAUS_RYR2        12.98%    passed    100.00%
   5  Bbor_RYR2            9.53%    passed    100.00%
   6  Bede66737_RYR2       8.44%    passed    100.00%
   7  BedeAUS_RYR2        11.36%    passed    100.00%
   8  Bmus_RYR2            0.08%    passed    100.00%
   9  Bmys_RYR2           66.55%    passed     45.12%
  10  Bphy_RYR2           14.55%    passed    100.00%
  11  Bphy_baits_RYR2     15.68%    passed    100.00%
  12  Bric_RYR2            0.08%    passed    100.00%
  13  Btau_RYR2            0.00%    passed     50.75%
  14  Ccom40_RYR2         19.26%    passed    100.00%
  15  Chea7320_RYR2        9.67%    passed    100.00%
  16  Cmar59905_RYR2      15.24%    passed    100.00%
  17  Dcap108471_RYR2      9.33%    passed    100.00%
  18  Dcap79929_RYR2      14.41%    passed    100.00%
  19  DdelSJR_RYR2         7.70%    passed    100.00%
  20  Ddel_RYR2            0.44%    passed    100.00%
  21  Ddeltrop4525_RYR2   10.19%    passed    100.00%
  22  Dleu_RYR2            0.42%    passed    100.00%
  23  EausAUS_RYR2         8.30%    passed    100.00%
  24  Egla13086_RYR2      12.70%    passed    100.00%
  25  Ejap43864_RYR2      10.69%    passed    100.00%
  26  Erob133443_RYR2     10.97%    passed    100.00%
  27  Fatt_RYR2            7.94%    passed    100.00%
  28  Ggri_RYR2            7.68%    passed    100.00%
  29  Gmac39091_RYR2       8.08%    passed    100.00%
  30  Gmel_RYR2            0.44%    passed    100.00%
  31  Hamp_RYR2            8.44%    passed    100.00%
  32  Hippo_RYR2           0.38%    passed    100.00%
  33  Igeo_RYR2           29.21%    passed    100.00%
  34  Kbre_RYR2            0.52%    passed    100.00%
  35  Ksim_RYR2           13.49%    passed    100.00%
  36  Lacu_RYR2           10.63%    passed    100.00%
  37  Lalb_RYR2            0.42%    passed    100.00%
  38  Laus_RYR2            7.50%    passed    100.00%
  39  Lbor_RYR2           15.40%    passed    100.00%
  40  Lhos30470_RYR2      17.49%    passed    100.00%
  41  Lhos452_RYR2         9.09%    passed    100.00%
  42  Lobl_RYR2            0.28%    passed    100.00%
  43  Lobs_RYR2           10.39%    passed    100.00%
  44  LperAUS_RYR2        10.77%    passed    100.00%
  45  Mbid_RYR2           27.12%    passed    100.00%
  46  Mbow_RYR2           11.12%    passed    100.00%
  47  Mcar_RYR2            8.78%    passed    100.00%
  48  Mden_RYR2            0.00%    passed    100.00%
  49  Meur_RYR2           10.33%    passed    100.00%
  50  Mgin_RYR2            8.98%    passed    100.00%
  51  MgraAUS_RYR2        37.21%    passed    100.00%
  52  Mhec_RYR2           13.87%    passed    100.00%
  53  MlayAUS_RYR2         8.32%    passed    100.00%
  54  Mmir_RYR2           18.19%    passed    100.00%
  55  Mmon_RYR2            0.68%    passed    100.00%
  56  Mper_RYR2           10.65%    passed    100.00%
  57  Mpni_RYR2           11.82%    passed    100.00%
  58  Mste_RYR2           11.16%    passed    100.00%
  59  Naasi_RYR2           0.28%    passed    100.00%
  60  Npho_RYR2            7.64%    passed    100.00%
  61  Oari_RYR2            0.00%    passed     87.64%
  62  Obre_RYR2            7.52%    passed    100.00%
  63  Ohei_RYR2            9.23%    passed    100.00%
  64  Oorc_RYR2            0.44%    passed    100.00%
  65  Ovtex_RYR2           3.96%    passed     90.12%
  66  Pbla7349_RYR2       14.01%    passed    100.00%
  67  Pcat_RYR2            0.40%    passed    100.00%
  68  Pcra123188_RYR2      9.59%    passed    100.00%
  69  Pdal_RYR2           36.20%    passed    100.00%
  70  Pdio_RYR2            9.29%    passed    100.00%
  71  Pele_RYR2            9.43%    passed    100.00%
  72  Pmac_RYR2           43.14%    passed     72.93%
  73  Ppho_RYR2           13.91%    passed    100.00%
  74  Psin_RYR2            0.30%    passed    100.00%
  75  Pspi_RYR2           17.03%    passed    100.00%
  76  Satt18473_RYR2       9.45%    passed    100.00%
  77  Satt38219_RYR2      11.64%    passed    100.00%
  78  Sbre116871_RYR2      7.62%    passed    100.00%
  79  Sbre18437_RYR2       9.43%    passed    100.00%
  80  Schi_RYR2            9.25%    passed    100.00%
  81  Scly1724_RYR2       29.99%    passed    100.00%
  82  Scly1726_RYR2        8.08%    passed    100.00%
  83  Scoe_RYR2           13.29%    passed    100.00%
  84  Sflu9837_RYR2       10.55%    passed    100.00%
  85  Sfro7782_RYR2       18.47%    passed    100.00%
  86  Sfro7784_RYR2        8.12%    passed    100.00%
  87  Slon16012_RYR2       8.94%    passed    100.00%
  88  Slon24923_RYR2       7.18%    passed    100.00%
  89  Sscr_RYR2            0.04%    passed     99.98%
  90  Tadu79924_RYR2      10.99%    passed    100.00%
  91  Tshe_RYR2            9.35%    passed    100.00%
  92  Ttru_RYR2            0.60%    passed    100.00%
  93  Zcav_RYR2           20.68%    passed    100.00%
WARNING: 1 sequences contain more than 50% gaps/ambiguity
****  TOTAL               11.20%  0 sequences failed composition chi2 test (p-value<5%; df=60)
Checking for duplicate sequences: done in 0.00620702 secs using 133.7% CPU

Creating fast initial parsimony tree by random order stepwise addition...
0.361 seconds, parsimony score: 4800 (based on 2486 sites)
Perform fast likelihood tree search using GY+F3X4+I+G model...
Estimate model parameters (epsilon = 5.000)
Perform nearest neighbor interchange...
Optimizing NNI: done in 149.774 secs using 392.8% CPU
Estimate model parameters (epsilon = 1.000)
1. Initial log-likelihood: -51011.658
2. Current log-likelihood: -51007.118
3. Current log-likelihood: -51003.734
4. Current log-likelihood: -51001.011
5. Current log-likelihood: -50998.787
6. Current log-likelihood: -50996.942
7. Current log-likelihood: -50995.391
8. Current log-likelihood: -50994.073
9. Current log-likelihood: -50992.943
Optimal log-likelihood: -50991.967
Nonsynonymous/synonymous ratio (omega): 0.073
Transition/transversion ratio (kappa): 3.072
Proportion of invariable sites: 0.073
Gamma shape alpha: 0.733
Parameters optimization took 9 rounds (1555.055 sec)
Time for fast ML tree search: 3373.617 seconds

NOTE: ModelFinder requires 716 MB RAM!
ModelFinder will test up to 60 codon models (sample size: 4975) ...
 No. Model         -LnL         df  AIC          AICc         BIC
  1  GY+F3X4       51833.487    194 104054.973   104070.802   105318.336
  2  GY+F3X4+I     51207.668    195 102805.335   102821.330   104075.211
  3  GY+F3X4+G4    50798.457    195 101986.914   102002.909   103256.789
  4  GY+F3X4+I+G4  50782.146    196 101956.292   101972.454   103232.679
  8  GY+F1X4+I+G4  50873.460    190 102126.921   102142.092   103364.235
 12  GY+F+I+G4     50512.309    247 101518.617   101544.535   103127.126
 16  MGK+F3X4+I+G4 50604.055    196 101600.110   101616.272   102876.497
 20  MGK+F1X4+I+G4 50837.590    190 102055.180   102070.351   103292.494
 24  MG+F3X4+I+G4  50604.055    195 101598.110   101614.105   102867.985
 28  MG+F1X4+I+G4  50837.658    189 102053.316   102068.326   103284.119
 32  KOSI07+F3X4+I+G4 50807.388    194 102002.776   102018.605   103266.139
 36  KOSI07+F1X4+I+G4 51091.919    188 102559.838   102574.686   103784.128
 40  KOSI07+F+I+G4 50466.087    245 101422.174   101447.663   103017.658
 44  KOSI07+FU+I+G4 50545.061    185 101460.121   101474.492   102664.875
 48  SCHN05+F3X4+I+G4 50781.275    194 101950.551   101966.379   103213.914
 52  SCHN05+F1X4+I+G4 51032.535    188 102441.070   102455.918   103665.360
 56  SCHN05+F+I+G4 50293.360    245 101076.720   101102.209   102672.204
 60  SCHN05+FU+I+G4 50289.786    185 100949.572   100963.942   102154.325
Akaike Information Criterion:           SCHN05+FU+I+G4
Corrected Akaike Information Criterion: SCHN05+FU+I+G4
Bayesian Information Criterion:         SCHN05+FU+I+G4
Best-fit model: SCHN05+FU+I+G4 chosen according to BIC

All model information printed to RYR2_MF.model.gz
CPU time for ModelFinder: 50492.357 seconds (14h:1m:32s)
Wall-clock time for ModelFinder: 12810.859 seconds (3h:33m:30s)

NOTE: 717 MB RAM (0 GB) is required!
Estimate model parameters (epsilon = 0.100)
Thoroughly optimizing +I+G parameters from 10 start values...
Init pinv, alpha: 0.000, 0.812 / Estimate: 0.000, 0.769 / LogL: -50290.049
Init pinv, alpha: 0.056, 0.812 / Estimate: 0.057, 0.875 / LogL: -50290.048
Init pinv, alpha: 0.111, 0.812 / Estimate: 0.111, 1.006 / LogL: -50292.954
Init pinv, alpha: 0.167, 0.812 / Estimate: 0.164, 1.166 / LogL: -50299.793
Init pinv, alpha: 0.222, 0.812 / Estimate: 0.197, 1.277 / LogL: -50310.799
Init pinv, alpha: 0.278, 0.812 / Estimate: 0.229, 1.388 / LogL: -50328.194
Init pinv, alpha: 0.334, 0.812 / Estimate: 0.258, 1.476 / LogL: -50354.293
Init pinv, alpha: 0.389, 0.812 / Estimate: 0.281, 1.516 / LogL: -50392.097
Init pinv, alpha: 0.445, 0.812 / Estimate: 0.301, 1.493 / LogL: -50445.156
Init pinv, alpha: 0.500, 0.812 / Estimate: 0.315, 1.403 / LogL: -50517.161
Optimal pinv,alpha: 0.057, 0.875 / LogL: -50290.048

Parameters optimization took 5398.862 sec
Wrote distance file to... 
Computing ML distances based on estimated model parameters...
Calculating distance matrix: done in 27.6105 secs using 399.6% CPU
Computing ML distances took 27.614326 sec (of wall-clock time) 110.337706 sec (of CPU time)
Setting up auxiliary I and S matrices: done in 0.000836989 secs using 211.2% CPU
Constructing RapidNJ tree: done in 0.0714656 secs using 39.25% CPU
Computing RapidNJ tree took 0.072503 sec (of wall-clock time) 0.029917 sec (of CPU time)
Log-likelihood of RapidNJ tree: -50486.257
--------------------------------------------------------------------
|             INITIALIZING CANDIDATE TREE SET                      |
--------------------------------------------------------------------
Generating 98 parsimony trees... 10.834 second
Computing log-likelihood of 98 initial trees ... 2488.085 seconds
Current best score: -50206.976

Do NNI search on 20 best initial trees
Optimizing NNI: done in 150.31 secs using 393.4% CPU
Estimate model parameters (epsilon = 0.100)
BETTER TREE FOUND at iteration 1: -50137.738
Optimizing NNI: done in 151.311 secs using 393.1% CPU
Optimizing NNI: done in 146.596 secs using 392.4% CPU
Optimizing NNI: done in 152.265 secs using 392.5% CPU
Optimizing NNI: done in 151.054 secs using 392.4% CPU
Optimizing NNI: done in 150.445 secs using 391.5% CPU
Optimizing NNI: done in 152.586 secs using 393.5% CPU
Optimizing NNI: done in 149.497 secs using 393.1% CPU
Optimizing NNI: done in 148.599 secs using 393.8% CPU
Optimizing NNI: done in 149.805 secs using 393.8% CPU
Iteration 10 / LogL: -50202.204 / Time: 3h:11m:5s
Optimizing NNI: done in 149.112 secs using 393.6% CPU
Optimizing NNI: done in 148.375 secs using 392.7% CPU
Optimizing NNI: done in 150.431 secs using 393.7% CPU
Optimizing NNI: done in 151.657 secs using 393.4% CPU
Optimizing NNI: done in 150.876 secs using 393.9% CPU
Optimizing NNI: done in 152.904 secs using 394% CPU
Optimizing NNI: done in 153.476 secs using 394.1% CPU
Optimizing NNI: done in 154.442 secs using 393.8% CPU
Optimizing NNI: done in 91.6029 secs using 393.4% CPU
Optimizing NNI: done in 151.007 secs using 393.3% CPU
Iteration 20 / LogL: -50246.313 / Time: 3h:36m:1s
Finish initializing candidate tree set (20)
Current best tree score: -50137.738 / CPU time: 7508.945
Number of iterations: 20
--------------------------------------------------------------------
|               OPTIMIZING CANDIDATE TREE SET                      |
--------------------------------------------------------------------
Optimizing NNI: done in 227.028 secs using 393.1% CPU
Optimizing NNI: done in 211.366 secs using 392.7% CPU
Optimizing NNI: done in 166.48 secs using 393.4% CPU
Optimizing NNI: done in 212.573 secs using 393.6% CPU
Optimizing NNI: done in 375.276 secs using 394% CPU
Optimizing NNI: done in 203.957 secs using 393.5% CPU
Optimizing NNI: done in 248.516 secs using 394.1% CPU
Optimizing NNI: done in 118.419 secs using 394.5% CPU
Optimizing NNI: done in 212.028 secs using 393.2% CPU
Optimizing NNI: done in 207.556 secs using 393.2% CPU
Iteration 30 / LogL: -51775.425 / Time: 4h:13m:6s (10h:19m:40s left)
Optimizing NNI: done in 355.82 secs using 393.4% CPU
Optimizing NNI: done in 222.091 secs using 394.4% CPU
Optimizing NNI: done in 205.914 secs using 393.9% CPU
Optimizing NNI: done in 178.18 secs using 392.9% CPU
Optimizing NNI: done in 168.811 secs using 393.7% CPU
Optimizing NNI: done in 167.353 secs using 394.9% CPU
Optimizing NNI: done in 179.261 secs using 393.7% CPU
Optimizing NNI: done in 210.739 secs using 393.7% CPU
Optimizing NNI: done in 348.446 secs using 393.7% CPU
Optimizing NNI: done in 138.323 secs using 393.3% CPU
Iteration 40 / LogL: -51730.192 / Time: 4h:50m:2s (7h:33m:39s left)
Optimizing NNI: done in 216.613 secs using 394.2% CPU
Optimizing NNI: done in 208.637 secs using 393.6% CPU
Optimizing NNI: done in 175.419 secs using 393.9% CPU
Optimizing NNI: done in 200.285 secs using 393.7% CPU
Optimizing NNI: done in 448.392 secs using 393.7% CPU
Optimizing NNI: done in 184.553 secs using 394.1% CPU
Optimizing NNI: done in 223.942 secs using 394.8% CPU
Optimizing NNI: done in 231.794 secs using 394.1% CPU
Optimizing NNI: done in 405.783 secs using 394.1% CPU
Optimizing NNI: done in 283.829 secs using 393.1% CPU
Iteration 50 / LogL: -51560.181 / Time: 5h:33m:43s (5h:47m:20s left)
Optimizing NNI: done in 222.084 secs using 394.4% CPU
Optimizing NNI: done in 240.211 secs using 393.7% CPU
Optimizing NNI: done in 291.011 secs using 394% CPU
Optimizing NNI: done in 260.165 secs using 393.5% CPU
Optimizing NNI: done in 155.514 secs using 394.1% CPU
Optimizing NNI: done in 220.798 secs using 393.4% CPU
Optimizing NNI: done in 199.125 secs using 393.6% CPU
Optimizing NNI: done in 197.08 secs using 394.2% CPU
Optimizing NNI: done in 137.325 secs using 394.6% CPU
Optimizing NNI: done in 278.766 secs using 394.2% CPU
Iteration 60 / LogL: -50952.260 / Time: 6h:11m:6s (4h:17m:53s left)
Optimizing NNI: done in 201.179 secs using 393.4% CPU
Optimizing NNI: done in 139.521 secs using 393.4% CPU
Optimizing NNI: done in 250.682 secs using 392.7% CPU
Optimizing NNI: done in 193.307 secs using 393.5% CPU
Optimizing NNI: done in 424.984 secs using 393.9% CPU
Optimizing NNI: done in 173.544 secs using 393.8% CPU
Optimizing NNI: done in 144.637 secs using 394.1% CPU
Optimizing NNI: done in 267.102 secs using 393.6% CPU
Optimizing NNI: done in 230.789 secs using 394.1% CPU
Optimizing NNI: done in 137.358 secs using 393.5% CPU
Iteration 70 / LogL: -51448.098 / Time: 6h:47m:52s (3h:3m:14s left)
Optimizing NNI: done in 173.643 secs using 393.6% CPU
Optimizing NNI: done in 277.896 secs using 393.8% CPU
Optimizing NNI: done in 162.411 secs using 394.3% CPU
Optimizing NNI: done in 149.829 secs using 394.3% CPU
Optimizing NNI: done in 118.463 secs using 394.5% CPU
Optimizing NNI: done in 264.054 secs using 394.1% CPU
Optimizing NNI: done in 337.181 secs using 394.3% CPU
Optimizing NNI: done in 206.942 secs using 393.6% CPU
Optimizing NNI: done in 259.321 secs using 393.2% CPU
Optimizing NNI: done in 170.609 secs using 393.6% CPU
Iteration 80 / LogL: -51479.683 / Time: 7h:23m:53s (1h:57m:59s left)
Optimizing NNI: done in 227.256 secs using 393.9% CPU
Optimizing NNI: done in 297.962 secs using 393.7% CPU
Optimizing NNI: done in 139.331 secs using 394.8% CPU
Optimizing NNI: done in 194.899 secs using 393.9% CPU
Optimizing NNI: done in 167.458 secs using 393.9% CPU
Optimizing NNI: done in 268.675 secs using 394% CPU
Optimizing NNI: done in 128.562 secs using 394.5% CPU
Optimizing NNI: done in 169.408 secs using 394.1% CPU
Optimizing NNI: done in 169.819 secs using 393% CPU
Optimizing NNI: done in 290.413 secs using 393.3% CPU
Iteration 90 / LogL: -51516.261 / Time: 7h:58m:48s (0h:59m:10s left)
Optimizing NNI: done in 164.342 secs using 393.8% CPU
Optimizing NNI: done in 146.753 secs using 393.7% CPU
Optimizing NNI: done in 294.21 secs using 393.8% CPU
Optimizing NNI: done in 152.333 secs using 393.8% CPU
Optimizing NNI: done in 253.028 secs using 393.8% CPU
Optimizing NNI: done in 245.467 secs using 393.9% CPU
Optimizing NNI: done in 261.354 secs using 394% CPU
Optimizing NNI: done in 232.288 secs using 393% CPU
Optimizing NNI: done in 239.334 secs using 393.6% CPU
Optimizing NNI: done in 145.506 secs using 394.6% CPU
Iteration 100 / LogL: -51243.127 / Time: 8h:35m:5s (0h:5m:12s left)
Optimizing NNI: done in 170.37 secs using 395% CPU
Optimizing NNI: done in 177.928 secs using 394.9% CPU
TREE SEARCH COMPLETED AFTER 102 ITERATIONS / Time: 8h:41m:1s

--------------------------------------------------------------------
|                    FINALIZING TREE SEARCH                        |
--------------------------------------------------------------------
Performs final model parameters optimization
Estimate model parameters (epsilon = 0.010)
1. Initial log-likelihood: -50137.738
2. Current log-likelihood: -50137.645
3. Current log-likelihood: -50137.558
4. Current log-likelihood: -50137.477
5. Current log-likelihood: -50137.401
6. Current log-likelihood: -50137.329
7. Current log-likelihood: -50137.263
8. Current log-likelihood: -50137.200
9. Current log-likelihood: -50137.141
10. Current log-likelihood: -50137.086
11. Current log-likelihood: -50137.034
12. Current log-likelihood: -50136.985
13. Current log-likelihood: -50136.940
14. Current log-likelihood: -50136.897
15. Current log-likelihood: -50136.857
16. Current log-likelihood: -50136.819
17. Current log-likelihood: -50136.783
18. Current log-likelihood: -50136.750
19. Current log-likelihood: -50136.718
20. Current log-likelihood: -50136.689
21. Current log-likelihood: -50136.661
22. Current log-likelihood: -50136.634
23. Current log-likelihood: -50136.610
24. Current log-likelihood: -50136.587
25. Current log-likelihood: -50136.565
26. Current log-likelihood: -50136.544
27. Current log-likelihood: -50136.525
28. Current log-likelihood: -50136.506
29. Current log-likelihood: -50136.489
30. Current log-likelihood: -50136.473
31. Current log-likelihood: -50136.458
32. Current log-likelihood: -50136.443
33. Current log-likelihood: -50136.430
34. Current log-likelihood: -50136.417
35. Current log-likelihood: -50136.405
36. Current log-likelihood: -50136.394
37. Current log-likelihood: -50136.383
38. Current log-likelihood: -50136.373
Optimal log-likelihood: -50136.364
Nonsynonymous/synonymous ratio (omega): 0.075
Transition/transversion ratio (kappa): 3.317
Proportion of invariable sites: 0.001
Gamma shape alpha: 0.773
Parameters optimization took 38 rounds (2142.673 sec)
BEST SCORE FOUND : -50136.364
Total tree length: 1.084

Total number of iterations: 102
CPU time used for tree search: 101590.367 sec (28h:13m:10s)
Wall-clock time used for tree search: 25809.349 sec (7h:10m:9s)
Total CPU time used: 131562.869 sec (36h:32m:42s)
Total wall-clock time used: 33408.451 sec (9h:16m:48s)

Analysis results written to: 
  IQ-TREE report:                RYR2_MF.iqtree
  Maximum-likelihood tree:       RYR2_MF.treefile
  Likelihood distances:          RYR2_MF.mldist
  Screen log file:               RYR2_MF.log

Date and Time: Thu Jan 25 18:14:57 2024
