IQ-TREE multicore version 2.2.0-beta COVID-edition for Linux 64-bit built Dec 21 2021 built Dec 21 2021
Developed by Bui Quang Minh, James Barbetti, Nguyen Lam Tung,
Olga Chernomor, Heiko Schmidt, Dominik Schrempf, Michael Woodhams, Ly Trong Nhan.

Host:    awarnach (SSE3, 15 GB RAM)
Command: iqtree -s codon_alignments_edited/CASQ1_codon_aligned.phy -st CODON -m TEST -o Mmus_CASQ1 -pre CASQ1 -nt 4
Seed:    343228 (Using SPRNG - Scalable Parallel Random Number Generator)
Time:    Thu Nov 23 10:18:26 2023
Kernel:  SSE2 - 4 threads (4 CPU cores detected)

Reading alignment file codon_alignments_edited/CASQ1_codon_aligned.phy ... Phylip format detected
Alignment most likely contains DNA/RNA sequences
Converting to codon sequences with genetic code  ...
Constructing alignment: done in 0.00403128 secs using 88.9% CPU
Alignment has 98 sequences with 398 columns, 380 distinct patterns
183 parsimony-informative, 97 singleton sites, 118 constant sites
                    Gap/Ambiguity  Composition  p-value
Analyzing sequences: done in 0.000262858 secs using 341.6% CPU
   1  Bacu_CASQ1            0.25%    passed    100.00%
   2  Barn_CASQ1           38.94%    passed    100.00%
   3  Bbai76728_CASQ1      18.59%    passed    100.00%
   4  BbonAUS_CASQ1        11.06%    passed    100.00%
   5  Bbor_CASQ1           19.60%    passed    100.00%
   6  Bede66737_CASQ1      25.88%    passed    100.00%
   7  BedeAUS_CASQ1        11.06%    passed    100.00%
   8  Bmus_CASQ1            0.25%    passed    100.00%
   9  Bmys_CASQ1            6.28%    passed    100.00%
  10  Bphy_CASQ1           11.81%    passed    100.00%
  11  Btau_CASQ1            0.75%    passed     99.55%
  12  Ccom40_CASQ1         17.59%    passed    100.00%
  13  Chea7320_CASQ1        4.77%    passed    100.00%
  14  Chir_CASQ1            0.25%    passed    100.00%
  15  Clfam_CASQ1           0.00%    failed      0.00%
  16  Cmar59905_CASQ1      11.06%    passed    100.00%
  17  Dcap108471_CASQ1     12.06%    passed    100.00%
  18  Dcap79929_CASQ1       4.02%    passed    100.00%
  19  DdelSJR_CASQ1        11.06%    passed    100.00%
  20  Ddeltrop4525_CASQ1    0.00%    passed    100.00%
  21  Dleu_CASQ1            0.00%    passed    100.00%
  22  EausAUS_CASQ1        25.13%    passed    100.00%
  23  Ecab_CASQ1            0.00%    passed     22.16%
  24  Egla13086_CASQ1      15.08%    passed    100.00%
  25  Ejap43864_CASQ1       6.28%    passed    100.00%
  26  Erob133443_CASQ1      7.04%    passed    100.00%
  27  Fatt_CASQ1           11.06%    passed    100.00%
  28  Ggri_CASQ1            4.77%    passed    100.00%
  29  Gmac39091_CASQ1       4.77%    passed    100.00%
  30  Gmel_CASQ1            0.00%    passed    100.00%
  31  Hamp_CASQ1           18.34%    passed    100.00%
  32  Hippo_CASQ1           9.80%    passed    100.00%
  33  Hpla9120_CASQ1       68.59%    passed     96.78%
  34  Hsap_CASQ1            0.50%    passed     99.16%
  35  Igeo_CASQ1           32.16%    passed    100.00%
  36  Kbre_CASQ1           12.81%    passed    100.00%
  37  Ksim_CASQ1           17.34%    passed    100.00%
  38  Lacu_CASQ1           21.36%    passed    100.00%
  39  Lalb_CASQ1            8.79%    passed    100.00%
  40  Laus_CASQ1            6.28%    passed    100.00%
  41  Lbor_CASQ1           16.08%    passed    100.00%
  42  Lhos30470_CASQ1       8.79%    passed    100.00%
  43  Lhos452_CASQ1         0.00%    passed    100.00%
  44  Lobl_CASQ1            0.00%    passed    100.00%
  45  Lobs_CASQ1            4.77%    passed    100.00%
  46  LperAUS_CASQ1         6.53%    passed    100.00%
  47  Lvex_CASQ1            0.00%    passed    100.00%
  48  Mbid_CASQ1           26.13%    passed    100.00%
  49  Mbow_CASQ1           16.08%    passed    100.00%
  50  Mcar_CASQ1           18.34%    passed    100.00%
  51  Mden_CASQ1           18.84%    passed    100.00%
  52  Meur_CASQ1           12.56%    passed    100.00%
  53  Mgin_CASQ1           12.06%    passed    100.00%
  54  MgraAUS_CASQ1        58.54%    passed     98.52%
  55  Mhec_CASQ1           29.65%    passed    100.00%
  56  MlayAUS_CASQ1        16.08%    passed    100.00%
  57  Mmir_CASQ1           21.36%    passed    100.00%
  58  Mmon_CASQ1            0.00%    passed    100.00%
  59  Mmus_CASQ1            0.00%    passed     96.12%
  60  Mper_CASQ1           18.34%    passed    100.00%
  61  Mpni_CASQ1           16.08%    passed    100.00%
  62  Mste_CASQ1           17.59%    passed    100.00%
  63  Naasi_CASQ1           0.00%    passed    100.00%
  64  Npho_CASQ1           14.32%    passed    100.00%
  65  Oari_CASQ1            0.50%    passed    100.00%
  66  Obre_CASQ1            4.77%    passed    100.00%
  67  Ohei_CASQ1            4.02%    passed    100.00%
  68  Oorc_CASQ1            0.00%    passed    100.00%
  69  Ovtex_CASQ1           0.25%    passed    100.00%
  70  Pbla7349_CASQ1       21.36%    passed    100.00%
  71  Pcat_CASQ1            0.00%    passed    100.00%
  72  Pcra123188_CASQ1      4.77%    passed    100.00%
  73  Pdal_CASQ1           47.74%    passed    100.00%
  74  Pdio_CASQ1           15.08%    passed    100.00%
  75  Pele_CASQ1            6.28%    passed    100.00%
  76  Pleo_CASQ1            0.00%    failed      0.00%
  77  Pmac_CASQ1           12.56%    passed    100.00%
  78  Ppho_CASQ1           16.58%    passed    100.00%
  79  Psin_CASQ1            0.00%    passed    100.00%
  80  Pspi_CASQ1           25.88%    passed    100.00%
  81  Satt18473_CASQ1       0.00%    passed    100.00%
  82  Satt38219_CASQ1      10.30%    passed    100.00%
  83  Sbre116871_CASQ1      4.77%    passed    100.00%
  84  Sbre18437_CASQ1       0.00%    passed    100.00%
  85  Schi_CASQ1            0.00%    passed    100.00%
  86  Scly1724_CASQ1       61.06%    passed     99.35%
  87  Scly1726_CASQ1        0.00%    passed    100.00%
  88  Scoe_CASQ1           10.30%    passed    100.00%
  89  Sflu9837_CASQ1        4.77%    passed    100.00%
  90  Sfro7782_CASQ1       16.58%    passed    100.00%
  91  Sfro7784_CASQ1        4.77%    passed    100.00%
  92  Slon16012_CASQ1       4.77%    passed    100.00%
  93  Slon24923_CASQ1       4.77%    passed    100.00%
  94  Sscr_CASQ1            0.00%    passed    100.00%
  95  Tadu79924_CASQ1      15.83%    passed    100.00%
  96  Tshe_CASQ1           12.06%    passed    100.00%
  97  Ttru_CASQ1            0.00%    passed    100.00%
  98  Zcav_CASQ1           13.82%    passed    100.00%
WARNING: 3 sequences contain more than 50% gaps/ambiguity
****  TOTAL                11.54%  2 sequences failed composition chi2 test (p-value<5%; df=60)
NOTE: Scly1726_CASQ1 is identical to Ddeltrop4525_CASQ1 but kept for subsequent analysis
NOTE: Scoe_CASQ1 is identical to Satt38219_CASQ1 but kept for subsequent analysis
NOTE: Slon24923_CASQ1 is identical to Sfro7784_CASQ1 but kept for subsequent analysis
Checking for duplicate sequences: done in 0.0049876 secs using 93.93% CPU
Identifying sites to remove: done in 0.00429861 secs using 65.7% CPU
NOTE: 1 identical sequences (see below) will be ignored for subsequent analysis
NOTE: Ttru_CASQ1 (identical to Ddeltrop4525_CASQ1) is ignored but added at the end
Alignment was printed to CASQ1.uniqueseq.phy

For your convenience alignment with unique sequences printed to CASQ1.uniqueseq.phy

Creating fast initial parsimony tree by random order stepwise addition...
0.067 seconds, parsimony score: 731 (based on 280 sites)
Perform fast likelihood tree search using GY+F3X4+I+G model...
Estimate model parameters (epsilon = 5.000)
Perform nearest neighbor interchange...
Optimizing NNI: done in 29.3006 secs using 340.5% CPU
Estimate model parameters (epsilon = 1.000)
1. Initial log-likelihood: -5589.743
2. Current log-likelihood: -5588.113
3. Current log-likelihood: -5587.105
Optimal log-likelihood: -5586.394
Nonsynonymous/synonymous ratio (omega): 0.121
Transition/transversion ratio (kappa): 3.366
Proportion of invariable sites: 0.042
Gamma shape alpha: 0.909
Parameters optimization took 3 rounds (85.352 sec)
Time for fast ML tree search: 182.562 seconds

NOTE: ModelFinder requires 80 MB RAM!
ModelFinder will test up to 60 codon models (sample size: 398) ...
 No. Model         -LnL         df  AIC          AICc         BIC
  1  GY+F3X4       5705.680     202 11815.360    12235.935    12620.624
  2  GY+F3X4+I     5632.726     203 11671.453    12098.381    12480.703
  3  GY+F3X4+G4    5563.852     203 11533.705    11960.632    12342.954
  4  GY+F3X4+I+G4  5562.657     204 11533.313    11966.681    12346.549
  7  GY+F1X4+G4    5677.764     197 11749.528    12139.588    12534.859
  8  GY+F1X4+I+G4  5677.440     198 11750.879    12146.879    12540.197
 11  GY+F+G4       5543.635     254 11595.269    12501.144    12607.828
 12  GY+F+I+G4     5541.526     255 11593.052    12512.488    12609.597
 15  MGK+F3X4+G4   5516.620     203 11439.241    11866.169    12248.490
 16  MGK+F3X4+I+G4 5516.806     204 11441.612    11874.980    12254.848
 19  MGK+F1X4+G4   5673.703     197 11741.406    12131.466    12526.737
 20  MGK+F1X4+I+G4 5673.557     198 11743.114    12139.114    12532.431
 23  MG+F3X4+G4    5516.620     202 11437.241    11857.815    12242.504
 24  MG+F3X4+I+G4  5516.806     203 11439.612    11866.540    12248.862
 27  MG+F1X4+G4    5674.111     196 11740.222    12124.421    12521.567
 28  MG+F1X4+I+G4  5673.963     197 11741.926    12131.986    12527.257
 31  KOSI07+F3X4+G4 5702.352     201 11806.704    12221.010    12607.981
 32  KOSI07+F3X4+I+G4 5699.975     202 11803.951    12224.525    12609.214
 35  KOSI07+F1X4+G4 5874.389     195 12138.778    12517.194    12916.136
 36  KOSI07+F1X4+I+G4 5869.164     196 12130.328    12514.527    12911.672
 39  KOSI07+F+G4   5673.433     252 11850.865    12730.258    12855.451
 40  KOSI07+F+I+G4 5670.551     253 11847.102    12739.630    12855.675
 43  KOSI07+FU+G4  5738.825     192 11861.650    12223.172    12627.049
 44  KOSI07+FU+I+G4 5738.369     193 11862.739    12229.817    12632.124
 47  SCHN05+F3X4+G4 5759.949     201 11921.898    12336.204    12723.174
 48  SCHN05+F3X4+I+G4 5756.897     202 11917.793    12338.368    12723.057
 51  SCHN05+F1X4+G4 5924.486     195 12238.972    12617.388    13016.330
 52  SCHN05+F1X4+I+G4 5919.320     196 12230.640    12614.839    13011.984
 55  SCHN05+F+G4   5714.755     252 11933.510    12812.903    12938.096
 56  SCHN05+F+I+G4 5711.613     253 11929.227    12821.755    12937.799
 59  SCHN05+FU+G4  5752.020     192 11888.039    12249.561    12653.438
 60  SCHN05+FU+I+G4 5751.005     193 11888.010    12255.089    12657.396
Akaike Information Criterion:           MG+F3X4+G4
Corrected Akaike Information Criterion: MG+F3X4+G4
Bayesian Information Criterion:         MG+F3X4+G4
Best-fit model: MG+F3X4+G4 chosen according to BIC

All model information printed to CASQ1.model.gz
CPU time for ModelFinder: 5556.443 seconds (1h:32m:36s)
Wall-clock time for ModelFinder: 1587.323 seconds (0h:26m:27s)
WARNING: States(s) CGC, TGC, TGT rarely appear in alignment and may cause numerical problems

NOTE: 80 MB RAM (0 GB) is required!
Estimate model parameters (epsilon = 0.100)
1. Initial log-likelihood: -5516.620
Optimal log-likelihood: -5516.620
Nonsynonymous/synonymous ratio (omega): 0.121
Transition/transversion ratio (kappa): 3.824
Gamma shape alpha: 1.079
Parameters optimization took 1 rounds (13.474 sec)
Wrote distance file to... 
Computing ML distances based on estimated model parameters...
Calculating distance matrix: done in 34.0473 secs using 382.2% CPU
Computing ML distances took 34.050011 sec (of wall-clock time) 130.126285 sec (of CPU time)
Setting up auxiliary I and S matrices: done in 0.00472984 secs using 155% CPU
Constructing RapidNJ tree: done in 0.297722 secs using 86.16% CPU
Computing RapidNJ tree took 0.304722 sec (of wall-clock time) 0.264533 sec (of CPU time)
Log-likelihood of RapidNJ tree: -5581.026
--------------------------------------------------------------------
|             INITIALIZING CANDIDATE TREE SET                      |
--------------------------------------------------------------------
Generating 98 parsimony trees... 2.133 second
Computing log-likelihood of 98 initial trees ... 331.058 seconds
Current best score: -5516.620

Do NNI search on 20 best initial trees
Optimizing NNI: done in 12.9825 secs using 340.7% CPU
Estimate model parameters (epsilon = 0.100)
BETTER TREE FOUND at iteration 1: -5516.620
Optimizing NNI: done in 18.0332 secs using 341.3% CPU
Estimate model parameters (epsilon = 0.100)
BETTER TREE FOUND at iteration 2: -5513.299
Optimizing NNI: done in 23.6677 secs using 341.4% CPU
Optimizing NNI: done in 21.5683 secs using 340.8% CPU
Optimizing NNI: done in 21.4879 secs using 340.8% CPU
Optimizing NNI: done in 13.0586 secs using 341.7% CPU
Optimizing NNI: done in 21.2618 secs using 342.2% CPU
Optimizing NNI: done in 20.2907 secs using 342.7% CPU
Optimizing NNI: done in 17.7762 secs using 339.6% CPU
Optimizing NNI: done in 20.5423 secs using 336.6% CPU
Iteration 10 / LogL: -5516.515 / Time: 0h:10m:10s
Optimizing NNI: done in 21.2102 secs using 339.8% CPU
Optimizing NNI: done in 25.0157 secs using 340.8% CPU
Optimizing NNI: done in 22.9231 secs using 339.7% CPU
Optimizing NNI: done in 16.6899 secs using 340.7% CPU
Optimizing NNI: done in 20.7761 secs using 336.6% CPU
Optimizing NNI: done in 24.3787 secs using 338.9% CPU
Optimizing NNI: done in 32.5449 secs using 340.1% CPU
Optimizing NNI: done in 16.1937 secs using 340.2% CPU
Optimizing NNI: done in 17.9029 secs using 342% CPU
Optimizing NNI: done in 23.0382 secs using 342.5% CPU
Iteration 20 / LogL: -5527.868 / Time: 0h:13m:56s
Finish initializing candidate tree set (20)
Current best tree score: -5513.299 / CPU time: 785.082
Number of iterations: 20
--------------------------------------------------------------------
|               OPTIMIZING CANDIDATE TREE SET                      |
--------------------------------------------------------------------
Optimizing NNI: done in 34.0366 secs using 342.6% CPU
Optimizing NNI: done in 32.2286 secs using 342.7% CPU
Optimizing NNI: done in 56.0546 secs using 340.9% CPU
Optimizing NNI: done in 31.6212 secs using 342.2% CPU
Optimizing NNI: done in 38.2353 secs using 340.3% CPU
Optimizing NNI: done in 47.3208 secs using 342% CPU
Optimizing NNI: done in 41.2725 secs using 341.4% CPU
Optimizing NNI: done in 29.3827 secs using 341.2% CPU
Optimizing NNI: done in 51.2886 secs using 341.6% CPU
Optimizing NNI: done in 29.4116 secs using 338.1% CPU
Iteration 30 / LogL: -5765.942 / Time: 0h:20m:33s (0h:51m:1s left)
Optimizing NNI: done in 28.1156 secs using 341.5% CPU
Optimizing NNI: done in 42.1892 secs using 341.9% CPU
Optimizing NNI: done in 42.7123 secs using 343% CPU
Optimizing NNI: done in 27.2875 secs using 340.1% CPU
Optimizing NNI: done in 27.1691 secs using 341.3% CPU
Optimizing NNI: done in 47.4072 secs using 341.7% CPU
Optimizing NNI: done in 32.7065 secs using 341.2% CPU
Optimizing NNI: done in 32.7015 secs using 341.8% CPU
Optimizing NNI: done in 24.5731 secs using 339.7% CPU
Optimizing NNI: done in 39.7169 secs using 342.1% CPU
Iteration 40 / LogL: -5796.795 / Time: 0h:26m:23s (0h:41m:57s left)
Optimizing NNI: done in 45.7341 secs using 343.1% CPU
Optimizing NNI: done in 39.6062 secs using 340.5% CPU
Optimizing NNI: done in 47.2435 secs using 341.7% CPU
Optimizing NNI: done in 29.2923 secs using 343% CPU
Optimizing NNI: done in 40.4584 secs using 341.1% CPU
Optimizing NNI: done in 24.4654 secs using 339.6% CPU
Optimizing NNI: done in 27.0531 secs using 341.1% CPU
Optimizing NNI: done in 41.7444 secs using 342.7% CPU
Optimizing NNI: done in 28.3635 secs using 341.8% CPU
Optimizing NNI: done in 38.6666 secs using 341.8% CPU
Iteration 50 / LogL: -5687.665 / Time: 0h:32m:31s (0h:34m:31s left)
Optimizing NNI: done in 28.1524 secs using 343.5% CPU
Optimizing NNI: done in 32.1075 secs using 341.5% CPU
Optimizing NNI: done in 49.0818 secs using 340.8% CPU
Optimizing NNI: done in 36.5937 secs using 340.6% CPU
Optimizing NNI: done in 50.3863 secs using 342% CPU
Optimizing NNI: done in 27.8624 secs using 342.5% CPU
Optimizing NNI: done in 45.3757 secs using 342.1% CPU
Optimizing NNI: done in 32.6334 secs using 340.2% CPU
Optimizing NNI: done in 53.4123 secs using 342.3% CPU
Optimizing NNI: done in 36.0657 secs using 340.4% CPU
Iteration 60 / LogL: -5697.967 / Time: 0h:39m:9s (0h:27m:52s left)
Optimizing NNI: done in 29.194 secs using 340.9% CPU
Optimizing NNI: done in 32.418 secs using 341.5% CPU
Optimizing NNI: done in 53.7391 secs using 340.9% CPU
Optimizing NNI: done in 40.715 secs using 339.3% CPU
Optimizing NNI: done in 33.3163 secs using 341% CPU
Optimizing NNI: done in 40.7165 secs using 341.3% CPU
Optimizing NNI: done in 26.0409 secs using 340.8% CPU
Optimizing NNI: done in 42.5116 secs using 342.3% CPU
Optimizing NNI: done in 27.8794 secs using 340.3% CPU
Optimizing NNI: done in 30.9424 secs using 343.6% CPU
Iteration 70 / LogL: -5713.918 / Time: 0h:45m:12s (0h:20m:57s left)
Optimizing NNI: done in 28.8967 secs using 343.3% CPU
Optimizing NNI: done in 27.6516 secs using 342.1% CPU
Optimizing NNI: done in 46.3274 secs using 342.1% CPU
Optimizing NNI: done in 35.8723 secs using 340.9% CPU
Optimizing NNI: done in 37.7306 secs using 341.6% CPU
Optimizing NNI: done in 38.6848 secs using 344% CPU
Optimizing NNI: done in 22.2427 secs using 342.8% CPU
Optimizing NNI: done in 40.2018 secs using 341.4% CPU
Optimizing NNI: done in 45.4413 secs using 341.1% CPU
Optimizing NNI: done in 27.2862 secs using 341.6% CPU
Iteration 80 / LogL: -5665.050 / Time: 0h:51m:8s (0h:14m:14s left)
Optimizing NNI: done in 26.225 secs using 341.8% CPU
Optimizing NNI: done in 30.6169 secs using 342.7% CPU
Optimizing NNI: done in 31.948 secs using 342.4% CPU
Optimizing NNI: done in 44.5209 secs using 341.5% CPU
Optimizing NNI: done in 30.6852 secs using 339.8% CPU
Optimizing NNI: done in 35.6973 secs using 339.5% CPU
Optimizing NNI: done in 37.3671 secs using 341.8% CPU
Optimizing NNI: done in 29.6309 secs using 342.3% CPU
Optimizing NNI: done in 40.7833 secs using 342.1% CPU
Optimizing NNI: done in 43.1932 secs using 340.8% CPU
Iteration 90 / LogL: -5769.177 / Time: 0h:57m:4s (0h:7m:41s left)
Optimizing NNI: done in 43.8129 secs using 340.5% CPU
Optimizing NNI: done in 38.6272 secs using 341.8% CPU
Optimizing NNI: done in 37.215 secs using 341.8% CPU
Optimizing NNI: done in 43.1913 secs using 341.1% CPU
Optimizing NNI: done in 43.0812 secs using 342.8% CPU
Optimizing NNI: done in 30.1262 secs using 339.7% CPU
Optimizing NNI: done in 37.9462 secs using 341.4% CPU
Optimizing NNI: done in 34.9227 secs using 341.8% CPU
Optimizing NNI: done in 36.1453 secs using 342.8% CPU
Optimizing NNI: done in 54.4516 secs using 341.2% CPU
Iteration 100 / LogL: -5763.882 / Time: 1h:3m:50s (0h:1m:17s left)
Optimizing NNI: done in 40.5594 secs using 341.6% CPU
Optimizing NNI: done in 38.6467 secs using 342.6% CPU
Optimizing NNI: done in 35.9956 secs using 340.9% CPU
TREE SEARCH COMPLETED AFTER 103 ITERATIONS / Time: 1h:5m:47s

--------------------------------------------------------------------
|                    FINALIZING TREE SEARCH                        |
--------------------------------------------------------------------
Performs final model parameters optimization
Estimate model parameters (epsilon = 0.010)
1. Initial log-likelihood: -5513.299
Optimal log-likelihood: -5513.299
Nonsynonymous/synonymous ratio (omega): 0.123
Transition/transversion ratio (kappa): 3.824
Gamma shape alpha: 1.075
Parameters optimization took 1 rounds (14.015 sec)
BEST SCORE FOUND : -5513.299
Total tree length: 1.937

Total number of iterations: 103
CPU time used for tree search: 13304.165 sec (3h:41m:44s)
Wall-clock time used for tree search: 3895.234 sec (1h:4m:55s)
Total CPU time used: 13543.394 sec (3h:45m:43s)
Total wall-clock time used: 3961.031 sec (1h:6m:1s)

Analysis results written to: 
  IQ-TREE report:                CASQ1.iqtree
  Maximum-likelihood tree:       CASQ1.treefile
  Likelihood distances:          CASQ1.mldist
  Screen log file:               CASQ1.log

Date and Time: Thu Nov 23 11:50:55 2023
