IQ-TREE multicore version 2.2.0-beta COVID-edition for Linux 64-bit built Dec 21 2021 built Dec 21 2021
Developed by Bui Quang Minh, James Barbetti, Nguyen Lam Tung,
Olga Chernomor, Heiko Schmidt, Dominik Schrempf, Michael Woodhams, Ly Trong Nhan.

Host:    awarnach (SSE3, 15 GB RAM)
Command: iqtree -s codon_alignments_edited/FOXP2_codon_aligned.phy -st CODON -m TEST -o Mmus_FOXP2 -pre FOXP2 -nt 4
Seed:    564611 (Using SPRNG - Scalable Parallel Random Number Generator)
Time:    Thu Nov 23 08:34:52 2023
Kernel:  SSE2 - 4 threads (4 CPU cores detected)

Reading alignment file codon_alignments_edited/FOXP2_codon_aligned.phy ... Phylip format detected
Alignment most likely contains DNA/RNA sequences
Converting to codon sequences with genetic code  ...
Constructing alignment: done in 0.00475254 secs using 22.09% CPU
Alignment has 98 sequences with 510 columns, 432 distinct patterns
118 parsimony-informative, 105 singleton sites, 287 constant sites
                    Gap/Ambiguity  Composition  p-value
Analyzing sequences: done in 0.000271447 secs using 88.42% CPU
   1  Bacu_FOXP2            0.00%    passed    100.00%
   2  Barn_FOXP2           25.49%    passed    100.00%
   3  Bbai76728_FOXP2      16.86%    passed    100.00%
   4  BbonAUS_FOXP2         9.80%    passed    100.00%
   5  Bbor_FOXP2            5.10%    passed    100.00%
   6  Bede66737_FOXP2       5.10%    passed    100.00%
   7  BedeAUS_FOXP2         5.10%    passed    100.00%
   8  Bmus_FOXP2            0.00%    passed    100.00%
   9  Bmys_FOXP2           14.51%    passed    100.00%
  10  Bphy_FOXP2           15.69%    passed    100.00%
  11  Bphy_baits_FOXP2      9.80%    passed    100.00%
  12  Btau_FOXP2            0.00%    passed    100.00%
  13  Ccom40_FOXP2         22.55%    passed    100.00%
  14  Chea7320_FOXP2        9.80%    passed    100.00%
  15  Clfam_FOXP2           0.00%    passed    100.00%
  16  Cmar59905_FOXP2       9.80%    passed    100.00%
  17  Dcap108471_FOXP2      5.10%    passed    100.00%
  18  Dcap79929_FOXP2      10.78%    passed    100.00%
  19  DdelSJR_FOXP2         5.10%    passed    100.00%
  20  Ddeltrop4525_FOXP2    5.10%    passed    100.00%
  21  Dleu_FOXP2            0.00%    passed    100.00%
  22  EausAUS_FOXP2         5.10%    passed    100.00%
  23  Ecab_FOXP2            0.00%    passed    100.00%
  24  Egla13086_FOXP2       5.10%    passed    100.00%
  25  Ejap43864_FOXP2       5.10%    passed    100.00%
  26  Erob133443_FOXP2     10.20%    passed    100.00%
  27  Fatt_FOXP2            5.10%    passed    100.00%
  28  Ggri_FOXP2            5.10%    passed    100.00%
  29  Gmac39091_FOXP2       5.10%    passed    100.00%
  30  Gmel_FOXP2            0.00%    passed    100.00%
  31  Hamp_FOXP2            0.00%    passed    100.00%
  32  Hippo_FOXP2           5.49%    passed    100.00%
  33  Hpla9120_FOXP2       90.78%    passed      6.60%
  34  Hsap_FOXP2            0.00%    passed     94.37%
  35  Igeo_FOXP2           38.63%    passed    100.00%
  36  Kbre_FOXP2            5.10%    passed    100.00%
  37  Ksim_FOXP2           20.39%    passed    100.00%
  38  Lacu_FOXP2            5.10%    passed    100.00%
  39  Lalb_FOXP2            5.10%    passed    100.00%
  40  Laus_FOXP2            5.10%    passed    100.00%
  41  Lbor_FOXP2           11.96%    passed    100.00%
  42  Lhos30470_FOXP2      16.47%    passed    100.00%
  43  Lhos452_FOXP2         9.80%    passed    100.00%
  44  Lobl_FOXP2            0.00%    passed    100.00%
  45  Lobs_FOXP2           10.98%    passed    100.00%
  46  LperAUS_FOXP2         5.10%    passed    100.00%
  47  Lvex_FOXP2           25.10%    passed    100.00%
  48  Mbid_FOXP2           29.80%    passed    100.00%
  49  Mbow_FOXP2            5.10%    passed    100.00%
  50  Mcar_FOXP2            5.10%    passed    100.00%
  51  Mden_FOXP2           36.27%    passed    100.00%
  52  Meur_FOXP2           10.98%    passed    100.00%
  53  Mgin_FOXP2            5.10%    passed    100.00%
  54  MgraAUS_FOXP2        46.08%    passed     99.37%
  55  Mhec_FOXP2            9.80%    passed    100.00%
  56  MlayAUS_FOXP2         5.10%    passed    100.00%
  57  Mmir_FOXP2           23.92%    passed    100.00%
  58  Mmon_FOXP2            0.00%    passed    100.00%
  59  Mmus_FOXP2            0.00%    passed     99.76%
  60  Mper_FOXP2            5.10%    passed    100.00%
  61  Mpni_FOXP2            6.27%    passed    100.00%
  62  Mste_FOXP2            9.80%    passed    100.00%
  63  Naasi_FOXP2           0.00%    passed    100.00%
  64  Npho_FOXP2            5.10%    passed    100.00%
  65  Oari_FOXP2            0.00%    passed    100.00%
  66  Obre_FOXP2            5.10%    passed    100.00%
  67  Ohei_FOXP2            5.10%    passed    100.00%
  68  Oorc_FOXP2            0.00%    passed    100.00%
  69  Ovtex_FOXP2           0.00%    passed    100.00%
  70  Pbla7349_FOXP2       11.37%    passed    100.00%
  71  Pcat_FOXP2            0.00%    passed    100.00%
  72  Pcra123188_FOXP2      9.80%    passed    100.00%
  73  Pdal_FOXP2           52.55%    passed     99.15%
  74  Pdio_FOXP2            5.10%    passed    100.00%
  75  Pele_FOXP2            5.10%    passed    100.00%
  76  Pleo_FOXP2            0.00%    passed    100.00%
  77  Pmac_FOXP2            5.29%    passed    100.00%
  78  Ppho_FOXP2            5.10%    passed    100.00%
  79  Psin_FOXP2            0.00%    passed    100.00%
  80  Pspi_FOXP2           45.49%    passed     99.97%
  81  Satt18473_FOXP2       9.80%    passed    100.00%
  82  Satt38219_FOXP2      15.88%    passed    100.00%
  83  Sbre116871_FOXP2      5.10%    passed    100.00%
  84  Sbre18437_FOXP2       5.10%    passed    100.00%
  85  Schi_FOXP2            9.80%    passed    100.00%
  86  Scly1724_FOXP2       57.84%    passed     57.66%
  87  Scly1726_FOXP2        5.10%    passed    100.00%
  88  Scoe_FOXP2            5.10%    passed    100.00%
  89  Sflu9837_FOXP2        5.10%    passed    100.00%
  90  Sfro7782_FOXP2       15.69%    passed    100.00%
  91  Sfro7784_FOXP2        5.10%    passed    100.00%
  92  Slon16012_FOXP2       5.10%    passed    100.00%
  93  Slon24923_FOXP2       5.10%    passed    100.00%
  94  Sscr_FOXP2            0.00%    passed    100.00%
  95  Tadu79924_FOXP2       5.10%    passed    100.00%
  96  Tshe_FOXP2            5.10%    passed    100.00%
  97  Ttru_FOXP2            0.00%    passed    100.00%
  98  Zcav_FOXP2            9.80%    passed    100.00%
WARNING: 3 sequences contain more than 50% gaps/ambiguity
****  TOTAL                10.15%  0 sequences failed composition chi2 test (p-value<5%; df=60)
NOTE: BedeAUS_FOXP2 is identical to Bede66737_FOXP2 but kept for subsequent analysis
NOTE: Schi_FOXP2 is identical to Chea7320_FOXP2 but kept for subsequent analysis
NOTE: DdelSJR_FOXP2 is identical to Dcap108471_FOXP2 but kept for subsequent analysis
NOTE: Egla13086_FOXP2 is identical to EausAUS_FOXP2 but kept for subsequent analysis
NOTE: Gmac39091_FOXP2 is identical to Fatt_FOXP2 but kept for subsequent analysis
NOTE: Lobl_FOXP2 is identical to Gmel_FOXP2 but kept for subsequent analysis
NOTE: MlayAUS_FOXP2 is identical to Mbow_FOXP2 but kept for subsequent analysis
NOTE: Mste_FOXP2 is identical to Mhec_FOXP2 but kept for subsequent analysis
NOTE: Psin_FOXP2 is identical to Naasi_FOXP2 but kept for subsequent analysis
NOTE: Pdio_FOXP2 is identical to Npho_FOXP2 but kept for subsequent analysis
NOTE: Sbre18437_FOXP2 is identical to Sbre116871_FOXP2 but kept for subsequent analysis
NOTE: Slon16012_FOXP2 is identical to Scly1726_FOXP2 but kept for subsequent analysis
Checking for duplicate sequences: done in 0.011294 secs using 28.16% CPU
Identifying sites to remove: done in 0.00528789 secs
NOTE: 10 identical sequences (see below) will be ignored for subsequent analysis
NOTE: Ddeltrop4525_FOXP2 (identical to Dcap108471_FOXP2) is ignored but added at the end
NOTE: Ejap43864_FOXP2 (identical to EausAUS_FOXP2) is ignored but added at the end
NOTE: Lacu_FOXP2 (identical to Fatt_FOXP2) is ignored but added at the end
NOTE: Lalb_FOXP2 (identical to Fatt_FOXP2) is ignored but added at the end
NOTE: LperAUS_FOXP2 (identical to Fatt_FOXP2) is ignored but added at the end
NOTE: Ohei_FOXP2 (identical to Fatt_FOXP2) is ignored but added at the end
NOTE: Pele_FOXP2 (identical to Fatt_FOXP2) is ignored but added at the end
NOTE: Scoe_FOXP2 (identical to Fatt_FOXP2) is ignored but added at the end
NOTE: Slon24923_FOXP2 (identical to Scly1726_FOXP2) is ignored but added at the end
NOTE: Tadu79924_FOXP2 (identical to Scly1726_FOXP2) is ignored but added at the end
Alignment was printed to FOXP2.uniqueseq.phy

For your convenience alignment with unique sequences printed to FOXP2.uniqueseq.phy

Creating fast initial parsimony tree by random order stepwise addition...
0.040 seconds, parsimony score: 386 (based on 223 sites)
Perform fast likelihood tree search using GY+F3X4+I+G model...
Estimate model parameters (epsilon = 5.000)
Perform nearest neighbor interchange...
Optimizing NNI: done in 25.5744 secs using 340.3% CPU
Estimate model parameters (epsilon = 1.000)
1. Initial log-likelihood: -4099.384
Optimal log-likelihood: -4099.179
Nonsynonymous/synonymous ratio (omega): 0.025
Transition/transversion ratio (kappa): 3.721
Proportion of invariable sites: 0.209
Gamma shape alpha: 1.532
Parameters optimization took 1 rounds (29.398 sec)
Time for fast ML tree search: 276.769 seconds

NOTE: ModelFinder requires 81 MB RAM!
ModelFinder will test up to 60 codon models (sample size: 510) ...
 No. Model         -LnL         df  AIC          AICc         BIC
  1  GY+F3X4       4133.021     184 8634.042     8843.519     9413.174
  2  GY+F3X4+I     4098.095     185 8566.191     8778.598     9349.556
  3  GY+F3X4+G4    4092.038     185 8554.076     8766.483     9337.442
  4  GY+F3X4+I+G4  4092.147     186 8556.293     8771.661     9343.893
  7  GY+F1X4+G4    4105.432     179 8568.864     8764.137     9326.824
  8  GY+F1X4+I+G4  4105.683     180 8571.365     8769.420     9333.559
 11  GY+F+G4       4050.045     236 8572.089     8981.847     9571.410
 12  GY+F+I+G4     4049.782     237 8573.564     8988.314     9577.120
 15  MGK+F3X4+G4   4093.905     185 8557.810     8770.218     9341.176
 16  MGK+F3X4+I+G4 4094.266     186 8560.532     8775.900     9348.132
 19  MGK+F1X4+G4   4104.138     179 8566.275     8761.548     9324.235
 20  MGK+F1X4+I+G4 4104.442     180 8568.883     8766.938     9331.077
 23  MG+F3X4+G4    4093.913     184 8555.825     8765.302     9334.957
 24  MG+F3X4+I+G4  4094.273     185 8558.547     8770.954     9341.913
 27  MG+F1X4+G4    4104.138     178 8564.275     8756.795     9318.000
 28  MG+F1X4+I+G4  4104.442     179 8566.884     8762.157     9324.844
 31  KOSI07+F3X4+G4 4163.391     183 8692.781     8899.358     9467.678
 32  KOSI07+F3X4+I+G4 4163.022     184 8694.043     8903.520     9473.175
 35  KOSI07+F1X4+G4 4189.762     177 8733.524     8923.319     9483.015
 36  KOSI07+F1X4+I+G4 4186.385     178 8728.770     8921.290     9482.495
 39  KOSI07+F+G4   4126.623     234 8721.247     9121.174     9712.099
 40  KOSI07+F+I+G4 4124.611     235 8719.222     9124.039     9714.308
 43  KOSI07+FU+G4  4177.321     174 8702.642     8884.433     9439.429
 44  KOSI07+FU+I+G4 4177.540     175 8705.079     8889.511     9446.101
 47  SCHN05+F3X4+G4 4136.704     183 8639.409     8845.986     9414.306
 48  SCHN05+F3X4+I+G4 4135.825     184 8639.651     8849.128     9418.782
 51  SCHN05+F1X4+G4 4158.001     177 8670.001     8859.796     9419.492
 52  SCHN05+F1X4+I+G4 4154.911     178 8665.823     8858.342     9419.548
 55  SCHN05+F+G4   4079.534     234 8627.068     9026.995     9617.920
 56  SCHN05+F+I+G4 4078.638     235 8627.276     9032.093     9622.362
 59  SCHN05+FU+G4  4128.930     174 8605.859     8787.650     9342.647
 60  SCHN05+FU+I+G4 4128.996     175 8607.993     8792.424     9349.015
Akaike Information Criterion:           GY+F3X4+G4
Corrected Akaike Information Criterion: MG+F1X4+G4
Bayesian Information Criterion:         MG+F1X4+G4
Best-fit model: MG+F1X4+G4 chosen according to BIC

All model information printed to FOXP2.model.gz
CPU time for ModelFinder: 5424.344 seconds (1h:30m:24s)
Wall-clock time for ModelFinder: 1564.988 seconds (0h:26m:4s)

NOTE: 81 MB RAM (0 GB) is required!
Estimate model parameters (epsilon = 0.100)
1. Initial log-likelihood: -4104.138
Optimal log-likelihood: -4104.138
Nonsynonymous/synonymous ratio (omega): 0.024
Transition/transversion ratio (kappa): 4.030
Gamma shape alpha: 0.732
Parameters optimization took 1 rounds (14.767 sec)
Wrote distance file to... 
Computing ML distances based on estimated model parameters...
Calculating distance matrix: done in 28.0347 secs using 383.4% CPU
Computing ML distances took 28.037204 sec (of wall-clock time) 107.476908 sec (of CPU time)
Setting up auxiliary I and S matrices: done in 0.00514543 secs using 124.2% CPU
Constructing RapidNJ tree: done in 0.176154 secs using 64.9% CPU
Computing RapidNJ tree took 0.183467 sec (of wall-clock time) 0.121441 sec (of CPU time)
Log-likelihood of RapidNJ tree: -4184.927
--------------------------------------------------------------------
|             INITIALIZING CANDIDATE TREE SET                      |
--------------------------------------------------------------------
Generating 98 parsimony trees... 1.365 second
Computing log-likelihood of 98 initial trees ... 322.285 seconds
Current best score: -4095.712

Do NNI search on 20 best initial trees
Optimizing NNI: done in 16.2562 secs using 340.2% CPU
Estimate model parameters (epsilon = 0.100)
BETTER TREE FOUND at iteration 1: -4095.660
Optimizing NNI: done in 15.6462 secs using 342.1% CPU
Optimizing NNI: done in 15.839 secs using 341.5% CPU
Optimizing NNI: done in 15.9859 secs using 339.1% CPU
Optimizing NNI: done in 20.0503 secs using 344% CPU
Optimizing NNI: done in 16.1455 secs using 339.4% CPU
Optimizing NNI: done in 35.227 secs using 342.9% CPU
Optimizing NNI: done in 22.7596 secs using 340.1% CPU
Optimizing NNI: done in 36.4379 secs using 342.7% CPU
Optimizing NNI: done in 29.8874 secs using 340.6% CPU
Iteration 10 / LogL: -4103.134 / Time: 0h:10m:20s
Optimizing NNI: done in 30.2307 secs using 343% CPU
Optimizing NNI: done in 21.4616 secs using 340.5% CPU
Optimizing NNI: done in 30.3763 secs using 341.9% CPU
Optimizing NNI: done in 23.762 secs using 341.9% CPU
Optimizing NNI: done in 32.68 secs using 344.5% CPU
Optimizing NNI: done in 16.1467 secs using 346.5% CPU
Optimizing NNI: done in 27.9436 secs using 343.7% CPU
Optimizing NNI: done in 15.973 secs using 340% CPU
Optimizing NNI: done in 25.8452 secs using 341.1% CPU
Optimizing NNI: done in 38.8712 secs using 343.3% CPU
Iteration 20 / LogL: -4101.596 / Time: 0h:14m:49s
Finish initializing candidate tree set (20)
Current best tree score: -4095.660 / CPU time: 842.823
Number of iterations: 20
--------------------------------------------------------------------
|               OPTIMIZING CANDIDATE TREE SET                      |
--------------------------------------------------------------------
Optimizing NNI: done in 42.8346 secs using 343.9% CPU
Optimizing NNI: done in 44.3938 secs using 344.3% CPU
Optimizing NNI: done in 38.137 secs using 344% CPU
Optimizing NNI: done in 33.1239 secs using 344.2% CPU
Optimizing NNI: done in 44.6569 secs using 343% CPU
Optimizing NNI: done in 38.3205 secs using 343.1% CPU
Optimizing NNI: done in 51.0152 secs using 343.5% CPU
Optimizing NNI: done in 53.4898 secs using 343.9% CPU
Optimizing NNI: done in 46.1174 secs using 342% CPU
Optimizing NNI: done in 47.8247 secs using 344.7% CPU
Iteration 30 / LogL: -4163.617 / Time: 0h:22m:15s (0h:54m:28s left)
Optimizing NNI: done in 43.7342 secs using 344% CPU
Optimizing NNI: done in 37.0571 secs using 345.3% CPU
Optimizing NNI: done in 50.2702 secs using 344.2% CPU
Optimizing NNI: done in 50.4568 secs using 344.7% CPU
Optimizing NNI: done in 64.4577 secs using 344.6% CPU
Optimizing NNI: done in 44.0248 secs using 344.3% CPU
Optimizing NNI: done in 43.0394 secs using 343.9% CPU
Optimizing NNI: done in 40.7568 secs using 344.3% CPU
Optimizing NNI: done in 35.4118 secs using 342.7% CPU
Optimizing NNI: done in 57.6486 secs using 344.5% CPU
Iteration 40 / LogL: -4189.473 / Time: 0h:30m:8s (0h:47m:8s left)
Optimizing NNI: done in 47.7506 secs using 343.8% CPU
Optimizing NNI: done in 55.2011 secs using 344% CPU
Optimizing NNI: done in 54.3941 secs using 342.4% CPU
Optimizing NNI: done in 25.61 secs using 344.5% CPU
Optimizing NNI: done in 48.0152 secs using 345.9% CPU
Optimizing NNI: done in 56.2028 secs using 343.7% CPU
Optimizing NNI: done in 34.3219 secs using 345.3% CPU
Optimizing NNI: done in 24.9291 secs using 342.8% CPU
Optimizing NNI: done in 34.1552 secs using 344.8% CPU
Optimizing NNI: done in 49.9189 secs using 342.2% CPU
Iteration 50 / LogL: -4207.653 / Time: 0h:37m:24s (0h:38m:56s left)
Optimizing NNI: done in 40.1987 secs using 343.9% CPU
Optimizing NNI: done in 76.7621 secs using 342.5% CPU
Optimizing NNI: done in 24.2722 secs using 342.4% CPU
Optimizing NNI: done in 42.7738 secs using 342.7% CPU
Optimizing NNI: done in 67.3678 secs using 341.8% CPU
Optimizing NNI: done in 36.0245 secs using 344.1% CPU
Optimizing NNI: done in 44.2046 secs using 343.7% CPU
Optimizing NNI: done in 37.5991 secs using 343.9% CPU
Optimizing NNI: done in 33.6279 secs using 342.6% CPU
Optimizing NNI: done in 36.9862 secs using 344.4% CPU
Iteration 60 / LogL: -4191.179 / Time: 0h:44m:50s (0h:31m:9s left)
Optimizing NNI: done in 50.8675 secs using 342.8% CPU
Optimizing NNI: done in 45.148 secs using 343.7% CPU
Optimizing NNI: done in 37.9106 secs using 342.8% CPU
Optimizing NNI: done in 43.5082 secs using 342.6% CPU
Optimizing NNI: done in 43.4936 secs using 343.7% CPU
Optimizing NNI: done in 45.9653 secs using 343.4% CPU
Optimizing NNI: done in 52.7994 secs using 343.5% CPU
Optimizing NNI: done in 32.2627 secs using 343.5% CPU
Optimizing NNI: done in 60.076 secs using 343% CPU
Optimizing NNI: done in 38.0869 secs using 344.7% CPU
Iteration 70 / LogL: -4197.960 / Time: 0h:52m:26s (0h:23m:33s left)
Optimizing NNI: done in 51.4895 secs using 344.7% CPU
Optimizing NNI: done in 41.0004 secs using 343.8% CPU
Optimizing NNI: done in 44.4892 secs using 343.4% CPU
Optimizing NNI: done in 49.0265 secs using 342.9% CPU
Optimizing NNI: done in 42.5463 secs using 344.5% CPU
Optimizing NNI: done in 48.6446 secs using 345.6% CPU
Optimizing NNI: done in 50.5668 secs using 345.3% CPU
Optimizing NNI: done in 61.4494 secs using 342% CPU
Optimizing NNI: done in 45.2705 secs using 341.8% CPU
Optimizing NNI: done in 62.1283 secs using 345.8% CPU
Iteration 80 / LogL: -4174.839 / Time: 1h:0m:48s (0h:16m:9s left)
Optimizing NNI: done in 45.7044 secs using 342.3% CPU
Optimizing NNI: done in 43.3017 secs using 344.5% CPU
Optimizing NNI: done in 39.0474 secs using 344.7% CPU
Optimizing NNI: done in 43.0069 secs using 344.3% CPU
Optimizing NNI: done in 43.812 secs using 344.3% CPU
Optimizing NNI: done in 52.3853 secs using 345.6% CPU
Optimizing NNI: done in 48.4602 secs using 342.5% CPU
Optimizing NNI: done in 43.1255 secs using 343% CPU
Optimizing NNI: done in 48.2885 secs using 344.6% CPU
Optimizing NNI: done in 49.9952 secs using 340.4% CPU
Iteration 90 / LogL: -4214.204 / Time: 1h:8m:31s (0h:8m:28s left)
Optimizing NNI: done in 57.9682 secs using 343.3% CPU
Optimizing NNI: done in 35.4953 secs using 343.5% CPU
Optimizing NNI: done in 26.4248 secs using 345.2% CPU
Optimizing NNI: done in 38.8875 secs using 343.4% CPU
Optimizing NNI: done in 57.7069 secs using 340.8% CPU
Optimizing NNI: done in 35.7421 secs using 342.8% CPU
Optimizing NNI: done in 39.5248 secs using 341.8% CPU
Optimizing NNI: done in 37.3438 secs using 342.7% CPU
Optimizing NNI: done in 40.1074 secs using 342.2% CPU
Optimizing NNI: done in 63.2065 secs using 342.9% CPU
Iteration 100 / LogL: -4215.761 / Time: 1h:15m:50s (0h:0m:45s left)
Optimizing NNI: done in 45.5504 secs using 343.7% CPU
Optimizing NNI: done in 36.7424 secs using 343% CPU
TREE SEARCH COMPLETED AFTER 102 ITERATIONS / Time: 1h:17m:13s

--------------------------------------------------------------------
|                    FINALIZING TREE SEARCH                        |
--------------------------------------------------------------------
Performs final model parameters optimization
Estimate model parameters (epsilon = 0.010)
1. Initial log-likelihood: -4095.660
Optimal log-likelihood: -4095.660
Nonsynonymous/synonymous ratio (omega): 0.023
Transition/transversion ratio (kappa): 4.030
Gamma shape alpha: 0.755
Parameters optimization took 1 rounds (14.754 sec)
BEST SCORE FOUND : -4095.660
Total tree length: 0.803

Total number of iterations: 102
CPU time used for tree search: 15747.588 sec (4h:22m:27s)
Wall-clock time used for tree search: 4586.857 sec (1h:16m:26s)
Total CPU time used: 15969.519 sec (4h:26m:9s)
Total wall-clock time used: 4648.350 sec (1h:17m:28s)

Analysis results written to: 
  IQ-TREE report:                FOXP2.iqtree
  Maximum-likelihood tree:       FOXP2.treefile
  Likelihood distances:          FOXP2.mldist
  Screen log file:               FOXP2.log

Date and Time: Thu Nov 23 10:18:26 2023
