IQ-TREE multicore version 2.2.0-beta COVID-edition for Linux 64-bit built Dec 21 2021 built Dec 21 2021
Developed by Bui Quang Minh, James Barbetti, Nguyen Lam Tung,
Olga Chernomor, Heiko Schmidt, Dominik Schrempf, Michael Woodhams, Ly Trong Nhan.

Host:    awarnach14 (SSE3, 3 GB RAM)
Command: iqtree -s codon_alignments_v4_Jan24/CNTNAP2_codon_aligned.phy -m GTR+G4 -pre CNTNAP2_GTR -nt 4
Seed:    327991 (Using SPRNG - Scalable Parallel Random Number Generator)
Time:    Mon Jan 29 17:03:18 2024
Kernel:  SSE2 - 4 threads (4 CPU cores detected)

Reading alignment file codon_alignments_v4_Jan24/CNTNAP2_codon_aligned.phy ... Phylip format detected
Alignment most likely contains DNA/RNA sequences
Constructing alignment: done in 0.0167042 secs using 115.4% CPU
Alignment has 84 sequences with 3993 columns, 783 distinct patterns
283 parsimony-informative, 253 singleton sites, 3457 constant sites
                      Gap/Ambiguity  Composition  p-value
Analyzing sequences: done in 0.000305079 secs
   1  Bacu_CNTNAP2            3.98%    passed     98.90%
   2  Barn_CNTNAP2           48.01%    passed     69.98%
   3  Bbai76728_CNTNAP2      10.07%    passed     79.98%
   4  BbonAUS_CNTNAP2         6.09%    passed     87.76%
   5  Bbor_CNTNAP2            0.00%    passed     97.83%
   6  Bede66737_CNTNAP2       0.00%    passed     98.02%
   7  BedeAUS_CNTNAP2         5.86%    passed     98.19%
   8  Bmus_CNTNAP2            0.00%    passed     97.73%
   9  Bphy_baits_CNTNAP2      4.51%    passed     63.62%
  10  Ccom40_CNTNAP2          4.28%    passed     98.61%
  11  Chea7320_CNTNAP2        0.00%    passed     99.92%
  12  Cmar59905_CNTNAP2       3.61%    passed     83.25%
  13  Dcap108471_CNTNAP2      0.15%    passed     99.09%
  14  Dcap79929_CNTNAP2       3.76%    passed     89.41%
  15  DdelSJR_CNTNAP2         0.15%    passed     99.66%
  16  Ddeltrop4525_CNTNAP2    3.38%    passed     98.31%
  17  Dleu_CNTNAP2            0.00%    passed     99.23%
  18  EausAUS_CNTNAP2         0.08%    passed     97.89%
  19  Egla13086_CNTNAP2       0.08%    passed     98.12%
  20  Ejap43864_CNTNAP2       0.08%    passed     98.82%
  21  Erob133443_CNTNAP2      0.00%    passed     94.29%
  22  Fatt_CNTNAP2            0.00%    passed     98.30%
  23  Ggri_CNTNAP2            2.48%    passed     98.12%
  24  Gmac39091_CNTNAP2       0.00%    passed     98.71%
  25  Gmel_CNTNAP2            0.00%    passed     98.45%
  26  Hamp_CNTNAP2            0.15%    passed     99.85%
  27  Igeo_CNTNAP2           21.94%    passed     92.02%
  28  Kbre_CNTNAP2            0.08%    passed     90.25%
  29  Ksim_CNTNAP2            3.76%    passed     88.46%
  30  Lacu_CNTNAP2            0.45%    passed     99.80%
  31  Lalb_CNTNAP2            0.00%    passed     99.41%
  32  Laus_CNTNAP2            0.00%    passed     99.98%
  33  Lbor_CNTNAP2            6.61%    passed     86.93%
  34  Lhos30470_CNTNAP2       8.11%    passed     61.18%
  35  Lhos452_CNTNAP2         0.23%    passed     99.78%
  36  Lobl_CNTNAP2            0.00%    passed     99.75%
  37  Lobs_CNTNAP2            2.70%    passed     92.23%
  38  LperAUS_CNTNAP2         0.83%    passed     99.23%
  39  Mbid_CNTNAP2           34.71%    passed     14.97%
  40  Mbow_CNTNAP2            5.03%    passed     89.60%
  41  Mcar_CNTNAP2            2.48%    passed     97.24%
  42  Mden_CNTNAP2           26.15%    passed     49.36%
  43  Meur_CNTNAP2            5.86%    passed     96.32%
  44  Mgin_CNTNAP2            0.15%    passed     99.63%
  45  MgraAUS_CNTNAP2        34.03%    passed     24.47%
  46  Mhec_CNTNAP2           10.67%    passed     90.37%
  47  MlayAUS_CNTNAP2         2.18%    passed     99.72%
  48  Mmir_CNTNAP2           13.37%    passed     86.71%
  49  Mmon_CNTNAP2            0.00%    passed     95.13%
  50  Mper_CNTNAP2            2.63%    passed     96.20%
  51  Mpni_CNTNAP2            0.15%    passed     98.88%
  52  Mste_CNTNAP2            0.15%    passed     99.15%
  53  Naasi_CNTNAP2           0.00%    passed     99.42%
  54  Npho_CNTNAP2            6.76%    passed     98.47%
  55  Obre_CNTNAP2            0.00%    passed     99.62%
  56  Ohei_CNTNAP2            5.86%    passed     94.16%
  57  Oorc_CNTNAP2            0.00%    passed     99.91%
  58  Pbla7349_CNTNAP2        7.29%    passed     81.21%
  59  Pcat_CNTNAP2            1.58%    passed     99.91%
  60  Pcra123188_CNTNAP2      0.00%    passed     98.67%
  61  Pdal_CNTNAP2           51.92%    passed     19.70%
  62  Pdio_CNTNAP2            0.00%    passed     96.59%
  63  Pele_CNTNAP2            2.48%    passed     98.56%
  64  Pmac_CNTNAP2           30.50%    passed     77.20%
  65  Ppho_CNTNAP2            0.08%    passed     99.07%
  66  Psin_CASQ1              0.00%    passed     96.84%
  67  Pspi_CNTNAP2           16.60%    passed     98.56%
  68  Satt18473_CNTNAP2       0.15%    passed     99.26%
  69  Satt38219_CNTNAP2       6.69%    passed     96.50%
  70  Sbre116871_CNTNAP2      2.63%    passed     99.21%
  71  Sbre18437_CNTNAP2       2.63%    passed     99.13%
  72  Schi_CNTNAP2            0.15%    passed     99.70%
  73  Scly1724_CNTNAP2       32.98%    passed     64.15%
  74  Scly1726_CNTNAP2        0.15%    passed     99.32%
  75  Scoe_CNTNAP2            0.00%    passed     99.61%
  76  Sflu9837_CNTNAP2        0.00%    passed     99.53%
  77  Sfro7782_CNTNAP2        2.10%    passed     96.71%
  78  Sfro7784_CNTNAP2        0.15%    passed     98.76%
  79  Slon16012_CNTNAP2       0.15%    passed     98.12%
  80  Slon24923_CNTNAP2       2.63%    passed     98.14%
  81  Tadu79924_CNTNAP2       6.01%    passed     96.44%
  82  Tshe_CNTNAP2            2.48%    passed     92.21%
  83  Ttru_CNTNAP2            0.00%    passed     99.23%
  84  Zcav_CNTNAP2            5.79%    passed     87.52%
WARNING: 1 sequences contain more than 50% gaps/ambiguity
****  TOTAL                   5.56%  0 sequences failed composition chi2 test (p-value<5%; df=3)
Checking for duplicate sequences: done in 0.00107392 secs using 269.2% CPU

Create initial parsimony tree by phylogenetic likelihood library (PLL)... 0.003 seconds

NOTE: 8 MB RAM (0 GB) is required!
Estimate model parameters (epsilon = 0.100)
1. Initial log-likelihood: -22547.332
2. Current log-likelihood: -18901.560
3. Current log-likelihood: -18017.177
4. Current log-likelihood: -18008.199
5. Current log-likelihood: -18007.917
Optimal log-likelihood: -18007.904
Rate parameters:  A-C: 1.24154  A-G: 8.47869  A-T: 0.18010  C-G: 2.12072  C-T: 9.55683  G-T: 1.00000
Base frequencies:  A: 0.259  C: 0.264  G: 0.259  T: 0.218
Gamma shape alpha: 0.101
Parameters optimization took 5 rounds (1.712 sec)
Wrote distance file to... 
Computing ML distances based on estimated model parameters...
Calculating distance matrix: done in 0.0389241 secs using 400.3% CPU
Computing ML distances took 0.040593 sec (of wall-clock time) 0.161382 sec (of CPU time)
Setting up auxiliary I and S matrices: done in 0.00154439 secs using 135.9% CPU
Constructing RapidNJ tree: done in 0.0601195 secs using 51.1% CPU
Computing RapidNJ tree took 0.061855 sec (of wall-clock time) 0.033044 sec (of CPU time)
ERROR: Alignment sequence Bacu_CNTNAP2 does not appear in the tree
ERROR: Alignment sequence Barn_CNTNAP2 does not appear in the tree
ERROR: Alignment sequence Bbai76728_CNTNAP2 does not appear in the tree
ERROR: Alignment sequence BbonAUS_CNTNAP2 does not appear in the tree
ERROR: Alignment sequence Bbor_CNTNAP2 does not appear in the tree
ERROR: Alignment sequence Bede66737_CNTNAP2 does not appear in the tree
ERROR: Alignment sequence BedeAUS_CNTNAP2 does not appear in the tree
ERROR: Alignment sequence Bmus_CNTNAP2 does not appear in the tree
ERROR: Alignment sequence Bphy_baits_CNTNAP2 does not appear in the tree
ERROR: Alignment sequence Cmar59905_CNTNAP2 does not appear in the tree
ERROR: Alignment sequence Dleu_CNTNAP2 does not appear in the tree
ERROR: Alignment sequence EausAUS_CNTNAP2 does not appear in the tree
ERROR: Alignment sequence Egla13086_CNTNAP2 does not appear in the tree
ERROR: Alignment sequence Ejap43864_CNTNAP2 does not appear in the tree
ERROR: Alignment sequence Erob133443_CNTNAP2 does not appear in the tree
ERROR: Alignment sequence Hamp_CNTNAP2 does not appear in the tree
ERROR: Alignment sequence Igeo_CNTNAP2 does not appear in the tree
ERROR: Alignment sequence Kbre_CNTNAP2 does not appear in the tree
ERROR: Alignment sequence Ksim_CNTNAP2 does not appear in the tree
ERROR: Alignment sequence Lacu_CNTNAP2 does not appear in the tree
ERROR: Alignment sequence Mbid_CNTNAP2 does not appear in the tree
ERROR: Alignment sequence Mbow_CNTNAP2 does not appear in the tree
ERROR: Alignment sequence Mcar_CNTNAP2 does not appear in the tree
ERROR: Alignment sequence Mden_CNTNAP2 does not appear in the tree
ERROR: Alignment sequence Meur_CNTNAP2 does not appear in the tree
ERROR: Alignment sequence Mgin_CNTNAP2 does not appear in the tree
ERROR: Alignment sequence MgraAUS_CNTNAP2 does not appear in the tree
ERROR: Alignment sequence Mhec_CNTNAP2 does not appear in the tree
ERROR: Alignment sequence MlayAUS_CNTNAP2 does not appear in the tree
ERROR: Alignment sequence Mmir_CNTNAP2 does not appear in the tree
ERROR: Alignment sequence Mmon_CNTNAP2 does not appear in the tree
ERROR: Alignment sequence Mper_CNTNAP2 does not appear in the tree
ERROR: Alignment sequence Mpni_CNTNAP2 does not appear in the tree
ERROR: Alignment sequence Mste_CNTNAP2 does not appear in the tree
ERROR: Alignment sequence Naasi_CNTNAP2 does not appear in the tree
ERROR: Alignment sequence Npho_CNTNAP2 does not appear in the tree
ERROR: Alignment sequence Pbla7349_CNTNAP2 does not appear in the tree
ERROR: Alignment sequence Pcat_CNTNAP2 does not appear in the tree
ERROR: Alignment sequence Pdal_CNTNAP2 does not appear in the tree
ERROR: Alignment sequence Pdio_CNTNAP2 does not appear in the tree
ERROR: Alignment sequence Pmac_CNTNAP2 does not appear in the tree
ERROR: Alignment sequence Ppho_CNTNAP2 does not appear in the tree
ERROR: Alignment sequence Psin_CASQ1 does not appear in the tree
ERROR: Alignment sequence Pspi_CNTNAP2 does not appear in the tree
ERROR: Alignment sequence Tshe_CNTNAP2 does not appear in the tree
ERROR: Alignment sequence Zcav_CNTNAP2 does not appear in the tree
(Ohei_CNTNAP2,Obre_CNTNAP2,((((Sbre18437_CNTNAP2,Sbre116871_CNTNAP2),((Fatt_CNTNAP2,Pcra123188_CNTNAP2),((Gmac39091_CNTNAP2,Gmel_CNTNAP2),Pele_CNTNAP2))),Ggri_CNTNAP2),(Lalb_CNTNAP2,(Oorc_CNTNAP2,(((((Ttru_CNTNAP2,Lhos452_CNTNAP2),((Scly1724_CNTNAP2,Ddeltrop4525_CNTNAP2),(Slon16012_CNTNAP2,Slon24923_CNTNAP2))),(((Tadu79924_CNTNAP2,((Scly1726_CNTNAP2,Dcap79929_CNTNAP2),DdelSJR_CNTNAP2)),(Lhos30470_CNTNAP2,Dcap108471_CNTNAP2)),Scoe_CNTNAP2)),(Sflu9837_CNTNAP2,Schi_CNTNAP2)),((((Sfro7782_CNTNAP2,Sfro7784_CNTNAP2),Satt38219_CNTNAP2),Satt18473_CNTNAP2),(((Ccom40_CNTNAP2,Lbor_CNTNAP2),((Chea7320_CNTNAP2,(Lobs_CNTNAP2,Laus_CNTNAP2)),Lobl_CNTNAP2)),LperAUS_CNTNAP2)))))));
ERROR: Tree taxa and alignment sequence do not match (see above)
