IQ-TREE multicore version 2.2.0-beta COVID-edition for Linux 64-bit built Dec 21 2021 built Dec 21 2021
Developed by Bui Quang Minh, James Barbetti, Nguyen Lam Tung,
Olga Chernomor, Heiko Schmidt, Dominik Schrempf, Michael Woodhams, Ly Trong Nhan.

Host:    awarnach14 (SSE3, 3 GB RAM)
Command: iqtree -s codon_alignments_v4_Jan24/HTT_codon_aligned.phy -m GTR+G4 -pre HTT_GTR -nt 4
Seed:    361691 (Using SPRNG - Scalable Parallel Random Number Generator)
Time:    Mon Jan 29 16:50:48 2024
Kernel:  SSE2 - 4 threads (4 CPU cores detected)

Reading alignment file codon_alignments_v4_Jan24/HTT_codon_aligned.phy ... Fasta format detected
Reading fasta file: done in 0.0358939 secs using 97.07% CPU
Alignment most likely contains DNA/RNA sequences
Constructing alignment: done in 0.0461431 secs using 37.9% CPU
Alignment has 88 sequences with 9390 columns, 2619 distinct patterns
951 parsimony-informative, 961 singleton sites, 7478 constant sites
                  Gap/Ambiguity  Composition  p-value
Analyzing sequences: done in 0.00123931 secs using 99.41% CPU
   1  Bacu_HTT            0.06%    passed     40.34%
   2  Barn_HTT           54.31%    failed      0.15%
   3  Bbai76728_HTT      19.49%    passed     91.51%
   4  BbonAUS_HTT        18.91%    passed     89.10%
   5  Bbor_HTT           25.91%    passed     89.88%
   6  Bede66737_HTT      22.84%    passed     98.63%
   7  BedeAUS_HTT        25.11%    passed     97.07%
   8  Bmus_HTT            0.03%    passed     43.13%
   9  Bmys_HTT            2.68%    passed     64.67%
  10  Bphy_HTT           12.43%    passed     75.53%
  11  Bphy_baits_HTT     23.16%    passed     72.92%
  12  Ccom40_HTT         34.12%    failed      4.27%
  13  Chea7320_HTT       21.21%    passed     90.40%
  14  Cmar59905_HTT      21.85%    passed     90.70%
  15  Dcap108471_HTT     16.68%    passed     70.15%
  16  Dcap79929_HTT      16.45%    passed     82.41%
  17  DdelSJR_HTT        18.34%    passed     88.75%
  18  Ddeltrop4525_HTT   16.74%    passed     70.96%
  19  Dleu_HTT            0.26%    passed     74.44%
  20  EausAUS_HTT        21.34%    passed     80.61%
  21  Egla13086_HTT      11.34%    passed     79.17%
  22  Ejap43864_HTT      17.16%    passed     52.98%
  23  Erob133443_HTT     26.26%    passed     50.50%
  24  Fatt_HTT           18.59%    passed     91.83%
  25  Ggri_HTT           15.69%    passed     72.88%
  26  Gmac39091_HTT      18.18%    passed     87.50%
  27  Gmel_HTT            0.22%    passed     59.27%
  28  Hamp_HTT           18.91%    passed     91.35%
  29  Igeo_HTT           30.70%    passed     90.70%
  30  Kbre_HTT           15.11%    passed     83.24%
  31  Ksim_HTT           18.85%    passed     91.44%
  32  Lacu_HTT           21.09%    passed     92.19%
  33  Lalb_HTT           17.80%    passed     80.16%
  34  Laus_HTT           20.83%    passed     79.28%
  35  Lbor_HTT           28.08%    passed     36.27%
  36  Lhos30470_HTT      14.47%    passed     77.85%
  37  Lhos452_HTT        18.82%    passed     67.80%
  38  Lobl_HTT            0.22%    passed     62.41%
  39  Lobs_HTT           17.54%    passed     99.77%
  40  LperAUS_HTT        24.44%    passed     51.54%
  41  Lvex_HTT            0.86%    passed     77.29%
  42  Mbid_HTT           29.74%    passed     19.52%
  43  Mbow_HTT           22.88%    passed     71.31%
  44  Mcar_HTT           29.84%    passed     41.46%
  45  Mden_HTT           32.01%    passed      8.00%
  46  Meur_HTT           22.94%    passed     69.14%
  47  Mgin_HTT           21.47%    passed     95.34%
  48  MgraAUS_HTT        54.89%    failed      2.06%
  49  Mhec_HTT           27.80%    passed     33.82%
  50  MlayAUS_HTT        29.94%    passed     21.36%
  51  Mmir_HTT           28.98%    passed      6.96%
  52  Mmon_HTT            0.29%    passed     70.99%
  53  Mnov_HTT           17.92%    passed     70.44%
  54  Mper_HTT           20.45%    passed     78.59%
  55  Mpni_HTT           23.74%    passed     47.93%
  56  Mste_HTT           17.12%    passed     88.06%
  57  Naasi_HTT           0.84%    passed     63.41%
  58  Npho_HTT            4.19%    passed     84.14%
  59  Obre_HTT           19.49%    passed     95.03%
  60  Ohei_HTT           16.23%    passed     79.81%
  61  Oorc_HTT            0.26%    passed     65.26%
  62  Pbla7349_HTT       22.72%    passed     82.84%
  63  Pcra123188_HTT     23.58%    passed     66.87%
  64  Pdal_HTT           56.90%    passed     59.53%
  65  Pdio_HTT           16.07%    passed     96.57%
  66  Pele_HTT           21.12%    passed     87.35%
  67  Pcat_HTT            0.10%    passed     45.95%
  68  Pmac_HTT           58.31%    failed      2.87%
  69  Ppho_HTT           24.60%    passed     90.80%
  70  Psin_HTT            0.22%    passed     55.00%
  71  Pspi_HTT           33.61%    passed     35.51%
  72  Satt18473_HTT      18.08%    passed     97.17%
  73  Satt38219_HTT      30.64%    passed     64.38%
  74  Sbre116871_HTT     17.73%    passed     85.32%
  75  Sbre18437_HTT      20.77%    passed     94.14%
  76  Schi_HTT           17.09%    passed     55.64%
  77  Scly1724_HTT       65.30%    failed      0.01%
  78  Scly1726_HTT       17.19%    passed     86.34%
  79  Scoe_HTT           20.10%    passed     94.43%
  80  Sflu9837_HTT       18.27%    passed     87.79%
  81  Sfro7782_HTT       19.87%    passed     83.52%
  82  Sfro7784_HTT       15.02%    passed     86.48%
  83  Slon16012_HTT      22.27%    passed     51.94%
  84  Slon24923_HTT      19.39%    passed     91.06%
  85  Tadu79924_HTT      22.04%    passed     90.41%
  86  Tshe_HTT           20.89%    passed     56.57%
  87  Ttru_HTT            0.29%    passed     65.82%
  88  Zcav_HTT           28.47%    passed     23.35%
WARNING: 5 sequences contain more than 50% gaps/ambiguity
****  TOTAL              20.21%  5 sequences failed composition chi2 test (p-value<5%; df=3)
Checking for duplicate sequences: done in 0.00366597 secs using 156.8% CPU

Create initial parsimony tree by phylogenetic likelihood library (PLL)... 0.005 seconds

NOTE: 29 MB RAM (0 GB) is required!
Estimate model parameters (epsilon = 0.100)
1. Initial log-likelihood: -63171.171
2. Current log-likelihood: -52701.452
3. Current log-likelihood: -50982.403
4. Current log-likelihood: -50869.226
5. Current log-likelihood: -50863.204
6. Current log-likelihood: -50853.807
7. Current log-likelihood: -50850.235
8. Current log-likelihood: -50850.028
Optimal log-likelihood: -50849.953
Rate parameters:  A-C: 0.84281  A-G: 6.92334  A-T: 0.35695  C-G: 1.26949  C-T: 6.65148  G-T: 1.00000
Base frequencies:  A: 0.216  C: 0.287  G: 0.275  T: 0.222
Gamma shape alpha: 0.125
Parameters optimization took 8 rounds (7.542 sec)
Wrote distance file to... 
Computing ML distances based on estimated model parameters...
Calculating distance matrix: done in 0.054889 secs using 410.5% CPU
Computing ML distances took 0.060158 sec (of wall-clock time) 0.225392 sec (of CPU time)
Setting up auxiliary I and S matrices: done in 0.000893164 secs
Constructing RapidNJ tree: done in 0.0598711 secs using 51.83% CPU
Computing RapidNJ tree took 0.060951 sec (of wall-clock time) 0.031060 sec (of CPU time)
Log-likelihood of RapidNJ tree: -34717.645
--------------------------------------------------------------------
|             INITIALIZING CANDIDATE TREE SET                      |
--------------------------------------------------------------------
Generating 98 parsimony trees... 1.203 second
Computing log-likelihood of 98 initial trees ... 14.655 seconds
Current best score: -34717.645

Do NNI search on 20 best initial trees
Optimizing NNI: done in 2.50673 secs using 399.1% CPU
Estimate model parameters (epsilon = 0.100)
BETTER TREE FOUND at iteration 1: -34229.216
Optimizing NNI: done in 14.7597 secs using 398.1% CPU
Optimizing NNI: done in 17.1661 secs using 398.3% CPU
Optimizing NNI: done in 18.1455 secs using 398.4% CPU
Optimizing NNI: done in 15.4223 secs using 397.9% CPU
Optimizing NNI: done in 17.2441 secs using 398.2% CPU
Optimizing NNI: done in 15.9654 secs using 399% CPU
Optimizing NNI: done in 16.3996 secs using 398.6% CPU
Optimizing NNI: done in 17.1353 secs using 399.1% CPU
Optimizing NNI: done in 15.5083 secs using 398.8% CPU
Iteration 10 / LogL: -34593.221 / Time: 0h:2m:58s
Optimizing NNI: done in 15.8582 secs using 399.1% CPU
Optimizing NNI: done in 17.3173 secs using 398.9% CPU
Optimizing NNI: done in 16.3801 secs using 398.8% CPU
Optimizing NNI: done in 15.7106 secs using 398.7% CPU
Optimizing NNI: done in 16.5501 secs using 398.7% CPU
Optimizing NNI: done in 18.4899 secs using 398.5% CPU
Optimizing NNI: done in 15.9778 secs using 398.9% CPU
Optimizing NNI: done in 16.6992 secs using 398.9% CPU
Optimizing NNI: done in 15.7027 secs using 398.9% CPU
Optimizing NNI: done in 14.9821 secs using 399% CPU
Iteration 20 / LogL: -34662.458 / Time: 0h:5m:42s
Finish initializing candidate tree set (20)
Current best tree score: -34229.216 / CPU time: 333.203
Number of iterations: 20
--------------------------------------------------------------------
|               OPTIMIZING CANDIDATE TREE SET                      |
--------------------------------------------------------------------
Optimizing NNI: done in 2.02325 secs using 398.2% CPU
Optimizing NNI: done in 2.85435 secs using 398.6% CPU
Optimizing NNI: done in 2.3771 secs using 397.3% CPU
Optimizing NNI: done in 2.16573 secs using 399.1% CPU
Optimizing NNI: done in 2.5025 secs using 398.9% CPU
Optimizing NNI: done in 2.765 secs using 398.3% CPU
Optimizing NNI: done in 2.7447 secs using 398.8% CPU
Estimate model parameters (epsilon = 0.100)
BETTER TREE FOUND at iteration 27: -34217.201
Optimizing NNI: done in 2.64187 secs using 396.5% CPU
Optimizing NNI: done in 2.78453 secs using 398.4% CPU
Optimizing NNI: done in 2.69749 secs using 399.1% CPU
Estimate model parameters (epsilon = 0.100)
BETTER TREE FOUND at iteration 30: -34216.178
Iteration 30 / LogL: -34216.178 / Time: 0h:6m:9s (0h:21m:12s left)
Optimizing NNI: done in 2.22091 secs using 398.7% CPU
UPDATE BEST LOG-LIKELIHOOD: -34216.176
Optimizing NNI: done in 3.12678 secs using 397.9% CPU
Optimizing NNI: done in 2.44829 secs using 397.7% CPU
Optimizing NNI: done in 3.07646 secs using 399% CPU
Estimate model parameters (epsilon = 0.100)
BETTER TREE FOUND at iteration 34: -34214.917
Optimizing NNI: done in 2.17939 secs using 398% CPU
Optimizing NNI: done in 2.1234 secs using 398.8% CPU
Estimate model parameters (epsilon = 0.100)
BETTER TREE FOUND at iteration 36: -34213.804
Optimizing NNI: done in 2.62963 secs using 398.6% CPU
Optimizing NNI: done in 2.28625 secs using 398.8% CPU
Optimizing NNI: done in 2.65173 secs using 399.1% CPU
Optimizing NNI: done in 2.12676 secs using 399.5% CPU
Iteration 40 / LogL: -34216.214 / Time: 0h:6m:35s (0h:16m:12s left)
Optimizing NNI: done in 2.85681 secs using 398.9% CPU
Optimizing NNI: done in 2.02298 secs using 398.8% CPU
Optimizing NNI: done in 2.53482 secs using 399.1% CPU
Estimate model parameters (epsilon = 0.100)
BETTER TREE FOUND at iteration 43: -34184.918
Optimizing NNI: done in 2.7713 secs using 397.7% CPU
Optimizing NNI: done in 2.46892 secs using 398.8% CPU
Optimizing NNI: done in 2.38174 secs using 397.6% CPU
Optimizing NNI: done in 2.85078 secs using 399.2% CPU
Optimizing NNI: done in 2.49849 secs using 398.9% CPU
Optimizing NNI: done in 3.14183 secs using 397.4% CPU
Estimate model parameters (epsilon = 0.100)
BETTER TREE FOUND at iteration 49: -33978.917
Optimizing NNI: done in 2.13513 secs using 399.4% CPU
Iteration 50 / LogL: -34216.031 / Time: 0h:7m:2s (0h:14m:14s left)
Optimizing NNI: done in 2.60363 secs using 398.3% CPU
Optimizing NNI: done in 2.50923 secs using 399.3% CPU
Optimizing NNI: done in 3.06408 secs using 395.6% CPU
Optimizing NNI: done in 2.3498 secs using 398.8% CPU
Estimate model parameters (epsilon = 0.100)
BETTER TREE FOUND at iteration 54: -33977.746
Optimizing NNI: done in 2.46575 secs using 398.7% CPU
Optimizing NNI: done in 2.59819 secs using 397.8% CPU
Optimizing NNI: done in 3.16223 secs using 398% CPU
Estimate model parameters (epsilon = 0.100)
BETTER TREE FOUND at iteration 57: -33964.119
Optimizing NNI: done in 2.67837 secs using 398.6% CPU
Optimizing NNI: done in 2.46305 secs using 396.7% CPU
Optimizing NNI: done in 2.65695 secs using 398.8% CPU
Iteration 60 / LogL: -33978.308 / Time: 0h:7m:30s (0h:12m:20s left)
Optimizing NNI: done in 1.9992 secs using 395.9% CPU
Optimizing NNI: done in 3.05901 secs using 399.1% CPU
Optimizing NNI: done in 2.71758 secs using 397.2% CPU
Optimizing NNI: done in 2.76494 secs using 399% CPU
Optimizing NNI: done in 2.56725 secs using 397.1% CPU
Estimate model parameters (epsilon = 0.100)
BETTER TREE FOUND at iteration 65: -33947.627
Optimizing NNI: done in 2.1886 secs using 395.1% CPU
Optimizing NNI: done in 2.3407 secs using 398.8% CPU
Optimizing NNI: done in 2.32543 secs using 397.2% CPU
Optimizing NNI: done in 2.6065 secs using 399.5% CPU
Estimate model parameters (epsilon = 0.100)
BETTER TREE FOUND at iteration 69: -33923.924
Optimizing NNI: done in 2.78475 secs using 397.4% CPU
Iteration 70 / LogL: -34119.866 / Time: 0h:7m:57s (0h:11m:24s left)
Optimizing NNI: done in 2.01607 secs using 399.2% CPU
UPDATE BEST LOG-LIKELIHOOD: -33923.922
Optimizing NNI: done in 2.36507 secs using 398.3% CPU
Optimizing NNI: done in 1.85149 secs using 395.8% CPU
Optimizing NNI: done in 2.32591 secs using 398% CPU
Optimizing NNI: done in 2.17391 secs using 398.3% CPU
Optimizing NNI: done in 2.13856 secs using 398% CPU
Estimate model parameters (epsilon = 0.100)
BETTER TREE FOUND at iteration 76: -33920.904
Optimizing NNI: done in 2.6069 secs using 399.4% CPU
Estimate model parameters (epsilon = 0.100)
BETTER TREE FOUND at iteration 77: -33917.211
Optimizing NNI: done in 2.81175 secs using 397.7% CPU
Optimizing NNI: done in 2.16893 secs using 397% CPU
Optimizing NNI: done in 2.01115 secs using 398.4% CPU
Iteration 80 / LogL: -33921.234 / Time: 0h:8m:21s (0h:10m:15s left)
Optimizing NNI: done in 2.29487 secs using 399.3% CPU
Optimizing NNI: done in 2.00548 secs using 397.9% CPU
UPDATE BEST LOG-LIKELIHOOD: -33917.210
Optimizing NNI: done in 2.72857 secs using 399% CPU
Optimizing NNI: done in 2.64183 secs using 398.9% CPU
Optimizing NNI: done in 2.46539 secs using 399.2% CPU
Optimizing NNI: done in 2.81195 secs using 398.6% CPU
Optimizing NNI: done in 2.41169 secs using 399.2% CPU
Optimizing NNI: done in 2.05766 secs using 397.9% CPU
Optimizing NNI: done in 1.83635 secs using 398.4% CPU
Optimizing NNI: done in 2.28322 secs using 398.6% CPU
Iteration 90 / LogL: -33917.218 / Time: 0h:8m:44s (0h:8m:33s left)
Optimizing NNI: done in 2.44441 secs using 397.4% CPU
Optimizing NNI: done in 2.40828 secs using 398.4% CPU
Optimizing NNI: done in 1.95241 secs using 394.3% CPU
Optimizing NNI: done in 1.76743 secs using 399% CPU
Optimizing NNI: done in 2.61512 secs using 394.6% CPU
Optimizing NNI: done in 2.25831 secs using 399.4% CPU
Optimizing NNI: done in 2.90296 secs using 398.1% CPU
Optimizing NNI: done in 2.11757 secs using 399.1% CPU
Optimizing NNI: done in 2.61328 secs using 397.7% CPU
Optimizing NNI: done in 2.20556 secs using 396.8% CPU
Iteration 100 / LogL: -33921.815 / Time: 0h:9m:8s (0h:7m:6s left)
Optimizing NNI: done in 2.54194 secs using 396.6% CPU
Optimizing NNI: done in 2.98627 secs using 398.6% CPU
Optimizing NNI: done in 2.78434 secs using 398.3% CPU
Optimizing NNI: done in 2.53252 secs using 398.3% CPU
UPDATE BEST LOG-LIKELIHOOD: -33917.209
Optimizing NNI: done in 2.94817 secs using 398.2% CPU
Optimizing NNI: done in 2.1348 secs using 397.1% CPU
Optimizing NNI: done in 2.48175 secs using 397.6% CPU
Optimizing NNI: done in 1.94184 secs using 397.8% CPU
Optimizing NNI: done in 2.75131 secs using 398.2% CPU
UPDATE BEST LOG-LIKELIHOOD: -33917.208
Optimizing NNI: done in 2.6214 secs using 398.1% CPU
Iteration 110 / LogL: -33918.098 / Time: 0h:9m:34s (0h:5m:53s left)
Optimizing NNI: done in 2.20076 secs using 398.1% CPU
Optimizing NNI: done in 2.99735 secs using 398.4% CPU
Optimizing NNI: done in 2.01841 secs using 398.5% CPU
Optimizing NNI: done in 2.27645 secs using 397.8% CPU
Optimizing NNI: done in 3.28709 secs using 397.9% CPU
Optimizing NNI: done in 2.85238 secs using 396.2% CPU
UPDATE BEST LOG-LIKELIHOOD: -33917.207
Optimizing NNI: done in 2.46037 secs using 399% CPU
Optimizing NNI: done in 2.44839 secs using 397.8% CPU
Optimizing NNI: done in 2.25356 secs using 397.5% CPU
Optimizing NNI: done in 2.32788 secs using 398.3% CPU
Iteration 120 / LogL: -33918.241 / Time: 0h:9m:59s (0h:4m:47s left)
Optimizing NNI: done in 2.47136 secs using 397.1% CPU
Optimizing NNI: done in 2.01083 secs using 398.5% CPU
Optimizing NNI: done in 2.38097 secs using 398.8% CPU
Optimizing NNI: done in 2.81365 secs using 398% CPU
Optimizing NNI: done in 2.50162 secs using 399% CPU
Optimizing NNI: done in 2.25 secs using 399.4% CPU
Optimizing NNI: done in 2.23736 secs using 397.1% CPU
Optimizing NNI: done in 2.41759 secs using 398.3% CPU
Optimizing NNI: done in 2.98301 secs using 399% CPU
UPDATE BEST LOG-LIKELIHOOD: -33917.207
Optimizing NNI: done in 2.02703 secs using 397.5% CPU
Iteration 130 / LogL: -33917.211 / Time: 0h:10m:24s (0h:3m:47s left)
Optimizing NNI: done in 2.18577 secs using 398.2% CPU
Optimizing NNI: done in 2.14133 secs using 397.7% CPU
Optimizing NNI: done in 3.04508 secs using 399% CPU
Optimizing NNI: done in 2.33575 secs using 397% CPU
Optimizing NNI: done in 2.26934 secs using 398.8% CPU
Optimizing NNI: done in 2.59616 secs using 397.5% CPU
Optimizing NNI: done in 2.32942 secs using 399.7% CPU
Optimizing NNI: done in 2.45943 secs using 399% CPU
Optimizing NNI: done in 3.01674 secs using 398.3% CPU
Optimizing NNI: done in 3.1566 secs using 398.9% CPU
Iteration 140 / LogL: -33917.234 / Time: 0h:10m:49s (0h:2m:52s left)
Optimizing NNI: done in 2.64294 secs using 399.2% CPU
Optimizing NNI: done in 2.18762 secs using 398.9% CPU
Optimizing NNI: done in 2.42135 secs using 398.8% CPU
Optimizing NNI: done in 2.39832 secs using 397.3% CPU
Optimizing NNI: done in 2.48824 secs using 397.2% CPU
Optimizing NNI: done in 2.42154 secs using 398.6% CPU
Optimizing NNI: done in 2.26434 secs using 397.6% CPU
Optimizing NNI: done in 2.70669 secs using 398.9% CPU
Optimizing NNI: done in 1.98179 secs using 398.6% CPU
Optimizing NNI: done in 2.69444 secs using 398.4% CPU
Iteration 150 / LogL: -33917.212 / Time: 0h:11m:14s (0h:2m:2s left)
Optimizing NNI: done in 2.27477 secs using 397.9% CPU
Optimizing NNI: done in 2.70923 secs using 399.4% CPU
Optimizing NNI: done in 2.39145 secs using 398.9% CPU
Optimizing NNI: done in 2.2508 secs using 399% CPU
Optimizing NNI: done in 2.5299 secs using 399.2% CPU
Optimizing NNI: done in 3.06583 secs using 398.7% CPU
Optimizing NNI: done in 2.38958 secs using 397.9% CPU
Optimizing NNI: done in 2.90585 secs using 398.8% CPU
Optimizing NNI: done in 2.10067 secs using 398.9% CPU
Optimizing NNI: done in 2.54288 secs using 399.1% CPU
Iteration 160 / LogL: -33918.093 / Time: 0h:11m:39s (0h:1m:14s left)
Optimizing NNI: done in 1.94914 secs using 397% CPU
Optimizing NNI: done in 2.54372 secs using 399.1% CPU
Optimizing NNI: done in 2.66321 secs using 398.7% CPU
Optimizing NNI: done in 1.78474 secs using 399.1% CPU
Optimizing NNI: done in 2.83022 secs using 397.2% CPU
Optimizing NNI: done in 2.09369 secs using 399.1% CPU
Optimizing NNI: done in 2.34028 secs using 398.8% CPU
Optimizing NNI: done in 2.27853 secs using 399.2% CPU
Optimizing NNI: done in 2.12628 secs using 398.2% CPU
Optimizing NNI: done in 2.95508 secs using 399.1% CPU
Iteration 170 / LogL: -34170.310 / Time: 0h:12m:3s (0h:0m:29s left)
Optimizing NNI: done in 2.22766 secs using 399.4% CPU
Optimizing NNI: done in 2.48157 secs using 395.5% CPU
Optimizing NNI: done in 2.4278 secs using 398.7% CPU
Optimizing NNI: done in 2.0956 secs using 397.9% CPU
Optimizing NNI: done in 2.44257 secs using 398.6% CPU
Optimizing NNI: done in 2.44072 secs using 399.7% CPU
Optimizing NNI: done in 2.67639 secs using 397.7% CPU
Optimizing NNI: done in 2.48543 secs using 398.9% CPU
TREE SEARCH COMPLETED AFTER 178 ITERATIONS / Time: 0h:12m:23s

--------------------------------------------------------------------
|                    FINALIZING TREE SEARCH                        |
--------------------------------------------------------------------
Performs final model parameters optimization
Estimate model parameters (epsilon = 0.010)
1. Initial log-likelihood: -33917.207
Optimal log-likelihood: -33917.206
Rate parameters:  A-C: 1.13376  A-G: 4.49470  A-T: 0.60782  C-G: 1.51549  C-T: 4.36660  G-T: 1.00000
Base frequencies:  A: 0.216  C: 0.287  G: 0.275  T: 0.222
Gamma shape alpha: 0.195
Parameters optimization took 1 rounds (0.473 sec)
BEST SCORE FOUND : -33917.206
Total tree length: 0.416

Total number of iterations: 178
CPU time used for tree search: 2916.488 sec (0h:48m:36s)
Wall-clock time used for tree search: 734.071 sec (0h:12m:14s)
Total CPU time used: 2953.824 sec (0h:49m:13s)
Total wall-clock time used: 743.610 sec (0h:12m:23s)

Analysis results written to: 
  IQ-TREE report:                HTT_GTR.iqtree
  Maximum-likelihood tree:       HTT_GTR.treefile
  Likelihood distances:          HTT_GTR.mldist
  Screen log file:               HTT_GTR.log

Date and Time: Mon Jan 29 17:03:12 2024
