IQ-TREE multicore version 2.2.0-beta COVID-edition for Linux 64-bit built Dec 21 2021 built Dec 21 2021
Developed by Bui Quang Minh, James Barbetti, Nguyen Lam Tung,
Olga Chernomor, Heiko Schmidt, Dominik Schrempf, Michael Woodhams, Ly Trong Nhan.

Host:    awarnach (SSE3, 15 GB RAM)
Command: iqtree -s codon_alignments_v4_Jan24/MYH2_codon_aligned_v2.phy -m GTR+G4 -pre MYH2_GTR -nt 4
Seed:    538721 (Using SPRNG - Scalable Parallel Random Number Generator)
Time:    Wed Feb  7 22:17:12 2024
Kernel:  SSE2 - 4 threads (4 CPU cores detected)

Reading alignment file codon_alignments_v4_Jan24/MYH2_codon_aligned_v2.phy ... Fasta format detected
Reading fasta file: done in 0.00950732 secs using 80.87% CPU
Alignment most likely contains DNA/RNA sequences
Constructing alignment: done in 0.0121688 secs using 51.34% CPU
Alignment has 80 sequences with 2697 columns, 635 distinct patterns
237 parsimony-informative, 190 singleton sites, 2270 constant sites
                   Gap/Ambiguity  Composition  p-value
Analyzing sequences: done in 0.00108922 secs using 188.7% CPU
   1  Bacu_MYH2            0.67%    passed     85.89%
   2  Barn_MYH2           55.73%    passed     26.36%
   3  Bbai76728_MYH2      22.69%    passed     98.19%
   4  BbonAUS_MYH2        30.81%    passed     98.45%
   5  Bbor_MYH2           27.70%    passed     99.95%
   6  Bede66737_MYH2      36.26%    passed     94.63%
   7  BedeAUS_MYH2        37.04%    passed     53.56%
   8  Bmus49099_MYH2      15.35%    passed     81.53%
   9  Bmys_MYH2            0.44%    passed     88.30%
  10  Bphy_MYH2            0.44%    passed     82.50%
  11  Bphy_baits_MYH2     33.26%    passed     73.90%
  12  Ccom40_MYH2         33.04%    passed     97.73%
  13  Chea7320_MYH2       36.71%    passed     79.29%
  14  Cmar59905_MYH2      28.03%    passed     89.48%
  15  Dcap108471_MYH2     29.92%    passed     97.16%
  16  Dcap79929_MYH2      19.80%    passed     87.25%
  17  DdelSJR_MYH2        36.48%    passed     96.67%
  18  Ddeltrop4525_MYH2   30.37%    passed     98.87%
  19  Dleu_MYH2           33.93%    passed     78.65%
  20  EausAUS_MYH2        33.26%    passed     87.90%
  21  Egla13086_MYH2      19.69%    passed     89.05%
  22  Ejap43864_MYH2      37.49%    passed     69.17%
  23  Erob133443_MYH2     27.14%    passed     86.71%
  24  Fatt_MYH2           32.15%    passed     94.31%
  25  Ggri_MYH2           46.83%    passed     37.96%
  26  Gmac39091_MYH2      26.81%    passed     91.54%
  27  Gmel_MYH2           27.59%    passed     76.93%
  28  Hamp_MYH2           22.80%    passed     90.12%
  29  Igeo_MYH2           56.06%    passed     94.47%
  30  Kbre_MYH2           44.16%    passed     83.92%
  31  Ksim_MYH2           28.36%    passed     94.07%
  32  Lacu_MYH2           30.14%    passed     96.54%
  33  Lalb_MYH2           44.38%    passed     72.73%
  34  Laus_MYH2           31.70%    passed     47.31%
  35  Lbor_MYH2           32.04%    passed     89.48%
  36  Lhos30470_MYH2      24.69%    passed     83.86%
  37  Lhos452_MYH2        29.25%    passed     85.71%
  38  Lobl_MYH2           26.92%    passed     88.08%
  39  Lobs_MYH2           27.36%    passed     97.44%
  40  LperAUS_MYH2        30.37%    passed     95.73%
  41  Mbid_MYH2           39.49%    passed     61.73%
  42  Mbow_MYH2           44.27%    passed     70.56%
  43  Mcar_MYH2           31.59%    passed     94.84%
  44  Mden_MYH2           39.93%    passed     71.43%
  45  Meur_MYH2           25.25%    passed     93.61%
  46  Mgin_MYH2           47.94%    passed     75.45%
  47  MgraAUS_MYH2        54.73%    passed     25.94%
  48  Mhec_MYH2           39.15%    passed     88.73%
  49  MlayAUS_MYH2        34.48%    passed     82.62%
  50  Mmir_MYH2           46.94%    passed     25.17%
  51  Mmon_MYH2           48.94%    passed     63.36%
  52  Mper_MYH2           42.27%    passed     83.04%
  53  Mpni_MYH2           27.47%    passed     99.19%
  54  Mste_MYH2           28.48%    passed     71.35%
  55  Npho_MYH2            0.11%    passed     92.25%
  56  Obre_MYH2           25.36%    passed     94.00%
  57  Ohei_MYH2           34.37%    passed     91.96%
  58  Pbla7349_MYH2       25.58%    passed     62.47%
  59  Pcra123188_MYH2     33.70%    passed     93.90%
  60  Pdio_MYH2           27.81%    passed     90.87%
  61  Pele_MYH2           40.49%    passed     94.19%
  62  Pmac_MYH2            6.56%    passed     47.79%
  63  Ppho_MYH2           21.47%    passed     95.72%
  64  Pspi_MYH2           43.49%    passed     17.38%
  65  Satt18473_MYH2      28.36%    passed     97.13%
  66  Satt38219_MYH2      49.39%    passed     79.35%
  67  Sbre116871_MYH2     29.81%    passed     99.08%
  68  Sbre18437_MYH2      31.03%    passed     97.25%
  69  Schi_MYH2           36.04%    passed     83.81%
  70  Scly1724_MYH2       68.19%    passed     11.15%
  71  Scly1726_MYH2       17.80%    passed     81.37%
  72  Scoe_MYH2           34.48%    passed     74.39%
  73  Sflu9837_MYH2       30.26%    passed     35.15%
  74  Sfro7782_MYH2       55.06%    passed     70.45%
  75  Sfro7784_MYH2       38.93%    passed     81.49%
  76  Slon16012_MYH2      32.04%    passed     76.73%
  77  Slon24923_MYH2      25.92%    passed     98.40%
  78  Tadu79924_MYH2      37.15%    passed     98.76%
  79  Tshe_MYH2           17.80%    passed     92.79%
  80  Zcav_MYH2           26.81%    passed     78.93%
WARNING: 5 sequences contain more than 50% gaps/ambiguity
****  TOTAL               31.96%  0 sequences failed composition chi2 test (p-value<5%; df=3)
Checking for duplicate sequences: done in 0.00249953 secs using 189.8% CPU

Create initial parsimony tree by phylogenetic likelihood library (PLL)... 0.002 seconds

NOTE: 6 MB RAM (0 GB) is required!
Estimate model parameters (epsilon = 0.100)
1. Initial log-likelihood: -14797.847
2. Current log-likelihood: -12905.846
3. Current log-likelihood: -12616.803
4. Current log-likelihood: -12613.718
5. Current log-likelihood: -12613.138
Optimal log-likelihood: -12612.967
Rate parameters:  A-C: 0.88173  A-G: 3.43986  A-T: 1.17676  C-G: 1.48327  C-T: 4.79991  G-T: 1.00000
Base frequencies:  A: 0.278  C: 0.259  G: 0.295  T: 0.167
Gamma shape alpha: 0.115
Parameters optimization took 5 rounds (18.046 sec)
Wrote distance file to... 
Computing ML distances based on estimated model parameters...
Calculating distance matrix: done in 0.0806465 secs using 188.9% CPU
Computing ML distances took 0.086104 sec (of wall-clock time) 0.163101 sec (of CPU time)
Setting up auxiliary I and S matrices: done in 0.00348504 secs using 104.7% CPU
Constructing RapidNJ tree: done in 0.602739 secs using 27.65% CPU
Computing RapidNJ tree took 0.606430 sec (of wall-clock time) 0.170394 sec (of CPU time)
Log-likelihood of RapidNJ tree: -9848.536
--------------------------------------------------------------------
|             INITIALIZING CANDIDATE TREE SET                      |
--------------------------------------------------------------------
Generating 98 parsimony trees... 0.489 second
Computing log-likelihood of 98 initial trees ... 258.247 seconds
Current best score: -9848.536

Do NNI search on 20 best initial trees
Optimizing NNI: done in 25.7468 secs using 144% CPU
Estimate model parameters (epsilon = 0.100)
BETTER TREE FOUND at iteration 1: -9677.791
Optimizing NNI: done in 173.965 secs using 141.3% CPU
Optimizing NNI: done in 142.688 secs using 136.8% CPU
Optimizing NNI: done in 163.482 secs using 139.1% CPU
Optimizing NNI: done in 161.018 secs using 141.5% CPU
Optimizing NNI: done in 174.643 secs using 149.7% CPU
Optimizing NNI: done in 154.669 secs using 142.6% CPU
Optimizing NNI: done in 145.515 secs using 144.3% CPU
Optimizing NNI: done in 193.311 secs using 140.6% CPU
Optimizing NNI: done in 177.604 secs using 142.3% CPU
Iteration 10 / LogL: -9989.084 / Time: 0h:30m:0s
Optimizing NNI: done in 193.834 secs using 143.4% CPU
Optimizing NNI: done in 150.857 secs using 141.4% CPU
Optimizing NNI: done in 138.043 secs using 156% CPU
Optimizing NNI: done in 115.876 secs using 151.8% CPU
Optimizing NNI: done in 163.524 secs using 141.2% CPU
Optimizing NNI: done in 147.098 secs using 144.5% CPU
Optimizing NNI: done in 151.847 secs using 137.2% CPU
Optimizing NNI: done in 140.564 secs using 151% CPU
Optimizing NNI: done in 186.872 secs using 136.7% CPU
Optimizing NNI: done in 117.036 secs using 152.5% CPU
Iteration 20 / LogL: -10536.539 / Time: 0h:55m:5s
Finish initializing candidate tree set (20)
Current best tree score: -9677.791 / CPU time: 3279.908
Number of iterations: 20
--------------------------------------------------------------------
|               OPTIMIZING CANDIDATE TREE SET                      |
--------------------------------------------------------------------
Optimizing NNI: done in 25.5975 secs using 173.6% CPU
Estimate model parameters (epsilon = 0.100)
BETTER TREE FOUND at iteration 21: -9665.370
Optimizing NNI: done in 46.7115 secs using 126.7% CPU
Optimizing NNI: done in 42.3913 secs using 144.6% CPU
Optimizing NNI: done in 35.3019 secs using 127.9% CPU
Optimizing NNI: done in 29.8015 secs using 131.9% CPU
Optimizing NNI: done in 45.7126 secs using 137.9% CPU
Optimizing NNI: done in 35.3492 secs using 165.2% CPU
Estimate model parameters (epsilon = 0.100)
BETTER TREE FOUND at iteration 27: -9640.338
Optimizing NNI: done in 44.1747 secs using 146.8% CPU
Optimizing NNI: done in 30.3585 secs using 126.6% CPU
Optimizing NNI: done in 49.8599 secs using 143% CPU
Iteration 30 / LogL: -9704.243 / Time: 1h:1m:37s (3h:26m:8s left)
Optimizing NNI: done in 38.9017 secs using 126.8% CPU
Optimizing NNI: done in 44.248 secs using 146.3% CPU
Optimizing NNI: done in 37.2912 secs using 150.5% CPU
Optimizing NNI: done in 31.5068 secs using 162.5% CPU
Optimizing NNI: done in 40.3189 secs using 141.2% CPU
Optimizing NNI: done in 30.9349 secs using 152% CPU
Optimizing NNI: done in 53.9806 secs using 127.3% CPU
Optimizing NNI: done in 19.1169 secs using 143.1% CPU
Optimizing NNI: done in 22.1109 secs using 139.9% CPU
Optimizing NNI: done in 25.9538 secs using 150% CPU
Iteration 40 / LogL: -9650.348 / Time: 1h:7m:22s (2h:30m:17s left)
Optimizing NNI: done in 39.2795 secs using 150.9% CPU
Estimate model parameters (epsilon = 0.100)
BETTER TREE FOUND at iteration 41: -9630.544
Optimizing NNI: done in 52.1104 secs using 130.7% CPU
Optimizing NNI: done in 22.459 secs using 162.4% CPU
Optimizing NNI: done in 33.0057 secs using 163.3% CPU
Estimate model parameters (epsilon = 0.100)
BETTER TREE FOUND at iteration 44: -9627.937
Optimizing NNI: done in 24.6541 secs using 142.3% CPU
Estimate model parameters (epsilon = 0.100)
BETTER TREE FOUND at iteration 45: -9625.131
Optimizing NNI: done in 19.2385 secs using 158.9% CPU
Optimizing NNI: done in 26.3511 secs using 170.1% CPU
Optimizing NNI: done in 45.5835 secs using 123.4% CPU
Optimizing NNI: done in 56.7529 secs using 122.8% CPU
Optimizing NNI: done in 33.754 secs using 148% CPU
Iteration 50 / LogL: -9646.819 / Time: 1h:13m:21s (2h:22m:12s left)
Optimizing NNI: done in 54.2119 secs using 131.3% CPU
Optimizing NNI: done in 26.8364 secs using 155.3% CPU
Optimizing NNI: done in 28.771 secs using 153.1% CPU
Optimizing NNI: done in 41.6693 secs using 142.5% CPU
Optimizing NNI: done in 26.9682 secs using 150.1% CPU
Optimizing NNI: done in 58.3995 secs using 118.1% CPU
Optimizing NNI: done in 8.40137 secs using 153.1% CPU
Estimate model parameters (epsilon = 0.100)
BETTER TREE FOUND at iteration 57: -9616.228
Optimizing NNI: done in 42.8257 secs using 133.8% CPU
Estimate model parameters (epsilon = 0.100)
BETTER TREE FOUND at iteration 58: -9610.912
Optimizing NNI: done in 18.9177 secs using 144.4% CPU
Optimizing NNI: done in 25.5541 secs using 141.3% CPU
Iteration 60 / LogL: -9614.402 / Time: 1h:18m:57s (2h:11m:8s left)
Optimizing NNI: done in 44.5871 secs using 162.1% CPU
Optimizing NNI: done in 45.8541 secs using 120.4% CPU
Optimizing NNI: done in 47.2519 secs using 127.8% CPU
Estimate model parameters (epsilon = 0.100)
BETTER TREE FOUND at iteration 63: -9603.586
Optimizing NNI: done in 30.3566 secs using 161% CPU
Optimizing NNI: done in 36.1847 secs using 134.7% CPU
Optimizing NNI: done in 18.5193 secs using 129.2% CPU
Optimizing NNI: done in 31.8169 secs using 133.4% CPU
Optimizing NNI: done in 30.8569 secs using 160.8% CPU
Optimizing NNI: done in 18.1678 secs using 162.1% CPU
Optimizing NNI: done in 20.0669 secs using 147.6% CPU
Iteration 70 / LogL: -9610.934 / Time: 1h:24m:22s (1h:53m:43s left)
Optimizing NNI: done in 35.3695 secs using 123.3% CPU
Optimizing NNI: done in 19.7813 secs using 140.8% CPU
Estimate model parameters (epsilon = 0.100)
BETTER TREE FOUND at iteration 72: -9589.601
Optimizing NNI: done in 9.42081 secs using 150.4% CPU
Optimizing NNI: done in 28.5413 secs using 174.6% CPU
Optimizing NNI: done in 41.0424 secs using 144% CPU
Optimizing NNI: done in 22.9626 secs using 148.8% CPU
Optimizing NNI: done in 46.63 secs using 136.6% CPU
Optimizing NNI: done in 21.6742 secs using 144.5% CPU
Optimizing NNI: done in 43.0431 secs using 136.1% CPU
Optimizing NNI: done in 27.893 secs using 138% CPU
Iteration 80 / LogL: -9603.666 / Time: 1h:29m:20s (1h:44m:2s left)
Optimizing NNI: done in 31.5192 secs using 134.6% CPU
Optimizing NNI: done in 34.2019 secs using 138.9% CPU
Optimizing NNI: done in 25.4648 secs using 148.6% CPU
Optimizing NNI: done in 49.5097 secs using 143.5% CPU
Optimizing NNI: done in 20.5228 secs using 152.6% CPU
Optimizing NNI: done in 43.1385 secs using 126.2% CPU
Optimizing NNI: done in 34.7991 secs using 144.7% CPU
Optimizing NNI: done in 38.4995 secs using 143% CPU
Optimizing NNI: done in 30.2019 secs using 163.8% CPU
Optimizing NNI: done in 49.1018 secs using 128.3% CPU
Iteration 90 / LogL: -9591.040 / Time: 1h:35m:17s (1h:27m:48s left)
Optimizing NNI: done in 29.6454 secs using 152.9% CPU
Optimizing NNI: done in 24.9812 secs using 151.7% CPU
Optimizing NNI: done in 30.3627 secs using 152.3% CPU
Optimizing NNI: done in 30.1556 secs using 143.9% CPU
Optimizing NNI: done in 37.9222 secs using 141.4% CPU
Optimizing NNI: done in 19.0999 secs using 126.2% CPU
Optimizing NNI: done in 16.2165 secs using 149% CPU
Optimizing NNI: done in 28.5677 secs using 152.3% CPU
Optimizing NNI: done in 28.9181 secs using 175.9% CPU
Optimizing NNI: done in 37.5148 secs using 147% CPU
Iteration 100 / LogL: -9590.240 / Time: 1h:40m:1s (1h:12m:44s left)
Optimizing NNI: done in 43.9777 secs using 122.5% CPU
Estimate model parameters (epsilon = 0.100)
BETTER TREE FOUND at iteration 101: -9577.060
Optimizing NNI: done in 47.7434 secs using 143.5% CPU
Estimate model parameters (epsilon = 0.100)
BETTER TREE FOUND at iteration 102: -9576.901
Optimizing NNI: done in 26.7255 secs using 163.6% CPU
Optimizing NNI: done in 36.1598 secs using 143.7% CPU
Optimizing NNI: done in 28.2863 secs using 152.1% CPU
Optimizing NNI: done in 54.7192 secs using 136.5% CPU
Optimizing NNI: done in 14.9042 secs using 152.6% CPU
Optimizing NNI: done in 34.5448 secs using 134.3% CPU
Optimizing NNI: done in 40.1026 secs using 141.5% CPU
Optimizing NNI: done in 32.1786 secs using 159.6% CPU
Iteration 110 / LogL: -9644.870 / Time: 1h:46m:5s (1h:29m:32s left)
Optimizing NNI: done in 36.5583 secs using 121.3% CPU
Optimizing NNI: done in 20.9034 secs using 151.6% CPU
Optimizing NNI: done in 43.9564 secs using 133.6% CPU
Optimizing NNI: done in 20.5022 secs using 138.6% CPU
Estimate model parameters (epsilon = 0.100)
BETTER TREE FOUND at iteration 114: -9574.891
Optimizing NNI: done in 33.605 secs using 131.7% CPU
Optimizing NNI: done in 33.4292 secs using 143.9% CPU
Optimizing NNI: done in 9.44639 secs using 163% CPU
Optimizing NNI: done in 32.859 secs using 122.5% CPU
Optimizing NNI: done in 29.763 secs using 134.9% CPU
Optimizing NNI: done in 7.63438 secs using 157% CPU
Iteration 120 / LogL: -9581.335 / Time: 1h:50m:35s (1h:27m:21s left)
Optimizing NNI: done in 28.2762 secs using 150.7% CPU
Optimizing NNI: done in 52.9196 secs using 128.8% CPU
Estimate model parameters (epsilon = 0.100)
UPDATE BEST LOG-LIKELIHOOD: -9574.836
Optimizing NNI: done in 23.4608 secs using 128.8% CPU
Optimizing NNI: done in 44.4732 secs using 141% CPU
Optimizing NNI: done in 35.1341 secs using 147.7% CPU
Optimizing NNI: done in 16.8466 secs using 143.9% CPU
Optimizing NNI: done in 27.2975 secs using 142.5% CPU
Optimizing NNI: done in 36.8096 secs using 139.3% CPU
Optimizing NNI: done in 44.8163 secs using 140.8% CPU
Optimizing NNI: done in 19.6538 secs using 153.9% CPU
Iteration 130 / LogL: -9594.624 / Time: 1h:56m:7s (1h:15m:37s left)
Optimizing NNI: done in 20.4269 secs using 151.9% CPU
Optimizing NNI: done in 45.4174 secs using 127.9% CPU
Optimizing NNI: done in 55.817 secs using 127.1% CPU
Estimate model parameters (epsilon = 0.100)
BETTER TREE FOUND at iteration 133: -9573.830
Optimizing NNI: done in 41.385 secs using 143.1% CPU
Optimizing NNI: done in 25.1271 secs using 142.3% CPU
Optimizing NNI: done in 13.2908 secs using 137% CPU
Optimizing NNI: done in 36.9068 secs using 137.4% CPU
Estimate model parameters (epsilon = 0.100)
BETTER TREE FOUND at iteration 137: -9572.619
Optimizing NNI: done in 49.8258 secs using 118.1% CPU
Estimate model parameters (epsilon = 0.100)
BETTER TREE FOUND at iteration 138: -9572.269
Optimizing NNI: done in 55.8649 secs using 122.4% CPU
Optimizing NNI: done in 20.0361 secs using 143.2% CPU
Iteration 140 / LogL: -9572.308 / Time: 2h:2m:16s (1h:26m:12s left)
Optimizing NNI: done in 14.6695 secs using 143.1% CPU
Optimizing NNI: done in 41.0553 secs using 122.3% CPU
Optimizing NNI: done in 18.2534 secs using 164.6% CPU
Optimizing NNI: done in 39.2966 secs using 146.6% CPU
Optimizing NNI: done in 35.6899 secs using 132.5% CPU
Optimizing NNI: done in 21.7578 secs using 166.9% CPU
Optimizing NNI: done in 21.957 secs using 161.6% CPU
Estimate model parameters (epsilon = 0.100)
BETTER TREE FOUND at iteration 147: -9571.033
Optimizing NNI: done in 45.1438 secs using 135.2% CPU
Estimate model parameters (epsilon = 0.100)
BETTER TREE FOUND at iteration 148: -9568.439
Optimizing NNI: done in 47.0684 secs using 136.3% CPU
Optimizing NNI: done in 31.3445 secs using 149.6% CPU
Iteration 150 / LogL: -9572.601 / Time: 2h:7m:34s (1h:23m:54s left)
Optimizing NNI: done in 24.6611 secs using 145.6% CPU
Optimizing NNI: done in 40.1977 secs using 143.5% CPU
Optimizing NNI: done in 25.0204 secs using 157.8% CPU
Optimizing NNI: done in 47.9501 secs using 133.4% CPU
Optimizing NNI: done in 14.7794 secs using 143.1% CPU
Optimizing NNI: done in 52.8374 secs using 126.8% CPU
Optimizing NNI: done in 22.7689 secs using 146.7% CPU
Optimizing NNI: done in 45.1927 secs using 123.4% CPU
Optimizing NNI: done in 15.9476 secs using 135% CPU
UPDATE BEST LOG-LIKELIHOOD: -9568.431
Optimizing NNI: done in 5.83549 secs using 167% CPU
Iteration 160 / LogL: -9572.859 / Time: 2h:12m:30s (1h:13m:20s left)
Optimizing NNI: done in 28.6771 secs using 132.9% CPU
Optimizing NNI: done in 55.4658 secs using 131.1% CPU
Optimizing NNI: done in 38.3352 secs using 139.7% CPU
Optimizing NNI: done in 19.625 secs using 137.3% CPU
Optimizing NNI: done in 28.8364 secs using 143.2% CPU
Optimizing NNI: done in 49.2787 secs using 139.7% CPU
Optimizing NNI: done in 17.363 secs using 128% CPU
Optimizing NNI: done in 34.1509 secs using 163.6% CPU
Estimate model parameters (epsilon = 0.100)
BETTER TREE FOUND at iteration 168: -9568.383
Optimizing NNI: done in 32.048 secs using 145.2% CPU
Optimizing NNI: done in 19.2001 secs using 137.8% CPU
Iteration 170 / LogL: -9649.536 / Time: 2h:17m:55s (1h:19m:58s left)
Optimizing NNI: done in 15.8658 secs using 147.3% CPU
Optimizing NNI: done in 50.5352 secs using 122.5% CPU
Optimizing NNI: done in 43.7396 secs using 137% CPU
Optimizing NNI: done in 30.1324 secs using 135.8% CPU
Optimizing NNI: done in 41.8946 secs using 136.9% CPU
Optimizing NNI: done in 17.555 secs using 159.5% CPU
Optimizing NNI: done in 27.2267 secs using 145.3% CPU
BETTER TREE FOUND at iteration 177: -9568.383
Optimizing NNI: done in 42.5785 secs using 132.9% CPU
Optimizing NNI: done in 61.9913 secs using 130.7% CPU
Optimizing NNI: done in 46.3811 secs using 139% CPU
Iteration 180 / LogL: -9571.680 / Time: 2h:24m:13s (1h:18m:9s left)
Optimizing NNI: done in 36.3276 secs using 134.9% CPU
Optimizing NNI: done in 35.8174 secs using 120.3% CPU
Optimizing NNI: done in 15.5341 secs using 149.4% CPU
Optimizing NNI: done in 23.1008 secs using 141.4% CPU
Optimizing NNI: done in 16.4855 secs using 151.6% CPU
Optimizing NNI: done in 36.2377 secs using 146.5% CPU
Optimizing NNI: done in 48.5192 secs using 126.1% CPU
Optimizing NNI: done in 33.5113 secs using 135% CPU
Optimizing NNI: done in 9.73235 secs using 137.9% CPU
Optimizing NNI: done in 40.6409 secs using 114% CPU
Iteration 190 / LogL: -9639.916 / Time: 2h:29m:9s (1h:8m:39s left)
Optimizing NNI: done in 11.7856 secs using 130.8% CPU
Optimizing NNI: done in 11.303 secs using 146.5% CPU
Optimizing NNI: done in 18.3936 secs using 154.8% CPU
Optimizing NNI: done in 37.1579 secs using 150.2% CPU
Optimizing NNI: done in 12.2099 secs using 147.7% CPU
Optimizing NNI: done in 13.9573 secs using 144.1% CPU
Optimizing NNI: done in 34.023 secs using 148.2% CPU
Optimizing NNI: done in 18.8948 secs using 147.4% CPU
Optimizing NNI: done in 37.3199 secs using 142% CPU
Optimizing NNI: done in 16.8835 secs using 150.9% CPU
Iteration 200 / LogL: -9575.095 / Time: 2h:32m:42s (0h:59m:5s left)
Optimizing NNI: done in 24.8478 secs using 162.3% CPU
Optimizing NNI: done in 23.665 secs using 138.1% CPU
Optimizing NNI: done in 26.4015 secs using 166% CPU
Optimizing NNI: done in 19.885 secs using 156.7% CPU
Optimizing NNI: done in 25.8205 secs using 144.1% CPU
Optimizing NNI: done in 19.6252 secs using 157.9% CPU
Optimizing NNI: done in 19.9141 secs using 145.6% CPU
Optimizing NNI: done in 10.3496 secs using 154.7% CPU
Optimizing NNI: done in 32.1254 secs using 155% CPU
Optimizing NNI: done in 26.3765 secs using 145.7% CPU
Iteration 210 / LogL: -9568.556 / Time: 2h:36m:31s (0h:50m:10s left)
Optimizing NNI: done in 13.495 secs using 157.2% CPU
Optimizing NNI: done in 22.1267 secs using 140% CPU
Optimizing NNI: done in 15.7068 secs using 150.5% CPU
Optimizing NNI: done in 28.6668 secs using 171.9% CPU
Optimizing NNI: done in 40.119 secs using 150.6% CPU
Optimizing NNI: done in 11.8059 secs using 148.8% CPU
Optimizing NNI: done in 25.7702 secs using 139.6% CPU
Optimizing NNI: done in 33.7285 secs using 170.4% CPU
Optimizing NNI: done in 8.84978 secs using 143.2% CPU
Optimizing NNI: done in 17.305 secs using 138.3% CPU
Iteration 220 / LogL: -9568.420 / Time: 2h:40m:9s (0h:41m:40s left)
Optimizing NNI: done in 38.2347 secs using 148.3% CPU
Optimizing NNI: done in 23.588 secs using 157.7% CPU
Optimizing NNI: done in 32.4505 secs using 140% CPU
UPDATE BEST LOG-LIKELIHOOD: -9568.383
Optimizing NNI: done in 30.2602 secs using 144.2% CPU
Optimizing NNI: done in 37.9792 secs using 148.4% CPU
Optimizing NNI: done in 24.7811 secs using 137.9% CPU
Optimizing NNI: done in 21.0161 secs using 144% CPU
Optimizing NNI: done in 24.1994 secs using 155.7% CPU
Optimizing NNI: done in 28.2422 secs using 163.7% CPU
Optimizing NNI: done in 24.6443 secs using 130.2% CPU
Iteration 230 / LogL: -9628.992 / Time: 2h:44m:54s (0h:33m:50s left)
Optimizing NNI: done in 36.0826 secs using 159.7% CPU
Optimizing NNI: done in 16.6452 secs using 146% CPU
Optimizing NNI: done in 7.89134 secs using 153.3% CPU
Optimizing NNI: done in 22.0607 secs using 131.6% CPU
Optimizing NNI: done in 13.3984 secs using 142% CPU
Optimizing NNI: done in 22.0606 secs using 150.3% CPU
Optimizing NNI: done in 27.0393 secs using 141.8% CPU
Optimizing NNI: done in 25.3567 secs using 149.5% CPU
Optimizing NNI: done in 30.3121 secs using 151.6% CPU
Optimizing NNI: done in 26.2951 secs using 149.8% CPU
Iteration 240 / LogL: -9587.324 / Time: 2h:48m:42s (0h:26m:7s left)
Optimizing NNI: done in 11.8424 secs using 153.4% CPU
Optimizing NNI: done in 27.4613 secs using 169.1% CPU
Optimizing NNI: done in 27.7841 secs using 159.4% CPU
Optimizing NNI: done in 28.5739 secs using 166.4% CPU
Optimizing NNI: done in 18.3117 secs using 135.7% CPU
Optimizing NNI: done in 12.6656 secs using 140% CPU
Optimizing NNI: done in 17.7924 secs using 142% CPU
Optimizing NNI: done in 30.4246 secs using 144.9% CPU
Optimizing NNI: done in 12.7794 secs using 142.6% CPU
Optimizing NNI: done in 29.6103 secs using 155.1% CPU
Iteration 250 / LogL: -9570.274 / Time: 2h:52m:19s (0h:18m:41s left)
Optimizing NNI: done in 7.79105 secs using 145.2% CPU
Optimizing NNI: done in 15.9575 secs using 168.5% CPU
Optimizing NNI: done in 22.6676 secs using 161.2% CPU
Optimizing NNI: done in 8.14956 secs using 152.9% CPU
Optimizing NNI: done in 32.413 secs using 145.7% CPU
Optimizing NNI: done in 18.0683 secs using 149.7% CPU
Optimizing NNI: done in 11.5738 secs using 146.3% CPU
Optimizing NNI: done in 12.4912 secs using 134.9% CPU
Optimizing NNI: done in 27.2576 secs using 167.5% CPU
Optimizing NNI: done in 25.7146 secs using 140.1% CPU
Iteration 260 / LogL: -9569.968 / Time: 2h:55m:22s (0h:11m:30s left)
Optimizing NNI: done in 38.2149 secs using 153.6% CPU
Optimizing NNI: done in 28.1057 secs using 136.3% CPU
Optimizing NNI: done in 10.9715 secs using 149.3% CPU
Optimizing NNI: done in 16.4912 secs using 172.4% CPU
Optimizing NNI: done in 33.1542 secs using 168.9% CPU
Optimizing NNI: done in 38.1325 secs using 147% CPU
Optimizing NNI: done in 26.441 secs using 158.5% CPU
Optimizing NNI: done in 32.6555 secs using 143.4% CPU
Optimizing NNI: done in 21.5261 secs using 142% CPU
Optimizing NNI: done in 23.4601 secs using 159.7% CPU
Iteration 270 / LogL: -9583.859 / Time: 2h:59m:51s (0h:4m:40s left)
Optimizing NNI: done in 18.4415 secs using 142.7% CPU
Optimizing NNI: done in 19.387 secs using 146.8% CPU
Optimizing NNI: done in 19.6923 secs using 148.8% CPU
Optimizing NNI: done in 33.0082 secs using 144.2% CPU
Optimizing NNI: done in 31.1954 secs using 153.4% CPU
Optimizing NNI: done in 23.4144 secs using 148.6% CPU
Optimizing NNI: done in 17.7338 secs using 180.2% CPU
Optimizing NNI: done in 10.9989 secs using 146.8% CPU
UPDATE BEST LOG-LIKELIHOOD: -9568.383
TREE SEARCH COMPLETED AFTER 278 ITERATIONS / Time: 3h:2m:45s

--------------------------------------------------------------------
|                    FINALIZING TREE SEARCH                        |
--------------------------------------------------------------------
Performs final model parameters optimization
Estimate model parameters (epsilon = 0.010)
1. Initial log-likelihood: -9568.383
Optimal log-likelihood: -9568.382
Rate parameters:  A-C: 0.68360  A-G: 2.08765  A-T: 1.27870  C-G: 1.01622  C-T: 4.46950  G-T: 1.00000
Base frequencies:  A: 0.278  C: 0.259  G: 0.295  T: 0.167
Gamma shape alpha: 0.111
Parameters optimization took 1 rounds (0.885 sec)
BEST SCORE FOUND : -9568.382
Total tree length: 0.633

Total number of iterations: 278
CPU time used for tree search: 15606.082 sec (4h:20m:6s)
Wall-clock time used for tree search: 10939.712 sec (3h:2m:19s)
Total CPU time used: 15642.041 sec (4h:20m:42s)
Total wall-clock time used: 10966.594 sec (3h:2m:46s)

Analysis results written to: 
  IQ-TREE report:                MYH2_GTR.iqtree
  Maximum-likelihood tree:       MYH2_GTR.treefile
  Likelihood distances:          MYH2_GTR.mldist
  Screen log file:               MYH2_GTR.log

Date and Time: Thu Feb  8 01:19:59 2024
