IQ-TREE multicore version 2.2.0-beta COVID-edition for Linux 64-bit built Dec 21 2021 built Dec 21 2021
Developed by Bui Quang Minh, James Barbetti, Nguyen Lam Tung,
Olga Chernomor, Heiko Schmidt, Dominik Schrempf, Michael Woodhams, Ly Trong Nhan.

Host:    awarnach20 (AVX, FMA3, 251 GB RAM)
Command: iqtree -s codon_alignments_v4_Jan24/OTOF_codon_aligned.phy -m GTR+G4 -pre OTOF_GTR -nt 4
Seed:    88787 (Using SPRNG - Scalable Parallel Random Number Generator)
Time:    Mon Feb  5 20:50:43 2024
Kernel:  AVX+FMA - 4 threads (48 CPU cores detected)

Reading alignment file codon_alignments_v4_Jan24/OTOF_codon_aligned.phy ... Fasta format detected
Reading fasta file: done in 0.011791 secs using 75.15% CPU
Alignment most likely contains DNA/RNA sequences
Constructing alignment: done in 0.0209264 secs using 69.9% CPU
Alignment has 84 sequences with 6000 columns, 1877 distinct patterns
687 parsimony-informative, 671 singleton sites, 4642 constant sites
                   Gap/Ambiguity  Composition  p-value
Analyzing sequences: done in 0.000590064 secs using 98.8% CPU
   1  Bacu_OTOF            0.00%    passed     89.19%
   2  Barn_OTOF           66.50%    passed     38.79%
   3  Bbai76728_OTOF      31.45%    passed     31.15%
   4  BbonAUS_OTOF        33.70%    passed     63.59%
   5  Bbor_OTOF           29.65%    passed     97.88%
   6  Bede66737_OTOF      30.60%    passed     80.19%
   7  BedeAUS_OTOF        34.30%    passed     74.14%
   8  Bmus_OTOF            0.00%    passed     91.11%
   9  Bmys_OTOF           18.30%    passed     75.88%
  10  Bphy_OTOF            2.00%    passed     84.92%
  11  Bphy_baits_OTOF     30.15%    passed     59.33%
  12  Ccom40_OTOF         54.90%    passed     69.43%
  13  Chea7320_OTOF       35.65%    passed     88.43%
  14  Cmar59905_OTOF      21.70%    passed     53.79%
  15  Dcap108471_OTOF     24.70%    passed     92.29%
  16  Dcap79929_OTOF      30.20%    passed     76.61%
  17  DdelSJR_OTOF        32.70%    passed     89.14%
  18  Ddeltrop4525_OTOF   20.60%    passed     93.08%
  19  Dleu_OTOF            0.00%    passed     96.40%
  20  EausAUS_OTOF        43.70%    passed     48.18%
  21  Egla13086_OTOF      27.05%    passed     88.22%
  22  Ejap43864_OTOF      32.70%    passed     48.32%
  23  Erob133443_OTOF     38.25%    passed     84.71%
  24  Fatt_OTOF           35.80%    passed     91.16%
  25  Ggri_OTOF           25.25%    passed     95.60%
  26  Gmac39091_OTOF      21.85%    passed     92.73%
  27  Gmel_OTOF            0.00%    passed     88.80%
  28  Hamp_OTOF           22.85%    passed     73.39%
  29  Igeo_OTOF           30.50%    passed     82.65%
  30  Kbre_OTOF           31.25%    passed     98.28%
  31  Ksim_OTOF           32.80%    passed     95.62%
  32  Lacu_OTOF           38.15%    passed     93.19%
  33  Lalb_OTOF           30.10%    passed     96.36%
  34  Laus_OTOF           29.10%    passed     80.20%
  35  Lbor_OTOF           55.10%    passed     77.76%
  36  Lhos30470_OTOF      24.00%    passed     79.17%
  37  Lhos452_OTOF        28.70%    passed     88.46%
  38  Lobl_OTOF            0.00%    passed     80.28%
  39  Lobs_OTOF           32.80%    passed     71.36%
  40  LperAUS_OTOF        34.85%    passed     41.27%
  41  Lvex_OTOF            0.50%    passed     93.88%
  42  Mbid_OTOF           38.80%    passed     75.33%
  43  Mbow_OTOF           26.95%    passed     68.01%
  44  Mcar_OTOF           39.35%    passed     93.26%
  45  Mden_OTOF           51.60%    passed     44.46%
  46  Meur_OTOF           36.20%    passed     80.83%
  47  Mgin_OTOF           34.45%    passed     49.73%
  48  Mhec_OTOF           51.80%    passed     72.84%
  49  MlayAUS_OTOF        40.65%    passed     17.82%
  50  Mmir_OTOF           54.20%    passed     51.22%
  51  Mmon_OTOF            0.00%    passed     97.53%
  52  Mper_OTOF           31.30%    passed     78.09%
  53  Mpni_OTOF           43.75%    passed     55.11%
  54  Mste_OTOF           22.35%    passed     80.39%
  55  Naasi_OTOF           0.00%    passed     84.44%
  56  Npho_OTOF            7.50%    passed     70.84%
  57  Obre_OTOF           25.95%    passed     84.37%
  58  Ohei_OTOF           23.20%    passed     90.24%
  59  Oorc_OTOF            0.10%    passed     87.05%
  60  Pbla7349_OTOF       29.00%    passed     60.21%
  61  Pcra123188_OTOF     31.80%    passed     84.76%
  62  Pdio_OTOF           31.30%    passed     90.01%
  63  Pele_OTOF           26.55%    passed     70.88%
  64  Pcat_OTOF            0.00%    passed     92.12%
  65  Pmac_OTOF           43.20%    failed      4.19%
  66  Ppho_OTOF           32.60%    passed     96.44%
  67  Psin_OTOF            0.00%    passed     82.70%
  68  Pspi_OTOF           49.55%    passed     95.96%
  69  Satt18473_OTOF      29.85%    passed     90.21%
  70  Satt38219_OTOF      54.80%    passed     70.82%
  71  Sbre116871_OTOF     22.95%    passed     80.85%
  72  Sbre18437_OTOF      31.00%    passed     85.35%
  73  Schi_OTOF           26.90%    passed     72.84%
  74  Scly1726_OTOF       23.75%    passed     86.38%
  75  Scoe_OTOF           29.45%    passed     91.74%
  76  Sflu9837_OTOF       30.55%    passed     98.26%
  77  Sfro7782_OTOF       32.90%    passed     85.83%
  78  Sfro7784_OTOF       27.85%    passed     90.08%
  79  Slon16012_OTOF      22.55%    passed     75.23%
  80  Slon24923_OTOF      30.10%    passed     95.80%
  81  Tadu79924_OTOF      47.00%    passed     89.44%
  82  Tshe_OTOF           37.85%    passed     35.19%
  83  Ttru_OTOF            0.00%    passed     83.08%
  84  Zcav_OTOF           35.95%    passed     26.18%
WARNING: 7 sequences contain more than 50% gaps/ambiguity
****  TOTAL               28.19%  1 sequences failed composition chi2 test (p-value<5%; df=3)
Checking for duplicate sequences: done in 0.00149886 secs using 902.7% CPU

Create initial parsimony tree by phylogenetic likelihood library (PLL)... 0.002 seconds

NOTE: 20 MB RAM (0 GB) is required!
Estimate model parameters (epsilon = 0.100)
1. Initial log-likelihood: -39368.826
2. Current log-likelihood: -34104.436
3. Current log-likelihood: -33437.439
4. Current log-likelihood: -33420.767
5. Current log-likelihood: -33420.305
Optimal log-likelihood: -33420.277
Rate parameters:  A-C: 0.92612  A-G: 4.67353  A-T: 1.17455  C-G: 1.65192  C-T: 4.84483  G-T: 1.00000
Base frequencies:  A: 0.221  C: 0.302  G: 0.305  T: 0.173
Gamma shape alpha: 0.139
Parameters optimization took 5 rounds (1.641 sec)
Wrote distance file to... 
Computing ML distances based on estimated model parameters...
Calculating distance matrix: done in 0.0212115 secs using 428% CPU
Computing ML distances took 0.024307 sec (of wall-clock time) 0.094549 sec (of CPU time)
Setting up auxiliary I and S matrices: done in 0.00114786 secs using 347% CPU
Constructing RapidNJ tree: done in 0.0401008 secs using 111.7% CPU
Computing RapidNJ tree took 0.041470 sec (of wall-clock time) 0.049412 sec (of CPU time)
Log-likelihood of RapidNJ tree: -23912.305
--------------------------------------------------------------------
|             INITIALIZING CANDIDATE TREE SET                      |
--------------------------------------------------------------------
Generating 98 parsimony trees... 0.385 second
Computing log-likelihood of 98 initial trees ... 6.858 seconds
Current best score: -23912.305

Do NNI search on 20 best initial trees
Optimizing NNI: done in 1.3115 secs using 397.7% CPU
Estimate model parameters (epsilon = 0.100)
BETTER TREE FOUND at iteration 1: -23523.075
Optimizing NNI: done in 6.30363 secs using 399% CPU
Optimizing NNI: done in 6.80555 secs using 398.6% CPU
Optimizing NNI: done in 6.87967 secs using 398.9% CPU
Optimizing NNI: done in 7.32209 secs using 398.5% CPU
Optimizing NNI: done in 7.29925 secs using 398.9% CPU
Optimizing NNI: done in 7.43734 secs using 398.8% CPU
Optimizing NNI: done in 6.62824 secs using 398.5% CPU
Optimizing NNI: done in 8.04328 secs using 398.2% CPU
Optimizing NNI: done in 6.11286 secs using 399.1% CPU
Iteration 10 / LogL: -23879.550 / Time: 0h:1m:14s
Optimizing NNI: done in 5.98723 secs using 399.5% CPU
Optimizing NNI: done in 8.13398 secs using 399% CPU
Optimizing NNI: done in 7.32052 secs using 398.6% CPU
Optimizing NNI: done in 6.33236 secs using 398.6% CPU
Optimizing NNI: done in 6.56052 secs using 399% CPU
Optimizing NNI: done in 7.29776 secs using 398.8% CPU
Optimizing NNI: done in 7.24693 secs using 398.6% CPU
Optimizing NNI: done in 7.07189 secs using 398.7% CPU
Optimizing NNI: done in 7.69999 secs using 397.8% CPU
Optimizing NNI: done in 7.73105 secs using 398.9% CPU
Iteration 20 / LogL: -23729.761 / Time: 0h:2m:25s
Finish initializing candidate tree set (20)
Current best tree score: -23523.075 / CPU time: 143.718
Number of iterations: 20
--------------------------------------------------------------------
|               OPTIMIZING CANDIDATE TREE SET                      |
--------------------------------------------------------------------
Optimizing NNI: done in 1.32707 secs using 399.6% CPU
Optimizing NNI: done in 1.2724 secs using 399% CPU
Optimizing NNI: done in 1.20468 secs using 398.9% CPU
Optimizing NNI: done in 1.12051 secs using 398.2% CPU
Estimate model parameters (epsilon = 0.100)
BETTER TREE FOUND at iteration 24: -23518.278
Optimizing NNI: done in 1.73692 secs using 398.9% CPU
Optimizing NNI: done in 0.977222 secs using 397.7% CPU
Estimate model parameters (epsilon = 0.100)
BETTER TREE FOUND at iteration 26: -23516.519
Optimizing NNI: done in 0.966171 secs using 398.5% CPU
Optimizing NNI: done in 1.2237 secs using 398.8% CPU
Optimizing NNI: done in 1.24141 secs using 398.1% CPU
Estimate model parameters (epsilon = 0.100)
BETTER TREE FOUND at iteration 29: -23504.518
Optimizing NNI: done in 1.27282 secs using 396.7% CPU
Iteration 30 / LogL: -23977.638 / Time: 0h:2m:38s (0h:9m:2s left)
Optimizing NNI: done in 1.26868 secs using 398% CPU
Estimate model parameters (epsilon = 0.100)
BETTER TREE FOUND at iteration 31: -23454.843
Optimizing NNI: done in 1.38816 secs using 398.4% CPU
Optimizing NNI: done in 1.18051 secs using 398.6% CPU
Optimizing NNI: done in 0.91107 secs using 399.2% CPU
Optimizing NNI: done in 1.32099 secs using 398.6% CPU
Optimizing NNI: done in 1.12268 secs using 398% CPU
Optimizing NNI: done in 1.39392 secs using 399.9% CPU
Optimizing NNI: done in 1.18181 secs using 398.9% CPU
Optimizing NNI: done in 1.1519 secs using 399.4% CPU
Optimizing NNI: done in 1.19888 secs using 397.3% CPU
Iteration 40 / LogL: -23459.925 / Time: 0h:2m:51s (0h:6m:40s left)
Optimizing NNI: done in 1.12494 secs using 398.8% CPU
Optimizing NNI: done in 1.08164 secs using 398.5% CPU
Estimate model parameters (epsilon = 0.100)
BETTER TREE FOUND at iteration 42: -23454.717
Optimizing NNI: done in 1.27714 secs using 398.5% CPU
Optimizing NNI: done in 1.20278 secs using 399% CPU
Optimizing NNI: done in 1.29716 secs using 398.2% CPU
Optimizing NNI: done in 1.16104 secs using 399.5% CPU
Optimizing NNI: done in 1.24401 secs using 398.4% CPU
Estimate model parameters (epsilon = 0.100)
BETTER TREE FOUND at iteration 47: -23453.582
Optimizing NNI: done in 1.08478 secs using 397.3% CPU
Optimizing NNI: done in 1.05605 secs using 399.3% CPU
Estimate model parameters (epsilon = 0.100)
BETTER TREE FOUND at iteration 49: -23447.908
Optimizing NNI: done in 1.45567 secs using 397.9% CPU
Iteration 50 / LogL: -23449.742 / Time: 0h:3m:4s (0h:6m:12s left)
Optimizing NNI: done in 1.76961 secs using 399.5% CPU
Estimate model parameters (epsilon = 0.100)
BETTER TREE FOUND at iteration 51: -23447.663
Optimizing NNI: done in 1.28571 secs using 399.7% CPU
Optimizing NNI: done in 1.72552 secs using 398.5% CPU
Optimizing NNI: done in 1.20224 secs using 398.8% CPU
Estimate model parameters (epsilon = 0.100)
BETTER TREE FOUND at iteration 54: -23442.401
Optimizing NNI: done in 1.1107 secs using 397.9% CPU
Optimizing NNI: done in 1.08006 secs using 399.7% CPU
Optimizing NNI: done in 1.5835 secs using 398.6% CPU
Optimizing NNI: done in 1.85893 secs using 398.4% CPU
Optimizing NNI: done in 0.904756 secs using 399% CPU
Optimizing NNI: done in 1.6271 secs using 397.7% CPU
Iteration 60 / LogL: -23522.446 / Time: 0h:3m:18s (0h:5m:16s left)
Optimizing NNI: done in 1.89518 secs using 399.4% CPU
Optimizing NNI: done in 1.33016 secs using 399.3% CPU
Optimizing NNI: done in 1.23989 secs using 398.1% CPU
Optimizing NNI: done in 1.15394 secs using 398.5% CPU
Optimizing NNI: done in 1.34484 secs using 398.9% CPU
Optimizing NNI: done in 1.12188 secs using 397.8% CPU
Optimizing NNI: done in 1.00917 secs using 398.3% CPU
Estimate model parameters (epsilon = 0.100)
BETTER TREE FOUND at iteration 67: -23434.243
Optimizing NNI: done in 1.19224 secs using 399% CPU
Optimizing NNI: done in 1.08248 secs using 398.3% CPU
Optimizing NNI: done in 1.24697 secs using 399% CPU
Iteration 70 / LogL: -23452.673 / Time: 0h:3m:31s (0h:4m:57s left)
Optimizing NNI: done in 1.57877 secs using 398.4% CPU
Optimizing NNI: done in 1.11657 secs using 398.9% CPU
Optimizing NNI: done in 1.47695 secs using 397.9% CPU
Optimizing NNI: done in 1.22602 secs using 399.6% CPU
Optimizing NNI: done in 1.46174 secs using 399.1% CPU
Optimizing NNI: done in 1.20332 secs using 399.6% CPU
Optimizing NNI: done in 1.31966 secs using 398.9% CPU
Optimizing NNI: done in 1.66381 secs using 398.3% CPU
Optimizing NNI: done in 0.899402 secs using 399% CPU
Optimizing NNI: done in 1.33806 secs using 398.7% CPU
Iteration 80 / LogL: -23483.487 / Time: 0h:3m:44s (0h:4m:7s left)
Optimizing NNI: done in 1.23379 secs using 399% CPU
Estimate model parameters (epsilon = 0.100)
BETTER TREE FOUND at iteration 81: -23430.555
Optimizing NNI: done in 1.20507 secs using 399.3% CPU
Optimizing NNI: done in 1.25307 secs using 398.5% CPU
Optimizing NNI: done in 1.13995 secs using 398.7% CPU
Optimizing NNI: done in 1.22955 secs using 398.7% CPU
Optimizing NNI: done in 0.994731 secs using 398.9% CPU
Estimate model parameters (epsilon = 0.100)
BETTER TREE FOUND at iteration 86: -23429.745
Optimizing NNI: done in 1.17817 secs using 397.8% CPU
Optimizing NNI: done in 1.05217 secs using 398.5% CPU
Optimizing NNI: done in 1.1152 secs using 399.6% CPU
Optimizing NNI: done in 1.05691 secs using 400.2% CPU
Iteration 90 / LogL: -23431.467 / Time: 0h:3m:56s (0h:4m:15s left)
Optimizing NNI: done in 1.01139 secs using 399.5% CPU
Optimizing NNI: done in 1.46927 secs using 398.4% CPU
Optimizing NNI: done in 1.08952 secs using 397.8% CPU
Optimizing NNI: done in 0.976272 secs using 398.8% CPU
Optimizing NNI: done in 1.52523 secs using 398.4% CPU
Estimate model parameters (epsilon = 0.100)
BETTER TREE FOUND at iteration 95: -23426.056
Optimizing NNI: done in 1.15838 secs using 397% CPU
Optimizing NNI: done in 1.21124 secs using 398.3% CPU
Optimizing NNI: done in 1.32162 secs using 399.7% CPU
Optimizing NNI: done in 1.16085 secs using 399.2% CPU
Optimizing NNI: done in 1.13745 secs using 399% CPU
Iteration 100 / LogL: -23433.923 / Time: 0h:4m:8s (0h:3m:58s left)
Optimizing NNI: done in 1.11655 secs using 399.9% CPU
Optimizing NNI: done in 1.17756 secs using 399% CPU
Optimizing NNI: done in 1.26868 secs using 398.6% CPU
Optimizing NNI: done in 0.994478 secs using 400.2% CPU
Optimizing NNI: done in 1.25689 secs using 398.3% CPU
Optimizing NNI: done in 1.21108 secs using 400% CPU
Optimizing NNI: done in 1.32553 secs using 399.4% CPU
Optimizing NNI: done in 1.3752 secs using 397% CPU
Optimizing NNI: done in 1.25872 secs using 398.1% CPU
Optimizing NNI: done in 1.33086 secs using 399.4% CPU
Iteration 110 / LogL: -23427.708 / Time: 0h:4m:21s (0h:3m:23s left)
Optimizing NNI: done in 1.06225 secs using 399.8% CPU
Optimizing NNI: done in 1.13169 secs using 399.1% CPU
Optimizing NNI: done in 1.06558 secs using 398.2% CPU
Optimizing NNI: done in 1.31037 secs using 400.1% CPU
Optimizing NNI: done in 0.923886 secs using 398.9% CPU
Optimizing NNI: done in 1.04548 secs using 399.3% CPU
Optimizing NNI: done in 1.1627 secs using 399.4% CPU
Optimizing NNI: done in 1.16759 secs using 398.1% CPU
Optimizing NNI: done in 1.20657 secs using 397.4% CPU
Optimizing NNI: done in 1.04604 secs using 398.4% CPU
Iteration 120 / LogL: -23447.965 / Time: 0h:4m:32s (0h:2m:51s left)
Optimizing NNI: done in 1.02602 secs using 399.1% CPU
Optimizing NNI: done in 1.01691 secs using 399.1% CPU
Optimizing NNI: done in 0.895072 secs using 399.1% CPU
Optimizing NNI: done in 1.08426 secs using 398.6% CPU
Optimizing NNI: done in 1.25001 secs using 398.3% CPU
Optimizing NNI: done in 1.09141 secs using 396.2% CPU
Optimizing NNI: done in 1.17204 secs using 398.3% CPU
Optimizing NNI: done in 1.65107 secs using 398.2% CPU
Optimizing NNI: done in 1.11606 secs using 397.6% CPU
Optimizing NNI: done in 1.24748 secs using 398.3% CPU
Iteration 130 / LogL: -23427.156 / Time: 0h:4m:44s (0h:2m:23s left)
Optimizing NNI: done in 1.14169 secs using 398.6% CPU
Optimizing NNI: done in 1.02825 secs using 398.5% CPU
Optimizing NNI: done in 1.18719 secs using 398.6% CPU
Optimizing NNI: done in 1.13787 secs using 399.6% CPU
Optimizing NNI: done in 1.11774 secs using 397.8% CPU
Estimate model parameters (epsilon = 0.100)
BETTER TREE FOUND at iteration 135: -23426.004
Optimizing NNI: done in 1.20708 secs using 399.6% CPU
Optimizing NNI: done in 1.16105 secs using 398.8% CPU
Optimizing NNI: done in 1.17063 secs using 399.1% CPU
Optimizing NNI: done in 1.14504 secs using 398.4% CPU
Optimizing NNI: done in 1.22857 secs using 398.6% CPU
Iteration 140 / LogL: -23426.019 / Time: 0h:4m:55s (0h:3m:22s left)
Optimizing NNI: done in 1.28191 secs using 398.7% CPU
Optimizing NNI: done in 1.07443 secs using 399.4% CPU
Optimizing NNI: done in 1.19875 secs using 398% CPU
Optimizing NNI: done in 1.11381 secs using 398.3% CPU
Optimizing NNI: done in 1.3024 secs using 399.2% CPU
Optimizing NNI: done in 1.05628 secs using 399.3% CPU
Optimizing NNI: done in 1.0529 secs using 398.3% CPU
Optimizing NNI: done in 1.1543 secs using 399.1% CPU
Optimizing NNI: done in 0.884186 secs using 398.3% CPU
Optimizing NNI: done in 0.948031 secs using 398.4% CPU
Iteration 150 / LogL: -23427.232 / Time: 0h:5m:7s (0h:2m:55s left)
Optimizing NNI: done in 1.00791 secs using 396.8% CPU
Optimizing NNI: done in 1.14674 secs using 398.7% CPU
Optimizing NNI: done in 1.09666 secs using 398.5% CPU
Optimizing NNI: done in 1.10449 secs using 398.5% CPU
Optimizing NNI: done in 1.15128 secs using 398.9% CPU
Optimizing NNI: done in 1.02733 secs using 399.5% CPU
Optimizing NNI: done in 1.05825 secs using 398% CPU
Optimizing NNI: done in 1.1516 secs using 399.8% CPU
Optimizing NNI: done in 1.28385 secs using 398.8% CPU
Optimizing NNI: done in 1.12825 secs using 398.3% CPU
Iteration 160 / LogL: -23440.801 / Time: 0h:5m:18s (0h:2m:30s left)
Optimizing NNI: done in 1.16265 secs using 399% CPU
Optimizing NNI: done in 1.109 secs using 398.7% CPU
Optimizing NNI: done in 1.16844 secs using 396.9% CPU
Optimizing NNI: done in 1.02353 secs using 399.1% CPU
Optimizing NNI: done in 0.998703 secs using 398.1% CPU
Optimizing NNI: done in 1.23733 secs using 400.1% CPU
Optimizing NNI: done in 1.03828 secs using 396.8% CPU
Optimizing NNI: done in 1.10343 secs using 397.7% CPU
Optimizing NNI: done in 0.962631 secs using 398.9% CPU
Optimizing NNI: done in 1.13608 secs using 399% CPU
Iteration 170 / LogL: -23433.218 / Time: 0h:5m:29s (0h:2m:6s left)
Optimizing NNI: done in 1.1404 secs using 396.9% CPU
Optimizing NNI: done in 1.07749 secs using 398.2% CPU
Optimizing NNI: done in 1.03769 secs using 398.5% CPU
Optimizing NNI: done in 1.07523 secs using 399.2% CPU
Optimizing NNI: done in 1.48754 secs using 399% CPU
Optimizing NNI: done in 0.928563 secs using 399.1% CPU
Optimizing NNI: done in 1.15581 secs using 398.8% CPU
Optimizing NNI: done in 1.12725 secs using 399.2% CPU
Optimizing NNI: done in 1.20813 secs using 399.7% CPU
Optimizing NNI: done in 0.976588 secs using 397.9% CPU
UPDATE BEST LOG-LIKELIHOOD: -23425.998
Iteration 180 / LogL: -23425.998 / Time: 0h:5m:40s (0h:1m:44s left)
Optimizing NNI: done in 1.11095 secs using 398.6% CPU
Optimizing NNI: done in 1.0414 secs using 400.5% CPU
Optimizing NNI: done in 1.34989 secs using 397.1% CPU
Optimizing NNI: done in 1.04814 secs using 398.9% CPU
Optimizing NNI: done in 1.71913 secs using 398.9% CPU
Estimate model parameters (epsilon = 0.100)
BETTER TREE FOUND at iteration 185: -23408.364
Optimizing NNI: done in 1.48712 secs using 398.6% CPU
Optimizing NNI: done in 0.95116 secs using 397.9% CPU
Optimizing NNI: done in 0.983528 secs using 397.9% CPU
Optimizing NNI: done in 1.04316 secs using 398.8% CPU
Optimizing NNI: done in 1.23897 secs using 398.7% CPU
Iteration 190 / LogL: -23430.859 / Time: 0h:5m:52s (0h:2m:57s left)
Optimizing NNI: done in 1.05206 secs using 397.8% CPU
Optimizing NNI: done in 1.09493 secs using 399.3% CPU
Optimizing NNI: done in 1.07995 secs using 399.4% CPU
Optimizing NNI: done in 1.3002 secs using 397.5% CPU
Optimizing NNI: done in 1.0963 secs using 398.6% CPU
Optimizing NNI: done in 0.931034 secs using 400% CPU
Optimizing NNI: done in 1.00507 secs using 398.6% CPU
Optimizing NNI: done in 1.29876 secs using 398.8% CPU
Estimate model parameters (epsilon = 0.100)
BETTER TREE FOUND at iteration 198: -23407.605
Optimizing NNI: done in 1.24199 secs using 398.6% CPU
Optimizing NNI: done in 1.28456 secs using 399.3% CPU
Iteration 200 / LogL: -23601.323 / Time: 0h:6m:4s (0h:2m:59s left)
Optimizing NNI: done in 1.13916 secs using 398.9% CPU
Optimizing NNI: done in 1.24968 secs using 398.7% CPU
Optimizing NNI: done in 1.22004 secs using 399.7% CPU
Optimizing NNI: done in 1.11791 secs using 398.5% CPU
Optimizing NNI: done in 1.07596 secs using 398.6% CPU
Optimizing NNI: done in 1.13511 secs using 399.3% CPU
Optimizing NNI: done in 1.23278 secs using 398.6% CPU
Optimizing NNI: done in 1.17814 secs using 399.5% CPU
Optimizing NNI: done in 1.41531 secs using 399.3% CPU
Estimate model parameters (epsilon = 0.100)
BETTER TREE FOUND at iteration 209: -23335.712
Optimizing NNI: done in 1.24227 secs using 397.9% CPU
Iteration 210 / LogL: -23651.132 / Time: 0h:6m:16s (0h:2m:58s left)
Optimizing NNI: done in 0.991685 secs using 397.8% CPU
Optimizing NNI: done in 1.0854 secs using 399.7% CPU
Optimizing NNI: done in 1.06968 secs using 398.5% CPU
Optimizing NNI: done in 1.30593 secs using 399% CPU
Optimizing NNI: done in 1.0642 secs using 398.9% CPU
Optimizing NNI: done in 1.69367 secs using 399% CPU
Optimizing NNI: done in 1.19094 secs using 398.3% CPU
Optimizing NNI: done in 0.980688 secs using 398.3% CPU
Optimizing NNI: done in 0.979543 secs using 398.2% CPU
Estimate model parameters (epsilon = 0.100)
BETTER TREE FOUND at iteration 219: -23331.440
Optimizing NNI: done in 0.88076 secs using 398.6% CPU
Iteration 220 / LogL: -23371.347 / Time: 0h:6m:28s (0h:2m:55s left)
Optimizing NNI: done in 1.02236 secs using 399% CPU
Optimizing NNI: done in 1.00684 secs using 398.5% CPU
Optimizing NNI: done in 1.01352 secs using 398.1% CPU
Optimizing NNI: done in 1.22929 secs using 398.8% CPU
Optimizing NNI: done in 0.923691 secs using 396.8% CPU
Estimate model parameters (epsilon = 0.100)
UPDATE BEST LOG-LIKELIHOOD: -23331.400
Optimizing NNI: done in 1.21154 secs using 399.1% CPU
Optimizing NNI: done in 1.19289 secs using 399.2% CPU
Optimizing NNI: done in 1.20367 secs using 398.8% CPU
Optimizing NNI: done in 1.0773 secs using 399% CPU
Optimizing NNI: done in 1.33232 secs using 398.8% CPU
Estimate model parameters (epsilon = 0.100)
BETTER TREE FOUND at iteration 230: -23330.019
Iteration 230 / LogL: -23330.019 / Time: 0h:6m:39s (0h:2m:54s left)
Optimizing NNI: done in 1.32218 secs using 399.9% CPU
Optimizing NNI: done in 1.37309 secs using 397.2% CPU
Optimizing NNI: done in 1.16398 secs using 398.7% CPU
Optimizing NNI: done in 0.959575 secs using 399.5% CPU
Optimizing NNI: done in 1.29239 secs using 399% CPU
Optimizing NNI: done in 1.221 secs using 399.8% CPU
Optimizing NNI: done in 0.947616 secs using 396.5% CPU
Optimizing NNI: done in 0.802072 secs using 398.5% CPU
Optimizing NNI: done in 1.35396 secs using 399.6% CPU
Optimizing NNI: done in 1.01708 secs using 399% CPU
Iteration 240 / LogL: -23330.257 / Time: 0h:6m:51s (0h:2m:34s left)
Optimizing NNI: done in 1.14033 secs using 395.1% CPU
Optimizing NNI: done in 1.23762 secs using 399% CPU
Estimate model parameters (epsilon = 0.100)
BETTER TREE FOUND at iteration 242: -23328.848
Optimizing NNI: done in 1.1604 secs using 398.3% CPU
Optimizing NNI: done in 1.12458 secs using 398.1% CPU
Optimizing NNI: done in 1.31721 secs using 399.1% CPU
Optimizing NNI: done in 1.12675 secs using 399.4% CPU
Optimizing NNI: done in 0.922993 secs using 398.7% CPU
Optimizing NNI: done in 1.20155 secs using 398% CPU
Optimizing NNI: done in 1.0661 secs using 399.5% CPU
Optimizing NNI: done in 1.28305 secs using 399% CPU
Iteration 250 / LogL: -23333.212 / Time: 0h:7m:3s (0h:2m:36s left)
Optimizing NNI: done in 1.09753 secs using 397.5% CPU
Optimizing NNI: done in 1.13872 secs using 399.7% CPU
Optimizing NNI: done in 1.01481 secs using 398.9% CPU
Optimizing NNI: done in 0.976816 secs using 398.7% CPU
Optimizing NNI: done in 0.997373 secs using 398.1% CPU
Optimizing NNI: done in 1.08276 secs using 398.6% CPU
Optimizing NNI: done in 1.06019 secs using 398.6% CPU
Optimizing NNI: done in 0.888997 secs using 399% CPU
Optimizing NNI: done in 1.39865 secs using 399.7% CPU
Optimizing NNI: done in 1.17762 secs using 397% CPU
Iteration 260 / LogL: -23338.577 / Time: 0h:7m:14s (0h:2m:17s left)
Optimizing NNI: done in 1.22496 secs using 399.8% CPU
Optimizing NNI: done in 1.24744 secs using 399.2% CPU
Optimizing NNI: done in 1.45009 secs using 398.5% CPU
Optimizing NNI: done in 1.44925 secs using 399.5% CPU
Optimizing NNI: done in 1.04096 secs using 398.3% CPU
Optimizing NNI: done in 1.08152 secs using 397.5% CPU
Optimizing NNI: done in 1.20935 secs using 399.4% CPU
Optimizing NNI: done in 1.07838 secs using 397.6% CPU
Optimizing NNI: done in 1.1283 secs using 398.6% CPU
Optimizing NNI: done in 1.14405 secs using 398.7% CPU
Iteration 270 / LogL: -23344.168 / Time: 0h:7m:26s (0h:1m:59s left)
Optimizing NNI: done in 1.13964 secs using 399.5% CPU
Optimizing NNI: done in 0.941588 secs using 400.1% CPU
Optimizing NNI: done in 1.20352 secs using 397.5% CPU
Optimizing NNI: done in 1.11669 secs using 399.6% CPU
Optimizing NNI: done in 1.20356 secs using 399.8% CPU
Optimizing NNI: done in 1.20723 secs using 397.3% CPU
Optimizing NNI: done in 1.18859 secs using 398.9% CPU
Optimizing NNI: done in 1.23616 secs using 399.4% CPU
Optimizing NNI: done in 1.00951 secs using 399.3% CPU
Optimizing NNI: done in 0.926178 secs using 398.6% CPU
Iteration 280 / LogL: -23337.720 / Time: 0h:7m:37s (0h:1m:41s left)
Optimizing NNI: done in 1.07767 secs using 398.2% CPU
Optimizing NNI: done in 1.05975 secs using 399.8% CPU
Optimizing NNI: done in 1.13704 secs using 399.5% CPU
Optimizing NNI: done in 1.30679 secs using 399.4% CPU
Optimizing NNI: done in 1.06115 secs using 397.2% CPU
Optimizing NNI: done in 1.26715 secs using 399.3% CPU
Optimizing NNI: done in 1.23087 secs using 399.7% CPU
Optimizing NNI: done in 1.11076 secs using 397.6% CPU
Optimizing NNI: done in 0.987241 secs using 399.1% CPU
Optimizing NNI: done in 1.25858 secs using 399.1% CPU
Iteration 290 / LogL: -23329.602 / Time: 0h:7m:49s (0h:1m:24s left)
Optimizing NNI: done in 1.15758 secs using 398.6% CPU
Optimizing NNI: done in 1.28581 secs using 400.2% CPU
Optimizing NNI: done in 1.11814 secs using 398.8% CPU
Optimizing NNI: done in 0.937618 secs using 400.5% CPU
Optimizing NNI: done in 1.05145 secs using 398% CPU
Optimizing NNI: done in 1.09751 secs using 397.5% CPU
Optimizing NNI: done in 1.04856 secs using 398.4% CPU
Optimizing NNI: done in 0.97214 secs using 398.5% CPU
Optimizing NNI: done in 1.15192 secs using 399.4% CPU
Optimizing NNI: done in 0.896585 secs using 399.5% CPU
Iteration 300 / LogL: -23486.263 / Time: 0h:7m:59s (0h:1m:7s left)
Optimizing NNI: done in 1.00763 secs using 398.7% CPU
Optimizing NNI: done in 1.11674 secs using 398.1% CPU
Optimizing NNI: done in 0.981412 secs using 398.9% CPU
Optimizing NNI: done in 1.05107 secs using 399.6% CPU
Optimizing NNI: done in 1.22187 secs using 397.6% CPU
Optimizing NNI: done in 1.15034 secs using 399.5% CPU
Optimizing NNI: done in 0.97901 secs using 396.8% CPU
Optimizing NNI: done in 1.10339 secs using 399.5% CPU
Optimizing NNI: done in 0.989212 secs using 400.6% CPU
Optimizing NNI: done in 1.06233 secs using 398.3% CPU
Iteration 310 / LogL: -23328.953 / Time: 0h:8m:10s (0h:0m:50s left)
Optimizing NNI: done in 1.24517 secs using 398.5% CPU
Optimizing NNI: done in 1.2169 secs using 398.9% CPU
Optimizing NNI: done in 1.21655 secs using 398.6% CPU
Optimizing NNI: done in 1.10085 secs using 398% CPU
Optimizing NNI: done in 1.35972 secs using 399.5% CPU
Optimizing NNI: done in 1.46551 secs using 398.3% CPU
Optimizing NNI: done in 1.07785 secs using 399.2% CPU
Optimizing NNI: done in 1.09896 secs using 399.7% CPU
Optimizing NNI: done in 1.21781 secs using 398.3% CPU
Optimizing NNI: done in 1.23362 secs using 399.3% CPU
Iteration 320 / LogL: -23330.685 / Time: 0h:8m:23s (0h:0m:34s left)
Optimizing NNI: done in 1.17627 secs using 399.7% CPU
Optimizing NNI: done in 1.13648 secs using 400.7% CPU
Optimizing NNI: done in 1.10821 secs using 398.6% CPU
Optimizing NNI: done in 1.12359 secs using 397.9% CPU
Optimizing NNI: done in 0.915318 secs using 399.1% CPU
Optimizing NNI: done in 1.14015 secs using 399.6% CPU
Optimizing NNI: done in 1.15764 secs using 399% CPU
Optimizing NNI: done in 0.902057 secs using 400.4% CPU
Optimizing NNI: done in 1.58945 secs using 397.2% CPU
Optimizing NNI: done in 1.27606 secs using 399.7% CPU
Iteration 330 / LogL: -23329.809 / Time: 0h:8m:34s (0h:0m:18s left)
Optimizing NNI: done in 1.08412 secs using 399% CPU
Optimizing NNI: done in 1.15082 secs using 398.7% CPU
UPDATE BEST LOG-LIKELIHOOD: -23328.848
Optimizing NNI: done in 1.02205 secs using 399.5% CPU
Optimizing NNI: done in 1.21258 secs using 398.3% CPU
Optimizing NNI: done in 1.45336 secs using 398.9% CPU
Optimizing NNI: done in 1.07422 secs using 398.4% CPU
Optimizing NNI: done in 1.0363 secs using 398.9% CPU
Optimizing NNI: done in 1.14052 secs using 398.9% CPU
Optimizing NNI: done in 1.11147 secs using 398.4% CPU
UPDATE BEST LOG-LIKELIHOOD: -23328.847
Optimizing NNI: done in 1.10039 secs using 397.8% CPU
Iteration 340 / LogL: -23354.796 / Time: 0h:8m:46s (0h:0m:3s left)
Optimizing NNI: done in 1.1339 secs using 397.1% CPU
Optimizing NNI: done in 1.20697 secs using 399% CPU
Optimizing NNI: done in 1.14896 secs using 399.1% CPU
TREE SEARCH COMPLETED AFTER 343 ITERATIONS / Time: 0h:8m:49s

--------------------------------------------------------------------
|                    FINALIZING TREE SEARCH                        |
--------------------------------------------------------------------
Performs final model parameters optimization
Estimate model parameters (epsilon = 0.010)
1. Initial log-likelihood: -23328.847
Optimal log-likelihood: -23328.845
Rate parameters:  A-C: 1.21636  A-G: 3.56922  A-T: 1.24057  C-G: 1.37137  C-T: 3.69510  G-T: 1.00000
Base frequencies:  A: 0.221  C: 0.302  G: 0.305  T: 0.173
Gamma shape alpha: 0.229
Parameters optimization took 1 rounds (0.129 sec)
BEST SCORE FOUND : -23328.845
Total tree length: 0.607

Total number of iterations: 343
CPU time used for tree search: 2098.525 sec (0h:34m:58s)
Wall-clock time used for tree search: 527.446 sec (0h:8m:47s)
Total CPU time used: 2107.430 sec (0h:35m:7s)
Total wall-clock time used: 529.751 sec (0h:8m:49s)

Analysis results written to: 
  IQ-TREE report:                OTOF_GTR.iqtree
  Maximum-likelihood tree:       OTOF_GTR.treefile
  Likelihood distances:          OTOF_GTR.mldist
  Screen log file:               OTOF_GTR.log

Date and Time: Mon Feb  5 20:59:32 2024
