IQ-TREE multicore version 1.6.12 for Linux 64-bit built Aug 15 2019
Developed by Bui Quang Minh, Nguyen Lam Tung, Olga Chernomor,
Heiko Schmidt, Dominik Schrempf, Michael Woodhams.

Host:    fermat (AVX2, FMA3, 1009 GB RAM)
Command: ../../iqtree -s OTOF_codon_aligned.phy -st CODON1 -m TEST
Seed:    636788 (Using SPRNG - Scalable Parallel Random Number Generator)
Time:    Mon Jan 15 19:38:36 2024
Kernel:  AVX+FMA - 1 threads (128 CPU cores detected)

HINT: Use -nt option to specify number of threads because your CPU has 128 cores!
HINT: -nt AUTO will automatically determine the best number of threads to use.

Reading alignment file OTOF_codon_aligned.phy ... Fasta format detected
Alignment most likely contains DNA/RNA sequences
Converting to codon sequences with genetic code 1 ...
WARNING: Sequence Hamp_OTOF has ambiguous character C-- at site 4231
WARNING: Sequence Hamp_OTOF has ambiguous character -TC at site 4366
Alignment has 94 sequences with 2000 columns, 1910 distinct patterns
973 parsimony-informative, 528 singleton sites, 499 constant sites
                   Gap/Ambiguity  Composition  p-value
   1  Bacu_OTOF            0.00%    passed    100.00%
   2  Barn_OTOF           66.50%    passed     79.36%
   3  Bbai76728_OTOF      31.45%    passed    100.00%
   4  BbonAUS_OTOF        33.70%    passed    100.00%
   5  Bbor_OTOF           29.65%    passed    100.00%
   6  Bede66737_OTOF      30.60%    passed    100.00%
   7  BedeAUS_OTOF        34.30%    passed    100.00%
   8  Bmus_OTOF            0.00%    passed    100.00%
   9  Bmys_OTOF           18.30%    passed     99.87%
  10  Bphy_OTOF            2.00%    passed    100.00%
  11  Bphy_baits_OTOF     30.15%    passed    100.00%
  12  Btau_OTOF            0.10%    passed     84.35%
  13  Ccom40_OTOF         54.90%    passed     99.57%
  14  Chea7320_OTOF       35.65%    passed    100.00%
  15  Clfam_OTOF           0.15%    failed      0.14%
  16  Cmar59905_OTOF      21.70%    passed    100.00%
  17  Dcap108471_OTOF     24.70%    passed    100.00%
  18  Dcap79929_OTOF      30.20%    passed    100.00%
  19  DdelSJR_OTOF        32.70%    passed    100.00%
  20  Ddeltrop4525_OTOF   20.60%    passed    100.00%
  21  Dleu_OTOF            0.00%    passed    100.00%
  22  EausAUS_OTOF        43.70%    passed     99.99%
  23  Ecab_OTOF            0.25%    passed     47.85%
  24  Egla13086_OTOF      27.05%    passed    100.00%
  25  Ejap43864_OTOF      32.70%    passed    100.00%
  26  Erob133443_OTOF     38.25%    passed    100.00%
  27  Fatt_OTOF           35.80%    passed    100.00%
  28  Ggri_OTOF           25.25%    passed    100.00%
  29  Gmac39091_OTOF      21.85%    passed    100.00%
  30  Gmel_OTOF            0.00%    passed    100.00%
  31  Hamp_OTOF           22.90%    passed    100.00%
  32  Hippo_OTOF           0.10%    passed     93.25%
  33  Hsap_OTOF            0.20%    failed      0.00%
  34  Igeo_OTOF           30.50%    passed    100.00%
  35  Kbre_OTOF           31.25%    passed    100.00%
  36  Ksim_OTOF           32.80%    passed    100.00%
  37  Lacu_OTOF           38.15%    passed    100.00%
  38  Lalb_OTOF           30.10%    passed    100.00%
  39  Laus_OTOF           29.10%    passed    100.00%
  40  Lbor_OTOF           55.10%    passed    100.00%
  41  Lhos30470_OTOF      24.00%    passed    100.00%
  42  Lhos452_OTOF        28.70%    passed    100.00%
  43  Lobl_OTOF            0.00%    passed    100.00%
  44  Lobs_OTOF           32.80%    passed    100.00%
  45  LperAUS_OTOF        34.85%    passed    100.00%
  46  Lvex_OTOF            0.50%    passed    100.00%
  47  Mbid_OTOF           38.80%    passed    100.00%
  48  Mbow_OTOF           26.95%    passed    100.00%
  49  Mcar_OTOF           39.35%    passed    100.00%
  50  Mden_OTOF           51.60%    passed     99.86%
  51  Meur_OTOF           36.20%    passed    100.00%
  52  Mgin_OTOF           34.45%    passed    100.00%
  53  Mhec_OTOF           51.80%    passed     99.76%
  54  MlayAUS_OTOF        40.65%    passed    100.00%
  55  Mmir_OTOF           54.20%    passed    100.00%
  56  Mmon_OTOF            0.00%    passed    100.00%
  57  Mmus_OTOF            1.15%    failed      0.00%
  58  Mper_OTOF           31.30%    passed    100.00%
  59  Mpni_OTOF           43.75%    passed    100.00%
  60  Mste_OTOF           22.35%    passed    100.00%
  61  Naasi_OTOF           0.00%    passed    100.00%
  62  Npho_OTOF            7.50%    passed    100.00%
  63  Oari_OTOF            0.10%    passed     41.63%
  64  Obre_OTOF           25.95%    passed    100.00%
  65  Ohei_OTOF           23.20%    passed    100.00%
  66  Oorc_OTOF            0.10%    passed    100.00%
  67  Ovtex_OTOF           0.10%    passed     90.14%
  68  Pbla7349_OTOF       29.00%    passed     99.58%
  69  Pcra123188_OTOF     31.80%    passed    100.00%
  70  Pdio_OTOF           31.30%    passed    100.00%
  71  Pele_OTOF           26.55%    passed    100.00%
  72  Pleo_OTOF            0.10%    failed      4.05%
  73  Pcat_OTOF            0.00%    passed    100.00%
  74  Pmac_OTOF           43.20%    passed     98.13%
  75  Ppho_OTOF           32.60%    passed    100.00%
  76  Psin_OTOF            0.00%    passed    100.00%
  77  Pspi_OTOF           49.55%    passed    100.00%
  78  Satt18473_OTOF      29.85%    passed    100.00%
  79  Satt38219_OTOF      54.80%    passed     99.99%
  80  Sbre116871_OTOF     22.95%    passed    100.00%
  81  Sbre18437_OTOF      31.00%    passed    100.00%
  82  Schi_OTOF           26.90%    passed    100.00%
  83  Scly1726_OTOF       23.75%    passed    100.00%
  84  Scoe_OTOF           29.45%    passed    100.00%
  85  Sflu9837_OTOF       30.55%    passed    100.00%
  86  Sfro7782_OTOF       32.90%    passed    100.00%
  87  Sfro7784_OTOF       27.85%    passed    100.00%
  88  Slon16012_OTOF      22.55%    passed    100.00%
  89  Slon24923_OTOF      30.10%    passed    100.00%
  90  Sscr_OTOF            1.15%    passed     95.79%
  91  Tadu79924_OTOF      47.00%    passed    100.00%
  92  Tshe_OTOF           37.85%    passed     99.99%
  93  Ttru_OTOF            0.00%    passed    100.00%
  94  Zcav_OTOF           35.95%    passed     99.99%
WARNING: 7 sequences contain more than 50% gaps/ambiguity
****  TOTAL               25.23%  4 sequences failed composition chi2 test (p-value<5%; df=60)

Creating fast initial parsimony tree by random order stepwise addition...
0.172 seconds, parsimony score: 4289 (based on 1501 sites)
NOTE: ModelFinder requires 347 MB RAM!
ModelFinder will test 60 codon models (sample size: 2000) ...
 No. Model         -LnL         df  AIC          AICc         BIC
  1  MG+F1X4       36777.184    189 73932.368    73972.048    74990.939
  2  MG+F1X4+I     36466.654    190 73313.309    73353.430    74377.480
  3  MG+F1X4+G4    36048.685    190 72477.369    72517.491    73541.541
  4  MG+F1X4+I+G4  36031.556    191 72445.112    72485.678    73514.884
  5  MG+F3X4       36806.460    195 74002.919    74045.292    75095.095
  6  MG+F3X4+I     36536.201    196 73464.402    73507.233    74562.179
  7  MG+F3X4+G4    36099.065    196 72590.130    72632.960    73687.906
  8  MG+F3X4+I+G4  36092.396    197 72578.792    72622.084    73682.170
  9  MGK+F1X4      36228.843    190 72837.685    72877.807    73901.857
 10  MGK+F1X4+I    35903.399    191 72188.798    72229.365    73258.571
 11  MGK+F1X4+G4   35511.832    191 71405.664    71446.231    72475.437
 12  MGK+F1X4+I+G4 35511.668    192 71407.335    71448.349    72482.709
 13  MGK+F3X4      35890.258    196 72172.516    72215.347    73270.293
 14  MGK+F3X4+I    35646.506    197 71687.013    71730.305    72790.390
 15  MGK+F3X4+G4   35241.322    197 70876.644    70919.936    71980.021
 16  MGK+F3X4+I+G4 35241.269    198 70878.538    70922.294    71987.517
 17  GY+F1X4       36305.802    190 72991.604    73031.726    74055.776
 18  GY+F1X4+I     35995.504    191 72373.007    72413.574    73442.780
 19  GY+F1X4+G4    35568.854    191 71519.707    71560.274    72589.480
 20  GY+F1X4+I+G4  35568.653    192 71521.307    71562.320    72596.680
 21  GY+F3X4       36423.226    196 73238.452    73281.282    74336.229
 22  GY+F3X4+I     36102.398    197 72598.795    72642.087    73702.173
 23  GY+F3X4+G4    35566.014    197 71526.029    71569.321    72629.407
 24  GY+F3X4+I+G4  35565.803    198 71527.607    71571.362    72636.585
 25  GY+F          36307.166    247 73108.333    73178.260    74491.755
 26  GY+F+I        35966.386    248 72428.773    72499.306    73817.796
 27  GY+F+G4       35439.109    248 71374.219    71444.752    72763.242
 28  GY+F+I+G4     35438.939    249 71375.878    71447.021    72770.503
 29  KOSI07+FU     36156.869    185 72683.737    72721.675    73719.904
 30  KOSI07+FU+I   35878.358    186 72128.716    72167.086    73170.484
 31  KOSI07+FU+G4  35592.014    186 71556.028    71594.398    72597.796
 32  KOSI07+FU+I+G4 35592.024    187 71558.048    71596.851    72605.417
 33  KOSI07+F1X4   36242.456    188 72860.912    72900.152    73913.881
 34  KOSI07+F1X4+I 36042.885    189 72463.769    72503.449    73522.340
 35  KOSI07+F1X4+G4 35567.115    189 71512.230    71551.909    72570.800
 36  KOSI07+F1X4+I+G4 35567.131    190 71514.262    71554.383    72578.433
 37  KOSI07+F3X4   35604.830    194 71597.659    71639.576    72684.235
 38  KOSI07+F3X4+I 35416.220    195 71222.441    71264.813    72314.617
 39  KOSI07+F3X4+G4 35039.598    195 70469.196    70511.569    71561.372
 40  KOSI07+F3X4+I+G4 35039.647    196 70471.293    70514.124    71569.070
 41  KOSI07+F      35322.542    245 71135.083    71203.806    72507.305
 42  KOSI07+F+I    35135.801    246 70763.602    70832.925    72141.424
 43  KOSI07+F+G4   34782.171    246 70056.342    70125.665    71434.164
 44  KOSI07+F+I+G4 34782.103    247 70058.206    70128.133    71441.629
 45  SCHN05+FU     36326.182    185 73022.364    73060.303    74058.531
 46  SCHN05+FU+I   36094.734    186 72561.469    72599.838    73603.237
 47  SCHN05+FU+G4  35849.037    186 72070.075    72108.444    73111.843
 48  SCHN05+FU+I+G4 35849.046    187 72072.093    72110.896    73119.462
 49  SCHN05+F1X4   36726.543    188 73829.086    73868.326    74882.056
 50  SCHN05+F1X4+I 36573.613    189 73525.226    73564.905    74583.796
 51  SCHN05+F1X4+G4 36090.074    189 72558.147    72597.827    73616.718
 52  SCHN05+F1X4+I+G4 36090.141    190 72560.283    72600.404    73624.454
 53  SCHN05+F3X4   35804.440    194 71996.881    72038.798    73083.456
 54  SCHN05+F3X4+I 35662.164    195 71714.329    71756.701    72806.505
 55  SCHN05+F3X4+G4 35234.011    195 70858.023    70900.395    71950.199
 56  SCHN05+F3X4+I+G4 35234.091    196 70860.182    70903.013    71957.959
 57  SCHN05+F      35375.699    245 71241.398    71310.121    72613.619
 58  SCHN05+F+I    35229.032    246 70950.063    71019.387    72327.885
 59  SCHN05+F+G4   34785.352    246 70062.703    70132.027    71440.525
 60  SCHN05+F+I+G4 34785.294    247 70064.588    70134.515    71448.011
Akaike Information Criterion:           KOSI07+F+G4
Corrected Akaike Information Criterion: KOSI07+F+G4
Bayesian Information Criterion:         KOSI07+F+G4
Best-fit model: KOSI07+F+G4 chosen according to BIC

All model information printed to OTOF_codon_aligned.phy.model.gz
CPU time for ModelFinder: 3558.736 seconds (0h:59m:18s)
Wall-clock time for ModelFinder: 3663.635 seconds (1h:1m:3s)
WARNING: States(s) TTA rarely appear in alignment and may cause numerical problems

NOTE: 347 MB RAM (0 GB) is required!
Estimate model parameters (epsilon = 0.100)
1. Initial log-likelihood: -35551.622
2. Current log-likelihood: -35460.929
3. Current log-likelihood: -35452.822
Optimal log-likelihood: -35452.822
Nonsynonymous/synonymous ratio (omega): 1.000
Transition/transversion ratio (kappa): 1.000
Gamma shape alpha: 1.424
Parameters optimization took 3 rounds (70.003 sec)
Computing ML distances based on estimated model parameters... 58.032 sec
Computing BIONJ tree...
0.030 seconds
Log-likelihood of BIONJ tree: -35843.405
--------------------------------------------------------------------
|             INITIALIZING CANDIDATE TREE SET                      |
--------------------------------------------------------------------
Generating 98 parsimony trees... 11.221 second
Computing log-likelihood of 98 initial trees ... 1255.603 seconds
Current best score: -35322.569

Do NNI search on 20 best initial trees
Estimate model parameters (epsilon = 0.100)
BETTER TREE FOUND at iteration 1: -35276.304
Estimate model parameters (epsilon = 0.100)
BETTER TREE FOUND at iteration 3: -35276.023
Estimate model parameters (epsilon = 0.100)
BETTER TREE FOUND at iteration 8: -35268.195
Estimate model parameters (epsilon = 0.100)
BETTER TREE FOUND at iteration 10: -35245.243
Iteration 10 / LogL: -35245.243 / Time: 0h:45m:52s
Iteration 20 / LogL: -35309.944 / Time: 1h:7m:6s
Finish initializing candidate tree set (20)
Current best tree score: -35245.243 / CPU time: 3872.966
Number of iterations: 20
--------------------------------------------------------------------
|               OPTIMIZING CANDIDATE TREE SET                      |
--------------------------------------------------------------------
Iteration 30 / LogL: -35256.937 / Time: 1h:34m:12s (4h:19m:52s left)
Iteration 40 / LogL: -35255.967 / Time: 2h:8m:28s (3h:50m:36s left)
Estimate model parameters (epsilon = 0.100)
BETTER TREE FOUND at iteration 48: -35242.167
Iteration 50 / LogL: -35253.308 / Time: 2h:36m:8s (5h:12m:17s left)
Iteration 60 / LogL: -35255.074 / Time: 2h:58m:26s (4h:26m:8s left)
Iteration 70 / LogL: -35271.745 / Time: 3h:20m:6s (3h:46m:12s left)
Iteration 80 / LogL: -35290.006 / Time: 3h:41m:17s (3h:10m:29s left)
Iteration 90 / LogL: -35252.647 / Time: 3h:59m:37s (2h:36m:9s left)
Iteration 100 / LogL: -35262.108 / Time: 4h:17m:58s (2h:5m:4s left)
Iteration 110 / LogL: -35248.786 / Time: 4h:36m:45s (1h:36m:29s left)
Iteration 120 / LogL: -35250.612 / Time: 4h:55m:42s (1h:9m:34s left)
Iteration 130 / LogL: -35248.824 / Time: 5h:14m:4s (0h:43m:49s left)
Iteration 140 / LogL: -35425.965 / Time: 5h:33m:7s (0h:19m:10s left)
TREE SEARCH COMPLETED AFTER 149 ITERATIONS / Time: 5h:48m:22s

--------------------------------------------------------------------
|                    FINALIZING TREE SEARCH                        |
--------------------------------------------------------------------
Performs final model parameters optimization
Estimate model parameters (epsilon = 0.010)
1. Initial log-likelihood: -35242.167
Optimal log-likelihood: -35242.167
Nonsynonymous/synonymous ratio (omega): 1.000
Transition/transversion ratio (kappa): 1.000
Gamma shape alpha: 1.476
Parameters optimization took 1 rounds (15.454 sec)
BEST SCORE FOUND : -35242.167
Total tree length: 2.869

Total number of iterations: 149
CPU time used for tree search: 20353.400 sec (5h:39m:13s)
Wall-clock time used for tree search: 20748.819 sec (5h:45m:48s)
Total CPU time used: 20518.940 sec (5h:41m:58s)
Total wall-clock time used: 20918.413 sec (5h:48m:38s)

Analysis results written to: 
  IQ-TREE report:                OTOF_codon_aligned.phy.iqtree
  Maximum-likelihood tree:       OTOF_codon_aligned.phy.treefile
  Likelihood distances:          OTOF_codon_aligned.phy.mldist
  Screen log file:               OTOF_codon_aligned.phy.log

Date and Time: Tue Jan 16 02:28:19 2024
