IQ-TREE multicore version 2.2.0-beta COVID-edition for Linux 64-bit built Dec 21 2021 built Dec 21 2021
Developed by Bui Quang Minh, James Barbetti, Nguyen Lam Tung,
Olga Chernomor, Heiko Schmidt, Dominik Schrempf, Michael Woodhams, Ly Trong Nhan.

Host:    awarnach10 (SSE3, 3 GB RAM)
Command: iqtree -s codon_alignments_v2_Jan24/CASQ1_codon_aligned.phy -m GTR+G4 -pre CASQ1_GTR -nt 4
Seed:    821870 (Using SPRNG - Scalable Parallel Random Number Generator)
Time:    Mon Jan 29 16:42:22 2024
Kernel:  SSE2 - 4 threads (4 CPU cores detected)

Reading alignment file codon_alignments_v2_Jan24/CASQ1_codon_aligned.phy ... Phylip format detected
Alignment most likely contains DNA/RNA sequences
Constructing alignment: done in 0.00564353 secs using 145.1% CPU
Alignment has 94 sequences with 1194 columns, 352 distinct patterns
146 parsimony-informative, 124 singleton sites, 924 constant sites
                    Gap/Ambiguity  Composition  p-value
Analyzing sequences: done in 0.000117613 secs using 97.78% CPU
   1  Bacu_CASQ1            0.25%    passed     98.85%
   2  Barn_CASQ1           38.94%    passed     66.39%
   3  Bbai76728_CASQ1      18.59%    passed     98.14%
   4  BbonAUS_CASQ1        11.06%    passed     99.49%
   5  Bbor_CASQ1           19.60%    passed     97.36%
   6  Bede66737_CASQ1      25.88%    passed     87.67%
   7  BedeAUS_CASQ1        11.06%    passed     99.34%
   8  Bmus_CASQ1            0.25%    passed     96.99%
   9  Bmys_CASQ1            6.28%    passed     96.37%
  10  Bphy_CASQ1           11.81%    passed     99.13%
  11  Btau_CASQ1            0.75%    passed     96.71%
  12  Ccom40_CASQ1         17.59%    passed     93.93%
  13  Chea7320_CASQ1        4.77%    passed     98.30%
  14  Chir_CASQ1            0.25%    passed     91.28%
  15  Cmar59905_CASQ1      11.06%    passed     98.86%
  16  Dcap108471_CASQ1     12.06%    passed     95.86%
  17  Dcap79929_CASQ1       4.02%    passed     97.05%
  18  DdelSJR_CASQ1        11.06%    passed     98.39%
  19  Ddeltrop4525_CASQ1    0.00%    passed     99.00%
  20  Dleu_CASQ1            0.00%    passed     96.31%
  21  EausAUS_CASQ1        25.13%    passed     85.96%
  22  Ecab_CASQ1            0.00%    passed     77.53%
  23  Egla13086_CASQ1      15.08%    passed     99.36%
  24  Ejap43864_CASQ1       6.28%    passed     95.81%
  25  Erob133443_CASQ1      7.04%    passed     99.79%
  26  Fatt_CASQ1           11.06%    passed     97.87%
  27  Ggri_CASQ1            4.77%    passed     97.39%
  28  Gmac39091_CASQ1       4.77%    passed     98.45%
  29  Gmel_CASQ1            0.00%    passed     99.45%
  30  Hamp_CASQ1           18.34%    passed     93.00%
  31  Hippo_CASQ1           9.80%    passed     67.94%
  32  Hpla9120_CASQ1       68.59%    passed     13.20%
  33  Igeo_CASQ1           32.16%    passed     53.65%
  34  Kbre_CASQ1           12.81%    passed     62.94%
  35  Ksim_CASQ1           17.34%    passed     82.60%
  36  Lacu_CASQ1           21.36%    passed     93.34%
  37  Lalb_CASQ1            8.79%    passed     98.48%
  38  Laus_CASQ1            6.28%    passed     96.36%
  39  Lbor_CASQ1           16.08%    passed     91.88%
  40  Lhos30470_CASQ1       8.79%    passed     95.95%
  41  Lhos452_CASQ1         0.00%    passed     98.93%
  42  Lobl_CASQ1            0.00%    passed     99.16%
  43  Lobs_CASQ1            4.77%    passed     97.80%
  44  LperAUS_CASQ1         6.53%    passed     98.85%
  45  Lvex_CASQ1            0.00%    passed     94.24%
  46  Mbid_CASQ1           26.13%    passed     56.54%
  47  Mbow_CASQ1           16.08%    passed     99.97%
  48  Mcar_CASQ1           18.34%    passed     90.29%
  49  Mden_CASQ1           18.84%    passed     99.88%
  50  Meur_CASQ1           12.56%    passed     99.14%
  51  Mgin_CASQ1           12.06%    passed     97.47%
  52  MgraAUS_CASQ1        58.54%    passed     44.65%
  53  Mhec_CASQ1           29.65%    passed     98.54%
  54  MlayAUS_CASQ1        16.08%    passed    100.00%
  55  Mmir_CASQ1           21.36%    passed     98.87%
  56  Mmon_CASQ1            0.00%    passed     97.59%
  57  Mper_CASQ1           18.34%    passed     90.57%
  58  Mpni_CASQ1           16.08%    passed     99.68%
  59  Mste_CASQ1           17.59%    passed     90.91%
  60  Naasi_CASQ1           0.00%    passed     85.08%
  61  Npho_CASQ1           14.32%    passed     92.92%
  62  Oari_CASQ1            0.50%    passed     89.29%
  63  Obre_CASQ1            4.77%    passed     96.73%
  64  Ohei_CASQ1            4.02%    passed     97.46%
  65  Oorc_CASQ1            0.00%    passed     98.44%
  66  Ovtex_CASQ1           0.25%    passed     83.24%
  67  Pbla7349_CASQ1       21.36%    passed     93.67%
  68  Pcat_CASQ1            0.00%    passed     87.54%
  69  Pcra123188_CASQ1      4.77%    passed     97.37%
  70  Pdal_CASQ1           47.74%    passed     59.51%
  71  Pdio_CASQ1           15.08%    passed     95.17%
  72  Pele_CASQ1            6.28%    passed     97.48%
  73  Pmac_CASQ1           12.56%    passed     68.82%
  74  Ppho_CASQ1           16.58%    passed     92.71%
  75  Psin_CASQ1            0.00%    passed     96.41%
  76  Pspi_CASQ1           25.88%    passed     99.55%
  77  Satt18473_CASQ1       0.00%    passed     98.93%
  78  Satt38219_CASQ1      10.30%    passed     96.85%
  79  Sbre116871_CASQ1      4.77%    passed     97.39%
  80  Sbre18437_CASQ1       0.00%    passed     98.86%
  81  Schi_CASQ1            0.00%    passed     99.00%
  82  Scly1724_CASQ1       61.06%    passed     82.35%
  83  Scly1726_CASQ1        0.00%    passed     99.00%
  84  Scoe_CASQ1           10.30%    passed     96.85%
  85  Sflu9837_CASQ1        4.77%    passed     98.67%
  86  Sfro7782_CASQ1       16.58%    passed     91.33%
  87  Sfro7784_CASQ1        4.77%    passed     98.30%
  88  Slon16012_CASQ1       4.77%    passed     97.39%
  89  Slon24923_CASQ1       4.77%    passed     98.30%
  90  Sscr_CASQ1            0.00%    passed     82.92%
  91  Tadu79924_CASQ1      15.83%    passed     96.69%
  92  Tshe_CASQ1           12.06%    passed     99.43%
  93  Ttru_CASQ1            0.00%    passed     99.00%
  94  Zcav_CASQ1           13.82%    passed     99.86%
WARNING: 3 sequences contain more than 50% gaps/ambiguity
****  TOTAL                12.03%  0 sequences failed composition chi2 test (p-value<5%; df=3)
NOTE: Scly1726_CASQ1 is identical to Ddeltrop4525_CASQ1 but kept for subsequent analysis
NOTE: Scoe_CASQ1 is identical to Satt38219_CASQ1 but kept for subsequent analysis
NOTE: Slon24923_CASQ1 is identical to Sfro7784_CASQ1 but kept for subsequent analysis
Checking for duplicate sequences: done in 0.000683336 secs using 99.8% CPU
Identifying sites to remove: done in 0.00358682 secs using 193.8% CPU
NOTE: 1 identical sequences (see below) will be ignored for subsequent analysis
NOTE: Ttru_CASQ1 (identical to Ddeltrop4525_CASQ1) is ignored but added at the end
Alignment was printed to CASQ1_GTR.uniqueseq.phy

For your convenience alignment with unique sequences printed to CASQ1_GTR.uniqueseq.phy

Create initial parsimony tree by phylogenetic likelihood library (PLL)... 0.002 seconds

NOTE: 4 MB RAM (0 GB) is required!
WARNING: Number of threads seems too high for short alignments. Use -T AUTO to determine best number of threads.
Estimate model parameters (epsilon = 0.100)
1. Initial log-likelihood: -8900.471
2. Current log-likelihood: -7202.198
3. Current log-likelihood: -6903.755
4. Current log-likelihood: -6867.165
5. Current log-likelihood: -6862.679
6. Current log-likelihood: -6861.758
7. Current log-likelihood: -6861.514
Optimal log-likelihood: -6861.446
Rate parameters:  A-C: 2.59115  A-G: 22.62801  A-T: 0.93177  C-G: 2.92333  C-T: 41.21587  G-T: 1.00000
Base frequencies:  A: 0.271  C: 0.216  G: 0.307  T: 0.207
Gamma shape alpha: 0.110
Parameters optimization took 7 rounds (1.912 sec)
Wrote distance file to... 
Computing ML distances based on estimated model parameters...
Calculating distance matrix: done in 0.0320062 secs using 397.5% CPU
Computing ML distances took 0.032998 sec (of wall-clock time) 0.127242 sec (of CPU time)
Setting up auxiliary I and S matrices: done in 0.000923593 secs using 167.7% CPU
Constructing RapidNJ tree: done in 0.0648468 secs using 51.74% CPU
Computing RapidNJ tree took 0.065980 sec (of wall-clock time) 0.035218 sec (of CPU time)
ERROR: Alignment sequence Bacu_CASQ1 does not appear in the tree
(Tshe_CASQ1,Hpla9120_CASQ1,(Hamp_CASQ1,((((((((Mbid_CASQ1,(MgraAUS_CASQ1,MlayAUS_CASQ1)),Mper_CASQ1),Mpni_CASQ1),Mden_CASQ1),((Mbow_CASQ1,Mste_CASQ1),Mcar_CASQ1)),Mgin_CASQ1),((Mhec_CASQ1,Zcav_CASQ1),Mmir_CASQ1)),((Barn_CASQ1,Bbai76728_CASQ1),(Meur_CASQ1,(((BbonAUS_CASQ1,((((Bbor_CASQ1,(Bede66737_CASQ1,BedeAUS_CASQ1)),Cmar59905_CASQ1),(Bmus_CASQ1,Erob133443_CASQ1)),((((Bmys_CASQ1,EausAUS_CASQ1),Egla13086_CASQ1),Ejap43864_CASQ1),Bphy_CASQ1))),(((((Btau_CASQ1,(Chir_CASQ1,Oari_CASQ1)),Ovtex_CASQ1),(Ecab_CASQ1,Sscr_CASQ1)),Hippo_CASQ1),((Kbre_CASQ1,Ksim_CASQ1),(Pcat_CASQ1,Pmac_CASQ1)))),((Pbla7349_CASQ1,Lvex_CASQ1),(Igeo_CASQ1,(((Pdal_CASQ1,(Mmon_CASQ1,Dleu_CASQ1)),((((Psin_CASQ1,Pdio_CASQ1),(Naasi_CASQ1,Pspi_CASQ1)),Ppho_CASQ1),Npho_CASQ1)),((Lobl_CASQ1,Lobs_CASQ1),((((Lbor_CASQ1,Ccom40_CASQ1),(LperAUS_CASQ1,Laus_CASQ1)),Chea7320_CASQ1),(((((Sbre116871_CASQ1,Sbre18437_CASQ1),Pcra123188_CASQ1),((Obre_CASQ1,Ggri_CASQ1),Ohei_CASQ1)),(Scly1724_CASQ1,Lacu_CASQ1)),(((Schi_CASQ1,Lhos452_CASQ1),Tadu79924_CASQ1),((((Lalb_CASQ1,Scoe_CASQ1),((Slon16012_CASQ1,DdelSJR_CASQ1),(Satt38219_CASQ1,Satt18473_CASQ1))),(((Ddeltrop4525_CASQ1,(Sfro7784_CASQ1,Slon24923_CASQ1)),Scly1726_CASQ1),(Dcap108471_CASQ1,Dcap79929_CASQ1))),((Sfro7782_CASQ1,Oorc_CASQ1),(((((Pele_CASQ1,Gmac39091_CASQ1),Fatt_CASQ1),Gmel_CASQ1),Sflu9837_CASQ1),Lhos30470_CASQ1))))))))))))))));
ERROR: Tree taxa and alignment sequence do not match (see above)
