IQ-TREE multicore version 2.2.0-beta COVID-edition for Linux 64-bit built Dec 21 2021 built Dec 21 2021
Developed by Bui Quang Minh, James Barbetti, Nguyen Lam Tung,
Olga Chernomor, Heiko Schmidt, Dominik Schrempf, Michael Woodhams, Ly Trong Nhan.

Host:    awarnach (SSE3, 15 GB RAM)
Command: iqtree -s codon_alignments_v2_Jan24/OTOF_codon_aligned.phy -m GTR+G4 -pre OTOF_GTR -nt 4
Seed:    326133 (Using SPRNG - Scalable Parallel Random Number Generator)
Time:    Mon Feb  5 22:57:38 2024
Kernel:  SSE2 - 4 threads (4 CPU cores detected)

Reading alignment file codon_alignments_v2_Jan24/OTOF_codon_aligned.phy ... Fasta format detected
Reading fasta file: done in 0.0244449 secs using 93.5% CPU
Alignment most likely contains DNA/RNA sequences
Constructing alignment: done in 0.0332174 secs using 31.45% CPU
Alignment has 90 sequences with 6000 columns, 2371 distinct patterns
991 parsimony-informative, 883 singleton sites, 4126 constant sites
                   Gap/Ambiguity  Composition  p-value
Analyzing sequences: done in 0.00184434 secs using 274.5% CPU
   1  Bacu_OTOF            0.00%    passed     88.86%
   2  Barn_OTOF           66.50%    passed     39.46%
   3  Bbai76728_OTOF      31.45%    passed     33.15%
   4  BbonAUS_OTOF        33.70%    passed     61.07%
   5  Bbor_OTOF           29.65%    passed     97.24%
   6  Bede66737_OTOF      30.60%    passed     78.50%
   7  BedeAUS_OTOF        34.30%    passed     72.85%
   8  Bmus_OTOF            0.00%    passed     90.80%
   9  Bmys_OTOF           18.30%    passed     74.42%
  10  Bphy_OTOF            2.00%    passed     83.81%
  11  Bphy_baits_OTOF     30.15%    passed     56.71%
  12  Btau_OTOF            0.10%    passed     59.71%
  13  Ccom40_OTOF         54.90%    passed     67.50%
  14  Chea7320_OTOF       35.65%    passed     90.17%
  15  Cmar59905_OTOF      21.70%    passed     52.31%
  16  Dcap108471_OTOF     24.70%    passed     90.70%
  17  Dcap79929_OTOF      30.20%    passed     74.39%
  18  DdelSJR_OTOF        32.70%    passed     89.39%
  19  Ddeltrop4525_OTOF   20.60%    passed     91.51%
  20  Dleu_OTOF            0.00%    passed     97.11%
  21  EausAUS_OTOF        43.70%    passed     48.67%
  22  Ecab_OTOF            0.25%    passed     69.21%
  23  Egla13086_OTOF      27.05%    passed     87.46%
  24  Ejap43864_OTOF      32.70%    passed     46.48%
  25  Erob133443_OTOF     38.25%    passed     83.24%
  26  Fatt_OTOF           35.80%    passed     91.80%
  27  Ggri_OTOF           25.25%    passed     95.81%
  28  Gmac39091_OTOF      21.85%    passed     92.07%
  29  Gmel_OTOF            0.00%    passed     89.44%
  30  Hamp_OTOF           22.85%    passed     74.73%
  31  Hippo_OTOF           0.10%    passed     84.82%
  32  Igeo_OTOF           30.50%    passed     80.79%
  33  Kbre_OTOF           31.25%    passed     98.09%
  34  Ksim_OTOF           32.80%    passed     94.49%
  35  Lacu_OTOF           38.15%    passed     92.19%
  36  Lalb_OTOF           30.10%    passed     95.78%
  37  Laus_OTOF           29.10%    passed     82.47%
  38  Lbor_OTOF           55.10%    passed     77.38%
  39  Lhos30470_OTOF      24.00%    passed     76.67%
  40  Lhos452_OTOF        28.70%    passed     87.15%
  41  Lobl_OTOF            0.00%    passed     80.69%
  42  Lobs_OTOF           32.80%    passed     69.54%
  43  LperAUS_OTOF        34.85%    passed     43.03%
  44  Lvex_OTOF            0.50%    passed     93.71%
  45  Mbid_OTOF           38.80%    passed     77.69%
  46  Mbow_OTOF           26.95%    passed     70.79%
  47  Mcar_OTOF           39.35%    passed     94.47%
  48  Mden_OTOF           51.60%    passed     46.85%
  49  Meur_OTOF           36.20%    passed     81.48%
  50  Mgin_OTOF           34.45%    passed     52.26%
  51  Mhec_OTOF           51.80%    passed     72.22%
  52  MlayAUS_OTOF        40.65%    passed     19.28%
  53  Mmir_OTOF           54.20%    passed     52.67%
  54  Mmon_OTOF            0.00%    passed     98.07%
  55  Mper_OTOF           31.30%    passed     79.64%
  56  Mpni_OTOF           43.75%    passed     57.72%
  57  Mste_OTOF           22.35%    passed     82.39%
  58  Naasi_OTOF           0.00%    passed     85.37%
  59  Npho_OTOF            7.50%    passed     72.50%
  60  Oari_OTOF            0.10%    passed     51.63%
  61  Obre_OTOF           25.95%    passed     83.96%
  62  Ohei_OTOF           23.20%    passed     88.67%
  63  Oorc_OTOF            0.10%    passed     87.99%
  64  Ovtex_OTOF           0.10%    passed     64.31%
  65  Pbla7349_OTOF       29.00%    passed     60.56%
  66  Pcra123188_OTOF     31.80%    passed     84.58%
  67  Pdio_OTOF           31.30%    passed     89.01%
  68  Pele_OTOF           26.55%    passed     72.89%
  69  Pcat_OTOF            0.00%    passed     92.51%
  70  Pmac_OTOF           43.20%    failed      3.80%
  71  Ppho_OTOF           32.60%    passed     96.17%
  72  Psin_OTOF            0.00%    passed     83.47%
  73  Pspi_OTOF           49.55%    passed     96.24%
  74  Satt18473_OTOF      29.85%    passed     88.50%
  75  Satt38219_OTOF      54.80%    passed     71.52%
  76  Sbre116871_OTOF     22.95%    passed     80.21%
  77  Sbre18437_OTOF      31.00%    passed     83.23%
  78  Schi_OTOF           26.90%    passed     70.32%
  79  Scly1726_OTOF       23.75%    passed     87.41%
  80  Scoe_OTOF           29.45%    passed     90.57%
  81  Sflu9837_OTOF       30.55%    passed     98.35%
  82  Sfro7782_OTOF       32.90%    passed     84.09%
  83  Sfro7784_OTOF       27.85%    passed     90.00%
  84  Slon16012_OTOF      22.55%    passed     72.53%
  85  Slon24923_OTOF      30.10%    passed     95.62%
  86  Sscr_OTOF            1.15%    passed     63.43%
  87  Tadu79924_OTOF      47.00%    passed     89.21%
  88  Tshe_OTOF           37.85%    passed     34.89%
  89  Ttru_OTOF            0.00%    passed     83.54%
  90  Zcav_OTOF           35.95%    passed     28.14%
WARNING: 7 sequences contain more than 50% gaps/ambiguity
****  TOTAL               26.33%  1 sequences failed composition chi2 test (p-value<5%; df=3)
Checking for duplicate sequences: done in 0.00436524 secs using 93.08% CPU

Create initial parsimony tree by phylogenetic likelihood library (PLL)... 0.005 seconds

NOTE: 27 MB RAM (0 GB) is required!
Estimate model parameters (epsilon = 0.100)
1. Initial log-likelihood: -49533.518
2. Current log-likelihood: -42937.612
3. Current log-likelihood: -42498.279
4. Current log-likelihood: -42478.575
5. Current log-likelihood: -42475.753
6. Current log-likelihood: -42473.775
7. Current log-likelihood: -42473.374
Optimal log-likelihood: -42473.308
Rate parameters:  A-C: 0.98231  A-G: 5.12240  A-T: 1.36742  C-G: 1.62233  C-T: 6.52531  G-T: 1.00000
Base frequencies:  A: 0.221  C: 0.301  G: 0.305  T: 0.173
Gamma shape alpha: 0.180
Parameters optimization took 7 rounds (6.489 sec)
Wrote distance file to... 
Computing ML distances based on estimated model parameters...
Calculating distance matrix: done in 0.0718008 secs using 359.8% CPU
Computing ML distances took 0.077510 sec (of wall-clock time) 0.260604 sec (of CPU time)
Setting up auxiliary I and S matrices: done in 0.00399525 secs using 113.7% CPU
Constructing RapidNJ tree: done in 0.270584 secs using 88.07% CPU
Computing RapidNJ tree took 0.274832 sec (of wall-clock time) 0.243119 sec (of CPU time)
Log-likelihood of RapidNJ tree: -30441.444
--------------------------------------------------------------------
|             INITIALIZING CANDIDATE TREE SET                      |
--------------------------------------------------------------------
Generating 98 parsimony trees... 1.366 second
Computing log-likelihood of 98 initial trees ... 16.892 seconds
Current best score: -30441.444

Do NNI search on 20 best initial trees
Optimizing NNI: done in 3.49492 secs using 367.2% CPU
Estimate model parameters (epsilon = 0.100)
BETTER TREE FOUND at iteration 1: -30003.132
Optimizing NNI: done in 18.0452 secs using 378.7% CPU
Optimizing NNI: done in 20.1186 secs using 377% CPU
Optimizing NNI: done in 18.9792 secs using 377.2% CPU
Optimizing NNI: done in 19.3707 secs using 378.4% CPU
Optimizing NNI: done in 16.8585 secs using 377.2% CPU
Optimizing NNI: done in 19.5665 secs using 378.8% CPU
Optimizing NNI: done in 15.8465 secs using 375.3% CPU
Optimizing NNI: done in 18.6937 secs using 379.3% CPU
Optimizing NNI: done in 16.5565 secs using 376.9% CPU
Iteration 10 / LogL: -31364.073 / Time: 0h:3m:16s
Optimizing NNI: done in 16.0787 secs using 377.4% CPU
Optimizing NNI: done in 18.8201 secs using 378.1% CPU
Optimizing NNI: done in 21.3803 secs using 374.6% CPU
Optimizing NNI: done in 19.2923 secs using 377.6% CPU
Optimizing NNI: done in 17.1924 secs using 377.7% CPU
Optimizing NNI: done in 17.5042 secs using 377.4% CPU
Optimizing NNI: done in 18.9648 secs using 377.3% CPU
Optimizing NNI: done in 22.8607 secs using 377% CPU
Optimizing NNI: done in 18.7162 secs using 377.6% CPU
Optimizing NNI: done in 17.9922 secs using 379.2% CPU
Iteration 20 / LogL: -31142.953 / Time: 0h:6m:25s
Finish initializing candidate tree set (20)
Current best tree score: -30003.132 / CPU time: 377.662
Number of iterations: 20
--------------------------------------------------------------------
|               OPTIMIZING CANDIDATE TREE SET                      |
--------------------------------------------------------------------
Optimizing NNI: done in 3.56687 secs using 368.1% CPU
Optimizing NNI: done in 3.48205 secs using 385.9% CPU
Optimizing NNI: done in 3.95923 secs using 370.6% CPU
Optimizing NNI: done in 3.18974 secs using 383.1% CPU
Optimizing NNI: done in 4.27303 secs using 372% CPU
Optimizing NNI: done in 4.17581 secs using 375% CPU
Optimizing NNI: done in 3.4474 secs using 384.5% CPU
Optimizing NNI: done in 2.15277 secs using 376.3% CPU
Optimizing NNI: done in 2.41159 secs using 378.3% CPU
Optimizing NNI: done in 3.40788 secs using 382.5% CPU
Iteration 30 / LogL: -30110.085 / Time: 0h:7m:0s (0h:17m:8s left)
Optimizing NNI: done in 4.38854 secs using 374.9% CPU
Optimizing NNI: done in 3.59417 secs using 369.1% CPU
Optimizing NNI: done in 4.4036 secs using 376.3% CPU
Estimate model parameters (epsilon = 0.100)
BETTER TREE FOUND at iteration 33: -29966.764
Optimizing NNI: done in 2.85329 secs using 382.4% CPU
Optimizing NNI: done in 2.59652 secs using 376.7% CPU
Estimate model parameters (epsilon = 0.100)
BETTER TREE FOUND at iteration 35: -29957.342
Optimizing NNI: done in 4.83716 secs using 376% CPU
Optimizing NNI: done in 4.34343 secs using 379.2% CPU
Estimate model parameters (epsilon = 0.100)
BETTER TREE FOUND at iteration 37: -29956.316
Optimizing NNI: done in 2.82429 secs using 379.8% CPU
Optimizing NNI: done in 3.3215 secs using 369.5% CPU
Optimizing NNI: done in 3.59781 secs using 382.8% CPU
Estimate model parameters (epsilon = 0.100)
BETTER TREE FOUND at iteration 40: -29940.552
Iteration 40 / LogL: -29940.552 / Time: 0h:7m:41s (0h:19m:42s left)
Optimizing NNI: done in 3.1826 secs using 365.4% CPU
Optimizing NNI: done in 2.90672 secs using 378.9% CPU
Estimate model parameters (epsilon = 0.100)
BETTER TREE FOUND at iteration 42: -29926.337
Optimizing NNI: done in 4.11644 secs using 373.3% CPU
Estimate model parameters (epsilon = 0.100)
BETTER TREE FOUND at iteration 43: -29916.861
Optimizing NNI: done in 2.59155 secs using 380.4% CPU
Optimizing NNI: done in 2.73795 secs using 381% CPU
Optimizing NNI: done in 3.47485 secs using 370.3% CPU
Optimizing NNI: done in 3.28313 secs using 384% CPU
Estimate model parameters (epsilon = 0.100)
BETTER TREE FOUND at iteration 47: -29916.350
Optimizing NNI: done in 3.74602 secs using 373.1% CPU
Optimizing NNI: done in 3.22031 secs using 382.9% CPU
Optimizing NNI: done in 2.76441 secs using 380.1% CPU
Estimate model parameters (epsilon = 0.100)
BETTER TREE FOUND at iteration 50: -29915.165
Iteration 50 / LogL: -29915.165 / Time: 0h:8m:15s (0h:16m:50s left)
Optimizing NNI: done in 3.6876 secs using 382.8% CPU
Optimizing NNI: done in 3.19476 secs using 368.5% CPU
Optimizing NNI: done in 3.02882 secs using 380.3% CPU
Estimate model parameters (epsilon = 0.100)
BETTER TREE FOUND at iteration 53: -29903.942
Optimizing NNI: done in 3.77464 secs using 371.4% CPU
Optimizing NNI: done in 3.15672 secs using 383% CPU
Optimizing NNI: done in 3.14287 secs using 383% CPU
Optimizing NNI: done in 2.63556 secs using 378% CPU
Optimizing NNI: done in 3.40645 secs using 367.6% CPU
Optimizing NNI: done in 3.04005 secs using 382.8% CPU
Estimate model parameters (epsilon = 0.100)
BETTER TREE FOUND at iteration 59: -29883.396
Optimizing NNI: done in 3.06666 secs using 367.4% CPU
Iteration 60 / LogL: -29915.392 / Time: 0h:8m:48s (0h:14m:47s left)
Optimizing NNI: done in 3.35802 secs using 384.1% CPU
Estimate model parameters (epsilon = 0.100)
BETTER TREE FOUND at iteration 61: -29832.601
Optimizing NNI: done in 3.50242 secs using 357.4% CPU
Optimizing NNI: done in 3.35914 secs using 381.7% CPU
Optimizing NNI: done in 3.72202 secs using 371.6% CPU
Optimizing NNI: done in 3.16528 secs using 383.5% CPU
Optimizing NNI: done in 3.07541 secs using 377.2% CPU
Optimizing NNI: done in 2.89188 secs using 370.8% CPU
Optimizing NNI: done in 2.69996 secs using 377.5% CPU
Optimizing NNI: done in 2.61126 secs using 376.4% CPU
Optimizing NNI: done in 3.55417 secs using 384.2% CPU
Iteration 70 / LogL: -29909.780 / Time: 0h:9m:21s (0h:12m:20s left)
Optimizing NNI: done in 3.1747 secs using 369.9% CPU
Optimizing NNI: done in 3.23861 secs using 379.7% CPU
Optimizing NNI: done in 5.41281 secs using 382.4% CPU
Optimizing NNI: done in 3.01946 secs using 365.1% CPU
Optimizing NNI: done in 3.71037 secs using 381.3% CPU
Estimate model parameters (epsilon = 0.100)
BETTER TREE FOUND at iteration 75: -29829.724
Optimizing NNI: done in 3.35428 secs using 364.4% CPU
Optimizing NNI: done in 2.79939 secs using 378.6% CPU
Estimate model parameters (epsilon = 0.100)
BETTER TREE FOUND at iteration 77: -29828.829
Optimizing NNI: done in 2.78147 secs using 380.5% CPU
Optimizing NNI: done in 2.51758 secs using 380.3% CPU
Optimizing NNI: done in 3.38663 secs using 370.9% CPU
Estimate model parameters (epsilon = 0.100)
BETTER TREE FOUND at iteration 80: -29828.438
Iteration 80 / LogL: -29828.438 / Time: 0h:9m:56s (0h:12m:35s left)
Optimizing NNI: done in 2.84709 secs using 380.7% CPU
Optimizing NNI: done in 3.82045 secs using 373% CPU
Optimizing NNI: done in 2.92673 secs using 382.3% CPU
Optimizing NNI: done in 2.82281 secs using 380.7% CPU
Optimizing NNI: done in 2.56863 secs using 379.4% CPU
Optimizing NNI: done in 3.36748 secs using 365.6% CPU
Optimizing NNI: done in 3.36914 secs using 383.1% CPU
Optimizing NNI: done in 2.36781 secs using 381.2% CPU
Optimizing NNI: done in 3.8769 secs using 375.4% CPU
Optimizing NNI: done in 3.00756 secs using 382.4% CPU
Estimate model parameters (epsilon = 0.100)
BETTER TREE FOUND at iteration 90: -29828.126
Iteration 90 / LogL: -29828.126 / Time: 0h:10m:28s (0h:11m:46s left)
Optimizing NNI: done in 3.73409 secs using 374.6% CPU
Optimizing NNI: done in 2.99847 secs using 381.9% CPU
Optimizing NNI: done in 3.87997 secs using 373.4% CPU
Optimizing NNI: done in 2.77222 secs using 381.5% CPU
Optimizing NNI: done in 2.74243 secs using 380.9% CPU
Optimizing NNI: done in 2.84382 secs using 382.3% CPU
Optimizing NNI: done in 2.9572 secs using 379.3% CPU
Optimizing NNI: done in 3.56057 secs using 371.9% CPU
Optimizing NNI: done in 4.29875 secs using 373.4% CPU
Optimizing NNI: done in 3.07011 secs using 384.8% CPU
Iteration 100 / LogL: -29836.799 / Time: 0h:11m:1s (0h:10m:1s left)
Optimizing NNI: done in 3.20886 secs using 383.9% CPU
Optimizing NNI: done in 3.28594 secs using 368.2% CPU
Optimizing NNI: done in 2.95286 secs using 378.8% CPU
Optimizing NNI: done in 2.70422 secs using 377.9% CPU
Optimizing NNI: done in 2.37319 secs using 379% CPU
Optimizing NNI: done in 3.13487 secs using 378% CPU
Optimizing NNI: done in 3.13673 secs using 369% CPU
Optimizing NNI: done in 3.35484 secs using 370.8% CPU
Optimizing NNI: done in 3.58454 secs using 369.5% CPU
Optimizing NNI: done in 3.07338 secs using 383.5% CPU
Iteration 110 / LogL: -29832.587 / Time: 0h:11m:32s (0h:8m:28s left)
Optimizing NNI: done in 2.75951 secs using 379.9% CPU
Optimizing NNI: done in 3.57477 secs using 372.5% CPU
Optimizing NNI: done in 2.89067 secs using 379.9% CPU
Optimizing NNI: done in 2.99801 secs using 382.7% CPU
Optimizing NNI: done in 2.23897 secs using 378.2% CPU
Estimate model parameters (epsilon = 0.100)
BETTER TREE FOUND at iteration 115: -29827.634
Optimizing NNI: done in 3.33534 secs using 370.3% CPU
Optimizing NNI: done in 2.85232 secs using 378.9% CPU
Optimizing NNI: done in 3.67776 secs using 386.2% CPU
Optimizing NNI: done in 3.63129 secs using 368.7% CPU
Estimate model parameters (epsilon = 0.100)
BETTER TREE FOUND at iteration 119: -29827.608
Optimizing NNI: done in 2.83043 secs using 380.3% CPU
Iteration 120 / LogL: -29828.445 / Time: 0h:12m:4s (0h:10m:2s left)
Optimizing NNI: done in 2.50329 secs using 380.8% CPU
Optimizing NNI: done in 3.73353 secs using 368.3% CPU
Optimizing NNI: done in 2.79798 secs using 382.7% CPU
Optimizing NNI: done in 3.14823 secs using 385% CPU
Optimizing NNI: done in 3.22739 secs using 370.2% CPU
Optimizing NNI: done in 3.31998 secs using 385.3% CPU
Optimizing NNI: done in 2.9608 secs using 381% CPU
Optimizing NNI: done in 3.59871 secs using 370.2% CPU
Optimizing NNI: done in 2.5592 secs using 376.3% CPU
Optimizing NNI: done in 3.1204 secs using 380.2% CPU
Iteration 130 / LogL: -29835.616 / Time: 0h:12m:35s (0h:8m:41s left)
Optimizing NNI: done in 2.73784 secs using 380.6% CPU
Optimizing NNI: done in 2.93091 secs using 365.8% CPU
Optimizing NNI: done in 3.74922 secs using 385.2% CPU
UPDATE BEST LOG-LIKELIHOOD: -29827.608
Optimizing NNI: done in 2.92983 secs using 374.2% CPU
Optimizing NNI: done in 3.47916 secs using 372.2% CPU
Optimizing NNI: done in 2.69692 secs using 377.6% CPU
Optimizing NNI: done in 2.96537 secs using 378.3% CPU
Optimizing NNI: done in 3.30729 secs using 365.9% CPU
Optimizing NNI: done in 2.97373 secs using 381.6% CPU
Optimizing NNI: done in 3.32349 secs using 383.5% CPU
Iteration 140 / LogL: -29828.508 / Time: 0h:13m:7s (0h:7m:27s left)
Optimizing NNI: done in 3.30552 secs using 370.4% CPU
Optimizing NNI: done in 4.64217 secs using 374.9% CPU
Optimizing NNI: done in 3.25973 secs using 381% CPU
Optimizing NNI: done in 4.09231 secs using 370.7% CPU
Optimizing NNI: done in 3.28113 secs using 382.2% CPU
Optimizing NNI: done in 3.65321 secs using 369.2% CPU
Optimizing NNI: done in 3.76666 secs using 385.6% CPU
BETTER TREE FOUND at iteration 147: -29827.605
Optimizing NNI: done in 3.42239 secs using 369.7% CPU
Optimizing NNI: done in 3.01127 secs using 381.2% CPU
Optimizing NNI: done in 2.86668 secs using 380.9% CPU
Iteration 150 / LogL: -29828.697 / Time: 0h:13m:42s (0h:8m:55s left)
Optimizing NNI: done in 3.48389 secs using 371.8% CPU
Optimizing NNI: done in 2.61808 secs using 378.8% CPU
Optimizing NNI: done in 2.82308 secs using 382.6% CPU
Optimizing NNI: done in 3.49377 secs using 376.4% CPU
Optimizing NNI: done in 2.29614 secs using 377.3% CPU
Optimizing NNI: done in 2.36396 secs using 377% CPU
Optimizing NNI: done in 3.24722 secs using 368.8% CPU
Optimizing NNI: done in 3.69652 secs using 383.9% CPU
Optimizing NNI: done in 2.47744 secs using 380.5% CPU
Optimizing NNI: done in 3.24317 secs using 367.5% CPU
Iteration 160 / LogL: -29828.692 / Time: 0h:14m:12s (0h:7m:46s left)
Optimizing NNI: done in 2.57751 secs using 377.1% CPU
Optimizing NNI: done in 2.49182 secs using 376.3% CPU
Optimizing NNI: done in 2.7439 secs using 380.2% CPU
Optimizing NNI: done in 4.04016 secs using 371.7% CPU
Optimizing NNI: done in 3.39295 secs using 382.6% CPU
Optimizing NNI: done in 3.72105 secs using 371.9% CPU
Optimizing NNI: done in 3.96876 secs using 384.7% CPU
Optimizing NNI: done in 3.16825 secs using 364.5% CPU
Optimizing NNI: done in 2.87623 secs using 381.9% CPU
Optimizing NNI: done in 3.01501 secs using 382% CPU
Iteration 170 / LogL: -29829.021 / Time: 0h:14m:44s (0h:6m:43s left)
Optimizing NNI: done in 3.92954 secs using 368.8% CPU
Optimizing NNI: done in 3.09955 secs using 381% CPU
UPDATE BEST LOG-LIKELIHOOD: -29827.601
Optimizing NNI: done in 2.99432 secs using 379.4% CPU
Optimizing NNI: done in 3.36824 secs using 364.1% CPU
Optimizing NNI: done in 2.58624 secs using 377.6% CPU
Optimizing NNI: done in 2.67407 secs using 381.6% CPU
Optimizing NNI: done in 3.05441 secs using 381.6% CPU
Optimizing NNI: done in 3.85372 secs using 373.3% CPU
Optimizing NNI: done in 2.40847 secs using 380.3% CPU
Optimizing NNI: done in 3.07959 secs using 384.1% CPU
Iteration 180 / LogL: -29839.291 / Time: 0h:15m:16s (0h:5m:42s left)
Optimizing NNI: done in 3.67233 secs using 371.1% CPU
Optimizing NNI: done in 2.72728 secs using 380.9% CPU
Optimizing NNI: done in 2.78023 secs using 380.9% CPU
Optimizing NNI: done in 2.63087 secs using 376.3% CPU
Optimizing NNI: done in 2.48356 secs using 371.5% CPU
Optimizing NNI: done in 3.40818 secs using 361.6% CPU
Optimizing NNI: done in 2.42065 secs using 377.7% CPU
Optimizing NNI: done in 2.34531 secs using 377.4% CPU
Optimizing NNI: done in 3.48783 secs using 381.3% CPU
Optimizing NNI: done in 3.05428 secs using 380% CPU
Iteration 190 / LogL: -29828.542 / Time: 0h:15m:45s (0h:4m:45s left)
Optimizing NNI: done in 2.37796 secs using 376.3% CPU
Optimizing NNI: done in 3.47526 secs using 371.1% CPU
Optimizing NNI: done in 2.97408 secs using 382.7% CPU
Optimizing NNI: done in 3.61991 secs using 368.3% CPU
Optimizing NNI: done in 2.92487 secs using 380.4% CPU
Optimizing NNI: done in 3.08186 secs using 384.5% CPU
Optimizing NNI: done in 3.65357 secs using 372.2% CPU
Optimizing NNI: done in 3.18377 secs using 381.7% CPU
Optimizing NNI: done in 4.30765 secs using 375.8% CPU
Optimizing NNI: done in 2.61668 secs using 379.7% CPU
Iteration 200 / LogL: -29846.364 / Time: 0h:16m:17s (0h:3m:50s left)
Optimizing NNI: done in 4.89648 secs using 378.1% CPU
Optimizing NNI: done in 3.11268 secs using 381.6% CPU
Optimizing NNI: done in 3.36761 secs using 369.4% CPU
Optimizing NNI: done in 2.50527 secs using 377.9% CPU
Optimizing NNI: done in 2.32655 secs using 379% CPU
Optimizing NNI: done in 2.3097 secs using 377.9% CPU
Optimizing NNI: done in 3.96257 secs using 383.6% CPU
Optimizing NNI: done in 3.33675 secs using 371.8% CPU
Optimizing NNI: done in 2.66728 secs using 376.4% CPU
Optimizing NNI: done in 2.52275 secs using 379.1% CPU
Iteration 210 / LogL: -29830.082 / Time: 0h:16m:49s (0h:2m:58s left)
Optimizing NNI: done in 3.50142 secs using 385.1% CPU
Optimizing NNI: done in 3.69163 secs using 373.8% CPU
Optimizing NNI: done in 3.95564 secs using 372.3% CPU
Optimizing NNI: done in 2.7608 secs using 380.9% CPU
Optimizing NNI: done in 3.51655 secs using 380.1% CPU
Optimizing NNI: done in 3.27893 secs using 368.6% CPU
Optimizing NNI: done in 3.68005 secs using 384.2% CPU
Optimizing NNI: done in 3.44386 secs using 368.2% CPU
Optimizing NNI: done in 3.47417 secs using 382.4% CPU
Optimizing NNI: done in 2.8392 secs using 376.7% CPU
Iteration 220 / LogL: -29829.412 / Time: 0h:17m:23s (0h:2m:8s left)
Optimizing NNI: done in 2.7354 secs using 380.1% CPU
Optimizing NNI: done in 3.7723 secs using 374.4% CPU
Optimizing NNI: done in 3.29903 secs using 384.1% CPU
Optimizing NNI: done in 2.85848 secs using 366.2% CPU
Optimizing NNI: done in 3.62448 secs using 382.4% CPU
Optimizing NNI: done in 2.84993 secs using 381.3% CPU
Optimizing NNI: done in 3.39108 secs using 368.5% CPU
Optimizing NNI: done in 2.78788 secs using 380.1% CPU
Optimizing NNI: done in 2.52107 secs using 380.6% CPU
Optimizing NNI: done in 2.59206 secs using 378.1% CPU
Iteration 230 / LogL: -29991.980 / Time: 0h:17m:54s (0h:1m:19s left)
Optimizing NNI: done in 2.42395 secs using 378.9% CPU
Optimizing NNI: done in 3.83921 secs using 372.6% CPU
Optimizing NNI: done in 3.12747 secs using 384.6% CPU
Optimizing NNI: done in 2.91585 secs using 379.1% CPU
Estimate model parameters (epsilon = 0.100)
BETTER TREE FOUND at iteration 234: -29811.583
Optimizing NNI: done in 3.7265 secs using 381.1% CPU
Optimizing NNI: done in 2.96742 secs using 379.6% CPU
Optimizing NNI: done in 3.98915 secs using 367.5% CPU
Optimizing NNI: done in 5.14832 secs using 378.9% CPU
Optimizing NNI: done in 2.86587 secs using 379.4% CPU
Optimizing NNI: done in 3.08716 secs using 363.2% CPU
Estimate model parameters (epsilon = 0.100)
BETTER TREE FOUND at iteration 240: -29799.237
Iteration 240 / LogL: -29799.237 / Time: 0h:18m:30s (0h:7m:44s left)
Optimizing NNI: done in 2.6937 secs using 378.8% CPU
Estimate model parameters (epsilon = 0.100)
BETTER TREE FOUND at iteration 241: -29799.014
Optimizing NNI: done in 3.02861 secs using 379.3% CPU
Optimizing NNI: done in 2.73806 secs using 381.1% CPU
Optimizing NNI: done in 2.80977 secs using 381.9% CPU
Optimizing NNI: done in 3.91874 secs using 370.4% CPU
Optimizing NNI: done in 2.56245 secs using 380.8% CPU
Optimizing NNI: done in 2.82911 secs using 380.1% CPU
Optimizing NNI: done in 3.56563 secs using 372.9% CPU
Optimizing NNI: done in 2.89206 secs using 382.5% CPU
Optimizing NNI: done in 2.98659 secs using 382.4% CPU
Iteration 250 / LogL: -29813.040 / Time: 0h:19m:1s (0h:6m:57s left)
Optimizing NNI: done in 2.61711 secs using 380.6% CPU
Optimizing NNI: done in 3.37578 secs using 369.5% CPU
Optimizing NNI: done in 3.22178 secs using 383.1% CPU
Optimizing NNI: done in 2.76569 secs using 381.6% CPU
Optimizing NNI: done in 3.57511 secs using 370.5% CPU
Estimate model parameters (epsilon = 0.100)
BETTER TREE FOUND at iteration 255: -29798.821
Optimizing NNI: done in 2.68545 secs using 378% CPU
UPDATE BEST LOG-LIKELIHOOD: -29798.818
Optimizing NNI: done in 2.52253 secs using 380.6% CPU
Optimizing NNI: done in 3.40229 secs using 379.9% CPU
Optimizing NNI: done in 3.1011 secs using 368.1% CPU
Optimizing NNI: done in 2.78531 secs using 382.9% CPU
Iteration 260 / LogL: -29818.124 / Time: 0h:19m:32s (0h:7m:9s left)
Optimizing NNI: done in 3.02216 secs using 380.3% CPU
Optimizing NNI: done in 2.74323 secs using 380.6% CPU
Optimizing NNI: done in 2.58878 secs using 378.8% CPU
Optimizing NNI: done in 3.58049 secs using 369.7% CPU
Optimizing NNI: done in 3.24399 secs using 384% CPU
Optimizing NNI: done in 3.3153 secs using 370.7% CPU
Optimizing NNI: done in 2.61476 secs using 379.6% CPU
Optimizing NNI: done in 2.91926 secs using 380.8% CPU
Optimizing NNI: done in 3.32492 secs using 383.5% CPU
Optimizing NNI: done in 3.3158 secs using 370.3% CPU
Estimate model parameters (epsilon = 0.100)
BETTER TREE FOUND at iteration 270: -29798.601
Iteration 270 / LogL: -29798.601 / Time: 0h:20m:3s (0h:7m:27s left)
Optimizing NNI: done in 2.70459 secs using 381.3% CPU
Optimizing NNI: done in 3.06657 secs using 382.6% CPU
Optimizing NNI: done in 3.2881 secs using 371.3% CPU
Optimizing NNI: done in 3.03015 secs using 382% CPU
Optimizing NNI: done in 2.99964 secs using 381.6% CPU
Optimizing NNI: done in 3.2945 secs using 373% CPU
Optimizing NNI: done in 3.22769 secs using 382.1% CPU
Optimizing NNI: done in 2.78386 secs using 381.9% CPU
Optimizing NNI: done in 3.85574 secs using 372.6% CPU
Optimizing NNI: done in 3.3869 secs using 383.1% CPU
Iteration 280 / LogL: -29799.134 / Time: 0h:20m:35s (0h:6m:38s left)
Optimizing NNI: done in 3.42723 secs using 369.1% CPU
Optimizing NNI: done in 3.21581 secs using 382.4% CPU
Optimizing NNI: done in 3.78932 secs using 362% CPU
BETTER TREE FOUND at iteration 283: -29798.600
Optimizing NNI: done in 3.75484 secs using 387.3% CPU
Optimizing NNI: done in 2.65828 secs using 380.8% CPU
Optimizing NNI: done in 2.3195 secs using 369.4% CPU
Optimizing NNI: done in 2.93252 secs using 369.9% CPU
Optimizing NNI: done in 3.09148 secs using 381.9% CPU
UPDATE BEST LOG-LIKELIHOOD: -29798.598
Optimizing NNI: done in 2.75303 secs using 380.4% CPU
Optimizing NNI: done in 2.55146 secs using 376.6% CPU
Iteration 290 / LogL: -29802.754 / Time: 0h:21m:6s (0h:6m:47s left)
Optimizing NNI: done in 3.03857 secs using 382.6% CPU
Optimizing NNI: done in 3.37797 secs using 369.4% CPU
Optimizing NNI: done in 2.8753 secs using 379.2% CPU
Optimizing NNI: done in 2.65715 secs using 380.3% CPU
Optimizing NNI: done in 2.49539 secs using 380% CPU
Optimizing NNI: done in 3.37379 secs using 370% CPU
Optimizing NNI: done in 2.86805 secs using 379.9% CPU
Optimizing NNI: done in 2.83434 secs using 379.6% CPU
Optimizing NNI: done in 3.12214 secs using 384.7% CPU
Optimizing NNI: done in 3.36677 secs using 369.6% CPU
Iteration 300 / LogL: -29800.095 / Time: 0h:21m:36s (0h:5m:59s left)
Optimizing NNI: done in 2.65592 secs using 378.3% CPU
Optimizing NNI: done in 2.39319 secs using 379.9% CPU
Optimizing NNI: done in 2.74885 secs using 382.5% CPU
Optimizing NNI: done in 3.01741 secs using 380.1% CPU
Optimizing NNI: done in 3.72038 secs using 374.7% CPU
Optimizing NNI: done in 2.8956 secs using 380.3% CPU
Optimizing NNI: done in 2.74721 secs using 380.1% CPU
Optimizing NNI: done in 2.89508 secs using 383.2% CPU
Optimizing NNI: done in 3.42073 secs using 374.3% CPU
Optimizing NNI: done in 3.48853 secs using 382.6% CPU
Iteration 310 / LogL: -29810.462 / Time: 0h:22m:6s (0h:5m:13s left)
Optimizing NNI: done in 2.37514 secs using 379.1% CPU
Optimizing NNI: done in 3.15881 secs using 368.5% CPU
Optimizing NNI: done in 3.10402 secs using 379.2% CPU
Optimizing NNI: done in 2.23559 secs using 379.5% CPU
Optimizing NNI: done in 2.55284 secs using 381% CPU
UPDATE BEST LOG-LIKELIHOOD: -29798.595
Optimizing NNI: done in 3.25947 secs using 381.9% CPU
Optimizing NNI: done in 3.07966 secs using 368.1% CPU
Optimizing NNI: done in 2.76749 secs using 381.6% CPU
Optimizing NNI: done in 2.86661 secs using 382% CPU
Optimizing NNI: done in 2.62214 secs using 380% CPU
Iteration 320 / LogL: -29817.729 / Time: 0h:22m:35s (0h:4m:27s left)
Optimizing NNI: done in 3.0618 secs using 379% CPU
Optimizing NNI: done in 3.02723 secs using 367.9% CPU
Optimizing NNI: done in 3.6881 secs using 384.1% CPU
Optimizing NNI: done in 2.28924 secs using 375.7% CPU
Optimizing NNI: done in 2.95754 secs using 381.2% CPU
Optimizing NNI: done in 3.37863 secs using 371.1% CPU
Optimizing NNI: done in 3.36212 secs using 379.3% CPU
Optimizing NNI: done in 3.27246 secs using 368.1% CPU
Optimizing NNI: done in 2.67315 secs using 381.5% CPU
Optimizing NNI: done in 2.48215 secs using 375.8% CPU
Iteration 330 / LogL: -29799.816 / Time: 0h:23m:5s (0h:3m:43s left)
Optimizing NNI: done in 3.37678 secs using 383.7% CPU
Optimizing NNI: done in 2.83238 secs using 381.9% CPU
Optimizing NNI: done in 2.93335 secs using 365.9% CPU
Optimizing NNI: done in 2.9005 secs using 382.4% CPU
Optimizing NNI: done in 3.08159 secs using 383.1% CPU
Optimizing NNI: done in 3.49728 secs using 372.7% CPU
Optimizing NNI: done in 3.57179 secs using 381.7% CPU
Optimizing NNI: done in 2.30129 secs using 378.4% CPU
Optimizing NNI: done in 2.87741 secs using 380.9% CPU
Optimizing NNI: done in 3.92984 secs using 367% CPU
UPDATE BEST LOG-LIKELIHOOD: -29798.592
Iteration 340 / LogL: -29798.592 / Time: 0h:23m:37s (0h:2m:59s left)
Optimizing NNI: done in 2.63956 secs using 380.1% CPU
Optimizing NNI: done in 2.49937 secs using 381.4% CPU
Optimizing NNI: done in 3.5853 secs using 369.6% CPU
Optimizing NNI: done in 2.94187 secs using 382.9% CPU
Optimizing NNI: done in 3.15598 secs using 384.1% CPU
Optimizing NNI: done in 3.40838 secs using 371.5% CPU
Optimizing NNI: done in 2.65851 secs using 376.8% CPU
Optimizing NNI: done in 3.06885 secs using 382.8% CPU
Optimizing NNI: done in 2.59201 secs using 381.4% CPU
Optimizing NNI: done in 3.00341 secs using 379.6% CPU
Iteration 350 / LogL: -29800.697 / Time: 0h:24m:6s (0h:2m:16s left)
Optimizing NNI: done in 3.31353 secs using 362.9% CPU
Optimizing NNI: done in 2.80005 secs using 382.3% CPU
Optimizing NNI: done in 2.69939 secs using 378.8% CPU
Optimizing NNI: done in 3.15478 secs using 382.2% CPU
Optimizing NNI: done in 3.29049 secs using 367.6% CPU
Optimizing NNI: done in 2.68453 secs using 379.3% CPU
Optimizing NNI: done in 3.02919 secs using 379.3% CPU
Optimizing NNI: done in 3.47479 secs using 370.9% CPU
Optimizing NNI: done in 3.21924 secs using 383% CPU
Optimizing NNI: done in 3.12717 secs using 383.3% CPU
Iteration 360 / LogL: -29798.817 / Time: 0h:24m:38s (0h:1m:34s left)
Optimizing NNI: done in 3.47779 secs using 370.9% CPU
Optimizing NNI: done in 2.34433 secs using 378.4% CPU
Optimizing NNI: done in 2.38826 secs using 376.6% CPU
Optimizing NNI: done in 3.47087 secs using 384.8% CPU
Optimizing NNI: done in 4.15826 secs using 373.5% CPU
Optimizing NNI: done in 3.02588 secs using 381.9% CPU
Optimizing NNI: done in 2.59321 secs using 381.1% CPU
Optimizing NNI: done in 3.56068 secs using 374.5% CPU
Optimizing NNI: done in 2.48263 secs using 378% CPU
Optimizing NNI: done in 2.62938 secs using 380.4% CPU
Iteration 370 / LogL: -29798.601 / Time: 0h:25m:8s (0h:0m:53s left)
Optimizing NNI: done in 3.06537 secs using 383.8% CPU
Optimizing NNI: done in 2.47142 secs using 377.9% CPU
Optimizing NNI: done in 3.2679 secs using 369.3% CPU
BETTER TREE FOUND at iteration 373: -29798.592
Optimizing NNI: done in 3.37049 secs using 382.1% CPU
Optimizing NNI: done in 2.61644 secs using 379.1% CPU
Optimizing NNI: done in 3.82111 secs using 373.7% CPU
Optimizing NNI: done in 3.11347 secs using 383.8% CPU
Optimizing NNI: done in 3.12722 secs using 377.6% CPU
Optimizing NNI: done in 3.01692 secs using 362.2% CPU
Optimizing NNI: done in 3.82385 secs using 384.9% CPU
BETTER TREE FOUND at iteration 380: -29798.591
Iteration 380 / LogL: -29798.591 / Time: 0h:25m:40s (0h:6m:46s left)
Optimizing NNI: done in 2.44136 secs using 380% CPU
Optimizing NNI: done in 3.49702 secs using 369.5% CPU
Optimizing NNI: done in 2.81068 secs using 376.1% CPU
Optimizing NNI: done in 2.9286 secs using 382.5% CPU
Optimizing NNI: done in 2.89209 secs using 379.4% CPU
Optimizing NNI: done in 3.35573 secs using 370.8% CPU
Optimizing NNI: done in 2.64199 secs using 379.8% CPU
Optimizing NNI: done in 2.98502 secs using 381.5% CPU
Optimizing NNI: done in 3.89343 secs using 372.1% CPU
Optimizing NNI: done in 3.02479 secs using 383.5% CPU
Iteration 390 / LogL: -29799.891 / Time: 0h:26m:11s (0h:6m:3s left)
Optimizing NNI: done in 2.8198 secs using 379.8% CPU
UPDATE BEST LOG-LIKELIHOOD: -29798.589
Optimizing NNI: done in 3.58498 secs using 372.6% CPU
Optimizing NNI: done in 2.58927 secs using 379.1% CPU
Optimizing NNI: done in 2.82927 secs using 383.5% CPU
Optimizing NNI: done in 3.57554 secs using 367.6% CPU
Optimizing NNI: done in 2.92844 secs using 381.8% CPU
Optimizing NNI: done in 3.09273 secs using 378.7% CPU
Optimizing NNI: done in 3.80168 secs using 368.5% CPU
Optimizing NNI: done in 2.69325 secs using 381.7% CPU
Optimizing NNI: done in 3.12509 secs using 379.6% CPU
Iteration 400 / LogL: -29798.590 / Time: 0h:26m:42s (0h:5m:21s left)
Optimizing NNI: done in 2.88513 secs using 377.9% CPU
Optimizing NNI: done in 3.21019 secs using 367.4% CPU
Optimizing NNI: done in 3.14657 secs using 384.2% CPU
Optimizing NNI: done in 2.87801 secs using 379.3% CPU
Optimizing NNI: done in 3.42654 secs using 369.7% CPU
Optimizing NNI: done in 4.01969 secs using 386.1% CPU
Optimizing NNI: done in 3.27428 secs using 368.4% CPU
Optimizing NNI: done in 3.54163 secs using 382.6% CPU
Optimizing NNI: done in 2.70265 secs using 381.6% CPU
Optimizing NNI: done in 2.84442 secs using 360.9% CPU
Iteration 410 / LogL: -29798.594 / Time: 0h:27m:14s (0h:4m:39s left)
Optimizing NNI: done in 3.09674 secs using 378.2% CPU
Optimizing NNI: done in 2.65639 secs using 377.2% CPU
BETTER TREE FOUND at iteration 412: -29798.588
Optimizing NNI: done in 2.87425 secs using 377.5% CPU
Optimizing NNI: done in 3.44429 secs using 368.7% CPU
Optimizing NNI: done in 3.39978 secs using 385.2% CPU
Optimizing NNI: done in 3.00795 secs using 380% CPU
Optimizing NNI: done in 3.05623 secs using 366.8% CPU
Optimizing NNI: done in 2.80952 secs using 380.5% CPU
Optimizing NNI: done in 2.70998 secs using 380.1% CPU
Optimizing NNI: done in 3.40469 secs using 382.8% CPU
Iteration 420 / LogL: -29798.593 / Time: 0h:27m:45s (0h:6m:5s left)
Optimizing NNI: done in 2.88486 secs using 367.4% CPU
Optimizing NNI: done in 3.19943 secs using 381.5% CPU
Optimizing NNI: done in 3.51805 secs using 382.6% CPU
Optimizing NNI: done in 2.72483 secs using 369.3% CPU
Optimizing NNI: done in 3.60669 secs using 380.2% CPU
Optimizing NNI: done in 2.74131 secs using 377.6% CPU
Optimizing NNI: done in 3.32233 secs using 371.4% CPU
Optimizing NNI: done in 3.16957 secs using 383% CPU
Optimizing NNI: done in 3.4439 secs using 382.2% CPU
Optimizing NNI: done in 3.10127 secs using 367.4% CPU
Iteration 430 / LogL: -29800.106 / Time: 0h:28m:17s (0h:5m:24s left)
Optimizing NNI: done in 2.83925 secs using 380.7% CPU
Optimizing NNI: done in 5.11938 secs using 378.4% CPU
Optimizing NNI: done in 2.69296 secs using 382% CPU
Optimizing NNI: done in 2.71578 secs using 378.8% CPU
Optimizing NNI: done in 3.67307 secs using 370.5% CPU
Optimizing NNI: done in 2.72108 secs using 382.6% CPU
Optimizing NNI: done in 2.40323 secs using 379.2% CPU
Optimizing NNI: done in 2.5444 secs using 376.6% CPU
Optimizing NNI: done in 3.15798 secs using 382.6% CPU
Optimizing NNI: done in 3.16972 secs using 370.3% CPU
Iteration 440 / LogL: -29840.054 / Time: 0h:28m:48s (0h:4m:43s left)
Optimizing NNI: done in 2.56514 secs using 378.4% CPU
Optimizing NNI: done in 2.54442 secs using 378.5% CPU
Optimizing NNI: done in 2.83918 secs using 381.3% CPU
Optimizing NNI: done in 3.01325 secs using 380.5% CPU
Optimizing NNI: done in 3.45426 secs using 370.8% CPU
Optimizing NNI: done in 2.79144 secs using 380.5% CPU
Optimizing NNI: done in 2.70988 secs using 382.1% CPU
Optimizing NNI: done in 2.74658 secs using 379.6% CPU
Optimizing NNI: done in 3.13121 secs using 367.3% CPU
Optimizing NNI: done in 1.93454 secs using 396.6% CPU
Iteration 450 / LogL: -29807.865 / Time: 0h:29m:16s (0h:4m:2s left)
Optimizing NNI: done in 2.9159 secs using 368.9% CPU
Optimizing NNI: done in 3.46193 secs using 381.5% CPU
Optimizing NNI: done in 2.70645 secs using 379.4% CPU
Optimizing NNI: done in 2.17271 secs using 378.6% CPU
Optimizing NNI: done in 2.578 secs using 381.1% CPU
Optimizing NNI: done in 2.66939 secs using 380.7% CPU
Optimizing NNI: done in 2.53154 secs using 376.2% CPU
Optimizing NNI: done in 3.90385 secs using 372.4% CPU
Optimizing NNI: done in 4.23647 secs using 375.6% CPU
Optimizing NNI: done in 3.01742 secs using 383.4% CPU
Iteration 460 / LogL: -29798.991 / Time: 0h:29m:47s (0h:3m:22s left)
Optimizing NNI: done in 2.44197 secs using 381.2% CPU
Optimizing NNI: done in 2.40294 secs using 379.9% CPU
Optimizing NNI: done in 2.91157 secs using 376.7% CPU
Optimizing NNI: done in 3.21825 secs using 364.2% CPU
Optimizing NNI: done in 2.63079 secs using 377.8% CPU
Optimizing NNI: done in 2.85086 secs using 380.6% CPU
Optimizing NNI: done in 3.19095 secs using 378.7% CPU
Optimizing NNI: done in 2.86157 secs using 370.8% CPU
Optimizing NNI: done in 2.85812 secs using 376.3% CPU
Optimizing NNI: done in 2.51801 secs using 377% CPU
Iteration 470 / LogL: -29798.627 / Time: 0h:30m:15s (0h:2m:42s left)
Optimizing NNI: done in 3.02041 secs using 381.8% CPU
Optimizing NNI: done in 2.28502 secs using 372.3% CPU
Optimizing NNI: done in 2.86033 secs using 382.1% CPU
Optimizing NNI: done in 2.5659 secs using 377.1% CPU
Optimizing NNI: done in 3.50573 secs using 371% CPU
Optimizing NNI: done in 3.2044 secs using 382.6% CPU
Optimizing NNI: done in 2.6657 secs using 375.2% CPU
Optimizing NNI: done in 3.30599 secs using 368.2% CPU
Optimizing NNI: done in 2.95624 secs using 380.4% CPU
Optimizing NNI: done in 2.59951 secs using 378.6% CPU
Iteration 480 / LogL: -29799.131 / Time: 0h:30m:44s (0h:2m:3s left)
Optimizing NNI: done in 2.86085 secs using 382.2% CPU
Optimizing NNI: done in 2.84997 secs using 381.4% CPU
Optimizing NNI: done in 2.32712 secs using 381.1% CPU
Optimizing NNI: done in 3.21055 secs using 368.4% CPU
Optimizing NNI: done in 2.61482 secs using 382.2% CPU
Optimizing NNI: done in 2.51624 secs using 375.7% CPU
Optimizing NNI: done in 2.61302 secs using 378.7% CPU
Optimizing NNI: done in 2.08312 secs using 374.9% CPU
Optimizing NNI: done in 3.30303 secs using 384.5% CPU
Optimizing NNI: done in 3.18558 secs using 369.4% CPU
Iteration 490 / LogL: -29875.866 / Time: 0h:31m:12s (0h:1m:24s left)
Optimizing NNI: done in 3.24616 secs using 382.7% CPU
Optimizing NNI: done in 4.37834 secs using 376.9% CPU
Optimizing NNI: done in 2.9036 secs using 381.6% CPU
Optimizing NNI: done in 2.60243 secs using 376.9% CPU
Optimizing NNI: done in 3.07196 secs using 383.6% CPU
Optimizing NNI: done in 3.10732 secs using 369.2% CPU
Optimizing NNI: done in 2.91722 secs using 382.4% CPU
Optimizing NNI: done in 2.65079 secs using 379.7% CPU
Optimizing NNI: done in 2.82389 secs using 381.1% CPU
Optimizing NNI: done in 3.4127 secs using 371.4% CPU
Iteration 500 / LogL: -29836.727 / Time: 0h:31m:43s (0h:0m:45s left)
Optimizing NNI: done in 2.52058 secs using 378.3% CPU
Optimizing NNI: done in 2.80798 secs using 379.5% CPU
Optimizing NNI: done in 2.81481 secs using 382.2% CPU
Optimizing NNI: done in 2.23283 secs using 372.5% CPU
Optimizing NNI: done in 2.94372 secs using 382% CPU
Optimizing NNI: done in 3.74772 secs using 372.5% CPU
Optimizing NNI: done in 2.99115 secs using 378.9% CPU
Optimizing NNI: done in 3.75547 secs using 373.5% CPU
Optimizing NNI: done in 3.00769 secs using 383.7% CPU
Optimizing NNI: done in 4.30856 secs using 373.9% CPU
Iteration 510 / LogL: -29816.839 / Time: 0h:32m:14s (0h:0m:7s left)
Optimizing NNI: done in 2.39713 secs using 376.5% CPU
Optimizing NNI: done in 2.88079 secs using 381% CPU
Optimizing NNI: done in 3.20704 secs using 381.8% CPU
TREE SEARCH COMPLETED AFTER 513 ITERATIONS / Time: 0h:32m:23s

--------------------------------------------------------------------
|                    FINALIZING TREE SEARCH                        |
--------------------------------------------------------------------
Performs final model parameters optimization
Estimate model parameters (epsilon = 0.010)
1. Initial log-likelihood: -29798.588
Optimal log-likelihood: -29798.588
Rate parameters:  A-C: 1.18398  A-G: 4.06036  A-T: 1.17366  C-G: 1.37317  C-T: 5.29927  G-T: 1.00000
Base frequencies:  A: 0.221  C: 0.301  G: 0.305  T: 0.173
Gamma shape alpha: 0.319
Parameters optimization took 1 rounds (0.620 sec)
BEST SCORE FOUND : -29798.588
Total tree length: 0.846

Total number of iterations: 513
CPU time used for tree search: 7285.912 sec (2h:1m:25s)
Wall-clock time used for tree search: 1935.295 sec (0h:32m:15s)
Total CPU time used: 7317.260 sec (2h:1m:57s)
Total wall-clock time used: 1944.187 sec (0h:32m:24s)

Analysis results written to: 
  IQ-TREE report:                OTOF_GTR.iqtree
  Maximum-likelihood tree:       OTOF_GTR.treefile
  Likelihood distances:          OTOF_GTR.mldist
  Screen log file:               OTOF_GTR.log

Date and Time: Mon Feb  5 23:30:02 2024
