IQ-TREE multicore version 2.2.0-beta COVID-edition for Linux 64-bit built Dec 21 2021 built Dec 21 2021
Developed by Bui Quang Minh, James Barbetti, Nguyen Lam Tung,
Olga Chernomor, Heiko Schmidt, Dominik Schrempf, Michael Woodhams, Ly Trong Nhan.

Host:    awarnach10 (SSE3, 3 GB RAM)
Command: iqtree -s codon_alignments_v2_Jan24/RYR2_codon_aligned.phy -m GTR+G4 -pre RYR2_GTR -nt 4
Seed:    268366 (Using SPRNG - Scalable Parallel Random Number Generator)
Time:    Mon Jan 29 16:33:18 2024
Kernel:  SSE2 - 4 threads (4 CPU cores detected)

Reading alignment file codon_alignments_v2_Jan24/RYR2_codon_aligned.phy ... Fasta format detected
Reading fasta file: done in 0.0652491 secs using 84.26% CPU
Alignment most likely contains DNA/RNA sequences
Constructing alignment: done in 0.0692924 secs using 78.69% CPU
Alignment has 94 sequences with 14925 columns, 3513 distinct patterns
1724 parsimony-informative, 1473 singleton sites, 11728 constant sites
                   Gap/Ambiguity  Composition  p-value
Analyzing sequences: done in 0.0017022 secs using 230.6% CPU
   1  Bacu_RYR2            2.03%    passed     89.44%
   2  Barn_RYR2           37.41%    passed     73.07%
   3  Bbai76728_RYR2      21.53%    passed     58.58%
   4  BbonAUS_RYR2        12.98%    passed     64.02%
   5  Bbor_RYR2            9.53%    passed     96.96%
   6  Bede66737_RYR2       8.44%    passed     97.78%
   7  BedeAUS_RYR2        11.36%    passed     91.18%
   8  Bmus_RYR2            0.06%    passed     91.43%
   9  Bmys_RYR2           66.55%    failed      1.75%
  10  Bphy_RYR2           14.55%    passed     71.66%
  11  Bphy_baits_RYR2     15.68%    passed     73.20%
  12  Bric_RYR2            0.08%    passed     92.50%
  13  Btau_RYR2            0.00%    passed      5.12%
  14  Ccom40_RYR2         19.26%    passed     94.39%
  15  Chea7320_RYR2        9.67%    passed     90.33%
  16  Cmar59905_RYR2      15.24%    passed     60.77%
  17  Dcap108471_RYR2      9.33%    passed     99.40%
  18  Dcap79929_RYR2      14.41%    passed     43.88%
  19  DdelSJR_RYR2         7.70%    passed     98.85%
  20  Ddel_RYR2            0.44%    passed     93.32%
  21  Ddeltrop4525_RYR2   10.19%    passed     97.88%
  22  Dleu_RYR2            0.42%    passed     95.01%
  23  EausAUS_RYR2         8.30%    passed     96.88%
  24  Ecab_RYR2            0.14%    failed      0.06%
  25  Egla13086_RYR2      12.70%    passed     93.75%
  26  Ejap43864_RYR2      10.69%    passed     95.73%
  27  Erob133443_RYR2     10.97%    passed     96.87%
  28  Fatt_RYR2            7.94%    passed     99.24%
  29  Ggri_RYR2            7.68%    passed     99.31%
  30  Gmac39091_RYR2       8.08%    passed     98.73%
  31  Gmel_RYR2            0.44%    passed     94.59%
  32  Hamp_RYR2            8.44%    passed     88.20%
  33  Hippo_RYR2           0.38%    passed     47.45%
  34  Igeo_RYR2           29.21%    passed     93.12%
  35  Kbre_RYR2            0.52%    passed     98.00%
  36  Ksim_RYR2           13.49%    passed     96.24%
  37  Lacu_RYR2           10.63%    passed     95.76%
  38  Lalb_RYR2            0.42%    passed     92.08%
  39  Laus_RYR2            7.50%    passed     99.01%
  40  Lbor_RYR2           15.40%    passed     96.71%
  41  Lhos30470_RYR2      17.49%    passed     35.80%
  42  Lhos452_RYR2         9.09%    passed     98.17%
  43  Lobl_RYR2            0.28%    passed     93.60%
  44  Lobs_RYR2           10.39%    passed     95.83%
  45  LperAUS_RYR2        10.77%    passed     99.16%
  46  Mbid_RYR2           27.12%    passed     32.94%
  47  Mbow_RYR2           11.12%    passed     59.77%
  48  Mcar_RYR2            8.78%    passed     67.88%
  49  Mden_RYR2            0.00%    passed     83.97%
  50  Meur_RYR2           10.33%    passed     96.72%
  51  Mgin_RYR2            8.98%    passed     84.14%
  52  MgraAUS_RYR2        37.21%    passed     59.66%
  53  Mhec_RYR2           13.87%    passed     90.30%
  54  MlayAUS_RYR2         8.32%    passed     80.83%
  55  Mmir_RYR2           18.19%    passed     93.27%
  56  Mmon_RYR2            0.68%    passed     97.10%
  57  Mper_RYR2           10.65%    passed     84.54%
  58  Mpni_RYR2           11.82%    passed     98.55%
  59  Mste_RYR2           11.16%    passed     89.85%
  60  Naasi_RYR2           0.28%    passed     94.44%
  61  Npho_RYR2            7.64%    passed     98.14%
  62  Oari_RYR2            0.00%    passed     12.81%
  63  Obre_RYR2            7.52%    passed     99.38%
  64  Ohei_RYR2            9.23%    passed     97.61%
  65  Oorc_RYR2            0.44%    passed     96.73%
  66  Ovtex_RYR2           3.96%    passed     79.36%
  67  Pbla7349_RYR2       14.01%    passed     99.18%
  68  Pcat_RYR2            0.40%    passed     94.46%
  69  Pcra123188_RYR2      9.59%    passed     88.63%
  70  Pdal_RYR2           36.20%    passed     76.62%
  71  Pdio_RYR2            9.29%    passed     99.58%
  72  Pele_RYR2            9.43%    passed     98.37%
  73  Pmac_RYR2           43.14%    failed      0.00%
  74  Ppho_RYR2           13.91%    passed     94.60%
  75  Psin_RYR2            0.30%    passed     97.14%
  76  Pspi_RYR2           17.03%    passed     94.63%
  77  Satt18473_RYR2       9.45%    passed     97.45%
  78  Satt38219_RYR2      11.64%    passed     99.30%
  79  Sbre116871_RYR2      7.62%    passed     98.82%
  80  Sbre18437_RYR2       9.43%    passed     99.93%
  81  Schi_RYR2            9.25%    passed     99.90%
  82  Scly1724_RYR2       29.99%    passed     12.57%
  83  Scly1726_RYR2        8.08%    passed     97.25%
  84  Scoe_RYR2           13.29%    passed     84.91%
  85  Sflu9837_RYR2       10.55%    passed     95.28%
  86  Sfro7782_RYR2       18.47%    passed     72.45%
  87  Sfro7784_RYR2        8.12%    passed     98.18%
  88  Slon16012_RYR2       8.94%    passed     99.10%
  89  Slon24923_RYR2       7.18%    passed     99.19%
  90  Sscr_RYR2            0.01%    passed     56.89%
  91  Tadu79924_RYR2      10.99%    passed     91.42%
  92  Tshe_RYR2            9.35%    passed     90.95%
  93  Ttru_RYR2            0.60%    passed     90.88%
  94  Zcav_RYR2           20.68%    passed     84.68%
WARNING: 1 sequences contain more than 50% gaps/ambiguity
****  TOTAL               11.09%  3 sequences failed composition chi2 test (p-value<5%; df=3)
Checking for duplicate sequences: done in 0.00528007 secs using 147.1% CPU

Create initial parsimony tree by phylogenetic likelihood library (PLL)... 0.009 seconds

NOTE: 42 MB RAM (0 GB) is required!
Estimate model parameters (epsilon = 0.100)
1. Initial log-likelihood: -94081.909
2. Current log-likelihood: -82043.045
3. Current log-likelihood: -80419.317
4. Current log-likelihood: -80182.771
5. Current log-likelihood: -80088.644
6. Current log-likelihood: -80040.354
7. Current log-likelihood: -80016.930
8. Current log-likelihood: -80006.764
9. Current log-likelihood: -80003.235
10. Current log-likelihood: -80002.065
11. Current log-likelihood: -80001.713
12. Current log-likelihood: -80001.605
Optimal log-likelihood: -80001.519
Rate parameters:  A-C: 1.48974  A-G: 7.22990  A-T: 0.48702  C-G: 1.38257  C-T: 11.41342  G-T: 1.00000
Base frequencies:  A: 0.278  C: 0.223  G: 0.254  T: 0.244
Gamma shape alpha: 0.122
Parameters optimization took 12 rounds (16.456 sec)
Wrote distance file to... 
Computing ML distances based on estimated model parameters...
Calculating distance matrix: done in 0.0719461 secs using 409.5% CPU
Computing ML distances took 0.075461 sec (of wall-clock time) 0.300509 sec (of CPU time)
Setting up auxiliary I and S matrices: done in 0.00106467 secs using 167.4% CPU
Constructing RapidNJ tree: done in 0.0676128 secs using 59.16% CPU
Computing RapidNJ tree took 0.068866 sec (of wall-clock time) 0.041884 sec (of CPU time)
ERROR: Alignment sequence Bacu_RYR2 does not appear in the tree
ERROR: Alignment sequence Barn_RYR2 does not appear in the tree
ERROR: Alignment sequence Bbai76728_RYR2 does not appear in the tree
ERROR: Alignment sequence BbonAUS_RYR2 does not appear in the tree
ERROR: Alignment sequence Bbor_RYR2 does not appear in the tree
ERROR: Alignment sequence Bede66737_RYR2 does not appear in the tree
ERROR: Alignment sequence BedeAUS_RYR2 does not appear in the tree
ERROR: Alignment sequence Bmus_RYR2 does not appear in the tree
ERROR: Alignment sequence Bmys_RYR2 does not appear in the tree
ERROR: Alignment sequence Bphy_RYR2 does not appear in the tree
ERROR: Alignment sequence Bphy_baits_RYR2 does not appear in the tree
ERROR: Alignment sequence Bric_RYR2 does not appear in the tree
ERROR: Alignment sequence Btau_RYR2 does not appear in the tree
ERROR: Alignment sequence Cmar59905_RYR2 does not appear in the tree
ERROR: Alignment sequence Dleu_RYR2 does not appear in the tree
ERROR: Alignment sequence EausAUS_RYR2 does not appear in the tree
ERROR: Alignment sequence Ecab_RYR2 does not appear in the tree
ERROR: Alignment sequence Egla13086_RYR2 does not appear in the tree
ERROR: Alignment sequence Ejap43864_RYR2 does not appear in the tree
ERROR: Alignment sequence Erob133443_RYR2 does not appear in the tree
ERROR: Alignment sequence Fatt_RYR2 does not appear in the tree
ERROR: Alignment sequence Ggri_RYR2 does not appear in the tree
ERROR: Alignment sequence Gmac39091_RYR2 does not appear in the tree
ERROR: Alignment sequence Gmel_RYR2 does not appear in the tree
ERROR: Alignment sequence Hamp_RYR2 does not appear in the tree
ERROR: Alignment sequence Hippo_RYR2 does not appear in the tree
ERROR: Alignment sequence Igeo_RYR2 does not appear in the tree
ERROR: Alignment sequence Kbre_RYR2 does not appear in the tree
ERROR: Alignment sequence Ksim_RYR2 does not appear in the tree
ERROR: Alignment sequence Lacu_RYR2 does not appear in the tree
ERROR: Alignment sequence Lalb_RYR2 does not appear in the tree
ERROR: Alignment sequence Mbid_RYR2 does not appear in the tree
ERROR: Alignment sequence Mbow_RYR2 does not appear in the tree
ERROR: Alignment sequence Mcar_RYR2 does not appear in the tree
ERROR: Alignment sequence Mden_RYR2 does not appear in the tree
ERROR: Alignment sequence Meur_RYR2 does not appear in the tree
ERROR: Alignment sequence Mgin_RYR2 does not appear in the tree
ERROR: Alignment sequence MgraAUS_RYR2 does not appear in the tree
ERROR: Alignment sequence Mhec_RYR2 does not appear in the tree
ERROR: Alignment sequence MlayAUS_RYR2 does not appear in the tree
ERROR: Alignment sequence Mmir_RYR2 does not appear in the tree
ERROR: Alignment sequence Mmon_RYR2 does not appear in the tree
ERROR: Alignment sequence Mper_RYR2 does not appear in the tree
ERROR: Alignment sequence Mpni_RYR2 does not appear in the tree
ERROR: Alignment sequence Mste_RYR2 does not appear in the tree
ERROR: Alignment sequence Naasi_RYR2 does not appear in the tree
ERROR: Alignment sequence Npho_RYR2 does not appear in the tree
ERROR: Alignment sequence Oari_RYR2 does not appear in the tree
ERROR: Alignment sequence Obre_RYR2 does not appear in the tree
ERROR: Alignment sequence Ohei_RYR2 does not appear in the tree
ERROR: Alignment sequence Ovtex_RYR2 does not appear in the tree
ERROR: Alignment sequence Pbla7349_RYR2 does not appear in the tree
ERROR: Alignment sequence Pcat_RYR2 does not appear in the tree
ERROR: Alignment sequence Pcra123188_RYR2 does not appear in the tree
ERROR: Alignment sequence Pdal_RYR2 does not appear in the tree
ERROR: Alignment sequence Pdio_RYR2 does not appear in the tree
ERROR: Alignment sequence Pele_RYR2 does not appear in the tree
ERROR: Alignment sequence Pmac_RYR2 does not appear in the tree
ERROR: Alignment sequence Ppho_RYR2 does not appear in the tree
ERROR: Alignment sequence Psin_RYR2 does not appear in the tree
ERROR: Alignment sequence Pspi_RYR2 does not appear in the tree
ERROR: Alignment sequence Sbre116871_RYR2 does not appear in the tree
ERROR: Alignment sequence Sbre18437_RYR2 does not appear in the tree
ERROR: Alignment sequence Schi_RYR2 does not appear in the tree
ERROR: Alignment sequence Sflu9837_RYR2 does not appear in the tree
ERROR: Alignment sequence Sscr_RYR2 does not appear in the tree
ERROR: Alignment sequence Tshe_RYR2 does not appear in the tree
ERROR: Alignment sequence Zcav_RYR2 does not appear in the tree
(Tadu79924_RYR2,Scoe_RYR2,(((Oorc_RYR2,((((Ccom40_RYR2,Laus_RYR2),Chea7320_RYR2),(Lbor_RYR2,LperAUS_RYR2)),(Lobl_RYR2,Lobs_RYR2))),((((Dcap108471_RYR2,Ddel_RYR2),Dcap79929_RYR2),DdelSJR_RYR2),Ddeltrop4525_RYR2)),(((Ttru_RYR2,Slon24923_RYR2),((Lhos452_RYR2,Lhos30470_RYR2),((Scly1726_RYR2,Slon16012_RYR2),Scly1724_RYR2))),(((Satt18473_RYR2,Sfro7784_RYR2),Sfro7782_RYR2),Satt38219_RYR2))));
ERROR: Tree taxa and alignment sequence do not match (see above)
