IQ-TREE multicore version 2.2.0-beta COVID-edition for Linux 64-bit built Dec 21 2021 built Dec 21 2021
Developed by Bui Quang Minh, James Barbetti, Nguyen Lam Tung,
Olga Chernomor, Heiko Schmidt, Dominik Schrempf, Michael Woodhams, Ly Trong Nhan.

Host:    awarnach21 (AVX2, FMA3, 251 GB RAM)
Command: iqtree -s aligned/NLGN3_nuc_aligned.fasta -st DNA -m MFP -pre NLGN3_nuc -nt 4
Seed:    366910 (Using SPRNG - Scalable Parallel Random Number Generator)
Time:    Wed Jun  5 15:12:46 2024
Kernel:  AVX+FMA - 4 threads (36 CPU cores detected)

Reading alignment file aligned/NLGN3_nuc_aligned.fasta ... Fasta format detected
Reading fasta file: done in 0.00261468 secs using 82.5% CPU
Alignment most likely contains DNA/RNA sequences
Constructing alignment: done in 0.00534553 secs using 197.5% CPU
Alignment has 18 sequences with 2544 columns, 78 distinct patterns
36 parsimony-informative, 72 singleton sites, 2436 constant sites
                Gap/Ambiguity  Composition  p-value
Analyzing sequences: done in 2.29031e-05 secs using 91.69% CPU
   1  XM_004275758.3    0.00%    passed     98.96%
   2  XM_007114449.2    4.72%    passed     78.73%
   3  XM_007183613.3    0.00%    passed     99.86%
   4  XM_007470102.1    0.00%    passed     98.38%
   5  XM_022561027.2    0.00%    passed     99.37%
   6  XM_024758109.1    0.00%    passed     99.77%
   7  XM_027093668.1    2.36%    passed     97.80%
   8  XM_029240509.1    0.00%    passed     98.50%
   9  XM_060291967.1    0.00%    passed     98.42%
  10  XM_032619678.1    0.00%    passed     99.57%
  11  XM_033849156.1    2.36%    passed     98.72%
  12  XM_036840677.1    0.00%    passed     99.59%
  13  XM_059050386.1    0.00%    passed     98.67%
  14  XM_059910004.1    2.36%    passed     91.09%
  15  XM_060002531.1    0.00%    passed     99.22%
  16  XM_060086923.1    0.00%    passed     81.83%
  17  XM_060137808.1    0.00%    passed     99.13%
  18  XM_061178943.1    0.00%    passed     99.59%
****  TOTAL             0.66%  0 sequences failed composition chi2 test (p-value<5%; df=3)
Checking for duplicate sequences: done in 5.84498e-05 secs using 97.52% CPU


Create initial parsimony tree by phylogenetic likelihood library (PLL)... 0.002 seconds
WARNING: Number of threads seems too high for short alignments. Use -T AUTO to determine best number of threads.
Perform fast likelihood tree search using GTR+I+G model...
Estimate model parameters (epsilon = 5.000)
Perform nearest neighbor interchange...
Optimizing NNI: done in 0.0385171 secs using 377.7% CPU
Estimate model parameters (epsilon = 1.000)
1. Initial log-likelihood: -4367.297
2. Current log-likelihood: -4360.108
Optimal log-likelihood: -4359.951
Rate parameters:  A-C: 0.87944  A-G: 7.26027  A-T: 0.47721  C-G: 1.11144  C-T: 9.38834  G-T: 1.00000
Base frequencies:  A: 0.215  C: 0.323  G: 0.262  T: 0.200
Proportion of invariable sites: 0.532
Gamma shape alpha: 0.711
Parameters optimization took 2 rounds (0.009 sec)
Time for fast ML tree search: 0.077 seconds

NOTE: ModelFinder requires 0 MB RAM!
ModelFinder will test up to 299 DNA models (sample size: 2544) ...
 No. Model         -LnL         df  AIC          AICc         BIC
WARNING: Number of threads seems too high for short alignments. Use -T AUTO to determine best number of threads.
  1  GTR+F         4366.444     41  8814.887     8816.264     9054.389
WARNING: Number of threads seems too high for short alignments. Use -T AUTO to determine best number of threads.
  2  GTR+F+I       4360.055     42  8804.111     8805.555     9049.453
WARNING: Number of threads seems too high for short alignments. Use -T AUTO to determine best number of threads.
  3  GTR+F+G4      4360.062     42  8804.124     8805.568     9049.467
WARNING: Number of threads seems too high for short alignments. Use -T AUTO to determine best number of threads.
  4  GTR+F+I+G4    4359.949     43  8805.898     8807.412     9057.083
WARNING: Number of threads seems too high for short alignments. Use -T AUTO to determine best number of threads.
  5  GTR+F+R2      4363.238     43  8812.475     8813.989     9063.659
WARNING: Number of threads seems too high for short alignments. Use -T AUTO to determine best number of threads.
  6  GTR+F+R3      4361.301     45  8812.602     8814.259     9075.469
WARNING: Number of threads seems too high for short alignments. Use -T AUTO to determine best number of threads.
 14  SYM           4410.843     38  8897.685     8898.868     9119.662
WARNING: Number of threads seems too high for short alignments. Use -T AUTO to determine best number of threads.
 15  SYM+I         4404.763     39  8887.526     8888.772     9115.344
WARNING: Number of threads seems too high for short alignments. Use -T AUTO to determine best number of threads.
 16  SYM+G4        4404.759     39  8887.518     8888.764     9115.336
WARNING: Number of threads seems too high for short alignments. Use -T AUTO to determine best number of threads.
 17  SYM+I+G4      4404.679     40  8889.359     8890.669     9123.018
WARNING: Number of threads seems too high for short alignments. Use -T AUTO to determine best number of threads.
 27  TVM+F         4367.294     40  8814.588     8815.898     9048.247
WARNING: Number of threads seems too high for short alignments. Use -T AUTO to determine best number of threads.
 28  TVM+F+I       4360.785     41  8803.570     8804.946     9043.071
WARNING: Number of threads seems too high for short alignments. Use -T AUTO to determine best number of threads.
 29  TVM+F+G4      4360.800     41  8803.599     8804.976     9043.101
WARNING: Number of threads seems too high for short alignments. Use -T AUTO to determine best number of threads.
 30  TVM+F+I+G4    4360.670     42  8805.340     8806.784     9050.683
WARNING: Number of threads seems too high for short alignments. Use -T AUTO to determine best number of threads.
 40  TVMe          4412.003     37  8898.006     8899.128     9114.141
WARNING: Number of threads seems too high for short alignments. Use -T AUTO to determine best number of threads.
 41  TVMe+I        4405.734     38  8887.469     8888.652     9109.445
WARNING: Number of threads seems too high for short alignments. Use -T AUTO to determine best number of threads.
 42  TVMe+G4       4405.735     38  8887.469     8888.652     9109.446
WARNING: Number of threads seems too high for short alignments. Use -T AUTO to determine best number of threads.
 43  TVMe+I+G4     4405.639     39  8889.277     8890.523     9117.096
WARNING: Number of threads seems too high for short alignments. Use -T AUTO to determine best number of threads.
 53  TIM3+F        4366.929     39  8811.858     8813.104     9039.676
WARNING: Number of threads seems too high for short alignments. Use -T AUTO to determine best number of threads.
 54  TIM3+F+I      4360.534     40  8801.067     8802.378     9034.727
WARNING: Number of threads seems too high for short alignments. Use -T AUTO to determine best number of threads.
 55  TIM3+F+G4     4360.540     40  8801.081     8802.391     9034.741
WARNING: Number of threads seems too high for short alignments. Use -T AUTO to determine best number of threads.
 56  TIM3+F+I+G4   4360.429     41  8802.857     8804.234     9042.359
WARNING: Number of threads seems too high for short alignments. Use -T AUTO to determine best number of threads.
 66  TIM3e         4411.548     36  8895.095     8896.158     9105.389
WARNING: Number of threads seems too high for short alignments. Use -T AUTO to determine best number of threads.
 67  TIM3e+I       4405.487     37  8884.974     8886.096     9101.109
WARNING: Number of threads seems too high for short alignments. Use -T AUTO to determine best number of threads.
 68  TIM3e+G4      4405.484     37  8884.968     8886.090     9101.103
WARNING: Number of threads seems too high for short alignments. Use -T AUTO to determine best number of threads.
 69  TIM3e+I+G4    4405.404     38  8886.808     8887.991     9108.785
WARNING: Number of threads seems too high for short alignments. Use -T AUTO to determine best number of threads.
 79  TIM2+F        4366.770     39  8811.540     8812.786     9039.358
WARNING: Number of threads seems too high for short alignments. Use -T AUTO to determine best number of threads.
 80  TIM2+F+I      4360.337     40  8800.674     8801.984     9034.333
WARNING: Number of threads seems too high for short alignments. Use -T AUTO to determine best number of threads.
 81  TIM2+F+G4     4360.346     40  8800.692     8802.002     9034.352
WARNING: Number of threads seems too high for short alignments. Use -T AUTO to determine best number of threads.
 82  TIM2+F+I+G4   4360.227     41  8802.454     8803.830     9041.955
WARNING: Number of threads seems too high for short alignments. Use -T AUTO to determine best number of threads.
 92  TIM2e         4411.625     36  8895.250     8896.313     9105.544
WARNING: Number of threads seems too high for short alignments. Use -T AUTO to determine best number of threads.
 93  TIM2e+I       4405.552     37  8885.103     8886.225     9101.238
WARNING: Number of threads seems too high for short alignments. Use -T AUTO to determine best number of threads.
 94  TIM2e+G4      4405.533     37  8885.066     8886.188     9101.201
WARNING: Number of threads seems too high for short alignments. Use -T AUTO to determine best number of threads.
 95  TIM2e+I+G4    4405.463     38  8886.925     8888.108     9108.902
WARNING: Number of threads seems too high for short alignments. Use -T AUTO to determine best number of threads.
105  TIM+F         4367.124     39  8812.248     8813.494     9040.066
WARNING: Number of threads seems too high for short alignments. Use -T AUTO to determine best number of threads.
106  TIM+F+I       4360.683     40  8801.367     8802.677     9035.026
WARNING: Number of threads seems too high for short alignments. Use -T AUTO to determine best number of threads.
107  TIM+F+G4      4360.691     40  8801.383     8802.693     9035.042
WARNING: Number of threads seems too high for short alignments. Use -T AUTO to determine best number of threads.
108  TIM+F+I+G4    4360.575     41  8803.149     8804.526     9042.650
WARNING: Number of threads seems too high for short alignments. Use -T AUTO to determine best number of threads.
118  TIMe          4412.207     36  8896.413     8897.476     9106.707
WARNING: Number of threads seems too high for short alignments. Use -T AUTO to determine best number of threads.
119  TIMe+I        4406.128     37  8886.256     8887.378     9102.391
WARNING: Number of threads seems too high for short alignments. Use -T AUTO to determine best number of threads.
120  TIMe+G4       4406.121     37  8886.241     8887.363     9102.376
WARNING: Number of threads seems too high for short alignments. Use -T AUTO to determine best number of threads.
121  TIMe+I+G4     4406.040     38  8888.080     8889.264     9110.057
WARNING: Number of threads seems too high for short alignments. Use -T AUTO to determine best number of threads.
131  TPM3u+F       4367.778     38  8811.555     8812.738     9033.532
WARNING: Number of threads seems too high for short alignments. Use -T AUTO to determine best number of threads.
132  TPM3u+F+I     4361.260     39  8800.521     8801.767     9028.339
WARNING: Number of threads seems too high for short alignments. Use -T AUTO to determine best number of threads.
133  TPM3u+F+G4    4361.276     39  8800.551     8801.797     9028.370
WARNING: Number of threads seems too high for short alignments. Use -T AUTO to determine best number of threads.
134  TPM3u+F+I+G4  4361.146     40  8802.292     8803.602     9035.952
WARNING: Number of threads seems too high for short alignments. Use -T AUTO to determine best number of threads.
144  TPM3          4412.695     35  8895.390     8896.395     9099.843
WARNING: Number of threads seems too high for short alignments. Use -T AUTO to determine best number of threads.
145  TPM3+I        4406.446     36  8884.892     8885.954     9095.185
WARNING: Number of threads seems too high for short alignments. Use -T AUTO to determine best number of threads.
146  TPM3+G4       4406.447     36  8884.895     8885.957     9095.189
WARNING: Number of threads seems too high for short alignments. Use -T AUTO to determine best number of threads.
147  TPM3+I+G4     4406.352     37  8886.704     8887.826     9102.839
WARNING: Number of threads seems too high for short alignments. Use -T AUTO to determine best number of threads.
157  TPM2u+F       4367.622     38  8811.245     8812.428     9033.221
WARNING: Number of threads seems too high for short alignments. Use -T AUTO to determine best number of threads.
158  TPM2u+F+I     4361.069     39  8800.138     8801.384     9027.956
WARNING: Number of threads seems too high for short alignments. Use -T AUTO to determine best number of threads.
159  TPM2u+F+G4    4361.087     39  8800.174     8801.420     9027.992
WARNING: Number of threads seems too high for short alignments. Use -T AUTO to determine best number of threads.
160  TPM2u+F+I+G4  4360.950     40  8801.900     8803.210     9035.559
WARNING: Number of threads seems too high for short alignments. Use -T AUTO to determine best number of threads.
170  TPM2          4412.783     35  8895.566     8896.571     9100.018
WARNING: Number of threads seems too high for short alignments. Use -T AUTO to determine best number of threads.
171  TPM2+I        4406.484     36  8884.968     8886.031     9095.262
WARNING: Number of threads seems too high for short alignments. Use -T AUTO to determine best number of threads.
172  TPM2+G4       4406.490     36  8884.980     8886.043     9095.274
WARNING: Number of threads seems too high for short alignments. Use -T AUTO to determine best number of threads.
173  TPM2+I+G4     4406.383     37  8886.766     8887.888     9102.901
WARNING: Number of threads seems too high for short alignments. Use -T AUTO to determine best number of threads.
183  K3Pu+F        4367.972     38  8811.944     8813.127     9033.921
WARNING: Number of threads seems too high for short alignments. Use -T AUTO to determine best number of threads.
184  K3Pu+F+I      4361.415     39  8800.831     8802.077     9028.649
WARNING: Number of threads seems too high for short alignments. Use -T AUTO to determine best number of threads.
185  K3Pu+F+G4     4361.433     39  8800.866     8802.112     9028.684
WARNING: Number of threads seems too high for short alignments. Use -T AUTO to determine best number of threads.
186  K3Pu+F+I+G4   4361.298     40  8802.596     8803.906     9036.256
WARNING: Number of threads seems too high for short alignments. Use -T AUTO to determine best number of threads.
196  K3P           4413.374     35  8896.748     8897.753     9101.200
WARNING: Number of threads seems too high for short alignments. Use -T AUTO to determine best number of threads.
197  K3P+I         4407.092     36  8886.185     8887.247     9096.478
WARNING: Number of threads seems too high for short alignments. Use -T AUTO to determine best number of threads.
198  K3P+G4        4407.095     36  8886.190     8887.252     9096.483
WARNING: Number of threads seems too high for short alignments. Use -T AUTO to determine best number of threads.
199  K3P+I+G4      4406.993     37  8887.986     8889.108     9104.121
WARNING: Number of threads seems too high for short alignments. Use -T AUTO to determine best number of threads.
209  TN+F          4367.121     38  8810.241     8811.425     9032.218
WARNING: Number of threads seems too high for short alignments. Use -T AUTO to determine best number of threads.
210  TN+F+I        4360.684     39  8799.368     8800.614     9027.186
WARNING: Number of threads seems too high for short alignments. Use -T AUTO to determine best number of threads.
211  TN+F+G4       4360.692     39  8799.384     8800.630     9027.202
WARNING: Number of threads seems too high for short alignments. Use -T AUTO to determine best number of threads.
212  TN+F+I+G4     4360.575     40  8801.150     8802.460     9034.810
WARNING: Number of threads seems too high for short alignments. Use -T AUTO to determine best number of threads.
222  TNe           4412.196     35  8894.393     8895.397     9098.845
WARNING: Number of threads seems too high for short alignments. Use -T AUTO to determine best number of threads.
223  TNe+I         4406.126     36  8884.252     8885.314     9094.545
WARNING: Number of threads seems too high for short alignments. Use -T AUTO to determine best number of threads.
224  TNe+G4        4406.117     36  8884.235     8885.297     9094.529
WARNING: Number of threads seems too high for short alignments. Use -T AUTO to determine best number of threads.
225  TNe+I+G4      4406.038     37  8886.076     8887.198     9102.211
WARNING: Number of threads seems too high for short alignments. Use -T AUTO to determine best number of threads.
235  HKY+F         4367.971     37  8809.942     8811.064     9026.077
WARNING: Number of threads seems too high for short alignments. Use -T AUTO to determine best number of threads.
236  HKY+F+I       4361.415     38  8798.830     8800.013     9020.806
WARNING: Number of threads seems too high for short alignments. Use -T AUTO to determine best number of threads.
237  HKY+F+G4      4361.432     38  8798.865     8800.048     9020.841
WARNING: Number of threads seems too high for short alignments. Use -T AUTO to determine best number of threads.
238  HKY+F+I+G4    4361.297     39  8800.595     8801.841     9028.413
WARNING: Number of threads seems too high for short alignments. Use -T AUTO to determine best number of threads.
248  K2P           4413.354     34  8894.709     8895.657     9093.320
WARNING: Number of threads seems too high for short alignments. Use -T AUTO to determine best number of threads.
249  K2P+I         4407.085     35  8884.169     8885.174     9088.621
WARNING: Number of threads seems too high for short alignments. Use -T AUTO to determine best number of threads.
250  K2P+G4        4407.089     35  8884.178     8885.183     9088.630
WARNING: Number of threads seems too high for short alignments. Use -T AUTO to determine best number of threads.
251  K2P+I+G4      4406.985     36  8885.971     8887.033     9096.265
WARNING: Number of threads seems too high for short alignments. Use -T AUTO to determine best number of threads.
261  F81+F         4426.611     36  8925.222     8926.285     9135.516
WARNING: Number of threads seems too high for short alignments. Use -T AUTO to determine best number of threads.
262  F81+F+I       4420.568     37  8915.136     8916.258     9131.271
WARNING: Number of threads seems too high for short alignments. Use -T AUTO to determine best number of threads.
263  F81+F+G4      4420.561     37  8915.123     8916.245     9131.258
WARNING: Number of threads seems too high for short alignments. Use -T AUTO to determine best number of threads.
264  F81+F+I+G4    4420.449     38  8916.898     8918.081     9138.875
WARNING: Number of threads seems too high for short alignments. Use -T AUTO to determine best number of threads.
274  JC            4470.209     33  9006.418     9007.312     9199.188
WARNING: Number of threads seems too high for short alignments. Use -T AUTO to determine best number of threads.
275  JC+I          4464.308     34  8996.616     8997.565     9195.227
WARNING: Number of threads seems too high for short alignments. Use -T AUTO to determine best number of threads.
276  JC+G4         4464.297     34  8996.594     8997.542     9195.204
WARNING: Number of threads seems too high for short alignments. Use -T AUTO to determine best number of threads.
277  JC+I+G4       4464.199     35  8998.397     8999.402     9202.849
WARNING: Number of threads seems too high for short alignments. Use -T AUTO to determine best number of threads.
287  UNREST+FO     4365.777     45  8821.553     8823.211     9084.421
WARNING: Number of threads seems too high for short alignments. Use -T AUTO to determine best number of threads.
288  UNREST+FO+I   4359.371     46  8810.742     8812.474     9079.451
WARNING: Number of threads seems too high for short alignments. Use -T AUTO to determine best number of threads.
289  UNREST+FO+G4  4359.378     46  8810.755     8812.487     9079.464
WARNING: Number of threads seems too high for short alignments. Use -T AUTO to determine best number of threads.
290  UNREST+FO+I+G4 4359.264     47  8812.527     8814.335     9087.077
Akaike Information Criterion:           HKY+F+I
Corrected Akaike Information Criterion: HKY+F+I
Bayesian Information Criterion:         HKY+F+I
Best-fit model: HKY+F+I chosen according to BIC

All model information printed to NLGN3_nuc.model.gz
CPU time for ModelFinder: 2.546 seconds (0h:0m:2s)
Wall-clock time for ModelFinder: 0.691 seconds (0h:0m:0s)

NOTE: 0 MB RAM (0 GB) is required!
WARNING: Number of threads seems too high for short alignments. Use -T AUTO to determine best number of threads.
Estimate model parameters (epsilon = 0.100)
1. Initial log-likelihood: -4361.415
Optimal log-likelihood: -4361.415
Rate parameters:  A-C: 1.00000  A-G: 9.12899  A-T: 1.00000  C-G: 1.00000  C-T: 9.12899  G-T: 1.00000
Base frequencies:  A: 0.215  C: 0.323  G: 0.262  T: 0.200
Proportion of invariable sites: 0.764
Parameters optimization took 1 rounds (0.003 sec)
Wrote distance file to... 
Computing ML distances based on estimated model parameters...
Calculating distance matrix: done in 0.000261113 secs using 449.2% CPU
Computing ML distances took 0.000379 sec (of wall-clock time) 0.001297 sec (of CPU time)
Setting up auxiliary I and S matrices: done in 0.000321433 secs using 286.2% CPU
Constructing RapidNJ tree: done in 0.0036848 secs using 320.8% CPU
Computing RapidNJ tree took 0.004541 sec (of wall-clock time) 0.013351 sec (of CPU time)
Log-likelihood of RapidNJ tree: -4366.654
--------------------------------------------------------------------
|             INITIALIZING CANDIDATE TREE SET                      |
--------------------------------------------------------------------
Generating 98 parsimony trees... 0.034 second
Computing log-likelihood of 98 initial trees ... 0.076 seconds
Current best score: -4361.415

Do NNI search on 20 best initial trees
Optimizing NNI: done in 0.00221603 secs using 98.46% CPU
Estimate model parameters (epsilon = 0.100)
BETTER TREE FOUND at iteration 1: -4361.415
Optimizing NNI: done in 0.00443208 secs using 641.5% CPU
Estimate model parameters (epsilon = 0.100)
BETTER TREE FOUND at iteration 2: -4359.227
Optimizing NNI: done in 0.0220117 secs using 354.5% CPU
Optimizing NNI: done in 0.0316215 secs using 353% CPU
UPDATE BEST LOG-LIKELIHOOD: -4359.221
Optimizing NNI: done in 0.0377167 secs using 386.3% CPU
Optimizing NNI: done in 0.0482692 secs using 390% CPU
Optimizing NNI: done in 0.0599681 secs using 400.1% CPU
Optimizing NNI: done in 0.0526776 secs using 388.5% CPU
Optimizing NNI: done in 0.0606141 secs using 403.8% CPU
Optimizing NNI: done in 0.0472089 secs using 396.6% CPU
Iteration 10 / LogL: -4359.223 / Time: 0h:0m:0s
Optimizing NNI: done in 0.0574793 secs using 378.4% CPU
Optimizing NNI: done in 0.0511021 secs using 405.2% CPU
Optimizing NNI: done in 0.0479764 secs using 367% CPU
UPDATE BEST LOG-LIKELIHOOD: -4359.219
Optimizing NNI: done in 0.0507466 secs using 399.5% CPU
Optimizing NNI: done in 0.0560026 secs using 385.7% CPU
Optimizing NNI: done in 0.0515244 secs using 395% CPU
UPDATE BEST LOG-LIKELIHOOD: -4359.216
Optimizing NNI: done in 0.048788 secs using 395.1% CPU
Optimizing NNI: done in 0.0601645 secs using 399.1% CPU
Optimizing NNI: done in 0.0610455 secs using 394.8% CPU
Optimizing NNI: done in 0.0595974 secs using 375.2% CPU
Iteration 20 / LogL: -4359.228 / Time: 0h:0m:1s
Finish initializing candidate tree set (4)
Current best tree score: -4359.216 / CPU time: 1.030
Number of iterations: 20
--------------------------------------------------------------------
|               OPTIMIZING CANDIDATE TREE SET                      |
--------------------------------------------------------------------
Optimizing NNI: done in 0.0104849 secs using 398% CPU
Optimizing NNI: done in 0.0165108 secs using 390.7% CPU
Optimizing NNI: done in 0.0234246 secs using 390.6% CPU
Optimizing NNI: done in 0.0177135 secs using 370.8% CPU
Optimizing NNI: done in 0.0210571 secs using 384.9% CPU
Optimizing NNI: done in 0.0135023 secs using 337.1% CPU
Optimizing NNI: done in 0.0203734 secs using 434.1% CPU
Optimizing NNI: done in 0.0254067 secs using 383.2% CPU
Optimizing NNI: done in 0.0223671 secs using 368.5% CPU
Optimizing NNI: done in 0.0209811 secs using 385.9% CPU
Iteration 30 / LogL: -4359.222 / Time: 0h:0m:1s (0h:0m:3s left)
Optimizing NNI: done in 0.0189117 secs using 396.3% CPU
Optimizing NNI: done in 0.0184135 secs using 425.7% CPU
Optimizing NNI: done in 0.0180172 secs using 366.4% CPU
Optimizing NNI: done in 0.0253749 secs using 415.3% CPU
Optimizing NNI: done in 0.0126783 secs using 383.9% CPU
Optimizing NNI: done in 0.0239173 secs using 401% CPU
Optimizing NNI: done in 0.021152 secs using 440.3% CPU
Optimizing NNI: done in 0.0124029 secs using 390.2% CPU
Optimizing NNI: done in 0.0208832 secs using 368.2% CPU
Optimizing NNI: done in 0.018789 secs using 398.1% CPU
Iteration 40 / LogL: -4359.227 / Time: 0h:0m:1s (0h:0m:2s left)
Optimizing NNI: done in 0.0176471 secs using 417.6% CPU
Optimizing NNI: done in 0.018761 secs using 355.6% CPU
Optimizing NNI: done in 0.0094847 secs using 353% CPU
Optimizing NNI: done in 0.0181097 secs using 409.3% CPU
Optimizing NNI: done in 0.0138973 secs using 359% CPU
Optimizing NNI: done in 0.0189411 secs using 416.8% CPU
Optimizing NNI: done in 0.0171584 secs using 379.6% CPU
Optimizing NNI: done in 0.0128343 secs using 380.5% CPU
UPDATE BEST LOG-LIKELIHOOD: -4359.216
Optimizing NNI: done in 0.0225492 secs using 401.7% CPU
Optimizing NNI: done in 0.0158071 secs using 403.5% CPU
Iteration 50 / LogL: -4402.572 / Time: 0h:0m:1s (0h:0m:1s left)
Optimizing NNI: done in 0.0158032 secs using 378.6% CPU
Optimizing NNI: done in 0.0178109 secs using 436.7% CPU
Optimizing NNI: done in 0.0188552 secs using 354.6% CPU
Optimizing NNI: done in 0.0130028 secs using 438.8% CPU
Optimizing NNI: done in 0.0203316 secs using 375.3% CPU
Optimizing NNI: done in 0.0233138 secs using 408.8% CPU
Optimizing NNI: done in 0.0154021 secs using 385.7% CPU
Optimizing NNI: done in 0.0140276 secs using 414.1% CPU
Optimizing NNI: done in 0.0225597 secs using 348.1% CPU
Optimizing NNI: done in 0.014658 secs using 427.5% CPU
Iteration 60 / LogL: -4402.572 / Time: 0h:0m:1s (0h:0m:1s left)
Optimizing NNI: done in 0.0152734 secs using 414.2% CPU
Optimizing NNI: done in 0.0111926 secs using 421.5% CPU
Optimizing NNI: done in 0.0149872 secs using 420.3% CPU
Optimizing NNI: done in 0.0131207 secs using 344% CPU
Optimizing NNI: done in 0.0120513 secs using 398.7% CPU
Optimizing NNI: done in 0.0215251 secs using 378.7% CPU
Optimizing NNI: done in 0.0129762 secs using 377.4% CPU
Optimizing NNI: done in 0.0153988 secs using 411.7% CPU
Optimizing NNI: done in 0.0270285 secs using 396% CPU
Optimizing NNI: done in 0.0185343 secs using 402.3% CPU
Iteration 70 / LogL: -4361.453 / Time: 0h:0m:1s (0h:0m:0s left)
Optimizing NNI: done in 0.023476 secs using 406.6% CPU
Optimizing NNI: done in 0.0102528 secs using 451.1% CPU
Optimizing NNI: done in 0.0135902 secs using 364.8% CPU
Optimizing NNI: done in 0.0132308 secs using 462.8% CPU
Optimizing NNI: done in 0.0151973 secs using 336.8% CPU
Optimizing NNI: done in 0.0206306 secs using 390.8% CPU
Optimizing NNI: done in 0.0163122 secs using 394.3% CPU
Optimizing NNI: done in 0.0159096 secs using 401.7% CPU
Optimizing NNI: done in 0.0165686 secs using 365.6% CPU
Optimizing NNI: done in 0.0182311 secs using 429.1% CPU
Iteration 80 / LogL: -4361.464 / Time: 0h:0m:2s (0h:0m:0s left)
Optimizing NNI: done in 0.0164557 secs using 391.7% CPU
Optimizing NNI: done in 0.0100836 secs using 457% CPU
Optimizing NNI: done in 0.0155278 secs using 383.6% CPU
Optimizing NNI: done in 0.0147738 secs using 398% CPU
Optimizing NNI: done in 0.0163572 secs using 393.4% CPU
Optimizing NNI: done in 0.0181421 secs using 386.6% CPU
Optimizing NNI: done in 0.01096 secs using 428.4% CPU
Optimizing NNI: done in 0.0147037 secs using 344.8% CPU
UPDATE BEST LOG-LIKELIHOOD: -4359.216
Optimizing NNI: done in 0.0212378 secs using 344.8% CPU
Optimizing NNI: done in 0.0167637 secs using 386.2% CPU
UPDATE BEST LOG-LIKELIHOOD: -4359.216
Iteration 90 / LogL: -4359.216 / Time: 0h:0m:2s (0h:0m:0s left)
Optimizing NNI: done in 0.0155358 secs using 382.9% CPU
Optimizing NNI: done in 0.01323 secs using 372.1% CPU
Optimizing NNI: done in 0.0165486 secs using 365.9% CPU
Optimizing NNI: done in 0.0159087 secs using 376.6% CPU
Optimizing NNI: done in 0.0128984 secs using 379.1% CPU
Optimizing NNI: done in 0.0176694 secs using 349.1% CPU
Optimizing NNI: done in 0.0223806 secs using 421.7% CPU
Optimizing NNI: done in 0.0121606 secs using 396% CPU
Optimizing NNI: done in 0.0191597 secs using 413.1% CPU
Optimizing NNI: done in 0.0202018 secs using 377.2% CPU
UPDATE BEST LOG-LIKELIHOOD: -4359.215
Iteration 100 / LogL: -4359.215 / Time: 0h:0m:2s (0h:0m:0s left)
Optimizing NNI: done in 0.0167841 secs using 385.6% CPU
Optimizing NNI: done in 0.0128248 secs using 380.7% CPU
Optimizing NNI: done in 0.0156706 secs using 406.3% CPU
TREE SEARCH COMPLETED AFTER 103 ITERATIONS / Time: 0h:0m:2s

--------------------------------------------------------------------
|                    FINALIZING TREE SEARCH                        |
--------------------------------------------------------------------
Performs final model parameters optimization
Estimate model parameters (epsilon = 0.010)
1. Initial log-likelihood: -4359.215
Optimal log-likelihood: -4359.215
Rate parameters:  A-C: 1.00000  A-G: 9.09681  A-T: 1.00000  C-G: 1.00000  C-T: 9.09681  G-T: 1.00000
Base frequencies:  A: 0.215  C: 0.323  G: 0.262  T: 0.200
Proportion of invariable sites: 0.739
Parameters optimization took 1 rounds (0.002 sec)
BEST SCORE FOUND : -4359.215
Total tree length: 0.047

Total number of iterations: 103
CPU time used for tree search: 9.659 sec (0h:0m:9s)
Wall-clock time used for tree search: 2.492 sec (0h:0m:2s)
Total CPU time used: 9.722 sec (0h:0m:9s)
Total wall-clock time used: 2.519 sec (0h:0m:2s)

Analysis results written to: 
  IQ-TREE report:                NLGN3_nuc.iqtree
  Maximum-likelihood tree:       NLGN3_nuc.treefile
  Likelihood distances:          NLGN3_nuc.mldist
  Screen log file:               NLGN3_nuc.log

Date and Time: Wed Jun  5 15:12:49 2024
