IQ-TREE multicore version 2.2.0-beta COVID-edition for Linux 64-bit built Dec 21 2021 built Dec 21 2021
Developed by Bui Quang Minh, James Barbetti, Nguyen Lam Tung,
Olga Chernomor, Heiko Schmidt, Dominik Schrempf, Michael Woodhams, Ly Trong Nhan.

Host:    awarnach (SSE3, 15 GB RAM)
Command: iqtree -s translated/CASQ1_codon_aligned.translated.fasta -st AA -m WAG+G4 -pre CASQ1_WAG -nt 4
Seed:    774453 (Using SPRNG - Scalable Parallel Random Number Generator)
Time:    Sat Jan 27 09:57:41 2024
Kernel:  SSE2 - 4 threads (4 CPU cores detected)

Reading alignment file translated/CASQ1_codon_aligned.translated.fasta ... Fasta format detected
Reading fasta file: done in 0.00179455 secs using 22.46% CPU
Alignment most likely contains protein sequences
Constructing alignment: done in 0.00214421 secs using 250.7% CPU
Alignment has 87 sequences with 398 columns, 238 distinct patterns
35 parsimony-informative, 23 singleton sites, 340 constant sites
                    Gap/Ambiguity  Composition  p-value
Analyzing sequences: done in 0.000153359 secs using 88.03% CPU
   1  Bacu_CASQ1            0.25%    passed    100.00%
   2  Barn_CASQ1           38.94%    passed     99.98%
   3  Bbai76728_CASQ1      18.59%    passed     99.93%
   4  BbonAUS_CASQ1        11.06%    passed    100.00%
   5  Bbor_CASQ1           19.60%    passed    100.00%
   6  Bede66737_CASQ1      25.88%    passed    100.00%
   7  BedeAUS_CASQ1        11.06%    passed    100.00%
   8  Bmus_CASQ1            0.25%    passed    100.00%
   9  Bmys_CASQ1            6.28%    passed    100.00%
  10  Bphy_CASQ1           11.81%    passed    100.00%
  11  Ccom40_CASQ1         17.59%    passed    100.00%
  12  Chea7320_CASQ1        4.77%    passed    100.00%
  13  Cmar59905_CASQ1      11.06%    passed    100.00%
  14  Dcap108471_CASQ1     12.06%    passed    100.00%
  15  Dcap79929_CASQ1       4.02%    passed    100.00%
  16  DdelSJR_CASQ1        11.06%    passed    100.00%
  17  Ddeltrop4525_CASQ1    0.00%    passed    100.00%
  18  Dleu_CASQ1            0.00%    passed    100.00%
  19  EausAUS_CASQ1        25.13%    passed     99.99%
  20  Egla13086_CASQ1      15.08%    passed    100.00%
  21  Ejap43864_CASQ1       6.28%    passed    100.00%
  22  Erob133443_CASQ1      7.04%    passed    100.00%
  23  Fatt_CASQ1           11.06%    passed    100.00%
  24  Ggri_CASQ1            4.77%    passed    100.00%
  25  Gmac39091_CASQ1       4.77%    passed    100.00%
  26  Gmel_CASQ1            0.00%    passed    100.00%
  27  Hamp_CASQ1           18.34%    passed    100.00%
  28  Hpla9120_CASQ1       68.59%    passed     89.62%
  29  Igeo_CASQ1           32.16%    passed     99.82%
  30  Kbre_CASQ1           12.81%    passed    100.00%
  31  Ksim_CASQ1           17.34%    passed    100.00%
  32  Lacu_CASQ1           21.36%    passed    100.00%
  33  Lalb_CASQ1            8.79%    passed    100.00%
  34  Laus_CASQ1            6.28%    passed    100.00%
  35  Lbor_CASQ1           16.08%    passed    100.00%
  36  Lhos30470_CASQ1       8.79%    passed    100.00%
  37  Lhos452_CASQ1         0.00%    passed    100.00%
  38  Lobl_CASQ1            0.00%    passed    100.00%
  39  Lobs_CASQ1            4.77%    passed    100.00%
  40  LperAUS_CASQ1         6.53%    passed    100.00%
  41  Lvex_CASQ1            0.00%    passed    100.00%
  42  Mbid_CASQ1           26.13%    passed     99.99%
  43  Mbow_CASQ1           16.08%    passed    100.00%
  44  Mcar_CASQ1           18.34%    passed    100.00%
  45  Mden_CASQ1           18.84%    passed    100.00%
  46  Meur_CASQ1           12.56%    passed    100.00%
  47  Mgin_CASQ1           12.06%    passed    100.00%
  48  MgraAUS_CASQ1        58.54%    passed     74.10%
  49  Mhec_CASQ1           29.65%    passed     99.96%
  50  MlayAUS_CASQ1        16.08%    passed    100.00%
  51  Mmir_CASQ1           21.36%    passed     99.97%
  52  Mmon_CASQ1            0.00%    passed    100.00%
  53  Mper_CASQ1           18.34%    passed    100.00%
  54  Mpni_CASQ1           16.08%    passed    100.00%
  55  Mste_CASQ1           17.59%    passed    100.00%
  56  Naasi_CASQ1           0.00%    passed    100.00%
  57  Npho_CASQ1           14.32%    passed    100.00%
  58  Obre_CASQ1            4.77%    passed    100.00%
  59  Ohei_CASQ1            4.02%    passed    100.00%
  60  Oorc_CASQ1            0.00%    passed    100.00%
  61  Pbla7349_CASQ1       21.36%    passed    100.00%
  62  Pcat_CASQ1            0.00%    passed    100.00%
  63  Pcra123188_CASQ1      4.77%    passed    100.00%
  64  Pdal_CASQ1           47.74%    passed     99.62%
  65  Pdio_CASQ1           15.08%    passed    100.00%
  66  Pele_CASQ1            6.28%    passed    100.00%
  67  Pmac_CASQ1           12.56%    passed    100.00%
  68  Ppho_CASQ1           16.58%    passed    100.00%
  69  Psin_CASQ1            0.00%    passed    100.00%
  70  Pspi_CASQ1           25.88%    passed    100.00%
  71  Satt18473_CASQ1       0.00%    passed    100.00%
  72  Satt38219_CASQ1      10.30%    passed    100.00%
  73  Sbre116871_CASQ1      4.77%    passed    100.00%
  74  Sbre18437_CASQ1       0.00%    passed    100.00%
  75  Schi_CASQ1            0.00%    passed    100.00%
  76  Scly1724_CASQ1       61.06%    passed     44.48%
  77  Scly1726_CASQ1        0.00%    passed    100.00%
  78  Scoe_CASQ1           10.30%    passed    100.00%
  79  Sflu9837_CASQ1        4.77%    passed    100.00%
  80  Sfro7782_CASQ1       16.58%    passed    100.00%
  81  Sfro7784_CASQ1        4.77%    passed    100.00%
  82  Slon16012_CASQ1       4.77%    passed    100.00%
  83  Slon24923_CASQ1       4.77%    passed    100.00%
  84  Tadu79924_CASQ1      15.83%    passed    100.00%
  85  Tshe_CASQ1           12.06%    passed    100.00%
  86  Ttru_CASQ1            0.00%    passed    100.00%
  87  Zcav_CASQ1           13.82%    passed     99.90%
WARNING: 3 sequences contain more than 50% gaps/ambiguity
****  TOTAL                12.86%  0 sequences failed composition chi2 test (p-value<5%; df=19)
NOTE: Ejap43864_CASQ1 is identical to Bmys_CASQ1 but kept for subsequent analysis
NOTE: Lobs_CASQ1 is identical to Chea7320_CASQ1 but kept for subsequent analysis
NOTE: Satt18473_CASQ1 is identical to Ddeltrop4525_CASQ1 but kept for subsequent analysis
NOTE: Sbre116871_CASQ1 is identical to Ggri_CASQ1 but kept for subsequent analysis
NOTE: Scoe_CASQ1 is identical to Satt38219_CASQ1 but kept for subsequent analysis
NOTE: Sfro7784_CASQ1 is identical to Sflu9837_CASQ1 but kept for subsequent analysis
Checking for duplicate sequences: done in 0.0023526 secs using 400.1% CPU
Identifying sites to remove: done in 0.00236209 secs using 100.4% CPU
NOTE: 4 identical sequences (see below) will be ignored for subsequent analysis
NOTE: Scly1726_CASQ1 (identical to Ddeltrop4525_CASQ1) is ignored but added at the end
NOTE: Ttru_CASQ1 (identical to Ddeltrop4525_CASQ1) is ignored but added at the end
NOTE: Slon16012_CASQ1 (identical to Sflu9837_CASQ1) is ignored but added at the end
NOTE: Slon24923_CASQ1 (identical to Sflu9837_CASQ1) is ignored but added at the end
Alignment was printed to CASQ1_WAG.uniqueseq.phy

For your convenience alignment with unique sequences printed to CASQ1_WAG.uniqueseq.phy
WARNING: States(s) C rarely appear in alignment and may cause numerical problems

Create initial parsimony tree by phylogenetic likelihood library (PLL)... 0.003 seconds

NOTE: 13 MB RAM (0 GB) is required!
Estimate model parameters (epsilon = 0.100)
1. Initial log-likelihood: -3927.042
2. Current log-likelihood: -3477.489
3. Current log-likelihood: -3396.292
4. Current log-likelihood: -3395.748
Optimal log-likelihood: -3395.747
Gamma shape alpha: 0.100
Parameters optimization took 4 rounds (3.455 sec)
Wrote distance file to... 
Computing ML distances based on estimated model parameters...
Calculating distance matrix: done in 2.01642 secs using 384.4% CPU
Computing ML distances took 2.017195 sec (of wall-clock time) 7.751564 sec (of CPU time)
Setting up auxiliary I and S matrices: done in 0.00262998 secs using 138.6% CPU
Constructing RapidNJ tree: done in 0.210526 secs using 79.96% CPU
Computing RapidNJ tree took 0.213363 sec (of wall-clock time) 0.172111 sec (of CPU time)
Log-likelihood of RapidNJ tree: -1855.993
--------------------------------------------------------------------
|             INITIALIZING CANDIDATE TREE SET                      |
--------------------------------------------------------------------
Generating 98 parsimony trees... 0.453 second
Computing log-likelihood of 98 initial trees ... 17.313 seconds
Current best score: -1855.993

Do NNI search on 20 best initial trees
Optimizing NNI: done in 5.5385 secs using 372% CPU
Estimate model parameters (epsilon = 0.100)
BETTER TREE FOUND at iteration 1: -1838.200
Optimizing NNI: done in 32.5144 secs using 378.6% CPU
Optimizing NNI: done in 24.4044 secs using 379.5% CPU
Optimizing NNI: done in 34.0475 secs using 377.9% CPU
Optimizing NNI: done in 32.8165 secs using 378.1% CPU
Optimizing NNI: done in 33.3757 secs using 378.3% CPU
Optimizing NNI: done in 28.8865 secs using 378.8% CPU
Optimizing NNI: done in 10.7802 secs using 378.8% CPU
Optimizing NNI: done in 22.254 secs using 376.7% CPU
Optimizing NNI: done in 39.8991 secs using 379.6% CPU
Iteration 10 / LogL: -2101.669 / Time: 0h:4m:50s
Optimizing NNI: done in 18.1849 secs using 377.1% CPU
Optimizing NNI: done in 28.9175 secs using 378.8% CPU
Optimizing NNI: done in 30.5272 secs using 378.2% CPU
Optimizing NNI: done in 33.1449 secs using 378.7% CPU
Optimizing NNI: done in 41.3426 secs using 378.6% CPU
Optimizing NNI: done in 19.3239 secs using 379.1% CPU
Optimizing NNI: done in 30.2828 secs using 377.7% CPU
Optimizing NNI: done in 26.6694 secs using 378.4% CPU
Optimizing NNI: done in 31.4718 secs using 378.7% CPU
Optimizing NNI: done in 33.5008 secs using 378.3% CPU
Iteration 20 / LogL: -2199.704 / Time: 0h:9m:43s
Finish initializing candidate tree set (20)
Current best tree score: -1838.200 / CPU time: 577.534
Number of iterations: 20
--------------------------------------------------------------------
|               OPTIMIZING CANDIDATE TREE SET                      |
--------------------------------------------------------------------
Optimizing NNI: done in 7.12338 secs using 381.1% CPU
Optimizing NNI: done in 4.23697 secs using 374.7% CPU
Optimizing NNI: done in 4.55377 secs using 378.6% CPU
Optimizing NNI: done in 6.2257 secs using 381.7% CPU
Optimizing NNI: done in 5.76797 secs using 374.9% CPU
Optimizing NNI: done in 4.56215 secs using 378.6% CPU
Optimizing NNI: done in 5.39116 secs using 382.2% CPU
Optimizing NNI: done in 4.40106 secs using 377.9% CPU
Optimizing NNI: done in 7.67143 secs using 381% CPU
Estimate model parameters (epsilon = 0.100)
BETTER TREE FOUND at iteration 29: -1833.520
Optimizing NNI: done in 4.84867 secs using 379.8% CPU
Iteration 30 / LogL: -1838.772 / Time: 0h:10m:40s (0h:36m:24s left)
Optimizing NNI: done in 6.92139 secs using 377.1% CPU
BETTER TREE FOUND at iteration 31: -1833.520
Optimizing NNI: done in 4.48548 secs using 377.7% CPU
Optimizing NNI: done in 4.55183 secs using 375.1% CPU
Optimizing NNI: done in 3.85413 secs using 377.3% CPU
Optimizing NNI: done in 7.18411 secs using 379.1% CPU
Optimizing NNI: done in 3.52292 secs using 387.1% CPU
Optimizing NNI: done in 5.22364 secs using 379.9% CPU
Optimizing NNI: done in 6.50989 secs using 377.5% CPU
Optimizing NNI: done in 3.59653 secs using 365.9% CPU
Optimizing NNI: done in 6.04988 secs using 381.3% CPU
Iteration 40 / LogL: -1839.971 / Time: 0h:11m:32s (0h:26m:55s left)
Optimizing NNI: done in 7.47635 secs using 378.3% CPU
Optimizing NNI: done in 4.61937 secs using 379% CPU
BETTER TREE FOUND at iteration 42: -1833.519
Optimizing NNI: done in 3.83991 secs using 370.9% CPU
Optimizing NNI: done in 5.94975 secs using 383.2% CPU
Optimizing NNI: done in 4.66714 secs using 375.8% CPU
Optimizing NNI: done in 7.41508 secs using 377.2% CPU
Optimizing NNI: done in 5.75732 secs using 377% CPU
Optimizing NNI: done in 3.62766 secs using 385.2% CPU
Optimizing NNI: done in 5.70214 secs using 373.9% CPU
Optimizing NNI: done in 3.56932 secs using 386.2% CPU
Iteration 50 / LogL: -1833.520 / Time: 0h:12m:25s (0h:23m:19s left)
Optimizing NNI: done in 6.26918 secs using 375.8% CPU
Optimizing NNI: done in 6.05197 secs using 380.7% CPU
Optimizing NNI: done in 5.64942 secs using 378.3% CPU
Optimizing NNI: done in 5.45204 secs using 381.6% CPU
Optimizing NNI: done in 6.41222 secs using 378.4% CPU
Optimizing NNI: done in 6.67556 secs using 378.8% CPU
Optimizing NNI: done in 5.38877 secs using 379.9% CPU
Optimizing NNI: done in 4.76863 secs using 378.9% CPU
Optimizing NNI: done in 4.57254 secs using 378.3% CPU
Optimizing NNI: done in 5.91397 secs using 381.9% CPU
Iteration 60 / LogL: -1833.521 / Time: 0h:13m:22s (0h:18m:35s left)
Optimizing NNI: done in 5.72472 secs using 373.2% CPU
Optimizing NNI: done in 6.35713 secs using 384.9% CPU
Optimizing NNI: done in 6.14515 secs using 374.8% CPU
Optimizing NNI: done in 6.37694 secs using 377.9% CPU
Optimizing NNI: done in 3.46755 secs using 386.5% CPU
Optimizing NNI: done in 3.51572 secs using 374.3% CPU
Optimizing NNI: done in 5.19776 secs using 380.4% CPU
Optimizing NNI: done in 3.37726 secs using 385.3% CPU
Optimizing NNI: done in 5.68806 secs using 371.3% CPU
Optimizing NNI: done in 2.80009 secs using 381.7% CPU
Iteration 70 / LogL: -1843.908 / Time: 0h:14m:12s (0h:14m:49s left)
Optimizing NNI: done in 5.36921 secs using 380.9% CPU
Optimizing NNI: done in 4.63023 secs using 379.6% CPU
Optimizing NNI: done in 6.37954 secs using 377.9% CPU
Optimizing NNI: done in 4.46772 secs using 381.8% CPU
Optimizing NNI: done in 5.82522 secs using 381.7% CPU
Optimizing NNI: done in 7.37312 secs using 381.6% CPU
Optimizing NNI: done in 4.33506 secs using 380.3% CPU
Optimizing NNI: done in 4.75239 secs using 379.3% CPU
Optimizing NNI: done in 7.40896 secs using 377.3% CPU
Optimizing NNI: done in 6.37175 secs using 371.9% CPU
Iteration 80 / LogL: -1833.520 / Time: 0h:15m:9s (0h:11m:53s left)
Optimizing NNI: done in 7.5694 secs using 377.1% CPU
Optimizing NNI: done in 4.60639 secs using 379.6% CPU
Optimizing NNI: done in 5.82595 secs using 383.5% CPU
Optimizing NNI: done in 4.67283 secs using 379.3% CPU
Optimizing NNI: done in 3.91829 secs using 373.7% CPU
Optimizing NNI: done in 7.35395 secs using 380.9% CPU
BETTER TREE FOUND at iteration 86: -1833.518
Optimizing NNI: done in 5.37288 secs using 379.6% CPU
Optimizing NNI: done in 4.66659 secs using 380.5% CPU
Optimizing NNI: done in 6.8187 secs using 375% CPU
Optimizing NNI: done in 6.08223 secs using 375.7% CPU
Iteration 90 / LogL: -1834.282 / Time: 0h:16m:6s (0h:17m:22s left)
Optimizing NNI: done in 5.25895 secs using 381.2% CPU
Optimizing NNI: done in 5.93177 secs using 383% CPU
Optimizing NNI: done in 3.87919 secs using 371.6% CPU
Optimizing NNI: done in 4.61022 secs using 376.7% CPU
Optimizing NNI: done in 4.64427 secs using 378.9% CPU
Optimizing NNI: done in 5.49789 secs using 380.6% CPU
BETTER TREE FOUND at iteration 96: -1833.518
Optimizing NNI: done in 6.50995 secs using 376.9% CPU
Optimizing NNI: done in 4.73045 secs using 378.6% CPU
Optimizing NNI: done in 4.56291 secs using 372.8% CPU
Optimizing NNI: done in 5.28338 secs using 380.3% CPU
Iteration 100 / LogL: -1833.520 / Time: 0h:16m:57s (0h:16m:27s left)
Optimizing NNI: done in 5.3522 secs using 381.1% CPU
Optimizing NNI: done in 4.63438 secs using 379% CPU
Optimizing NNI: done in 5.71551 secs using 374.4% CPU
Optimizing NNI: done in 3.85255 secs using 384.2% CPU
Optimizing NNI: done in 4.66806 secs using 374.4% CPU
Optimizing NNI: done in 5.82684 secs using 372.4% CPU
Optimizing NNI: done in 6.37257 secs using 382.5% CPU
Optimizing NNI: done in 4.51466 secs using 378% CPU
Optimizing NNI: done in 6.46434 secs using 378.7% CPU
Optimizing NNI: done in 2.66975 secs using 378.1% CPU
Iteration 110 / LogL: -1833.518 / Time: 0h:17m:48s (0h:14m:2s left)
Optimizing NNI: done in 5.67738 secs using 382.7% CPU
Optimizing NNI: done in 3.76383 secs using 375.6% CPU
Optimizing NNI: done in 5.4046 secs using 382.2% CPU
Optimizing NNI: done in 4.54655 secs using 376.6% CPU
Optimizing NNI: done in 8.02538 secs using 376.3% CPU
Optimizing NNI: done in 5.16741 secs using 380.1% CPU
Optimizing NNI: done in 8.36528 secs using 382.2% CPU
Optimizing NNI: done in 7.06297 secs using 379.3% CPU
Optimizing NNI: done in 5.52976 secs using 374.1% CPU
Optimizing NNI: done in 3.49628 secs using 386% CPU
Iteration 120 / LogL: -1833.520 / Time: 0h:18m:45s (0h:11m:59s left)
Optimizing NNI: done in 5.38456 secs using 379.7% CPU
Optimizing NNI: done in 3.62862 secs using 373.3% CPU
Optimizing NNI: done in 7.19517 secs using 377.7% CPU
Optimizing NNI: done in 6.53918 secs using 373.7% CPU
Optimizing NNI: done in 4.53102 secs using 381.9% CPU
Optimizing NNI: done in 3.22229 secs using 372.9% CPU
Optimizing NNI: done in 4.97427 secs using 377% CPU
BETTER TREE FOUND at iteration 127: -1833.518
Optimizing NNI: done in 4.42596 secs using 378.7% CPU
Optimizing NNI: done in 7.70518 secs using 379.8% CPU
Optimizing NNI: done in 4.69909 secs using 375.8% CPU
Iteration 130 / LogL: -1833.518 / Time: 0h:19m:38s (0h:14m:46s left)
Optimizing NNI: done in 6.41414 secs using 378.3% CPU
Optimizing NNI: done in 4.6321 secs using 377.1% CPU
Optimizing NNI: done in 3.60002 secs using 383.9% CPU
Optimizing NNI: done in 5.31258 secs using 380.6% CPU
Optimizing NNI: done in 5.34573 secs using 374.9% CPU
Optimizing NNI: done in 5.28547 secs using 379.6% CPU
Optimizing NNI: done in 2.55242 secs using 377.4% CPU
Optimizing NNI: done in 4.67955 secs using 375.8% CPU
Optimizing NNI: done in 4.7363 secs using 379.4% CPU
Optimizing NNI: done in 6.56814 secs using 377.4% CPU
Iteration 140 / LogL: -1833.520 / Time: 0h:20m:28s (0h:12m:48s left)
Optimizing NNI: done in 2.69642 secs using 382% CPU
Optimizing NNI: done in 4.58153 secs using 378.8% CPU
Optimizing NNI: done in 3.45484 secs using 384.8% CPU
BETTER TREE FOUND at iteration 143: -1833.518
Optimizing NNI: done in 3.8103 secs using 372.7% CPU
Optimizing NNI: done in 5.42537 secs using 382% CPU
Optimizing NNI: done in 4.44761 secs using 379.3% CPU
Optimizing NNI: done in 6.69721 secs using 376.3% CPU
Optimizing NNI: done in 5.25303 secs using 379.4% CPU
Optimizing NNI: done in 6.38927 secs using 378% CPU
Optimizing NNI: done in 4.02027 secs using 383.7% CPU
Iteration 150 / LogL: -1862.036 / Time: 0h:21m:15s (0h:13m:15s left)
Optimizing NNI: done in 6.25707 secs using 374.9% CPU
Optimizing NNI: done in 4.70113 secs using 379% CPU
Optimizing NNI: done in 5.52215 secs using 381.1% CPU
BETTER TREE FOUND at iteration 153: -1833.518
Optimizing NNI: done in 4.66486 secs using 379% CPU
Optimizing NNI: done in 6.53629 secs using 377.1% CPU
Optimizing NNI: done in 3.84934 secs using 372.8% CPU
Optimizing NNI: done in 4.75201 secs using 377.7% CPU
Optimizing NNI: done in 3.44566 secs using 385% CPU
Optimizing NNI: done in 4.72456 secs using 377.3% CPU
Optimizing NNI: done in 6.4109 secs using 375.2% CPU
Iteration 160 / LogL: -1833.518 / Time: 0h:22m:6s (0h:12m:55s left)
Optimizing NNI: done in 6.71069 secs using 376.6% CPU
Optimizing NNI: done in 3.61087 secs using 386% CPU
Optimizing NNI: done in 4.6867 secs using 376.5% CPU
Optimizing NNI: done in 3.84466 secs using 373.6% CPU
Optimizing NNI: done in 5.03104 secs using 379.7% CPU
Optimizing NNI: done in 6.49746 secs using 376.3% CPU
Optimizing NNI: done in 5.48853 secs using 381.9% CPU
Optimizing NNI: done in 8.31472 secs using 380.9% CPU
Optimizing NNI: done in 5.57528 secs using 373.5% CPU
Optimizing NNI: done in 3.28667 secs using 381.5% CPU
Iteration 170 / LogL: -1837.815 / Time: 0h:23m:0s (0h:11m:17s left)
Optimizing NNI: done in 5.42508 secs using 380.1% CPU
Optimizing NNI: done in 5.5243 secs using 373.5% CPU
Optimizing NNI: done in 7.28248 secs using 377.6% CPU
Optimizing NNI: done in 4.60695 secs using 377.3% CPU
Optimizing NNI: done in 6.16447 secs using 381.8% CPU
Optimizing NNI: done in 6.01109 secs using 375% CPU
Optimizing NNI: done in 6.13559 secs using 382.4% CPU
Optimizing NNI: done in 5.57493 secs using 374.5% CPU
Optimizing NNI: done in 3.49038 secs using 384.2% CPU
Optimizing NNI: done in 3.78444 secs using 369.5% CPU
Iteration 180 / LogL: -1837.457 / Time: 0h:23m:54s (0h:9m:44s left)
Optimizing NNI: done in 4.71071 secs using 378% CPU
Optimizing NNI: done in 8.11499 secs using 380.6% CPU
Optimizing NNI: done in 5.8616 secs using 374.6% CPU
Optimizing NNI: done in 6.29653 secs using 383.2% CPU
Optimizing NNI: done in 3.89588 secs using 374% CPU
Optimizing NNI: done in 5.36097 secs using 378.3% CPU
Optimizing NNI: done in 7.7184 secs using 377.1% CPU
Optimizing NNI: done in 4.84833 secs using 375.5% CPU
Optimizing NNI: done in 4.40164 secs using 388.5% CPU
Optimizing NNI: done in 4.6722 secs using 376.8% CPU
Iteration 190 / LogL: -1833.519 / Time: 0h:24m:50s (0h:8m:16s left)
Optimizing NNI: done in 5.5932 secs using 374.3% CPU
Optimizing NNI: done in 9.0502 secs using 380.1% CPU
Optimizing NNI: done in 4.51841 secs using 384.5% CPU
Optimizing NNI: done in 5.66627 secs using 375.9% CPU
Optimizing NNI: done in 5.34522 secs using 381.3% CPU
Optimizing NNI: done in 6.51677 secs using 376.8% CPU
Optimizing NNI: done in 5.842 secs using 383.2% CPU
Optimizing NNI: done in 4.61922 secs using 380.2% CPU
Optimizing NNI: done in 4.78402 secs using 376.7% CPU
Optimizing NNI: done in 3.89282 secs using 375.3% CPU
Iteration 200 / LogL: -1870.515 / Time: 0h:25m:47s (0h:6m:52s left)
Optimizing NNI: done in 5.22716 secs using 380.8% CPU
Optimizing NNI: done in 5.57178 secs using 381.2% CPU
Optimizing NNI: done in 4.66745 secs using 375.6% CPU
Optimizing NNI: done in 5.64049 secs using 374.7% CPU
Optimizing NNI: done in 4.65769 secs using 377.5% CPU
Optimizing NNI: done in 5.41347 secs using 380.2% CPU
Optimizing NNI: done in 5.42032 secs using 381.4% CPU
Optimizing NNI: done in 6.34713 secs using 377.5% CPU
Optimizing NNI: done in 2.80933 secs using 381.9% CPU
Optimizing NNI: done in 7.47269 secs using 379% CPU
Iteration 210 / LogL: -1833.518 / Time: 0h:26m:40s (0h:5m:29s left)
Optimizing NNI: done in 5.05596 secs using 379.5% CPU
Optimizing NNI: done in 5.41405 secs using 368.8% CPU
Optimizing NNI: done in 4.19605 secs using 387.5% CPU
Optimizing NNI: done in 4.59246 secs using 378.1% CPU
Optimizing NNI: done in 5.7235 secs using 375.3% CPU
Optimizing NNI: done in 3.47155 secs using 385.3% CPU
Optimizing NNI: done in 4.6576 secs using 379.5% CPU
Optimizing NNI: done in 3.77961 secs using 374.8% CPU
Optimizing NNI: done in 3.73485 secs using 383.1% CPU
Optimizing NNI: done in 4.46174 secs using 378.5% CPU
Iteration 220 / LogL: -1863.985 / Time: 0h:27m:26s (0h:4m:8s left)
Optimizing NNI: done in 7.11473 secs using 380.4% CPU
Optimizing NNI: done in 4.73945 secs using 381.3% CPU
Optimizing NNI: done in 6.17164 secs using 373.3% CPU
Optimizing NNI: done in 4.59113 secs using 375.5% CPU
Optimizing NNI: done in 6.18393 secs using 383.3% CPU
Optimizing NNI: done in 5.71585 secs using 374% CPU
Optimizing NNI: done in 4.01501 secs using 387.3% CPU
Optimizing NNI: done in 3.93864 secs using 373.3% CPU
Optimizing NNI: done in 6.62897 secs using 378% CPU
Optimizing NNI: done in 7.48486 secs using 379.8% CPU
Iteration 230 / LogL: -1833.518 / Time: 0h:28m:23s (0h:2m:51s left)
Optimizing NNI: done in 5.2395 secs using 382% CPU
Optimizing NNI: done in 5.25806 secs using 381.7% CPU
Optimizing NNI: done in 5.61367 secs using 376.4% CPU
Optimizing NNI: done in 4.68865 secs using 378.1% CPU
Optimizing NNI: done in 4.62782 secs using 378.5% CPU
Optimizing NNI: done in 6.37878 secs using 383.7% CPU
Optimizing NNI: done in 6.82714 secs using 378.6% CPU
Optimizing NNI: done in 5.68304 secs using 372.7% CPU
Optimizing NNI: done in 7.3693 secs using 379% CPU
Optimizing NNI: done in 5.49221 secs using 379.6% CPU
Iteration 240 / LogL: -1833.518 / Time: 0h:29m:20s (0h:1m:35s left)
Optimizing NNI: done in 7.45201 secs using 379.4% CPU
Optimizing NNI: done in 6.28043 secs using 374.3% CPU
Optimizing NNI: done in 5.22858 secs using 381% CPU
Optimizing NNI: done in 7.5022 secs using 378.4% CPU
Optimizing NNI: done in 3.80987 secs using 374.2% CPU
Optimizing NNI: done in 3.58459 secs using 385.3% CPU
Optimizing NNI: done in 4.72939 secs using 379.3% CPU
Optimizing NNI: done in 5.12462 secs using 380.5% CPU
Optimizing NNI: done in 5.64313 secs using 374.9% CPU
Optimizing NNI: done in 4.46614 secs using 375.5% CPU
Iteration 250 / LogL: -1833.518 / Time: 0h:30m:14s (0h:0m:21s left)
Optimizing NNI: done in 3.4006 secs using 385.4% CPU
Optimizing NNI: done in 3.81304 secs using 373% CPU
Optimizing NNI: done in 7.35462 secs using 379% CPU
Optimizing NNI: done in 6.14341 secs using 382.7% CPU
TREE SEARCH COMPLETED AFTER 254 ITERATIONS / Time: 0h:30m:35s

--------------------------------------------------------------------
|                    FINALIZING TREE SEARCH                        |
--------------------------------------------------------------------
Performs final model parameters optimization
Estimate model parameters (epsilon = 0.010)
1. Initial log-likelihood: -1833.518
Optimal log-likelihood: -1833.518
Gamma shape alpha: 0.163
Parameters optimization took 1 rounds (0.694 sec)
BEST SCORE FOUND : -1833.518
Total tree length: 0.239

Total number of iterations: 254
CPU time used for tree search: 6919.814 sec (1h:55m:19s)
Wall-clock time used for tree search: 1829.277 sec (0h:30m:29s)
Total CPU time used: 6945.497 sec (1h:55m:45s)
Total wall-clock time used: 1836.439 sec (0h:30m:36s)

Analysis results written to: 
  IQ-TREE report:                CASQ1_WAG.iqtree
  Maximum-likelihood tree:       CASQ1_WAG.treefile
  Likelihood distances:          CASQ1_WAG.mldist
  Screen log file:               CASQ1_WAG.log

Date and Time: Sat Jan 27 10:28:18 2024
