IQ-TREE multicore version 2.2.0-beta COVID-edition for Linux 64-bit built Dec 21 2021 built Dec 21 2021
Developed by Bui Quang Minh, James Barbetti, Nguyen Lam Tung,
Olga Chernomor, Heiko Schmidt, Dominik Schrempf, Michael Woodhams, Ly Trong Nhan.

Host:    awarnach (SSE3, 15 GB RAM)
Command: iqtree -s translated/CASQ2_codon_aligned.translated.fasta -st AA -m WAG+G4 -pre CASQ2_WAG -nt 4
Seed:    99468 (Using SPRNG - Scalable Parallel Random Number Generator)
Time:    Fri Jan 26 04:30:34 2024
Kernel:  SSE2 - 4 threads (4 CPU cores detected)

Reading alignment file translated/CASQ2_codon_aligned.translated.fasta ... Fasta format detected
Reading fasta file: done in 0.00182507 secs using 89.8% CPU
Alignment most likely contains protein sequences
Constructing alignment: done in 0.0024123 secs using 139.1% CPU
Alignment has 86 sequences with 410 columns, 267 distinct patterns
27 parsimony-informative, 42 singleton sites, 341 constant sites
                    Gap/Ambiguity  Composition  p-value
Analyzing sequences: done in 0.000138622 secs using 69.97% CPU
   1  Bacu_CASQ2            0.24%    passed    100.00%
   2  Barn_CASQ2           43.41%    passed     99.83%
   3  Bbai76728_CASQ2      17.07%    passed    100.00%
   4  BbonAUS_CASQ2        11.71%    passed    100.00%
   5  Bbor_CASQ2            7.56%    passed    100.00%
   6  Bede66737_CASQ2       7.80%    passed    100.00%
   7  BedeAUS_CASQ2        11.71%    passed    100.00%
   8  Bmus_CASQ2            0.00%    passed    100.00%
   9  Bmys_CASQ2           43.90%    passed     56.13%
  10  Bphy_CASQ2           29.27%    passed     88.05%
  11  Ccom40_CASQ2         41.22%    passed     99.96%
  12  Chea7320_CASQ2       18.54%    passed    100.00%
  13  Cmar59905_CASQ2      22.20%    passed    100.00%
  14  Dcap108471_CASQ2      7.80%    passed    100.00%
  15  Dcap79929_CASQ2      11.95%    passed    100.00%
  16  DdelSJR_CASQ2         7.80%    passed    100.00%
  17  Ddeltrop4525_CASQ2   18.54%    passed    100.00%
  18  Dleu_CASQ2            1.22%    passed    100.00%
  19  EausAUS_CASQ2         8.05%    passed    100.00%
  20  Egla13086_CASQ2      25.12%    passed     71.17%
  21  Ejap43864_CASQ2      11.95%    passed    100.00%
  22  Erob133443_CASQ2     23.17%    passed    100.00%
  23  Fatt_CASQ2            8.29%    passed    100.00%
  24  Ggri_CASQ2            7.80%    passed    100.00%
  25  Gmac39091_CASQ2      22.20%    passed    100.00%
  26  Gmel_CASQ2            0.73%    passed    100.00%
  27  Hamp_CASQ2           10.98%    passed    100.00%
  28  Igeo_CASQ2           29.27%    passed     99.85%
  29  Kbre_CASQ2            8.29%    passed    100.00%
  30  Ksim_CASQ2           11.46%    passed    100.00%
  31  Lacu_CASQ2           11.71%    passed    100.00%
  32  Lalb_CASQ2            8.29%    passed    100.00%
  33  Laus_CASQ2            7.80%    passed    100.00%
  34  Lbor_CASQ2           29.02%    passed     99.97%
  35  Lhos30470_CASQ2      22.20%    passed    100.00%
  36  Lhos452_CASQ2        11.71%    passed    100.00%
  37  Lobl_CASQ2            0.73%    passed    100.00%
  38  Lobs_CASQ2           11.71%    passed    100.00%
  39  LperAUS_CASQ2         7.80%    passed    100.00%
  40  Lvex_CASQ1            0.00%    passed    100.00%
  41  Mbid_CASQ2           33.66%    passed     97.20%
  42  Mbow_CASQ2           10.98%    passed    100.00%
  43  Mcar_CASQ2            7.07%    passed    100.00%
  44  Mden_CASQ2           34.15%    passed     65.07%
  45  Meur_CASQ2            7.07%    passed    100.00%
  46  Mgin_CASQ2            7.07%    passed    100.00%
  47  MgraAUS_CASQ2        52.93%    passed     94.43%
  48  Mhec_CASQ2           21.46%    passed    100.00%
  49  MlayAUS_CASQ2         8.78%    passed    100.00%
  50  Mmir_CASQ2           35.61%    passed     97.56%
  51  Mmon_CASQ2            1.22%    passed    100.00%
  52  Mper_CASQ2           15.37%    passed    100.00%
  53  Mpni_CASQ2           25.37%    passed    100.00%
  54  Mste_CASQ2           17.80%    passed    100.00%
  55  Naasi_CASQ1           0.49%    passed    100.00%
  56  Npho_CASQ2           11.46%    passed    100.00%
  57  Obre_CASQ2            7.80%    passed    100.00%
  58  Ohei_CASQ2            7.80%    passed    100.00%
  59  Oorc_CASQ2            0.73%    passed    100.00%
  60  Pbla7349_CASQ2       20.98%    passed    100.00%
  61  Pcat_CASQ1            0.24%    passed    100.00%
  62  Pcra123188_CASQ2     12.93%    passed    100.00%
  63  Pdal_CASQ2           67.80%    passed     86.21%
  64  Pdio_CASQ2           29.76%    passed    100.00%
  65  Pele_CASQ2            7.80%    passed    100.00%
  66  Pmac_CASQ2            7.80%    passed    100.00%
  67  Ppho_CASQ2           11.22%    passed    100.00%
  68  Psin_CASQ1            0.24%    passed    100.00%
  69  Pspi_CASQ2           39.02%    passed     99.90%
  70  Satt18473_CASQ2      22.20%    passed    100.00%
  71  Satt38219_CASQ2      37.32%    passed     99.97%
  72  Sbre116871_CASQ2      7.80%    passed    100.00%
  73  Sbre18437_CASQ2      18.54%    passed    100.00%
  74  Schi_CASQ2           14.15%    passed    100.00%
  75  Scly1724_CASQ2       55.37%    passed     96.94%
  76  Scly1726_CASQ2        7.80%    passed    100.00%
  77  Scoe_CASQ2           11.71%    passed    100.00%
  78  Sflu9837_CASQ2        7.80%    passed    100.00%
  79  Sfro7782_CASQ2       30.24%    passed    100.00%
  80  Sfro7784_CASQ2       11.95%    passed    100.00%
  81  Slon16012_CASQ2      18.54%    passed    100.00%
  82  Slon24923_CASQ2       7.80%    passed    100.00%
  83  Tadu79924_CASQ2       9.51%    passed    100.00%
  84  Tshe_CASQ2           10.98%    passed    100.00%
  85  Ttru_CASQ2            0.73%    passed    100.00%
  86  Zcav_CASQ2           21.71%    passed    100.00%
WARNING: 3 sequences contain more than 50% gaps/ambiguity
****  TOTAL                16.04%  0 sequences failed composition chi2 test (p-value<5%; df=19)
NOTE: DdelSJR_CASQ2 is identical to Dcap108471_CASQ2 but kept for subsequent analysis
NOTE: Slon16012_CASQ2 is identical to Ddeltrop4525_CASQ2 but kept for subsequent analysis
NOTE: Mmon_CASQ2 is identical to Dleu_CASQ2 but kept for subsequent analysis
NOTE: Mbow_CASQ2 is identical to Hamp_CASQ2 but kept for subsequent analysis
NOTE: LperAUS_CASQ2 is identical to Laus_CASQ2 but kept for subsequent analysis
NOTE: Mgin_CASQ2 is identical to Meur_CASQ2 but kept for subsequent analysis
Checking for duplicate sequences: done in 0.000727748 secs using 99.62% CPU
Identifying sites to remove: done in 0.00133559 secs using 317.2% CPU
NOTE: 5 identical sequences (see below) will be ignored for subsequent analysis
NOTE: Ggri_CASQ2 (identical to Dcap108471_CASQ2) is ignored but added at the end
NOTE: Sbre116871_CASQ2 (identical to Dcap108471_CASQ2) is ignored but added at the end
NOTE: Sflu9837_CASQ2 (identical to Dcap108471_CASQ2) is ignored but added at the end
NOTE: Slon24923_CASQ2 (identical to Dcap108471_CASQ2) is ignored but added at the end
NOTE: Tshe_CASQ2 (identical to Hamp_CASQ2) is ignored but added at the end
Alignment was printed to CASQ2_WAG.uniqueseq.phy

For your convenience alignment with unique sequences printed to CASQ2_WAG.uniqueseq.phy

Create initial parsimony tree by phylogenetic likelihood library (PLL)... 0.003 seconds

NOTE: 14 MB RAM (0 GB) is required!
Estimate model parameters (epsilon = 0.100)
1. Initial log-likelihood: -2860.779
2. Current log-likelihood: -2730.770
3. Current log-likelihood: -2707.022
4. Current log-likelihood: -2705.663
5. Current log-likelihood: -2704.907
Optimal log-likelihood: -2704.874
Gamma shape alpha: 0.142
Parameters optimization took 5 rounds (4.366 sec)
Wrote distance file to... 
Computing ML distances based on estimated model parameters...
Calculating distance matrix: done in 1.5596 secs using 374.3% CPU
Computing ML distances took 1.560308 sec (of wall-clock time) 5.838300 sec (of CPU time)
Setting up auxiliary I and S matrices: done in 0.00284102 secs using 279% CPU
Constructing RapidNJ tree: done in 0.0779265 secs using 37.54% CPU
Computing RapidNJ tree took 0.081016 sec (of wall-clock time) 0.037276 sec (of CPU time)
Log-likelihood of RapidNJ tree: -1939.938
--------------------------------------------------------------------
|             INITIALIZING CANDIDATE TREE SET                      |
--------------------------------------------------------------------
Generating 98 parsimony trees... 0.438 second
Computing log-likelihood of 98 initial trees ... 18.097 seconds
Current best score: -1939.938

Do NNI search on 20 best initial trees
Optimizing NNI: done in 4.58049 secs using 377.7% CPU
Estimate model parameters (epsilon = 0.100)
BETTER TREE FOUND at iteration 1: -1915.455
Optimizing NNI: done in 37.028 secs using 378.9% CPU
Optimizing NNI: done in 35.7858 secs using 374.8% CPU
Optimizing NNI: done in 31.4417 secs using 378.7% CPU
Optimizing NNI: done in 35.0534 secs using 376.8% CPU
Optimizing NNI: done in 39.5359 secs using 378.3% CPU
Optimizing NNI: done in 36.8869 secs using 379.2% CPU
Optimizing NNI: done in 43.7562 secs using 378.4% CPU
Optimizing NNI: done in 38.2397 secs using 378.2% CPU
Optimizing NNI: done in 38.0853 secs using 378.6% CPU
Iteration 10 / LogL: -2043.001 / Time: 0h:6m:8s
Optimizing NNI: done in 33.6686 secs using 378.2% CPU
Optimizing NNI: done in 35.0812 secs using 377.1% CPU
Optimizing NNI: done in 31.2294 secs using 378.8% CPU
Optimizing NNI: done in 36.7438 secs using 378.8% CPU
Optimizing NNI: done in 15.7075 secs using 374.1% CPU
Optimizing NNI: done in 32.9812 secs using 377.5% CPU
Optimizing NNI: done in 39.9641 secs using 379.4% CPU
Optimizing NNI: done in 40.4264 secs using 378.5% CPU
Optimizing NNI: done in 33.6579 secs using 377.6% CPU
Optimizing NNI: done in 35.4804 secs using 377.1% CPU
Iteration 20 / LogL: -2044.879 / Time: 0h:11m:44s
Finish initializing candidate tree set (20)
Current best tree score: -1915.455 / CPU time: 697.200
Number of iterations: 20
--------------------------------------------------------------------
|               OPTIMIZING CANDIDATE TREE SET                      |
--------------------------------------------------------------------
Optimizing NNI: done in 4.58504 secs using 379.4% CPU
Optimizing NNI: done in 4.65972 secs using 378.9% CPU
Optimizing NNI: done in 9.92291 secs using 380.7% CPU
Optimizing NNI: done in 6.0191 secs using 375.9% CPU
Optimizing NNI: done in 5.18476 secs using 380.8% CPU
Optimizing NNI: done in 4.10512 secs using 374.1% CPU
Optimizing NNI: done in 5.4261 secs using 378.8% CPU
Optimizing NNI: done in 5.49269 secs using 383.2% CPU
Optimizing NNI: done in 5.88676 secs using 370.4% CPU
Optimizing NNI: done in 7.2078 secs using 378.4% CPU
Iteration 30 / LogL: -1945.957 / Time: 0h:12m:42s (0h:31m:7s left)
Optimizing NNI: done in 7.35054 secs using 379.9% CPU
Optimizing NNI: done in 6.07591 secs using 384% CPU
Optimizing NNI: done in 5.89187 secs using 374.8% CPU
Optimizing NNI: done in 7.21955 secs using 379.1% CPU
Optimizing NNI: done in 6.87083 secs using 378.2% CPU
Optimizing NNI: done in 3.15689 secs using 383.2% CPU
Optimizing NNI: done in 5.91885 secs using 377% CPU
Optimizing NNI: done in 5.88014 secs using 384.6% CPU
Optimizing NNI: done in 6.05556 secs using 376.9% CPU
Optimizing NNI: done in 4.77239 secs using 379.7% CPU
Iteration 40 / LogL: -1919.477 / Time: 0h:13m:42s (0h:21m:26s left)
Optimizing NNI: done in 4.16285 secs using 387.6% CPU
Optimizing NNI: done in 3.85126 secs using 376.9% CPU
Optimizing NNI: done in 6.28501 secs using 376.6% CPU
Optimizing NNI: done in 4.01634 secs using 386.5% CPU
Optimizing NNI: done in 5.58587 secs using 373% CPU
Optimizing NNI: done in 3.69332 secs using 384.9% CPU
Optimizing NNI: done in 5.62106 secs using 372.8% CPU
Optimizing NNI: done in 4.01755 secs using 387% CPU
Optimizing NNI: done in 3.45971 secs using 374.5% CPU
Optimizing NNI: done in 6.34461 secs using 377.5% CPU
Iteration 50 / LogL: -1921.271 / Time: 0h:14m:30s (0h:15m:5s left)
Optimizing NNI: done in 3.96611 secs using 381.8% CPU
Optimizing NNI: done in 6.07075 secs using 371.4% CPU
Optimizing NNI: done in 5.54536 secs using 380.5% CPU
Optimizing NNI: done in 6.48706 secs using 376.7% CPU
Optimizing NNI: done in 3.53524 secs using 386.4% CPU
Estimate model parameters (epsilon = 0.100)
BETTER TREE FOUND at iteration 55: -1914.646
Optimizing NNI: done in 3.79786 secs using 385% CPU
Optimizing NNI: done in 3.95691 secs using 376.7% CPU
Optimizing NNI: done in 4.43538 secs using 378.9% CPU
Optimizing NNI: done in 5.31197 secs using 381.6% CPU
Optimizing NNI: done in 4.92551 secs using 378.5% CPU
Estimate model parameters (epsilon = 0.100)
BETTER TREE FOUND at iteration 60: -1913.691
Iteration 60 / LogL: -1913.691 / Time: 0h:15m:19s (0h:25m:58s left)
Optimizing NNI: done in 4.53376 secs using 375.6% CPU
Optimizing NNI: done in 6.05099 secs using 375.4% CPU
Optimizing NNI: done in 5.32783 secs using 381.3% CPU
Estimate model parameters (epsilon = 0.100)
BETTER TREE FOUND at iteration 63: -1913.393
Optimizing NNI: done in 5.8864 secs using 372.2% CPU
Optimizing NNI: done in 4.08629 secs using 388.3% CPU
Optimizing NNI: done in 5.66428 secs using 373.5% CPU
Estimate model parameters (epsilon = 0.100)
BETTER TREE FOUND at iteration 66: -1912.822
Optimizing NNI: done in 5.17717 secs using 379.8% CPU
Optimizing NNI: done in 4.71637 secs using 376.3% CPU
Optimizing NNI: done in 6.33312 secs using 376.9% CPU
Estimate model parameters (epsilon = 0.100)
BETTER TREE FOUND at iteration 69: -1911.627
Optimizing NNI: done in 5.54663 secs using 380.7% CPU
Iteration 70 / LogL: -1913.635 / Time: 0h:16m:14s (0h:23m:18s left)
Optimizing NNI: done in 5.76566 secs using 372.8% CPU
Optimizing NNI: done in 5.38822 secs using 380.9% CPU
Optimizing NNI: done in 5.80868 secs using 380% CPU
BETTER TREE FOUND at iteration 73: -1911.627
Optimizing NNI: done in 8.00286 secs using 374.4% CPU
Optimizing NNI: done in 4.93854 secs using 378.8% CPU
Optimizing NNI: done in 6.99158 secs using 378.9% CPU
Optimizing NNI: done in 4.73684 secs using 379.1% CPU
Optimizing NNI: done in 5.5223 secs using 379.3% CPU
Optimizing NNI: done in 5.93774 secs using 378.6% CPU
Optimizing NNI: done in 5.17512 secs using 371.4% CPU
Iteration 80 / LogL: -1911.765 / Time: 0h:17m:13s (0h:20m:16s left)
Optimizing NNI: done in 4.84318 secs using 379.1% CPU
BETTER TREE FOUND at iteration 81: -1911.623
Optimizing NNI: done in 4.56883 secs using 376.9% CPU
Optimizing NNI: done in 5.32633 secs using 381.2% CPU
Optimizing NNI: done in 4.65022 secs using 378.1% CPU
Optimizing NNI: done in 4.89884 secs using 378.9% CPU
Optimizing NNI: done in 4.39391 secs using 375.7% CPU
Optimizing NNI: done in 4.75175 secs using 377.4% CPU
Optimizing NNI: done in 5.21616 secs using 380% CPU
Optimizing NNI: done in 6.68525 secs using 379% CPU
Optimizing NNI: done in 4.91778 secs using 378.7% CPU
Iteration 90 / LogL: -1912.881 / Time: 0h:18m:4s (0h:18m:28s left)
Optimizing NNI: done in 5.34351 secs using 382.7% CPU
Optimizing NNI: done in 6.68087 secs using 377% CPU
BETTER TREE FOUND at iteration 92: -1911.623
Optimizing NNI: done in 5.6536 secs using 382.2% CPU
Optimizing NNI: done in 6.39204 secs using 374.8% CPU
Optimizing NNI: done in 5.36886 secs using 379.2% CPU
Optimizing NNI: done in 6.54132 secs using 377.6% CPU
Optimizing NNI: done in 4.58143 secs using 377.1% CPU
Optimizing NNI: done in 3.62218 secs using 386.7% CPU
Optimizing NNI: done in 4.50937 secs using 377.2% CPU
Optimizing NNI: done in 4.02658 secs using 373.6% CPU
Iteration 100 / LogL: -1911.754 / Time: 0h:18m:57s (0h:17m:37s left)
Optimizing NNI: done in 4.22517 secs using 376.9% CPU
Optimizing NNI: done in 3.65412 secs using 386.7% CPU
Optimizing NNI: done in 6.00282 secs using 377.3% CPU
Optimizing NNI: done in 4.96374 secs using 381.9% CPU
Optimizing NNI: done in 5.64079 secs using 381.3% CPU
Optimizing NNI: done in 4.01237 secs using 376% CPU
Optimizing NNI: done in 6.34828 secs using 376.1% CPU
Optimizing NNI: done in 6.37941 secs using 383.1% CPU
Optimizing NNI: done in 5.64765 secs using 373.6% CPU
Optimizing NNI: done in 3.58367 secs using 386.9% CPU
Iteration 110 / LogL: -1921.428 / Time: 0h:19m:48s (0h:14m:53s left)
Optimizing NNI: done in 3.91847 secs using 373.9% CPU
BETTER TREE FOUND at iteration 111: -1911.622
Optimizing NNI: done in 5.57694 secs using 382% CPU
Optimizing NNI: done in 5.83306 secs using 374% CPU
Optimizing NNI: done in 6.16338 secs using 380.9% CPU
Optimizing NNI: done in 6.95281 secs using 377.4% CPU
Optimizing NNI: done in 4.02194 secs using 376.6% CPU
Optimizing NNI: done in 6.65872 secs using 376.9% CPU
Optimizing NNI: done in 5.40799 secs using 381.9% CPU
Optimizing NNI: done in 4.60971 secs using 377.7% CPU
Optimizing NNI: done in 4.85387 secs using 379.1% CPU
Iteration 120 / LogL: -1912.204 / Time: 0h:20m:42s (0h:15m:50s left)
Optimizing NNI: done in 6.42897 secs using 377.3% CPU
Optimizing NNI: done in 6.13871 secs using 382.9% CPU
Optimizing NNI: done in 5.80716 secs using 370.7% CPU
Optimizing NNI: done in 6.32101 secs using 384.2% CPU
Optimizing NNI: done in 6.01049 secs using 375.4% CPU
Optimizing NNI: done in 5.48899 secs using 382.5% CPU
Optimizing NNI: done in 6.23859 secs using 376.2% CPU
Optimizing NNI: done in 5.08576 secs using 381% CPU
Optimizing NNI: done in 5.81394 secs using 381.8% CPU
Optimizing NNI: done in 5.27216 secs using 370.5% CPU
Iteration 130 / LogL: -1911.977 / Time: 0h:21m:41s (0h:13m:37s left)
Optimizing NNI: done in 4.1349 secs using 387.1% CPU
Optimizing NNI: done in 5.93257 secs using 374.2% CPU
Optimizing NNI: done in 6.41875 secs using 379.2% CPU
Optimizing NNI: done in 6.33909 secs using 379.6% CPU
Optimizing NNI: done in 4.69827 secs using 379.4% CPU
Optimizing NNI: done in 6.35218 secs using 375.5% CPU
Optimizing NNI: done in 5.77829 secs using 382% CPU
Optimizing NNI: done in 6.45239 secs using 375% CPU
Optimizing NNI: done in 6.08021 secs using 377.6% CPU
Optimizing NNI: done in 5.72632 secs using 380.2% CPU
Iteration 140 / LogL: -1918.360 / Time: 0h:22m:40s (0h:11m:34s left)
Optimizing NNI: done in 5.44315 secs using 379.4% CPU
Optimizing NNI: done in 4.28581 secs using 375.1% CPU
Optimizing NNI: done in 8.97756 secs using 378.9% CPU
Optimizing NNI: done in 4.96077 secs using 379.5% CPU
Optimizing NNI: done in 5.93959 secs using 383.9% CPU
Optimizing NNI: done in 4.63432 secs using 378% CPU
Optimizing NNI: done in 3.66173 secs using 371.9% CPU
Optimizing NNI: done in 5.29236 secs using 380.1% CPU
Optimizing NNI: done in 6.73708 secs using 378.3% CPU
Optimizing NNI: done in 6.32967 secs using 374.4% CPU
Iteration 150 / LogL: -1911.741 / Time: 0h:23m:36s (0h:9m:40s left)
Optimizing NNI: done in 7.38412 secs using 378% CPU
Optimizing NNI: done in 6.05741 secs using 382.6% CPU
Optimizing NNI: done in 5.94836 secs using 375.3% CPU
Optimizing NNI: done in 5.45618 secs using 381.2% CPU
Optimizing NNI: done in 5.6797 secs using 381.1% CPU
Optimizing NNI: done in 4.7629 secs using 380% CPU
Optimizing NNI: done in 4.7944 secs using 380.7% CPU
Optimizing NNI: done in 5.07139 secs using 373.1% CPU
Optimizing NNI: done in 6.23707 secs using 378.7% CPU
Optimizing NNI: done in 9.0333 secs using 374% CPU
Iteration 160 / LogL: -1911.748 / Time: 0h:24m:37s (0h:7m:53s left)
Optimizing NNI: done in 5.6103 secs using 382.2% CPU
Optimizing NNI: done in 6.65437 secs using 377.7% CPU
Optimizing NNI: done in 7.2259 secs using 375.2% CPU
Optimizing NNI: done in 6.97481 secs using 377.7% CPU
Optimizing NNI: done in 4.79319 secs using 380.5% CPU
Optimizing NNI: done in 7.06981 secs using 377.4% CPU
Optimizing NNI: done in 6.36158 secs using 363.4% CPU
Optimizing NNI: done in 4.51073 secs using 376.7% CPU
Optimizing NNI: done in 6.20284 secs using 383.5% CPU
Optimizing NNI: done in 5.86994 secs using 374.6% CPU
Iteration 170 / LogL: -1914.559 / Time: 0h:25m:39s (0h:6m:13s left)
Optimizing NNI: done in 5.85852 secs using 382.4% CPU
Optimizing NNI: done in 4.02511 secs using 376.8% CPU
Optimizing NNI: done in 4.47038 secs using 378.7% CPU
Optimizing NNI: done in 5.60002 secs using 381.3% CPU
Optimizing NNI: done in 6.47628 secs using 376.7% CPU
Optimizing NNI: done in 4.54502 secs using 378% CPU
Optimizing NNI: done in 4.75609 secs using 378.3% CPU
Optimizing NNI: done in 3.46498 secs using 383.1% CPU
BETTER TREE FOUND at iteration 178: -1911.622
Optimizing NNI: done in 6.12815 secs using 374.7% CPU
Optimizing NNI: done in 2.46094 secs using 381.2% CPU
Iteration 180 / LogL: -1932.268 / Time: 0h:26m:27s (0h:14m:29s left)
Optimizing NNI: done in 5.35105 secs using 382% CPU
Optimizing NNI: done in 4.93358 secs using 378.1% CPU
Optimizing NNI: done in 5.16409 secs using 378.9% CPU
Optimizing NNI: done in 4.78818 secs using 380.4% CPU
Optimizing NNI: done in 5.94742 secs using 375.8% CPU
Optimizing NNI: done in 5.24471 secs using 383.1% CPU
Optimizing NNI: done in 3.93449 secs using 371.3% CPU
Optimizing NNI: done in 7.04854 secs using 378.8% CPU
Optimizing NNI: done in 3.67023 secs using 385.5% CPU
Optimizing NNI: done in 5.80898 secs using 375.8% CPU
Iteration 190 / LogL: -1911.677 / Time: 0h:27m:19s (0h:12m:43s left)
Optimizing NNI: done in 5.68496 secs using 383.1% CPU
Optimizing NNI: done in 4.88536 secs using 379.3% CPU
Optimizing NNI: done in 5.72797 secs using 373.1% CPU
Optimizing NNI: done in 6.41713 secs using 383.7% CPU
Optimizing NNI: done in 5.07872 secs using 379% CPU
Optimizing NNI: done in 7.47642 secs using 376.2% CPU
Optimizing NNI: done in 5.5717 secs using 379.4% CPU
Optimizing NNI: done in 7.17765 secs using 379% CPU
Optimizing NNI: done in 2.94122 secs using 384.1% CPU
Optimizing NNI: done in 6.47092 secs using 375.8% CPU
Iteration 200 / LogL: -1911.850 / Time: 0h:28m:17s (0h:11m:5s left)
Optimizing NNI: done in 5.42907 secs using 380.2% CPU
Optimizing NNI: done in 5.95035 secs using 373.4% CPU
Optimizing NNI: done in 3.84934 secs using 387.6% CPU
Optimizing NNI: done in 5.66105 secs using 373.8% CPU
Optimizing NNI: done in 5.51058 secs using 381.3% CPU
Optimizing NNI: done in 6.44838 secs using 379.1% CPU
Optimizing NNI: done in 5.34071 secs using 379.7% CPU
Optimizing NNI: done in 5.73613 secs using 382.7% CPU
Optimizing NNI: done in 8.24378 secs using 375.1% CPU
Optimizing NNI: done in 4.97231 secs using 379.3% CPU
Iteration 210 / LogL: -1911.628 / Time: 0h:29m:15s (0h:9m:31s left)
Optimizing NNI: done in 5.81928 secs using 383% CPU
Optimizing NNI: done in 5.81613 secs using 373.5% CPU
BETTER TREE FOUND at iteration 212: -1911.622
Optimizing NNI: done in 6.1125 secs using 382.2% CPU
Optimizing NNI: done in 6.64702 secs using 376.9% CPU
BETTER TREE FOUND at iteration 214: -1911.622
Optimizing NNI: done in 6.07505 secs using 375.7% CPU
Optimizing NNI: done in 5.65519 secs using 381.8% CPU
Optimizing NNI: done in 4.64527 secs using 378.7% CPU
Optimizing NNI: done in 5.63457 secs using 380% CPU
Optimizing NNI: done in 6.06654 secs using 374.1% CPU
Optimizing NNI: done in 5.91348 secs using 383.5% CPU
Iteration 220 / LogL: -1911.622 / Time: 0h:30m:14s (0h:12m:58s left)
Optimizing NNI: done in 5.59238 secs using 375.6% CPU
Optimizing NNI: done in 5.72975 secs using 380.6% CPU
Optimizing NNI: done in 7.03983 secs using 376.7% CPU
Optimizing NNI: done in 4.34918 secs using 379% CPU
Optimizing NNI: done in 5.42715 secs using 378.2% CPU
Optimizing NNI: done in 3.9392 secs using 373.3% CPU
Optimizing NNI: done in 6.71292 secs using 376.8% CPU
Optimizing NNI: done in 5.18031 secs using 381.2% CPU
Optimizing NNI: done in 5.51973 secs using 381.6% CPU
Optimizing NNI: done in 4.02453 secs using 376.2% CPU
Iteration 230 / LogL: -1911.681 / Time: 0h:31m:8s (0h:11m:25s left)
Optimizing NNI: done in 4.76867 secs using 377.7% CPU
Optimizing NNI: done in 5.67189 secs using 382.6% CPU
Optimizing NNI: done in 5.54392 secs using 372.5% CPU
Optimizing NNI: done in 5.25365 secs using 380.5% CPU
Optimizing NNI: done in 5.77867 secs using 382.1% CPU
Optimizing NNI: done in 5.9216 secs using 372.8% CPU
Optimizing NNI: done in 4.60104 secs using 378.7% CPU
Optimizing NNI: done in 5.59862 secs using 382% CPU
Optimizing NNI: done in 4.81361 secs using 380% CPU
Optimizing NNI: done in 5.10457 secs using 380.5% CPU
Iteration 240 / LogL: -1911.628 / Time: 0h:32m:1s (0h:9m:54s left)
Optimizing NNI: done in 4.84551 secs using 381.2% CPU
Optimizing NNI: done in 6.66455 secs using 376.8% CPU
Optimizing NNI: done in 4.98736 secs using 381.7% CPU
Optimizing NNI: done in 7.9063 secs using 373.7% CPU
Optimizing NNI: done in 5.37623 secs using 381.9% CPU
Optimizing NNI: done in 3.18606 secs using 383.7% CPU
Optimizing NNI: done in 7.57506 secs using 380.3% CPU
Optimizing NNI: done in 5.239 secs using 373.4% CPU
Optimizing NNI: done in 5.90662 secs using 381.6% CPU
Optimizing NNI: done in 4.85939 secs using 381% CPU
Iteration 250 / LogL: -1914.554 / Time: 0h:32m:58s (0h:8m:28s left)
Optimizing NNI: done in 5.4427 secs using 381.8% CPU
Optimizing NNI: done in 5.87206 secs using 374.6% CPU
Optimizing NNI: done in 5.36193 secs using 378.7% CPU
Optimizing NNI: done in 5.82647 secs using 374.9% CPU
Optimizing NNI: done in 3.73932 secs using 385.7% CPU
Optimizing NNI: done in 6.6899 secs using 379% CPU
BETTER TREE FOUND at iteration 256: -1911.621
Optimizing NNI: done in 4.10085 secs using 375.8% CPU
Optimizing NNI: done in 4.94979 secs using 380.2% CPU
Optimizing NNI: done in 4.62795 secs using 380.3% CPU
Optimizing NNI: done in 5.3969 secs using 381.3% CPU
Iteration 260 / LogL: -1911.627 / Time: 0h:33m:51s (0h:12m:32s left)
Optimizing NNI: done in 4.36182 secs using 376.9% CPU
Optimizing NNI: done in 2.87974 secs using 381.6% CPU
Optimizing NNI: done in 6.61246 secs using 376.6% CPU
Optimizing NNI: done in 4.80231 secs using 379.1% CPU
Optimizing NNI: done in 3.57148 secs using 385.3% CPU
Optimizing NNI: done in 7.81169 secs using 376% CPU
Optimizing NNI: done in 2.86829 secs using 380.6% CPU
Optimizing NNI: done in 5.70669 secs using 378.9% CPU
Optimizing NNI: done in 6.09355 secs using 376.8% CPU
Optimizing NNI: done in 5.62183 secs using 383.3% CPU
Iteration 270 / LogL: -1911.627 / Time: 0h:34m:41s (0h:11m:5s left)
Optimizing NNI: done in 4.92211 secs using 380.8% CPU
Optimizing NNI: done in 4.15149 secs using 377.2% CPU
Optimizing NNI: done in 5.43172 secs using 380.8% CPU
Optimizing NNI: done in 4.80225 secs using 380.3% CPU
Optimizing NNI: done in 6.53059 secs using 376.5% CPU
Optimizing NNI: done in 5.38636 secs using 382.6% CPU
Optimizing NNI: done in 5.97304 secs using 374.2% CPU
Optimizing NNI: done in 5.6703 secs using 383% CPU
Optimizing NNI: done in 5.34655 secs using 378.2% CPU
Optimizing NNI: done in 5.58028 secs using 374.3% CPU
Iteration 280 / LogL: -1911.628 / Time: 0h:35m:36s (0h:9m:41s left)
Optimizing NNI: done in 6.16201 secs using 384% CPU
Optimizing NNI: done in 6.43353 secs using 377.2% CPU
Optimizing NNI: done in 5.98453 secs using 372.3% CPU
Optimizing NNI: done in 5.91259 secs using 382.7% CPU
Optimizing NNI: done in 7.51161 secs using 378.9% CPU
Optimizing NNI: done in 8.68223 secs using 376.9% CPU
Optimizing NNI: done in 6.01188 secs using 383.6% CPU
Optimizing NNI: done in 4.69707 secs using 377.8% CPU
Optimizing NNI: done in 4.63967 secs using 379.5% CPU
Optimizing NNI: done in 5.17198 secs using 373.9% CPU
Iteration 290 / LogL: -1917.895 / Time: 0h:36m:37s (0h:8m:21s left)
Optimizing NNI: done in 5.26041 secs using 379.4% CPU
Optimizing NNI: done in 6.62849 secs using 377.3% CPU
Optimizing NNI: done in 6.49491 secs using 382% CPU
Optimizing NNI: done in 5.67234 secs using 374% CPU
Optimizing NNI: done in 5.45289 secs using 379.8% CPU
Optimizing NNI: done in 3.3548 secs using 386.6% CPU
Optimizing NNI: done in 7.50592 secs using 376.6% CPU
Optimizing NNI: done in 5.10672 secs using 378.5% CPU
Optimizing NNI: done in 6.01034 secs using 384% CPU
Optimizing NNI: done in 4.01753 secs using 373.5% CPU
Iteration 300 / LogL: -1911.753 / Time: 0h:37m:33s (0h:7m:2s left)
Optimizing NNI: done in 6.97589 secs using 380.3% CPU
Optimizing NNI: done in 5.13475 secs using 381.9% CPU
Optimizing NNI: done in 4.95764 secs using 381.8% CPU
Optimizing NNI: done in 5.47192 secs using 381.2% CPU
Optimizing NNI: done in 5.72081 secs using 373.8% CPU
Optimizing NNI: done in 6.75883 secs using 378.7% CPU
Optimizing NNI: done in 4.90022 secs using 377.6% CPU
Optimizing NNI: done in 5.49348 secs using 380.9% CPU
Optimizing NNI: done in 4.66313 secs using 379.1% CPU
Optimizing NNI: done in 6.08124 secs using 378% CPU
Iteration 310 / LogL: -1911.677 / Time: 0h:38m:30s (0h:5m:43s left)
Optimizing NNI: done in 5.99683 secs using 376.1% CPU
Optimizing NNI: done in 6.19218 secs using 376.1% CPU
Optimizing NNI: done in 5.60309 secs using 380.6% CPU
Optimizing NNI: done in 5.25244 secs using 380.9% CPU
Optimizing NNI: done in 6.69707 secs using 378.2% CPU
Optimizing NNI: done in 6.55619 secs using 376.6% CPU
Optimizing NNI: done in 3.62213 secs using 386.1% CPU
Optimizing NNI: done in 3.93647 secs using 373.6% CPU
Optimizing NNI: done in 5.08955 secs using 379.7% CPU
Optimizing NNI: done in 6.31312 secs using 376.6% CPU
Iteration 320 / LogL: -1911.623 / Time: 0h:39m:25s (0h:4m:27s left)
Optimizing NNI: done in 5.59979 secs using 383% CPU
Optimizing NNI: done in 5.36625 secs using 380.2% CPU
Optimizing NNI: done in 6.35793 secs using 375.5% CPU
Optimizing NNI: done in 4.01238 secs using 375.4% CPU
Optimizing NNI: done in 6.59785 secs using 380.4% CPU
Optimizing NNI: done in 2.8604 secs using 380.8% CPU
Optimizing NNI: done in 6.39498 secs using 383.4% CPU
Optimizing NNI: done in 5.54361 secs using 371.1% CPU
Optimizing NNI: done in 4.64503 secs using 378.1% CPU
Optimizing NNI: done in 5.71655 secs using 379.8% CPU
Iteration 330 / LogL: -1911.682 / Time: 0h:40m:19s (0h:3m:11s left)
Optimizing NNI: done in 4.94901 secs using 378.4% CPU
Optimizing NNI: done in 5.94446 secs using 377.3% CPU
Optimizing NNI: done in 5.56477 secs using 381.5% CPU
Optimizing NNI: done in 5.64691 secs using 381.8% CPU
Optimizing NNI: done in 3.85087 secs using 373.8% CPU
Optimizing NNI: done in 7.99105 secs using 380.8% CPU
Optimizing NNI: done in 4.97353 secs using 379.6% CPU
Optimizing NNI: done in 6.1531 secs using 377.3% CPU
Optimizing NNI: done in 6.84484 secs using 377.8% CPU
Optimizing NNI: done in 4.81887 secs using 378.3% CPU
Iteration 340 / LogL: -1911.628 / Time: 0h:41m:16s (0h:1m:56s left)
Optimizing NNI: done in 4.86969 secs using 378.5% CPU
Optimizing NNI: done in 5.14271 secs using 378.8% CPU
Optimizing NNI: done in 5.22809 secs using 380.9% CPU
Optimizing NNI: done in 6.04479 secs using 376.9% CPU
Optimizing NNI: done in 5.23552 secs using 381.2% CPU
Optimizing NNI: done in 3.69119 secs using 377.1% CPU
Optimizing NNI: done in 6.16647 secs using 382% CPU
Optimizing NNI: done in 6.3188 secs using 378.2% CPU
Optimizing NNI: done in 5.59726 secs using 382.9% CPU
Optimizing NNI: done in 5.55118 secs using 379.3% CPU
Iteration 350 / LogL: -1919.537 / Time: 0h:42m:10s (0h:0m:43s left)
Optimizing NNI: done in 3.67389 secs using 381.9% CPU
Optimizing NNI: done in 4.099 secs using 378.5% CPU
Optimizing NNI: done in 4.77295 secs using 380.7% CPU
Optimizing NNI: done in 7.99478 secs using 381.1% CPU
Optimizing NNI: done in 6.55785 secs using 375.6% CPU
Optimizing NNI: done in 5.25211 secs using 380.2% CPU
Optimizing NNI: done in 5.9849 secs using 375.8% CPU
TREE SEARCH COMPLETED AFTER 357 ITERATIONS / Time: 0h:42m:49s

--------------------------------------------------------------------
|                    FINALIZING TREE SEARCH                        |
--------------------------------------------------------------------
Performs final model parameters optimization
Estimate model parameters (epsilon = 0.010)
1. Initial log-likelihood: -1911.621
Optimal log-likelihood: -1911.621
Gamma shape alpha: 0.395
Parameters optimization took 1 rounds (0.488 sec)
BEST SCORE FOUND : -1911.621
Total tree length: 0.267

Total number of iterations: 357
CPU time used for tree search: 9692.960 sec (2h:41m:32s)
Wall-clock time used for tree search: 2562.770 sec (0h:42m:42s)
Total CPU time used: 9720.145 sec (2h:42m:0s)
Total wall-clock time used: 2570.085 sec (0h:42m:50s)

Analysis results written to: 
  IQ-TREE report:                CASQ2_WAG.iqtree
  Maximum-likelihood tree:       CASQ2_WAG.treefile
  Likelihood distances:          CASQ2_WAG.mldist
  Screen log file:               CASQ2_WAG.log

Date and Time: Fri Jan 26 05:13:24 2024
