IQ-TREE multicore version 2.2.0-beta COVID-edition for Linux 64-bit built Dec 21 2021 built Dec 21 2021
Developed by Bui Quang Minh, James Barbetti, Nguyen Lam Tung,
Olga Chernomor, Heiko Schmidt, Dominik Schrempf, Michael Woodhams, Ly Trong Nhan.

Host:    awarnach (SSE3, 15 GB RAM)
Command: iqtree -s translated/MYO7A_codon_aligned.translated.fasta -st AA -m WAG+G4 -pre MYO7A_WAG -nt 4
Seed:    271218 (Using SPRNG - Scalable Parallel Random Number Generator)
Time:    Sat Jan 27 10:28:18 2024
Kernel:  SSE2 - 4 threads (4 CPU cores detected)

Reading alignment file translated/MYO7A_codon_aligned.translated.fasta ... Fasta format detected
Reading fasta file: done in 0.00900877 secs using 75.94% CPU
Alignment most likely contains protein sequences
Constructing alignment: done in 0.0116654 secs using 151.7% CPU
Alignment has 84 sequences with 2177 columns, 934 distinct patterns
44 parsimony-informative, 152 singleton sites, 1981 constant sites
                    Gap/Ambiguity  Composition  p-value
Analyzing sequences: done in 0.000641223 secs using 99.5% CPU
   1  Bacu_MYO7A           33.30%    passed    100.00%
   2  Barn_MYO7A           65.59%    passed     99.95%
   3  Bbai76728_MYO7A      43.18%    passed    100.00%
   4  BbonAUS_MYO7A        44.10%    passed    100.00%
   5  Bbor_MYO7A           40.51%    passed    100.00%
   6  Bede66737_MYO7A      36.52%    passed    100.00%
   7  BedeAUS_MYO7A        39.73%    passed    100.00%
   8  Bmus_MYO7A            0.00%    passed     96.21%
   9  Bmys_MYO7A           36.06%    passed     99.80%
  10  Bphy_MYO7A           33.30%    passed    100.00%
  11  Bphy_baits_MYO7A     44.60%    passed     99.97%
  12  Ccom40_MYO7A         68.40%    passed     94.63%
  13  Chea7320_MYO7A       46.44%    passed    100.00%
  14  Cmar59905_MYO7A      42.77%    passed    100.00%
  15  Dcap108471_MYO7A     38.86%    passed    100.00%
  16  Dcap79929_MYO7A      36.66%    passed    100.00%
  17  DdelSJR_MYO7A        41.62%    passed     99.98%
  18  Ddeltrop4525_MYO7A   46.03%    passed    100.00%
  19  Dleu_MYO7A            0.00%    passed     96.58%
  20  EausAUS_MYO7A        55.08%    passed     99.94%
  21  Egla13086_MYO7A      40.93%    passed    100.00%
  22  Ejap43864_MYO7A      41.30%    passed    100.00%
  23  Erob133443_MYO7A     47.50%    passed     99.99%
  24  Fatt_MYO7A           45.02%    passed    100.00%
  25  Ggri_MYO7A           41.07%    passed    100.00%
  26  Gmac39091_MYO7A      38.45%    passed    100.00%
  27  Gmel_MYO7A            0.00%    passed     95.41%
  28  Hamp_MYO7A           39.50%    passed    100.00%
  29  Igeo_MYO7A           54.66%    passed     96.07%
  30  Kbre_MYO7A           41.34%    passed    100.00%
  31  Ksim_MYO7A           52.37%    passed     99.95%
  32  Lacu_MYO7A           50.16%    passed     99.93%
  33  Lalb_MYO7A           42.21%    passed    100.00%
  34  Laus_MYO7A           44.24%    passed    100.00%
  35  Lbor_MYO7A           60.63%    passed     99.97%
  36  Lhos30470_MYO7A      43.13%    passed    100.00%
  37  Lhos452_MYO7A        33.90%    passed    100.00%
  38  Lobl_MYO7A           36.24%    passed    100.00%
  39  Lobs_MYO7A           45.38%    passed    100.00%
  40  LperAUS_MYO7A        52.78%    passed     99.41%
  41  Lvex_MYO7A            0.00%    passed     95.87%
  42  Mbid_MYO7A           51.03%    passed    100.00%
  43  Mbow_MYO7A           44.60%    passed    100.00%
  44  Mcar_MYO7A           47.86%    passed     99.93%
  45  Mden_MYO7A           59.16%    passed     99.09%
  46  Meur_MYO7A           49.24%    passed     99.95%
  47  Mgin_MYO7A           46.21%    passed     99.21%
  48  Mhec_MYO7A           53.79%    passed     99.92%
  49  MlayAUS_MYO7A        54.85%    passed     99.92%
  50  Mmir_MYO7A           65.00%    passed     96.98%
  51  Mmon_MYO7A            0.00%    passed     96.41%
  52  Mper_MYO7A           48.23%    passed     99.96%
  53  Mpni_MYO7A           54.89%    passed     99.93%
  54  Mste_MYO7A           45.02%    passed     99.89%
  55  Naasi_MYO7A           0.00%    passed     89.41%
  56  Npho_MYO7A           35.32%    passed    100.00%
  57  Obre_MYO7A           41.20%    passed    100.00%
  58  Ohei_MYO7A           45.71%    passed    100.00%
  59  Oorc_MYO7A            0.00%    passed     95.83%
  60  Pbla7349_MYO7A       46.85%    passed    100.00%
  61  Pcra123188_MYO7A     44.24%    passed    100.00%
  62  Pdio_MYO7A           45.98%    passed    100.00%
  63  Pele_MYO7A           44.51%    passed    100.00%
  64  Pmac_MYO7A           61.51%    passed     98.02%
  65  Pcat_MYO7A           36.75%    passed     99.99%
  66  Ppho_MYO7A           44.46%    passed    100.00%
  67  Pspi_MYO7A           59.03%    passed     99.48%
  68  Psin_MYO7A            0.00%    passed     95.96%
  69  Satt18473_MYO7A      39.69%    passed    100.00%
  70  Satt38219_MYO7A      60.91%    passed     98.84%
  71  Sbre116871_MYO7A     41.71%    passed    100.00%
  72  Sbre18437_MYO7A      49.29%    passed    100.00%
  73  Schi_MYO7A           43.18%    passed    100.00%
  74  Scly1726_MYO7A       41.11%    passed    100.00%
  75  Scoe_MYO7A           39.46%    passed    100.00%
  76  Sflu9837_MYO7A       41.48%    passed    100.00%
  77  Sfro7782_MYO7A       47.54%    passed    100.00%
  78  Sfro7784_MYO7A       47.08%    passed     99.93%
  79  Slon16012_MYO7A      50.34%    passed     99.99%
  80  Slon24923_MYO7A      35.65%    passed    100.00%
  81  Tadu79924_MYO7A      51.63%    passed     98.40%
  82  Tshe_MYO7A           45.84%    passed    100.00%
  83  Ttru_MYO7A           38.59%    passed     99.99%
  84  Zcav_MYO7A           55.21%    passed     99.90%
WARNING: 20 sequences contain more than 50% gaps/ambiguity
****  TOTAL                41.64%  0 sequences failed composition chi2 test (p-value<5%; df=19)
Checking for duplicate sequences: done in 0.00148218 secs using 692.8% CPU

Create initial parsimony tree by phylogenetic likelihood library (PLL)... 0.003 seconds

NOTE: 49 MB RAM (0 GB) is required!
Estimate model parameters (epsilon = 0.100)
1. Initial log-likelihood: -10636.680
2. Current log-likelihood: -10238.666
3. Current log-likelihood: -10207.391
4. Current log-likelihood: -10196.718
5. Current log-likelihood: -10193.475
6. Current log-likelihood: -10192.572
7. Current log-likelihood: -10192.349
Optimal log-likelihood: -10192.237
Gamma shape alpha: 0.120
Parameters optimization took 7 rounds (21.767 sec)
Wrote distance file to... 
Computing ML distances based on estimated model parameters...
Calculating distance matrix: done in 1.63949 secs using 399% CPU
Computing ML distances took 1.640802 sec (of wall-clock time) 6.542290 sec (of CPU time)
Setting up auxiliary I and S matrices: done in 0.00319739 secs using 257.4% CPU
Constructing RapidNJ tree: done in 0.251292 secs using 75.55% CPU
Computing RapidNJ tree took 0.254765 sec (of wall-clock time) 0.198298 sec (of CPU time)
Log-likelihood of RapidNJ tree: -8508.104
--------------------------------------------------------------------
|             INITIALIZING CANDIDATE TREE SET                      |
--------------------------------------------------------------------
Generating 98 parsimony trees... 0.521 second
Computing log-likelihood of 98 initial trees ... 55.847 seconds
Current best score: -8508.104

Do NNI search on 20 best initial trees
Optimizing NNI: done in 24.9345 secs using 376.5% CPU
Estimate model parameters (epsilon = 0.100)
BETTER TREE FOUND at iteration 1: -8426.446
Optimizing NNI: done in 110.436 secs using 376.5% CPU
Optimizing NNI: done in 92.3626 secs using 376.6% CPU
Optimizing NNI: done in 97.9282 secs using 376.1% CPU
Optimizing NNI: done in 105.05 secs using 376.7% CPU
Optimizing NNI: done in 105.281 secs using 376% CPU
Optimizing NNI: done in 87.8856 secs using 375.2% CPU
Optimizing NNI: done in 81.0441 secs using 376.1% CPU
Optimizing NNI: done in 122.849 secs using 375.9% CPU
Optimizing NNI: done in 83.7383 secs using 376% CPU
Iteration 10 / LogL: -8729.314 / Time: 0h:16m:57s
Optimizing NNI: done in 112.62 secs using 376.9% CPU
Optimizing NNI: done in 94.4167 secs using 376.4% CPU
Optimizing NNI: done in 96.0715 secs using 376.9% CPU
Optimizing NNI: done in 97.473 secs using 376.1% CPU
Optimizing NNI: done in 105.562 secs using 376.6% CPU
Optimizing NNI: done in 70.1116 secs using 376.6% CPU
Optimizing NNI: done in 107.954 secs using 376.5% CPU
Optimizing NNI: done in 105.396 secs using 376.5% CPU
Optimizing NNI: done in 104.789 secs using 376.4% CPU
Optimizing NNI: done in 113.604 secs using 376.6% CPU
Iteration 20 / LogL: -8541.374 / Time: 0h:33m:47s
Finish initializing candidate tree set (20)
Current best tree score: -8426.446 / CPU time: 1983.000
Number of iterations: 20
--------------------------------------------------------------------
|               OPTIMIZING CANDIDATE TREE SET                      |
--------------------------------------------------------------------
Optimizing NNI: done in 23.1522 secs using 376% CPU
Optimizing NNI: done in 25.6998 secs using 375.9% CPU
Optimizing NNI: done in 17.0725 secs using 377% CPU
Optimizing NNI: done in 15.3007 secs using 378.4% CPU
Optimizing NNI: done in 13.0245 secs using 375.9% CPU
Optimizing NNI: done in 10.3502 secs using 378.3% CPU
Optimizing NNI: done in 21.065 secs using 376.4% CPU
Optimizing NNI: done in 18.7354 secs using 376.3% CPU
Estimate model parameters (epsilon = 0.100)
BETTER TREE FOUND at iteration 28: -8423.776
Optimizing NNI: done in 15.707 secs using 374.3% CPU
Estimate model parameters (epsilon = 0.100)
BETTER TREE FOUND at iteration 29: -8421.443
Optimizing NNI: done in 12.4705 secs using 375.7% CPU
Iteration 30 / LogL: -8450.733 / Time: 0h:36m:45s (2h:5m:30s left)
Optimizing NNI: done in 14.6599 secs using 376.6% CPU
Optimizing NNI: done in 18.724 secs using 376.1% CPU
Optimizing NNI: done in 11.6584 secs using 375.8% CPU
Optimizing NNI: done in 15.4341 secs using 376.7% CPU
BETTER TREE FOUND at iteration 34: -8421.438
Optimizing NNI: done in 18.8928 secs using 376% CPU
Estimate model parameters (epsilon = 0.100)
BETTER TREE FOUND at iteration 35: -8419.944
Optimizing NNI: done in 17.6288 secs using 375.1% CPU
Optimizing NNI: done in 17.1667 secs using 377.6% CPU
Optimizing NNI: done in 13.3956 secs using 375.6% CPU
Optimizing NNI: done in 12.9532 secs using 379.1% CPU
Optimizing NNI: done in 16.1502 secs using 376% CPU
Iteration 40 / LogL: -8421.440 / Time: 0h:39m:26s (1h:36m:5s left)
Optimizing NNI: done in 18.4088 secs using 376.2% CPU
Optimizing NNI: done in 13.7607 secs using 378.7% CPU
Optimizing NNI: done in 12.0675 secs using 377.1% CPU
Estimate model parameters (epsilon = 0.100)
BETTER TREE FOUND at iteration 43: -8419.779
Optimizing NNI: done in 24.3858 secs using 376.2% CPU
Optimizing NNI: done in 17.113 secs using 373.4% CPU
Optimizing NNI: done in 12.7753 secs using 377.4% CPU
Optimizing NNI: done in 14.076 secs using 375.9% CPU
Optimizing NNI: done in 10.9448 secs using 379.4% CPU
Optimizing NNI: done in 13.5216 secs using 377.5% CPU
Optimizing NNI: done in 12.4166 secs using 377.4% CPU
Iteration 50 / LogL: -8420.009 / Time: 0h:41m:59s (1h:19m:41s left)
Optimizing NNI: done in 13.3497 secs using 374.8% CPU
Optimizing NNI: done in 11.7125 secs using 376.2% CPU
Optimizing NNI: done in 12.9807 secs using 379.4% CPU
Optimizing NNI: done in 15.5027 secs using 375.6% CPU
Optimizing NNI: done in 18.2922 secs using 376.2% CPU
Optimizing NNI: done in 8.24871 secs using 377.1% CPU
Optimizing NNI: done in 15.6133 secs using 375.8% CPU
Optimizing NNI: done in 13.6719 secs using 379.7% CPU
Optimizing NNI: done in 11.4728 secs using 376.7% CPU
Optimizing NNI: done in 13.1932 secs using 374.6% CPU
Iteration 60 / LogL: -8419.780 / Time: 0h:44m:14s (1h:2m:14s left)
Optimizing NNI: done in 17.4203 secs using 378% CPU
Optimizing NNI: done in 12.4281 secs using 378.2% CPU
Optimizing NNI: done in 13.0794 secs using 374.4% CPU
Optimizing NNI: done in 11.5379 secs using 376.8% CPU
Optimizing NNI: done in 24.3032 secs using 377.2% CPU
Optimizing NNI: done in 14.1144 secs using 375.4% CPU
Optimizing NNI: done in 17.02 secs using 375.8% CPU
Optimizing NNI: done in 14.6361 secs using 376.9% CPU
Optimizing NNI: done in 13.8537 secs using 376.5% CPU
Optimizing NNI: done in 22.6239 secs using 376.5% CPU
Iteration 70 / LogL: -8423.652 / Time: 0h:46m:57s (0h:49m:40s left)
Optimizing NNI: done in 18.5063 secs using 377.6% CPU
Estimate model parameters (epsilon = 0.100)
BETTER TREE FOUND at iteration 71: -8416.679
Optimizing NNI: done in 14.9087 secs using 378.2% CPU
Optimizing NNI: done in 13.2735 secs using 379.4% CPU
Optimizing NNI: done in 17.0399 secs using 374% CPU
Optimizing NNI: done in 10.1813 secs using 377.7% CPU
Optimizing NNI: done in 15.2227 secs using 377.7% CPU
Optimizing NNI: done in 17.4113 secs using 375.3% CPU
Optimizing NNI: done in 12.7935 secs using 377.8% CPU
Optimizing NNI: done in 20.9586 secs using 376.4% CPU
Optimizing NNI: done in 14.6229 secs using 376.6% CPU
Iteration 80 / LogL: -8416.909 / Time: 0h:49m:36s (0h:57m:8s left)
Optimizing NNI: done in 18.163 secs using 377.9% CPU
Optimizing NNI: done in 14.0614 secs using 379.1% CPU
Optimizing NNI: done in 14.6597 secs using 376.3% CPU
Optimizing NNI: done in 17.3792 secs using 376.9% CPU
Optimizing NNI: done in 11.7943 secs using 377.3% CPU
Optimizing NNI: done in 11.7778 secs using 376.6% CPU
Optimizing NNI: done in 11.8384 secs using 375.9% CPU
Optimizing NNI: done in 19.0596 secs using 376.6% CPU
Optimizing NNI: done in 8.02359 secs using 378.1% CPU
Optimizing NNI: done in 18.7773 secs using 375.9% CPU
Iteration 90 / LogL: -8419.138 / Time: 0h:52m:3s (0h:47m:22s left)
Optimizing NNI: done in 14.2067 secs using 376.6% CPU
Optimizing NNI: done in 16.5605 secs using 376.9% CPU
Optimizing NNI: done in 19.6481 secs using 376.2% CPU
Estimate model parameters (epsilon = 0.100)
BETTER TREE FOUND at iteration 93: -8411.133
Optimizing NNI: done in 14.9007 secs using 376.8% CPU
Optimizing NNI: done in 13.6254 secs using 375.6% CPU
Optimizing NNI: done in 8.99278 secs using 380.4% CPU
Optimizing NNI: done in 13.4214 secs using 374.5% CPU
Optimizing NNI: done in 14.8208 secs using 377.5% CPU
Optimizing NNI: done in 14.8448 secs using 375.8% CPU
Optimizing NNI: done in 12.4709 secs using 378% CPU
Iteration 100 / LogL: -8419.355 / Time: 0h:54m:31s (0h:51m:13s left)
Optimizing NNI: done in 11.8818 secs using 376.6% CPU
Optimizing NNI: done in 15.887 secs using 375.8% CPU
Optimizing NNI: done in 19.2068 secs using 376% CPU
Optimizing NNI: done in 11.2776 secs using 379.8% CPU
Optimizing NNI: done in 16.5623 secs using 376.4% CPU
Optimizing NNI: done in 13.0516 secs using 374.8% CPU
Optimizing NNI: done in 16.6995 secs using 377.3% CPU
Optimizing NNI: done in 15.4196 secs using 377.9% CPU
Optimizing NNI: done in 12.4395 secs using 374.4% CPU
Optimizing NNI: done in 15.0988 secs using 375.1% CPU
BETTER TREE FOUND at iteration 110: -8411.132
Iteration 110 / LogL: -8411.132 / Time: 0h:57m:0s (0h:52m:18s left)
Optimizing NNI: done in 13.358 secs using 379.3% CPU
BETTER TREE FOUND at iteration 111: -8411.132
Optimizing NNI: done in 18.47 secs using 377.8% CPU
BETTER TREE FOUND at iteration 112: -8411.129
Optimizing NNI: done in 11.4443 secs using 375.5% CPU
Optimizing NNI: done in 11.6492 secs using 374.5% CPU
Optimizing NNI: done in 14.5127 secs using 375.7% CPU
Optimizing NNI: done in 13.8035 secs using 375.9% CPU
Optimizing NNI: done in 9.0916 secs using 375.4% CPU
Optimizing NNI: done in 16.1509 secs using 379.1% CPU
Optimizing NNI: done in 13.4576 secs using 378.4% CPU
Optimizing NNI: done in 21.3181 secs using 375.1% CPU
Iteration 120 / LogL: -8418.449 / Time: 0h:59m:25s (0h:45m:56s left)
Optimizing NNI: done in 9.13949 secs using 372.5% CPU
Optimizing NNI: done in 20.4463 secs using 376.8% CPU
Optimizing NNI: done in 12.5785 secs using 376.3% CPU
Optimizing NNI: done in 11.3717 secs using 376.3% CPU
Optimizing NNI: done in 13.8864 secs using 377.4% CPU
Optimizing NNI: done in 12.0153 secs using 375.1% CPU
Optimizing NNI: done in 12.7544 secs using 375.8% CPU
Optimizing NNI: done in 15.0268 secs using 377.1% CPU
Optimizing NNI: done in 18.9133 secs using 376.5% CPU
Optimizing NNI: done in 10.9363 secs using 374.1% CPU
Iteration 130 / LogL: -8411.133 / Time: 1h:1m:43s (0h:39m:14s left)
Optimizing NNI: done in 22.3829 secs using 376.7% CPU
Optimizing NNI: done in 16.2527 secs using 375.7% CPU
Optimizing NNI: done in 13.5222 secs using 376% CPU
Optimizing NNI: done in 12.4427 secs using 378% CPU
Optimizing NNI: done in 18.1084 secs using 375.7% CPU
Optimizing NNI: done in 10.8238 secs using 378.5% CPU
Optimizing NNI: done in 14.4909 secs using 376.3% CPU
Optimizing NNI: done in 17.5224 secs using 374.4% CPU
Optimizing NNI: done in 14.5072 secs using 377.1% CPU
Optimizing NNI: done in 17.908 secs using 376.1% CPU
Iteration 140 / LogL: -8411.135 / Time: 1h:4m:22s (0h:33m:20s left)
Optimizing NNI: done in 17.9814 secs using 374% CPU
Optimizing NNI: done in 15.6213 secs using 378.7% CPU
Optimizing NNI: done in 11.9685 secs using 374.4% CPU
Optimizing NNI: done in 10.5192 secs using 371.3% CPU
Optimizing NNI: done in 22.5469 secs using 376.4% CPU
Optimizing NNI: done in 13.6673 secs using 373.2% CPU
Optimizing NNI: done in 11.697 secs using 376% CPU
Optimizing NNI: done in 15.6492 secs using 377.4% CPU
BETTER TREE FOUND at iteration 148: -8411.127
Optimizing NNI: done in 16.6445 secs using 377% CPU
Optimizing NNI: done in 15.1461 secs using 375.2% CPU
Iteration 150 / LogL: -8411.163 / Time: 1h:6m:55s (0h:44m:1s left)
Optimizing NNI: done in 13.0675 secs using 377.1% CPU
Optimizing NNI: done in 15.509 secs using 375.7% CPU
Optimizing NNI: done in 11.8946 secs using 376% CPU
Optimizing NNI: done in 12.1497 secs using 376.2% CPU
BETTER TREE FOUND at iteration 154: -8411.126
Optimizing NNI: done in 14.19 secs using 376.6% CPU
Optimizing NNI: done in 15.9606 secs using 374.3% CPU
Optimizing NNI: done in 17.4709 secs using 377.7% CPU
Optimizing NNI: done in 14.9526 secs using 377.6% CPU
Optimizing NNI: done in 21.3896 secs using 377.1% CPU
Estimate model parameters (epsilon = 0.100)
BETTER TREE FOUND at iteration 159: -8410.788
Optimizing NNI: done in 18.2596 secs using 376.7% CPU
Iteration 160 / LogL: -8415.325 / Time: 1h:9m:33s (0h:43m:18s left)
Optimizing NNI: done in 14.0626 secs using 377.5% CPU
Optimizing NNI: done in 14.4041 secs using 375.8% CPU
Optimizing NNI: done in 13.4832 secs using 379.6% CPU
Optimizing NNI: done in 9.10007 secs using 375.7% CPU
Optimizing NNI: done in 12.2299 secs using 376.1% CPU
Optimizing NNI: done in 12.16 secs using 373.4% CPU
Optimizing NNI: done in 18.8365 secs using 376.1% CPU
Optimizing NNI: done in 14.6217 secs using 374.7% CPU
Optimizing NNI: done in 17.3729 secs using 374.6% CPU
Optimizing NNI: done in 13.5991 secs using 377.9% CPU
Iteration 170 / LogL: -8412.598 / Time: 1h:11m:54s (0h:37m:52s left)
Optimizing NNI: done in 17.8923 secs using 375.6% CPU
Optimizing NNI: done in 11.7672 secs using 375.2% CPU
Optimizing NNI: done in 19.9536 secs using 376.1% CPU
Optimizing NNI: done in 16.2508 secs using 375.4% CPU
Optimizing NNI: done in 20.335 secs using 375.4% CPU
Optimizing NNI: done in 12.4188 secs using 374.7% CPU
Optimizing NNI: done in 14.0337 secs using 375.1% CPU
Optimizing NNI: done in 15.8734 secs using 376.9% CPU
Optimizing NNI: done in 14.1459 secs using 377.7% CPU
Optimizing NNI: done in 11.3999 secs using 377% CPU
Iteration 180 / LogL: -8411.030 / Time: 1h:14m:30s (0h:32m:52s left)
Optimizing NNI: done in 18.3301 secs using 373.6% CPU
Optimizing NNI: done in 10.1836 secs using 378.8% CPU
Optimizing NNI: done in 12.0953 secs using 376% CPU
Optimizing NNI: done in 16.5218 secs using 376.9% CPU
Optimizing NNI: done in 14.3854 secs using 374.8% CPU
Optimizing NNI: done in 16.2104 secs using 375.6% CPU
Optimizing NNI: done in 14.5686 secs using 375.2% CPU
Optimizing NNI: done in 11.6718 secs using 373.3% CPU
Optimizing NNI: done in 14.6148 secs using 375.7% CPU
Optimizing NNI: done in 17.155 secs using 375.9% CPU
Iteration 190 / LogL: -8413.300 / Time: 1h:16m:57s (0h:28m:5s left)
Optimizing NNI: done in 15.323 secs using 375.1% CPU
Optimizing NNI: done in 14.422 secs using 377.4% CPU
Optimizing NNI: done in 14.3879 secs using 376% CPU
Optimizing NNI: done in 16.0989 secs using 375.4% CPU
Optimizing NNI: done in 8.36323 secs using 376.6% CPU
Optimizing NNI: done in 15.6826 secs using 375.8% CPU
Optimizing NNI: done in 15.7366 secs using 378.4% CPU
Optimizing NNI: done in 17.281 secs using 374.4% CPU
Optimizing NNI: done in 15.4674 secs using 377% CPU
Optimizing NNI: done in 11.7312 secs using 376.5% CPU
Iteration 200 / LogL: -8410.797 / Time: 1h:19m:22s (0h:23m:32s left)
Optimizing NNI: done in 12.8312 secs using 378.4% CPU
Optimizing NNI: done in 15.1389 secs using 375.3% CPU
Optimizing NNI: done in 20.9814 secs using 375.4% CPU
Optimizing NNI: done in 38.4185 secs using 375.5% CPU
Optimizing NNI: done in 13.1029 secs using 376.6% CPU
Optimizing NNI: done in 11.4369 secs using 375.5% CPU
Optimizing NNI: done in 12.5189 secs using 376.1% CPU
Optimizing NNI: done in 12.0323 secs using 376% CPU
BETTER TREE FOUND at iteration 208: -8410.787
Optimizing NNI: done in 15.2001 secs using 374.1% CPU
Optimizing NNI: done in 14.5973 secs using 376.1% CPU
Iteration 210 / LogL: -8411.024 / Time: 1h:22m:10s (0h:38m:31s left)
Optimizing NNI: done in 14.8081 secs using 376.9% CPU
Optimizing NNI: done in 15.6932 secs using 374.6% CPU
Optimizing NNI: done in 13.3512 secs using 377.1% CPU
Optimizing NNI: done in 12.524 secs using 375.5% CPU
Optimizing NNI: done in 17.3284 secs using 374% CPU
Optimizing NNI: done in 15.0739 secs using 376% CPU
Optimizing NNI: done in 21.2192 secs using 375.9% CPU
Optimizing NNI: done in 14.7349 secs using 376% CPU
Optimizing NNI: done in 19.6087 secs using 377.2% CPU
Optimizing NNI: done in 15.3342 secs using 375.2% CPU
Iteration 220 / LogL: -8411.020 / Time: 1h:24m:51s (0h:34m:5s left)
Optimizing NNI: done in 17.4325 secs using 377% CPU
Optimizing NNI: done in 16.2147 secs using 375.5% CPU
Optimizing NNI: done in 14.1518 secs using 375.9% CPU
Optimizing NNI: done in 7.34566 secs using 377.6% CPU
Optimizing NNI: done in 21.6049 secs using 376.7% CPU
Optimizing NNI: done in 15.2417 secs using 374.9% CPU
Optimizing NNI: done in 20.0201 secs using 376.7% CPU
Optimizing NNI: done in 15.7909 secs using 375.9% CPU
Optimizing NNI: done in 14.3799 secs using 376.5% CPU
Optimizing NNI: done in 13.2891 secs using 378.7% CPU
Iteration 230 / LogL: -8412.581 / Time: 1h:27m:28s (0h:29m:47s left)
Optimizing NNI: done in 16.3136 secs using 376% CPU
Optimizing NNI: done in 23.0595 secs using 374.3% CPU
Optimizing NNI: done in 13.5153 secs using 378.4% CPU
Optimizing NNI: done in 15.9361 secs using 374.6% CPU
Optimizing NNI: done in 11.6247 secs using 375.2% CPU
Optimizing NNI: done in 15.2732 secs using 377.7% CPU
Optimizing NNI: done in 17.8711 secs using 375.1% CPU
Optimizing NNI: done in 16.2544 secs using 375.2% CPU
Optimizing NNI: done in 15.2222 secs using 377.1% CPU
Optimizing NNI: done in 13.1146 secs using 374.3% CPU
Iteration 240 / LogL: -8410.792 / Time: 1h:30m:7s (0h:25m:38s left)
Optimizing NNI: done in 15.0773 secs using 377.3% CPU
Optimizing NNI: done in 18.0799 secs using 375% CPU
Optimizing NNI: done in 13.9118 secs using 377.6% CPU
Optimizing NNI: done in 15.2414 secs using 376.9% CPU
Optimizing NNI: done in 14.1173 secs using 374.1% CPU
Optimizing NNI: done in 12.7683 secs using 378.2% CPU
Optimizing NNI: done in 12.3247 secs using 375.1% CPU
Optimizing NNI: done in 13.3744 secs using 373.3% CPU
Optimizing NNI: done in 12.6178 secs using 378.4% CPU
Optimizing NNI: done in 12.3473 secs using 376.7% CPU
Iteration 250 / LogL: -8411.132 / Time: 1h:32m:28s (0h:21m:32s left)
Optimizing NNI: done in 16.6442 secs using 376.4% CPU
Optimizing NNI: done in 20.068 secs using 374.6% CPU
Optimizing NNI: done in 16.9033 secs using 374.4% CPU
Optimizing NNI: done in 19.578 secs using 377.6% CPU
Optimizing NNI: done in 16.7422 secs using 377.5% CPU
Optimizing NNI: done in 21.7137 secs using 377.1% CPU
Optimizing NNI: done in 24.9704 secs using 375.3% CPU
Optimizing NNI: done in 15.5915 secs using 378% CPU
Optimizing NNI: done in 14.0207 secs using 376% CPU
Optimizing NNI: done in 13.6607 secs using 376% CPU
Iteration 260 / LogL: -8410.794 / Time: 1h:35m:29s (0h:17m:41s left)
Optimizing NNI: done in 17.7084 secs using 377.8% CPU
Optimizing NNI: done in 16.6661 secs using 376.4% CPU
Optimizing NNI: done in 16.6667 secs using 376% CPU
Optimizing NNI: done in 18.0982 secs using 375.5% CPU
Optimizing NNI: done in 12.527 secs using 376.9% CPU
Optimizing NNI: done in 10.9443 secs using 372.7% CPU
Optimizing NNI: done in 14.6266 secs using 376.8% CPU
Optimizing NNI: done in 12.8024 secs using 377.5% CPU
Optimizing NNI: done in 14.4754 secs using 377.3% CPU
Optimizing NNI: done in 15.1408 secs using 374.7% CPU
Iteration 270 / LogL: -8410.791 / Time: 1h:38m:0s (0h:13m:50s left)
Optimizing NNI: done in 16.227 secs using 374.8% CPU
Optimizing NNI: done in 12.9073 secs using 376.8% CPU
Optimizing NNI: done in 18.398 secs using 374.9% CPU
Optimizing NNI: done in 16.1935 secs using 374.7% CPU
Optimizing NNI: done in 13.6183 secs using 378.9% CPU
Optimizing NNI: done in 14.4677 secs using 375% CPU
Optimizing NNI: done in 16.2479 secs using 376.8% CPU
Optimizing NNI: done in 16.3534 secs using 375.3% CPU
Optimizing NNI: done in 13.1033 secs using 374.4% CPU
Optimizing NNI: done in 19.9482 secs using 376.5% CPU
Iteration 280 / LogL: -8423.963 / Time: 1h:40m:39s (0h:10m:6s left)
Optimizing NNI: done in 14.9971 secs using 374.7% CPU
Optimizing NNI: done in 16.4853 secs using 374.7% CPU
Optimizing NNI: done in 14.3689 secs using 375.9% CPU
Optimizing NNI: done in 10.3866 secs using 374.5% CPU
Optimizing NNI: done in 13.9954 secs using 376.6% CPU
Optimizing NNI: done in 14.757 secs using 376.3% CPU
Optimizing NNI: done in 16.3988 secs using 375.2% CPU
Optimizing NNI: done in 14.2716 secs using 376.1% CPU
Optimizing NNI: done in 12.9108 secs using 376% CPU
Optimizing NNI: done in 14.9567 secs using 377.9% CPU
Iteration 290 / LogL: -8411.024 / Time: 1h:43m:4s (0h:6m:25s left)
Optimizing NNI: done in 11.797 secs using 378.2% CPU
Optimizing NNI: done in 14.3258 secs using 376.2% CPU
Optimizing NNI: done in 12.2153 secs using 375.9% CPU
Optimizing NNI: done in 11.603 secs using 380.1% CPU
Optimizing NNI: done in 25.5526 secs using 376.7% CPU
Optimizing NNI: done in 14.3819 secs using 375.6% CPU
Optimizing NNI: done in 15.8945 secs using 374.9% CPU
Optimizing NNI: done in 21.8031 secs using 376.8% CPU
Optimizing NNI: done in 11.6458 secs using 376.9% CPU
Optimizing NNI: done in 13.1916 secs using 379% CPU
Iteration 300 / LogL: -8410.789 / Time: 1h:45m:38s (0h:2m:49s left)
Optimizing NNI: done in 10.7785 secs using 373.6% CPU
Optimizing NNI: done in 16.6259 secs using 376.3% CPU
Optimizing NNI: done in 16.6039 secs using 377% CPU
Optimizing NNI: done in 15.7674 secs using 377.7% CPU
Optimizing NNI: done in 10.5383 secs using 376.8% CPU
BETTER TREE FOUND at iteration 305: -8410.785
Optimizing NNI: done in 15.2584 secs using 377.4% CPU
Optimizing NNI: done in 18.0198 secs using 375.3% CPU
Optimizing NNI: done in 12.8616 secs using 378.7% CPU
Optimizing NNI: done in 14.4613 secs using 375% CPU
Optimizing NNI: done in 18.0045 secs using 376.4% CPU
Iteration 310 / LogL: -8419.008 / Time: 1h:48m:8s (0h:33m:14s left)
Optimizing NNI: done in 11.4867 secs using 376.2% CPU
Optimizing NNI: done in 17.4954 secs using 377.8% CPU
Optimizing NNI: done in 21.9694 secs using 376.8% CPU
Optimizing NNI: done in 15.7087 secs using 375.4% CPU
Optimizing NNI: done in 15.9084 secs using 375% CPU
BETTER TREE FOUND at iteration 315: -8410.784
Optimizing NNI: done in 19.155 secs using 375.9% CPU
Optimizing NNI: done in 19.7013 secs using 376.3% CPU
Optimizing NNI: done in 12.7202 secs using 376.6% CPU
Optimizing NNI: done in 20.6645 secs using 376% CPU
Optimizing NNI: done in 11.9111 secs using 375.3% CPU
Iteration 320 / LogL: -8411.023 / Time: 1h:50m:56s (0h:33m:2s left)
Optimizing NNI: done in 16.1623 secs using 375% CPU
Optimizing NNI: done in 12.4143 secs using 376.5% CPU
Optimizing NNI: done in 14.5998 secs using 376.5% CPU
Optimizing NNI: done in 15.1866 secs using 376.1% CPU
Optimizing NNI: done in 13.4194 secs using 379% CPU
Optimizing NNI: done in 24.2429 secs using 377.3% CPU
Optimizing NNI: done in 12.5577 secs using 373.3% CPU
Optimizing NNI: done in 12.1937 secs using 376.6% CPU
Optimizing NNI: done in 12.5181 secs using 376.8% CPU
Optimizing NNI: done in 15.1128 secs using 377% CPU
Iteration 330 / LogL: -8410.793 / Time: 1h:53m:26s (0h:29m:18s left)
Optimizing NNI: done in 17.6425 secs using 375.6% CPU
Optimizing NNI: done in 21.8187 secs using 377.4% CPU
Optimizing NNI: done in 13.6562 secs using 375.3% CPU
Optimizing NNI: done in 18.9215 secs using 376.2% CPU
Optimizing NNI: done in 12.8869 secs using 378.1% CPU
Optimizing NNI: done in 14.3877 secs using 376% CPU
Optimizing NNI: done in 12.2952 secs using 377.7% CPU
Optimizing NNI: done in 17.4921 secs using 374.6% CPU
Optimizing NNI: done in 11.5038 secs using 380.5% CPU
Optimizing NNI: done in 9.2749 secs using 376.1% CPU
Iteration 340 / LogL: -8410.792 / Time: 1h:55m:57s (0h:25m:39s left)
Optimizing NNI: done in 19.7915 secs using 374.8% CPU
Optimizing NNI: done in 12.2702 secs using 376.3% CPU
Optimizing NNI: done in 18.107 secs using 377.8% CPU
Optimizing NNI: done in 15.3873 secs using 376.7% CPU
Optimizing NNI: done in 14.1568 secs using 376% CPU
Optimizing NNI: done in 11.9791 secs using 377% CPU
Optimizing NNI: done in 16.8134 secs using 376.2% CPU
Optimizing NNI: done in 16.0733 secs using 375.2% CPU
Optimizing NNI: done in 13.1039 secs using 378.2% CPU
Optimizing NNI: done in 16.5279 secs using 375.6% CPU
Iteration 350 / LogL: -8414.682 / Time: 1h:58m:32s (0h:22m:4s left)
Optimizing NNI: done in 17.2589 secs using 376.9% CPU
Optimizing NNI: done in 15.7384 secs using 374.4% CPU
Optimizing NNI: done in 14.1373 secs using 377% CPU
Optimizing NNI: done in 19.8186 secs using 377.8% CPU
Optimizing NNI: done in 13.1283 secs using 375% CPU
Optimizing NNI: done in 11.5428 secs using 376.6% CPU
Optimizing NNI: done in 14.153 secs using 376.2% CPU
Optimizing NNI: done in 15.784 secs using 378.6% CPU
Optimizing NNI: done in 11.1532 secs using 375% CPU
Optimizing NNI: done in 14.031 secs using 373.4% CPU
Iteration 360 / LogL: -8414.982 / Time: 2h:1m:0s (0h:18m:32s left)
Optimizing NNI: done in 13.3913 secs using 376.9% CPU
Optimizing NNI: done in 11.1907 secs using 378.8% CPU
Optimizing NNI: done in 15.2303 secs using 374.4% CPU
Optimizing NNI: done in 10.3437 secs using 377.8% CPU
Optimizing NNI: done in 10.4511 secs using 377.6% CPU
Optimizing NNI: done in 15.7691 secs using 374.3% CPU
Optimizing NNI: done in 14.4164 secs using 377.4% CPU
Optimizing NNI: done in 14.398 secs using 376.1% CPU
Optimizing NNI: done in 20.1615 secs using 374.9% CPU
Optimizing NNI: done in 14.5013 secs using 376.5% CPU
Iteration 370 / LogL: -8411.020 / Time: 2h:3m:21s (0h:15m:2s left)
Optimizing NNI: done in 15.2888 secs using 377.2% CPU
Optimizing NNI: done in 13.7064 secs using 376.7% CPU
Optimizing NNI: done in 16.8654 secs using 376.1% CPU
Optimizing NNI: done in 17.7242 secs using 378.1% CPU
Optimizing NNI: done in 12.3781 secs using 373.1% CPU
Optimizing NNI: done in 17.1129 secs using 376.3% CPU
Optimizing NNI: done in 15.9228 secs using 378.6% CPU
Optimizing NNI: done in 12.4045 secs using 376.9% CPU
Optimizing NNI: done in 14.9709 secs using 378.3% CPU
Optimizing NNI: done in 14.224 secs using 376.7% CPU
Iteration 380 / LogL: -8414.670 / Time: 2h:5m:53s (0h:11m:37s left)
Optimizing NNI: done in 21.5739 secs using 375.9% CPU
Optimizing NNI: done in 18.5156 secs using 375.6% CPU
BETTER TREE FOUND at iteration 382: -8410.783
Optimizing NNI: done in 17.226 secs using 375.8% CPU
Optimizing NNI: done in 20.6868 secs using 376% CPU
Optimizing NNI: done in 11.5915 secs using 376.2% CPU
Optimizing NNI: done in 9.00587 secs using 380.8% CPU
Optimizing NNI: done in 26.7007 secs using 374.6% CPU
Optimizing NNI: done in 14.5074 secs using 376.1% CPU
Optimizing NNI: done in 15.4692 secs using 376.1% CPU
Optimizing NNI: done in 23.9359 secs using 376.7% CPU
Iteration 390 / LogL: -8413.260 / Time: 2h:8m:54s (0h:30m:29s left)
Optimizing NNI: done in 12.1469 secs using 376.3% CPU
Optimizing NNI: done in 16.2042 secs using 376.5% CPU
Optimizing NNI: done in 14.0327 secs using 377.4% CPU
Optimizing NNI: done in 8.50165 secs using 373.5% CPU
Optimizing NNI: done in 15.7375 secs using 379% CPU
Optimizing NNI: done in 16.5167 secs using 376.4% CPU
Optimizing NNI: done in 22.4531 secs using 373.7% CPU
Optimizing NNI: done in 12.3285 secs using 372.8% CPU
Optimizing NNI: done in 14.0857 secs using 376.2% CPU
Optimizing NNI: done in 10.7194 secs using 378.1% CPU
Iteration 400 / LogL: -8410.789 / Time: 2h:11m:18s (0h:26m:59s left)
Optimizing NNI: done in 13.7288 secs using 375.2% CPU
Optimizing NNI: done in 23.4418 secs using 375.1% CPU
Optimizing NNI: done in 15.0962 secs using 378% CPU
Optimizing NNI: done in 16.3443 secs using 376.1% CPU
Optimizing NNI: done in 14.3557 secs using 377% CPU
Optimizing NNI: done in 14.3681 secs using 377.7% CPU
Optimizing NNI: done in 18.8149 secs using 377% CPU
Optimizing NNI: done in 14.664 secs using 377.6% CPU
Optimizing NNI: done in 11.6291 secs using 375.1% CPU
Optimizing NNI: done in 15.6492 secs using 375.4% CPU
Iteration 410 / LogL: -8410.790 / Time: 2h:13m:57s (0h:23m:34s left)
Optimizing NNI: done in 15.5343 secs using 378.7% CPU
Optimizing NNI: done in 10.3889 secs using 373.9% CPU
Optimizing NNI: done in 21.9154 secs using 377.3% CPU
Optimizing NNI: done in 16.3339 secs using 375.2% CPU
Optimizing NNI: done in 20.6194 secs using 376.6% CPU
Optimizing NNI: done in 13.5479 secs using 375.5% CPU
Optimizing NNI: done in 18.2157 secs using 375.5% CPU
Optimizing NNI: done in 12.0154 secs using 376.8% CPU
Optimizing NNI: done in 13.6995 secs using 379.5% CPU
Optimizing NNI: done in 8.20776 secs using 374.9% CPU
Iteration 420 / LogL: -8423.536 / Time: 2h:16m:29s (0h:20m:11s left)
Optimizing NNI: done in 13.8905 secs using 375.3% CPU
Optimizing NNI: done in 13.9178 secs using 376.8% CPU
Optimizing NNI: done in 16.2083 secs using 379.6% CPU
Optimizing NNI: done in 14.3338 secs using 376.7% CPU
Optimizing NNI: done in 18.4497 secs using 378.2% CPU
Optimizing NNI: done in 9.32891 secs using 375.4% CPU
Optimizing NNI: done in 14.7265 secs using 376.8% CPU
Optimizing NNI: done in 19.9732 secs using 376.6% CPU
Optimizing NNI: done in 19.0915 secs using 376.7% CPU
Optimizing NNI: done in 12.3933 secs using 377.8% CPU
BETTER TREE FOUND at iteration 430: -8410.783
Iteration 430 / LogL: -8410.783 / Time: 2h:19m:3s (0h:32m:24s left)
Optimizing NNI: done in 12.7588 secs using 377.5% CPU
Optimizing NNI: done in 16.2481 secs using 376.9% CPU
Optimizing NNI: done in 14.076 secs using 377.5% CPU
Optimizing NNI: done in 13.5231 secs using 375% CPU
Optimizing NNI: done in 17.289 secs using 378.3% CPU
Optimizing NNI: done in 12.1776 secs using 376.7% CPU
Optimizing NNI: done in 10.933 secs using 374.1% CPU
Optimizing NNI: done in 10.6209 secs using 379.1% CPU
Optimizing NNI: done in 12.0714 secs using 377.3% CPU
Optimizing NNI: done in 13.5491 secs using 376.9% CPU
BETTER TREE FOUND at iteration 440: -8410.783
Iteration 440 / LogL: -8410.783 / Time: 2h:21m:17s (0h:32m:11s left)
Optimizing NNI: done in 16.792 secs using 376.8% CPU
Optimizing NNI: done in 21.788 secs using 377.5% CPU
Optimizing NNI: done in 11.991 secs using 377.2% CPU
Optimizing NNI: done in 15.0802 secs using 372.5% CPU
Optimizing NNI: done in 16.5477 secs using 376.3% CPU
Optimizing NNI: done in 12.3751 secs using 376.5% CPU
Optimizing NNI: done in 22.1837 secs using 376.8% CPU
Optimizing NNI: done in 14.8814 secs using 377.4% CPU
Optimizing NNI: done in 10.2219 secs using 373.8% CPU
Optimizing NNI: done in 13.2686 secs using 378.2% CPU
Iteration 450 / LogL: -8414.998 / Time: 2h:23m:54s (0h:28m:50s left)
Optimizing NNI: done in 22.248 secs using 374.6% CPU
Optimizing NNI: done in 13.4899 secs using 377.3% CPU
BETTER TREE FOUND at iteration 452: -8410.783
Optimizing NNI: done in 13.4432 secs using 374.5% CPU
Optimizing NNI: done in 14.4816 secs using 377% CPU
Optimizing NNI: done in 14.6084 secs using 377.1% CPU
Optimizing NNI: done in 11.3109 secs using 376.9% CPU
Optimizing NNI: done in 14.3295 secs using 376.5% CPU
Optimizing NNI: done in 14.3338 secs using 375.6% CPU
Optimizing NNI: done in 11.8912 secs using 377% CPU
Optimizing NNI: done in 17.1514 secs using 377.6% CPU
Iteration 460 / LogL: -8410.783 / Time: 2h:26m:22s (0h:29m:20s left)
Optimizing NNI: done in 19.2271 secs using 376.7% CPU
Optimizing NNI: done in 13.4223 secs using 373.1% CPU
Optimizing NNI: done in 17.2888 secs using 377.7% CPU
Optimizing NNI: done in 13.8967 secs using 376.3% CPU
Optimizing NNI: done in 13.8985 secs using 377.1% CPU
BETTER TREE FOUND at iteration 465: -8410.782
Optimizing NNI: done in 13.7714 secs using 376.6% CPU
Optimizing NNI: done in 14.1949 secs using 376.4% CPU
Optimizing NNI: done in 13.7499 secs using 379.4% CPU
Optimizing NNI: done in 15.2609 secs using 376.2% CPU
Optimizing NNI: done in 12.107 secs using 376.4% CPU
Iteration 470 / LogL: -8410.790 / Time: 2h:28m:50s (0h:30m:8s left)
Optimizing NNI: done in 10.5397 secs using 379.3% CPU
Optimizing NNI: done in 13.0918 secs using 374.3% CPU
Optimizing NNI: done in 11.9778 secs using 378% CPU
Optimizing NNI: done in 16.6542 secs using 377.1% CPU
BETTER TREE FOUND at iteration 474: -8410.781
Optimizing NNI: done in 14.7074 secs using 376.9% CPU
Optimizing NNI: done in 17.158 secs using 377.2% CPU
Optimizing NNI: done in 20.4451 secs using 375.3% CPU
Optimizing NNI: done in 18.4973 secs using 375.9% CPU
Optimizing NNI: done in 17.1923 secs using 378.6% CPU
Optimizing NNI: done in 14.7724 secs using 378.4% CPU
Iteration 480 / LogL: -8416.563 / Time: 2h:31m:27s (0h:29m:43s left)
Optimizing NNI: done in 16.4506 secs using 377.3% CPU
Optimizing NNI: done in 13.8947 secs using 375% CPU
Optimizing NNI: done in 10.2869 secs using 379.4% CPU
Optimizing NNI: done in 11.7016 secs using 376% CPU
Optimizing NNI: done in 14.0001 secs using 376.3% CPU
Optimizing NNI: done in 11.4584 secs using 376.3% CPU
Optimizing NNI: done in 13.8996 secs using 376.1% CPU
Optimizing NNI: done in 15.2578 secs using 377.9% CPU
Optimizing NNI: done in 14.2155 secs using 375.8% CPU
Optimizing NNI: done in 16.8234 secs using 377.3% CPU
Iteration 490 / LogL: -8415.012 / Time: 2h:33m:46s (0h:26m:24s left)
Optimizing NNI: done in 12.1143 secs using 376.9% CPU
Optimizing NNI: done in 15.8487 secs using 375.9% CPU
Optimizing NNI: done in 15.4726 secs using 376.9% CPU
Optimizing NNI: done in 13.9359 secs using 377.1% CPU
Optimizing NNI: done in 17.9677 secs using 375.8% CPU
Optimizing NNI: done in 16.5536 secs using 374.7% CPU
Optimizing NNI: done in 14.8536 secs using 375.5% CPU
Optimizing NNI: done in 11.1747 secs using 374.9% CPU
Optimizing NNI: done in 14.8158 secs using 377.3% CPU
Optimizing NNI: done in 13.8542 secs using 375.6% CPU
Iteration 500 / LogL: -8410.788 / Time: 2h:36m:14s (0h:23m:10s left)
Optimizing NNI: done in 12.2932 secs using 376.2% CPU
Optimizing NNI: done in 17.896 secs using 376.3% CPU
Optimizing NNI: done in 16.1817 secs using 375.5% CPU
Optimizing NNI: done in 18.3523 secs using 376.5% CPU
Optimizing NNI: done in 11.4147 secs using 376.3% CPU
Optimizing NNI: done in 15.6435 secs using 378.2% CPU
Optimizing NNI: done in 9.09252 secs using 375.6% CPU
Optimizing NNI: done in 10.6528 secs using 375.9% CPU
Optimizing NNI: done in 12.0017 secs using 376% CPU
Optimizing NNI: done in 11.9286 secs using 376.7% CPU
Iteration 510 / LogL: -8413.453 / Time: 2h:38m:30s (0h:19m:55s left)
Optimizing NNI: done in 12.8169 secs using 378.2% CPU
Optimizing NNI: done in 19.9432 secs using 376.8% CPU
Optimizing NNI: done in 12.388 secs using 374.1% CPU
Optimizing NNI: done in 16.1 secs using 377.4% CPU
Optimizing NNI: done in 14.1538 secs using 376.5% CPU
Optimizing NNI: done in 14.8647 secs using 373.7% CPU
Optimizing NNI: done in 14.6 secs using 376.1% CPU
Optimizing NNI: done in 15.1532 secs using 377.3% CPU
Optimizing NNI: done in 12.4294 secs using 377.5% CPU
Optimizing NNI: done in 15.4563 secs using 371.5% CPU
Iteration 520 / LogL: -8411.011 / Time: 2h:41m:0s (0h:16m:45s left)
Optimizing NNI: done in 10.8436 secs using 379.8% CPU
Optimizing NNI: done in 14.216 secs using 376.2% CPU
Optimizing NNI: done in 17.7707 secs using 375.5% CPU
Optimizing NNI: done in 20.1887 secs using 377.9% CPU
Optimizing NNI: done in 11.8234 secs using 375.4% CPU
Optimizing NNI: done in 11.9028 secs using 376.5% CPU
Optimizing NNI: done in 26.8595 secs using 375.2% CPU
Optimizing NNI: done in 12.023 secs using 375.9% CPU
Optimizing NNI: done in 13.1557 secs using 378.3% CPU
Optimizing NNI: done in 23.8256 secs using 376.7% CPU
Iteration 530 / LogL: -8410.783 / Time: 2h:43m:43s (0h:13m:37s left)
Optimizing NNI: done in 9.276 secs using 376.1% CPU
Optimizing NNI: done in 11.5948 secs using 375.6% CPU
BETTER TREE FOUND at iteration 532: -8410.780
Optimizing NNI: done in 13.8513 secs using 375.8% CPU
Optimizing NNI: done in 15.9782 secs using 377.6% CPU
Optimizing NNI: done in 13.957 secs using 378.1% CPU
Optimizing NNI: done in 13.8601 secs using 375.9% CPU
Optimizing NNI: done in 10.8327 secs using 374.7% CPU
Optimizing NNI: done in 13.6868 secs using 378.8% CPU
Optimizing NNI: done in 14.0929 secs using 378.2% CPU
Optimizing NNI: done in 20.4023 secs using 375.4% CPU
Iteration 540 / LogL: -8413.253 / Time: 2h:46m:2s (0h:28m:20s left)
Optimizing NNI: done in 15.5804 secs using 376.8% CPU
Optimizing NNI: done in 10.9001 secs using 376.7% CPU
Optimizing NNI: done in 14.9394 secs using 376.1% CPU
Optimizing NNI: done in 14.9049 secs using 373.3% CPU
Optimizing NNI: done in 12.5562 secs using 376.4% CPU
Optimizing NNI: done in 16.2233 secs using 374.7% CPU
Optimizing NNI: done in 19.7255 secs using 376.8% CPU
Optimizing NNI: done in 14.7279 secs using 376.9% CPU
Optimizing NNI: done in 12.8011 secs using 375.7% CPU
Optimizing NNI: done in 18.4208 secs using 377.4% CPU
Iteration 550 / LogL: -8410.789 / Time: 2h:48m:34s (0h:25m:10s left)
Optimizing NNI: done in 12.8684 secs using 373.4% CPU
Optimizing NNI: done in 19.0301 secs using 376.7% CPU
Optimizing NNI: done in 11.5825 secs using 378.2% CPU
Optimizing NNI: done in 11.0955 secs using 379% CPU
Optimizing NNI: done in 16.2071 secs using 375.4% CPU
Optimizing NNI: done in 15.4321 secs using 376.1% CPU
Optimizing NNI: done in 14.2833 secs using 376.1% CPU
Optimizing NNI: done in 22.6891 secs using 378% CPU
Optimizing NNI: done in 16.1438 secs using 375.3% CPU
Optimizing NNI: done in 14.3247 secs using 376.9% CPU
Iteration 560 / LogL: -8417.336 / Time: 2h:51m:9s (0h:22m:2s left)
Optimizing NNI: done in 16.6386 secs using 376.1% CPU
Optimizing NNI: done in 16.754 secs using 376.6% CPU
BETTER TREE FOUND at iteration 562: -8410.780
Optimizing NNI: done in 15.8988 secs using 374.8% CPU
Optimizing NNI: done in 8.64886 secs using 379.8% CPU
Optimizing NNI: done in 21.1879 secs using 376.8% CPU
Optimizing NNI: done in 20.5496 secs using 376.2% CPU
Optimizing NNI: done in 14.8514 secs using 376.9% CPU
Optimizing NNI: done in 14.0502 secs using 375.9% CPU
Optimizing NNI: done in 14.2581 secs using 376.4% CPU
Optimizing NNI: done in 19.5196 secs using 377.2% CPU
Iteration 570 / LogL: -8411.004 / Time: 2h:53m:53s (0h:28m:6s left)
Optimizing NNI: done in 11.5749 secs using 376.2% CPU
Optimizing NNI: done in 24.2987 secs using 376.7% CPU
Optimizing NNI: done in 24.7819 secs using 375.7% CPU
Optimizing NNI: done in 15.6208 secs using 378.2% CPU
Optimizing NNI: done in 7.59028 secs using 378.2% CPU
Optimizing NNI: done in 13.494 secs using 374.3% CPU
Optimizing NNI: done in 11.2641 secs using 375.5% CPU
Optimizing NNI: done in 12.705 secs using 377.4% CPU
Optimizing NNI: done in 16.8727 secs using 376.8% CPU
Optimizing NNI: done in 14.7196 secs using 377.1% CPU
Iteration 580 / LogL: -8411.013 / Time: 2h:56m:27s (0h:24m:59s left)
Optimizing NNI: done in 25.4096 secs using 375.1% CPU
Optimizing NNI: done in 18.7253 secs using 375.6% CPU
Optimizing NNI: done in 13.1316 secs using 379.3% CPU
Optimizing NNI: done in 15.0058 secs using 373.4% CPU
Optimizing NNI: done in 17.9665 secs using 378.1% CPU
Optimizing NNI: done in 14.7102 secs using 375.9% CPU
Optimizing NNI: done in 13.3441 secs using 374% CPU
Optimizing NNI: done in 11.6946 secs using 376.5% CPU
Optimizing NNI: done in 19.4213 secs using 376.9% CPU
Optimizing NNI: done in 18.3372 secs using 374.9% CPU
Iteration 590 / LogL: -8410.789 / Time: 2h:59m:16s (0h:21m:54s left)
Optimizing NNI: done in 15.479 secs using 377.7% CPU
Optimizing NNI: done in 13.7861 secs using 375.8% CPU
Optimizing NNI: done in 25.9322 secs using 376.3% CPU
Optimizing NNI: done in 15.4249 secs using 376% CPU
Optimizing NNI: done in 13.0385 secs using 373.4% CPU
Optimizing NNI: done in 18.0474 secs using 372.7% CPU
Optimizing NNI: done in 13.0574 secs using 373.8% CPU
Optimizing NNI: done in 14.1058 secs using 375.7% CPU
BETTER TREE FOUND at iteration 598: -8410.777
Optimizing NNI: done in 12.2928 secs using 375.2% CPU
Optimizing NNI: done in 11.2378 secs using 374.5% CPU
Iteration 600 / LogL: -8411.019 / Time: 3h:1m:50s (0h:29m:44s left)
Optimizing NNI: done in 18.1732 secs using 378.3% CPU
Optimizing NNI: done in 14.1084 secs using 374.2% CPU
Optimizing NNI: done in 12.741 secs using 373.3% CPU
Optimizing NNI: done in 15.2478 secs using 376% CPU
Optimizing NNI: done in 19.9372 secs using 376.3% CPU
Optimizing NNI: done in 15.1343 secs using 372.5% CPU
Optimizing NNI: done in 20.6158 secs using 378.1% CPU
Optimizing NNI: done in 14.407 secs using 374.4% CPU
Optimizing NNI: done in 16.4618 secs using 377.1% CPU
Optimizing NNI: done in 13.6296 secs using 375.2% CPU
Iteration 610 / LogL: -8410.780 / Time: 3h:4m:32s (0h:26m:39s left)
Optimizing NNI: done in 18.0407 secs using 376% CPU
Optimizing NNI: done in 16.6252 secs using 376.5% CPU
Optimizing NNI: done in 13.9923 secs using 376.8% CPU
Optimizing NNI: done in 19.9776 secs using 377.9% CPU
Optimizing NNI: done in 17.5756 secs using 377.4% CPU
Optimizing NNI: done in 24.9611 secs using 374.5% CPU
Optimizing NNI: done in 18.8506 secs using 376.9% CPU
Optimizing NNI: done in 13.0167 secs using 377.4% CPU
Optimizing NNI: done in 18.7233 secs using 375.7% CPU
Optimizing NNI: done in 18.5977 secs using 375.6% CPU
Iteration 620 / LogL: -8410.782 / Time: 3h:7m:33s (0h:23m:38s left)
Optimizing NNI: done in 10.7869 secs using 378.9% CPU
Optimizing NNI: done in 19.6522 secs using 376.8% CPU
Optimizing NNI: done in 12.3261 secs using 374.3% CPU
Optimizing NNI: done in 17.0858 secs using 376.4% CPU
Optimizing NNI: done in 14.5169 secs using 376.4% CPU
Optimizing NNI: done in 13.4198 secs using 375.2% CPU
Optimizing NNI: done in 13.5749 secs using 378.1% CPU
Optimizing NNI: done in 17.8761 secs using 374.4% CPU
Optimizing NNI: done in 22.1546 secs using 377.2% CPU
Optimizing NNI: done in 14.466 secs using 375.3% CPU
Iteration 630 / LogL: -8411.015 / Time: 3h:10m:10s (0h:20m:33s left)
Optimizing NNI: done in 14.6839 secs using 376.3% CPU
Optimizing NNI: done in 13.996 secs using 376% CPU
Optimizing NNI: done in 13.7898 secs using 373.6% CPU
Optimizing NNI: done in 14.9615 secs using 376.7% CPU
Optimizing NNI: done in 24.7059 secs using 375% CPU
Optimizing NNI: done in 16.7543 secs using 376.6% CPU
Optimizing NNI: done in 15.91 secs using 378.1% CPU
Optimizing NNI: done in 11.5983 secs using 375.6% CPU
Optimizing NNI: done in 12.114 secs using 376.9% CPU
Optimizing NNI: done in 18.6839 secs using 373.8% CPU
Iteration 640 / LogL: -8414.975 / Time: 3h:12m:49s (0h:17m:30s left)
Optimizing NNI: done in 12.8157 secs using 374.2% CPU
Optimizing NNI: done in 13.5373 secs using 378.6% CPU
Optimizing NNI: done in 11.3275 secs using 373.5% CPU
Optimizing NNI: done in 13.8965 secs using 373.8% CPU
Optimizing NNI: done in 19.2969 secs using 376.2% CPU
Optimizing NNI: done in 18.1818 secs using 375.4% CPU
Optimizing NNI: done in 15.9491 secs using 378.7% CPU
Optimizing NNI: done in 19.3319 secs using 375.1% CPU
Optimizing NNI: done in 11.3573 secs using 379.9% CPU
Optimizing NNI: done in 15.5275 secs using 374.8% CPU
Iteration 650 / LogL: -8410.783 / Time: 3h:15m:21s (0h:14m:26s left)
Optimizing NNI: done in 14.3198 secs using 376.6% CPU
Optimizing NNI: done in 11.1553 secs using 375.6% CPU
Optimizing NNI: done in 17.1595 secs using 375.1% CPU
Optimizing NNI: done in 19.1581 secs using 375.6% CPU
Optimizing NNI: done in 17.3023 secs using 377.5% CPU
Optimizing NNI: done in 16.0305 secs using 373.6% CPU
Optimizing NNI: done in 18.4532 secs using 376% CPU
Optimizing NNI: done in 10.4701 secs using 378.9% CPU
Optimizing NNI: done in 13.813 secs using 376.1% CPU
Optimizing NNI: done in 23.4632 secs using 375.2% CPU
Iteration 660 / LogL: -8410.783 / Time: 3h:18m:4s (0h:11m:25s left)
Optimizing NNI: done in 14.9343 secs using 376.4% CPU
Optimizing NNI: done in 18.6784 secs using 375.8% CPU
BETTER TREE FOUND at iteration 662: -8410.777
Optimizing NNI: done in 14.8798 secs using 377.5% CPU
Optimizing NNI: done in 16.7373 secs using 376.5% CPU
Optimizing NNI: done in 15.1071 secs using 376.9% CPU
Optimizing NNI: done in 17.9198 secs using 374.8% CPU
Optimizing NNI: done in 14.4157 secs using 376.3% CPU
Optimizing NNI: done in 14.7178 secs using 377% CPU
Optimizing NNI: done in 21.8366 secs using 375.8% CPU
Optimizing NNI: done in 16.1142 secs using 375.5% CPU
Iteration 670 / LogL: -8410.778 / Time: 3h:20m:51s (0h:27m:37s left)
Optimizing NNI: done in 14.938 secs using 377.9% CPU
Optimizing NNI: done in 11.1513 secs using 374.4% CPU
Optimizing NNI: done in 10.0033 secs using 374.1% CPU
Optimizing NNI: done in 15.6517 secs using 374.1% CPU
Optimizing NNI: done in 12.628 secs using 377.8% CPU
Optimizing NNI: done in 11.9543 secs using 375.4% CPU
Optimizing NNI: done in 19.1133 secs using 376.4% CPU
Optimizing NNI: done in 11.696 secs using 375.9% CPU
BETTER TREE FOUND at iteration 678: -8410.777
Optimizing NNI: done in 18.7114 secs using 375.4% CPU
Optimizing NNI: done in 14.6829 secs using 374.7% CPU
Iteration 680 / LogL: -8411.017 / Time: 3h:23m:12s (0h:29m:19s left)
Optimizing NNI: done in 15.645 secs using 375% CPU
Optimizing NNI: done in 17.1158 secs using 377.2% CPU
BETTER TREE FOUND at iteration 682: -8410.774
Optimizing NNI: done in 20.384 secs using 376.5% CPU
Optimizing NNI: done in 20.7006 secs using 375.4% CPU
Optimizing NNI: done in 17.6346 secs using 376.4% CPU
Optimizing NNI: done in 11.309 secs using 375.1% CPU
Optimizing NNI: done in 15.6111 secs using 374.3% CPU
Optimizing NNI: done in 19.2161 secs using 376.3% CPU
Optimizing NNI: done in 12.0685 secs using 375.6% CPU
Optimizing NNI: done in 11.7786 secs using 376.3% CPU
Iteration 690 / LogL: -8413.457 / Time: 3h:25m:55s (0h:27m:29s left)
Optimizing NNI: done in 15.6209 secs using 377.6% CPU
Optimizing NNI: done in 15.2359 secs using 373.2% CPU
Optimizing NNI: done in 15.6448 secs using 377.8% CPU
Optimizing NNI: done in 15.9052 secs using 374.7% CPU
Optimizing NNI: done in 10.2057 secs using 378.9% CPU
Optimizing NNI: done in 15.3137 secs using 374% CPU
Optimizing NNI: done in 17.8163 secs using 375.4% CPU
Optimizing NNI: done in 12.2217 secs using 375.9% CPU
Optimizing NNI: done in 17.4708 secs using 374.2% CPU
Optimizing NNI: done in 16.064 secs using 378.7% CPU
Iteration 700 / LogL: -8410.780 / Time: 3h:28m:28s (0h:24m:27s left)
Optimizing NNI: done in 15.0308 secs using 373.6% CPU
Optimizing NNI: done in 15.464 secs using 377.9% CPU
Optimizing NNI: done in 11.8428 secs using 375.8% CPU
Optimizing NNI: done in 14.7804 secs using 377.7% CPU
Optimizing NNI: done in 17.9533 secs using 374.2% CPU
Optimizing NNI: done in 10.9592 secs using 377.4% CPU
Optimizing NNI: done in 21.808 secs using 374.5% CPU
Optimizing NNI: done in 7.54671 secs using 377.3% CPU
Optimizing NNI: done in 14.5992 secs using 377.5% CPU
Optimizing NNI: done in 15.1436 secs using 375.7% CPU
Iteration 710 / LogL: -8410.780 / Time: 3h:30m:54s (0h:21m:25s left)
Optimizing NNI: done in 16.2611 secs using 375.7% CPU
Optimizing NNI: done in 20.1504 secs using 374% CPU
Optimizing NNI: done in 15.9427 secs using 378.1% CPU
Optimizing NNI: done in 25.0612 secs using 375.8% CPU
Optimizing NNI: done in 17.4847 secs using 377.1% CPU
Optimizing NNI: done in 14.6856 secs using 376.4% CPU
Optimizing NNI: done in 9.09547 secs using 376% CPU
Optimizing NNI: done in 17.2108 secs using 377.1% CPU
Optimizing NNI: done in 12.7518 secs using 374.4% CPU
Optimizing NNI: done in 12.1632 secs using 375.8% CPU
Iteration 720 / LogL: -8414.663 / Time: 3h:33m:36s (0h:18m:25s left)
Optimizing NNI: done in 13.5777 secs using 375.4% CPU
Optimizing NNI: done in 15.6305 secs using 376.7% CPU
Optimizing NNI: done in 15.437 secs using 374.7% CPU
Optimizing NNI: done in 20.5291 secs using 377.3% CPU
Optimizing NNI: done in 17.6238 secs using 374.1% CPU
Optimizing NNI: done in 14.1749 secs using 373.3% CPU
Optimizing NNI: done in 26.6771 secs using 375.5% CPU
Optimizing NNI: done in 21.9233 secs using 375.9% CPU
Optimizing NNI: done in 15.9696 secs using 376.1% CPU
Optimizing NNI: done in 18.1857 secs using 377.6% CPU
Iteration 730 / LogL: -8417.087 / Time: 3h:36m:37s (0h:15m:27s left)
Optimizing NNI: done in 13.9152 secs using 373.5% CPU
Optimizing NNI: done in 18.4339 secs using 375.5% CPU
Optimizing NNI: done in 15.8703 secs using 375.8% CPU
Optimizing NNI: done in 17.2061 secs using 375.3% CPU
Optimizing NNI: done in 17.8733 secs using 378.1% CPU
Optimizing NNI: done in 16.5379 secs using 375.7% CPU
Optimizing NNI: done in 11.6074 secs using 375.5% CPU
Optimizing NNI: done in 16.3653 secs using 375.3% CPU
Optimizing NNI: done in 21.057 secs using 375.9% CPU
Optimizing NNI: done in 14.1288 secs using 375.7% CPU
Iteration 740 / LogL: -8411.356 / Time: 3h:39m:22s (0h:12m:28s left)
Optimizing NNI: done in 14.0254 secs using 375.2% CPU
Optimizing NNI: done in 14.6992 secs using 376.6% CPU
Optimizing NNI: done in 14.6767 secs using 378% CPU
Optimizing NNI: done in 14.2636 secs using 376.8% CPU
Optimizing NNI: done in 14.4475 secs using 375.5% CPU
Optimizing NNI: done in 18.0117 secs using 373.3% CPU
Optimizing NNI: done in 17.3095 secs using 377.5% CPU
Optimizing NNI: done in 14.9397 secs using 376.9% CPU
Optimizing NNI: done in 9.10057 secs using 375.6% CPU
Optimizing NNI: done in 12.69 secs using 377.2% CPU
Iteration 750 / LogL: -8414.985 / Time: 3h:41m:47s (0h:9m:28s left)
Optimizing NNI: done in 15.4874 secs using 373.3% CPU
Optimizing NNI: done in 14.5344 secs using 377.5% CPU
Optimizing NNI: done in 13.6433 secs using 376% CPU
Optimizing NNI: done in 14.9943 secs using 377.3% CPU
Optimizing NNI: done in 14.9685 secs using 377.1% CPU
Optimizing NNI: done in 19.0109 secs using 376.3% CPU
Optimizing NNI: done in 15.679 secs using 374.7% CPU
Optimizing NNI: done in 18.8715 secs using 375.2% CPU
Optimizing NNI: done in 16.5096 secs using 376% CPU
Optimizing NNI: done in 11.6095 secs using 377.1% CPU
Iteration 760 / LogL: -8418.875 / Time: 3h:44m:24s (0h:6m:30s left)
Optimizing NNI: done in 22.7808 secs using 376.6% CPU
Optimizing NNI: done in 17.1952 secs using 376.9% CPU
Optimizing NNI: done in 14.5391 secs using 376.1% CPU
Optimizing NNI: done in 15.9222 secs using 376.4% CPU
Optimizing NNI: done in 16.5031 secs using 376.3% CPU
Optimizing NNI: done in 11.0689 secs using 374.4% CPU
Optimizing NNI: done in 13.6803 secs using 378.5% CPU
Optimizing NNI: done in 14.1997 secs using 377.3% CPU
Optimizing NNI: done in 11.5777 secs using 378% CPU
Optimizing NNI: done in 10.6779 secs using 374.1% CPU
Iteration 770 / LogL: -8411.018 / Time: 3h:46m:53s (0h:3m:32s left)
Optimizing NNI: done in 17.7941 secs using 377% CPU
Optimizing NNI: done in 16.7629 secs using 376.8% CPU
Optimizing NNI: done in 8.60727 secs using 375.6% CPU
Optimizing NNI: done in 15.741 secs using 374.9% CPU
Optimizing NNI: done in 13.1732 secs using 378.3% CPU
Optimizing NNI: done in 16.7081 secs using 376.3% CPU
Optimizing NNI: done in 21.4263 secs using 376.6% CPU
Optimizing NNI: done in 14.9321 secs using 376.3% CPU
Optimizing NNI: done in 19.7348 secs using 376.1% CPU
Optimizing NNI: done in 15.5589 secs using 377.6% CPU
Iteration 780 / LogL: -8411.006 / Time: 3h:49m:35s (0h:0m:35s left)
Optimizing NNI: done in 14.0213 secs using 376.5% CPU
Optimizing NNI: done in 21.435 secs using 377.2% CPU
Optimizing NNI: done in 14.8831 secs using 378.3% CPU
TREE SEARCH COMPLETED AFTER 783 ITERATIONS / Time: 3h:50m:26s

--------------------------------------------------------------------
|                    FINALIZING TREE SEARCH                        |
--------------------------------------------------------------------
Performs final model parameters optimization
Estimate model parameters (epsilon = 0.010)
1. Initial log-likelihood: -8410.774
Optimal log-likelihood: -8410.774
Gamma shape alpha: 0.196
Parameters optimization took 1 rounds (1.731 sec)
BEST SCORE FOUND : -8410.774
Total tree length: 0.188

Total number of iterations: 783
CPU time used for tree search: 51840.354 sec (14h:24m:0s)
Wall-clock time used for tree search: 13782.028 sec (3h:49m:42s)
Total CPU time used: 52011.227 sec (14h:26m:51s)
Total wall-clock time used: 13827.813 sec (3h:50m:27s)

Analysis results written to: 
  IQ-TREE report:                MYO7A_WAG.iqtree
  Maximum-likelihood tree:       MYO7A_WAG.treefile
  Likelihood distances:          MYO7A_WAG.mldist
  Screen log file:               MYO7A_WAG.log

Date and Time: Sat Jan 27 14:18:46 2024
