IQ-TREE multicore version 2.2.0-beta COVID-edition for Linux 64-bit built Dec 21 2021 built Dec 21 2021
Developed by Bui Quang Minh, James Barbetti, Nguyen Lam Tung,
Olga Chernomor, Heiko Schmidt, Dominik Schrempf, Michael Woodhams, Ly Trong Nhan.

Host:    awarnach (SSE3, 15 GB RAM)
Command: iqtree -s FOXP2_nuc_aligned.fasta -st DNA -m MFP -pre FOXP2 -nt AUTO
Seed:    870378 (Using SPRNG - Scalable Parallel Random Number Generator)
Time:    Tue Jun  4 13:58:02 2024
Kernel:  SSE2 - auto-detect threads (4 CPU cores detected)

Reading alignment file FOXP2_nuc_aligned.fasta ... Fasta format detected
Reading fasta file: done in 0.00270428 secs using 41.34% CPU
Alignment most likely contains DNA/RNA sequences
Constructing alignment: done in 0.00706079 secs using 20.73% CPU
Alignment has 10 sequences with 2370 columns, 248 distinct patterns
144 parsimony-informative, 220 singleton sites, 2006 constant sites
WARNING: Some sequence names are changed as follows:
NM_212435.1:323-2467 -> NM_212435.1_323-2467
NM_014491.4:557-2704 -> NM_014491.4_557-2704
XM_054687043.2:337-2613 -> XM_054687043.2_337-2613
NM_001205569.3:1-2238 -> NM_001205569.3_1-2238
XM_038439870.1:389-2602 -> XM_038439870.1_389-2602
XM_019925131.2:314-2584 -> XM_019925131.2_314-2584
XM_036862984.1:730-2931 -> XM_036862984.1_730-2931
XM_023760067.1:254-2446 -> XM_023760067.1_254-2446
XM_004382567.2:1-2250 -> XM_004382567.2_1-2250
XM_023544567.1:404-2617 -> XM_023544567.1_404-2617

                         Gap/Ambiguity  Composition  p-value
Analyzing sequences: done in 4.12725e-05 secs
   1  NM_212435.1_323-2467       9.49%    passed     80.87%
   2  NM_014491.4_557-2704       9.37%    passed     41.51%
   3  XM_054687043.2_337-2613    3.92%    passed     27.81%
   4  NM_001205569.3_1-2238      5.57%    passed     99.20%
   5  XM_038439870.1_389-2602    6.58%    passed     76.05%
   6  XM_019925131.2_314-2584    4.18%    passed     74.44%
   7  XM_036862984.1_730-2931    7.09%    passed     95.12%
   8  XM_023760067.1_254-2446    7.47%    passed     86.09%
   9  XM_004382567.2_1-2250      5.06%    passed     89.80%
  10  XM_023544567.1_404-2617    6.58%    passed     99.85%
****  TOTAL                      6.53%  0 sequences failed composition chi2 test (p-value<5%; df=3)
Checking for duplicate sequences: done in 0.000171795 secs using 36.09% CPU


Create initial parsimony tree by phylogenetic likelihood library (PLL)... 0.003 seconds
Measuring multi-threading efficiency up to 4 CPU cores
Increase to 10 rounds for branch lengths
305 trees examined
Threads: 1 / Time: 4.004 sec / Speedup: 1.000 / Efficiency: 100% / LogL: -6529
Threads: 2 / Time: 2.873 sec / Speedup: 1.394 / Efficiency: 70% / LogL: -6529
Threads: 3 / Time: 2.522 sec / Speedup: 1.588 / Efficiency: 53% / LogL: -6529
Threads: 4 / Time: 2.572 sec / Speedup: 1.557 / Efficiency: 39% / LogL: -6529
Determining AUTO threadcount: done in 11.9729 secs using 224.7% CPU
BEST NUMBER OF THREADS: 3

Perform fast likelihood tree search using GTR+I+G model...
Estimate model parameters (epsilon = 5.000)
Perform nearest neighbor interchange...
Optimizing NNI: done in 0.0486152 secs using 296.8% CPU
Estimate model parameters (epsilon = 1.000)
1. Initial log-likelihood: -5991.680
2. Current log-likelihood: -5984.912
Optimal log-likelihood: -5984.653
Rate parameters:  A-C: 1.95057  A-G: 8.89641  A-T: 0.67347  C-G: 1.12305  C-T: 7.71294  G-T: 1.00000
Base frequencies:  A: 0.307  C: 0.268  G: 0.227  T: 0.198
Proportion of invariable sites: 0.426
Gamma shape alpha: 0.379
Parameters optimization took 2 rounds (0.033 sec)
Time for fast ML tree search: 0.151 seconds

NOTE: ModelFinder requires 0 MB RAM!
ModelFinder will test up to 299 DNA models (sample size: 2370) ...
 No. Model         -LnL         df  AIC          AICc         BIC
Measuring multi-threading efficiency up to 4 CPU cores
Increase to 10 rounds for branch lengths
903 trees examined
Threads: 1 / Time: 4.006 sec / Speedup: 1.000 / Efficiency: 100% / LogL: -6570
Threads: 2 / Time: 3.084 sec / Speedup: 1.299 / Efficiency: 65% / LogL: -6570
Threads: 3 / Time: 3.088 sec / Speedup: 1.297 / Efficiency: 43% / LogL: -6570
Determining AUTO threadcount: done in 10.1786 secs using 187.3% CPU
BEST NUMBER OF THREADS: 2

  1  GTR+F         6124.329     25  12298.658    12299.213    12442.924
Measuring multi-threading efficiency up to 4 CPU cores
Increase to 10 rounds for branch lengths
811 trees examined
Threads: 1 / Time: 4.002 sec / Speedup: 1.000 / Efficiency: 100% / LogL: -6359
Threads: 2 / Time: 2.859 sec / Speedup: 1.400 / Efficiency: 70% / LogL: -6359
Threads: 3 / Time: 2.897 sec / Speedup: 1.382 / Efficiency: 46% / LogL: -6359
Determining AUTO threadcount: done in 9.75847 secs using 185.6% CPU
BEST NUMBER OF THREADS: 2

  2  GTR+F+I       5987.632     26  12027.263    12027.862    12177.300
Measuring multi-threading efficiency up to 4 CPU cores
Increase to 10 rounds for branch lengths
341 trees examined
Threads: 1 / Time: 4.005 sec / Speedup: 1.000 / Efficiency: 100% / LogL: -6422
Threads: 2 / Time: 2.731 sec / Speedup: 1.466 / Efficiency: 73% / LogL: -6422
Threads: 3 / Time: 2.450 sec / Speedup: 1.634 / Efficiency: 54% / LogL: -6422
Threads: 4 / Time: 2.553 sec / Speedup: 1.568 / Efficiency: 39% / LogL: -6422
Determining AUTO threadcount: done in 11.7407 secs using 224.5% CPU
BEST NUMBER OF THREADS: 3

  3  GTR+F+G4      5987.398     26  12026.797    12027.396    12176.834
Measuring multi-threading efficiency up to 4 CPU cores
Increase to 10 rounds for branch lengths
260 trees examined
Threads: 1 / Time: 4.012 sec / Speedup: 1.000 / Efficiency: 100% / LogL: -6246
Threads: 2 / Time: 2.821 sec / Speedup: 1.422 / Efficiency: 71% / LogL: -6246
Threads: 3 / Time: 2.457 sec / Speedup: 1.633 / Efficiency: 54% / LogL: -6246
Threads: 4 / Time: 2.588 sec / Speedup: 1.550 / Efficiency: 39% / LogL: -6246
Determining AUTO threadcount: done in 11.8784 secs using 224.9% CPU
BEST NUMBER OF THREADS: 3

  4  GTR+F+I+G4    5984.648     27  12023.296    12023.942    12179.104
Measuring multi-threading efficiency up to 4 CPU cores
Increase to 10 rounds for branch lengths
567 trees examined
Threads: 1 / Time: 4.010 sec / Speedup: 1.000 / Efficiency: 100% / LogL: -6437
Threads: 2 / Time: 3.275 sec / Speedup: 1.225 / Efficiency: 61% / LogL: -6437
Threads: 3 / Time: 2.811 sec / Speedup: 1.427 / Efficiency: 48% / LogL: -6437
Determining AUTO threadcount: done in 10.0964 secs using 185.8% CPU
BEST NUMBER OF THREADS: 2

  5  GTR+F+R2      5987.457     27  12028.915    12029.561    12184.722
Measuring multi-threading efficiency up to 4 CPU cores
Increase to 10 rounds for branch lengths
413 trees examined
Threads: 1 / Time: 4.002 sec / Speedup: 1.000 / Efficiency: 100% / LogL: -6402
Threads: 2 / Time: 2.807 sec / Speedup: 1.426 / Efficiency: 71% / LogL: -6402
Threads: 3 / Time: 2.530 sec / Speedup: 1.582 / Efficiency: 53% / LogL: -6402
Threads: 4 / Time: 2.823 sec / Speedup: 1.418 / Efficiency: 35% / LogL: -6402
Determining AUTO threadcount: done in 12.1626 secs using 227.2% CPU
BEST NUMBER OF THREADS: 3

  6  GTR+F+R3      5985.267     29  12028.535    12029.278    12195.883
Measuring multi-threading efficiency up to 4 CPU cores
Increase to 10 rounds for branch lengths
679 trees examined
Threads: 1 / Time: 4.001 sec / Speedup: 1.000 / Efficiency: 100% / LogL: -6181
Threads: 2 / Time: 3.328 sec / Speedup: 1.202 / Efficiency: 60% / LogL: -6181
Threads: 3 / Time: 3.125 sec / Speedup: 1.280 / Efficiency: 43% / LogL: -6181
Determining AUTO threadcount: done in 10.4547 secs using 187.3% CPU
BEST NUMBER OF THREADS: 2

 15  SYM+I         6023.200     23  12092.401    12092.872    12225.126
Measuring multi-threading efficiency up to 4 CPU cores
Increase to 10 rounds for branch lengths
284 trees examined
Threads: 1 / Time: 4.006 sec / Speedup: 1.000 / Efficiency: 100% / LogL: -6174
Threads: 2 / Time: 2.746 sec / Speedup: 1.459 / Efficiency: 73% / LogL: -6174
Threads: 3 / Time: 2.534 sec / Speedup: 1.581 / Efficiency: 53% / LogL: -6174
Threads: 4 / Time: 2.617 sec / Speedup: 1.531 / Efficiency: 38% / LogL: -6174
Determining AUTO threadcount: done in 11.9035 secs using 225.1% CPU
BEST NUMBER OF THREADS: 3

 16  SYM+G4        6023.163     23  12092.327    12092.797    12225.052
Measuring multi-threading efficiency up to 4 CPU cores
Increase to 10 rounds for branch lengths
253 trees examined
Threads: 1 / Time: 4.002 sec / Speedup: 1.000 / Efficiency: 100% / LogL: -6268
Threads: 2 / Time: 2.757 sec / Speedup: 1.452 / Efficiency: 73% / LogL: -6268
Threads: 3 / Time: 2.465 sec / Speedup: 1.624 / Efficiency: 54% / LogL: -6268
Threads: 4 / Time: 2.702 sec / Speedup: 1.481 / Efficiency: 37% / LogL: -6268
Determining AUTO threadcount: done in 11.9268 secs using 226.8% CPU
BEST NUMBER OF THREADS: 3

 17  SYM+I+G4      6020.337     24  12088.674    12089.186    12227.170
Measuring multi-threading efficiency up to 4 CPU cores
Increase to 10 rounds for branch lengths
593 trees examined
Threads: 1 / Time: 4.004 sec / Speedup: 1.000 / Efficiency: 100% / LogL: -6515
Threads: 2 / Time: 3.006 sec / Speedup: 1.332 / Efficiency: 67% / LogL: -6515
Threads: 3 / Time: 2.676 sec / Speedup: 1.496 / Efficiency: 50% / LogL: -6515
Determining AUTO threadcount: done in 9.68701 secs using 183.8% CPU
BEST NUMBER OF THREADS: 2

 18  SYM+R2        6023.027     24  12094.054    12094.566    12232.550
Measuring multi-threading efficiency up to 4 CPU cores
Increase to 10 rounds for branch lengths
690 trees examined
Threads: 1 / Time: 4.005 sec / Speedup: 1.000 / Efficiency: 100% / LogL: -6181
Threads: 2 / Time: 3.248 sec / Speedup: 1.233 / Efficiency: 62% / LogL: -6181
Threads: 3 / Time: 3.162 sec / Speedup: 1.266 / Efficiency: 42% / LogL: -6181
Determining AUTO threadcount: done in 10.4156 secs using 189% CPU
BEST NUMBER OF THREADS: 2

 28  TVM+F+I       5987.946     25  12025.891    12026.446    12170.157
Measuring multi-threading efficiency up to 4 CPU cores
Increase to 10 rounds for branch lengths
292 trees examined
Threads: 1 / Time: 4.003 sec / Speedup: 1.000 / Efficiency: 100% / LogL: -6271
Threads: 2 / Time: 2.714 sec / Speedup: 1.475 / Efficiency: 74% / LogL: -6271
Threads: 3 / Time: 2.547 sec / Speedup: 1.572 / Efficiency: 52% / LogL: -6271
Threads: 4 / Time: 2.639 sec / Speedup: 1.517 / Efficiency: 38% / LogL: -6271
Determining AUTO threadcount: done in 11.9034 secs using 226.3% CPU
BEST NUMBER OF THREADS: 3

 29  TVM+F+G4      5987.761     25  12025.522    12026.077    12169.789
Measuring multi-threading efficiency up to 4 CPU cores
Increase to 10 rounds for branch lengths
257 trees examined
Threads: 1 / Time: 4.006 sec / Speedup: 1.000 / Efficiency: 100% / LogL: -6223
Threads: 2 / Time: 2.878 sec / Speedup: 1.392 / Efficiency: 70% / LogL: -6223
Threads: 3 / Time: 2.496 sec / Speedup: 1.605 / Efficiency: 54% / LogL: -6223
Threads: 4 / Time: 2.654 sec / Speedup: 1.509 / Efficiency: 38% / LogL: -6223
Determining AUTO threadcount: done in 12.0354 secs using 226.1% CPU
BEST NUMBER OF THREADS: 3

 30  TVM+F+I+G4    5985.245     26  12022.491    12023.090    12172.528
Measuring multi-threading efficiency up to 4 CPU cores
Increase to 10 rounds for branch lengths
578 trees examined
Threads: 1 / Time: 4.003 sec / Speedup: 1.000 / Efficiency: 100% / LogL: -6376
Threads: 2 / Time: 2.881 sec / Speedup: 1.390 / Efficiency: 69% / LogL: -6376
Threads: 3 / Time: 2.830 sec / Speedup: 1.414 / Efficiency: 47% / LogL: -6376
Determining AUTO threadcount: done in 9.71452 secs using 185.8% CPU
BEST NUMBER OF THREADS: 2

 31  TVM+F+R2      5987.791     26  12027.581    12028.181    12177.618
Measuring multi-threading efficiency up to 4 CPU cores
Increase to 10 rounds for branch lengths
673 trees examined
Threads: 1 / Time: 4.001 sec / Speedup: 1.000 / Efficiency: 100% / LogL: -6222
Threads: 2 / Time: 3.367 sec / Speedup: 1.188 / Efficiency: 59% / LogL: -6222
Threads: 3 / Time: 2.997 sec / Speedup: 1.335 / Efficiency: 45% / LogL: -6222
Determining AUTO threadcount: done in 10.3648 secs using 186.8% CPU
BEST NUMBER OF THREADS: 2

 41  TVMe+I        6024.597     22  12093.195    12093.626    12220.149
Measuring multi-threading efficiency up to 4 CPU cores
Increase to 10 rounds for branch lengths
281 trees examined
Threads: 1 / Time: 4.004 sec / Speedup: 1.000 / Efficiency: 100% / LogL: -6274
Threads: 2 / Time: 2.783 sec / Speedup: 1.439 / Efficiency: 72% / LogL: -6274
Threads: 3 / Time: 2.424 sec / Speedup: 1.652 / Efficiency: 55% / LogL: -6274
Threads: 4 / Time: 3.054 sec / Speedup: 1.311 / Efficiency: 33% / LogL: -6274
Determining AUTO threadcount: done in 12.2657 secs using 227.3% CPU
BEST NUMBER OF THREADS: 3

 42  TVMe+G4       6024.646     22  12093.292    12093.723    12220.246
Measuring multi-threading efficiency up to 4 CPU cores
Increase to 10 rounds for branch lengths
255 trees examined
Threads: 1 / Time: 4.002 sec / Speedup: 1.000 / Efficiency: 100% / LogL: -6261
Threads: 2 / Time: 2.746 sec / Speedup: 1.457 / Efficiency: 73% / LogL: -6261
Threads: 3 / Time: 2.544 sec / Speedup: 1.573 / Efficiency: 52% / LogL: -6261
Threads: 4 / Time: 2.606 sec / Speedup: 1.535 / Efficiency: 38% / LogL: -6261
Determining AUTO threadcount: done in 11.8988 secs using 224.4% CPU
BEST NUMBER OF THREADS: 3

 43  TVMe+I+G4     6022.257     23  12090.515    12090.986    12223.240
Measuring multi-threading efficiency up to 4 CPU cores
Increase to 10 rounds for branch lengths
576 trees examined
Threads: 1 / Time: 4.007 sec / Speedup: 1.000 / Efficiency: 100% / LogL: -6496
Threads: 2 / Time: 2.888 sec / Speedup: 1.388 / Efficiency: 69% / LogL: -6496
Threads: 3 / Time: 2.760 sec / Speedup: 1.452 / Efficiency: 48% / LogL: -6496
Determining AUTO threadcount: done in 9.65568 secs using 183.9% CPU
BEST NUMBER OF THREADS: 2

 44  TVMe+R2       6024.446     23  12094.892    12095.362    12227.617
Measuring multi-threading efficiency up to 4 CPU cores
Increase to 10 rounds for branch lengths
685 trees examined
Threads: 1 / Time: 4.002 sec / Speedup: 1.000 / Efficiency: 100% / LogL: -6241
Threads: 2 / Time: 3.627 sec / Speedup: 1.103 / Efficiency: 55% / LogL: -6241
Threads: 3 / Time: 3.147 sec / Speedup: 1.272 / Efficiency: 42% / LogL: -6241
Determining AUTO threadcount: done in 10.7764 secs using 188.9% CPU
BEST NUMBER OF THREADS: 2

 54  TIM3+F+I      5989.905     24  12027.810    12028.322    12166.305
Measuring multi-threading efficiency up to 4 CPU cores
Increase to 10 rounds for branch lengths
292 trees examined
Threads: 1 / Time: 4.002 sec / Speedup: 1.000 / Efficiency: 100% / LogL: -6268
Threads: 2 / Time: 2.920 sec / Speedup: 1.370 / Efficiency: 69% / LogL: -6268
Threads: 3 / Time: 2.536 sec / Speedup: 1.578 / Efficiency: 53% / LogL: -6268
Threads: 4 / Time: 2.685 sec / Speedup: 1.491 / Efficiency: 37% / LogL: -6268
Determining AUTO threadcount: done in 12.144 secs using 226.1% CPU
BEST NUMBER OF THREADS: 3

 55  TIM3+F+G4     5989.669     24  12027.339    12027.850    12165.834
Measuring multi-threading efficiency up to 4 CPU cores
Increase to 10 rounds for branch lengths
257 trees examined
Threads: 1 / Time: 4.002 sec / Speedup: 1.000 / Efficiency: 100% / LogL: -6225
Threads: 2 / Time: 2.853 sec / Speedup: 1.403 / Efficiency: 70% / LogL: -6225
Threads: 3 / Time: 2.538 sec / Speedup: 1.577 / Efficiency: 53% / LogL: -6225
Threads: 4 / Time: 2.645 sec / Speedup: 1.513 / Efficiency: 38% / LogL: -6225
Determining AUTO threadcount: done in 12.0388 secs using 226% CPU
BEST NUMBER OF THREADS: 3

 56  TIM3+F+I+G4   5986.968     25  12023.936    12024.490    12168.202
Measuring multi-threading efficiency up to 4 CPU cores
Increase to 10 rounds for branch lengths
578 trees examined
Threads: 1 / Time: 4.003 sec / Speedup: 1.000 / Efficiency: 100% / LogL: -6424
Threads: 2 / Time: 3.186 sec / Speedup: 1.256 / Efficiency: 63% / LogL: -6424
Threads: 3 / Time: 2.805 sec / Speedup: 1.427 / Efficiency: 48% / LogL: -6424
Determining AUTO threadcount: done in 9.99461 secs using 185.5% CPU
BEST NUMBER OF THREADS: 2

 57  TIM3+F+R2     5989.679     25  12029.358    12029.912    12173.624
Measuring multi-threading efficiency up to 4 CPU cores
Increase to 10 rounds for branch lengths
683 trees examined
Threads: 1 / Time: 4.004 sec / Speedup: 1.000 / Efficiency: 100% / LogL: -6312
Threads: 2 / Time: 3.595 sec / Speedup: 1.114 / Efficiency: 56% / LogL: -6312
Threads: 3 / Time: 3.067 sec / Speedup: 1.305 / Efficiency: 44% / LogL: -6312
Determining AUTO threadcount: done in 10.6667 secs using 187.9% CPU
BEST NUMBER OF THREADS: 2

 67  TIM3e+I       6026.939     21  12095.878    12096.272    12217.062
Measuring multi-threading efficiency up to 4 CPU cores
Increase to 10 rounds for branch lengths
284 trees examined
Threads: 1 / Time: 4.004 sec / Speedup: 1.000 / Efficiency: 100% / LogL: -6316
Threads: 2 / Time: 2.811 sec / Speedup: 1.424 / Efficiency: 71% / LogL: -6316
Threads: 3 / Time: 2.505 sec / Speedup: 1.599 / Efficiency: 53% / LogL: -6316
Threads: 4 / Time: 2.713 sec / Speedup: 1.476 / Efficiency: 37% / LogL: -6316
Determining AUTO threadcount: done in 12.0345 secs using 226.8% CPU
BEST NUMBER OF THREADS: 3

 68  TIM3e+G4      6026.917     21  12095.835    12096.228    12217.018
Measuring multi-threading efficiency up to 4 CPU cores
Increase to 10 rounds for branch lengths
257 trees examined
Threads: 1 / Time: 4.015 sec / Speedup: 1.000 / Efficiency: 100% / LogL: -6300
Threads: 2 / Time: 2.876 sec / Speedup: 1.396 / Efficiency: 70% / LogL: -6300
Threads: 3 / Time: 2.608 sec / Speedup: 1.540 / Efficiency: 51% / LogL: -6300
Threads: 4 / Time: 2.716 sec / Speedup: 1.478 / Efficiency: 37% / LogL: -6300
Determining AUTO threadcount: done in 12.2145 secs using 226.9% CPU
BEST NUMBER OF THREADS: 3

 69  TIM3e+I+G4    6024.231     22  12092.462    12092.893    12219.416
Measuring multi-threading efficiency up to 4 CPU cores
Increase to 10 rounds for branch lengths
577 trees examined
Threads: 1 / Time: 4.006 sec / Speedup: 1.000 / Efficiency: 100% / LogL: -6543
Threads: 2 / Time: 2.840 sec / Speedup: 1.411 / Efficiency: 71% / LogL: -6543
Threads: 3 / Time: 2.755 sec / Speedup: 1.454 / Efficiency: 48% / LogL: -6543
Determining AUTO threadcount: done in 9.60146 secs using 184.6% CPU
BEST NUMBER OF THREADS: 2

 70  TIM3e+R2      6026.770     22  12097.540    12097.971    12224.494
Measuring multi-threading efficiency up to 4 CPU cores
Increase to 10 rounds for branch lengths
679 trees examined
Threads: 1 / Time: 4.005 sec / Speedup: 1.000 / Efficiency: 100% / LogL: -6273
Threads: 2 / Time: 3.459 sec / Speedup: 1.158 / Efficiency: 58% / LogL: -6273
Threads: 3 / Time: 3.161 sec / Speedup: 1.267 / Efficiency: 42% / LogL: -6273
Determining AUTO threadcount: done in 10.6254 secs using 188.4% CPU
BEST NUMBER OF THREADS: 2

 80  TIM2+F+I      5994.174     24  12036.349    12036.861    12174.844
Measuring multi-threading efficiency up to 4 CPU cores
Increase to 10 rounds for branch lengths
291 trees examined
Threads: 1 / Time: 4.008 sec / Speedup: 1.000 / Efficiency: 100% / LogL: -6285
Threads: 2 / Time: 2.758 sec / Speedup: 1.453 / Efficiency: 73% / LogL: -6285
Threads: 3 / Time: 2.526 sec / Speedup: 1.586 / Efficiency: 53% / LogL: -6285
Threads: 4 / Time: 2.848 sec / Speedup: 1.407 / Efficiency: 35% / LogL: -6285
Determining AUTO threadcount: done in 12.1417 secs using 226.5% CPU
BEST NUMBER OF THREADS: 3

 81  TIM2+F+G4     5993.864     24  12035.728    12036.239    12174.223
Measuring multi-threading efficiency up to 4 CPU cores
Increase to 10 rounds for branch lengths
262 trees examined
Threads: 1 / Time: 4.007 sec / Speedup: 1.000 / Efficiency: 100% / LogL: -6267
Threads: 2 / Time: 2.856 sec / Speedup: 1.403 / Efficiency: 70% / LogL: -6267
Threads: 3 / Time: 2.563 sec / Speedup: 1.564 / Efficiency: 52% / LogL: -6267
Threads: 4 / Time: 2.655 sec / Speedup: 1.509 / Efficiency: 38% / LogL: -6267
Determining AUTO threadcount: done in 12.0828 secs using 226.2% CPU
BEST NUMBER OF THREADS: 3

 82  TIM2+F+I+G4   5991.483     25  12032.966    12033.521    12177.232
Measuring multi-threading efficiency up to 4 CPU cores
Increase to 10 rounds for branch lengths
566 trees examined
Threads: 1 / Time: 4.000 sec / Speedup: 1.000 / Efficiency: 100% / LogL: -6436
Threads: 2 / Time: 2.994 sec / Speedup: 1.336 / Efficiency: 67% / LogL: -6436
Threads: 3 / Time: 2.725 sec / Speedup: 1.468 / Efficiency: 49% / LogL: -6436
Determining AUTO threadcount: done in 9.71937 secs using 184.9% CPU
BEST NUMBER OF THREADS: 2

 83  TIM2+F+R2     5994.011     25  12038.021    12038.576    12182.287
Measuring multi-threading efficiency up to 4 CPU cores
Increase to 10 rounds for branch lengths
684 trees examined
Threads: 1 / Time: 4.002 sec / Speedup: 1.000 / Efficiency: 100% / LogL: -6326
Threads: 2 / Time: 3.204 sec / Speedup: 1.249 / Efficiency: 62% / LogL: -6326
Threads: 3 / Time: 2.854 sec / Speedup: 1.402 / Efficiency: 47% / LogL: -6326
Determining AUTO threadcount: done in 10.0602 secs using 185.7% CPU
BEST NUMBER OF THREADS: 2

 93  TIM2e+I       6033.756     21  12109.512    12109.906    12230.696
Measuring multi-threading efficiency up to 4 CPU cores
Increase to 10 rounds for branch lengths
289 trees examined
Threads: 1 / Time: 4.004 sec / Speedup: 1.000 / Efficiency: 100% / LogL: -6305
Threads: 2 / Time: 2.859 sec / Speedup: 1.400 / Efficiency: 70% / LogL: -6305
Threads: 3 / Time: 2.405 sec / Speedup: 1.665 / Efficiency: 55% / LogL: -6305
Threads: 4 / Time: 2.647 sec / Speedup: 1.513 / Efficiency: 38% / LogL: -6305
Determining AUTO threadcount: done in 11.916 secs using 225.4% CPU
BEST NUMBER OF THREADS: 3

 94  TIM2e+G4      6033.617     21  12109.235    12109.628    12230.418
Measuring multi-threading efficiency up to 4 CPU cores
Increase to 10 rounds for branch lengths
266 trees examined
Threads: 1 / Time: 4.011 sec / Speedup: 1.000 / Efficiency: 100% / LogL: -6267
Threads: 2 / Time: 2.801 sec / Speedup: 1.432 / Efficiency: 72% / LogL: -6267
Threads: 3 / Time: 2.404 sec / Speedup: 1.669 / Efficiency: 56% / LogL: -6267
Threads: 4 / Time: 2.708 sec / Speedup: 1.481 / Efficiency: 37% / LogL: -6267
Determining AUTO threadcount: done in 11.9256 secs using 225.7% CPU
BEST NUMBER OF THREADS: 3

 95  TIM2e+I+G4    6031.341     22  12106.683    12107.114    12233.637
Measuring multi-threading efficiency up to 4 CPU cores
Increase to 10 rounds for branch lengths
575 trees examined
Threads: 1 / Time: 4.004 sec / Speedup: 1.000 / Efficiency: 100% / LogL: -6482
Threads: 2 / Time: 3.040 sec / Speedup: 1.317 / Efficiency: 66% / LogL: -6482
Threads: 3 / Time: 2.750 sec / Speedup: 1.456 / Efficiency: 49% / LogL: -6482
Determining AUTO threadcount: done in 9.79509 secs using 184.8% CPU
BEST NUMBER OF THREADS: 2

 96  TIM2e+R2      6033.614     22  12111.228    12111.659    12238.182
Measuring multi-threading efficiency up to 4 CPU cores
Increase to 10 rounds for branch lengths
689 trees examined
Threads: 1 / Time: 4.000 sec / Speedup: 1.000 / Efficiency: 100% / LogL: -6270
Threads: 2 / Time: 3.195 sec / Speedup: 1.252 / Efficiency: 63% / LogL: -6270
Threads: 3 / Time: 3.123 sec / Speedup: 1.281 / Efficiency: 43% / LogL: -6270
Determining AUTO threadcount: done in 10.3193 secs using 188.2% CPU
BEST NUMBER OF THREADS: 2

106  TIM+F+I       5991.203     24  12030.406    12030.918    12168.901
Measuring multi-threading efficiency up to 4 CPU cores
Increase to 10 rounds for branch lengths
293 trees examined
Threads: 1 / Time: 4.005 sec / Speedup: 1.000 / Efficiency: 100% / LogL: -6090
Threads: 2 / Time: 2.944 sec / Speedup: 1.360 / Efficiency: 68% / LogL: -6090
Threads: 3 / Time: 2.576 sec / Speedup: 1.555 / Efficiency: 52% / LogL: -6090
Threads: 4 / Time: 2.968 sec / Speedup: 1.349 / Efficiency: 34% / LogL: -6090
Determining AUTO threadcount: done in 12.4929 secs using 226.2% CPU
BEST NUMBER OF THREADS: 3

107  TIM+F+G4      5990.864     24  12029.729    12030.240    12168.224
Measuring multi-threading efficiency up to 4 CPU cores
Increase to 10 rounds for branch lengths
263 trees examined
Threads: 1 / Time: 4.021 sec / Speedup: 1.000 / Efficiency: 100% / LogL: -6251
Threads: 2 / Time: 2.917 sec / Speedup: 1.378 / Efficiency: 69% / LogL: -6251
Threads: 3 / Time: 2.434 sec / Speedup: 1.652 / Efficiency: 55% / LogL: -6251
Threads: 4 / Time: 2.720 sec / Speedup: 1.478 / Efficiency: 37% / LogL: -6251
Determining AUTO threadcount: done in 12.0925 secs using 225.4% CPU
BEST NUMBER OF THREADS: 3

108  TIM+F+I+G4    5988.244     25  12026.487    12027.042    12170.753
Measuring multi-threading efficiency up to 4 CPU cores
Increase to 10 rounds for branch lengths
573 trees examined
Threads: 1 / Time: 4.000 sec / Speedup: 1.000 / Efficiency: 100% / LogL: -6444
Threads: 2 / Time: 2.941 sec / Speedup: 1.360 / Efficiency: 68% / LogL: -6444
Threads: 3 / Time: 2.596 sec / Speedup: 1.541 / Efficiency: 51% / LogL: -6444
Threads: 4 / Time: 3.056 sec / Speedup: 1.309 / Efficiency: 33% / LogL: -6444
Determining AUTO threadcount: done in 12.594 secs using 230.7% CPU
BEST NUMBER OF THREADS: 3

109  TIM+F+R2      5991.015     25  12032.030    12032.585    12176.296
Measuring multi-threading efficiency up to 4 CPU cores
Increase to 10 rounds for branch lengths
679 trees examined
Threads: 1 / Time: 4.003 sec / Speedup: 1.000 / Efficiency: 100% / LogL: -6327
Threads: 2 / Time: 3.206 sec / Speedup: 1.249 / Efficiency: 62% / LogL: -6327
Threads: 3 / Time: 3.069 sec / Speedup: 1.304 / Efficiency: 43% / LogL: -6327
Determining AUTO threadcount: done in 10.279 secs using 188.2% CPU
BEST NUMBER OF THREADS: 2

119  TIMe+I        6032.113     21  12106.227    12106.620    12227.410
Measuring multi-threading efficiency up to 4 CPU cores
Increase to 10 rounds for branch lengths
284 trees examined
Threads: 1 / Time: 4.010 sec / Speedup: 1.000 / Efficiency: 100% / LogL: -6312
Threads: 2 / Time: 2.796 sec / Speedup: 1.434 / Efficiency: 72% / LogL: -6312
Threads: 3 / Time: 2.594 sec / Speedup: 1.546 / Efficiency: 52% / LogL: -6312
Threads: 4 / Time: 2.738 sec / Speedup: 1.465 / Efficiency: 37% / LogL: -6312
Determining AUTO threadcount: done in 12.1393 secs using 227.2% CPU
BEST NUMBER OF THREADS: 3

120  TIMe+G4       6031.947     21  12105.894    12106.287    12227.077
Measuring multi-threading efficiency up to 4 CPU cores
Increase to 10 rounds for branch lengths
258 trees examined
Threads: 1 / Time: 4.010 sec / Speedup: 1.000 / Efficiency: 100% / LogL: -6272
Threads: 2 / Time: 2.923 sec / Speedup: 1.372 / Efficiency: 69% / LogL: -6272
Threads: 3 / Time: 2.494 sec / Speedup: 1.608 / Efficiency: 54% / LogL: -6272
Threads: 4 / Time: 3.062 sec / Speedup: 1.310 / Efficiency: 33% / LogL: -6272
Determining AUTO threadcount: done in 12.4905 secs using 225.5% CPU
BEST NUMBER OF THREADS: 3

121  TIMe+I+G4     6029.463     22  12102.927    12103.358    12229.881
Measuring multi-threading efficiency up to 4 CPU cores
Increase to 10 rounds for branch lengths
576 trees examined
Threads: 1 / Time: 4.000 sec / Speedup: 1.000 / Efficiency: 100% / LogL: -6474
Threads: 2 / Time: 2.942 sec / Speedup: 1.359 / Efficiency: 68% / LogL: -6474
Threads: 3 / Time: 2.752 sec / Speedup: 1.453 / Efficiency: 48% / LogL: -6474
Determining AUTO threadcount: done in 9.69551 secs using 184.2% CPU
BEST NUMBER OF THREADS: 2

122  TIMe+R2       6031.944     22  12107.888    12108.319    12234.842
Measuring multi-threading efficiency up to 4 CPU cores
Increase to 10 rounds for branch lengths
690 trees examined
Threads: 1 / Time: 4.006 sec / Speedup: 1.000 / Efficiency: 100% / LogL: -6275
Threads: 2 / Time: 3.314 sec / Speedup: 1.209 / Efficiency: 60% / LogL: -6275
Threads: 3 / Time: 3.143 sec / Speedup: 1.275 / Efficiency: 42% / LogL: -6275
Determining AUTO threadcount: done in 10.4632 secs using 188.4% CPU
BEST NUMBER OF THREADS: 2

132  TPM3u+F+I     5990.227     23  12026.454    12026.925    12159.179
Measuring multi-threading efficiency up to 4 CPU cores
Increase to 10 rounds for branch lengths
280 trees examined
Threads: 1 / Time: 4.002 sec / Speedup: 1.000 / Efficiency: 100% / LogL: -6241
Threads: 2 / Time: 2.665 sec / Speedup: 1.502 / Efficiency: 75% / LogL: -6241
Threads: 3 / Time: 2.548 sec / Speedup: 1.571 / Efficiency: 52% / LogL: -6241
Threads: 4 / Time: 2.590 sec / Speedup: 1.545 / Efficiency: 39% / LogL: -6241
Determining AUTO threadcount: done in 11.8053 secs using 226% CPU
BEST NUMBER OF THREADS: 2

133  TPM3u+F+G4    5990.040     23  12026.080    12026.551    12158.805
Measuring multi-threading efficiency up to 4 CPU cores
Increase to 10 rounds for branch lengths
260 trees examined
Threads: 1 / Time: 4.007 sec / Speedup: 1.000 / Efficiency: 100% / LogL: -6262
Threads: 2 / Time: 2.740 sec / Speedup: 1.462 / Efficiency: 73% / LogL: -6262
Threads: 3 / Time: 2.558 sec / Speedup: 1.566 / Efficiency: 52% / LogL: -6262
Threads: 4 / Time: 2.668 sec / Speedup: 1.502 / Efficiency: 38% / LogL: -6262
Determining AUTO threadcount: done in 11.975 secs using 226.1% CPU
BEST NUMBER OF THREADS: 3

134  TPM3u+F+I+G4  5987.569     24  12023.138    12023.650    12161.634
Measuring multi-threading efficiency up to 4 CPU cores
Increase to 10 rounds for branch lengths
575 trees examined
Threads: 1 / Time: 4.002 sec / Speedup: 1.000 / Efficiency: 100% / LogL: -6375
Threads: 2 / Time: 3.038 sec / Speedup: 1.317 / Efficiency: 66% / LogL: -6375
Threads: 3 / Time: 2.820 sec / Speedup: 1.419 / Efficiency: 47% / LogL: -6375
Determining AUTO threadcount: done in 9.85992 secs using 185.3% CPU
BEST NUMBER OF THREADS: 2

135  TPM3u+F+R2    5990.062     24  12028.124    12028.636    12166.620
Measuring multi-threading efficiency up to 4 CPU cores
Increase to 10 rounds for branch lengths
681 trees examined
Threads: 1 / Time: 4.004 sec / Speedup: 1.000 / Efficiency: 100% / LogL: -6315
Threads: 2 / Time: 2.950 sec / Speedup: 1.357 / Efficiency: 68% / LogL: -6315
Threads: 3 / Time: 3.089 sec / Speedup: 1.296 / Efficiency: 43% / LogL: -6315
Determining AUTO threadcount: done in 10.0435 secs using 188% CPU
BEST NUMBER OF THREADS: 2

145  TPM3+I        6028.278     20  12096.556    12096.914    12211.969
Measuring multi-threading efficiency up to 4 CPU cores
Increase to 10 rounds for branch lengths
287 trees examined
Threads: 1 / Time: 4.002 sec / Speedup: 1.000 / Efficiency: 100% / LogL: -6317
Threads: 2 / Time: 2.732 sec / Speedup: 1.465 / Efficiency: 73% / LogL: -6317
Threads: 3 / Time: 2.525 sec / Speedup: 1.585 / Efficiency: 53% / LogL: -6317
Threads: 4 / Time: 2.599 sec / Speedup: 1.540 / Efficiency: 38% / LogL: -6317
Determining AUTO threadcount: done in 11.8589 secs using 225.6% CPU
BEST NUMBER OF THREADS: 3

146  TPM3+G4       6028.342     20  12096.683    12097.041    12212.096
Measuring multi-threading efficiency up to 4 CPU cores
Increase to 10 rounds for branch lengths
260 trees examined
Threads: 1 / Time: 4.001 sec / Speedup: 1.000 / Efficiency: 100% / LogL: -6306
Threads: 2 / Time: 2.956 sec / Speedup: 1.353 / Efficiency: 68% / LogL: -6306
Threads: 3 / Time: 2.479 sec / Speedup: 1.614 / Efficiency: 54% / LogL: -6306
Threads: 4 / Time: 2.727 sec / Speedup: 1.467 / Efficiency: 37% / LogL: -6306
Determining AUTO threadcount: done in 12.1632 secs using 226.5% CPU
BEST NUMBER OF THREADS: 3

147  TPM3+I+G4     6026.073     21  12094.145    12094.539    12215.329
Measuring multi-threading efficiency up to 4 CPU cores
Increase to 10 rounds for branch lengths
583 trees examined
Threads: 1 / Time: 4.002 sec / Speedup: 1.000 / Efficiency: 100% / LogL: -6452
Threads: 2 / Time: 2.894 sec / Speedup: 1.383 / Efficiency: 69% / LogL: -6452
Threads: 3 / Time: 2.740 sec / Speedup: 1.461 / Efficiency: 49% / LogL: -6452
Determining AUTO threadcount: done in 9.63566 secs using 184.2% CPU
BEST NUMBER OF THREADS: 2

148  TPM3+R2       6028.134     21  12098.268    12098.661    12219.451
Measuring multi-threading efficiency up to 4 CPU cores
Increase to 10 rounds for branch lengths
681 trees examined
Threads: 1 / Time: 4.003 sec / Speedup: 1.000 / Efficiency: 100% / LogL: -6277
Threads: 2 / Time: 3.127 sec / Speedup: 1.280 / Efficiency: 64% / LogL: -6277
Threads: 3 / Time: 2.924 sec / Speedup: 1.369 / Efficiency: 46% / LogL: -6277
Determining AUTO threadcount: done in 10.0545 secs using 186% CPU
BEST NUMBER OF THREADS: 2

158  TPM2u+F+I     5994.517     23  12035.034    12035.505    12167.759
Measuring multi-threading efficiency up to 4 CPU cores
Increase to 10 rounds for branch lengths
296 trees examined
Threads: 1 / Time: 4.007 sec / Speedup: 1.000 / Efficiency: 100% / LogL: -6241
Threads: 2 / Time: 2.742 sec / Speedup: 1.461 / Efficiency: 73% / LogL: -6241
Threads: 3 / Time: 2.482 sec / Speedup: 1.615 / Efficiency: 54% / LogL: -6241
Threads: 4 / Time: 2.942 sec / Speedup: 1.362 / Efficiency: 34% / LogL: -6241
Determining AUTO threadcount: done in 12.1738 secs using 227.1% CPU
BEST NUMBER OF THREADS: 3

159  TPM2u+F+G4    5994.255     23  12034.510    12034.980    12167.235
Measuring multi-threading efficiency up to 4 CPU cores
Increase to 10 rounds for branch lengths
260 trees examined
Threads: 1 / Time: 4.022 sec / Speedup: 1.000 / Efficiency: 100% / LogL: -6229
Threads: 2 / Time: 2.772 sec / Speedup: 1.451 / Efficiency: 73% / LogL: -6229
Threads: 3 / Time: 2.539 sec / Speedup: 1.584 / Efficiency: 53% / LogL: -6229
Threads: 4 / Time: 2.675 sec / Speedup: 1.504 / Efficiency: 38% / LogL: -6229
Determining AUTO threadcount: done in 12.0105 secs using 226.6% CPU
BEST NUMBER OF THREADS: 3

160  TPM2u+F+I+G4  5992.061     24  12032.122    12032.634    12170.617
Measuring multi-threading efficiency up to 4 CPU cores
Increase to 10 rounds for branch lengths
564 trees examined
Threads: 1 / Time: 4.002 sec / Speedup: 1.000 / Efficiency: 100% / LogL: -6386
Threads: 2 / Time: 2.808 sec / Speedup: 1.426 / Efficiency: 71% / LogL: -6386
Threads: 3 / Time: 2.801 sec / Speedup: 1.429 / Efficiency: 48% / LogL: -6386
Determining AUTO threadcount: done in 9.6113 secs using 184.7% CPU
BEST NUMBER OF THREADS: 2

161  TPM2u+F+R2    5994.371     24  12036.743    12037.255    12175.238
Measuring multi-threading efficiency up to 4 CPU cores
Increase to 10 rounds for branch lengths
686 trees examined
Threads: 1 / Time: 4.004 sec / Speedup: 1.000 / Efficiency: 100% / LogL: -6280
Threads: 2 / Time: 3.184 sec / Speedup: 1.257 / Efficiency: 63% / LogL: -6280
Threads: 3 / Time: 3.112 sec / Speedup: 1.287 / Efficiency: 43% / LogL: -6280
Determining AUTO threadcount: done in 10.301 secs using 188.1% CPU
BEST NUMBER OF THREADS: 2

171  TPM2+I        6035.359     20  12110.719    12111.077    12226.132
Measuring multi-threading efficiency up to 4 CPU cores
Increase to 10 rounds for branch lengths
287 trees examined
Threads: 1 / Time: 4.005 sec / Speedup: 1.000 / Efficiency: 100% / LogL: -6283
Threads: 2 / Time: 3.182 sec / Speedup: 1.259 / Efficiency: 63% / LogL: -6283
Threads: 3 / Time: 2.605 sec / Speedup: 1.537 / Efficiency: 51% / LogL: -6283
Threads: 4 / Time: 2.645 sec / Speedup: 1.514 / Efficiency: 38% / LogL: -6283
Determining AUTO threadcount: done in 12.4384 secs using 225.4% CPU
BEST NUMBER OF THREADS: 3

172  TPM2+G4       6035.313     20  12110.625    12110.983    12226.038
Measuring multi-threading efficiency up to 4 CPU cores
Increase to 10 rounds for branch lengths
261 trees examined
Threads: 1 / Time: 4.010 sec / Speedup: 1.000 / Efficiency: 100% / LogL: -6305
Threads: 2 / Time: 2.881 sec / Speedup: 1.392 / Efficiency: 70% / LogL: -6305
Threads: 3 / Time: 2.545 sec / Speedup: 1.576 / Efficiency: 53% / LogL: -6305
Threads: 4 / Time: 2.668 sec / Speedup: 1.503 / Efficiency: 38% / LogL: -6305
Determining AUTO threadcount: done in 12.1048 secs using 225.7% CPU
BEST NUMBER OF THREADS: 3

173  TPM2+I+G4     6033.439     21  12108.878    12109.272    12230.062
Measuring multi-threading efficiency up to 4 CPU cores
Increase to 10 rounds for branch lengths
577 trees examined
Threads: 1 / Time: 4.004 sec / Speedup: 1.000 / Efficiency: 100% / LogL: -6506
Threads: 2 / Time: 2.952 sec / Speedup: 1.356 / Efficiency: 68% / LogL: -6506
Threads: 3 / Time: 2.790 sec / Speedup: 1.435 / Efficiency: 48% / LogL: -6506
Determining AUTO threadcount: done in 9.7472 secs using 183.8% CPU
BEST NUMBER OF THREADS: 2

174  TPM2+R2       6035.239     21  12112.477    12112.871    12233.661
Measuring multi-threading efficiency up to 4 CPU cores
Increase to 10 rounds for branch lengths
682 trees examined
Threads: 1 / Time: 4.003 sec / Speedup: 1.000 / Efficiency: 100% / LogL: -6242
Threads: 2 / Time: 3.196 sec / Speedup: 1.253 / Efficiency: 63% / LogL: -6242
Threads: 3 / Time: 2.917 sec / Speedup: 1.372 / Efficiency: 46% / LogL: -6242
Determining AUTO threadcount: done in 10.1163 secs using 186.4% CPU
BEST NUMBER OF THREADS: 2

184  K3Pu+F+I      5991.540     23  12029.079    12029.550    12161.804
Measuring multi-threading efficiency up to 4 CPU cores
Increase to 10 rounds for branch lengths
288 trees examined
Threads: 1 / Time: 4.008 sec / Speedup: 1.000 / Efficiency: 100% / LogL: -6232
Threads: 2 / Time: 2.744 sec / Speedup: 1.461 / Efficiency: 73% / LogL: -6232
Threads: 3 / Time: 2.586 sec / Speedup: 1.550 / Efficiency: 52% / LogL: -6232
Threads: 4 / Time: 2.826 sec / Speedup: 1.418 / Efficiency: 35% / LogL: -6232
Determining AUTO threadcount: done in 12.1654 secs using 226.8% CPU
BEST NUMBER OF THREADS: 3

185  K3Pu+F+G4     5991.255     23  12028.510    12028.981    12161.235
Measuring multi-threading efficiency up to 4 CPU cores
Increase to 10 rounds for branch lengths
257 trees examined
Threads: 1 / Time: 4.007 sec / Speedup: 1.000 / Efficiency: 100% / LogL: -6209
Threads: 2 / Time: 2.877 sec / Speedup: 1.393 / Efficiency: 70% / LogL: -6209
Threads: 3 / Time: 2.499 sec / Speedup: 1.604 / Efficiency: 53% / LogL: -6209
Threads: 4 / Time: 2.701 sec / Speedup: 1.484 / Efficiency: 37% / LogL: -6209
Determining AUTO threadcount: done in 12.0842 secs using 225.9% CPU
BEST NUMBER OF THREADS: 3

186  K3Pu+F+I+G4   5988.828     24  12025.657    12026.169    12164.152
Measuring multi-threading efficiency up to 4 CPU cores
Increase to 10 rounds for branch lengths
574 trees examined
Threads: 1 / Time: 4.006 sec / Speedup: 1.000 / Efficiency: 100% / LogL: -6485
Threads: 2 / Time: 3.048 sec / Speedup: 1.314 / Efficiency: 66% / LogL: -6485
Threads: 3 / Time: 2.838 sec / Speedup: 1.412 / Efficiency: 47% / LogL: -6485
Determining AUTO threadcount: done in 9.89355 secs using 186.2% CPU
BEST NUMBER OF THREADS: 2

187  K3Pu+F+R2     5991.371     24  12030.743    12031.255    12169.238
Measuring multi-threading efficiency up to 4 CPU cores
Increase to 10 rounds for branch lengths
677 trees examined
Threads: 1 / Time: 4.002 sec / Speedup: 1.000 / Efficiency: 100% / LogL: -6328
Threads: 2 / Time: 3.645 sec / Speedup: 1.098 / Efficiency: 55% / LogL: -6328
Threads: 3 / Time: 3.237 sec / Speedup: 1.236 / Efficiency: 41% / LogL: -6328
Determining AUTO threadcount: done in 10.8851 secs using 189.6% CPU
BEST NUMBER OF THREADS: 2

197  K3P+I         6033.660     20  12107.319    12107.677    12222.732
Measuring multi-threading efficiency up to 4 CPU cores
Increase to 10 rounds for branch lengths
290 trees examined
Threads: 1 / Time: 4.010 sec / Speedup: 1.000 / Efficiency: 100% / LogL: -6328
Threads: 2 / Time: 2.770 sec / Speedup: 1.447 / Efficiency: 72% / LogL: -6328
Threads: 3 / Time: 2.580 sec / Speedup: 1.554 / Efficiency: 52% / LogL: -6328
Threads: 4 / Time: 3.052 sec / Speedup: 1.314 / Efficiency: 33% / LogL: -6328
Determining AUTO threadcount: done in 12.4127 secs using 228.3% CPU
BEST NUMBER OF THREADS: 3

198  K3P+G4        6033.588     20  12107.177    12107.534    12222.589
Measuring multi-threading efficiency up to 4 CPU cores
Increase to 10 rounds for branch lengths
259 trees examined
Threads: 1 / Time: 4.014 sec / Speedup: 1.000 / Efficiency: 100% / LogL: -6306
Threads: 2 / Time: 2.762 sec / Speedup: 1.453 / Efficiency: 73% / LogL: -6306
Threads: 3 / Time: 2.472 sec / Speedup: 1.624 / Efficiency: 54% / LogL: -6306
Threads: 4 / Time: 2.889 sec / Speedup: 1.390 / Efficiency: 35% / LogL: -6306
Determining AUTO threadcount: done in 12.1373 secs using 226.1% CPU
BEST NUMBER OF THREADS: 3

199  K3P+I+G4      6031.481     21  12104.963    12105.356    12226.146
Measuring multi-threading efficiency up to 4 CPU cores
Increase to 10 rounds for branch lengths
578 trees examined
Threads: 1 / Time: 4.001 sec / Speedup: 1.000 / Efficiency: 100% / LogL: -6530
Threads: 2 / Time: 2.961 sec / Speedup: 1.351 / Efficiency: 68% / LogL: -6530
Threads: 3 / Time: 2.660 sec / Speedup: 1.504 / Efficiency: 50% / LogL: -6530
Threads: 4 / Time: 2.966 sec / Speedup: 1.349 / Efficiency: 34% / LogL: -6530
Determining AUTO threadcount: done in 12.5884 secs using 229.6% CPU
BEST NUMBER OF THREADS: 3

200  K3P+R2        6033.524     21  12109.048    12109.442    12230.232
Measuring multi-threading efficiency up to 4 CPU cores
Increase to 10 rounds for branch lengths
692 trees examined
Threads: 1 / Time: 4.004 sec / Speedup: 1.000 / Efficiency: 100% / LogL: -6275
Threads: 2 / Time: 3.434 sec / Speedup: 1.166 / Efficiency: 58% / LogL: -6275
Threads: 3 / Time: 3.026 sec / Speedup: 1.323 / Efficiency: 44% / LogL: -6275
Determining AUTO threadcount: done in 10.4651 secs using 187.8% CPU
BEST NUMBER OF THREADS: 2

210  TN+F+I        5994.785     23  12035.571    12036.041    12168.296
Measuring multi-threading efficiency up to 4 CPU cores
Increase to 10 rounds for branch lengths
292 trees examined
Threads: 1 / Time: 4.008 sec / Speedup: 1.000 / Efficiency: 100% / LogL: -6282
Threads: 2 / Time: 2.889 sec / Speedup: 1.387 / Efficiency: 69% / LogL: -6282
Threads: 3 / Time: 2.409 sec / Speedup: 1.663 / Efficiency: 55% / LogL: -6282
Threads: 4 / Time: 2.677 sec / Speedup: 1.497 / Efficiency: 37% / LogL: -6282
Determining AUTO threadcount: done in 11.9834 secs using 225.8% CPU
BEST NUMBER OF THREADS: 3

211  TN+F+G4       5994.451     23  12034.902    12035.373    12167.627
Measuring multi-threading efficiency up to 4 CPU cores
Increase to 10 rounds for branch lengths
263 trees examined
Threads: 1 / Time: 4.005 sec / Speedup: 1.000 / Efficiency: 100% / LogL: -6245
Threads: 2 / Time: 2.903 sec / Speedup: 1.380 / Efficiency: 69% / LogL: -6245
Threads: 3 / Time: 2.487 sec / Speedup: 1.610 / Efficiency: 54% / LogL: -6245
Threads: 4 / Time: 2.587 sec / Speedup: 1.548 / Efficiency: 39% / LogL: -6245
Determining AUTO threadcount: done in 11.9822 secs using 225.1% CPU
BEST NUMBER OF THREADS: 3

212  TN+F+I+G4     5992.019     24  12032.038    12032.550    12170.534
Measuring multi-threading efficiency up to 4 CPU cores
Increase to 10 rounds for branch lengths
574 trees examined
Threads: 1 / Time: 4.006 sec / Speedup: 1.000 / Efficiency: 100% / LogL: -6454
Threads: 2 / Time: 2.925 sec / Speedup: 1.370 / Efficiency: 68% / LogL: -6454
Threads: 3 / Time: 2.670 sec / Speedup: 1.500 / Efficiency: 50% / LogL: -6454
Threads: 4 / Time: 3.427 sec / Speedup: 1.169 / Efficiency: 29% / LogL: -6454
Determining AUTO threadcount: done in 13.0304 secs using 232% CPU
BEST NUMBER OF THREADS: 3

213  TN+F+R2       5994.610     24  12037.220    12037.732    12175.716
Measuring multi-threading efficiency up to 4 CPU cores
Increase to 10 rounds for branch lengths
692 trees examined
Threads: 1 / Time: 4.004 sec / Speedup: 1.000 / Efficiency: 100% / LogL: -6318
Threads: 2 / Time: 3.222 sec / Speedup: 1.243 / Efficiency: 62% / LogL: -6318
Threads: 3 / Time: 3.069 sec / Speedup: 1.305 / Efficiency: 43% / LogL: -6318
Determining AUTO threadcount: done in 10.2953 secs using 186.9% CPU
BEST NUMBER OF THREADS: 2

223  TNe+I         6035.999     20  12111.999    12112.356    12227.412
Measuring multi-threading efficiency up to 4 CPU cores
Increase to 10 rounds for branch lengths
286 trees examined
Threads: 1 / Time: 4.006 sec / Speedup: 1.000 / Efficiency: 100% / LogL: -6284
Threads: 2 / Time: 2.860 sec / Speedup: 1.401 / Efficiency: 70% / LogL: -6284
Threads: 3 / Time: 2.443 sec / Speedup: 1.640 / Efficiency: 55% / LogL: -6284
Threads: 4 / Time: 2.701 sec / Speedup: 1.483 / Efficiency: 37% / LogL: -6284
Determining AUTO threadcount: done in 12.0108 secs using 226% CPU
BEST NUMBER OF THREADS: 3

224  TNe+G4        6035.856     20  12111.711    12112.069    12227.124
Measuring multi-threading efficiency up to 4 CPU cores
Increase to 10 rounds for branch lengths
262 trees examined
Threads: 1 / Time: 4.003 sec / Speedup: 1.000 / Efficiency: 100% / LogL: -6309
Threads: 2 / Time: 3.022 sec / Speedup: 1.324 / Efficiency: 66% / LogL: -6309
Threads: 3 / Time: 2.534 sec / Speedup: 1.580 / Efficiency: 53% / LogL: -6309
Threads: 4 / Time: 2.752 sec / Speedup: 1.454 / Efficiency: 36% / LogL: -6309
Determining AUTO threadcount: done in 12.3124 secs using 227% CPU
BEST NUMBER OF THREADS: 3

225  TNe+I+G4      6033.623     21  12109.246    12109.640    12230.430
Measuring multi-threading efficiency up to 4 CPU cores
Increase to 10 rounds for branch lengths
581 trees examined
Threads: 1 / Time: 4.006 sec / Speedup: 1.000 / Efficiency: 100% / LogL: -6526
Threads: 2 / Time: 2.919 sec / Speedup: 1.372 / Efficiency: 69% / LogL: -6526
Threads: 3 / Time: 2.757 sec / Speedup: 1.453 / Efficiency: 48% / LogL: -6526
Determining AUTO threadcount: done in 9.68273 secs using 183.8% CPU
BEST NUMBER OF THREADS: 2

226  TNe+R2        6035.844     21  12113.687    12114.081    12234.871
Measuring multi-threading efficiency up to 4 CPU cores
Increase to 10 rounds for branch lengths
688 trees examined
Threads: 1 / Time: 4.003 sec / Speedup: 1.000 / Efficiency: 100% / LogL: -6282
Threads: 2 / Time: 3.291 sec / Speedup: 1.216 / Efficiency: 61% / LogL: -6282
Threads: 3 / Time: 3.105 sec / Speedup: 1.289 / Efficiency: 43% / LogL: -6282
Determining AUTO threadcount: done in 10.3995 secs using 188.3% CPU
BEST NUMBER OF THREADS: 2

236  HKY+F+I       5995.134     22  12034.267    12034.698    12161.221
Measuring multi-threading efficiency up to 4 CPU cores
Increase to 10 rounds for branch lengths
285 trees examined
Threads: 1 / Time: 4.002 sec / Speedup: 1.000 / Efficiency: 100% / LogL: -6270
Threads: 2 / Time: 2.706 sec / Speedup: 1.479 / Efficiency: 74% / LogL: -6270
Threads: 3 / Time: 2.512 sec / Speedup: 1.593 / Efficiency: 53% / LogL: -6270
Threads: 4 / Time: 2.762 sec / Speedup: 1.449 / Efficiency: 36% / LogL: -6270
Determining AUTO threadcount: done in 11.9825 secs using 226.5% CPU
BEST NUMBER OF THREADS: 3

237  HKY+F+G4      5994.850     22  12033.701    12034.132    12160.655
Measuring multi-threading efficiency up to 4 CPU cores
Increase to 10 rounds for branch lengths
260 trees examined
Threads: 1 / Time: 4.003 sec / Speedup: 1.000 / Efficiency: 100% / LogL: -6261
Threads: 2 / Time: 2.900 sec / Speedup: 1.380 / Efficiency: 69% / LogL: -6261
Threads: 3 / Time: 2.518 sec / Speedup: 1.590 / Efficiency: 53% / LogL: -6261
Threads: 4 / Time: 2.695 sec / Speedup: 1.485 / Efficiency: 37% / LogL: -6261
Determining AUTO threadcount: done in 12.1168 secs using 226.2% CPU
BEST NUMBER OF THREADS: 3

238  HKY+F+I+G4    5992.605     23  12031.210    12031.681    12163.935
Measuring multi-threading efficiency up to 4 CPU cores
Increase to 10 rounds for branch lengths
575 trees examined
Threads: 1 / Time: 4.004 sec / Speedup: 1.000 / Efficiency: 100% / LogL: -6434
Threads: 2 / Time: 2.825 sec / Speedup: 1.417 / Efficiency: 71% / LogL: -6434
Threads: 3 / Time: 2.752 sec / Speedup: 1.455 / Efficiency: 48% / LogL: -6434
Determining AUTO threadcount: done in 9.58187 secs using 184.6% CPU
BEST NUMBER OF THREADS: 2

239  HKY+F+R2      5994.975     23  12035.950    12036.421    12168.675
Measuring multi-threading efficiency up to 4 CPU cores
Increase to 10 rounds for branch lengths
686 trees examined
Threads: 1 / Time: 4.001 sec / Speedup: 1.000 / Efficiency: 100% / LogL: -6327
Threads: 2 / Time: 3.128 sec / Speedup: 1.279 / Efficiency: 64% / LogL: -6327
Threads: 3 / Time: 2.937 sec / Speedup: 1.362 / Efficiency: 45% / LogL: -6327
Determining AUTO threadcount: done in 10.0666 secs using 186.3% CPU
BEST NUMBER OF THREADS: 2

249  K2P+I         6037.565     19  12113.130    12113.454    12222.772
Measuring multi-threading efficiency up to 4 CPU cores
Increase to 10 rounds for branch lengths
287 trees examined
Threads: 1 / Time: 4.003 sec / Speedup: 1.000 / Efficiency: 100% / LogL: -6234
Threads: 2 / Time: 2.700 sec / Speedup: 1.483 / Efficiency: 74% / LogL: -6234
Threads: 3 / Time: 2.495 sec / Speedup: 1.605 / Efficiency: 53% / LogL: -6234
Threads: 4 / Time: 2.650 sec / Speedup: 1.511 / Efficiency: 38% / LogL: -6234
Determining AUTO threadcount: done in 11.8486 secs using 226% CPU
BEST NUMBER OF THREADS: 3

250  K2P+G4        6037.510     19  12113.020    12113.344    12222.663
Measuring multi-threading efficiency up to 4 CPU cores
Increase to 10 rounds for branch lengths
257 trees examined
Threads: 1 / Time: 4.002 sec / Speedup: 1.000 / Efficiency: 100% / LogL: -6168
Threads: 2 / Time: 2.915 sec / Speedup: 1.373 / Efficiency: 69% / LogL: -6168
Threads: 3 / Time: 2.558 sec / Speedup: 1.565 / Efficiency: 52% / LogL: -6168
Threads: 4 / Time: 2.634 sec / Speedup: 1.519 / Efficiency: 38% / LogL: -6168
Determining AUTO threadcount: done in 12.1102 secs using 224.9% CPU
BEST NUMBER OF THREADS: 3

251  K2P+I+G4      6035.640     20  12111.280    12111.637    12226.693
Measuring multi-threading efficiency up to 4 CPU cores
Increase to 10 rounds for branch lengths
577 trees examined
Threads: 1 / Time: 4.004 sec / Speedup: 1.000 / Efficiency: 100% / LogL: -6529
Threads: 2 / Time: 3.031 sec / Speedup: 1.321 / Efficiency: 66% / LogL: -6529
Threads: 3 / Time: 2.647 sec / Speedup: 1.512 / Efficiency: 50% / LogL: -6529
Threads: 4 / Time: 2.971 sec / Speedup: 1.347 / Efficiency: 34% / LogL: -6529
Determining AUTO threadcount: done in 12.6542 secs using 228.9% CPU
BEST NUMBER OF THREADS: 3

252  K2P+R2        6037.445     20  12114.889    12115.247    12230.302
Measuring multi-threading efficiency up to 4 CPU cores
Increase to 10 rounds for branch lengths
725 trees examined
Threads: 1 / Time: 4.003 sec / Speedup: 1.000 / Efficiency: 100% / LogL: -6511
Threads: 2 / Time: 3.209 sec / Speedup: 1.248 / Efficiency: 62% / LogL: -6511
Threads: 3 / Time: 2.860 sec / Speedup: 1.400 / Efficiency: 47% / LogL: -6511
Determining AUTO threadcount: done in 10.072 secs using 185.7% CPU
BEST NUMBER OF THREADS: 2

262  F81+F+I       6183.098     21  12408.196    12408.590    12529.380
Measuring multi-threading efficiency up to 4 CPU cores
Increase to 10 rounds for branch lengths
308 trees examined
Threads: 1 / Time: 4.010 sec / Speedup: 1.000 / Efficiency: 100% / LogL: -6504
Threads: 2 / Time: 2.667 sec / Speedup: 1.503 / Efficiency: 75% / LogL: -6504
Threads: 3 / Time: 2.432 sec / Speedup: 1.649 / Efficiency: 55% / LogL: -6504
Threads: 4 / Time: 2.651 sec / Speedup: 1.513 / Efficiency: 38% / LogL: -6504
Determining AUTO threadcount: done in 11.7611 secs using 225.6% CPU
BEST NUMBER OF THREADS: 3

263  F81+F+G4      6182.940     21  12407.881    12408.274    12529.064
Measuring multi-threading efficiency up to 4 CPU cores
Increase to 10 rounds for branch lengths
276 trees examined
Threads: 1 / Time: 4.011 sec / Speedup: 1.000 / Efficiency: 100% / LogL: -6457
Threads: 2 / Time: 2.740 sec / Speedup: 1.463 / Efficiency: 73% / LogL: -6457
Threads: 3 / Time: 2.540 sec / Speedup: 1.579 / Efficiency: 53% / LogL: -6457
Threads: 4 / Time: 2.652 sec / Speedup: 1.512 / Efficiency: 38% / LogL: -6457
Determining AUTO threadcount: done in 11.9446 secs using 226.2% CPU
BEST NUMBER OF THREADS: 3

264  F81+F+I+G4    6182.251     22  12408.503    12408.934    12535.457
Measuring multi-threading efficiency up to 4 CPU cores
Increase to 10 rounds for branch lengths
602 trees examined
Threads: 1 / Time: 4.005 sec / Speedup: 1.000 / Efficiency: 100% / LogL: -6735
Threads: 2 / Time: 2.939 sec / Speedup: 1.363 / Efficiency: 68% / LogL: -6735
Threads: 3 / Time: 2.743 sec / Speedup: 1.460 / Efficiency: 49% / LogL: -6735
Determining AUTO threadcount: done in 9.68804 secs using 184.6% CPU
BEST NUMBER OF THREADS: 2

265  F81+F+R2      6183.016     22  12410.032    12410.464    12536.987
Measuring multi-threading efficiency up to 4 CPU cores
Increase to 10 rounds for branch lengths
719 trees examined
Threads: 1 / Time: 4.003 sec / Speedup: 1.000 / Efficiency: 100% / LogL: -6584
Threads: 2 / Time: 3.156 sec / Speedup: 1.268 / Efficiency: 63% / LogL: -6584
Threads: 3 / Time: 3.246 sec / Speedup: 1.233 / Efficiency: 41% / LogL: -6584
Determining AUTO threadcount: done in 10.4047 secs using 188.8% CPU
BEST NUMBER OF THREADS: 2

275  JC+I          6225.081     18  12486.161    12486.452    12590.033
Measuring multi-threading efficiency up to 4 CPU cores
Increase to 10 rounds for branch lengths
306 trees examined
Threads: 1 / Time: 4.005 sec / Speedup: 1.000 / Efficiency: 100% / LogL: -6581
Threads: 2 / Time: 2.820 sec / Speedup: 1.420 / Efficiency: 71% / LogL: -6581
Threads: 3 / Time: 2.473 sec / Speedup: 1.620 / Efficiency: 54% / LogL: -6581
Threads: 4 / Time: 2.664 sec / Speedup: 1.503 / Efficiency: 38% / LogL: -6581
Determining AUTO threadcount: done in 11.9637 secs using 225.9% CPU
BEST NUMBER OF THREADS: 3

276  JC+G4         6224.957     18  12485.913    12486.204    12589.785
Measuring multi-threading efficiency up to 4 CPU cores
Increase to 10 rounds for branch lengths
277 trees examined
Threads: 1 / Time: 4.023 sec / Speedup: 1.000 / Efficiency: 100% / LogL: -6565
Threads: 2 / Time: 2.801 sec / Speedup: 1.436 / Efficiency: 72% / LogL: -6565
Threads: 3 / Time: 2.537 sec / Speedup: 1.586 / Efficiency: 53% / LogL: -6565
Threads: 4 / Time: 2.672 sec / Speedup: 1.505 / Efficiency: 38% / LogL: -6565
Determining AUTO threadcount: done in 12.0338 secs using 226% CPU
BEST NUMBER OF THREADS: 3

277  JC+I+G4       6224.385     19  12486.770    12487.093    12596.412
Measuring multi-threading efficiency up to 4 CPU cores
Increase to 10 rounds for branch lengths
608 trees examined
Threads: 1 / Time: 4.002 sec / Speedup: 1.000 / Efficiency: 100% / LogL: -6694
Threads: 2 / Time: 2.964 sec / Speedup: 1.350 / Efficiency: 68% / LogL: -6694
Threads: 3 / Time: 2.730 sec / Speedup: 1.466 / Efficiency: 49% / LogL: -6694
Determining AUTO threadcount: done in 9.69606 secs using 184% CPU
BEST NUMBER OF THREADS: 2

278  JC+R2         6225.005     19  12488.011    12488.334    12597.653
Measuring multi-threading efficiency up to 4 CPU cores
Increase to 10 rounds for branch lengths
453 trees examined
Threads: 1 / Time: 4.007 sec / Speedup: 1.000 / Efficiency: 100% / LogL: -6534
Threads: 2 / Time: 3.811 sec / Speedup: 1.051 / Efficiency: 53% / LogL: -6534
Threads: 3 / Time: 3.625 sec / Speedup: 1.105 / Efficiency: 37% / LogL: -6534
Determining AUTO threadcount: done in 11.4439 secs using 193.4% CPU
BEST NUMBER OF THREADS: 1

288  UNREST+FO+I   5968.483     30  11996.967    11997.762    12170.086
Measuring multi-threading efficiency up to 4 CPU cores
Increase to 10 rounds for branch lengths
161 trees examined
Threads: 1 / Time: 4.001 sec / Speedup: 1.000 / Efficiency: 100% / LogL: -6572
Threads: 2 / Time: 3.436 sec / Speedup: 1.164 / Efficiency: 58% / LogL: -6572
Threads: 3 / Time: 2.846 sec / Speedup: 1.406 / Efficiency: 47% / LogL: -6572
Determining AUTO threadcount: done in 10.2829 secs using 187.4% CPU
BEST NUMBER OF THREADS: 2

289  UNREST+FO+G4  5968.249     30  11996.498    11997.293    12169.617
Measuring multi-threading efficiency up to 4 CPU cores
Increase to 10 rounds for branch lengths
146 trees examined
Threads: 1 / Time: 4.001 sec / Speedup: 1.000 / Efficiency: 100% / LogL: -6548
Threads: 2 / Time: 3.398 sec / Speedup: 1.177 / Efficiency: 59% / LogL: -6548
Threads: 3 / Time: 2.867 sec / Speedup: 1.395 / Efficiency: 47% / LogL: -6548
Determining AUTO threadcount: done in 10.2664 secs using 187.7% CPU
BEST NUMBER OF THREADS: 2

290  UNREST+FO+I+G4 5965.363     31  11992.727    11993.575    12171.617
Measuring multi-threading efficiency up to 4 CPU cores
Increase to 10 rounds for branch lengths
340 trees examined
Threads: 1 / Time: 4.008 sec / Speedup: 1.000 / Efficiency: 100% / LogL: -6788
Threads: 2 / Time: 3.731 sec / Speedup: 1.074 / Efficiency: 54% / LogL: -6788
Threads: 3 / Time: 3.067 sec / Speedup: 1.307 / Efficiency: 44% / LogL: -6788
Determining AUTO threadcount: done in 10.8067 secs using 189.6% CPU
BEST NUMBER OF THREADS: 2

291  UNREST+FO+R2  5966.008     31  11994.016    11994.865    12172.906
Akaike Information Criterion:           UNREST+FO+I+G4
Corrected Akaike Information Criterion: UNREST+FO+I+G4
Bayesian Information Criterion:         TPM3u+F+G4
Best-fit model: TPM3u+F+G4 chosen according to BIC

All model information printed to FOXP2.model.gz
CPU time for ModelFinder: 2233.351 seconds (0h:37m:13s)
Wall-clock time for ModelFinder: 1066.340 seconds (0h:17m:46s)

NOTE: 0 MB RAM (0 GB) is required!
Measuring multi-threading efficiency up to 4 CPU cores
Increase to 10 rounds for branch lengths
358 trees examined
Threads: 1 / Time: 4.008 sec / Speedup: 1.000 / Efficiency: 100% / LogL: -6521
Threads: 2 / Time: 2.845 sec / Speedup: 1.408 / Efficiency: 70% / LogL: -6521
Threads: 3 / Time: 2.447 sec / Speedup: 1.638 / Efficiency: 55% / LogL: -6521
Threads: 4 / Time: 2.668 sec / Speedup: 1.502 / Efficiency: 38% / LogL: -6521
Determining AUTO threadcount: done in 11.9689 secs using 225.8% CPU
BEST NUMBER OF THREADS: 3

Estimate model parameters (epsilon = 0.100)
1. Initial log-likelihood: -5990.040
Optimal log-likelihood: -5990.040
Rate parameters:  A-C: 1.92767  A-G: 9.84907  A-T: 1.00000  C-G: 1.92767  C-T: 9.84907  G-T: 1.00000
Base frequencies:  A: 0.307  C: 0.268  G: 0.227  T: 0.198
Gamma shape alpha: 0.085
Parameters optimization took 1 rounds (0.006 sec)
Wrote distance file to... 
Computing ML distances based on estimated model parameters...
Calculating distance matrix: done in 0.000789624 secs using 307.4% CPU
Computing ML distances took 0.000965 sec (of wall-clock time) 0.002676 sec (of CPU time)
Setting up auxiliary I and S matrices: done in 0.000513081 secs using 182% CPU
Constructing RapidNJ tree: done in 0.00352854 secs using 210.4% CPU
Computing RapidNJ tree took 0.004869 sec (of wall-clock time) 0.008965 sec (of CPU time)
Log-likelihood of RapidNJ tree: -6021.873
--------------------------------------------------------------------
|             INITIALIZING CANDIDATE TREE SET                      |
--------------------------------------------------------------------
Generating 98 parsimony trees... 0.045 second
Computing log-likelihood of 98 initial trees ... 0.250 seconds
Current best score: -5990.040

Do NNI search on 20 best initial trees
Optimizing NNI: done in 0.00762973 secs using 304.1% CPU
Estimate model parameters (epsilon = 0.100)
BETTER TREE FOUND at iteration 1: -5990.040
Optimizing NNI: done in 0.0319492 secs using 287.6% CPU
Optimizing NNI: done in 0.0325573 secs using 296.3% CPU
Optimizing NNI: done in 0.0329849 secs using 295.4% CPU
Optimizing NNI: done in 0.0618359 secs using 300.9% CPU
Optimizing NNI: done in 0.0566908 secs using 297.1% CPU
Optimizing NNI: done in 0.0739658 secs using 299.9% CPU
Optimizing NNI: done in 0.0915998 secs using 277.8% CPU
Optimizing NNI: done in 0.0502846 secs using 290.6% CPU
Optimizing NNI: done in 0.0430298 secs using 285.5% CPU
Iteration 10 / LogL: -5990.043 / Time: 0h:0m:12s
Optimizing NNI: done in 0.0417516 secs using 291.4% CPU
Optimizing NNI: done in 0.0533494 secs using 299.9% CPU
Optimizing NNI: done in 0.034095 secs using 287.2% CPU
Optimizing NNI: done in 0.0675174 secs using 295.2% CPU
Optimizing NNI: done in 0.0655907 secs using 259% CPU
Optimizing NNI: done in 0.0522334 secs using 283.4% CPU
Optimizing NNI: done in 0.0683127 secs using 298.7% CPU
Optimizing NNI: done in 0.0616964 secs using 280.7% CPU
Optimizing NNI: done in 0.0440021 secs using 298.9% CPU
Optimizing NNI: done in 0.0521834 secs using 314.2% CPU
Iteration 20 / LogL: -5990.081 / Time: 0h:0m:13s
Finish initializing candidate tree set (2)
Current best tree score: -5990.040 / CPU time: 1.342
Number of iterations: 20
--------------------------------------------------------------------
|               OPTIMIZING CANDIDATE TREE SET                      |
--------------------------------------------------------------------
Optimizing NNI: done in 0.0255089 secs using 299.2% CPU
Optimizing NNI: done in 0.025215 secs using 290% CPU
Optimizing NNI: done in 0.0147118 secs using 317.3% CPU
Optimizing NNI: done in 0.0324349 secs using 297% CPU
Optimizing NNI: done in 0.0322626 secs using 286% CPU
Optimizing NNI: done in 0.0349534 secs using 305.5% CPU
Optimizing NNI: done in 0.0163126 secs using 295.9% CPU
Optimizing NNI: done in 0.0428851 secs using 305% CPU
Optimizing NNI: done in 0.025517 secs using 319.1% CPU
Optimizing NNI: done in 0.0158156 secs using 302.1% CPU
Iteration 30 / LogL: -5991.284 / Time: 0h:0m:13s (0h:0m:33s left)
Optimizing NNI: done in 0.0232205 secs using 288.1% CPU
Optimizing NNI: done in 0.0234134 secs using 304.8% CPU
Optimizing NNI: done in 0.017576 secs using 327.2% CPU
Optimizing NNI: done in 0.016787 secs using 290.3% CPU
Optimizing NNI: done in 0.0141168 secs using 326.6% CPU
Optimizing NNI: done in 0.0258802 secs using 300.8% CPU
Optimizing NNI: done in 0.0165598 secs using 268.8% CPU
Optimizing NNI: done in 0.0236766 secs using 302.4% CPU
Optimizing NNI: done in 0.0357371 secs using 301.3% CPU
Optimizing NNI: done in 0.0397235 secs using 291.1% CPU
Iteration 40 / LogL: -5990.090 / Time: 0h:0m:13s (0h:0m:21s left)
Optimizing NNI: done in 0.0264604 secs using 278.2% CPU
Optimizing NNI: done in 0.0331459 secs using 292.8% CPU
Optimizing NNI: done in 0.0215227 secs using 322.8% CPU
Optimizing NNI: done in 0.025989 secs using 284.5% CPU
Optimizing NNI: done in 0.0171256 secs using 286.4% CPU
Optimizing NNI: done in 0.0350579 secs using 293.9% CPU
Optimizing NNI: done in 0.0170971 secs using 286.9% CPU
Optimizing NNI: done in 0.0151902 secs using 231.5% CPU
Optimizing NNI: done in 0.0266196 secs using 265% CPU
Optimizing NNI: done in 0.0330769 secs using 293.3% CPU
Iteration 50 / LogL: -5990.087 / Time: 0h:0m:14s (0h:0m:14s left)
Optimizing NNI: done in 0.0157584 secs using 263.9% CPU
Optimizing NNI: done in 0.02656 secs using 295.6% CPU
Optimizing NNI: done in 0.0242803 secs using 297.4% CPU
Optimizing NNI: done in 0.0258913 secs using 285.2% CPU
Optimizing NNI: done in 0.0338473 secs using 312.6% CPU
Optimizing NNI: done in 0.0171506 secs using 286.3% CPU
Optimizing NNI: done in 0.0166833 secs using 267.3% CPU
Optimizing NNI: done in 0.0282694 secs using 297.8% CPU
Optimizing NNI: done in 0.025054 secs using 323.2% CPU
Optimizing NNI: done in 0.0255801 secs using 287.5% CPU
Iteration 60 / LogL: -5990.045 / Time: 0h:0m:14s (0h:0m:9s left)
Optimizing NNI: done in 0.0387357 secs using 297.5% CPU
Optimizing NNI: done in 0.0235193 secs using 303.9% CPU
Optimizing NNI: done in 0.0252433 secs using 289.8% CPU
Optimizing NNI: done in 0.0265927 secs using 309.8% CPU
Optimizing NNI: done in 0.0150824 secs using 311.9% CPU
Optimizing NNI: done in 0.039732 secs using 301.2% CPU
Optimizing NNI: done in 0.0264583 secs using 311.4% CPU
Optimizing NNI: done in 0.0131905 secs using 281.7% CPU
Optimizing NNI: done in 0.0333695 secs using 291.6% CPU
Optimizing NNI: done in 0.0311349 secs using 305.4% CPU
Iteration 70 / LogL: -5990.042 / Time: 0h:0m:14s (0h:0m:6s left)
Optimizing NNI: done in 0.0230664 secs using 296.2% CPU
Optimizing NNI: done in 0.0336319 secs using 313.9% CPU
Optimizing NNI: done in 0.0319804 secs using 299.9% CPU
Optimizing NNI: done in 0.0210182 secs using 271.2% CPU
Optimizing NNI: done in 0.0230241 secs using 273.5% CPU
Optimizing NNI: done in 0.031218 secs using 262.9% CPU
Optimizing NNI: done in 0.0344401 secs using 270.1% CPU
Optimizing NNI: done in 0.0165621 secs using 292.8% CPU
Optimizing NNI: done in 0.0402509 secs using 298.5% CPU
Optimizing NNI: done in 0.0400539 secs using 299.5% CPU
Iteration 80 / LogL: -5990.051 / Time: 0h:0m:14s (0h:0m:3s left)
Optimizing NNI: done in 0.0169195 secs using 285.4% CPU
Optimizing NNI: done in 0.0387976 secs using 306% CPU
Optimizing NNI: done in 0.0337904 secs using 301.1% CPU
Optimizing NNI: done in 0.0336304 secs using 289.9% CPU
Optimizing NNI: done in 0.0332437 secs using 292.4% CPU
Optimizing NNI: done in 0.0363559 secs using 286.8% CPU
Optimizing NNI: done in 0.0329779 secs using 318% CPU
Optimizing NNI: done in 0.0212591 secs using 287.9% CPU
Optimizing NNI: done in 0.0260295 secs using 315% CPU
Optimizing NNI: done in 0.0341515 secs using 310.5% CPU
Iteration 90 / LogL: -5990.077 / Time: 0h:0m:15s (0h:0m:1s left)
Optimizing NNI: done in 0.0354017 secs using 292.7% CPU
Optimizing NNI: done in 0.0310297 secs using 305.5% CPU
Optimizing NNI: done in 0.0210699 secs using 289.6% CPU
Optimizing NNI: done in 0.0336213 secs using 274.3% CPU
Optimizing NNI: done in 0.0360887 secs using 295.8% CPU
Optimizing NNI: done in 0.0214814 secs using 285.9% CPU
Optimizing NNI: done in 0.0410849 secs using 313% CPU
Optimizing NNI: done in 0.0347296 secs using 272.7% CPU
Optimizing NNI: done in 0.0167781 secs using 290.2% CPU
Optimizing NNI: done in 0.0335359 secs using 314.4% CPU
Iteration 100 / LogL: -5990.126 / Time: 0h:0m:15s (0h:0m:0s left)
Optimizing NNI: done in 0.0149522 secs using 300.1% CPU
Optimizing NNI: done in 0.0595276 secs using 239.9% CPU
TREE SEARCH COMPLETED AFTER 102 ITERATIONS / Time: 0h:0m:15s

--------------------------------------------------------------------
|                    FINALIZING TREE SEARCH                        |
--------------------------------------------------------------------
Performs final model parameters optimization
Estimate model parameters (epsilon = 0.010)
1. Initial log-likelihood: -5990.040
Optimal log-likelihood: -5990.040
Rate parameters:  A-C: 1.92720  A-G: 9.85230  A-T: 1.00000  C-G: 1.92720  C-T: 9.85230  G-T: 1.00000
Base frequencies:  A: 0.307  C: 0.268  G: 0.227  T: 0.198
Gamma shape alpha: 0.085
Parameters optimization took 1 rounds (0.009 sec)
BEST SCORE FOUND : -5990.040
Total tree length: 0.280

Total number of iterations: 102
CPU time used for tree search: 10.677 sec (0h:0m:10s)
Wall-clock time used for tree search: 3.673 sec (0h:0m:3s)
Total CPU time used: 37.833 sec (0h:0m:37s)
Total wall-clock time used: 15.705 sec (0h:0m:15s)

Analysis results written to: 
  IQ-TREE report:                FOXP2.iqtree
  Maximum-likelihood tree:       FOXP2.treefile
  Likelihood distances:          FOXP2.mldist
  Screen log file:               FOXP2.log

Date and Time: Tue Jun  4 14:16:05 2024
