IQ-TREE multicore version 1.6.12 for Linux 64-bit built Aug 15 2019
Developed by Bui Quang Minh, Nguyen Lam Tung, Olga Chernomor,
Heiko Schmidt, Dominik Schrempf, Michael Woodhams.

Host:    meselson (SSE3, 15 GB RAM)
Command: ../../iqtree -s MYL1_nuc_aligned.fasta -st DNA -m TEST
Seed:    306140 (Using SPRNG - Scalable Parallel Random Number Generator)
Time:    Sat Jun 15 04:01:12 2024
Kernel:  SSE2 - 1 threads (8 CPU cores detected)

HINT: Use -nt option to specify number of threads because your CPU has 8 cores!
HINT: -nt AUTO will automatically determine the best number of threads to use.

Reading alignment file MYL1_nuc_aligned.fasta ... Fasta format detected
Alignment most likely contains DNA/RNA sequences
Alignment has 28 sequences with 684 columns, 145 distinct patterns
46 parsimony-informative, 32 singleton sites, 606 constant sites
       Gap/Ambiguity  Composition  p-value
   1  Naasi    1.75%    passed     99.75%
   2  Psin     2.19%    passed     99.92%
   3  Bmus     0.44%    passed     97.94%
   4  Kbre     1.02%    passed     99.02%
   5  Bbon    11.70%    passed     90.18%
   6  Ccom    22.66%    passed     95.11%
   7  Chea     2.78%    passed     97.10%
   8  Cmar     4.53%    passed     92.17%
   9  Erob     7.75%    passed     91.96%
  10  Hamp     0.15%    passed     83.30%
  11  Igeo    27.34%    passed     93.15%
  12  Ksim    19.59%    passed     97.19%
  13  Laus    17.11%    passed     93.60%
  14  Lbor    16.52%    passed     92.20%
  15  Meur    18.71%    passed     96.11%
  16  Mgin    11.40%    passed     82.15%
  17  Npho    23.25%    passed     30.05%
  18  Obre     0.88%    passed     99.85%
  19  Ohei    16.52%    passed     91.29%
  20  Pbla     1.75%    passed     98.55%
  21  Pcra    16.81%    passed     80.04%
  22  Pmac    22.37%    passed     49.32%
  23  Ppho    21.35%    passed     96.01%
  24  Pspi    23.25%    passed     90.98%
  25  Schi    13.30%    passed     80.75%
  26  Sflu     0.88%    passed     99.54%
  27  Tadu    15.06%    passed     92.66%
  28  Zcav    13.60%    passed     78.22%
****  TOTAL   11.95%  0 sequences failed composition chi2 test (p-value<5%; df=3)


Create initial parsimony tree by phylogenetic likelihood library (PLL)... 0.002 seconds
NOTE: ModelFinder requires 0 MB RAM!
ModelFinder will test 88 DNA models (sample size: 684) ...
 No. Model         -LnL         df  AIC          AICc         BIC
  1  JC            1686.317     53  3478.634     3487.719     3718.615
  2  JC+I          1662.835     54  3433.669     3443.113     3678.179
  3  JC+G4         1663.027     54  3434.054     3443.498     3678.564
  4  JC+I+G4       1662.403     55  3434.806     3444.615     3683.844
  5  F81+F         1682.214     56  3476.429     3486.611     3729.994
  6  F81+F+I       1658.606     57  3431.212     3441.774     3689.305
  7  F81+F+G4      1658.811     57  3431.623     3442.185     3689.716
  8  F81+F+I+G4    1658.164     58  3432.327     3443.278     3694.949
  9  K2P           1677.319     54  3462.638     3472.081     3707.147
 10  K2P+I         1653.236     55  3416.472     3426.281     3665.510
 11  K2P+G4        1653.504     55  3417.008     3426.817     3666.045
 12  K2P+I+G4      1652.735     56  3417.470     3427.652     3671.035
 13  HKY+F         1673.064     57  3460.127     3470.690     3718.221
 14  HKY+F+I       1648.706     58  3413.413     3424.363     3676.034
 15  HKY+F+G4      1649.008     58  3414.016     3424.966     3676.637
 16  HKY+F+I+G4    1648.191     59  3414.381     3425.727     3681.531
 17  TNe           1676.573     55  3463.146     3472.955     3712.183
 18  TNe+I         1653.011     56  3418.023     3428.205     3671.589
 19  TNe+G4        1653.223     56  3418.445     3428.627     3672.011
 20  TNe+I+G4      1652.445     57  3418.890     3429.453     3676.984
 21  TN+F          1672.270     58  3460.539     3471.489     3723.161
 22  TN+F+I        1648.468     59  3414.936     3426.282     3682.085
 23  TN+F+G4       1648.705     59  3415.411     3426.757     3682.560
 24  TN+F+I+G4     1647.878     60  3415.756     3427.505     3687.433
 25  K3P           1670.632     55  3451.264     3461.073     3700.302
 26  K3P+I         1646.558     56  3405.116     3415.298     3658.682
 27  K3P+G4        1646.824     56  3405.648     3415.830     3659.214
 28  K3P+I+G4      1646.007     57  3406.015     3416.577     3664.109
 29  K3Pu+F        1666.543     58  3449.087     3460.037     3711.709
 30  K3Pu+F+I      1642.301     59  3402.602     3413.948     3669.751
 31  K3Pu+F+G4     1642.589     59  3403.177     3414.523     3670.327
 32  K3Pu+F+I+G4   1641.745     60  3403.491     3415.240     3675.168
 33  TPM2+F        1670.982     58  3457.964     3468.914     3720.585
 34  TPM2+F+I      1647.004     59  3412.008     3423.354     3679.157
 35  TPM2+F+G4     1647.255     59  3412.509     3423.855     3679.659
 36  TPM2+F+I+G4   1646.446     60  3412.892     3424.642     3684.570
 37  TPM2u+F       1670.982     58  3457.963     3468.913     3720.585
 38  TPM2u+F+I     1647.004     59  3412.007     3423.353     3679.157
 39  TPM2u+F+G4    1647.254     59  3412.509     3423.855     3679.658
 40  TPM2u+F+I+G4  1646.446     60  3412.892     3424.641     3684.569
 41  TPM3+F        1670.445     58  3456.889     3467.839     3719.511
 42  TPM3+F+I      1646.294     59  3410.588     3421.934     3677.737
 43  TPM3+F+G4     1646.559     59  3411.117     3422.463     3678.267
 44  TPM3+F+I+G4   1645.842     60  3411.683     3423.433     3683.361
 45  TPM3u+F       1670.445     58  3456.890     3467.840     3719.511
 46  TPM3u+F+I     1646.293     59  3410.587     3421.933     3677.736
 47  TPM3u+F+G4    1646.558     59  3411.117     3422.463     3678.266
 48  TPM3u+F+I+G4  1645.841     60  3411.682     3423.432     3683.360
 49  TIMe          1669.887     56  3451.773     3461.955     3705.339
 50  TIMe+I        1646.335     57  3406.670     3417.232     3664.763
 51  TIMe+G4       1646.544     57  3407.088     3417.651     3665.182
 52  TIMe+I+G4     1645.716     58  3407.433     3418.383     3670.054
 53  TIM+F         1665.750     59  3449.501     3460.847     3716.650
 54  TIM+F+I       1642.063     60  3404.125     3415.875     3675.803
 55  TIM+F+G4      1642.288     60  3404.576     3416.326     3676.253
 56  TIM+F+I+G4    1641.432     61  3404.864     3417.024     3681.069
 57  TIM2e         1673.733     56  3459.466     3469.648     3713.032
 58  TIM2e+I       1650.374     57  3414.748     3425.310     3672.842
 59  TIM2e+G4      1650.548     57  3415.097     3425.659     3673.190
 60  TIM2e+I+G4    1649.764     58  3415.527     3426.478     3678.149
 61  TIM2+F        1670.188     59  3458.375     3469.722     3725.525
 62  TIM2+F+I      1646.741     60  3413.482     3425.232     3685.159
 63  TIM2+F+G4     1646.933     60  3413.865     3425.615     3685.543
 64  TIM2+F+I+G4   1646.110     61  3414.220     3426.381     3690.426
 65  TIM3e         1673.364     56  3458.728     3468.910     3712.294
 66  TIM3e+I       1649.969     57  3413.939     3424.501     3672.032
 67  TIM3e+G4      1650.143     57  3414.285     3424.847     3672.379
 68  TIM3e+I+G4    1649.455     58  3414.911     3425.861     3677.532
 69  TIM3+F        1669.650     59  3457.300     3468.646     3724.449
 70  TIM3+F+I      1646.064     60  3412.128     3423.878     3683.806
 71  TIM3+F+G4     1646.269     60  3412.539     3424.288     3684.216
 72  TIM3+F+I+G4   1645.544     61  3413.088     3425.248     3689.293
 73  TVMe          1666.980     57  3447.961     3458.523     3706.054
 74  TVMe+I        1643.242     58  3402.485     3413.435     3665.106
 75  TVMe+G4       1643.436     58  3402.872     3413.823     3665.494
 76  TVMe+I+G4     1642.686     59  3403.373     3414.719     3670.522
 77  TVM+F         1664.114     60  3448.227     3459.977     3719.905
 78  TVM+F+I       1640.315     61  3402.630     3414.791     3678.836
 79  TVM+F+G4      1640.537     61  3403.073     3415.234     3679.279
 80  TVM+F+I+G4    1639.768     62  3403.536     3416.116     3684.270
 81  SYM           1666.237     58  3448.474     3459.424     3711.095
 82  SYM+I         1643.016     59  3404.032     3415.378     3671.182
 83  SYM+G4        1643.163     59  3404.327     3415.673     3671.476
 84  SYM+I+G4      1642.407     60  3404.813     3416.563     3676.491
 85  GTR+F         1663.324     61  3448.647     3460.808     3724.853
 86  GTR+F+I       1640.069     62  3404.138     3416.717     3684.871
 87  GTR+F+G4      1640.236     62  3404.472     3417.052     3685.206
 88  GTR+F+I+G4    1639.456     63  3404.913     3417.919     3690.174
Akaike Information Criterion:           TVMe+I
Corrected Akaike Information Criterion: TVMe+I
Bayesian Information Criterion:         K3P+I
Best-fit model: K3P+I chosen according to BIC

All model information printed to MYL1_nuc_aligned.fasta.model.gz
CPU time for ModelFinder: 1.237 seconds (0h:0m:1s)
Wall-clock time for ModelFinder: 1.497 seconds (0h:0m:1s)

NOTE: 0 MB RAM (0 GB) is required!
Estimate model parameters (epsilon = 0.100)
1. Initial log-likelihood: -1673.763
2. Current log-likelihood: -1646.696
3. Current log-likelihood: -1646.558
Optimal log-likelihood: -1646.558
Rate parameters:  A-C: 1.00000  A-G: 1.56493  A-T: 0.29798  C-G: 0.29798  C-T: 1.56493  G-T: 1.00000
Base frequencies:  A: 0.250  C: 0.250  G: 0.250  T: 0.250
Proportion of invariable sites: 0.779
Parameters optimization took 3 rounds (0.020 sec)
Computing ML distances based on estimated model parameters... 0.006 sec
Computing BIONJ tree...
0.040 seconds
Log-likelihood of BIONJ tree: -1653.230
--------------------------------------------------------------------
|             INITIALIZING CANDIDATE TREE SET                      |
--------------------------------------------------------------------
Generating 98 parsimony trees... 0.153 second
Computing log-likelihood of 98 initial trees ... 0.349 seconds
Current best score: -1645.122

Do NNI search on 20 best initial trees
Estimate model parameters (epsilon = 0.100)
BETTER TREE FOUND at iteration 1: -1645.117
BETTER TREE FOUND at iteration 2: -1645.117
Iteration 10 / LogL: -1645.460 / Time: 0h:0m:0s
BETTER TREE FOUND at iteration 12: -1645.117
Iteration 20 / LogL: -1645.119 / Time: 0h:0m:1s
Finish initializing candidate tree set (19)
Current best tree score: -1645.117 / CPU time: 1.020
Number of iterations: 20
--------------------------------------------------------------------
|               OPTIMIZING CANDIDATE TREE SET                      |
--------------------------------------------------------------------
UPDATE BEST LOG-LIKELIHOOD: -1645.117
BETTER TREE FOUND at iteration 23: -1645.116
Iteration 30 / LogL: -1645.116 / Time: 0h:0m:1s (0h:0m:5s left)
Iteration 40 / LogL: -1645.116 / Time: 0h:0m:2s (0h:0m:4s left)
Iteration 50 / LogL: -1649.162 / Time: 0h:0m:2s (0h:0m:3s left)
UPDATE BEST LOG-LIKELIHOOD: -1645.116
UPDATE BEST LOG-LIKELIHOOD: -1645.116
Iteration 60 / LogL: -1645.116 / Time: 0h:0m:2s (0h:0m:3s left)
UPDATE BEST LOG-LIKELIHOOD: -1645.116
Iteration 70 / LogL: -1645.117 / Time: 0h:0m:3s (0h:0m:2s left)
Iteration 80 / LogL: -1645.116 / Time: 0h:0m:3s (0h:0m:2s left)
Iteration 90 / LogL: -1646.554 / Time: 0h:0m:4s (0h:0m:1s left)
BETTER TREE FOUND at iteration 98: -1645.116
Iteration 100 / LogL: -1645.116 / Time: 0h:0m:4s (0h:0m:4s left)
Iteration 110 / LogL: -1645.117 / Time: 0h:0m:4s (0h:0m:3s left)
UPDATE BEST LOG-LIKELIHOOD: -1645.116
Iteration 120 / LogL: -1645.116 / Time: 0h:0m:5s (0h:0m:3s left)
BETTER TREE FOUND at iteration 127: -1645.116
Iteration 130 / LogL: -1645.116 / Time: 0h:0m:5s (0h:0m:4s left)
UPDATE BEST LOG-LIKELIHOOD: -1645.116
Iteration 140 / LogL: -1645.460 / Time: 0h:0m:6s (0h:0m:3s left)
Iteration 150 / LogL: -1646.553 / Time: 0h:0m:6s (0h:0m:3s left)
Iteration 160 / LogL: -1645.116 / Time: 0h:0m:6s (0h:0m:2s left)
Iteration 170 / LogL: -1645.116 / Time: 0h:0m:7s (0h:0m:2s left)
Iteration 180 / LogL: -1645.116 / Time: 0h:0m:7s (0h:0m:1s left)
Iteration 190 / LogL: -1645.116 / Time: 0h:0m:7s (0h:0m:1s left)
Iteration 200 / LogL: -1645.116 / Time: 0h:0m:8s (0h:0m:1s left)
UPDATE BEST LOG-LIKELIHOOD: -1645.116
UPDATE BEST LOG-LIKELIHOOD: -1645.115
Iteration 210 / LogL: -1645.116 / Time: 0h:0m:8s (0h:0m:0s left)
Iteration 220 / LogL: -1650.821 / Time: 0h:0m:8s (0h:0m:0s left)
UPDATE BEST LOG-LIKELIHOOD: -1645.115
TREE SEARCH COMPLETED AFTER 228 ITERATIONS / Time: 0h:0m:9s

--------------------------------------------------------------------
|                    FINALIZING TREE SEARCH                        |
--------------------------------------------------------------------
Performs final model parameters optimization
Estimate model parameters (epsilon = 0.010)
1. Initial log-likelihood: -1645.115
Optimal log-likelihood: -1645.115
Rate parameters:  A-C: 1.00000  A-G: 1.56458  A-T: 0.29786  C-G: 0.29786  C-T: 1.56458  G-T: 1.00000
Base frequencies:  A: 0.250  C: 0.250  G: 0.250  T: 0.250
Proportion of invariable sites: 0.778
Parameters optimization took 1 rounds (0.005 sec)
BEST SCORE FOUND : -1645.115
Total tree length: 0.175

Total number of iterations: 228
CPU time used for tree search: 8.183 sec (0h:0m:8s)
Wall-clock time used for tree search: 8.947 sec (0h:0m:8s)
Total CPU time used: 8.235 sec (0h:0m:8s)
Total wall-clock time used: 9.248 sec (0h:0m:9s)

Analysis results written to: 
  IQ-TREE report:                MYL1_nuc_aligned.fasta.iqtree
  Maximum-likelihood tree:       MYL1_nuc_aligned.fasta.treefile
  Likelihood distances:          MYL1_nuc_aligned.fasta.mldist
  Screen log file:               MYL1_nuc_aligned.fasta.log

Date and Time: Sat Jun 15 04:01:23 2024
